AutoDock-GPU version: v1.6-7-ga46ab564d2ac5f1a1523f65239b43505a1c29364-dirty

Using 1 OpenMP threads

Running 3 docking calculations

Cuda device:                              NVIDIA A100-SXM4-40GB
Available memory on device:               39916 MB (total: 40339 MB)

CUDA Setup time 0.231747s
(Thread 0 is setting up Job #1)

Running Job #1:
    Device: NVIDIA A100-SXM4-40GB
    Grid map file: ./protein.maps.fld
    Ligand file: ./ligand_1_1.pdbqt
    Output file: docking_result_1.dlg (+ xml)
    Using heuristics: (capped) number of evaluations set to 2068966
    Local-search chosen method is: ADADELTA (ad)

Rest of Setup time 0.309886s

Executing docking runs, stopping automatically after either reaching 0.15 kcal/mol standard deviation of
the best molecules of the last 4 * 5 generations, 42000 generations, or 2068966 evaluations:

Generations |  Evaluations |     Threshold    |  Average energy of best 10%  | Samples | Best Inter + Intra
------------+--------------+------------------+------------------------------+---------+-------------------
          0 |          150 |   -2.40 kcal/mol |   -3.09 +/-    0.19 kcal/mol |       4 |   -3.39 kcal/mol
          5 |       111657 |   -2.40 kcal/mol |   -4.99 +/-    1.42 kcal/mol |     733 |   -9.90 kcal/mol
         10 |       225771 |   -4.96 kcal/mol |   -9.02 +/-    0.91 kcal/mol |      44 |  -11.12 kcal/mol
         15 |       345867 |   -8.71 kcal/mol |  -11.15 +/-    0.41 kcal/mol |       9 |  -12.14 kcal/mol
         20 |       463223 |  -10.47 kcal/mol |  -11.71 +/-    0.30 kcal/mol |       4 |  -12.14 kcal/mol
         25 |       582066 |  -10.60 kcal/mol |  -11.79 +/-    0.27 kcal/mol |       5 |  -12.15 kcal/mol
         30 |       702835 |  -10.98 kcal/mol |  -11.93 +/-    0.19 kcal/mol |       6 |  -12.20 kcal/mol
         35 |       823619 |  -11.47 kcal/mol |  -11.99 +/-    0.13 kcal/mol |       4 |  -12.20 kcal/mol
         40 |       947199 |  -11.51 kcal/mol |  -12.04 +/-    0.24 kcal/mol |       5 |  -12.52 kcal/mol
         45 |      1068666 |  -11.31 kcal/mol |  -12.16 +/-    0.27 kcal/mol |       8 |  -12.52 kcal/mol
         50 |      1189200 |  -11.64 kcal/mol |  -12.28 +/-    0.23 kcal/mol |       4 |  -12.52 kcal/mol
         55 |      1308631 |  -11.41 kcal/mol |  -12.08 +/-    0.28 kcal/mol |      12 |  -12.77 kcal/mol
         60 |      1428193 |  -11.73 kcal/mol |  -12.45 +/-    0.28 kcal/mol |       4 |  -12.82 kcal/mol
         65 |      1548667 |  -11.41 kcal/mol |  -12.27 +/-    0.26 kcal/mol |       9 |  -12.82 kcal/mol
         70 |      1668493 |  -11.83 kcal/mol |  -12.33 +/-    0.22 kcal/mol |       9 |  -12.82 kcal/mol
         75 |      1788115 |  -11.96 kcal/mol |  -12.32 +/-    0.25 kcal/mol |       8 |  -12.82 kcal/mol
         80 |      1908485 |  -11.86 kcal/mol |  -12.67 +/-    0.21 kcal/mol |       4 |  -12.86 kcal/mol
         85 |      2030708 |  -11.87 kcal/mol |  -12.58 +/-    0.21 kcal/mol |       5 |  -12.86 kcal/mol
         87 |      2077903 |  -11.96 kcal/mol |  -12.67 +/-    0.20 kcal/mol |       8 |  -12.86 kcal/mol
------------+--------------+------------------+------------------------------+---------+-------------------

                                   Finished evaluation after reaching
                       2077903 evaluations. Best inter + intra   -12.86 kcal/mol.


Shutdown time 0.000714s

Job #1 took 1.034 sec after waiting 4.516 sec for setup

(Thread 0 is processing Job #1)
(Thread 0 is setting up Job #2)

Running Job #2:
    Device: NVIDIA A100-SXM4-40GB
    Grid map file: ./protein.maps.fld
    Ligand file: ./ligand_2_2.pdbqt
    Output file: docking_result_2.dlg (+ xml)
    Using heuristics: (capped) number of evaluations set to 2068966
    Local-search chosen method is: ADADELTA (ad)

Rest of Setup time 0.307077s

Executing docking runs, stopping automatically after either reaching 0.15 kcal/mol standard deviation of
the best molecules of the last 4 * 5 generations, 42000 generations, or 2068966 evaluations:

Generations |  Evaluations |     Threshold    |  Average energy of best 10%  | Samples | Best Inter + Intra
------------+--------------+------------------+------------------------------+---------+-------------------
          0 |          150 |   -1.48 kcal/mol |   -2.01 +/-    0.21 kcal/mol |       6 |   -2.42 kcal/mol
          5 |       135153 |   -1.48 kcal/mol |   -4.34 +/-    1.34 kcal/mol |     865 |   -9.25 kcal/mol
         10 |       264914 |   -4.32 kcal/mol |   -7.98 +/-    0.64 kcal/mol |      39 |   -9.72 kcal/mol
         15 |       397877 |   -7.74 kcal/mol |   -9.46 +/-    0.21 kcal/mol |       9 |   -9.79 kcal/mol
         20 |       532529 |   -9.11 kcal/mol |   -9.59 +/-    0.29 kcal/mol |       7 |  -10.29 kcal/mol
         25 |       666692 |   -8.97 kcal/mol |   -9.65 +/-    0.26 kcal/mol |      13 |  -10.36 kcal/mol
         30 |       799949 |   -9.35 kcal/mol |  -10.08 +/-    0.33 kcal/mol |       4 |  -10.42 kcal/mol
         35 |       933583 |   -8.84 kcal/mol |   -9.82 +/-    0.29 kcal/mol |       7 |  -10.44 kcal/mol
         40 |      1065957 |   -9.21 kcal/mol |  -10.13 +/-    0.26 kcal/mol |       5 |  -10.45 kcal/mol
         45 |      1197574 |   -9.34 kcal/mol |  -10.24 +/-    0.21 kcal/mol |       5 |  -10.45 kcal/mol
         50 |      1328317 |   -9.63 kcal/mol |  -10.35 +/-    0.17 kcal/mol |       8 |  -10.48 kcal/mol
         55 |      1457103 |  -10.04 kcal/mol |  -10.40 +/-    0.09 kcal/mol |       7 |  -10.48 kcal/mol
         60 |      1584227 |  -10.20 kcal/mol |  -10.45 +/-    0.03 kcal/mol |       2 |  -10.48 kcal/mol
         65 |      1712261 |   -9.33 kcal/mol |   -9.94 +/-    0.26 kcal/mol |      19 |  -10.48 kcal/mol
         70 |      1841336 |   -9.73 kcal/mol |  -10.00 +/-    0.20 kcal/mol |      20 |  -10.48 kcal/mol
         75 |      1965935 |   -9.85 kcal/mol |  -10.04 +/-    0.18 kcal/mol |       8 |  -10.48 kcal/mol
         80 |      2091240 |   -9.71 kcal/mol |  -10.12 +/-    0.21 kcal/mol |      16 |  -10.48 kcal/mol
------------+--------------+------------------+------------------------------+---------+-------------------

                                   Finished evaluation after reaching
                       2091240 evaluations. Best inter + intra   -10.48 kcal/mol.


Shutdown time 0.000671s

Job #2 took 0.867 sec after waiting 0.033 sec for setup

(Thread 0 is processing Job #2)
(Thread 0 is setting up Job #3)

Running Job #3:
    Device: NVIDIA A100-SXM4-40GB
    Grid map file: ./protein.maps.fld
    Ligand file: ./ligand_3_3.pdbqt
    Output file: docking_result_3.dlg (+ xml)
    Using heuristics: (capped) number of evaluations set to 2068966
    Local-search chosen method is: ADADELTA (ad)

Rest of Setup time 0.307490s

Executing docking runs, stopping automatically after either reaching 0.15 kcal/mol standard deviation of
the best molecules of the last 4 * 5 generations, 42000 generations, or 2068966 evaluations:

Generations |  Evaluations |     Threshold    |  Average energy of best 10%  | Samples | Best Inter + Intra
------------+--------------+------------------+------------------------------+---------+-------------------
          0 |          150 |   -1.90 kcal/mol |   -2.89 +/-    0.38 kcal/mol |       4 |   -3.53 kcal/mol
          5 |       117095 |   -1.45 kcal/mol |   -5.76 +/-    1.88 kcal/mol |     990 |  -14.36 kcal/mol
         10 |       229894 |   -5.73 kcal/mol |  -10.95 +/-    1.26 kcal/mol |      37 |  -14.40 kcal/mol
         15 |       345673 |  -10.44 kcal/mol |  -14.06 +/-    0.73 kcal/mol |       9 |  -15.57 kcal/mol
         20 |       463703 |  -12.84 kcal/mol |  -14.73 +/-    0.56 kcal/mol |       4 |  -15.66 kcal/mol
         25 |       582834 |  -12.61 kcal/mol |  -14.58 +/-    0.67 kcal/mol |       9 |  -15.68 kcal/mol
         30 |       701669 |  -13.47 kcal/mol |  -15.23 +/-    0.47 kcal/mol |       4 |  -15.69 kcal/mol
         35 |       818887 |  -13.46 kcal/mol |  -15.26 +/-    0.38 kcal/mol |       7 |  -15.71 kcal/mol
         40 |       937706 |  -14.45 kcal/mol |  -15.29 +/-    0.42 kcal/mol |       4 |  -15.71 kcal/mol
         45 |      1056606 |  -13.72 kcal/mol |  -14.96 +/-    0.35 kcal/mol |       9 |  -15.71 kcal/mol
         50 |      1173704 |  -14.37 kcal/mol |  -15.38 +/-    0.22 kcal/mol |       4 |  -15.71 kcal/mol
         55 |      1293114 |  -14.57 kcal/mol |  -15.41 +/-    0.38 kcal/mol |       5 |  -16.14 kcal/mol
         60 |      1415346 |  -14.26 kcal/mol |  -15.48 +/-    0.33 kcal/mol |       7 |  -16.14 kcal/mol
         65 |      1540325 |  -14.78 kcal/mol |  -15.58 +/-    0.33 kcal/mol |       4 |  -16.14 kcal/mol
         70 |      1663408 |  -14.36 kcal/mol |  -15.60 +/-    0.36 kcal/mol |      10 |  -16.14 kcal/mol
         75 |      1788348 |  -15.07 kcal/mol |  -15.83 +/-    0.25 kcal/mol |       4 |  -16.14 kcal/mol
         80 |      1914306 |  -14.89 kcal/mol |  -15.95 +/-    0.25 kcal/mol |       8 |  -16.14 kcal/mol
         85 |      2039471 |  -15.49 kcal/mol |  -16.01 +/-    0.14 kcal/mol |       4 |  -16.15 kcal/mol
         87 |      2089005 |  -15.50 kcal/mol |  -15.98 +/-    0.14 kcal/mol |       8 |  -16.15 kcal/mol
------------+--------------+------------------+------------------------------+---------+-------------------

                                   Finished evaluation after reaching
                       2089005 evaluations. Best inter + intra   -16.15 kcal/mol.


Shutdown time 0.000655s

Job #3 took 1.278 sec after waiting 0.024 sec for setup

(Thread 0 is processing Job #3)
Run time of entire job set (3 files): 7.801 sec
Savings from multithreading: -0.000 sec
Idle time of execution thread: 4.622 sec

All jobs (3) ran without errors.
