AutoDock-GPU version: v1.6-7-ga46ab564d2ac5f1a1523f65239b43505a1c29364-dirty

Using 1 OpenMP threads

Running 3 docking calculations

Cuda device:                              NVIDIA A100-SXM4-40GB
Available memory on device:               39916 MB (total: 40339 MB)

CUDA Setup time 0.231863s
(Thread 0 is setting up Job #1)

Running Job #1:
    Device: NVIDIA A100-SXM4-40GB
    Grid map file: ./protein.maps.fld
    Ligand file: ./ligand_1_1.pdbqt
    Output file: docking_result_1.dlg (+ xml)
    Using heuristics: (capped) number of evaluations set to 2068966
    Local-search chosen method is: ADADELTA (ad)

Rest of Setup time 0.307723s

Executing docking runs, stopping automatically after either reaching 0.15 kcal/mol standard deviation of
the best molecules of the last 4 * 5 generations, 42000 generations, or 2068966 evaluations:

Generations |  Evaluations |     Threshold    |  Average energy of best 10%  | Samples | Best Inter + Intra
------------+--------------+------------------+------------------------------+---------+-------------------
          0 |          150 |   -1.42 kcal/mol |   -2.48 +/-    0.28 kcal/mol |       4 |   -2.89 kcal/mol
          5 |       135566 |   -1.42 kcal/mol |   -4.53 +/-    1.41 kcal/mol |     846 |   -9.85 kcal/mol
         10 |       268855 |   -4.51 kcal/mol |   -8.25 +/-    0.66 kcal/mol |      70 |   -9.97 kcal/mol
         15 |       403448 |   -8.11 kcal/mol |   -9.81 +/-    0.25 kcal/mol |      25 |  -10.54 kcal/mol
         20 |       537446 |   -9.67 kcal/mol |  -10.44 +/-    0.16 kcal/mol |      10 |  -10.63 kcal/mol
         25 |       668325 |  -10.21 kcal/mol |  -10.57 +/-    0.18 kcal/mol |      15 |  -10.84 kcal/mol
         30 |       798919 |  -10.39 kcal/mol |  -10.68 +/-    0.18 kcal/mol |      14 |  -10.92 kcal/mol
         35 |       931163 |  -10.48 kcal/mol |  -10.76 +/-    0.15 kcal/mol |      11 |  -10.93 kcal/mol
         40 |      1061304 |  -10.55 kcal/mol |  -10.88 +/-    0.10 kcal/mol |       9 |  -10.98 kcal/mol
         45 |      1188190 |  -10.71 kcal/mol |  -10.87 +/-    0.09 kcal/mol |       8 |  -10.98 kcal/mol
         50 |      1314201 |  -10.69 kcal/mol |  -10.83 +/-    0.10 kcal/mol |      11 |  -10.98 kcal/mol
         55 |      1440472 |  -10.70 kcal/mol |  -10.88 +/-    0.14 kcal/mol |      18 |  -11.19 kcal/mol
         60 |      1566119 |  -10.76 kcal/mol |  -11.03 +/-    0.14 kcal/mol |      15 |  -11.27 kcal/mol
         65 |      1689807 |  -10.89 kcal/mol |  -11.04 +/-    0.11 kcal/mol |      13 |  -11.27 kcal/mol
         70 |      1814642 |  -10.91 kcal/mol |  -11.13 +/-    0.10 kcal/mol |      16 |  -11.27 kcal/mol
         75 |      1939008 |  -11.04 kcal/mol |  -11.23 +/-    0.13 kcal/mol |       6 |  -11.47 kcal/mol
         80 |      2063449 |  -10.90 kcal/mol |  -11.19 +/-    0.16 kcal/mol |      17 |  -11.47 kcal/mol
         81 |      2087545 |  -11.05 kcal/mol |  -11.20 +/-    0.14 kcal/mol |      26 |  -11.47 kcal/mol
------------+--------------+------------------+------------------------------+---------+-------------------

                                   Finished evaluation after reaching
                       2087545 evaluations. Best inter + intra   -11.47 kcal/mol.


Shutdown time 0.000644s

Job #1 took 0.928 sec after waiting 4.459 sec for setup

(Thread 0 is processing Job #1)
(Thread 0 is setting up Job #2)

Running Job #2:
    Device: NVIDIA A100-SXM4-40GB
    Grid map file: ./protein.maps.fld
    Ligand file: ./ligand_2_2.pdbqt
    Output file: docking_result_2.dlg (+ xml)
    Using heuristics: (capped) number of evaluations set to 2280181
    Local-search chosen method is: ADADELTA (ad)

Rest of Setup time 0.301018s

Executing docking runs, stopping automatically after either reaching 0.15 kcal/mol standard deviation of
the best molecules of the last 4 * 5 generations, 42000 generations, or 2280181 evaluations:

Generations |  Evaluations |     Threshold    |  Average energy of best 10%  | Samples | Best Inter + Intra
------------+--------------+------------------+------------------------------+---------+-------------------
          0 |          150 |   -1.59 kcal/mol |   -1.81 +/-    0.18 kcal/mol |      12 |   -2.26 kcal/mol
          5 |       130711 |   -1.59 kcal/mol |   -4.64 +/-    1.45 kcal/mol |     885 |   -9.95 kcal/mol
         10 |       260723 |   -4.62 kcal/mol |   -8.44 +/-    0.83 kcal/mol |      45 |  -10.64 kcal/mol
         15 |       392736 |   -8.16 kcal/mol |  -10.53 +/-    0.51 kcal/mol |       8 |  -11.34 kcal/mol
         20 |       521880 |   -9.57 kcal/mol |  -11.01 +/-    0.19 kcal/mol |       6 |  -11.40 kcal/mol
         25 |       648945 |  -10.53 kcal/mol |  -11.22 +/-    0.24 kcal/mol |       4 |  -11.48 kcal/mol
         30 |       780884 |  -10.33 kcal/mol |  -11.31 +/-    0.37 kcal/mol |       7 |  -11.95 kcal/mol
         35 |       909768 |  -10.51 kcal/mol |  -11.64 +/-    0.24 kcal/mol |       4 |  -12.03 kcal/mol
         40 |      1040194 |  -10.73 kcal/mol |  -11.57 +/-    0.22 kcal/mol |       7 |  -12.03 kcal/mol
         45 |      1168539 |  -11.10 kcal/mol |  -11.78 +/-    0.20 kcal/mol |       6 |  -12.08 kcal/mol
         50 |      1294727 |  -11.28 kcal/mol |  -11.85 +/-    0.20 kcal/mol |       4 |  -12.09 kcal/mol
         55 |      1422599 |  -11.09 kcal/mol |  -11.66 +/-    0.23 kcal/mol |       5 |  -12.09 kcal/mol
         60 |      1544103 |  -10.97 kcal/mol |  -11.62 +/-    0.21 kcal/mol |       8 |  -12.09 kcal/mol
         65 |      1667316 |  -11.23 kcal/mol |  -11.71 +/-    0.21 kcal/mol |       5 |  -12.09 kcal/mol
         70 |      1789500 |  -11.08 kcal/mol |  -11.92 +/-    0.21 kcal/mol |       5 |  -12.09 kcal/mol
         75 |      1911543 |  -11.28 kcal/mol |  -11.72 +/-    0.23 kcal/mol |       4 |  -12.09 kcal/mol
         80 |      2031788 |  -10.87 kcal/mol |  -11.48 +/-    0.22 kcal/mol |      14 |  -12.09 kcal/mol
         85 |      2152821 |  -11.24 kcal/mol |  -11.54 +/-    0.23 kcal/mol |      18 |  -12.09 kcal/mol
         90 |      2273738 |  -11.35 kcal/mol |  -11.97 +/-    0.17 kcal/mol |       4 |  -12.09 kcal/mol
         91 |      2297725 |  -11.34 kcal/mol |  -12.02 +/-    0.14 kcal/mol |       7 |  -12.09 kcal/mol
------------+--------------+------------------+------------------------------+---------+-------------------

                                   Finished evaluation after reaching
                       2297725 evaluations. Best inter + intra   -12.09 kcal/mol.


Shutdown time 0.000670s

Job #2 took 1.002 sec after waiting 0.026 sec for setup

(Thread 0 is processing Job #2)
(Thread 0 is setting up Job #3)

Running Job #3:
    Device: NVIDIA A100-SXM4-40GB
    Grid map file: ./protein.maps.fld
    Ligand file: ./ligand_3_3.pdbqt
    Output file: docking_result_3.dlg (+ xml)
    Using heuristics: (capped) number of evaluations set to 2280181
    Local-search chosen method is: ADADELTA (ad)

Rest of Setup time 0.304100s

Executing docking runs, stopping automatically after either reaching 0.15 kcal/mol standard deviation of
the best molecules of the last 4 * 5 generations, 42000 generations, or 2280181 evaluations:

Generations |  Evaluations |     Threshold    |  Average energy of best 10%  | Samples | Best Inter + Intra
------------+--------------+------------------+------------------------------+---------+-------------------
          0 |          150 |   -1.31 kcal/mol |   -2.75 +/-    0.38 kcal/mol |       4 |   -3.30 kcal/mol
          5 |       134657 |   -1.31 kcal/mol |   -4.58 +/-    1.47 kcal/mol |     962 |   -9.51 kcal/mol
         10 |       268695 |   -4.56 kcal/mol |   -8.46 +/-    0.78 kcal/mol |      59 |  -10.55 kcal/mol
         15 |       403284 |   -8.26 kcal/mol |  -10.25 +/-    0.17 kcal/mol |      15 |  -10.64 kcal/mol
         20 |       538168 |  -10.09 kcal/mol |  -10.41 +/-    0.13 kcal/mol |       6 |  -10.64 kcal/mol
         25 |       670753 |  -10.08 kcal/mol |  -10.60 +/-    0.20 kcal/mol |      14 |  -10.92 kcal/mol
         30 |       805089 |  -10.39 kcal/mol |  -10.87 +/-    0.18 kcal/mol |      12 |  -11.17 kcal/mol
         35 |       936653 |  -10.64 kcal/mol |  -11.18 +/-    0.16 kcal/mol |       7 |  -11.49 kcal/mol
         40 |      1068795 |  -10.84 kcal/mol |  -11.37 +/-    0.25 kcal/mol |       8 |  -11.73 kcal/mol
         45 |      1202192 |  -10.91 kcal/mol |  -11.58 +/-    0.22 kcal/mol |       4 |  -11.73 kcal/mol
         50 |      1329444 |  -10.76 kcal/mol |  -11.54 +/-    0.23 kcal/mol |       8 |  -11.86 kcal/mol
         55 |      1457143 |  -11.12 kcal/mol |  -11.84 +/-    0.09 kcal/mol |       5 |  -11.96 kcal/mol
         60 |      1578187 |  -11.56 kcal/mol |  -11.83 +/-    0.11 kcal/mol |       3 |  -11.96 kcal/mol
         65 |      1703963 |  -11.26 kcal/mol |  -11.63 +/-    0.17 kcal/mol |       8 |  -11.96 kcal/mol
         70 |      1827959 |  -11.31 kcal/mol |  -11.61 +/-    0.17 kcal/mol |      12 |  -11.96 kcal/mol
         75 |      1951570 |  -11.40 kcal/mol |  -11.69 +/-    0.16 kcal/mol |       8 |  -11.96 kcal/mol
         80 |      2074720 |  -11.39 kcal/mol |  -11.69 +/-    0.14 kcal/mol |      12 |  -11.96 kcal/mol
         85 |      2198475 |  -11.51 kcal/mol |  -11.76 +/-    0.15 kcal/mol |      16 |  -11.96 kcal/mol
         89 |      2297011 |  -11.62 kcal/mol |  -11.79 +/-    0.12 kcal/mol |      23 |  -11.96 kcal/mol
------------+--------------+------------------+------------------------------+---------+-------------------

                                   Finished evaluation after reaching
                       2297011 evaluations. Best inter + intra   -11.96 kcal/mol.


Shutdown time 0.000642s

Job #3 took 0.994 sec after waiting 0.029 sec for setup

(Thread 0 is processing Job #3)
Run time of entire job set (3 files): 7.466 sec
Savings from multithreading: -0.000 sec
Idle time of execution thread: 4.542 sec

All jobs (3) ran without errors.
