AutoDock-GPU version: v1.6-7-ga46ab564d2ac5f1a1523f65239b43505a1c29364-dirty

Using 1 OpenMP threads

Running 3 docking calculations

Cuda device:                              NVIDIA A100-SXM4-40GB
Available memory on device:               39916 MB (total: 40339 MB)

CUDA Setup time 0.238545s
(Thread 0 is setting up Job #1)

Running Job #1:
    Device: NVIDIA A100-SXM4-40GB
    Grid map file: ./protein.maps.fld
    Ligand file: ./ligand_1_1.pdbqt
    Output file: docking_result_1.dlg (+ xml)
    Using heuristics: (capped) number of evaluations set to 2068966
    Local-search chosen method is: ADADELTA (ad)

Rest of Setup time 0.310026s

Executing docking runs, stopping automatically after either reaching 0.15 kcal/mol standard deviation of
the best molecules of the last 4 * 5 generations, 42000 generations, or 2068966 evaluations:

Generations |  Evaluations |     Threshold    |  Average energy of best 10%  | Samples | Best Inter + Intra
------------+--------------+------------------+------------------------------+---------+-------------------
          0 |          150 |   -0.03 kcal/mol |   -1.77 +/-    0.41 kcal/mol |      62 |   -4.28 kcal/mol
          5 |       114859 |   -1.67 kcal/mol |   -5.78 +/-    1.74 kcal/mol |     885 |  -12.05 kcal/mol
         10 |       230296 |   -5.75 kcal/mol |  -10.62 +/-    1.28 kcal/mol |      41 |  -15.17 kcal/mol
         15 |       349046 |  -10.15 kcal/mol |  -14.99 +/-    0.26 kcal/mol |       4 |  -15.44 kcal/mol
         20 |       469732 |  -14.00 kcal/mol |  -15.24 +/-    0.23 kcal/mol |       8 |  -15.56 kcal/mol
         25 |       592406 |  -14.80 kcal/mol |  -15.32 +/-    0.21 kcal/mol |       3 |  -15.62 kcal/mol
         30 |       717792 |  -14.29 kcal/mol |  -15.16 +/-    0.33 kcal/mol |       4 |  -15.62 kcal/mol
         35 |       840666 |  -13.92 kcal/mol |  -15.21 +/-    0.25 kcal/mol |       5 |  -15.62 kcal/mol
         40 |       962731 |  -14.46 kcal/mol |  -15.25 +/-    0.30 kcal/mol |       4 |  -15.75 kcal/mol
         45 |      1083101 |  -14.11 kcal/mol |  -15.39 +/-    0.34 kcal/mol |       8 |  -15.75 kcal/mol
         50 |      1204817 |  -14.76 kcal/mol |  -15.67 +/-    0.09 kcal/mol |       4 |  -15.76 kcal/mol
         55 |      1329432 |  -15.34 kcal/mol |  -15.57 +/-    0.15 kcal/mol |       4 |  -15.76 kcal/mol
         60 |      1450619 |  -15.00 kcal/mol |  -15.62 +/-    0.16 kcal/mol |       4 |  -15.79 kcal/mol
         65 |      1572363 |  -15.01 kcal/mol |  -15.60 +/-    0.18 kcal/mol |       3 |  -15.79 kcal/mol
         70 |      1694352 |  -14.68 kcal/mol |  -15.48 +/-    0.17 kcal/mol |       9 |  -15.79 kcal/mol
         75 |      1818992 |  -15.19 kcal/mol |  -15.65 +/-    0.09 kcal/mol |       5 |  -15.79 kcal/mol
         80 |      1943041 |  -15.39 kcal/mol |  -15.70 +/-    0.12 kcal/mol |       3 |  -15.79 kcal/mol
         85 |      2069398 |  -15.10 kcal/mol |  -15.60 +/-    0.19 kcal/mol |      10 |  -15.79 kcal/mol
------------+--------------+------------------+------------------------------+---------+-------------------

                                   Finished evaluation after reaching
                       2069398 evaluations. Best inter + intra   -15.79 kcal/mol.


Shutdown time 0.000830s

Job #1 took 1.321 sec after waiting 4.483 sec for setup

(Thread 0 is processing Job #1)
(Thread 0 is setting up Job #2)

Running Job #2:
    Device: NVIDIA A100-SXM4-40GB
    Grid map file: ./protein.maps.fld
    Ligand file: ./ligand_2_2.pdbqt
    Output file: docking_result_2.dlg (+ xml)
    Using heuristics: (capped) number of evaluations set to 2280181
    Local-search chosen method is: ADADELTA (ad)

Rest of Setup time 0.302231s

Executing docking runs, stopping automatically after either reaching 0.15 kcal/mol standard deviation of
the best molecules of the last 4 * 5 generations, 42000 generations, or 2280181 evaluations:

Generations |  Evaluations |     Threshold    |  Average energy of best 10%  | Samples | Best Inter + Intra
------------+--------------+------------------+------------------------------+---------+-------------------
          0 |          150 |   -2.08 kcal/mol |   -3.59 +/-    0.40 kcal/mol |       4 |   -4.07 kcal/mol
          5 |       124049 |   -2.08 kcal/mol |   -6.53 +/-    1.83 kcal/mol |    1050 |  -11.76 kcal/mol
         10 |       251415 |   -6.50 kcal/mol |  -11.15 +/-    0.77 kcal/mol |      52 |  -13.59 kcal/mol
         15 |       382158 |  -10.93 kcal/mol |  -13.30 +/-    0.36 kcal/mol |       6 |  -13.79 kcal/mol
         20 |       517305 |  -12.40 kcal/mol |  -13.32 +/-    0.40 kcal/mol |       9 |  -14.43 kcal/mol
         25 |       652582 |  -12.65 kcal/mol |  -13.80 +/-    0.37 kcal/mol |       6 |  -14.57 kcal/mol
         30 |       789408 |  -12.88 kcal/mol |  -14.31 +/-    0.35 kcal/mol |      10 |  -14.77 kcal/mol
         35 |       922983 |  -13.79 kcal/mol |  -14.56 +/-    0.22 kcal/mol |       4 |  -14.78 kcal/mol
         40 |      1057453 |  -13.73 kcal/mol |  -14.46 +/-    0.26 kcal/mol |       5 |  -14.78 kcal/mol
         45 |      1191745 |  -13.68 kcal/mol |  -14.56 +/-    0.21 kcal/mol |       7 |  -14.78 kcal/mol
         50 |      1325692 |  -14.11 kcal/mol |  -14.63 +/-    0.13 kcal/mol |       7 |  -14.78 kcal/mol
         55 |      1459329 |  -14.34 kcal/mol |  -14.70 +/-    0.11 kcal/mol |      12 |  -14.85 kcal/mol
         60 |      1591046 |  -14.56 kcal/mol |  -14.80 +/-    0.04 kcal/mol |       5 |  -14.85 kcal/mol
         65 |      1726841 |  -14.35 kcal/mol |  -14.83 +/-    0.04 kcal/mol |       7 |  -14.90 kcal/mol
         70 |      1861485 |  -14.51 kcal/mol |  -14.89 +/-    0.13 kcal/mol |      13 |  -15.02 kcal/mol
         75 |      1994024 |  -14.74 kcal/mol |  -14.92 +/-    0.11 kcal/mol |       5 |  -15.06 kcal/mol
         80 |      2127534 |  -14.59 kcal/mol |  -14.84 +/-    0.13 kcal/mol |       9 |  -15.06 kcal/mol
         85 |      2263305 |  -14.62 kcal/mol |  -14.92 +/-    0.16 kcal/mol |      16 |  -15.39 kcal/mol
         86 |      2289125 |  -14.77 kcal/mol |  -14.96 +/-    0.18 kcal/mol |      28 |  -15.54 kcal/mol
------------+--------------+------------------+------------------------------+---------+-------------------

                                   Finished evaluation after reaching
                       2289125 evaluations. Best inter + intra   -15.54 kcal/mol.


Shutdown time 0.000721s

Job #2 took 1.469 sec after waiting 0.049 sec for setup

(Thread 0 is processing Job #2)
(Thread 0 is setting up Job #3)

Running Job #3:
    Device: NVIDIA A100-SXM4-40GB
    Grid map file: ./protein.maps.fld
    Ligand file: ./ligand_3_3.pdbqt
    Output file: docking_result_3.dlg (+ xml)
    Using heuristics: (capped) number of evaluations set to 2280181
    Local-search chosen method is: ADADELTA (ad)

Rest of Setup time 0.305286s

Executing docking runs, stopping automatically after either reaching 0.15 kcal/mol standard deviation of
the best molecules of the last 4 * 5 generations, 42000 generations, or 2280181 evaluations:

Generations |  Evaluations |     Threshold    |  Average energy of best 10%  | Samples | Best Inter + Intra
------------+--------------+------------------+------------------------------+---------+-------------------
          0 |          150 |   -1.70 kcal/mol |   -3.19 +/-    0.43 kcal/mol |       4 |   -3.80 kcal/mol
          5 |       119766 |   -1.57 kcal/mol |   -6.04 +/-    1.91 kcal/mol |     991 |  -14.84 kcal/mol
         10 |       239829 |   -6.01 kcal/mol |  -11.36 +/-    1.40 kcal/mol |      55 |  -15.94 kcal/mol
         15 |       363864 |  -10.98 kcal/mol |  -14.56 +/-    0.76 kcal/mol |       7 |  -16.24 kcal/mol
         20 |       489195 |  -12.92 kcal/mol |  -15.25 +/-    0.75 kcal/mol |       5 |  -16.24 kcal/mol
         25 |       613895 |  -12.99 kcal/mol |  -15.23 +/-    0.58 kcal/mol |       4 |  -16.24 kcal/mol
         30 |       740109 |  -13.06 kcal/mol |  -14.98 +/-    0.62 kcal/mol |       6 |  -16.24 kcal/mol
         35 |       866422 |  -13.43 kcal/mol |  -15.15 +/-    0.49 kcal/mol |       6 |  -16.24 kcal/mol
         40 |       995377 |  -13.92 kcal/mol |  -15.23 +/-    0.44 kcal/mol |      10 |  -16.24 kcal/mol
         45 |      1122375 |  -14.56 kcal/mol |  -16.16 +/-    0.15 kcal/mol |       7 |  -16.38 kcal/mol
         50 |      1250415 |  -15.84 kcal/mol |  -16.30 +/-    0.07 kcal/mol |       4 |  -16.38 kcal/mol
         55 |      1378636 |  -15.73 kcal/mol |  -16.33 +/-    0.07 kcal/mol |       3 |  -16.38 kcal/mol
         60 |      1505973 |  -15.58 kcal/mol |  -16.25 +/-    0.09 kcal/mol |       8 |  -16.39 kcal/mol
------------+--------------+------------------+------------------------------+---------+-------------------

                                   Finished evaluation after reaching
                                  -16.24 +/-    0.12 kcal/mol combined.
                             22 samples, best inter + intra   -16.39 kcal/mol.


Shutdown time 0.000678s

Job #3 took 1.033 sec after waiting 0.056 sec for setup

(Thread 0 is processing Job #3)
Run time of entire job set (3 files): 8.462 sec
Savings from multithreading: -0.000 sec
Idle time of execution thread: 4.639 sec

All jobs (3) ran without errors.
