AutoDock-GPU version: v1.6-7-ga46ab564d2ac5f1a1523f65239b43505a1c29364-dirty

Using 1 OpenMP threads

Running 3 docking calculations

Cuda device:                              NVIDIA A100-SXM4-40GB
Available memory on device:               39916 MB (total: 40339 MB)

CUDA Setup time 0.231675s
(Thread 0 is setting up Job #1)

Running Job #1:
    Device: NVIDIA A100-SXM4-40GB
    Grid map file: ./protein.maps.fld
    Ligand file: ./ligand_1_1.pdbqt
    Output file: docking_result_1.dlg (+ xml)
    Using heuristics: (capped) number of evaluations set to 2068966
    Local-search chosen method is: ADADELTA (ad)

Rest of Setup time 0.304976s

Executing docking runs, stopping automatically after either reaching 0.15 kcal/mol standard deviation of
the best molecules of the last 4 * 5 generations, 42000 generations, or 2068966 evaluations:

Generations |  Evaluations |     Threshold    |  Average energy of best 10%  | Samples | Best Inter + Intra
------------+--------------+------------------+------------------------------+---------+-------------------
          0 |          150 |   -1.54 kcal/mol |   -2.01 +/-    0.22 kcal/mol |       7 |   -2.46 kcal/mol
          5 |       116425 |   -1.54 kcal/mol |   -4.65 +/-    1.58 kcal/mol |     866 |  -11.79 kcal/mol
         10 |       229829 |   -4.63 kcal/mol |   -8.78 +/-    1.04 kcal/mol |      44 |  -11.90 kcal/mol
         15 |       347574 |   -8.43 kcal/mol |  -11.53 +/-    0.37 kcal/mol |       7 |  -12.09 kcal/mol
         20 |       467789 |  -10.74 kcal/mol |  -12.21 +/-    0.29 kcal/mol |       6 |  -12.66 kcal/mol
         25 |       589389 |  -11.48 kcal/mol |  -12.44 +/-    0.31 kcal/mol |       6 |  -12.77 kcal/mol
         30 |       707910 |  -11.67 kcal/mol |  -12.78 +/-    0.01 kcal/mol |       4 |  -12.79 kcal/mol
         35 |       828191 |  -12.21 kcal/mol |  -12.99 +/-    0.18 kcal/mol |       5 |  -13.13 kcal/mol
         40 |       949138 |  -12.47 kcal/mol |  -13.08 +/-    0.25 kcal/mol |       5 |  -13.30 kcal/mol
         45 |      1069960 |  -12.32 kcal/mol |  -13.10 +/-    0.24 kcal/mol |       3 |  -13.33 kcal/mol
         50 |      1190923 |  -11.89 kcal/mol |  -12.90 +/-    0.36 kcal/mol |       5 |  -13.33 kcal/mol
         55 |      1314838 |  -11.84 kcal/mol |  -12.99 +/-    0.29 kcal/mol |       4 |  -13.33 kcal/mol
         60 |      1434800 |  -11.91 kcal/mol |  -12.97 +/-    0.31 kcal/mol |       5 |  -13.33 kcal/mol
         65 |      1555419 |  -12.03 kcal/mol |  -13.14 +/-    0.20 kcal/mol |       4 |  -13.34 kcal/mol
         70 |      1677336 |  -12.37 kcal/mol |  -13.04 +/-    0.21 kcal/mol |      13 |  -13.35 kcal/mol
         75 |      1799326 |  -12.80 kcal/mol |  -13.18 +/-    0.18 kcal/mol |       5 |  -13.35 kcal/mol
         80 |      1922534 |  -12.64 kcal/mol |  -13.31 +/-    0.07 kcal/mol |       7 |  -13.38 kcal/mol
         85 |      2045084 |  -12.99 kcal/mol |  -13.34 +/-    0.04 kcal/mol |       7 |  -13.38 kcal/mol
         87 |      2093598 |  -13.02 kcal/mol |  -13.29 +/-    0.11 kcal/mol |      15 |  -13.38 kcal/mol
------------+--------------+------------------+------------------------------+---------+-------------------

                                   Finished evaluation after reaching
                       2093598 evaluations. Best inter + intra   -13.38 kcal/mol.


Shutdown time 0.000692s

Job #1 took 1.104 sec after waiting 4.479 sec for setup

(Thread 0 is processing Job #1)
(Thread 0 is setting up Job #2)

Running Job #2:
    Device: NVIDIA A100-SXM4-40GB
    Grid map file: ./protein.maps.fld
    Ligand file: ./ligand_2_2.pdbqt
    Output file: docking_result_2.dlg (+ xml)
    Using heuristics: (capped) number of evaluations set to 2068966
    Local-search chosen method is: ADADELTA (ad)

Rest of Setup time 0.301880s

Executing docking runs, stopping automatically after either reaching 0.15 kcal/mol standard deviation of
the best molecules of the last 4 * 5 generations, 42000 generations, or 2068966 evaluations:

Generations |  Evaluations |     Threshold    |  Average energy of best 10%  | Samples | Best Inter + Intra
------------+--------------+------------------+------------------------------+---------+-------------------
          0 |          150 |   -1.84 kcal/mol |   -2.63 +/-    0.25 kcal/mol |       8 |   -3.16 kcal/mol
          5 |       111587 |   -2.16 kcal/mol |   -6.20 +/-    1.98 kcal/mol |     927 |  -15.06 kcal/mol
         10 |       220976 |   -6.17 kcal/mol |  -11.52 +/-    1.32 kcal/mol |      34 |  -15.07 kcal/mol
         15 |       334891 |  -10.94 kcal/mol |  -14.68 +/-    0.48 kcal/mol |       5 |  -15.09 kcal/mol
         20 |       453363 |  -13.24 kcal/mol |  -15.03 +/-    0.15 kcal/mol |       4 |  -15.15 kcal/mol
         25 |       573926 |  -14.45 kcal/mol |  -14.97 +/-    0.26 kcal/mol |       4 |  -15.17 kcal/mol
         30 |       694607 |  -14.00 kcal/mol |  -14.95 +/-    0.26 kcal/mol |       6 |  -15.17 kcal/mol
         35 |       815360 |  -14.29 kcal/mol |  -15.04 +/-    0.20 kcal/mol |       4 |  -15.21 kcal/mol
         40 |       936138 |  -14.30 kcal/mol |  -15.61 +/-    0.47 kcal/mol |       9 |  -16.16 kcal/mol
         45 |      1057775 |  -14.83 kcal/mol |  -15.52 +/-    0.52 kcal/mol |       4 |  -16.42 kcal/mol
         50 |      1180088 |  -13.57 kcal/mol |  -15.51 +/-    0.56 kcal/mol |       8 |  -16.42 kcal/mol
         55 |      1304082 |  -14.46 kcal/mol |  -15.97 +/-    0.46 kcal/mol |       4 |  -16.42 kcal/mol
         60 |      1427273 |  -14.23 kcal/mol |  -15.64 +/-    0.53 kcal/mol |       7 |  -16.43 kcal/mol
         65 |      1554388 |  -14.50 kcal/mol |  -15.86 +/-    0.62 kcal/mol |       4 |  -16.88 kcal/mol
         70 |      1679198 |  -13.54 kcal/mol |  -15.48 +/-    0.63 kcal/mol |       9 |  -17.02 kcal/mol
         75 |      1801914 |  -14.43 kcal/mol |  -16.76 +/-    1.05 kcal/mol |       5 |  -18.01 kcal/mol
         80 |      1928278 |  -13.60 kcal/mol |  -16.29 +/-    1.02 kcal/mol |       4 |  -18.06 kcal/mol
         85 |      2054877 |  -12.47 kcal/mol |  -15.44 +/-    0.92 kcal/mol |      11 |  -18.08 kcal/mol
         86 |      2080295 |  -14.19 kcal/mol |  -15.67 +/-    1.02 kcal/mol |      15 |  -18.08 kcal/mol
------------+--------------+------------------+------------------------------+---------+-------------------

                                   Finished evaluation after reaching
                       2080295 evaluations. Best inter + intra   -18.08 kcal/mol.


Shutdown time 0.000684s

Job #2 took 1.596 sec after waiting 0.036 sec for setup

(Thread 0 is processing Job #2)
(Thread 0 is setting up Job #3)

Running Job #3:
    Device: NVIDIA A100-SXM4-40GB
    Grid map file: ./protein.maps.fld
    Ligand file: ./ligand_3_3.pdbqt
    Output file: docking_result_3.dlg (+ xml)
    Using heuristics: (capped) number of evaluations set to 2845257
    Overriding heuristics, setting number of evaluations to --nev = 2500000 instead.
    Local-search chosen method is: ADADELTA (ad)

Rest of Setup time 0.307059s

Executing docking runs, stopping automatically after either reaching 0.15 kcal/mol standard deviation of
the best molecules of the last 4 * 5 generations, 42000 generations, or 2500000 evaluations:

Generations |  Evaluations |     Threshold    |  Average energy of best 10%  | Samples | Best Inter + Intra
------------+--------------+------------------+------------------------------+---------+-------------------
          0 |          150 |   -2.32 kcal/mol |   -2.86 +/-    0.22 kcal/mol |       6 |   -3.30 kcal/mol
          5 |       115116 |   -2.32 kcal/mol |   -6.59 +/-    2.03 kcal/mol |     968 |  -14.82 kcal/mol
         10 |       232694 |   -6.55 kcal/mol |  -11.97 +/-    0.97 kcal/mol |      29 |  -14.82 kcal/mol
         15 |       353026 |  -11.47 kcal/mol |  -14.00 +/-    1.60 kcal/mol |       4 |  -16.76 kcal/mol
         20 |       474595 |   -8.02 kcal/mol |  -12.68 +/-    1.43 kcal/mol |      31 |  -16.91 kcal/mol
         25 |       599568 |  -11.99 kcal/mol |  -15.97 +/-    0.67 kcal/mol |       4 |  -17.12 kcal/mol
         30 |       725134 |  -13.44 kcal/mol |  -16.32 +/-    1.29 kcal/mol |       4 |  -17.48 kcal/mol
         35 |       854096 |  -11.48 kcal/mol |  -15.37 +/-    1.25 kcal/mol |      10 |  -17.56 kcal/mol
         40 |       985051 |  -13.49 kcal/mol |  -16.79 +/-    0.48 kcal/mol |       9 |  -17.56 kcal/mol
         45 |      1116287 |  -15.98 kcal/mol |  -17.37 +/-    0.20 kcal/mol |       6 |  -17.62 kcal/mol
         50 |      1246801 |  -16.87 kcal/mol |  -17.62 +/-    0.04 kcal/mol |       4 |  -17.67 kcal/mol
         55 |      1378290 |  -17.06 kcal/mol |  -17.52 +/-    0.28 kcal/mol |       3 |  -17.85 kcal/mol
         60 |      1508581 |  -16.13 kcal/mol |  -17.43 +/-    0.32 kcal/mol |       5 |  -17.85 kcal/mol
         65 |      1640032 |  -16.45 kcal/mol |  -17.53 +/-    0.24 kcal/mol |       4 |  -17.85 kcal/mol
         70 |      1772274 |  -16.62 kcal/mol |  -17.29 +/-    0.36 kcal/mol |       5 |  -17.85 kcal/mol
         75 |      1903922 |  -16.22 kcal/mol |  -17.35 +/-    0.32 kcal/mol |       5 |  -17.85 kcal/mol
         80 |      2038131 |  -16.39 kcal/mol |  -17.69 +/-    0.36 kcal/mol |       4 |  -18.03 kcal/mol
         85 |      2171193 |  -16.35 kcal/mol |  -17.57 +/-    0.25 kcal/mol |       5 |  -18.03 kcal/mol
         90 |      2303769 |  -16.82 kcal/mol |  -17.62 +/-    0.21 kcal/mol |       5 |  -18.03 kcal/mol
         95 |      2439166 |  -17.00 kcal/mol |  -17.70 +/-    0.24 kcal/mol |       3 |  -18.03 kcal/mol
         98 |      2518555 |  -16.51 kcal/mol |  -17.65 +/-    0.25 kcal/mol |       7 |  -18.03 kcal/mol
------------+--------------+------------------+------------------------------+---------+-------------------

                                   Finished evaluation after reaching
                       2518555 evaluations. Best inter + intra   -18.03 kcal/mol.


Shutdown time 0.000742s

Job #3 took 1.872 sec after waiting 0.070 sec for setup

(Thread 0 is processing Job #3)
Run time of entire job set (3 files): 9.232 sec
Savings from multithreading: -0.000 sec
Idle time of execution thread: 4.660 sec

All jobs (3) ran without errors.
