AutoDock-GPU version: v1.6-7-ga46ab564d2ac5f1a1523f65239b43505a1c29364-dirty

Using 1 OpenMP threads

Running 7 docking calculations

Cuda device:                              NVIDIA A100-SXM4-40GB
Available memory on device:               39916 MB (total: 40339 MB)

CUDA Setup time 0.235972s
(Thread 0 is setting up Job #1)

Running Job #1:
    Device: NVIDIA A100-SXM4-40GB
    Grid map file: ./protein.maps.fld
    Ligand file: ./ligand_1_1.pdbqt
    Output file: docking_result_1.dlg (+ xml)
    Using heuristics: (capped) number of evaluations set to 3487417
    Overriding heuristics, setting number of evaluations to --nev = 2500000 instead.
    Local-search chosen method is: ADADELTA (ad)

Rest of Setup time 0.308842s

Executing docking runs, stopping automatically after either reaching 0.15 kcal/mol standard deviation of
the best molecules of the last 4 * 5 generations, 42000 generations, or 2500000 evaluations:

Generations |  Evaluations |     Threshold    |  Average energy of best 10%  | Samples | Best Inter + Intra
------------+--------------+------------------+------------------------------+---------+-------------------
          0 |          150 |   -1.63 kcal/mol |   -1.98 +/-    0.12 kcal/mol |       5 |   -2.13 kcal/mol
          5 |       130705 |   -1.63 kcal/mol |   -4.55 +/-    1.71 kcal/mol |    1016 |  -10.79 kcal/mol
         10 |       261705 |   -4.52 kcal/mol |   -9.13 +/-    1.17 kcal/mol |      61 |  -12.02 kcal/mol
         15 |       393220 |   -8.85 kcal/mol |  -11.57 +/-    0.32 kcal/mol |       9 |  -12.10 kcal/mol
         20 |       522701 |  -11.04 kcal/mol |  -11.83 +/-    0.18 kcal/mol |       5 |  -12.15 kcal/mol
         25 |       652942 |  -11.30 kcal/mol |  -11.99 +/-    0.11 kcal/mol |       4 |  -12.15 kcal/mol
         30 |       783357 |  -11.57 kcal/mol |  -11.97 +/-    0.14 kcal/mol |       6 |  -12.15 kcal/mol
         35 |       912807 |  -11.61 kcal/mol |  -12.11 +/-    0.11 kcal/mol |       5 |  -12.23 kcal/mol
         40 |      1040501 |  -11.79 kcal/mol |  -12.04 +/-    0.11 kcal/mol |      11 |  -12.25 kcal/mol
         45 |      1168207 |  -11.89 kcal/mol |  -12.03 +/-    0.13 kcal/mol |      12 |  -12.34 kcal/mol
         50 |      1293044 |  -11.87 kcal/mol |  -12.06 +/-    0.13 kcal/mol |      11 |  -12.37 kcal/mol
         55 |      1419938 |  -11.88 kcal/mol |  -12.07 +/-    0.12 kcal/mol |      11 |  -12.37 kcal/mol
         60 |      1542966 |  -11.90 kcal/mol |  -12.17 +/-    0.22 kcal/mol |      10 |  -12.73 kcal/mol
         65 |      1666693 |  -11.83 kcal/mol |  -12.49 +/-    0.24 kcal/mol |       5 |  -12.80 kcal/mol
         70 |      1790244 |  -11.76 kcal/mol |  -12.47 +/-    0.23 kcal/mol |       6 |  -12.80 kcal/mol
         75 |      1913590 |  -11.89 kcal/mol |  -12.21 +/-    0.23 kcal/mol |       9 |  -12.80 kcal/mol
         80 |      2037056 |  -11.82 kcal/mol |  -12.49 +/-    0.19 kcal/mol |       6 |  -12.87 kcal/mol
         85 |      2159788 |  -12.01 kcal/mol |  -12.35 +/-    0.22 kcal/mol |      16 |  -12.88 kcal/mol
         90 |      2281634 |  -12.14 kcal/mol |  -12.79 +/-    0.16 kcal/mol |       4 |  -12.88 kcal/mol
         95 |      2405172 |  -12.18 kcal/mol |  -12.46 +/-    0.23 kcal/mol |       5 |  -12.88 kcal/mol
         99 |      2501710 |  -11.78 kcal/mol |  -12.50 +/-    0.25 kcal/mol |      11 |  -12.92 kcal/mol
------------+--------------+------------------+------------------------------+---------+-------------------

                                   Finished evaluation after reaching
                       2501710 evaluations. Best inter + intra   -12.92 kcal/mol.


Shutdown time 0.000685s

Job #1 took 1.193 sec after waiting 4.489 sec for setup

(Thread 0 is processing Job #1)
(Thread 0 is setting up Job #2)

Running Job #2:
    Device: NVIDIA A100-SXM4-40GB
    Grid map file: ./protein.maps.fld
    Ligand file: ./ligand_2_2.pdbqt
    Output file: docking_result_2.dlg (+ xml)
    Using heuristics: (capped) number of evaluations set to 2280181
    Local-search chosen method is: ADADELTA (ad)

Rest of Setup time 0.309529s

Executing docking runs, stopping automatically after either reaching 0.15 kcal/mol standard deviation of
the best molecules of the last 4 * 5 generations, 42000 generations, or 2280181 evaluations:

Generations |  Evaluations |     Threshold    |  Average energy of best 10%  | Samples | Best Inter + Intra
------------+--------------+------------------+------------------------------+---------+-------------------
          0 |          150 |   -1.24 kcal/mol |   -2.07 +/-    0.27 kcal/mol |       5 |   -2.53 kcal/mol
          5 |       133880 |   -1.27 kcal/mol |   -4.48 +/-    1.42 kcal/mol |     906 |  -10.56 kcal/mol
         10 |       268317 |   -4.46 kcal/mol |   -8.14 +/-    0.73 kcal/mol |      43 |  -10.56 kcal/mol
         15 |       403670 |   -7.88 kcal/mol |  -10.42 +/-    0.43 kcal/mol |       6 |  -11.04 kcal/mol
         20 |       539356 |   -9.35 kcal/mol |  -10.41 +/-    0.38 kcal/mol |       4 |  -11.04 kcal/mol
         25 |       672750 |   -8.97 kcal/mol |  -10.43 +/-    0.24 kcal/mol |       9 |  -11.04 kcal/mol
         30 |       805133 |  -10.04 kcal/mol |  -10.85 +/-    0.19 kcal/mol |       6 |  -11.14 kcal/mol
         35 |       938563 |  -10.39 kcal/mol |  -10.89 +/-    0.24 kcal/mol |       4 |  -11.17 kcal/mol
         40 |      1068267 |  -10.00 kcal/mol |  -10.97 +/-    0.36 kcal/mol |       6 |  -11.43 kcal/mol
         45 |      1199452 |  -10.06 kcal/mol |  -10.97 +/-    0.31 kcal/mol |       4 |  -11.43 kcal/mol
         50 |      1331548 |   -9.81 kcal/mol |  -10.74 +/-    0.30 kcal/mol |       9 |  -11.43 kcal/mol
         55 |      1465228 |  -10.23 kcal/mol |  -11.05 +/-    0.20 kcal/mol |       7 |  -11.43 kcal/mol
         60 |      1596307 |  -10.63 kcal/mol |  -11.21 +/-    0.18 kcal/mol |       5 |  -11.44 kcal/mol
         65 |      1730232 |  -10.67 kcal/mol |  -11.31 +/-    0.18 kcal/mol |       5 |  -11.46 kcal/mol
         70 |      1863686 |  -10.77 kcal/mol |  -11.45 +/-    0.15 kcal/mol |       5 |  -11.57 kcal/mol
         75 |      1996115 |  -10.99 kcal/mol |  -11.44 +/-    0.14 kcal/mol |       4 |  -11.57 kcal/mol
         80 |      2130235 |  -10.92 kcal/mol |  -11.49 +/-    0.13 kcal/mol |       6 |  -11.57 kcal/mol
         85 |      2263267 |  -11.16 kcal/mol |  -11.54 +/-    0.02 kcal/mol |       4 |  -11.57 kcal/mol
------------+--------------+------------------+------------------------------+---------+-------------------

                                   Finished evaluation after reaching
                                  -11.48 +/-    0.13 kcal/mol combined.
                             19 samples, best inter + intra   -11.57 kcal/mol.


Shutdown time 0.000640s

Job #2 took 0.981 sec after waiting 0.032 sec for setup

(Thread 0 is processing Job #2)
(Thread 0 is setting up Job #3)

Running Job #3:
    Device: NVIDIA A100-SXM4-40GB
    Grid map file: ./protein.maps.fld
    Ligand file: ./ligand_3_3.pdbqt
    Output file: docking_result_3.dlg (+ xml)
    Using heuristics: (capped) number of evaluations set to 2068966
    Local-search chosen method is: ADADELTA (ad)

Rest of Setup time 0.305049s

Executing docking runs, stopping automatically after either reaching 0.15 kcal/mol standard deviation of
the best molecules of the last 4 * 5 generations, 42000 generations, or 2068966 evaluations:

Generations |  Evaluations |     Threshold    |  Average energy of best 10%  | Samples | Best Inter + Intra
------------+--------------+------------------+------------------------------+---------+-------------------
          0 |          150 |   -1.42 kcal/mol |   -2.29 +/-    0.31 kcal/mol |       4 |   -2.64 kcal/mol
          5 |       142303 |   -1.11 kcal/mol |   -4.19 +/-    1.16 kcal/mol |     954 |   -8.77 kcal/mol
         10 |       283365 |   -4.17 kcal/mol |   -7.24 +/-    0.64 kcal/mol |      63 |   -9.25 kcal/mol
         15 |       424115 |   -7.09 kcal/mol |   -8.87 +/-    0.29 kcal/mol |      14 |   -9.38 kcal/mol
         20 |       563800 |   -8.56 kcal/mol |   -9.18 +/-    0.23 kcal/mol |       8 |   -9.70 kcal/mol
         25 |       703575 |   -8.75 kcal/mol |   -9.28 +/-    0.15 kcal/mol |      12 |   -9.70 kcal/mol
         30 |       840506 |   -9.09 kcal/mol |   -9.37 +/-    0.20 kcal/mol |      13 |   -9.70 kcal/mol
         35 |       979801 |   -9.14 kcal/mol |   -9.32 +/-    0.15 kcal/mol |      14 |   -9.70 kcal/mol
         40 |      1117556 |   -9.16 kcal/mol |   -9.38 +/-    0.17 kcal/mol |      14 |   -9.70 kcal/mol
         45 |      1254279 |   -9.20 kcal/mol |   -9.37 +/-    0.14 kcal/mol |      14 |   -9.70 kcal/mol
         50 |      1390344 |   -9.22 kcal/mol |   -9.36 +/-    0.12 kcal/mol |      18 |   -9.70 kcal/mol
------------+--------------+------------------+------------------------------+---------+-------------------

                                   Finished evaluation after reaching
                                   -9.36 +/-    0.15 kcal/mol combined.
                             60 samples, best inter + intra    -9.70 kcal/mol.


Shutdown time 0.000633s

Job #3 took 0.629 sec after waiting 0.028 sec for setup

(Thread 0 is processing Job #3)
(Thread 0 is setting up Job #4)

Running Job #4:
    Device: NVIDIA A100-SXM4-40GB
    Grid map file: ./protein.maps.fld
    Ligand file: ./ligand_4_4.pdbqt
    Output file: docking_result_4.dlg (+ xml)
    Using heuristics: (capped) number of evaluations set to 2068966
    Local-search chosen method is: ADADELTA (ad)

Rest of Setup time 0.305521s

Executing docking runs, stopping automatically after either reaching 0.15 kcal/mol standard deviation of
the best molecules of the last 4 * 5 generations, 42000 generations, or 2068966 evaluations:

Generations |  Evaluations |     Threshold    |  Average energy of best 10%  | Samples | Best Inter + Intra
------------+--------------+------------------+------------------------------+---------+-------------------
          0 |          150 |   -1.83 kcal/mol |   -2.22 +/-    0.10 kcal/mol |       4 |   -2.34 kcal/mol
          5 |       134383 |   -1.83 kcal/mol |   -4.69 +/-    1.42 kcal/mol |     890 |   -9.69 kcal/mol
         10 |       265270 |   -4.66 kcal/mol |   -8.58 +/-    0.84 kcal/mol |      39 |  -10.41 kcal/mol
         15 |       397746 |   -8.26 kcal/mol |  -10.38 +/-    0.28 kcal/mol |       8 |  -10.90 kcal/mol
         20 |       529758 |   -9.85 kcal/mol |  -10.73 +/-    0.17 kcal/mol |       4 |  -10.91 kcal/mol
         25 |       661163 |  -10.08 kcal/mol |  -10.71 +/-    0.22 kcal/mol |      10 |  -11.05 kcal/mol
         30 |       792615 |  -10.37 kcal/mol |  -10.81 +/-    0.18 kcal/mol |      10 |  -11.13 kcal/mol
         35 |       923275 |  -10.53 kcal/mol |  -10.96 +/-    0.18 kcal/mol |       6 |  -11.19 kcal/mol
         40 |      1053304 |  -10.50 kcal/mol |  -11.03 +/-    0.24 kcal/mol |      13 |  -11.65 kcal/mol
         45 |      1182417 |  -10.75 kcal/mol |  -11.55 +/-    0.23 kcal/mol |       4 |  -11.76 kcal/mol
         50 |      1310480 |  -10.70 kcal/mol |  -11.43 +/-    0.20 kcal/mol |       5 |  -11.79 kcal/mol
         55 |      1440063 |  -10.82 kcal/mol |  -11.65 +/-    0.16 kcal/mol |       5 |  -11.79 kcal/mol
         60 |      1566827 |  -11.17 kcal/mol |  -11.57 +/-    0.15 kcal/mol |       5 |  -11.79 kcal/mol
         65 |      1693758 |  -11.13 kcal/mol |  -11.54 +/-    0.17 kcal/mol |       8 |  -11.79 kcal/mol
         70 |      1818867 |  -11.23 kcal/mol |  -11.69 +/-    0.12 kcal/mol |       6 |  -11.80 kcal/mol
         75 |      1946154 |  -11.38 kcal/mol |  -11.81 +/-    0.01 kcal/mol |       2 |  -11.82 kcal/mol
         80 |      2074166 |  -10.69 kcal/mol |  -11.62 +/-    0.24 kcal/mol |      11 |  -11.82 kcal/mol
------------+--------------+------------------+------------------------------+---------+-------------------

                                   Finished evaluation after reaching
                       2074166 evaluations. Best inter + intra   -11.82 kcal/mol.


Shutdown time 0.000679s

Job #4 took 0.908 sec after waiting 0.020 sec for setup

(Thread 0 is processing Job #4)
(Thread 0 is setting up Job #5)

Running Job #5:
    Device: NVIDIA A100-SXM4-40GB
    Grid map file: ./protein.maps.fld
    Ligand file: ./ligand_5_5.pdbqt
    Output file: docking_result_5.dlg (+ xml)
    Using heuristics: (capped) number of evaluations set to 4951475
    Overriding heuristics, setting number of evaluations to --nev = 2500000 instead.
    Warning: The set number of evals is 29.66% of the uncapped heuristics estimate of 8429805 evals.
             This means this docking may not be able to converge. Increasing --heurmax may improve
             convergence but will also increase runtime.
             AutoStop will not stop before 27.75% (693732) of the set number of evaluations.
    Local-search chosen method is: ADADELTA (ad)

Rest of Setup time 0.308482s

Executing docking runs, stopping automatically after either reaching 0.15 kcal/mol standard deviation of
the best molecules of the last 4 * 5 generations, 42000 generations, or 2500000 evaluations:

Generations |  Evaluations |     Threshold    |  Average energy of best 10%  | Samples | Best Inter + Intra
------------+--------------+------------------+------------------------------+---------+-------------------
          0 |          150 |  124.44 kcal/mol |  103.47 +/-    6.99 kcal/mol |       5 |   90.71 kcal/mol
          5 |       123832 |  124.44 kcal/mol |   11.42 +/-   13.21 kcal/mol |    1261 |   -8.36 kcal/mol
         10 |       218673 |   11.58 kcal/mol |   -8.22 +/-    0.25 kcal/mol |       4 |   -8.57 kcal/mol
         15 |       304000 |   -7.28 kcal/mol |   -8.37 +/-    0.26 kcal/mol |       6 |   -8.68 kcal/mol
         20 |       376084 |   -7.72 kcal/mol |   -8.53 +/-    0.18 kcal/mol |       7 |   -8.83 kcal/mol
         25 |       440653 |   -8.15 kcal/mol |   -8.94 +/-    0.34 kcal/mol |       9 |   -9.70 kcal/mol
         30 |       501546 |   -8.37 kcal/mol |  -10.11 +/-    0.44 kcal/mol |       8 |  -10.69 kcal/mol
         35 |       560118 |   -9.28 kcal/mol |  -10.38 +/-    0.26 kcal/mol |       4 |  -10.77 kcal/mol
         40 |       620238 |   -9.42 kcal/mol |  -10.53 +/-    0.39 kcal/mol |      12 |  -11.46 kcal/mol
         45 |       681735 |  -10.04 kcal/mol |  -10.61 +/-    0.55 kcal/mol |       4 |  -11.46 kcal/mol
         50 |       743417 |   -8.56 kcal/mol |  -10.33 +/-    0.54 kcal/mol |      11 |  -11.46 kcal/mol
         55 |       806686 |   -9.60 kcal/mol |  -11.11 +/-    0.36 kcal/mol |       6 |  -11.50 kcal/mol
         60 |       868681 |  -10.20 kcal/mol |  -11.02 +/-    0.23 kcal/mol |       6 |  -11.50 kcal/mol
         65 |       933195 |  -10.46 kcal/mol |  -11.12 +/-    0.23 kcal/mol |       5 |  -11.50 kcal/mol
         70 |       997065 |  -10.45 kcal/mol |  -11.25 +/-    0.27 kcal/mol |       4 |  -11.50 kcal/mol
         75 |      1060344 |  -10.23 kcal/mol |  -11.16 +/-    0.24 kcal/mol |       9 |  -11.50 kcal/mol
         80 |      1123087 |  -10.77 kcal/mol |  -11.43 +/-    0.08 kcal/mol |       8 |  -11.50 kcal/mol
         85 |      1187700 |  -11.29 kcal/mol |  -11.44 +/-    0.08 kcal/mol |       6 |  -11.55 kcal/mol
         90 |      1253738 |  -11.24 kcal/mol |  -11.52 +/-    0.10 kcal/mol |       5 |  -11.65 kcal/mol
         95 |      1319309 |  -11.22 kcal/mol |  -11.48 +/-    0.20 kcal/mol |      10 |  -11.96 kcal/mol
        100 |      1385614 |  -11.19 kcal/mol |  -11.57 +/-    0.30 kcal/mol |      10 |  -12.42 kcal/mol
        105 |      1450420 |  -11.13 kcal/mol |  -11.89 +/-    0.36 kcal/mol |       4 |  -12.42 kcal/mol
        110 |      1514327 |  -10.53 kcal/mol |  -11.69 +/-    0.34 kcal/mol |      10 |  -12.42 kcal/mol
        115 |      1577690 |  -11.18 kcal/mol |  -12.00 +/-    0.28 kcal/mol |       4 |  -12.42 kcal/mol
        120 |      1642109 |  -10.96 kcal/mol |  -11.90 +/-    0.36 kcal/mol |       4 |  -12.42 kcal/mol
        125 |      1705313 |  -10.56 kcal/mol |  -11.62 +/-    0.30 kcal/mol |      17 |  -12.42 kcal/mol
        130 |      1768672 |  -11.36 kcal/mol |  -12.21 +/-    0.12 kcal/mol |      10 |  -12.42 kcal/mol
        135 |      1832076 |  -12.04 kcal/mol |  -12.34 +/-    0.10 kcal/mol |       3 |  -12.42 kcal/mol
        140 |      1894911 |  -11.83 kcal/mol |  -12.10 +/-    0.22 kcal/mol |       6 |  -12.42 kcal/mol
        145 |      1956431 |  -11.56 kcal/mol |  -12.28 +/-    0.18 kcal/mol |       4 |  -12.52 kcal/mol
        150 |      2018460 |  -11.61 kcal/mol |  -12.25 +/-    0.14 kcal/mol |      10 |  -12.52 kcal/mol
        155 |      2079722 |  -12.04 kcal/mol |  -12.25 +/-    0.15 kcal/mol |       7 |  -12.52 kcal/mol
        160 |      2141328 |  -11.92 kcal/mol |  -12.12 +/-    0.17 kcal/mol |      11 |  -12.52 kcal/mol
        165 |      2203895 |  -11.89 kcal/mol |  -12.24 +/-    0.19 kcal/mol |       4 |  -12.52 kcal/mol
        170 |      2265707 |  -11.51 kcal/mol |  -12.18 +/-    0.20 kcal/mol |      11 |  -12.52 kcal/mol
        175 |      2327622 |  -11.90 kcal/mol |  -12.30 +/-    0.16 kcal/mol |       7 |  -12.52 kcal/mol
        180 |      2388451 |  -11.95 kcal/mol |  -12.20 +/-    0.20 kcal/mol |      14 |  -12.52 kcal/mol
        185 |      2448340 |  -11.99 kcal/mol |  -12.18 +/-    0.13 kcal/mol |      17 |  -12.52 kcal/mol
        190 |      2508579 |  -12.07 kcal/mol |  -12.25 +/-    0.12 kcal/mol |      21 |  -12.52 kcal/mol
------------+--------------+------------------+------------------------------+---------+-------------------

                                   Finished evaluation after reaching
                       2508579 evaluations. Best inter + intra   -12.52 kcal/mol.


Shutdown time 0.000721s

Job #5 took 1.536 sec after waiting 0.028 sec for setup

(Thread 0 is processing Job #5)
(Thread 0 is setting up Job #6)

Running Job #6:
    Device: NVIDIA A100-SXM4-40GB
    Grid map file: ./protein.maps.fld
    Ligand file: ./ligand_6_6.pdbqt
    Output file: docking_result_6.dlg (+ xml)
    Using heuristics: (capped) number of evaluations set to 5732309
    Overriding heuristics, setting number of evaluations to --nev = 2500000 instead.
    Warning: The set number of evals is 22.78% of the uncapped heuristics estimate of 10974965 evals.
             This means this docking may not be able to converge. Increasing --heurmax may improve
             convergence but will also increase runtime.
             AutoStop will not stop before 40.36% (1009012) of the set number of evaluations.
    Local-search chosen method is: ADADELTA (ad)

Rest of Setup time 0.306674s

Executing docking runs, stopping automatically after either reaching 0.15 kcal/mol standard deviation of
the best molecules of the last 4 * 5 generations, 42000 generations, or 2500000 evaluations:

Generations |  Evaluations |     Threshold    |  Average energy of best 10%  | Samples | Best Inter + Intra
------------+--------------+------------------+------------------------------+---------+-------------------
          0 |          150 |  135.25 kcal/mol |   89.35 +/-   12.24 kcal/mol |       4 |   69.31 kcal/mol
          5 |       125711 |  135.25 kcal/mol |    6.04 +/-   16.30 kcal/mol |    1266 |   -7.75 kcal/mol
         10 |       218547 |    6.23 kcal/mol |   -8.21 +/-    0.22 kcal/mol |       4 |   -8.35 kcal/mol
         15 |       303971 |   -7.38 kcal/mol |   -8.42 +/-    0.56 kcal/mol |      14 |   -9.45 kcal/mol
         20 |       381413 |   -7.82 kcal/mol |   -9.41 +/-    0.34 kcal/mol |       5 |   -9.97 kcal/mol
         25 |       447903 |   -8.40 kcal/mol |   -9.78 +/-    0.47 kcal/mol |       4 |  -10.34 kcal/mol
         30 |       512123 |   -8.01 kcal/mol |   -9.73 +/-    0.51 kcal/mol |      23 |  -10.67 kcal/mol
         35 |       572513 |   -9.39 kcal/mol |  -10.40 +/-    0.22 kcal/mol |       4 |  -10.77 kcal/mol
         40 |       634703 |   -9.56 kcal/mol |  -10.38 +/-    0.47 kcal/mol |       5 |  -11.28 kcal/mol
         45 |       696833 |   -8.98 kcal/mol |  -10.50 +/-    0.42 kcal/mol |       7 |  -11.35 kcal/mol
         50 |       757293 |   -9.60 kcal/mol |  -10.77 +/-    0.34 kcal/mol |       4 |  -11.35 kcal/mol
         55 |       817996 |   -9.48 kcal/mol |  -10.48 +/-    0.39 kcal/mol |       6 |  -11.35 kcal/mol
         60 |       879040 |   -9.50 kcal/mol |  -10.63 +/-    0.42 kcal/mol |       4 |  -11.35 kcal/mol
         65 |       940533 |   -9.04 kcal/mol |  -10.29 +/-    0.38 kcal/mol |      10 |  -11.35 kcal/mol
         70 |      1002197 |   -9.72 kcal/mol |  -10.95 +/-    0.31 kcal/mol |       7 |  -11.36 kcal/mol
         75 |      1063053 |  -10.29 kcal/mol |  -10.79 +/-    0.24 kcal/mol |       7 |  -11.36 kcal/mol
         80 |      1124299 |  -10.27 kcal/mol |  -10.96 +/-    0.24 kcal/mol |       8 |  -11.36 kcal/mol
         85 |      1185719 |  -10.50 kcal/mol |  -10.89 +/-    0.24 kcal/mol |      10 |  -11.39 kcal/mol
         90 |      1247688 |  -10.52 kcal/mol |  -10.89 +/-    0.29 kcal/mol |       7 |  -11.57 kcal/mol
         95 |      1309229 |  -10.28 kcal/mol |  -11.22 +/-    0.22 kcal/mol |       8 |  -11.57 kcal/mol
        100 |      1370971 |  -10.81 kcal/mol |  -11.24 +/-    0.28 kcal/mol |       4 |  -11.57 kcal/mol
        105 |      1431577 |  -10.18 kcal/mol |  -11.04 +/-    0.28 kcal/mol |       5 |  -11.57 kcal/mol
        110 |      1494019 |  -10.19 kcal/mol |  -11.10 +/-    0.24 kcal/mol |       6 |  -11.57 kcal/mol
        115 |      1556635 |  -10.50 kcal/mol |  -11.10 +/-    0.28 kcal/mol |       4 |  -11.57 kcal/mol
        120 |      1617242 |  -10.04 kcal/mol |  -11.03 +/-    0.26 kcal/mol |       9 |  -11.57 kcal/mol
        125 |      1678299 |  -10.60 kcal/mol |  -11.05 +/-    0.22 kcal/mol |      12 |  -11.57 kcal/mol
        130 |      1739019 |  -10.78 kcal/mol |  -11.25 +/-    0.17 kcal/mol |      17 |  -11.62 kcal/mol
        135 |      1800989 |  -11.10 kcal/mol |  -11.29 +/-    0.15 kcal/mol |      10 |  -11.62 kcal/mol
        140 |      1861759 |  -11.07 kcal/mol |  -11.42 +/-    0.14 kcal/mol |       6 |  -11.62 kcal/mol
        145 |      1922664 |  -11.06 kcal/mol |  -11.28 +/-    0.16 kcal/mol |       9 |  -11.62 kcal/mol
        150 |      1983735 |  -11.01 kcal/mol |  -11.19 +/-    0.17 kcal/mol |      12 |  -11.62 kcal/mol
        155 |      2043715 |  -10.98 kcal/mol |  -11.25 +/-    0.22 kcal/mol |      22 |  -11.78 kcal/mol
        160 |      2103145 |  -11.10 kcal/mol |  -11.42 +/-    0.17 kcal/mol |      17 |  -11.78 kcal/mol
        165 |      2163416 |  -11.27 kcal/mol |  -11.51 +/-    0.19 kcal/mol |      11 |  -11.85 kcal/mol
        170 |      2222336 |  -11.26 kcal/mol |  -11.69 +/-    0.18 kcal/mol |       9 |  -12.03 kcal/mol
        175 |      2281169 |  -11.40 kcal/mol |  -11.79 +/-    0.27 kcal/mol |       5 |  -12.03 kcal/mol
        180 |      2340019 |  -10.98 kcal/mol |  -11.34 +/-    0.20 kcal/mol |      20 |  -12.03 kcal/mol
        185 |      2400176 |  -11.19 kcal/mol |  -11.46 +/-    0.18 kcal/mol |      15 |  -12.06 kcal/mol
        190 |      2459247 |  -11.28 kcal/mol |  -11.94 +/-    0.18 kcal/mol |       6 |  -12.18 kcal/mol
        194 |      2506833 |  -11.49 kcal/mol |  -11.91 +/-    0.18 kcal/mol |      11 |  -12.18 kcal/mol
------------+--------------+------------------+------------------------------+---------+-------------------

                                   Finished evaluation after reaching
                       2506833 evaluations. Best inter + intra   -12.18 kcal/mol.


Shutdown time 0.000720s

Job #6 took 1.575 sec after waiting 0.031 sec for setup

(Thread 0 is processing Job #6)
(Thread 0 is setting up Job #7)

Running Job #7:
    Device: NVIDIA A100-SXM4-40GB
    Grid map file: ./protein.maps.fld
    Ligand file: ./ligand_7_7.pdbqt
    Output file: docking_result_7.dlg (+ xml)
    Using heuristics: (capped) number of evaluations set to 2280181
    Local-search chosen method is: ADADELTA (ad)

Rest of Setup time 0.307697s

Executing docking runs, stopping automatically after either reaching 0.15 kcal/mol standard deviation of
the best molecules of the last 4 * 5 generations, 42000 generations, or 2280181 evaluations:

Generations |  Evaluations |     Threshold    |  Average energy of best 10%  | Samples | Best Inter + Intra
------------+--------------+------------------+------------------------------+---------+-------------------
          0 |          150 |   -1.57 kcal/mol |   -1.88 +/-    0.14 kcal/mol |       7 |   -2.11 kcal/mol
          5 |       126449 |   -1.57 kcal/mol |   -4.64 +/-    1.54 kcal/mol |     884 |  -10.60 kcal/mol
         10 |       253471 |   -4.62 kcal/mol |   -8.61 +/-    0.85 kcal/mol |      41 |  -12.01 kcal/mol
         15 |       385607 |   -8.29 kcal/mol |  -10.92 +/-    0.71 kcal/mol |       7 |  -12.02 kcal/mol
         20 |       517651 |   -9.41 kcal/mol |  -11.27 +/-    0.41 kcal/mol |       5 |  -12.04 kcal/mol
         25 |       649534 |  -10.05 kcal/mol |  -11.34 +/-    0.30 kcal/mol |       7 |  -12.04 kcal/mol
         30 |       780054 |  -10.70 kcal/mol |  -11.69 +/-    0.28 kcal/mol |       5 |  -12.04 kcal/mol
         35 |       908543 |  -10.86 kcal/mol |  -12.01 +/-    0.53 kcal/mol |       4 |  -12.86 kcal/mol
         40 |      1035380 |  -10.01 kcal/mol |  -11.76 +/-    0.61 kcal/mol |       9 |  -12.87 kcal/mol
         45 |      1162929 |  -10.75 kcal/mol |  -12.64 +/-    0.41 kcal/mol |       8 |  -13.13 kcal/mol
         50 |      1290576 |  -11.88 kcal/mol |  -12.61 +/-    0.37 kcal/mol |       4 |  -13.17 kcal/mol
         55 |      1419399 |  -11.22 kcal/mol |  -12.36 +/-    0.44 kcal/mol |       9 |  -13.17 kcal/mol
         60 |      1544552 |  -11.62 kcal/mol |  -12.42 +/-    0.47 kcal/mol |       4 |  -13.17 kcal/mol
         65 |      1670233 |  -10.67 kcal/mol |  -12.32 +/-    0.55 kcal/mol |      12 |  -13.17 kcal/mol
         70 |      1797041 |  -11.63 kcal/mol |  -12.75 +/-    0.22 kcal/mol |       5 |  -13.17 kcal/mol
         75 |      1925355 |  -12.10 kcal/mol |  -12.84 +/-    0.23 kcal/mol |       3 |  -13.17 kcal/mol
         80 |      2052961 |  -11.67 kcal/mol |  -12.84 +/-    0.29 kcal/mol |       5 |  -13.17 kcal/mol
         85 |      2180057 |  -11.98 kcal/mol |  -12.92 +/-    0.21 kcal/mol |       5 |  -13.17 kcal/mol
         89 |      2281722 |  -12.30 kcal/mol |  -12.97 +/-    0.19 kcal/mol |      12 |  -13.17 kcal/mol
------------+--------------+------------------+------------------------------+---------+-------------------

                                   Finished evaluation after reaching
                       2281722 evaluations. Best inter + intra   -13.17 kcal/mol.


Shutdown time 0.000670s

Job #7 took 1.066 sec after waiting 0.033 sec for setup

(Thread 0 is processing Job #7)
Run time of entire job set (7 files): 12.578 sec
Savings from multithreading: -0.001 sec
Idle time of execution thread: 4.690 sec

All jobs (7) ran without errors.
