AutoDock-GPU version: v1.6-7-ga46ab564d2ac5f1a1523f65239b43505a1c29364-dirty

Running 1 docking calculation

Cuda device:                              NVIDIA A100-SXM4-40GB
Available memory on device:               39916 MB (total: 40339 MB)

CUDA Setup time 0.232523s
(Thread 0 is setting up Job #1)

Running Job #1
    Using heuristics: (capped) number of evaluations set to 2845257
    Overriding heuristics, setting number of evaluations to --nev = 2500000 instead.
    Local-search chosen method is: ADADELTA (ad)

Rest of Setup time 0.308711s

Executing docking runs, stopping automatically after either reaching 0.15 kcal/mol standard deviation of
the best molecules of the last 4 * 5 generations, 42000 generations, or 2500000 evaluations:

Generations |  Evaluations |     Threshold    |  Average energy of best 10%  | Samples | Best Inter + Intra
------------+--------------+------------------+------------------------------+---------+-------------------
          0 |          150 |   -2.13 kcal/mol |   -2.64 +/-    0.23 kcal/mol |       8 |   -3.13 kcal/mol
          5 |       137460 |   -2.21 kcal/mol |   -6.16 +/-    1.86 kcal/mol |    1170 |  -12.21 kcal/mol
         10 |       275569 |   -6.13 kcal/mol |  -10.74 +/-    0.73 kcal/mol |      56 |  -13.51 kcal/mol
         15 |       420086 |  -10.55 kcal/mol |  -12.57 +/-    0.66 kcal/mol |       9 |  -13.81 kcal/mol
         20 |       564793 |  -11.47 kcal/mol |  -13.71 +/-    0.61 kcal/mol |       4 |  -14.32 kcal/mol
         25 |       706157 |  -11.40 kcal/mol |  -13.38 +/-    0.58 kcal/mol |      10 |  -14.38 kcal/mol
         30 |       848094 |  -12.51 kcal/mol |  -13.98 +/-    0.23 kcal/mol |      12 |  -14.39 kcal/mol
         35 |       990221 |  -13.69 kcal/mol |  -14.41 +/-    0.32 kcal/mol |       4 |  -14.95 kcal/mol
         40 |      1131475 |  -13.21 kcal/mol |  -14.44 +/-    0.44 kcal/mol |       7 |  -14.96 kcal/mol
         45 |      1269337 |  -13.51 kcal/mol |  -14.83 +/-    0.16 kcal/mol |       4 |  -14.98 kcal/mol
         50 |      1408549 |  -14.23 kcal/mol |  -14.79 +/-    0.26 kcal/mol |       4 |  -14.98 kcal/mol
         55 |      1547849 |  -13.82 kcal/mol |  -14.80 +/-    0.23 kcal/mol |       5 |  -14.98 kcal/mol
         60 |      1683295 |  -14.10 kcal/mol |  -14.76 +/-    0.20 kcal/mol |       6 |  -14.98 kcal/mol
         65 |      1820354 |  -14.27 kcal/mol |  -14.96 +/-    0.02 kcal/mol |       4 |  -14.98 kcal/mol
         70 |      1955077 |  -14.40 kcal/mol |  -14.97 +/-    0.01 kcal/mol |       6 |  -14.98 kcal/mol
         75 |      2086644 |  -14.60 kcal/mol |  -14.84 +/-    0.12 kcal/mol |       9 |  -14.98 kcal/mol
------------+--------------+------------------+------------------------------+---------+-------------------

                                   Finished evaluation after reaching
                                  -14.87 +/-    0.15 kcal/mol combined.
                             25 samples, best inter + intra   -14.98 kcal/mol.


Shutdown time 0.000654s

Job #1 took 1.260 sec after waiting 4.495 sec for setup

(Thread 0 is processing Job #1)
Run time of entire job set (1 file): 5.806 sec
Processing time: 0.051 sec

All jobs (1) ran without errors.
