AutoDock-GPU version: v1.6-7-ga46ab564d2ac5f1a1523f65239b43505a1c29364-dirty

Using 1 OpenMP threads

Running 7 docking calculations

Cuda device:                              NVIDIA A100-SXM4-40GB
Available memory on device:               39916 MB (total: 40339 MB)

CUDA Setup time 0.236468s
(Thread 0 is setting up Job #1)

Running Job #1:
    Device: NVIDIA A100-SXM4-40GB
    Grid map file: ./protein.maps.fld
    Ligand file: ./ligand_1_1.pdbqt
    Output file: docking_result_1.dlg (+ xml)
    Using heuristics: (capped) number of evaluations set to 2280181
    Local-search chosen method is: ADADELTA (ad)

Rest of Setup time 0.308414s

Executing docking runs, stopping automatically after either reaching 0.15 kcal/mol standard deviation of
the best molecules of the last 4 * 5 generations, 42000 generations, or 2280181 evaluations:

Generations |  Evaluations |     Threshold    |  Average energy of best 10%  | Samples | Best Inter + Intra
------------+--------------+------------------+------------------------------+---------+-------------------
          0 |          150 |   -1.21 kcal/mol |   -2.45 +/-    0.41 kcal/mol |      11 |   -3.36 kcal/mol
          5 |       111603 |   -1.89 kcal/mol |   -5.78 +/-    1.86 kcal/mol |     795 |  -12.79 kcal/mol
         10 |       224207 |   -5.74 kcal/mol |  -10.63 +/-    0.76 kcal/mol |      44 |  -12.79 kcal/mol
         15 |       335964 |  -10.37 kcal/mol |  -12.40 +/-    0.45 kcal/mol |       8 |  -13.25 kcal/mol
         20 |       453017 |  -11.55 kcal/mol |  -12.86 +/-    0.21 kcal/mol |       9 |  -13.30 kcal/mol
         25 |       570802 |  -12.52 kcal/mol |  -12.96 +/-    0.17 kcal/mol |       9 |  -13.30 kcal/mol
         30 |       690518 |  -12.68 kcal/mol |  -13.19 +/-    0.09 kcal/mol |      11 |  -13.30 kcal/mol
         35 |       807932 |  -13.06 kcal/mol |  -13.27 +/-    0.05 kcal/mol |       6 |  -13.33 kcal/mol
         40 |       922138 |  -12.90 kcal/mol |  -13.30 +/-    0.16 kcal/mol |       9 |  -13.57 kcal/mol
         45 |      1037029 |  -13.03 kcal/mol |  -13.30 +/-    0.15 kcal/mol |       8 |  -13.64 kcal/mol
         50 |      1153236 |  -13.01 kcal/mol |  -13.33 +/-    0.16 kcal/mol |      10 |  -13.64 kcal/mol
         55 |      1273038 |  -13.08 kcal/mol |  -13.34 +/-    0.16 kcal/mol |      10 |  -13.64 kcal/mol
         60 |      1390645 |  -13.10 kcal/mol |  -13.32 +/-    0.15 kcal/mol |       9 |  -13.64 kcal/mol
         65 |      1509298 |  -13.07 kcal/mol |  -13.31 +/-    0.14 kcal/mol |       9 |  -13.64 kcal/mol
         70 |      1627041 |  -13.07 kcal/mol |  -13.41 +/-    0.17 kcal/mol |      11 |  -13.71 kcal/mol
         75 |      1745568 |  -13.18 kcal/mol |  -13.37 +/-    0.18 kcal/mol |       8 |  -13.81 kcal/mol
         80 |      1862148 |  -13.02 kcal/mol |  -13.29 +/-    0.19 kcal/mol |      15 |  -13.90 kcal/mol
         85 |      1978457 |  -13.10 kcal/mol |  -13.42 +/-    0.25 kcal/mol |      15 |  -14.04 kcal/mol
         90 |      2095993 |  -13.16 kcal/mol |  -13.97 +/-    0.16 kcal/mol |       4 |  -14.06 kcal/mol
         95 |      2215260 |  -13.36 kcal/mol |  -13.84 +/-    0.18 kcal/mol |       6 |  -14.07 kcal/mol
         98 |      2288770 |  -13.40 kcal/mol |  -13.85 +/-    0.17 kcal/mol |      11 |  -14.07 kcal/mol
------------+--------------+------------------+------------------------------+---------+-------------------

                                   Finished evaluation after reaching
                       2288770 evaluations. Best inter + intra   -14.07 kcal/mol.


Shutdown time 0.000682s

Job #1 took 1.293 sec after waiting 4.560 sec for setup

(Thread 0 is processing Job #1)
(Thread 0 is setting up Job #2)

Running Job #2:
    Device: NVIDIA A100-SXM4-40GB
    Grid map file: ./protein.maps.fld
    Ligand file: ./ligand_2_2.pdbqt
    Output file: docking_result_2.dlg (+ xml)
    Using heuristics: (capped) number of evaluations set to 2845257
    Overriding heuristics, setting number of evaluations to --nev = 2500000 instead.
    Local-search chosen method is: ADADELTA (ad)

Rest of Setup time 0.306575s

Executing docking runs, stopping automatically after either reaching 0.15 kcal/mol standard deviation of
the best molecules of the last 4 * 5 generations, 42000 generations, or 2500000 evaluations:

Generations |  Evaluations |     Threshold    |  Average energy of best 10%  | Samples | Best Inter + Intra
------------+--------------+------------------+------------------------------+---------+-------------------
          0 |          150 |   -1.44 kcal/mol |   -2.66 +/-    0.40 kcal/mol |       9 |   -3.74 kcal/mol
          5 |       115759 |   -1.99 kcal/mol |   -5.72 +/-    1.68 kcal/mol |     829 |  -11.49 kcal/mol
         10 |       233457 |   -5.69 kcal/mol |  -10.27 +/-    0.95 kcal/mol |      35 |  -11.93 kcal/mol
         15 |       353529 |   -9.87 kcal/mol |  -12.37 +/-    0.71 kcal/mol |       7 |  -13.95 kcal/mol
         20 |       473755 |  -10.84 kcal/mol |  -13.03 +/-    0.65 kcal/mol |      11 |  -14.02 kcal/mol
         25 |       592283 |  -12.13 kcal/mol |  -13.89 +/-    0.17 kcal/mol |       5 |  -14.11 kcal/mol
         30 |       714423 |  -13.38 kcal/mol |  -13.98 +/-    0.11 kcal/mol |       5 |  -14.15 kcal/mol
         35 |       834854 |  -13.65 kcal/mol |  -14.02 +/-    0.21 kcal/mol |       4 |  -14.21 kcal/mol
         40 |       954965 |  -13.22 kcal/mol |  -14.02 +/-    0.19 kcal/mol |       5 |  -14.21 kcal/mol
         45 |      1075301 |  -13.45 kcal/mol |  -14.21 +/-    0.29 kcal/mol |       9 |  -14.66 kcal/mol
         50 |      1193978 |  -13.73 kcal/mol |  -14.41 +/-    0.19 kcal/mol |       6 |  -14.66 kcal/mol
         55 |      1314911 |  -13.95 kcal/mol |  -14.36 +/-    0.20 kcal/mol |       7 |  -14.66 kcal/mol
         60 |      1435423 |  -13.93 kcal/mol |  -14.41 +/-    0.17 kcal/mol |       4 |  -14.66 kcal/mol
         65 |      1553930 |  -13.79 kcal/mol |  -14.23 +/-    0.23 kcal/mol |       7 |  -14.66 kcal/mol
         70 |      1672434 |  -13.74 kcal/mol |  -14.50 +/-    0.12 kcal/mol |       6 |  -14.66 kcal/mol
         75 |      1789948 |  -14.19 kcal/mol |  -14.52 +/-    0.16 kcal/mol |       4 |  -14.66 kcal/mol
         80 |      1909940 |  -13.91 kcal/mol |  -14.48 +/-    0.14 kcal/mol |       4 |  -14.66 kcal/mol
         85 |      2029438 |  -13.95 kcal/mol |  -14.30 +/-    0.20 kcal/mol |       9 |  -14.66 kcal/mol
         90 |      2149267 |  -13.97 kcal/mol |  -14.32 +/-    0.17 kcal/mol |      11 |  -14.66 kcal/mol
         95 |      2270016 |  -14.09 kcal/mol |  -14.47 +/-    0.16 kcal/mol |      10 |  -14.66 kcal/mol
        100 |      2390388 |  -14.24 kcal/mol |  -14.45 +/-    0.14 kcal/mol |       6 |  -14.66 kcal/mol
        105 |      2509825 |  -14.11 kcal/mol |  -14.45 +/-    0.15 kcal/mol |      10 |  -14.66 kcal/mol
------------+--------------+------------------+------------------------------+---------+-------------------

                                   Finished evaluation after reaching
                       2509825 evaluations. Best inter + intra   -14.66 kcal/mol.


Shutdown time 0.000660s

Job #2 took 1.392 sec after waiting 0.041 sec for setup

(Thread 0 is processing Job #2)
(Thread 0 is setting up Job #3)

Running Job #3:
    Device: NVIDIA A100-SXM4-40GB
    Grid map file: ./protein.maps.fld
    Ligand file: ./ligand_3_3.pdbqt
    Output file: docking_result_3.dlg (+ xml)
    Using heuristics: (capped) number of evaluations set to 2068966
    Local-search chosen method is: ADADELTA (ad)

Rest of Setup time 0.306781s

Executing docking runs, stopping automatically after either reaching 0.15 kcal/mol standard deviation of
the best molecules of the last 4 * 5 generations, 42000 generations, or 2068966 evaluations:

Generations |  Evaluations |     Threshold    |  Average energy of best 10%  | Samples | Best Inter + Intra
------------+--------------+------------------+------------------------------+---------+-------------------
          0 |          150 |   -2.22 kcal/mol |   -2.66 +/-    0.24 kcal/mol |       8 |   -3.23 kcal/mol
          5 |       112204 |   -2.22 kcal/mol |   -5.19 +/-    1.60 kcal/mol |     706 |  -11.66 kcal/mol
         10 |       228922 |   -5.16 kcal/mol |   -9.63 +/-    0.87 kcal/mol |      26 |  -11.66 kcal/mol
         15 |       347874 |   -9.12 kcal/mol |  -11.43 +/-    0.28 kcal/mol |       5 |  -11.66 kcal/mol
         20 |       465621 |  -10.58 kcal/mol |  -11.62 +/-    0.30 kcal/mol |       4 |  -12.02 kcal/mol
         25 |       582330 |  -10.48 kcal/mol |  -11.95 +/-    0.45 kcal/mol |       9 |  -12.41 kcal/mol
         30 |       704171 |  -11.19 kcal/mol |  -12.44 +/-    0.03 kcal/mol |       5 |  -12.48 kcal/mol
         35 |       822731 |  -11.99 kcal/mol |  -12.35 +/-    0.24 kcal/mol |       5 |  -12.64 kcal/mol
         40 |       941061 |  -11.64 kcal/mol |  -12.52 +/-    0.23 kcal/mol |       8 |  -12.95 kcal/mol
         45 |      1059619 |  -12.08 kcal/mol |  -12.80 +/-    0.13 kcal/mol |       5 |  -12.95 kcal/mol
         50 |      1180383 |  -12.42 kcal/mol |  -12.81 +/-    0.13 kcal/mol |       5 |  -12.96 kcal/mol
         55 |      1300287 |  -12.44 kcal/mol |  -12.77 +/-    0.08 kcal/mol |       9 |  -12.96 kcal/mol
         60 |      1416566 |  -12.63 kcal/mol |  -12.96 +/-    0.14 kcal/mol |       4 |  -13.12 kcal/mol
         65 |      1536921 |  -12.42 kcal/mol |  -12.96 +/-    0.15 kcal/mol |       6 |  -13.12 kcal/mol
         70 |      1656473 |  -12.60 kcal/mol |  -12.99 +/-    0.13 kcal/mol |       6 |  -13.12 kcal/mol
         75 |      1774702 |  -12.67 kcal/mol |  -12.97 +/-    0.13 kcal/mol |       5 |  -13.12 kcal/mol
------------+--------------+------------------+------------------------------+---------+-------------------

                                   Finished evaluation after reaching
                                  -12.97 +/-    0.14 kcal/mol combined.
                             21 samples, best inter + intra   -13.12 kcal/mol.


Shutdown time 0.000641s

Job #3 took 0.943 sec after waiting 0.045 sec for setup

(Thread 0 is processing Job #3)
(Thread 0 is setting up Job #4)

Running Job #4:
    Device: NVIDIA A100-SXM4-40GB
    Grid map file: ./protein.maps.fld
    Ligand file: ./ligand_4_4.pdbqt
    Output file: docking_result_4.dlg (+ xml)
    Using heuristics: (capped) number of evaluations set to 2068966
    Local-search chosen method is: ADADELTA (ad)

Rest of Setup time 0.305477s

Executing docking runs, stopping automatically after either reaching 0.15 kcal/mol standard deviation of
the best molecules of the last 4 * 5 generations, 42000 generations, or 2068966 evaluations:

Generations |  Evaluations |     Threshold    |  Average energy of best 10%  | Samples | Best Inter + Intra
------------+--------------+------------------+------------------------------+---------+-------------------
          0 |          150 |   -2.14 kcal/mol |   -3.34 +/-    0.32 kcal/mol |       4 |   -3.77 kcal/mol
          5 |       107560 |   -2.14 kcal/mol |   -5.16 +/-    1.49 kcal/mol |     722 |  -12.02 kcal/mol
         10 |       216149 |   -5.13 kcal/mol |   -9.14 +/-    1.06 kcal/mol |      31 |  -12.22 kcal/mol
         15 |       328446 |   -8.62 kcal/mol |  -11.29 +/-    0.47 kcal/mol |       6 |  -12.22 kcal/mol
         20 |       443514 |  -10.12 kcal/mol |  -11.46 +/-    0.37 kcal/mol |       6 |  -12.25 kcal/mol
         25 |       558590 |  -10.53 kcal/mol |  -11.80 +/-    0.35 kcal/mol |      14 |  -12.30 kcal/mol
         30 |       673196 |  -11.43 kcal/mol |  -12.15 +/-    0.16 kcal/mol |       9 |  -12.39 kcal/mol
         35 |       786313 |  -11.90 kcal/mol |  -12.11 +/-    0.15 kcal/mol |       7 |  -12.39 kcal/mol
         40 |       901489 |  -11.79 kcal/mol |  -12.22 +/-    0.21 kcal/mol |       9 |  -12.71 kcal/mol
         45 |      1016519 |  -11.86 kcal/mol |  -12.38 +/-    0.17 kcal/mol |      11 |  -12.71 kcal/mol
         50 |      1132903 |  -12.15 kcal/mol |  -12.45 +/-    0.18 kcal/mol |      11 |  -12.71 kcal/mol
         55 |      1249644 |  -12.21 kcal/mol |  -12.62 +/-    0.15 kcal/mol |       8 |  -12.85 kcal/mol
         60 |      1365233 |  -12.33 kcal/mol |  -12.65 +/-    0.12 kcal/mol |      10 |  -12.85 kcal/mol
         65 |      1483348 |  -12.46 kcal/mol |  -12.69 +/-    0.13 kcal/mol |       5 |  -12.85 kcal/mol
         70 |      1602475 |  -12.31 kcal/mol |  -12.69 +/-    0.15 kcal/mol |      12 |  -12.85 kcal/mol
------------+--------------+------------------+------------------------------+---------+-------------------

                                   Finished evaluation after reaching
                                  -12.66 +/-    0.14 kcal/mol combined.
                             35 samples, best inter + intra   -12.85 kcal/mol.


Shutdown time 0.000615s

Job #4 took 0.950 sec after waiting 0.036 sec for setup

(Thread 0 is processing Job #4)
(Thread 0 is setting up Job #5)

Running Job #5:
    Device: NVIDIA A100-SXM4-40GB
    Grid map file: ./protein.maps.fld
    Ligand file: ./ligand_5_5.pdbqt
    Output file: docking_result_5.dlg (+ xml)
    Using heuristics: (capped) number of evaluations set to 2068966
    Local-search chosen method is: ADADELTA (ad)

Rest of Setup time 0.306373s

Executing docking runs, stopping automatically after either reaching 0.15 kcal/mol standard deviation of
the best molecules of the last 4 * 5 generations, 42000 generations, or 2068966 evaluations:

Generations |  Evaluations |     Threshold    |  Average energy of best 10%  | Samples | Best Inter + Intra
------------+--------------+------------------+------------------------------+---------+-------------------
          0 |          150 |   -1.00 kcal/mol |   -2.71 +/-    0.57 kcal/mol |       7 |   -3.83 kcal/mol
          5 |       107029 |   -1.50 kcal/mol |   -5.05 +/-    1.53 kcal/mol |     750 |  -10.99 kcal/mol
         10 |       217537 |   -5.02 kcal/mol |   -9.35 +/-    1.21 kcal/mol |      50 |  -13.12 kcal/mol
         15 |       330696 |   -8.99 kcal/mol |  -12.61 +/-    0.89 kcal/mol |       4 |  -13.12 kcal/mol
         20 |       444247 |   -9.29 kcal/mol |  -11.88 +/-    0.76 kcal/mol |       4 |  -13.12 kcal/mol
         25 |       559792 |   -9.03 kcal/mol |  -11.60 +/-    0.93 kcal/mol |      12 |  -13.31 kcal/mol
         30 |       678504 |  -10.43 kcal/mol |  -12.94 +/-    0.36 kcal/mol |       5 |  -13.31 kcal/mol
         35 |       795437 |  -11.86 kcal/mol |  -12.99 +/-    0.35 kcal/mol |       4 |  -13.31 kcal/mol
         40 |       913861 |  -11.67 kcal/mol |  -12.79 +/-    0.36 kcal/mol |       7 |  -13.31 kcal/mol
         45 |      1032180 |  -12.02 kcal/mol |  -12.96 +/-    0.38 kcal/mol |       4 |  -13.60 kcal/mol
         50 |      1151417 |  -11.55 kcal/mol |  -12.76 +/-    0.39 kcal/mol |      11 |  -13.60 kcal/mol
         55 |      1273583 |  -12.22 kcal/mol |  -13.46 +/-    0.08 kcal/mol |       4 |  -13.60 kcal/mol
         60 |      1393997 |  -13.14 kcal/mol |  -13.48 +/-    0.09 kcal/mol |       3 |  -13.60 kcal/mol
         65 |      1516788 |  -13.02 kcal/mol |  -13.50 +/-    0.08 kcal/mol |       3 |  -13.62 kcal/mol
         70 |      1641330 |  -13.10 kcal/mol |  -13.59 +/-    0.11 kcal/mol |       3 |  -13.69 kcal/mol
         75 |      1764521 |  -13.03 kcal/mol |  -13.43 +/-    0.18 kcal/mol |       4 |  -13.69 kcal/mol
         80 |      1887377 |  -12.75 kcal/mol |  -13.16 +/-    0.34 kcal/mol |       5 |  -13.69 kcal/mol
         85 |      2009652 |  -12.13 kcal/mol |  -13.10 +/-    0.31 kcal/mol |      10 |  -13.75 kcal/mol
         88 |      2083066 |  -12.63 kcal/mol |  -13.18 +/-    0.33 kcal/mol |      16 |  -13.75 kcal/mol
------------+--------------+------------------+------------------------------+---------+-------------------

                                   Finished evaluation after reaching
                       2083066 evaluations. Best inter + intra   -13.75 kcal/mol.


Shutdown time 0.000657s

Job #5 took 1.108 sec after waiting 0.038 sec for setup

(Thread 0 is processing Job #5)
(Thread 0 is setting up Job #6)

Running Job #6:
    Device: NVIDIA A100-SXM4-40GB
    Grid map file: ./protein.maps.fld
    Ligand file: ./ligand_6_6.pdbqt
    Output file: docking_result_6.dlg (+ xml)
    Using heuristics: (capped) number of evaluations set to 2280181
    Local-search chosen method is: ADADELTA (ad)

Rest of Setup time 0.326797s

Executing docking runs, stopping automatically after either reaching 0.15 kcal/mol standard deviation of
the best molecules of the last 4 * 5 generations, 42000 generations, or 2280181 evaluations:

Generations |  Evaluations |     Threshold    |  Average energy of best 10%  | Samples | Best Inter + Intra
------------+--------------+------------------+------------------------------+---------+-------------------
          0 |          150 |   -2.82 kcal/mol |   -3.26 +/-    0.18 kcal/mol |       6 |   -3.51 kcal/mol
          5 |       115162 |   -2.82 kcal/mol |   -5.76 +/-    1.55 kcal/mol |     750 |  -11.52 kcal/mol
         10 |       226937 |   -5.73 kcal/mol |  -10.23 +/-    1.05 kcal/mol |      39 |  -12.37 kcal/mol
         15 |       341863 |   -9.83 kcal/mol |  -12.54 +/-    0.12 kcal/mol |       4 |  -12.68 kcal/mol
         20 |       457661 |  -12.07 kcal/mol |  -12.66 +/-    0.09 kcal/mol |       6 |  -12.78 kcal/mol
         25 |       573122 |  -12.43 kcal/mol |  -12.74 +/-    0.12 kcal/mol |       4 |  -12.92 kcal/mol
         30 |       689399 |  -12.28 kcal/mol |  -12.82 +/-    0.25 kcal/mol |       7 |  -13.15 kcal/mol
         35 |       803196 |  -12.28 kcal/mol |  -13.02 +/-    0.10 kcal/mol |       5 |  -13.15 kcal/mol
         40 |       918083 |  -12.71 kcal/mol |  -13.00 +/-    0.11 kcal/mol |       8 |  -13.15 kcal/mol
         45 |      1033246 |  -12.80 kcal/mol |  -13.33 +/-    0.22 kcal/mol |       6 |  -13.78 kcal/mol
         50 |      1149282 |  -12.78 kcal/mol |  -13.50 +/-    0.19 kcal/mol |       4 |  -13.78 kcal/mol
         55 |      1264353 |  -12.80 kcal/mol |  -13.50 +/-    0.19 kcal/mol |       4 |  -13.78 kcal/mol
         60 |      1378695 |  -12.80 kcal/mol |  -13.53 +/-    0.17 kcal/mol |       5 |  -13.78 kcal/mol
         65 |      1494380 |  -13.01 kcal/mol |  -13.64 +/-    0.30 kcal/mol |       4 |  -13.98 kcal/mol
         70 |      1611187 |  -12.50 kcal/mol |  -13.68 +/-    0.34 kcal/mol |       8 |  -14.34 kcal/mol
         75 |      1727146 |  -13.04 kcal/mol |  -14.11 +/-    0.30 kcal/mol |       4 |  -14.46 kcal/mol
         80 |      1843999 |  -12.99 kcal/mol |  -13.96 +/-    0.30 kcal/mol |       4 |  -14.46 kcal/mol
         85 |      1958822 |  -12.83 kcal/mol |  -13.77 +/-    0.35 kcal/mol |       8 |  -14.46 kcal/mol
         90 |      2071947 |  -13.11 kcal/mol |  -14.13 +/-    0.24 kcal/mol |       5 |  -14.46 kcal/mol
         95 |      2187196 |  -13.41 kcal/mol |  -14.28 +/-    0.17 kcal/mol |       6 |  -14.46 kcal/mol
        100 |      2302142 |  -13.85 kcal/mol |  -14.30 +/-    0.15 kcal/mol |      12 |  -14.46 kcal/mol
------------+--------------+------------------+------------------------------+---------+-------------------

                                   Finished evaluation after reaching
                       2302142 evaluations. Best inter + intra   -14.46 kcal/mol.


Shutdown time 0.000899s

Job #6 took 1.224 sec after waiting 0.040 sec for setup

(Thread 0 is processing Job #6)
(Thread 0 is setting up Job #7)

Running Job #7:
    Device: NVIDIA A100-SXM4-40GB
    Grid map file: ./protein.maps.fld
    Ligand file: ./ligand_7_7.pdbqt
    Output file: docking_result_7.dlg (+ xml)
    Using heuristics: (capped) number of evaluations set to 2068966
    Local-search chosen method is: ADADELTA (ad)

Rest of Setup time 0.312405s

Executing docking runs, stopping automatically after either reaching 0.15 kcal/mol standard deviation of
the best molecules of the last 4 * 5 generations, 42000 generations, or 2068966 evaluations:

Generations |  Evaluations |     Threshold    |  Average energy of best 10%  | Samples | Best Inter + Intra
------------+--------------+------------------+------------------------------+---------+-------------------
          0 |          150 |   -2.41 kcal/mol |   -2.97 +/-    0.07 kcal/mol |       4 |   -3.08 kcal/mol
          5 |       113435 |   -2.41 kcal/mol |   -5.08 +/-    1.48 kcal/mol |     726 |  -12.36 kcal/mol
         10 |       230953 |   -5.05 kcal/mol |   -9.21 +/-    1.01 kcal/mol |      36 |  -12.48 kcal/mol
         15 |       350121 |   -8.79 kcal/mol |  -11.97 +/-    0.38 kcal/mol |       6 |  -12.48 kcal/mol
         20 |       470862 |  -11.03 kcal/mol |  -12.15 +/-    0.27 kcal/mol |       5 |  -12.48 kcal/mol
         25 |       591979 |  -11.35 kcal/mol |  -12.40 +/-    0.23 kcal/mol |       5 |  -12.52 kcal/mol
         30 |       714108 |  -11.71 kcal/mol |  -12.48 +/-    0.08 kcal/mol |       4 |  -12.60 kcal/mol
         35 |       837304 |  -12.18 kcal/mol |  -12.52 +/-    0.09 kcal/mol |       4 |  -12.61 kcal/mol
         40 |       959538 |  -12.18 kcal/mol |  -12.44 +/-    0.12 kcal/mol |       5 |  -12.61 kcal/mol
         45 |      1081060 |  -12.09 kcal/mol |  -12.46 +/-    0.12 kcal/mol |      11 |  -12.61 kcal/mol
------------+--------------+------------------+------------------------------+---------+-------------------

                                   Finished evaluation after reaching
                                  -12.47 +/-    0.11 kcal/mol combined.
                             24 samples, best inter + intra   -12.61 kcal/mol.


Shutdown time 0.000615s

Job #7 took 0.692 sec after waiting 0.038 sec for setup

(Thread 0 is processing Job #7)
Run time of entire job set (7 files): 12.437 sec
Savings from multithreading: -0.001 sec
Idle time of execution thread: 4.833 sec

All jobs (7) ran without errors.
