AutoDock-GPU version: v1.6-7-ga46ab564d2ac5f1a1523f65239b43505a1c29364-dirty

Using 1 OpenMP threads

Running 5 docking calculations

Cuda device:                              NVIDIA A100-SXM4-40GB
Available memory on device:               39916 MB (total: 40339 MB)

CUDA Setup time 0.231575s
(Thread 0 is setting up Job #1)

Running Job #1:
    Device: NVIDIA A100-SXM4-40GB
    Grid map file: ./protein.maps.fld
    Ligand file: ./ligand_1_1.pdbqt
    Output file: docking_result_1.dlg (+ xml)
    Using heuristics: (capped) number of evaluations set to 2068966
    Local-search chosen method is: ADADELTA (ad)

Rest of Setup time 0.309820s

Executing docking runs, stopping automatically after either reaching 0.15 kcal/mol standard deviation of
the best molecules of the last 4 * 5 generations, 42000 generations, or 2068966 evaluations:

Generations |  Evaluations |     Threshold    |  Average energy of best 10%  | Samples | Best Inter + Intra
------------+--------------+------------------+------------------------------+---------+-------------------
          0 |          150 |   -1.95 kcal/mol |   -2.71 +/-    0.23 kcal/mol |       5 |   -3.03 kcal/mol
          5 |       110494 |   -2.02 kcal/mol |   -5.39 +/-    1.71 kcal/mol |     793 |  -12.60 kcal/mol
         10 |       220654 |   -5.36 kcal/mol |   -9.98 +/-    1.05 kcal/mol |      42 |  -12.60 kcal/mol
         15 |       338134 |   -9.60 kcal/mol |  -12.57 +/-    0.38 kcal/mol |       5 |  -13.13 kcal/mol
         20 |       458818 |  -11.42 kcal/mol |  -12.84 +/-    0.34 kcal/mol |       8 |  -13.50 kcal/mol
         25 |       580169 |  -12.20 kcal/mol |  -13.44 +/-    0.14 kcal/mol |       7 |  -13.57 kcal/mol
         30 |       700843 |  -13.14 kcal/mol |  -13.64 +/-    0.06 kcal/mol |       4 |  -13.68 kcal/mol
         35 |       819666 |  -13.08 kcal/mol |  -13.50 +/-    0.18 kcal/mol |       5 |  -13.68 kcal/mol
         40 |       941300 |  -12.97 kcal/mol |  -13.81 +/-    0.62 kcal/mol |       5 |  -15.03 kcal/mol
         45 |      1063098 |  -11.96 kcal/mol |  -13.84 +/-    0.70 kcal/mol |      12 |  -15.03 kcal/mol
         50 |      1185346 |  -12.97 kcal/mol |  -14.14 +/-    0.52 kcal/mol |       4 |  -15.03 kcal/mol
         55 |      1307300 |  -12.19 kcal/mol |  -13.74 +/-    0.45 kcal/mol |      17 |  -15.03 kcal/mol
         60 |      1428091 |  -13.35 kcal/mol |  -14.69 +/-    0.36 kcal/mol |       4 |  -15.10 kcal/mol
         65 |      1551194 |  -13.33 kcal/mol |  -14.66 +/-    0.43 kcal/mol |       4 |  -15.10 kcal/mol
         70 |      1673108 |  -13.03 kcal/mol |  -14.50 +/-    0.39 kcal/mol |       8 |  -15.10 kcal/mol
         75 |      1796781 |  -13.78 kcal/mol |  -14.86 +/-    0.21 kcal/mol |       4 |  -15.10 kcal/mol
         80 |      1920683 |  -14.09 kcal/mol |  -14.81 +/-    0.22 kcal/mol |       6 |  -15.10 kcal/mol
         85 |      2045288 |  -14.27 kcal/mol |  -14.85 +/-    0.21 kcal/mol |       4 |  -15.10 kcal/mol
         86 |      2069187 |  -14.08 kcal/mol |  -14.85 +/-    0.21 kcal/mol |       8 |  -15.10 kcal/mol
------------+--------------+------------------+------------------------------+---------+-------------------

                                   Finished evaluation after reaching
                       2069187 evaluations. Best inter + intra   -15.10 kcal/mol.


Shutdown time 0.000761s

Job #1 took 1.253 sec after waiting 4.453 sec for setup

(Thread 0 is processing Job #1)
(Thread 0 is setting up Job #2)

Running Job #2:
    Device: NVIDIA A100-SXM4-40GB
    Grid map file: ./protein.maps.fld
    Ligand file: ./ligand_2_2.pdbqt
    Output file: docking_result_2.dlg (+ xml)
    Using heuristics: (capped) number of evaluations set to 2068966
    Local-search chosen method is: ADADELTA (ad)

Rest of Setup time 0.308513s

Executing docking runs, stopping automatically after either reaching 0.15 kcal/mol standard deviation of
the best molecules of the last 4 * 5 generations, 42000 generations, or 2068966 evaluations:

Generations |  Evaluations |     Threshold    |  Average energy of best 10%  | Samples | Best Inter + Intra
------------+--------------+------------------+------------------------------+---------+-------------------
          0 |          150 |   -0.96 kcal/mol |   -2.04 +/-    0.33 kcal/mol |       6 |   -2.71 kcal/mol
          5 |       124554 |   -1.21 kcal/mol |   -5.33 +/-    1.97 kcal/mol |    1074 |  -12.72 kcal/mol
         10 |       247735 |   -5.30 kcal/mol |  -10.70 +/-    0.98 kcal/mol |      26 |  -13.02 kcal/mol
         15 |       374926 |  -10.13 kcal/mol |  -12.80 +/-    0.59 kcal/mol |       9 |  -14.17 kcal/mol
         20 |       500680 |  -11.82 kcal/mol |  -13.90 +/-    0.61 kcal/mol |       4 |  -14.47 kcal/mol
         25 |       627146 |  -11.61 kcal/mol |  -13.58 +/-    0.49 kcal/mol |       6 |  -14.48 kcal/mol
         30 |       755311 |  -12.35 kcal/mol |  -13.88 +/-    0.31 kcal/mol |       5 |  -14.48 kcal/mol
         35 |       881820 |  -12.96 kcal/mol |  -13.86 +/-    0.32 kcal/mol |       5 |  -14.48 kcal/mol
         40 |      1007091 |  -12.91 kcal/mol |  -14.16 +/-    0.36 kcal/mol |       7 |  -14.48 kcal/mol
         45 |      1133331 |  -13.38 kcal/mol |  -13.86 +/-    0.37 kcal/mol |       4 |  -14.48 kcal/mol
         50 |      1257640 |  -12.46 kcal/mol |  -13.70 +/-    0.42 kcal/mol |      10 |  -14.48 kcal/mol
         55 |      1382536 |  -13.07 kcal/mol |  -14.10 +/-    0.38 kcal/mol |       4 |  -14.48 kcal/mol
         60 |      1507038 |  -12.67 kcal/mol |  -13.91 +/-    0.41 kcal/mol |       6 |  -14.48 kcal/mol
         65 |      1632874 |  -12.88 kcal/mol |  -13.76 +/-    0.33 kcal/mol |       6 |  -14.49 kcal/mol
         70 |      1759093 |  -12.93 kcal/mol |  -13.58 +/-    0.25 kcal/mol |      21 |  -14.49 kcal/mol
         75 |      1884514 |  -13.40 kcal/mol |  -14.32 +/-    0.18 kcal/mol |       4 |  -14.49 kcal/mol
         80 |      2011869 |  -13.64 kcal/mol |  -13.83 +/-    0.27 kcal/mol |       7 |  -14.49 kcal/mol
         83 |      2087233 |  -13.24 kcal/mol |  -14.14 +/-    0.34 kcal/mol |       4 |  -14.49 kcal/mol
------------+--------------+------------------+------------------------------+---------+-------------------

                                   Finished evaluation after reaching
                       2087233 evaluations. Best inter + intra   -14.49 kcal/mol.


Shutdown time 0.000735s

Job #2 took 2.311 sec after waiting 0.048 sec for setup

(Thread 0 is processing Job #2)
(Thread 0 is setting up Job #3)

Running Job #3:
    Device: NVIDIA A100-SXM4-40GB
    Grid map file: ./protein.maps.fld
    Ligand file: ./ligand_3_3.pdbqt
    Output file: docking_result_3.dlg (+ xml)
    Using heuristics: (capped) number of evaluations set to 2068966
    Local-search chosen method is: ADADELTA (ad)

Rest of Setup time 0.323169s

Executing docking runs, stopping automatically after either reaching 0.15 kcal/mol standard deviation of
the best molecules of the last 4 * 5 generations, 42000 generations, or 2068966 evaluations:

Generations |  Evaluations |     Threshold    |  Average energy of best 10%  | Samples | Best Inter + Intra
------------+--------------+------------------+------------------------------+---------+-------------------
          0 |          150 |   -2.59 kcal/mol |   -2.90 +/-    0.14 kcal/mol |       7 |   -3.19 kcal/mol
          5 |       129098 |   -2.59 kcal/mol |   -6.26 +/-    1.61 kcal/mol |     920 |  -12.53 kcal/mol
         10 |       258452 |   -6.23 kcal/mol |  -10.70 +/-    0.98 kcal/mol |      50 |  -13.47 kcal/mol
         15 |       389900 |  -10.41 kcal/mol |  -12.92 +/-    0.35 kcal/mol |       6 |  -13.47 kcal/mol
         20 |       523420 |  -12.04 kcal/mol |  -13.36 +/-    0.43 kcal/mol |       5 |  -13.86 kcal/mol
         25 |       656230 |  -12.06 kcal/mol |  -13.55 +/-    0.19 kcal/mol |       8 |  -13.86 kcal/mol
         30 |       788765 |  -13.19 kcal/mol |  -13.55 +/-    0.20 kcal/mol |       8 |  -13.86 kcal/mol
         35 |       923218 |  -13.19 kcal/mol |  -13.64 +/-    0.18 kcal/mol |       9 |  -13.86 kcal/mol
         40 |      1058059 |  -13.34 kcal/mol |  -13.95 +/-    0.09 kcal/mol |       4 |  -14.09 kcal/mol
         45 |      1191186 |  -13.60 kcal/mol |  -14.03 +/-    0.31 kcal/mol |       4 |  -14.54 kcal/mol
         50 |      1323124 |  -12.88 kcal/mol |  -14.13 +/-    0.37 kcal/mol |       9 |  -14.60 kcal/mol
         55 |      1455286 |  -13.52 kcal/mol |  -14.09 +/-    0.37 kcal/mol |       4 |  -14.61 kcal/mol
         60 |      1585628 |  -12.72 kcal/mol |  -14.06 +/-    0.30 kcal/mol |      14 |  -14.61 kcal/mol
         65 |      1719917 |  -13.74 kcal/mol |  -14.51 +/-    0.11 kcal/mol |       5 |  -14.61 kcal/mol
         70 |      1854846 |  -14.20 kcal/mol |  -14.70 +/-    0.13 kcal/mol |       3 |  -14.87 kcal/mol
         75 |      1988720 |  -14.07 kcal/mol |  -14.56 +/-    0.16 kcal/mol |       9 |  -14.87 kcal/mol
         78 |      2070521 |  -14.28 kcal/mol |  -14.58 +/-    0.16 kcal/mol |      15 |  -14.87 kcal/mol
------------+--------------+------------------+------------------------------+---------+-------------------

                                   Finished evaluation after reaching
                       2070521 evaluations. Best inter + intra   -14.87 kcal/mol.


Shutdown time 0.000673s

Job #3 took 2.067 sec after waiting 0.043 sec for setup

(Thread 0 is processing Job #3)
(Thread 0 is setting up Job #4)

Running Job #4:
    Device: NVIDIA A100-SXM4-40GB
    Grid map file: ./protein.maps.fld
    Ligand file: ./ligand_4_4.pdbqt
    Output file: docking_result_4.dlg (+ xml)
    Using heuristics: (capped) number of evaluations set to 2845257
    Overriding heuristics, setting number of evaluations to --nev = 2500000 instead.
    Local-search chosen method is: ADADELTA (ad)

Rest of Setup time 0.318882s

Executing docking runs, stopping automatically after either reaching 0.15 kcal/mol standard deviation of
the best molecules of the last 4 * 5 generations, 42000 generations, or 2500000 evaluations:

Generations |  Evaluations |     Threshold    |  Average energy of best 10%  | Samples | Best Inter + Intra
------------+--------------+------------------+------------------------------+---------+-------------------
          0 |          150 |   -1.10 kcal/mol |   -2.17 +/-    0.34 kcal/mol |       7 |   -2.88 kcal/mol
          5 |       125728 |   -1.45 kcal/mol |   -5.31 +/-    1.78 kcal/mol |    1046 |  -10.26 kcal/mol
         10 |       252697 |   -5.29 kcal/mol |   -9.71 +/-    0.68 kcal/mol |      40 |  -11.67 kcal/mol
         15 |       381384 |   -9.45 kcal/mol |  -11.54 +/-    0.33 kcal/mol |      12 |  -12.00 kcal/mol
         20 |       507051 |  -11.13 kcal/mol |  -12.10 +/-    0.24 kcal/mol |      11 |  -12.52 kcal/mol
         25 |       632595 |  -11.77 kcal/mol |  -12.54 +/-    0.11 kcal/mol |       8 |  -12.74 kcal/mol
         30 |       762814 |  -12.33 kcal/mol |  -12.56 +/-    0.17 kcal/mol |      13 |  -12.83 kcal/mol
         35 |       890392 |  -12.37 kcal/mol |  -12.65 +/-    0.12 kcal/mol |      11 |  -12.83 kcal/mol
         40 |      1017610 |  -12.49 kcal/mol |  -12.65 +/-    0.11 kcal/mol |      13 |  -12.83 kcal/mol
         45 |      1141473 |  -12.53 kcal/mol |  -13.21 +/-    0.45 kcal/mol |       7 |  -13.85 kcal/mol
         50 |      1266913 |  -12.26 kcal/mol |  -13.33 +/-    0.33 kcal/mol |       4 |  -13.89 kcal/mol
         55 |      1394049 |  -12.08 kcal/mol |  -13.01 +/-    0.33 kcal/mol |      13 |  -13.89 kcal/mol
         60 |      1517063 |  -12.63 kcal/mol |  -13.33 +/-    0.37 kcal/mol |       4 |  -13.89 kcal/mol
         65 |      1640129 |  -11.95 kcal/mol |  -13.06 +/-    0.37 kcal/mol |      16 |  -13.92 kcal/mol
         70 |      1762766 |  -12.71 kcal/mol |  -13.66 +/-    0.24 kcal/mol |       4 |  -13.92 kcal/mol
         75 |      1884995 |  -12.76 kcal/mol |  -13.36 +/-    0.36 kcal/mol |       4 |  -13.92 kcal/mol
         80 |      2006202 |  -12.02 kcal/mol |  -12.97 +/-    0.29 kcal/mol |      28 |  -13.92 kcal/mol
         85 |      2128184 |  -12.81 kcal/mol |  -13.67 +/-    0.22 kcal/mol |       7 |  -13.92 kcal/mol
         90 |      2248428 |  -13.20 kcal/mol |  -13.90 +/-    0.02 kcal/mol |       5 |  -13.92 kcal/mol
         95 |      2367138 |  -13.45 kcal/mol |  -13.75 +/-    0.12 kcal/mol |       6 |  -13.92 kcal/mol
        100 |      2486385 |  -13.46 kcal/mol |  -13.88 +/-    0.03 kcal/mol |       3 |  -13.92 kcal/mol
        101 |      2510476 |  -13.13 kcal/mol |  -13.83 +/-    0.12 kcal/mol |       9 |  -13.92 kcal/mol
------------+--------------+------------------+------------------------------+---------+-------------------

                                   Finished evaluation after reaching
                       2510476 evaluations. Best inter + intra   -13.92 kcal/mol.


Shutdown time 0.000674s

Job #4 took 2.411 sec after waiting 0.046 sec for setup

(Thread 0 is processing Job #4)
(Thread 0 is setting up Job #5)

Running Job #5:
    Device: NVIDIA A100-SXM4-40GB
    Grid map file: ./protein.maps.fld
    Ligand file: ./ligand_5_5.pdbqt
    Output file: docking_result_5.dlg (+ xml)
    Using heuristics: (capped) number of evaluations set to 2068966
    Local-search chosen method is: ADADELTA (ad)

Rest of Setup time 0.320634s

Executing docking runs, stopping automatically after either reaching 0.15 kcal/mol standard deviation of
the best molecules of the last 4 * 5 generations, 42000 generations, or 2068966 evaluations:

Generations |  Evaluations |     Threshold    |  Average energy of best 10%  | Samples | Best Inter + Intra
------------+--------------+------------------+------------------------------+---------+-------------------
          0 |          150 |   -1.36 kcal/mol |   -2.32 +/-    0.48 kcal/mol |       4 |   -3.13 kcal/mol
          5 |       133775 |   -0.51 kcal/mol |   -4.26 +/-    1.43 kcal/mol |     906 |   -9.42 kcal/mol
         10 |       265717 |   -4.24 kcal/mol |   -8.01 +/-    0.73 kcal/mol |      38 |   -9.90 kcal/mol
         15 |       398996 |   -7.72 kcal/mol |   -9.60 +/-    0.32 kcal/mol |      11 |  -10.18 kcal/mol
         20 |       533053 |   -9.15 kcal/mol |  -10.16 +/-    0.18 kcal/mol |       7 |  -10.52 kcal/mol
         25 |       665863 |   -9.77 kcal/mol |  -10.49 +/-    0.09 kcal/mol |       4 |  -10.54 kcal/mol
         30 |       797606 |  -10.17 kcal/mol |  -10.34 +/-    0.12 kcal/mol |       6 |  -10.54 kcal/mol
         35 |       929914 |  -10.05 kcal/mol |  -10.59 +/-    0.22 kcal/mol |       4 |  -10.90 kcal/mol
         40 |      1061711 |   -9.76 kcal/mol |  -10.52 +/-    0.26 kcal/mol |       8 |  -10.90 kcal/mol
         45 |      1193460 |  -10.03 kcal/mol |  -10.49 +/-    0.19 kcal/mol |      11 |  -10.90 kcal/mol
         50 |      1325374 |  -10.23 kcal/mol |  -10.69 +/-    0.17 kcal/mol |       7 |  -10.94 kcal/mol
         55 |      1457161 |  -10.33 kcal/mol |  -10.80 +/-    0.18 kcal/mol |       4 |  -10.97 kcal/mol
         60 |      1588097 |  -10.14 kcal/mol |  -10.80 +/-    0.17 kcal/mol |       7 |  -10.97 kcal/mol
         65 |      1722076 |  -10.43 kcal/mol |  -10.68 +/-    0.17 kcal/mol |      10 |  -10.97 kcal/mol
         70 |      1854675 |  -10.42 kcal/mol |  -10.91 +/-    0.11 kcal/mol |       4 |  -10.97 kcal/mol
         75 |      1984654 |  -10.51 kcal/mol |  -10.80 +/-    0.14 kcal/mol |       9 |  -10.97 kcal/mol
         79 |      2088584 |  -10.56 kcal/mol |  -10.78 +/-    0.15 kcal/mol |      18 |  -10.97 kcal/mol
------------+--------------+------------------+------------------------------+---------+-------------------

                                   Finished evaluation after reaching
                       2088584 evaluations. Best inter + intra   -10.97 kcal/mol.


Shutdown time 0.000695s

Job #5 took 1.803 sec after waiting 0.047 sec for setup

(Thread 0 is processing Job #5)
Run time of entire job set (5 files): 14.511 sec
Savings from multithreading: -0.001 sec
Idle time of execution thread: 4.666 sec

All jobs (5) ran without errors.
