AutoDock-GPU version: v1.6-7-ga46ab564d2ac5f1a1523f65239b43505a1c29364-dirty

Using 1 OpenMP threads

Running 7 docking calculations

Cuda device:                              NVIDIA A100-SXM4-40GB
Available memory on device:               39916 MB (total: 40339 MB)

CUDA Setup time 0.231901s
(Thread 0 is setting up Job #1)

Running Job #1:
    Device: NVIDIA A100-SXM4-40GB
    Grid map file: ./protein.maps.fld
    Ligand file: ./ligand_1_1.pdbqt
    Output file: docking_result_1.dlg (+ xml)
    Using heuristics: (capped) number of evaluations set to 2068966
    Local-search chosen method is: ADADELTA (ad)

Rest of Setup time 0.310971s

Executing docking runs, stopping automatically after either reaching 0.15 kcal/mol standard deviation of
the best molecules of the last 4 * 5 generations, 42000 generations, or 2068966 evaluations:

Generations |  Evaluations |     Threshold    |  Average energy of best 10%  | Samples | Best Inter + Intra
------------+--------------+------------------+------------------------------+---------+-------------------
          0 |          150 |   -1.07 kcal/mol |   -1.70 +/-    0.21 kcal/mol |       5 |   -1.98 kcal/mol
          5 |       125278 |   -1.07 kcal/mol |   -3.44 +/-    1.21 kcal/mol |     757 |   -8.37 kcal/mol
         10 |       248283 |   -3.41 kcal/mol |   -6.70 +/-    0.77 kcal/mol |      49 |   -8.79 kcal/mol
         15 |       377628 |   -6.46 kcal/mol |   -8.42 +/-    0.40 kcal/mol |       4 |   -8.90 kcal/mol
         20 |       505149 |   -6.92 kcal/mol |   -8.47 +/-    0.42 kcal/mol |       8 |   -8.91 kcal/mol
         25 |       632260 |   -7.69 kcal/mol |   -8.93 +/-    0.03 kcal/mol |       6 |   -8.98 kcal/mol
         30 |       760649 |   -8.55 kcal/mol |   -8.87 +/-    0.10 kcal/mol |       9 |   -9.01 kcal/mol
         35 |       886880 |   -8.69 kcal/mol |   -8.89 +/-    0.09 kcal/mol |      12 |   -9.02 kcal/mol
         40 |      1014722 |   -8.77 kcal/mol |   -9.00 +/-    0.10 kcal/mol |      10 |   -9.17 kcal/mol
         45 |      1140287 |   -8.85 kcal/mol |   -9.10 +/-    0.12 kcal/mol |       8 |   -9.31 kcal/mol
         50 |      1264718 |   -8.88 kcal/mol |   -9.13 +/-    0.15 kcal/mol |      15 |   -9.41 kcal/mol
         55 |      1390010 |   -8.99 kcal/mol |   -9.22 +/-    0.16 kcal/mol |       9 |   -9.41 kcal/mol
         60 |      1513122 |   -8.96 kcal/mol |   -9.23 +/-    0.19 kcal/mol |       9 |   -9.44 kcal/mol
         65 |      1637395 |   -8.90 kcal/mol |   -9.09 +/-    0.16 kcal/mol |      13 |   -9.45 kcal/mol
         70 |      1763500 |   -8.90 kcal/mol |   -9.09 +/-    0.17 kcal/mol |      13 |   -9.46 kcal/mol
         75 |      1887866 |   -8.90 kcal/mol |   -9.17 +/-    0.16 kcal/mol |      15 |   -9.46 kcal/mol
         80 |      2009397 |   -9.01 kcal/mol |   -9.19 +/-    0.13 kcal/mol |      16 |   -9.46 kcal/mol
         83 |      2081885 |   -9.07 kcal/mol |   -9.24 +/-    0.14 kcal/mol |      29 |   -9.46 kcal/mol
------------+--------------+------------------+------------------------------+---------+-------------------

                                   Finished evaluation after reaching
                       2081885 evaluations. Best inter + intra    -9.46 kcal/mol.


Shutdown time 0.000708s

Job #1 took 0.886 sec after waiting 4.511 sec for setup

(Thread 0 is processing Job #1)
(Thread 0 is setting up Job #2)

Running Job #2:
    Device: NVIDIA A100-SXM4-40GB
    Grid map file: ./protein.maps.fld
    Ligand file: ./ligand_2_2.pdbqt
    Output file: docking_result_2.dlg (+ xml)
    Using heuristics: (capped) number of evaluations set to 2068966
    Local-search chosen method is: ADADELTA (ad)

Rest of Setup time 0.308288s

Executing docking runs, stopping automatically after either reaching 0.15 kcal/mol standard deviation of
the best molecules of the last 4 * 5 generations, 42000 generations, or 2068966 evaluations:

Generations |  Evaluations |     Threshold    |  Average energy of best 10%  | Samples | Best Inter + Intra
------------+--------------+------------------+------------------------------+---------+-------------------
          0 |          150 |   -1.04 kcal/mol |   -2.26 +/-    0.33 kcal/mol |       4 |   -2.69 kcal/mol
          5 |       140987 |   -1.04 kcal/mol |   -4.06 +/-    1.50 kcal/mol |    1140 |   -9.15 kcal/mol
         10 |       282998 |   -4.04 kcal/mol |   -7.94 +/-    0.79 kcal/mol |      50 |   -9.84 kcal/mol
         15 |       425024 |   -7.70 kcal/mol |   -9.72 +/-    0.31 kcal/mol |      11 |  -10.45 kcal/mol
         20 |       567639 |   -9.30 kcal/mol |  -10.34 +/-    0.17 kcal/mol |       4 |  -10.54 kcal/mol
         25 |       706952 |   -9.70 kcal/mol |  -10.35 +/-    0.17 kcal/mol |       7 |  -10.59 kcal/mol
         30 |       849561 |   -9.99 kcal/mol |  -10.31 +/-    0.14 kcal/mol |       9 |  -10.59 kcal/mol
         35 |       989898 |  -10.08 kcal/mol |  -10.35 +/-    0.12 kcal/mol |       8 |  -10.59 kcal/mol
         40 |      1126494 |  -10.11 kcal/mol |  -10.39 +/-    0.11 kcal/mol |      12 |  -10.59 kcal/mol
------------+--------------+------------------+------------------------------+---------+-------------------

                                   Finished evaluation after reaching
                                  -10.35 +/-    0.14 kcal/mol combined.
                             36 samples, best inter + intra   -10.59 kcal/mol.


Shutdown time 0.000643s

Job #2 took 0.627 sec after waiting 0.023 sec for setup

(Thread 0 is processing Job #2)
(Thread 0 is setting up Job #3)

Running Job #3:
    Device: NVIDIA A100-SXM4-40GB
    Grid map file: ./protein.maps.fld
    Ligand file: ./ligand_3_3.pdbqt
    Output file: docking_result_3.dlg (+ xml)
    Using heuristics: (capped) number of evaluations set to 2068966
    Local-search chosen method is: ADADELTA (ad)

Rest of Setup time 0.305075s

Executing docking runs, stopping automatically after either reaching 0.15 kcal/mol standard deviation of
the best molecules of the last 4 * 5 generations, 42000 generations, or 2068966 evaluations:

Generations |  Evaluations |     Threshold    |  Average energy of best 10%  | Samples | Best Inter + Intra
------------+--------------+------------------+------------------------------+---------+-------------------
          0 |          150 |   -1.45 kcal/mol |   -2.20 +/-    0.25 kcal/mol |       5 |   -2.59 kcal/mol
          5 |       130405 |   -1.46 kcal/mol |   -4.36 +/-    1.33 kcal/mol |     902 |  -11.18 kcal/mol
         10 |       258158 |   -4.33 kcal/mol |   -8.10 +/-    1.02 kcal/mol |      46 |  -11.20 kcal/mol
         15 |       389276 |   -7.76 kcal/mol |  -10.21 +/-    0.65 kcal/mol |       4 |  -11.20 kcal/mol
         20 |       522264 |   -7.78 kcal/mol |  -10.14 +/-    0.61 kcal/mol |       7 |  -11.20 kcal/mol
         25 |       657108 |   -8.83 kcal/mol |  -10.52 +/-    0.31 kcal/mol |       6 |  -11.20 kcal/mol
         30 |       790858 |   -9.74 kcal/mol |  -10.83 +/-    0.32 kcal/mol |       9 |  -11.27 kcal/mol
         35 |       925659 |  -10.30 kcal/mol |  -11.04 +/-    0.12 kcal/mol |      11 |  -11.28 kcal/mol
         40 |      1058961 |  -10.88 kcal/mol |  -11.13 +/-    0.09 kcal/mol |      14 |  -11.28 kcal/mol
         45 |      1191905 |  -11.03 kcal/mol |  -11.17 +/-    0.10 kcal/mol |       8 |  -11.28 kcal/mol
         50 |      1323026 |  -10.99 kcal/mol |  -11.17 +/-    0.11 kcal/mol |      15 |  -11.29 kcal/mol
------------+--------------+------------------+------------------------------+---------+-------------------

                                   Finished evaluation after reaching
                                  -11.13 +/-    0.12 kcal/mol combined.
                             48 samples, best inter + intra   -11.29 kcal/mol.


Shutdown time 0.000631s

Job #3 took 0.714 sec after waiting 0.029 sec for setup

(Thread 0 is processing Job #3)
(Thread 0 is setting up Job #4)

Running Job #4:
    Device: NVIDIA A100-SXM4-40GB
    Grid map file: ./protein.maps.fld
    Ligand file: ./ligand_4_4.pdbqt
    Output file: docking_result_4.dlg (+ xml)
    Using heuristics: (capped) number of evaluations set to 2068966
    Local-search chosen method is: ADADELTA (ad)

Rest of Setup time 0.306822s

Executing docking runs, stopping automatically after either reaching 0.15 kcal/mol standard deviation of
the best molecules of the last 4 * 5 generations, 42000 generations, or 2068966 evaluations:

Generations |  Evaluations |     Threshold    |  Average energy of best 10%  | Samples | Best Inter + Intra
------------+--------------+------------------+------------------------------+---------+-------------------
          0 |          150 |   -0.80 kcal/mol |   -1.73 +/-    0.31 kcal/mol |       7 |   -2.40 kcal/mol
          5 |       144042 |   -1.07 kcal/mol |   -4.14 +/-    1.47 kcal/mol |    1199 |   -8.58 kcal/mol
         10 |       284755 |   -4.12 kcal/mol |   -7.83 +/-    0.55 kcal/mol |      41 |   -9.57 kcal/mol
         15 |       426537 |   -7.63 kcal/mol |   -9.43 +/-    0.37 kcal/mol |      14 |  -10.11 kcal/mol
         20 |       566942 |   -9.03 kcal/mol |   -9.97 +/-    0.14 kcal/mol |       6 |  -10.17 kcal/mol
         25 |       708723 |   -9.62 kcal/mol |  -10.21 +/-    0.20 kcal/mol |       4 |  -10.53 kcal/mol
         30 |       851865 |   -9.46 kcal/mol |  -10.41 +/-    0.29 kcal/mol |       9 |  -10.88 kcal/mol
         35 |       995580 |   -9.93 kcal/mol |  -10.50 +/-    0.30 kcal/mol |       5 |  -10.89 kcal/mol
         40 |      1138049 |   -9.60 kcal/mol |  -10.54 +/-    0.27 kcal/mol |       5 |  -10.89 kcal/mol
         45 |      1278552 |   -9.74 kcal/mol |  -10.68 +/-    0.14 kcal/mol |      11 |  -10.89 kcal/mol
         50 |      1418677 |  -10.49 kcal/mol |  -10.71 +/-    0.12 kcal/mol |       7 |  -10.94 kcal/mol
         55 |      1558662 |  -10.45 kcal/mol |  -10.78 +/-    0.19 kcal/mol |       6 |  -11.05 kcal/mol
         60 |      1694936 |  -10.30 kcal/mol |  -10.77 +/-    0.21 kcal/mol |      12 |  -11.21 kcal/mol
         65 |      1834982 |  -10.51 kcal/mol |  -10.72 +/-    0.18 kcal/mol |      11 |  -11.21 kcal/mol
         70 |      1971843 |  -10.47 kcal/mol |  -11.14 +/-    0.12 kcal/mol |      10 |  -11.29 kcal/mol
         74 |      2081048 |  -10.96 kcal/mol |  -11.15 +/-    0.11 kcal/mol |      16 |  -11.30 kcal/mol
------------+--------------+------------------+------------------------------+---------+-------------------

                                   Finished evaluation after reaching
                       2081048 evaluations. Best inter + intra   -11.30 kcal/mol.


Shutdown time 0.000663s

Job #4 took 0.875 sec after waiting 0.031 sec for setup

(Thread 0 is processing Job #4)
(Thread 0 is setting up Job #5)

Running Job #5:
    Device: NVIDIA A100-SXM4-40GB
    Grid map file: ./protein.maps.fld
    Ligand file: ./ligand_5_5.pdbqt
    Output file: docking_result_5.dlg (+ xml)
    Using heuristics: (capped) number of evaluations set to 2068966
    Local-search chosen method is: ADADELTA (ad)

Rest of Setup time 0.305105s

Executing docking runs, stopping automatically after either reaching 0.15 kcal/mol standard deviation of
the best molecules of the last 4 * 5 generations, 42000 generations, or 2068966 evaluations:

Generations |  Evaluations |     Threshold    |  Average energy of best 10%  | Samples | Best Inter + Intra
------------+--------------+------------------+------------------------------+---------+-------------------
          0 |          150 |   -1.41 kcal/mol |   -1.65 +/-    0.15 kcal/mol |       9 |   -2.01 kcal/mol
          5 |       123379 |   -1.41 kcal/mol |   -3.95 +/-    1.30 kcal/mol |     831 |   -8.78 kcal/mol
         10 |       248141 |   -3.93 kcal/mol |   -7.48 +/-    0.73 kcal/mol |      43 |   -9.41 kcal/mol
         15 |       377501 |   -7.23 kcal/mol |   -9.08 +/-    0.31 kcal/mol |      11 |   -9.77 kcal/mol
         20 |       508225 |   -8.66 kcal/mol |   -9.54 +/-    0.14 kcal/mol |       6 |   -9.79 kcal/mol
         25 |       639446 |   -9.19 kcal/mol |   -9.50 +/-    0.21 kcal/mol |       9 |   -9.95 kcal/mol
         30 |       770309 |   -9.14 kcal/mol |   -9.79 +/-    0.19 kcal/mol |       8 |  -10.12 kcal/mol
         35 |       902797 |   -9.44 kcal/mol |  -10.01 +/-    0.12 kcal/mol |       5 |  -10.13 kcal/mol
         40 |      1032220 |   -9.66 kcal/mol |   -9.88 +/-    0.17 kcal/mol |      10 |  -10.16 kcal/mol
         45 |      1162262 |   -9.63 kcal/mol |   -9.84 +/-    0.17 kcal/mol |      14 |  -10.16 kcal/mol
         50 |      1289830 |   -9.66 kcal/mol |   -9.94 +/-    0.16 kcal/mol |      10 |  -10.16 kcal/mol
         55 |      1419063 |   -9.71 kcal/mol |  -10.01 +/-    0.13 kcal/mol |      12 |  -10.16 kcal/mol
         60 |      1546361 |   -9.85 kcal/mol |  -10.00 +/-    0.11 kcal/mol |      19 |  -10.16 kcal/mol
         65 |      1675001 |   -9.91 kcal/mol |  -10.09 +/-    0.06 kcal/mol |       7 |  -10.17 kcal/mol
------------+--------------+------------------+------------------------------+---------+-------------------

                                   Finished evaluation after reaching
                                  -10.00 +/-    0.13 kcal/mol combined.
                             48 samples, best inter + intra   -10.17 kcal/mol.


Shutdown time 0.000635s

Job #5 took 0.778 sec after waiting 0.027 sec for setup

(Thread 0 is processing Job #5)
(Thread 0 is setting up Job #6)

Running Job #6:
    Device: NVIDIA A100-SXM4-40GB
    Grid map file: ./protein.maps.fld
    Ligand file: ./ligand_6_6.pdbqt
    Output file: docking_result_6.dlg (+ xml)
    Using heuristics: (capped) number of evaluations set to 2068966
    Local-search chosen method is: ADADELTA (ad)

Rest of Setup time 0.306164s

Executing docking runs, stopping automatically after either reaching 0.15 kcal/mol standard deviation of
the best molecules of the last 4 * 5 generations, 42000 generations, or 2068966 evaluations:

Generations |  Evaluations |     Threshold    |  Average energy of best 10%  | Samples | Best Inter + Intra
------------+--------------+------------------+------------------------------+---------+-------------------
          0 |          150 |   -2.31 kcal/mol |   -2.59 +/-    0.10 kcal/mol |       5 |   -2.73 kcal/mol
          5 |       133963 |   -2.31 kcal/mol |   -4.76 +/-    1.29 kcal/mol |     857 |   -9.08 kcal/mol
         10 |       262818 |   -4.73 kcal/mol |   -8.13 +/-    0.61 kcal/mol |      36 |  -10.77 kcal/mol
         15 |       394540 |   -7.88 kcal/mol |   -9.98 +/-    0.63 kcal/mol |       8 |  -10.77 kcal/mol
         20 |       526183 |   -8.80 kcal/mol |  -10.34 +/-    0.34 kcal/mol |       4 |  -10.87 kcal/mol
         25 |       655994 |   -9.07 kcal/mol |  -10.18 +/-    0.43 kcal/mol |      12 |  -10.87 kcal/mol
         30 |       785399 |   -9.64 kcal/mol |  -10.80 +/-    0.11 kcal/mol |       6 |  -10.87 kcal/mol
         35 |       916055 |  -10.54 kcal/mol |  -11.20 +/-    0.24 kcal/mol |       5 |  -11.48 kcal/mol
         40 |      1045305 |  -10.47 kcal/mol |  -11.39 +/-    0.31 kcal/mol |       4 |  -11.63 kcal/mol
         45 |      1175074 |  -10.22 kcal/mol |  -11.37 +/-    0.31 kcal/mol |       6 |  -11.92 kcal/mol
         50 |      1302342 |  -10.59 kcal/mol |  -11.68 +/-    0.25 kcal/mol |       6 |  -11.94 kcal/mol
         55 |      1431191 |  -11.06 kcal/mol |  -11.60 +/-    0.24 kcal/mol |       3 |  -11.94 kcal/mol
         60 |      1560378 |  -10.40 kcal/mol |  -11.23 +/-    0.29 kcal/mol |      12 |  -11.94 kcal/mol
         65 |      1691333 |  -10.87 kcal/mol |  -11.82 +/-    0.20 kcal/mol |       4 |  -11.94 kcal/mol
         70 |      1820943 |  -11.07 kcal/mol |  -11.73 +/-    0.21 kcal/mol |       5 |  -11.94 kcal/mol
         75 |      1947490 |  -11.09 kcal/mol |  -11.49 +/-    0.23 kcal/mol |       5 |  -11.94 kcal/mol
         80 |      2074788 |  -10.79 kcal/mol |  -11.50 +/-    0.21 kcal/mol |      13 |  -11.94 kcal/mol
------------+--------------+------------------+------------------------------+---------+-------------------

                                   Finished evaluation after reaching
                       2074788 evaluations. Best inter + intra   -11.94 kcal/mol.


Shutdown time 0.000687s

Job #6 took 0.945 sec after waiting 0.028 sec for setup

(Thread 0 is processing Job #6)
(Thread 0 is setting up Job #7)

Running Job #7:
    Device: NVIDIA A100-SXM4-40GB
    Grid map file: ./protein.maps.fld
    Ligand file: ./ligand_7_7.pdbqt
    Output file: docking_result_7.dlg (+ xml)
    Using heuristics: (capped) number of evaluations set to 2068966
    Local-search chosen method is: ADADELTA (ad)

Rest of Setup time 0.308453s

Executing docking runs, stopping automatically after either reaching 0.15 kcal/mol standard deviation of
the best molecules of the last 4 * 5 generations, 42000 generations, or 2068966 evaluations:

Generations |  Evaluations |     Threshold    |  Average energy of best 10%  | Samples | Best Inter + Intra
------------+--------------+------------------+------------------------------+---------+-------------------
          0 |          150 |   -1.11 kcal/mol |   -1.90 +/-    0.33 kcal/mol |       4 |   -2.43 kcal/mol
          5 |       138819 |   -0.68 kcal/mol |   -4.20 +/-    1.50 kcal/mol |    1163 |   -9.18 kcal/mol
         10 |       276698 |   -4.19 kcal/mol |   -8.15 +/-    0.94 kcal/mol |      43 |  -10.26 kcal/mol
         15 |       416339 |   -7.82 kcal/mol |  -10.29 +/-    0.22 kcal/mol |       6 |  -10.63 kcal/mol
         20 |       557288 |   -9.75 kcal/mol |  -10.77 +/-    0.40 kcal/mol |       4 |  -11.17 kcal/mol
         25 |       696695 |   -9.26 kcal/mol |  -10.48 +/-    0.30 kcal/mol |       8 |  -11.20 kcal/mol
         30 |       835020 |   -9.92 kcal/mol |  -11.06 +/-    0.13 kcal/mol |       4 |  -11.20 kcal/mol
         35 |       973158 |  -10.59 kcal/mol |  -11.13 +/-    0.07 kcal/mol |       8 |  -11.23 kcal/mol
         40 |      1112208 |  -10.85 kcal/mol |  -11.26 +/-    0.17 kcal/mol |       6 |  -11.58 kcal/mol
         45 |      1251046 |  -10.84 kcal/mol |  -11.28 +/-    0.18 kcal/mol |       8 |  -11.58 kcal/mol
         50 |      1388041 |  -10.94 kcal/mol |  -11.24 +/-    0.20 kcal/mol |       8 |  -11.58 kcal/mol
         55 |      1525202 |  -10.86 kcal/mol |  -11.20 +/-    0.19 kcal/mol |       7 |  -11.60 kcal/mol
         60 |      1659899 |  -10.79 kcal/mol |  -11.15 +/-    0.17 kcal/mol |      12 |  -11.61 kcal/mol
         65 |      1796767 |  -10.94 kcal/mol |  -11.22 +/-    0.18 kcal/mol |       7 |  -11.61 kcal/mol
         70 |      1934576 |  -10.83 kcal/mol |  -11.26 +/-    0.18 kcal/mol |      12 |  -11.61 kcal/mol
         75 |      2068473 |  -11.04 kcal/mol |  -11.31 +/-    0.18 kcal/mol |       5 |  -11.65 kcal/mol
         76 |      2095730 |  -10.76 kcal/mol |  -11.28 +/-    0.19 kcal/mol |      16 |  -11.65 kcal/mol
------------+--------------+------------------+------------------------------+---------+-------------------

                                   Finished evaluation after reaching
                       2095730 evaluations. Best inter + intra   -11.65 kcal/mol.


Shutdown time 0.000668s

Job #7 took 0.904 sec after waiting 0.030 sec for setup

(Thread 0 is processing Job #7)
Run time of entire job set (7 files): 10.437 sec
Savings from multithreading: -0.001 sec
Idle time of execution thread: 4.707 sec

All jobs (7) ran without errors.
