AutoDock-GPU version: v1.6-7-ga46ab564d2ac5f1a1523f65239b43505a1c29364-dirty

Using 1 OpenMP threads

Running 5 docking calculations

Cuda device:                              NVIDIA A100-SXM4-40GB
Available memory on device:               39916 MB (total: 40339 MB)

CUDA Setup time 0.231115s
(Thread 0 is setting up Job #1)

Running Job #1:
    Device: NVIDIA A100-SXM4-40GB
    Grid map file: ./protein.maps.fld
    Ligand file: ./ligand_1_1.pdbqt
    Output file: docking_result_1.dlg (+ xml)
    Using heuristics: (capped) number of evaluations set to 2068966
    Local-search chosen method is: ADADELTA (ad)

Rest of Setup time 0.303299s

Executing docking runs, stopping automatically after either reaching 0.15 kcal/mol standard deviation of
the best molecules of the last 4 * 5 generations, 42000 generations, or 2068966 evaluations:

Generations |  Evaluations |     Threshold    |  Average energy of best 10%  | Samples | Best Inter + Intra
------------+--------------+------------------+------------------------------+---------+-------------------
          0 |          150 |   -1.76 kcal/mol |   -2.16 +/-    0.13 kcal/mol |       5 |   -2.36 kcal/mol
          5 |       143437 |   -1.76 kcal/mol |   -4.91 +/-    1.69 kcal/mol |    1118 |  -11.04 kcal/mol
         10 |       284255 |   -4.89 kcal/mol |   -9.43 +/-    0.95 kcal/mol |      31 |  -11.69 kcal/mol
         15 |       425454 |   -8.97 kcal/mol |  -11.36 +/-    0.21 kcal/mol |       6 |  -11.69 kcal/mol
         20 |       564178 |  -10.83 kcal/mol |  -11.65 +/-    0.16 kcal/mol |       9 |  -11.80 kcal/mol
         25 |       703269 |  -11.39 kcal/mol |  -11.74 +/-    0.14 kcal/mol |       9 |  -11.97 kcal/mol
         30 |       843694 |  -11.50 kcal/mol |  -11.87 +/-    0.14 kcal/mol |      11 |  -12.07 kcal/mol
         35 |       982616 |  -11.67 kcal/mol |  -11.85 +/-    0.12 kcal/mol |       7 |  -12.11 kcal/mol
         40 |      1121400 |  -11.59 kcal/mol |  -11.89 +/-    0.16 kcal/mol |       8 |  -12.19 kcal/mol
         45 |      1257070 |  -11.60 kcal/mol |  -11.80 +/-    0.16 kcal/mol |      16 |  -12.19 kcal/mol
         50 |      1394231 |  -11.65 kcal/mol |  -11.85 +/-    0.14 kcal/mol |      12 |  -12.19 kcal/mol
         55 |      1533464 |  -11.67 kcal/mol |  -11.97 +/-    0.18 kcal/mol |      10 |  -12.35 kcal/mol
         60 |      1671279 |  -11.70 kcal/mol |  -11.92 +/-    0.21 kcal/mol |       9 |  -12.36 kcal/mol
         65 |      1812320 |  -11.57 kcal/mol |  -11.93 +/-    0.19 kcal/mol |      13 |  -12.36 kcal/mol
         70 |      1952732 |  -11.71 kcal/mol |  -12.28 +/-    0.09 kcal/mol |       4 |  -12.36 kcal/mol
         75 |      2089576 |  -11.95 kcal/mol |  -12.31 +/-    0.08 kcal/mol |       6 |  -12.37 kcal/mol
------------+--------------+------------------+------------------------------+---------+-------------------

                                   Finished evaluation after reaching
                       2089576 evaluations. Best inter + intra   -12.37 kcal/mol.


Shutdown time 0.000761s

Job #1 took 0.947 sec after waiting 4.473 sec for setup

(Thread 0 is processing Job #1)
(Thread 0 is setting up Job #2)

Running Job #2:
    Device: NVIDIA A100-SXM4-40GB
    Grid map file: ./protein.maps.fld
    Ligand file: ./ligand_2_2.pdbqt
    Output file: docking_result_2.dlg (+ xml)
    Using heuristics: (capped) number of evaluations set to 2068966
    Local-search chosen method is: ADADELTA (ad)

Rest of Setup time 0.305093s

Executing docking runs, stopping automatically after either reaching 0.15 kcal/mol standard deviation of
the best molecules of the last 4 * 5 generations, 42000 generations, or 2068966 evaluations:

Generations |  Evaluations |     Threshold    |  Average energy of best 10%  | Samples | Best Inter + Intra
------------+--------------+------------------+------------------------------+---------+-------------------
          0 |          150 |   -1.05 kcal/mol |   -2.72 +/-    0.45 kcal/mol |       4 |   -3.11 kcal/mol
          5 |       147208 |   -1.05 kcal/mol |   -4.74 +/-    1.51 kcal/mol |    1074 |   -9.36 kcal/mol
         10 |       290118 |   -4.72 kcal/mol |   -8.71 +/-    0.76 kcal/mol |      39 |  -11.85 kcal/mol
         15 |       434643 |   -8.41 kcal/mol |  -11.02 +/-    0.80 kcal/mol |       8 |  -11.94 kcal/mol
         20 |       576568 |   -9.53 kcal/mol |  -11.45 +/-    0.54 kcal/mol |       4 |  -11.95 kcal/mol
         25 |       716707 |   -9.41 kcal/mol |  -11.35 +/-    0.51 kcal/mol |       6 |  -11.95 kcal/mol
         30 |       858850 |  -10.07 kcal/mol |  -11.62 +/-    0.29 kcal/mol |       7 |  -11.95 kcal/mol
         35 |       998377 |  -11.01 kcal/mol |  -11.65 +/-    0.32 kcal/mol |       4 |  -11.95 kcal/mol
         40 |      1135873 |  -10.45 kcal/mol |  -11.54 +/-    0.28 kcal/mol |       9 |  -11.95 kcal/mol
         45 |      1270825 |  -11.07 kcal/mol |  -11.94 +/-    0.03 kcal/mol |       7 |  -12.00 kcal/mol
         50 |      1403906 |  -11.62 kcal/mol |  -11.84 +/-    0.09 kcal/mol |      10 |  -12.00 kcal/mol
         55 |      1537801 |  -11.70 kcal/mol |  -11.98 +/-    0.01 kcal/mol |       4 |  -12.00 kcal/mol
         60 |      1673334 |  -11.42 kcal/mol |  -11.62 +/-    0.19 kcal/mol |      12 |  -12.00 kcal/mol
         65 |      1810095 |  -11.38 kcal/mol |  -11.63 +/-    0.22 kcal/mol |      18 |  -12.00 kcal/mol
         70 |      1944998 |  -11.45 kcal/mol |  -11.94 +/-    0.10 kcal/mol |      12 |  -12.01 kcal/mol
         75 |      2078467 |  -11.82 kcal/mol |  -11.96 +/-    0.08 kcal/mol |      18 |  -12.01 kcal/mol
------------+--------------+------------------+------------------------------+---------+-------------------

                                   Finished evaluation after reaching
                       2078467 evaluations. Best inter + intra   -12.01 kcal/mol.


Shutdown time 0.000734s

Job #2 took 0.909 sec after waiting 0.030 sec for setup

(Thread 0 is processing Job #2)
(Thread 0 is setting up Job #3)

Running Job #3:
    Device: NVIDIA A100-SXM4-40GB
    Grid map file: ./protein.maps.fld
    Ligand file: ./ligand_3_3.pdbqt
    Output file: docking_result_3.dlg (+ xml)
    Using heuristics: (capped) number of evaluations set to 2280181
    Local-search chosen method is: ADADELTA (ad)

Rest of Setup time 0.305599s

Executing docking runs, stopping automatically after either reaching 0.15 kcal/mol standard deviation of
the best molecules of the last 4 * 5 generations, 42000 generations, or 2280181 evaluations:

Generations |  Evaluations |     Threshold    |  Average energy of best 10%  | Samples | Best Inter + Intra
------------+--------------+------------------+------------------------------+---------+-------------------
          0 |          150 |   -1.22 kcal/mol |   -2.15 +/-    0.31 kcal/mol |       5 |   -2.71 kcal/mol
          5 |       141311 |   -1.23 kcal/mol |   -4.83 +/-    1.73 kcal/mol |    1089 |  -10.29 kcal/mol
         10 |       276875 |   -4.81 kcal/mol |   -9.31 +/-    0.66 kcal/mol |      28 |  -10.82 kcal/mol
         15 |       413344 |   -8.95 kcal/mol |  -10.63 +/-    0.16 kcal/mol |       8 |  -10.90 kcal/mol
         20 |       552168 |  -10.32 kcal/mol |  -10.82 +/-    0.23 kcal/mol |       7 |  -11.29 kcal/mol
         25 |       690198 |  -10.32 kcal/mol |  -11.29 +/-    0.34 kcal/mol |       5 |  -11.63 kcal/mol
         30 |       829957 |  -10.27 kcal/mol |  -11.45 +/-    0.32 kcal/mol |       7 |  -11.80 kcal/mol
         35 |       967964 |  -10.77 kcal/mol |  -11.62 +/-    0.24 kcal/mol |       4 |  -11.86 kcal/mol
         40 |      1107306 |  -10.74 kcal/mol |  -11.44 +/-    0.24 kcal/mol |       9 |  -11.86 kcal/mol
         45 |      1244089 |  -11.03 kcal/mol |  -11.52 +/-    0.24 kcal/mol |       6 |  -11.86 kcal/mol
         50 |      1379938 |  -10.94 kcal/mol |  -11.36 +/-    0.21 kcal/mol |       9 |  -11.86 kcal/mol
         55 |      1516553 |  -11.02 kcal/mol |  -11.37 +/-    0.18 kcal/mol |      12 |  -11.86 kcal/mol
         60 |      1652032 |  -11.15 kcal/mol |  -11.45 +/-    0.17 kcal/mol |       9 |  -11.86 kcal/mol
         65 |      1788862 |  -11.16 kcal/mol |  -11.48 +/-    0.16 kcal/mol |      10 |  -11.86 kcal/mol
         70 |      1924186 |  -11.24 kcal/mol |  -11.52 +/-    0.18 kcal/mol |      12 |  -12.01 kcal/mol
         75 |      2058130 |  -11.30 kcal/mol |  -11.56 +/-    0.18 kcal/mol |       9 |  -12.01 kcal/mol
         80 |      2191977 |  -11.25 kcal/mol |  -11.63 +/-    0.19 kcal/mol |      13 |  -12.01 kcal/mol
         84 |      2299596 |  -11.42 kcal/mol |  -11.64 +/-    0.16 kcal/mol |      25 |  -12.01 kcal/mol
------------+--------------+------------------+------------------------------+---------+-------------------

                                   Finished evaluation after reaching
                       2299596 evaluations. Best inter + intra   -12.01 kcal/mol.


Shutdown time 0.000706s

Job #3 took 1.081 sec after waiting 0.028 sec for setup

(Thread 0 is processing Job #3)
(Thread 0 is setting up Job #4)

Running Job #4:
    Device: NVIDIA A100-SXM4-40GB
    Grid map file: ./protein.maps.fld
    Ligand file: ./ligand_4_4.pdbqt
    Output file: docking_result_4.dlg (+ xml)
    Using heuristics: (capped) number of evaluations set to 2068966
    Local-search chosen method is: ADADELTA (ad)

Rest of Setup time 0.304327s

Executing docking runs, stopping automatically after either reaching 0.15 kcal/mol standard deviation of
the best molecules of the last 4 * 5 generations, 42000 generations, or 2068966 evaluations:

Generations |  Evaluations |     Threshold    |  Average energy of best 10%  | Samples | Best Inter + Intra
------------+--------------+------------------+------------------------------+---------+-------------------
          0 |          150 |   -1.54 kcal/mol |   -1.77 +/-    0.17 kcal/mol |      11 |   -2.10 kcal/mol
          5 |       147525 |   -1.54 kcal/mol |   -4.73 +/-    1.78 kcal/mol |    1190 |  -11.81 kcal/mol
         10 |       290361 |   -4.70 kcal/mol |   -9.15 +/-    0.91 kcal/mol |      25 |  -11.85 kcal/mol
         15 |       434554 |   -8.61 kcal/mol |  -11.80 +/-    0.03 kcal/mol |       4 |  -11.85 kcal/mol
         20 |       579218 |  -11.23 kcal/mol |  -11.82 +/-    0.04 kcal/mol |       2 |  -11.85 kcal/mol
         25 |       721115 |  -10.69 kcal/mol |  -11.63 +/-    0.19 kcal/mol |       6 |  -11.85 kcal/mol
         30 |       864645 |  -11.15 kcal/mol |  -11.79 +/-    0.06 kcal/mol |       5 |  -11.85 kcal/mol
------------+--------------+------------------+------------------------------+---------+-------------------

                                   Finished evaluation after reaching
                                  -11.74 +/-    0.14 kcal/mol combined.
                             17 samples, best inter + intra   -11.85 kcal/mol.


Shutdown time 0.000643s

Job #4 took 0.557 sec after waiting 0.033 sec for setup

(Thread 0 is processing Job #4)
(Thread 0 is setting up Job #5)

Running Job #5:
    Device: NVIDIA A100-SXM4-40GB
    Grid map file: ./protein.maps.fld
    Ligand file: ./ligand_5_5.pdbqt
    Output file: docking_result_5.dlg (+ xml)
    Using heuristics: (capped) number of evaluations set to 2280181
    Local-search chosen method is: ADADELTA (ad)

Rest of Setup time 0.304640s

Executing docking runs, stopping automatically after either reaching 0.15 kcal/mol standard deviation of
the best molecules of the last 4 * 5 generations, 42000 generations, or 2280181 evaluations:

Generations |  Evaluations |     Threshold    |  Average energy of best 10%  | Samples | Best Inter + Intra
------------+--------------+------------------+------------------------------+---------+-------------------
          0 |          150 |   -1.75 kcal/mol |   -2.58 +/-    0.22 kcal/mol |       4 |   -2.85 kcal/mol
          5 |       138418 |   -1.75 kcal/mol |   -4.95 +/-    1.51 kcal/mol |    1002 |  -10.10 kcal/mol
         10 |       272447 |   -4.93 kcal/mol |   -8.87 +/-    0.71 kcal/mol |      56 |  -10.31 kcal/mol
         15 |       405882 |   -8.68 kcal/mol |  -10.59 +/-    0.32 kcal/mol |       7 |  -11.07 kcal/mol
         20 |       538995 |   -9.91 kcal/mol |  -11.06 +/-    0.22 kcal/mol |      11 |  -11.60 kcal/mol
         25 |       672059 |  -10.76 kcal/mol |  -11.26 +/-    0.24 kcal/mol |       6 |  -11.76 kcal/mol
         30 |       808238 |  -10.67 kcal/mol |  -11.26 +/-    0.22 kcal/mol |       8 |  -11.79 kcal/mol
         35 |       940002 |  -10.85 kcal/mol |  -11.51 +/-    0.26 kcal/mol |       4 |  -11.85 kcal/mol
         40 |      1071551 |  -10.54 kcal/mol |  -11.46 +/-    0.31 kcal/mol |      13 |  -11.85 kcal/mol
         45 |      1201862 |  -11.10 kcal/mol |  -11.61 +/-    0.14 kcal/mol |       9 |  -11.86 kcal/mol
         50 |      1331560 |  -11.37 kcal/mol |  -11.68 +/-    0.14 kcal/mol |      13 |  -11.91 kcal/mol
         55 |      1463713 |  -11.51 kcal/mol |  -11.73 +/-    0.14 kcal/mol |       7 |  -11.94 kcal/mol
         60 |      1592916 |  -11.42 kcal/mol |  -11.83 +/-    0.11 kcal/mol |      10 |  -11.95 kcal/mol
         65 |      1722108 |  -11.67 kcal/mol |  -11.83 +/-    0.06 kcal/mol |       8 |  -11.97 kcal/mol
         70 |      1848767 |  -11.55 kcal/mol |  -11.82 +/-    0.11 kcal/mol |       7 |  -11.99 kcal/mol
         75 |      1975256 |  -11.58 kcal/mol |  -11.81 +/-    0.11 kcal/mol |       9 |  -11.99 kcal/mol
         80 |      2101107 |  -11.63 kcal/mol |  -11.79 +/-    0.14 kcal/mol |       9 |  -11.99 kcal/mol
         85 |      2226043 |  -11.57 kcal/mol |  -11.80 +/-    0.15 kcal/mol |      10 |  -12.01 kcal/mol
         88 |      2300782 |  -11.57 kcal/mol |  -11.83 +/-    0.15 kcal/mol |      20 |  -12.01 kcal/mol
------------+--------------+------------------+------------------------------+---------+-------------------

                                   Finished evaluation after reaching
                       2300782 evaluations. Best inter + intra   -12.01 kcal/mol.


Shutdown time 0.000826s

Job #5 took 1.090 sec after waiting 0.029 sec for setup

(Thread 0 is processing Job #5)
Run time of entire job set (5 files): 9.212 sec
Savings from multithreading: -0.001 sec
Idle time of execution thread: 4.627 sec

All jobs (5) ran without errors.
