AutoDock-GPU version: v1.6-7-ga46ab564d2ac5f1a1523f65239b43505a1c29364-dirty

Using 1 OpenMP threads

Running 8 docking calculations

Cuda device:                              NVIDIA A100-SXM4-40GB
Available memory on device:               39916 MB (total: 40339 MB)

CUDA Setup time 0.232781s
(Thread 0 is setting up Job #1)

Running Job #1:
    Device: NVIDIA A100-SXM4-40GB
    Grid map file: ./protein.maps.fld
    Ligand file: ./ligand_1_1.pdbqt
    Output file: docking_result_1.dlg (+ xml)
    Using heuristics: (capped) number of evaluations set to 2280181
    Local-search chosen method is: ADADELTA (ad)

Rest of Setup time 0.310690s

Executing docking runs, stopping automatically after either reaching 0.15 kcal/mol standard deviation of
the best molecules of the last 4 * 5 generations, 42000 generations, or 2280181 evaluations:

Generations |  Evaluations |     Threshold    |  Average energy of best 10%  | Samples | Best Inter + Intra
------------+--------------+------------------+------------------------------+---------+-------------------
          0 |          150 |   -1.51 kcal/mol |   -2.25 +/-    0.23 kcal/mol |       5 |   -2.60 kcal/mol
          5 |       126250 |   -1.57 kcal/mol |   -5.09 +/-    1.76 kcal/mol |     871 |  -10.74 kcal/mol
         10 |       249841 |   -5.06 kcal/mol |   -9.86 +/-    1.00 kcal/mol |      42 |  -12.46 kcal/mol
         15 |       376490 |   -9.50 kcal/mol |  -12.01 +/-    0.35 kcal/mol |       4 |  -12.48 kcal/mol
         20 |       505383 |  -10.68 kcal/mol |  -12.10 +/-    0.36 kcal/mol |      12 |  -12.48 kcal/mol
         25 |       635922 |  -11.65 kcal/mol |  -12.73 +/-    0.25 kcal/mol |       6 |  -13.15 kcal/mol
         30 |       767686 |  -12.11 kcal/mol |  -12.99 +/-    0.13 kcal/mol |       5 |  -13.15 kcal/mol
         35 |       896854 |  -12.60 kcal/mol |  -12.98 +/-    0.12 kcal/mol |       3 |  -13.15 kcal/mol
         40 |      1023460 |  -12.37 kcal/mol |  -12.94 +/-    0.11 kcal/mol |       5 |  -13.15 kcal/mol
         45 |      1147801 |  -12.60 kcal/mol |  -12.89 +/-    0.14 kcal/mol |       9 |  -13.15 kcal/mol
------------+--------------+------------------+------------------------------+---------+-------------------

                                   Finished evaluation after reaching
                                  -12.93 +/-    0.14 kcal/mol combined.
                             22 samples, best inter + intra   -13.15 kcal/mol.


Shutdown time 0.000720s

Job #1 took 0.745 sec after waiting 4.525 sec for setup

(Thread 0 is processing Job #1)
(Thread 0 is setting up Job #2)

Running Job #2:
    Device: NVIDIA A100-SXM4-40GB
    Grid map file: ./protein.maps.fld
    Ligand file: ./ligand_2_2.pdbqt
    Output file: docking_result_2.dlg (+ xml)
    Using heuristics: (capped) number of evaluations set to 2068966
    Local-search chosen method is: ADADELTA (ad)

Rest of Setup time 0.304231s

Executing docking runs, stopping automatically after either reaching 0.15 kcal/mol standard deviation of
the best molecules of the last 4 * 5 generations, 42000 generations, or 2068966 evaluations:

Generations |  Evaluations |     Threshold    |  Average energy of best 10%  | Samples | Best Inter + Intra
------------+--------------+------------------+------------------------------+---------+-------------------
          0 |          150 |   -1.83 kcal/mol |   -2.39 +/-    0.29 kcal/mol |       8 |   -3.12 kcal/mol
          5 |       126589 |   -1.83 kcal/mol |   -5.07 +/-    1.56 kcal/mol |     877 |  -12.54 kcal/mol
         10 |       250877 |   -5.04 kcal/mol |   -9.39 +/-    1.05 kcal/mol |      45 |  -12.54 kcal/mol
         15 |       378604 |   -9.04 kcal/mol |  -12.05 +/-    0.51 kcal/mol |       9 |  -12.63 kcal/mol
         20 |       507545 |  -11.20 kcal/mol |  -12.46 +/-    0.33 kcal/mol |       5 |  -12.94 kcal/mol
         25 |       634376 |  -11.46 kcal/mol |  -12.64 +/-    0.39 kcal/mol |       4 |  -13.00 kcal/mol
         30 |       762193 |  -11.19 kcal/mol |  -12.42 +/-    0.36 kcal/mol |      10 |  -13.00 kcal/mol
         35 |       891532 |  -11.88 kcal/mol |  -12.87 +/-    0.11 kcal/mol |       5 |  -13.00 kcal/mol
         40 |      1018969 |  -12.53 kcal/mol |  -12.89 +/-    0.11 kcal/mol |       5 |  -13.00 kcal/mol
         45 |      1145319 |  -12.56 kcal/mol |  -12.95 +/-    0.19 kcal/mol |       7 |  -13.20 kcal/mol
         50 |      1271513 |  -12.55 kcal/mol |  -13.04 +/-    0.14 kcal/mol |       5 |  -13.25 kcal/mol
         55 |      1400383 |  -12.61 kcal/mol |  -13.12 +/-    0.08 kcal/mol |       4 |  -13.25 kcal/mol
         60 |      1527677 |  -12.82 kcal/mol |  -13.20 +/-    0.08 kcal/mol |       8 |  -13.29 kcal/mol
         65 |      1658532 |  -13.06 kcal/mol |  -13.18 +/-    0.10 kcal/mol |       4 |  -13.29 kcal/mol
         70 |      1788642 |  -12.81 kcal/mol |  -13.11 +/-    0.12 kcal/mol |       8 |  -13.29 kcal/mol
         75 |      1915861 |  -12.89 kcal/mol |  -13.08 +/-    0.12 kcal/mol |      10 |  -13.29 kcal/mol
------------+--------------+------------------+------------------------------+---------+-------------------

                                   Finished evaluation after reaching
                                  -13.13 +/-    0.12 kcal/mol combined.
                             30 samples, best inter + intra   -13.29 kcal/mol.


Shutdown time 0.000621s

Job #2 took 0.950 sec after waiting 0.037 sec for setup

(Thread 0 is processing Job #2)
(Thread 0 is setting up Job #3)

Running Job #3:
    Device: NVIDIA A100-SXM4-40GB
    Grid map file: ./protein.maps.fld
    Ligand file: ./ligand_3_3.pdbqt
    Output file: docking_result_3.dlg (+ xml)
    Using heuristics: (capped) number of evaluations set to 2280181
    Local-search chosen method is: ADADELTA (ad)

Rest of Setup time 0.307233s

Executing docking runs, stopping automatically after either reaching 0.15 kcal/mol standard deviation of
the best molecules of the last 4 * 5 generations, 42000 generations, or 2280181 evaluations:

Generations |  Evaluations |     Threshold    |  Average energy of best 10%  | Samples | Best Inter + Intra
------------+--------------+------------------+------------------------------+---------+-------------------
          0 |          150 |   -1.35 kcal/mol |   -1.56 +/-    0.16 kcal/mol |      11 |   -1.90 kcal/mol
          5 |       123153 |   -1.35 kcal/mol |   -4.71 +/-    1.78 kcal/mol |     904 |  -12.39 kcal/mol
         10 |       244925 |   -4.69 kcal/mol |   -9.58 +/-    1.20 kcal/mol |      47 |  -12.43 kcal/mol
         15 |       370944 |   -9.20 kcal/mol |  -12.03 +/-    0.32 kcal/mol |       5 |  -12.43 kcal/mol
         20 |       494235 |  -11.07 kcal/mol |  -11.88 +/-    0.23 kcal/mol |      10 |  -12.43 kcal/mol
         25 |       618283 |  -11.55 kcal/mol |  -12.17 +/-    0.25 kcal/mol |       4 |  -12.43 kcal/mol
         30 |       744718 |  -11.25 kcal/mol |  -12.14 +/-    0.29 kcal/mol |      12 |  -12.48 kcal/mol
         35 |       871240 |  -11.79 kcal/mol |  -12.53 +/-    0.19 kcal/mol |       5 |  -12.90 kcal/mol
         40 |       996093 |  -11.97 kcal/mol |  -12.60 +/-    0.16 kcal/mol |       7 |  -12.91 kcal/mol
         45 |      1118240 |  -12.25 kcal/mol |  -12.62 +/-    0.16 kcal/mol |      11 |  -12.93 kcal/mol
         50 |      1241366 |  -12.41 kcal/mol |  -12.71 +/-    0.18 kcal/mol |      10 |  -13.03 kcal/mol
         55 |      1368905 |  -12.44 kcal/mol |  -12.67 +/-    0.14 kcal/mol |      15 |  -13.03 kcal/mol
         60 |      1494074 |  -12.52 kcal/mol |  -12.73 +/-    0.18 kcal/mol |      11 |  -13.11 kcal/mol
         65 |      1620075 |  -12.49 kcal/mol |  -13.03 +/-    0.20 kcal/mol |       4 |  -13.19 kcal/mol
         70 |      1746798 |  -12.28 kcal/mol |  -12.98 +/-    0.17 kcal/mol |      10 |  -13.19 kcal/mol
         75 |      1871099 |  -12.73 kcal/mol |  -12.96 +/-    0.12 kcal/mol |       8 |  -13.19 kcal/mol
         80 |      1996631 |  -12.73 kcal/mol |  -13.02 +/-    0.07 kcal/mol |       8 |  -13.19 kcal/mol
------------+--------------+------------------+------------------------------+---------+-------------------

                                   Finished evaluation after reaching
                                  -12.99 +/-    0.14 kcal/mol combined.
                             30 samples, best inter + intra   -13.19 kcal/mol.


Shutdown time 0.000608s

Job #3 took 1.065 sec after waiting 0.034 sec for setup

(Thread 0 is processing Job #3)
(Thread 0 is setting up Job #4)

Running Job #4:
    Device: NVIDIA A100-SXM4-40GB
    Grid map file: ./protein.maps.fld
    Ligand file: ./ligand_4_4.pdbqt
    Output file: docking_result_4.dlg (+ xml)
    Using heuristics: (capped) number of evaluations set to 2068966
    Local-search chosen method is: ADADELTA (ad)

Rest of Setup time 0.307396s

Executing docking runs, stopping automatically after either reaching 0.15 kcal/mol standard deviation of
the best molecules of the last 4 * 5 generations, 42000 generations, or 2068966 evaluations:

Generations |  Evaluations |     Threshold    |  Average energy of best 10%  | Samples | Best Inter + Intra
------------+--------------+------------------+------------------------------+---------+-------------------
          0 |          150 |   -1.68 kcal/mol |   -2.37 +/-    0.24 kcal/mol |       6 |   -2.79 kcal/mol
          5 |       128285 |   -1.76 kcal/mol |   -5.08 +/-    1.60 kcal/mol |     890 |  -11.43 kcal/mol
         10 |       254182 |   -5.05 kcal/mol |   -9.55 +/-    1.08 kcal/mol |      47 |  -12.66 kcal/mol
         15 |       381210 |   -9.21 kcal/mol |  -12.42 +/-    0.38 kcal/mol |       8 |  -12.99 kcal/mol
         20 |       508320 |  -11.72 kcal/mol |  -12.80 +/-    0.22 kcal/mol |       4 |  -13.00 kcal/mol
         25 |       635598 |  -11.99 kcal/mol |  -13.01 +/-    0.20 kcal/mol |       8 |  -13.24 kcal/mol
         30 |       763609 |  -12.64 kcal/mol |  -13.15 +/-    0.13 kcal/mol |       4 |  -13.29 kcal/mol
         35 |       890552 |  -12.67 kcal/mol |  -13.22 +/-    0.06 kcal/mol |       5 |  -13.29 kcal/mol
         40 |      1018999 |  -12.77 kcal/mol |  -13.15 +/-    0.18 kcal/mol |       4 |  -13.29 kcal/mol
         45 |      1144375 |  -12.49 kcal/mol |  -13.01 +/-    0.19 kcal/mol |      18 |  -13.29 kcal/mol
         50 |      1269411 |  -12.86 kcal/mol |  -13.15 +/-    0.14 kcal/mol |      10 |  -13.38 kcal/mol
         55 |      1393246 |  -12.94 kcal/mol |  -13.18 +/-    0.13 kcal/mol |      12 |  -13.38 kcal/mol
         60 |      1516578 |  -13.01 kcal/mol |  -13.25 +/-    0.12 kcal/mol |      10 |  -13.38 kcal/mol
         65 |      1641480 |  -13.07 kcal/mol |  -13.30 +/-    0.04 kcal/mol |       6 |  -13.38 kcal/mol
------------+--------------+------------------+------------------------------+---------+-------------------

                                   Finished evaluation after reaching
                                  -13.21 +/-    0.13 kcal/mol combined.
                             38 samples, best inter + intra   -13.38 kcal/mol.


Shutdown time 0.000632s

Job #4 took 0.866 sec after waiting 0.037 sec for setup

(Thread 0 is processing Job #4)
(Thread 0 is setting up Job #5)

Running Job #5:
    Device: NVIDIA A100-SXM4-40GB
    Grid map file: ./protein.maps.fld
    Ligand file: ./ligand_5_5.pdbqt
    Output file: docking_result_5.dlg (+ xml)
    Using heuristics: (capped) number of evaluations set to 2068966
    Local-search chosen method is: ADADELTA (ad)

Rest of Setup time 0.305351s

Executing docking runs, stopping automatically after either reaching 0.15 kcal/mol standard deviation of
the best molecules of the last 4 * 5 generations, 42000 generations, or 2068966 evaluations:

Generations |  Evaluations |     Threshold    |  Average energy of best 10%  | Samples | Best Inter + Intra
------------+--------------+------------------+------------------------------+---------+-------------------
          0 |          150 |   -1.78 kcal/mol |   -2.87 +/-    0.38 kcal/mol |       4 |   -3.51 kcal/mol
          5 |       129074 |   -1.44 kcal/mol |   -5.27 +/-    1.73 kcal/mol |     915 |  -12.11 kcal/mol
         10 |       258987 |   -5.24 kcal/mol |   -9.96 +/-    1.00 kcal/mol |      53 |  -12.35 kcal/mol
         15 |       390592 |   -9.68 kcal/mol |  -11.92 +/-    0.25 kcal/mol |       7 |  -12.40 kcal/mol
         20 |       524439 |  -11.39 kcal/mol |  -12.05 +/-    0.20 kcal/mol |      10 |  -12.44 kcal/mol
         25 |       658033 |  -11.75 kcal/mol |  -12.43 +/-    0.26 kcal/mol |       4 |  -12.69 kcal/mol
         30 |       791336 |  -11.47 kcal/mol |  -12.59 +/-    0.69 kcal/mol |      11 |  -14.01 kcal/mol
         35 |       924103 |  -11.66 kcal/mol |  -12.92 +/-    0.66 kcal/mol |       4 |  -14.05 kcal/mol
         40 |      1055786 |  -10.44 kcal/mol |  -12.46 +/-    0.64 kcal/mol |      20 |  -14.05 kcal/mol
         45 |      1185924 |  -11.98 kcal/mol |  -13.19 +/-    0.44 kcal/mol |       5 |  -14.05 kcal/mol
         50 |      1317410 |  -11.88 kcal/mol |  -13.16 +/-    0.33 kcal/mol |       9 |  -14.05 kcal/mol
         55 |      1450217 |  -12.60 kcal/mol |  -13.58 +/-    0.46 kcal/mol |       4 |  -14.05 kcal/mol
         60 |      1581901 |  -11.87 kcal/mol |  -13.11 +/-    0.31 kcal/mol |      11 |  -14.05 kcal/mol
         65 |      1715149 |  -12.69 kcal/mol |  -13.91 +/-    0.15 kcal/mol |       4 |  -14.05 kcal/mol
         70 |      1846773 |  -13.34 kcal/mol |  -13.95 +/-    0.11 kcal/mol |       6 |  -14.06 kcal/mol
         75 |      1974663 |  -13.67 kcal/mol |  -14.02 +/-    0.03 kcal/mol |       3 |  -14.06 kcal/mol
         79 |      2077380 |  -13.27 kcal/mol |  -13.95 +/-    0.13 kcal/mol |       7 |  -14.06 kcal/mol
------------+--------------+------------------+------------------------------+---------+-------------------

                                   Finished evaluation after reaching
                       2077380 evaluations. Best inter + intra   -14.06 kcal/mol.


Shutdown time 0.000663s

Job #5 took 0.977 sec after waiting 0.031 sec for setup

(Thread 0 is processing Job #5)
(Thread 0 is setting up Job #6)

Running Job #6:
    Device: NVIDIA A100-SXM4-40GB
    Grid map file: ./protein.maps.fld
    Ligand file: ./ligand_6_6.pdbqt
    Output file: docking_result_6.dlg (+ xml)
    Using heuristics: (capped) number of evaluations set to 2280181
    Local-search chosen method is: ADADELTA (ad)

Rest of Setup time 0.302698s

Executing docking runs, stopping automatically after either reaching 0.15 kcal/mol standard deviation of
the best molecules of the last 4 * 5 generations, 42000 generations, or 2280181 evaluations:

Generations |  Evaluations |     Threshold    |  Average energy of best 10%  | Samples | Best Inter + Intra
------------+--------------+------------------+------------------------------+---------+-------------------
          0 |          150 |   -1.39 kcal/mol |   -1.73 +/-    0.20 kcal/mol |       9 |   -2.12 kcal/mol
          5 |       136983 |   -1.39 kcal/mol |   -4.67 +/-    1.59 kcal/mol |     971 |  -10.23 kcal/mol
         10 |       270003 |   -4.64 kcal/mol |   -8.78 +/-    0.74 kcal/mol |      50 |  -11.05 kcal/mol
         15 |       403137 |   -8.56 kcal/mol |  -10.53 +/-    0.38 kcal/mol |       4 |  -11.08 kcal/mol
         20 |       534415 |   -9.10 kcal/mol |  -10.25 +/-    0.33 kcal/mol |      13 |  -11.08 kcal/mol
         25 |       664651 |   -9.87 kcal/mol |  -11.10 +/-    0.23 kcal/mol |       5 |  -11.34 kcal/mol
         30 |       795398 |  -10.42 kcal/mol |  -11.13 +/-    0.21 kcal/mol |       4 |  -11.46 kcal/mol
         35 |       926336 |  -10.35 kcal/mol |  -11.09 +/-    0.16 kcal/mol |       7 |  -11.46 kcal/mol
         40 |      1056571 |  -10.75 kcal/mol |  -11.11 +/-    0.14 kcal/mol |      10 |  -11.46 kcal/mol
         45 |      1186894 |  -10.90 kcal/mol |  -11.60 +/-    0.34 kcal/mol |       5 |  -12.02 kcal/mol
         50 |      1316415 |  -10.59 kcal/mol |  -11.57 +/-    0.28 kcal/mol |       7 |  -12.07 kcal/mol
         55 |      1451712 |  -10.96 kcal/mol |  -11.52 +/-    0.25 kcal/mol |       7 |  -12.07 kcal/mol
         60 |      1585287 |  -10.99 kcal/mol |  -11.55 +/-    0.22 kcal/mol |       9 |  -12.07 kcal/mol
         65 |      1720492 |  -11.18 kcal/mol |  -11.66 +/-    0.18 kcal/mol |       7 |  -12.07 kcal/mol
         70 |      1853973 |  -11.27 kcal/mol |  -11.84 +/-    0.26 kcal/mol |       8 |  -12.33 kcal/mol
         75 |      1987213 |  -11.35 kcal/mol |  -11.99 +/-    0.45 kcal/mol |       4 |  -12.77 kcal/mol
         80 |      2118360 |  -10.31 kcal/mol |  -11.61 +/-    0.34 kcal/mol |      17 |  -12.77 kcal/mol
         85 |      2251338 |  -11.31 kcal/mol |  -12.36 +/-    0.41 kcal/mol |       4 |  -12.77 kcal/mol
         87 |      2303504 |  -10.82 kcal/mol |  -12.13 +/-    0.43 kcal/mol |      10 |  -12.77 kcal/mol
------------+--------------+------------------+------------------------------+---------+-------------------

                                   Finished evaluation after reaching
                       2303504 evaluations. Best inter + intra   -12.77 kcal/mol.


Shutdown time 0.000657s

Job #6 took 0.968 sec after waiting 0.030 sec for setup

(Thread 0 is processing Job #6)
(Thread 0 is setting up Job #7)

Running Job #7:
    Device: NVIDIA A100-SXM4-40GB
    Grid map file: ./protein.maps.fld
    Ligand file: ./ligand_7_7.pdbqt
    Output file: docking_result_7.dlg (+ xml)
    Using heuristics: (capped) number of evaluations set to 2068966
    Local-search chosen method is: ADADELTA (ad)

Rest of Setup time 0.305585s

Executing docking runs, stopping automatically after either reaching 0.15 kcal/mol standard deviation of
the best molecules of the last 4 * 5 generations, 42000 generations, or 2068966 evaluations:

Generations |  Evaluations |     Threshold    |  Average energy of best 10%  | Samples | Best Inter + Intra
------------+--------------+------------------+------------------------------+---------+-------------------
          0 |          150 |   -0.83 kcal/mol |   -2.20 +/-    0.46 kcal/mol |       5 |   -2.89 kcal/mol
          5 |       136443 |   -0.83 kcal/mol |   -4.54 +/-    1.58 kcal/mol |    1002 |  -10.11 kcal/mol
         10 |       269075 |   -4.52 kcal/mol |   -8.53 +/-    0.84 kcal/mol |      39 |  -10.39 kcal/mol
         15 |       402626 |   -8.20 kcal/mol |  -10.46 +/-    0.31 kcal/mol |       6 |  -10.80 kcal/mol
         20 |       535347 |   -9.68 kcal/mol |  -10.55 +/-    0.18 kcal/mol |       7 |  -10.80 kcal/mol
         25 |       668027 |  -10.17 kcal/mol |  -10.75 +/-    0.22 kcal/mol |       8 |  -11.25 kcal/mol
         30 |       802549 |  -10.33 kcal/mol |  -11.10 +/-    0.25 kcal/mol |       7 |  -11.46 kcal/mol
         35 |       935977 |  -10.58 kcal/mol |  -11.35 +/-    0.23 kcal/mol |       4 |  -11.54 kcal/mol
         40 |      1067227 |  -10.47 kcal/mol |  -11.49 +/-    0.06 kcal/mol |       4 |  -11.54 kcal/mol
         45 |      1197136 |  -10.93 kcal/mol |  -11.49 +/-    0.07 kcal/mol |       5 |  -11.54 kcal/mol
         50 |      1328564 |  -11.04 kcal/mol |  -11.50 +/-    0.05 kcal/mol |       4 |  -11.54 kcal/mol
         55 |      1461326 |  -10.94 kcal/mol |  -11.50 +/-    0.06 kcal/mol |       6 |  -11.54 kcal/mol
------------+--------------+------------------+------------------------------+---------+-------------------

                                   Finished evaluation after reaching
                                  -11.50 +/-    0.06 kcal/mol combined.
                             19 samples, best inter + intra   -11.54 kcal/mol.


Shutdown time 0.000651s

Job #7 took 0.727 sec after waiting 0.027 sec for setup

(Thread 0 is processing Job #7)
(Thread 0 is setting up Job #8)

Running Job #8:
    Device: NVIDIA A100-SXM4-40GB
    Grid map file: ./protein.maps.fld
    Ligand file: ./ligand_8_8.pdbqt
    Output file: docking_result_8.dlg (+ xml)
    Using heuristics: (capped) number of evaluations set to 2068966
    Local-search chosen method is: ADADELTA (ad)

Rest of Setup time 0.305737s

Executing docking runs, stopping automatically after either reaching 0.15 kcal/mol standard deviation of
the best molecules of the last 4 * 5 generations, 42000 generations, or 2068966 evaluations:

Generations |  Evaluations |     Threshold    |  Average energy of best 10%  | Samples | Best Inter + Intra
------------+--------------+------------------+------------------------------+---------+-------------------
          0 |          150 |   -0.77 kcal/mol |   -2.27 +/-    0.50 kcal/mol |       6 |   -3.16 kcal/mol
          5 |       139429 |   -1.02 kcal/mol |   -4.51 +/-    1.41 kcal/mol |     922 |   -9.59 kcal/mol
         10 |       271224 |   -4.48 kcal/mol |   -8.36 +/-    0.71 kcal/mol |      43 |   -9.73 kcal/mol
         15 |       404378 |   -8.11 kcal/mol |   -9.64 +/-    0.10 kcal/mol |       6 |   -9.83 kcal/mol
         20 |       537881 |   -9.38 kcal/mol |   -9.79 +/-    0.15 kcal/mol |       8 |  -10.11 kcal/mol
         25 |       670510 |   -9.50 kcal/mol |  -10.56 +/-    0.54 kcal/mol |       9 |  -11.15 kcal/mol
         30 |       803277 |   -9.67 kcal/mol |  -10.84 +/-    0.38 kcal/mol |       4 |  -11.17 kcal/mol
         35 |       937890 |   -9.40 kcal/mol |  -10.61 +/-    0.36 kcal/mol |       8 |  -11.17 kcal/mol
         40 |      1072187 |   -9.93 kcal/mol |  -10.90 +/-    0.17 kcal/mol |       5 |  -11.17 kcal/mol
         45 |      1205850 |  -10.39 kcal/mol |  -11.02 +/-    0.07 kcal/mol |       7 |  -11.17 kcal/mol
         50 |      1336999 |  -10.70 kcal/mol |  -11.08 +/-    0.07 kcal/mol |       4 |  -11.17 kcal/mol
         55 |      1469687 |  -10.51 kcal/mol |  -11.10 +/-    0.07 kcal/mol |       5 |  -11.17 kcal/mol
------------+--------------+------------------+------------------------------+---------+-------------------

                                   Finished evaluation after reaching
                                  -11.02 +/-    0.13 kcal/mol combined.
                             21 samples, best inter + intra   -11.17 kcal/mol.


Shutdown time 0.000673s

Job #8 took 0.720 sec after waiting 0.027 sec for setup

(Thread 0 is processing Job #8)
Run time of entire job set (8 files): 11.793 sec
Savings from multithreading: -0.001 sec
Idle time of execution thread: 4.774 sec

All jobs (8) ran without errors.
