AutoDock-GPU version: v1.6-7-ga46ab564d2ac5f1a1523f65239b43505a1c29364-dirty

Using 1 OpenMP threads

Running 3 docking calculations

Cuda device:                              NVIDIA A100-SXM4-40GB
Available memory on device:               36750 MB (total: 40339 MB)

CUDA Setup time 0.173333s
(Thread 0 is setting up Job #1)

Running Job #1:
    Device: NVIDIA A100-SXM4-40GB
    Grid map file: ./protein.maps.fld
    Ligand file: ./ligand_1_1.pdbqt
    Output file: docking_result_1.dlg (+ xml)
    Using heuristics: (capped) number of evaluations set to 7266276
    Overriding heuristics, setting number of evaluations to --nev = 2500000 instead.
    Warning: The set number of evals is 13.57% of the uncapped heuristics estimate of 18420020 evals.
             This means this docking may not be able to converge. Increasing --heurmax may improve
             convergence but will also increase runtime.
             AutoStop will not stop before 66.37% (1659273) of the set number of evaluations.
    Local-search chosen method is: ADADELTA (ad)

Rest of Setup time 0.313334s

Executing docking runs, stopping automatically after either reaching 0.15 kcal/mol standard deviation of
the best molecules of the last 4 * 5 generations, 42000 generations, or 2500000 evaluations:

Generations |  Evaluations |     Threshold    |  Average energy of best 10%  | Samples | Best Inter + Intra
------------+--------------+------------------+------------------------------+---------+-------------------
          0 |          150 |  163.90 kcal/mol |  131.64 +/-    8.60 kcal/mol |       4 |  119.49 kcal/mol
          5 |       118042 |  163.90 kcal/mol |    7.85 +/-   20.00 kcal/mol |    1119 |  -10.35 kcal/mol
         10 |       227773 |    8.12 kcal/mol |   -9.68 +/-    0.44 kcal/mol |       5 |  -10.35 kcal/mol
         15 |       340601 |   -8.37 kcal/mol |   -9.96 +/-    0.36 kcal/mol |      11 |  -10.48 kcal/mol
         20 |       452679 |   -9.47 kcal/mol |  -10.79 +/-    0.54 kcal/mol |       5 |  -11.70 kcal/mol
         25 |       560514 |   -9.16 kcal/mol |  -10.88 +/-    0.52 kcal/mol |       6 |  -11.70 kcal/mol
         30 |       669804 |   -9.58 kcal/mol |  -11.32 +/-    0.17 kcal/mol |       7 |  -11.70 kcal/mol
         35 |       776105 |  -10.96 kcal/mol |  -11.40 +/-    0.17 kcal/mol |       5 |  -11.70 kcal/mol
         40 |       882403 |  -10.89 kcal/mol |  -11.54 +/-    0.15 kcal/mol |       6 |  -11.70 kcal/mol
         45 |       986862 |  -11.17 kcal/mol |  -11.53 +/-    0.17 kcal/mol |       4 |  -11.70 kcal/mol
         50 |      1088989 |  -10.89 kcal/mol |  -11.47 +/-    0.19 kcal/mol |       5 |  -11.70 kcal/mol
         55 |      1187425 |  -10.90 kcal/mol |  -12.16 +/-    0.60 kcal/mol |       8 |  -12.89 kcal/mol
         60 |      1285218 |  -11.03 kcal/mol |  -12.55 +/-    0.58 kcal/mol |       4 |  -13.25 kcal/mol
         65 |      1383818 |  -10.37 kcal/mol |  -12.58 +/-    0.69 kcal/mol |       5 |  -13.25 kcal/mol
         70 |      1477620 |  -10.52 kcal/mol |  -12.51 +/-    0.62 kcal/mol |       4 |  -13.25 kcal/mol
         75 |      1570367 |  -10.20 kcal/mol |  -12.17 +/-    0.68 kcal/mol |       6 |  -13.25 kcal/mol
         80 |      1661019 |  -10.46 kcal/mol |  -12.98 +/-    0.54 kcal/mol |       5 |  -13.80 kcal/mol
         85 |      1750113 |  -11.37 kcal/mol |  -13.55 +/-    0.55 kcal/mol |       4 |  -14.09 kcal/mol
         90 |      1838713 |  -11.50 kcal/mol |  -13.12 +/-    0.59 kcal/mol |       4 |  -14.09 kcal/mol
         95 |      1925566 |  -10.92 kcal/mol |  -12.87 +/-    0.77 kcal/mol |       4 |  -14.09 kcal/mol
        100 |      2015455 |   -9.99 kcal/mol |  -12.50 +/-    0.84 kcal/mol |      10 |  -14.09 kcal/mol
        105 |      2102395 |  -11.24 kcal/mol |  -12.98 +/-    0.68 kcal/mol |       4 |  -14.09 kcal/mol
        110 |      2187199 |  -10.45 kcal/mol |  -12.70 +/-    0.74 kcal/mol |      10 |  -14.09 kcal/mol
        115 |      2273235 |  -11.59 kcal/mol |  -13.14 +/-    0.60 kcal/mol |       4 |  -14.09 kcal/mol
        120 |      2356605 |  -10.88 kcal/mol |  -12.77 +/-    0.56 kcal/mol |       9 |  -14.09 kcal/mol
        125 |      2440551 |  -11.84 kcal/mol |  -13.29 +/-    0.48 kcal/mol |       4 |  -14.09 kcal/mol
        129 |      2508227 |  -11.47 kcal/mol |  -13.43 +/-    0.50 kcal/mol |       8 |  -14.09 kcal/mol
------------+--------------+------------------+------------------------------+---------+-------------------

                                   Finished evaluation after reaching
                       2508227 evaluations. Best inter + intra   -14.09 kcal/mol.


Shutdown time 0.000705s

Job #1 took 3.334 sec after waiting 4.470 sec for setup

(Thread 0 is processing Job #1)
(Thread 0 is setting up Job #2)

Running Job #2:
    Device: NVIDIA A100-SXM4-40GB
    Grid map file: ./protein.maps.fld
    Ligand file: ./ligand_2_2.pdbqt
    Output file: docking_result_2.dlg (+ xml)
    Using heuristics: (capped) number of evaluations set to 7266276
    Overriding heuristics, setting number of evaluations to --nev = 2500000 instead.
    Warning: The set number of evals is 13.57% of the uncapped heuristics estimate of 18420020 evals.
             This means this docking may not be able to converge. Increasing --heurmax may improve
             convergence but will also increase runtime.
             AutoStop will not stop before 66.37% (1659273) of the set number of evaluations.
    Local-search chosen method is: ADADELTA (ad)

Rest of Setup time 0.311264s

Executing docking runs, stopping automatically after either reaching 0.15 kcal/mol standard deviation of
the best molecules of the last 4 * 5 generations, 42000 generations, or 2500000 evaluations:

Generations |  Evaluations |     Threshold    |  Average energy of best 10%  | Samples | Best Inter + Intra
------------+--------------+------------------+------------------------------+---------+-------------------
          0 |          150 |  212.10 kcal/mol |  164.12 +/-   12.79 kcal/mol |       4 |  149.43 kcal/mol
          5 |       118079 |  212.10 kcal/mol |    8.70 +/-   22.90 kcal/mol |    1140 |   -9.04 kcal/mol
         10 |       226022 |    9.00 kcal/mol |  -10.32 +/-    1.07 kcal/mol |       4 |  -12.10 kcal/mol
         15 |       335366 |   -6.32 kcal/mol |   -9.52 +/-    1.04 kcal/mol |      12 |  -12.10 kcal/mol
         20 |       448441 |   -8.22 kcal/mol |  -11.49 +/-    1.09 kcal/mol |       4 |  -12.12 kcal/mol
         25 |       559109 |   -7.41 kcal/mol |  -10.60 +/-    0.85 kcal/mol |      14 |  -12.12 kcal/mol
         30 |       669256 |   -9.69 kcal/mol |  -12.06 +/-    0.29 kcal/mol |       6 |  -12.29 kcal/mol
         35 |       775240 |  -11.33 kcal/mol |  -12.15 +/-    0.08 kcal/mol |       4 |  -12.29 kcal/mol
         40 |       879613 |  -11.85 kcal/mol |  -12.23 +/-    0.14 kcal/mol |       6 |  -12.48 kcal/mol
         45 |       979649 |  -11.88 kcal/mol |  -12.24 +/-    0.14 kcal/mol |       5 |  -12.48 kcal/mol
         50 |      1077274 |  -11.83 kcal/mol |  -12.36 +/-    0.20 kcal/mol |       9 |  -12.86 kcal/mol
         55 |      1173459 |  -12.03 kcal/mol |  -12.79 +/-    0.32 kcal/mol |       8 |  -13.31 kcal/mol
         60 |      1266271 |  -12.18 kcal/mol |  -13.22 +/-    0.20 kcal/mol |       4 |  -13.46 kcal/mol
         65 |      1359636 |  -12.46 kcal/mol |  -13.36 +/-    0.26 kcal/mol |       6 |  -13.76 kcal/mol
         70 |      1450695 |  -12.72 kcal/mol |  -13.53 +/-    0.20 kcal/mol |       5 |  -13.79 kcal/mol
         75 |      1540505 |  -12.92 kcal/mol |  -13.74 +/-    0.20 kcal/mol |       4 |  -13.98 kcal/mol
         80 |      1629800 |  -12.99 kcal/mol |  -13.74 +/-    0.20 kcal/mol |       4 |  -13.98 kcal/mol
         85 |      1720754 |  -12.99 kcal/mol |  -13.77 +/-    0.18 kcal/mol |       8 |  -13.98 kcal/mol
         90 |      1809537 |  -13.43 kcal/mol |  -13.68 +/-    0.22 kcal/mol |       7 |  -14.00 kcal/mol
         95 |      1897562 |  -13.21 kcal/mol |  -13.93 +/-    0.09 kcal/mol |       7 |  -14.00 kcal/mol
        100 |      1985819 |  -13.75 kcal/mol |  -13.93 +/-    0.08 kcal/mol |       5 |  -14.00 kcal/mol
        105 |      2071614 |  -13.71 kcal/mol |  -13.89 +/-    0.09 kcal/mol |       7 |  -14.01 kcal/mol
        110 |      2157209 |  -13.70 kcal/mol |  -14.17 +/-    0.18 kcal/mol |       7 |  -14.53 kcal/mol
        115 |      2242450 |  -13.79 kcal/mol |  -14.57 +/-    0.25 kcal/mol |       4 |  -14.86 kcal/mol
        120 |      2325912 |  -13.65 kcal/mol |  -14.59 +/-    0.22 kcal/mol |       7 |  -14.86 kcal/mol
        125 |      2409340 |  -14.12 kcal/mol |  -14.63 +/-    0.12 kcal/mol |       6 |  -14.86 kcal/mol
        130 |      2491575 |  -14.32 kcal/mol |  -14.67 +/-    0.12 kcal/mol |       4 |  -14.86 kcal/mol
        131 |      2508240 |  -14.22 kcal/mol |  -14.66 +/-    0.12 kcal/mol |       9 |  -14.86 kcal/mol
------------+--------------+------------------+------------------------------+---------+-------------------

                                   Finished evaluation after reaching
                       2508240 evaluations. Best inter + intra   -14.86 kcal/mol.


Shutdown time 0.027342s

Job #2 took 3.376 sec after waiting 0.059 sec for setup

(Thread 0 is processing Job #2)
(Thread 0 is setting up Job #3)

Running Job #3:
    Device: NVIDIA A100-SXM4-40GB
    Grid map file: ./protein.maps.fld
    Ligand file: ./ligand_3_3.pdbqt
    Output file: docking_result_3.dlg (+ xml)
    Using heuristics: (capped) number of evaluations set to 7266276
    Overriding heuristics, setting number of evaluations to --nev = 2500000 instead.
    Warning: The set number of evals is 13.57% of the uncapped heuristics estimate of 18420020 evals.
             This means this docking may not be able to converge. Increasing --heurmax may improve
             convergence but will also increase runtime.
             AutoStop will not stop before 66.37% (1659273) of the set number of evaluations.
    Local-search chosen method is: ADADELTA (ad)

Rest of Setup time 0.321761s

Executing docking runs, stopping automatically after either reaching 0.15 kcal/mol standard deviation of
the best molecules of the last 4 * 5 generations, 42000 generations, or 2500000 evaluations:

Generations |  Evaluations |     Threshold    |  Average energy of best 10%  | Samples | Best Inter + Intra
------------+--------------+------------------+------------------------------+---------+-------------------
          0 |          150 |  206.11 kcal/mol |  158.96 +/-   12.57 kcal/mol |       4 |  146.31 kcal/mol
          5 |       118349 |  206.11 kcal/mol |   11.22 +/-   26.43 kcal/mol |    1101 |   -9.93 kcal/mol
         10 |       229556 |   11.58 kcal/mol |  -10.52 +/-    0.46 kcal/mol |       4 |  -11.22 kcal/mol
         15 |       342234 |   -8.78 kcal/mol |  -11.18 +/-    0.62 kcal/mol |      12 |  -12.00 kcal/mol
         20 |       452494 |  -10.40 kcal/mol |  -11.90 +/-    0.16 kcal/mol |       5 |  -12.09 kcal/mol
         25 |       560415 |  -11.43 kcal/mol |  -12.12 +/-    0.41 kcal/mol |       4 |  -12.80 kcal/mol
         30 |       665787 |  -10.58 kcal/mol |  -12.31 +/-    0.72 kcal/mol |       6 |  -13.30 kcal/mol
         35 |       766919 |  -10.51 kcal/mol |  -12.53 +/-    0.52 kcal/mol |       7 |  -13.30 kcal/mol
         40 |       867364 |  -11.42 kcal/mol |  -12.80 +/-    0.53 kcal/mol |       4 |  -13.30 kcal/mol
         45 |       965790 |  -10.81 kcal/mol |  -12.58 +/-    0.68 kcal/mol |       9 |  -13.69 kcal/mol
         50 |      1062767 |  -11.45 kcal/mol |  -13.34 +/-    0.31 kcal/mol |       7 |  -13.90 kcal/mol
         55 |      1160873 |  -12.69 kcal/mol |  -13.47 +/-    0.20 kcal/mol |       7 |  -13.90 kcal/mol
         60 |      1255621 |  -13.05 kcal/mol |  -13.61 +/-    0.36 kcal/mol |       4 |  -14.21 kcal/mol
         65 |      1350060 |  -12.28 kcal/mol |  -13.58 +/-    0.41 kcal/mol |       5 |  -14.39 kcal/mol
         70 |      1440793 |  -12.35 kcal/mol |  -13.83 +/-    0.52 kcal/mol |       7 |  -14.48 kcal/mol
         75 |      1531177 |  -12.71 kcal/mol |  -14.14 +/-    0.38 kcal/mol |       4 |  -14.52 kcal/mol
         80 |      1622879 |  -12.71 kcal/mol |  -14.27 +/-    0.44 kcal/mol |       4 |  -14.59 kcal/mol
         85 |      1714708 |  -12.64 kcal/mol |  -13.91 +/-    0.43 kcal/mol |       8 |  -14.59 kcal/mol
         90 |      1805113 |  -13.09 kcal/mol |  -14.01 +/-    0.48 kcal/mol |       4 |  -14.59 kcal/mol
         95 |      1895212 |  -12.20 kcal/mol |  -13.63 +/-    0.41 kcal/mol |      12 |  -14.59 kcal/mol
        100 |      1984474 |  -13.11 kcal/mol |  -14.01 +/-    0.48 kcal/mol |       4 |  -14.59 kcal/mol
        105 |      2069547 |  -12.20 kcal/mol |  -13.99 +/-    0.54 kcal/mol |       9 |  -14.59 kcal/mol
        110 |      2156378 |  -13.10 kcal/mol |  -14.62 +/-    0.14 kcal/mol |       4 |  -14.75 kcal/mol
        115 |      2243315 |  -14.11 kcal/mol |  -14.69 +/-    0.08 kcal/mol |       3 |  -14.75 kcal/mol
        120 |      2328766 |  -14.31 kcal/mol |  -14.68 +/-    0.09 kcal/mol |       2 |  -14.77 kcal/mol
        125 |      2412412 |  -13.99 kcal/mol |  -14.63 +/-    0.11 kcal/mol |       6 |  -14.77 kcal/mol
        130 |      2496315 |  -14.36 kcal/mol |  -14.65 +/-    0.12 kcal/mol |       4 |  -14.86 kcal/mol
        131 |      2513626 |  -14.20 kcal/mol |  -14.68 +/-    0.15 kcal/mol |       9 |  -14.89 kcal/mol
------------+--------------+------------------+------------------------------+---------+-------------------

                                   Finished evaluation after reaching
                       2513626 evaluations. Best inter + intra   -14.89 kcal/mol.


Shutdown time 0.000767s

Job #3 took 1.842 sec after waiting 0.058 sec for setup

(Thread 0 is processing Job #3)
Run time of entire job set (3 files): 13.199 sec
Savings from multithreading: -0.000 sec
Idle time of execution thread: 4.647 sec

All jobs (3) ran without errors.
