AutoDock-GPU version: v1.6-7-ga46ab564d2ac5f1a1523f65239b43505a1c29364-dirty

Using 1 OpenMP threads

Running 10 docking calculations

Cuda device:                              NVIDIA A100-SXM4-40GB
Available memory on device:               36750 MB (total: 40339 MB)

CUDA Setup time 0.180270s
(Thread 0 is setting up Job #1)

Running Job #1:
    Device: NVIDIA A100-SXM4-40GB
    Grid map file: ./protein.maps.fld
    Ligand file: ./ligand_1_1.pdbqt
    Output file: docking_result_1.dlg (+ xml)
    Using heuristics: (capped) number of evaluations set to 6512245
    Overriding heuristics, setting number of evaluations to --nev = 2500000 instead.
    Warning: The set number of evals is 17.56% of the uncapped heuristics estimate of 14240240 evals.
             This means this docking may not be able to converge. Increasing --heurmax may improve
             convergence but will also increase runtime.
             AutoStop will not stop before 53.80% (1345079) of the set number of evaluations.
    Local-search chosen method is: ADADELTA (ad)

Rest of Setup time 0.323118s

Executing docking runs, stopping automatically after either reaching 0.15 kcal/mol standard deviation of
the best molecules of the last 4 * 5 generations, 42000 generations, or 2500000 evaluations:

Generations |  Evaluations |     Threshold    |  Average energy of best 10%  | Samples | Best Inter + Intra
------------+--------------+------------------+------------------------------+---------+-------------------
          0 |          150 |  378.11 kcal/mol |  273.84 +/-   58.27 kcal/mol |       4 |  173.98 kcal/mol
          5 |       105759 |  492.35 kcal/mol |    4.69 +/-   36.02 kcal/mol |    1103 |  -10.27 kcal/mol
         10 |       172446 |    5.18 kcal/mol |   -9.53 +/-    0.45 kcal/mol |       7 |  -10.27 kcal/mol
         15 |       233492 |   -8.56 kcal/mol |  -10.33 +/-    0.49 kcal/mol |      10 |  -11.57 kcal/mol
         20 |       296773 |   -9.60 kcal/mol |  -11.05 +/-    0.29 kcal/mol |       5 |  -11.57 kcal/mol
         25 |       360630 |  -10.19 kcal/mol |  -11.48 +/-    0.68 kcal/mol |       7 |  -12.77 kcal/mol
         30 |       426086 |  -10.02 kcal/mol |  -12.21 +/-    0.66 kcal/mol |       4 |  -12.77 kcal/mol
         35 |       490567 |   -9.73 kcal/mol |  -11.62 +/-    0.63 kcal/mol |       6 |  -12.77 kcal/mol
         40 |       555333 |  -10.05 kcal/mol |  -12.02 +/-    0.49 kcal/mol |       4 |  -12.77 kcal/mol
         45 |       619305 |  -10.19 kcal/mol |  -11.86 +/-    0.48 kcal/mol |       6 |  -12.77 kcal/mol
         50 |       684448 |  -10.65 kcal/mol |  -12.27 +/-    0.50 kcal/mol |       5 |  -13.26 kcal/mol
         55 |       749841 |  -10.75 kcal/mol |  -12.30 +/-    0.49 kcal/mol |       5 |  -13.26 kcal/mol
         60 |       815378 |  -10.84 kcal/mol |  -12.24 +/-    0.51 kcal/mol |       8 |  -13.26 kcal/mol
         65 |       882350 |  -11.28 kcal/mol |  -12.84 +/-    0.44 kcal/mol |       5 |  -13.47 kcal/mol
         70 |       949879 |  -11.51 kcal/mol |  -13.15 +/-    0.46 kcal/mol |       4 |  -13.87 kcal/mol
         75 |      1016755 |  -11.41 kcal/mol |  -13.17 +/-    0.48 kcal/mol |       6 |  -14.03 kcal/mol
         80 |      1083685 |  -11.97 kcal/mol |  -13.31 +/-    0.38 kcal/mol |       5 |  -14.03 kcal/mol
         85 |      1151589 |  -12.17 kcal/mol |  -13.82 +/-    0.27 kcal/mol |       8 |  -14.03 kcal/mol
         90 |      1219621 |  -13.32 kcal/mol |  -13.88 +/-    0.18 kcal/mol |       4 |  -14.03 kcal/mol
         95 |      1288514 |  -13.21 kcal/mol |  -13.80 +/-    0.31 kcal/mol |       4 |  -14.03 kcal/mol
        100 |      1357230 |  -12.63 kcal/mol |  -13.84 +/-    0.29 kcal/mol |       5 |  -14.03 kcal/mol
        105 |      1425518 |  -12.96 kcal/mol |  -13.95 +/-    0.06 kcal/mol |       4 |  -14.03 kcal/mol
        110 |      1495045 |  -13.39 kcal/mol |  -13.90 +/-    0.14 kcal/mol |       4 |  -14.03 kcal/mol
        115 |      1563017 |  -13.37 kcal/mol |  -14.04 +/-    0.11 kcal/mol |       6 |  -14.22 kcal/mol
        120 |      1630990 |  -13.75 kcal/mol |  -14.08 +/-    0.12 kcal/mol |       5 |  -14.22 kcal/mol
        125 |      1699973 |  -13.71 kcal/mol |  -14.10 +/-    0.28 kcal/mol |       4 |  -14.58 kcal/mol
        130 |      1770412 |  -13.05 kcal/mol |  -14.13 +/-    0.26 kcal/mol |       4 |  -14.58 kcal/mol
        135 |      1840599 |  -13.15 kcal/mol |  -13.95 +/-    0.36 kcal/mol |       5 |  -14.58 kcal/mol
        140 |      1910199 |  -12.88 kcal/mol |  -14.03 +/-    0.32 kcal/mol |       5 |  -14.58 kcal/mol
        145 |      1979590 |  -13.08 kcal/mol |  -14.12 +/-    0.27 kcal/mol |       4 |  -14.58 kcal/mol
        150 |      2049070 |  -13.10 kcal/mol |  -14.07 +/-    0.31 kcal/mol |       4 |  -14.58 kcal/mol
        155 |      2119177 |  -12.92 kcal/mol |  -13.90 +/-    0.34 kcal/mol |       6 |  -14.58 kcal/mol
        160 |      2189217 |  -13.04 kcal/mol |  -14.10 +/-    0.24 kcal/mol |       8 |  -14.59 kcal/mol
        165 |      2258449 |  -13.66 kcal/mol |  -14.20 +/-    0.26 kcal/mol |       4 |  -14.59 kcal/mol
        170 |      2326924 |  -13.21 kcal/mol |  -14.20 +/-    0.26 kcal/mol |       4 |  -14.59 kcal/mol
        175 |      2396981 |  -13.21 kcal/mol |  -14.13 +/-    0.33 kcal/mol |       5 |  -14.68 kcal/mol
        180 |      2466386 |  -13.15 kcal/mol |  -14.37 +/-    0.33 kcal/mol |       5 |  -14.68 kcal/mol
        183 |      2507983 |  -13.37 kcal/mol |  -14.46 +/-    0.29 kcal/mol |       8 |  -14.68 kcal/mol
------------+--------------+------------------+------------------------------+---------+-------------------

                                   Finished evaluation after reaching
                       2507983 evaluations. Best inter + intra   -14.68 kcal/mol.


Shutdown time 0.000738s

Job #1 took 3.166 sec after waiting 4.409 sec for setup

(Thread 0 is processing Job #1)
(Thread 0 is setting up Job #2)

Running Job #2:
    Device: NVIDIA A100-SXM4-40GB
    Grid map file: ./protein.maps.fld
    Ligand file: ./ligand_2_2.pdbqt
    Output file: docking_result_2.dlg (+ xml)
    Using heuristics: (capped) number of evaluations set to 2280181
    Local-search chosen method is: ADADELTA (ad)

Rest of Setup time 0.312816s

Executing docking runs, stopping automatically after either reaching 0.15 kcal/mol standard deviation of
the best molecules of the last 4 * 5 generations, 42000 generations, or 2280181 evaluations:

Generations |  Evaluations |     Threshold    |  Average energy of best 10%  | Samples | Best Inter + Intra
------------+--------------+------------------+------------------------------+---------+-------------------
          0 |          150 |   -2.30 kcal/mol |   -2.65 +/-    0.12 kcal/mol |       5 |   -2.83 kcal/mol
          5 |       124128 |   -2.30 kcal/mol |   -5.54 +/-    1.76 kcal/mol |    1005 |  -12.21 kcal/mol
         10 |       248058 |   -5.52 kcal/mol |  -10.20 +/-    0.84 kcal/mol |      45 |  -12.40 kcal/mol
         15 |       377080 |   -9.91 kcal/mol |  -12.10 +/-    0.29 kcal/mol |       5 |  -12.41 kcal/mol
         20 |       507475 |  -11.22 kcal/mol |  -12.60 +/-    0.62 kcal/mol |       7 |  -13.77 kcal/mol
         25 |       634489 |  -11.28 kcal/mol |  -13.59 +/-    0.30 kcal/mol |       5 |  -13.98 kcal/mol
         30 |       763146 |  -12.68 kcal/mol |  -13.79 +/-    0.48 kcal/mol |       4 |  -14.22 kcal/mol
         35 |       892621 |  -12.00 kcal/mol |  -13.64 +/-    0.34 kcal/mol |       5 |  -14.22 kcal/mol
         40 |      1020402 |  -12.63 kcal/mol |  -13.77 +/-    0.18 kcal/mol |       9 |  -14.22 kcal/mol
         45 |      1146346 |  -13.46 kcal/mol |  -13.92 +/-    0.28 kcal/mol |       5 |  -14.22 kcal/mol
         50 |      1272996 |  -13.09 kcal/mol |  -14.12 +/-    0.05 kcal/mol |       6 |  -14.22 kcal/mol
         55 |      1399228 |  -13.74 kcal/mol |  -14.09 +/-    0.12 kcal/mol |       6 |  -14.22 kcal/mol
         60 |      1525289 |  -13.80 kcal/mol |  -14.11 +/-    0.08 kcal/mol |       7 |  -14.22 kcal/mol
         65 |      1651253 |  -13.93 kcal/mol |  -14.19 +/-    0.05 kcal/mol |       5 |  -14.22 kcal/mol
------------+--------------+------------------+------------------------------+---------+-------------------

                                   Finished evaluation after reaching
                                  -14.12 +/-    0.09 kcal/mol combined.
                             24 samples, best inter + intra   -14.22 kcal/mol.


Shutdown time 0.000671s

Job #2 took 1.517 sec after waiting 0.055 sec for setup

(Thread 0 is processing Job #2)
(Thread 0 is setting up Job #3)

Running Job #3:
    Device: NVIDIA A100-SXM4-40GB
    Grid map file: ./protein.maps.fld
    Ligand file: ./ligand_3_3.pdbqt
    Output file: docking_result_3.dlg (+ xml)
    Using heuristics: (capped) number of evaluations set to 2068966
    Local-search chosen method is: ADADELTA (ad)

Rest of Setup time 0.308336s

Executing docking runs, stopping automatically after either reaching 0.15 kcal/mol standard deviation of
the best molecules of the last 4 * 5 generations, 42000 generations, or 2068966 evaluations:

Generations |  Evaluations |     Threshold    |  Average energy of best 10%  | Samples | Best Inter + Intra
------------+--------------+------------------+------------------------------+---------+-------------------
          0 |          150 |   -0.66 kcal/mol |   -1.47 +/-    0.27 kcal/mol |       7 |   -1.98 kcal/mol
          5 |       136715 |   -0.88 kcal/mol |   -3.61 +/-    1.22 kcal/mol |     938 |   -8.26 kcal/mol
         10 |       268216 |   -3.59 kcal/mol |   -6.91 +/-    0.69 kcal/mol |      55 |   -8.32 kcal/mol
         15 |       400890 |   -6.72 kcal/mol |   -8.51 +/-    0.26 kcal/mol |       5 |   -8.89 kcal/mol
         20 |       533302 |   -7.74 kcal/mol |   -8.74 +/-    0.30 kcal/mol |       9 |   -9.48 kcal/mol
         25 |       665593 |   -8.24 kcal/mol |   -9.09 +/-    0.18 kcal/mol |       6 |   -9.48 kcal/mol
         30 |       800351 |   -8.64 kcal/mol |   -9.22 +/-    0.22 kcal/mol |       5 |   -9.49 kcal/mol
         35 |       933871 |   -8.54 kcal/mol |   -9.19 +/-    0.22 kcal/mol |       4 |   -9.55 kcal/mol
         40 |      1064017 |   -8.37 kcal/mol |   -9.05 +/-    0.28 kcal/mol |      18 |   -9.67 kcal/mol
         45 |      1193724 |   -8.81 kcal/mol |   -9.53 +/-    0.12 kcal/mol |       4 |   -9.68 kcal/mol
         50 |      1324069 |   -9.07 kcal/mol |   -9.63 +/-    0.04 kcal/mol |       5 |   -9.69 kcal/mol
         55 |      1454550 |   -9.18 kcal/mol |   -9.67 +/-    0.01 kcal/mol |       4 |   -9.69 kcal/mol
         60 |      1584017 |   -9.11 kcal/mol |   -9.55 +/-    0.13 kcal/mol |       6 |   -9.69 kcal/mol
         65 |      1714800 |   -9.22 kcal/mol |   -9.49 +/-    0.17 kcal/mol |       8 |   -9.69 kcal/mol
         70 |      1843644 |   -9.16 kcal/mol |   -9.57 +/-    0.10 kcal/mol |      10 |   -9.70 kcal/mol
------------+--------------+------------------+------------------------------+---------+-------------------

                                   Finished evaluation after reaching
                                   -9.56 +/-    0.14 kcal/mol combined.
                             28 samples, best inter + intra    -9.70 kcal/mol.


Shutdown time 0.000647s

Job #3 took 0.949 sec after waiting 0.039 sec for setup

(Thread 0 is processing Job #3)
(Thread 0 is setting up Job #4)

Running Job #4:
    Device: NVIDIA A100-SXM4-40GB
    Grid map file: ./protein.maps.fld
    Ligand file: ./ligand_4_4.pdbqt
    Output file: docking_result_4.dlg (+ xml)
    Using heuristics: (capped) number of evaluations set to 2280181
    Local-search chosen method is: ADADELTA (ad)

Rest of Setup time 0.310765s

Executing docking runs, stopping automatically after either reaching 0.15 kcal/mol standard deviation of
the best molecules of the last 4 * 5 generations, 42000 generations, or 2280181 evaluations:

Generations |  Evaluations |     Threshold    |  Average energy of best 10%  | Samples | Best Inter + Intra
------------+--------------+------------------+------------------------------+---------+-------------------
          0 |          150 |   -1.73 kcal/mol |   -2.51 +/-    0.21 kcal/mol |       4 |   -2.69 kcal/mol
          5 |       139482 |   -1.73 kcal/mol |   -5.46 +/-    1.80 kcal/mol |    1082 |  -11.96 kcal/mol
         10 |       277219 |   -5.44 kcal/mol |  -10.17 +/-    0.98 kcal/mol |      46 |  -12.42 kcal/mol
         15 |       418001 |   -9.85 kcal/mol |  -12.68 +/-    0.48 kcal/mol |       7 |  -13.59 kcal/mol
         20 |       556472 |  -11.66 kcal/mol |  -13.53 +/-    0.38 kcal/mol |       7 |  -13.96 kcal/mol
         25 |       692244 |  -12.71 kcal/mol |  -13.86 +/-    0.29 kcal/mol |       4 |  -14.27 kcal/mol
         30 |       828136 |  -12.76 kcal/mol |  -13.93 +/-    0.26 kcal/mol |       7 |  -14.27 kcal/mol
         35 |       963693 |  -13.38 kcal/mol |  -13.96 +/-    0.16 kcal/mol |       9 |  -14.34 kcal/mol
         40 |      1097464 |  -13.70 kcal/mol |  -14.08 +/-    0.16 kcal/mol |       8 |  -14.34 kcal/mol
         45 |      1228120 |  -13.78 kcal/mol |  -14.19 +/-    0.13 kcal/mol |      14 |  -14.34 kcal/mol
         50 |      1358104 |  -14.05 kcal/mol |  -14.27 +/-    0.11 kcal/mol |      14 |  -14.36 kcal/mol
         55 |      1490266 |  -14.16 kcal/mol |  -14.36 +/-    0.02 kcal/mol |       6 |  -14.37 kcal/mol
         60 |      1621053 |  -13.98 kcal/mol |  -14.35 +/-    0.01 kcal/mol |       7 |  -14.37 kcal/mol
         65 |      1755017 |  -14.03 kcal/mol |  -14.31 +/-    0.07 kcal/mol |       8 |  -14.37 kcal/mol
         70 |      1887787 |  -14.03 kcal/mol |  -14.33 +/-    0.06 kcal/mol |      14 |  -14.37 kcal/mol
------------+--------------+------------------+------------------------------+---------+-------------------

                                   Finished evaluation after reaching
                                  -14.34 +/-    0.05 kcal/mol combined.
                             35 samples, best inter + intra   -14.37 kcal/mol.


Shutdown time 0.000733s

Job #4 took 1.501 sec after waiting 0.017 sec for setup

(Thread 0 is processing Job #4)
(Thread 0 is setting up Job #5)

Running Job #5:
    Device: NVIDIA A100-SXM4-40GB
    Grid map file: ./protein.maps.fld
    Ligand file: ./ligand_5_5.pdbqt
    Output file: docking_result_5.dlg (+ xml)
    Using heuristics: (capped) number of evaluations set to 2068966
    Local-search chosen method is: ADADELTA (ad)

Rest of Setup time 0.310678s

Executing docking runs, stopping automatically after either reaching 0.15 kcal/mol standard deviation of
the best molecules of the last 4 * 5 generations, 42000 generations, or 2068966 evaluations:

Generations |  Evaluations |     Threshold    |  Average energy of best 10%  | Samples | Best Inter + Intra
------------+--------------+------------------+------------------------------+---------+-------------------
          0 |          150 |   -1.39 kcal/mol |   -2.23 +/-    0.28 kcal/mol |       7 |   -2.72 kcal/mol
          5 |       138832 |   -1.63 kcal/mol |   -4.93 +/-    1.48 kcal/mol |    1064 |  -10.18 kcal/mol
         10 |       270295 |   -4.91 kcal/mol |   -8.78 +/-    0.67 kcal/mol |      56 |  -10.78 kcal/mol
         15 |       403976 |   -8.60 kcal/mol |  -10.99 +/-    0.36 kcal/mol |       9 |  -11.42 kcal/mol
         20 |       536335 |  -10.39 kcal/mol |  -11.37 +/-    0.14 kcal/mol |       6 |  -11.64 kcal/mol
         25 |       667120 |  -11.02 kcal/mol |  -11.64 +/-    0.24 kcal/mol |       6 |  -11.95 kcal/mol
         30 |       797932 |  -11.04 kcal/mol |  -12.01 +/-    0.19 kcal/mol |      10 |  -12.35 kcal/mol
         35 |       928269 |  -11.72 kcal/mol |  -12.37 +/-    0.04 kcal/mol |       4 |  -12.43 kcal/mol
         40 |      1058049 |  -11.81 kcal/mol |  -12.31 +/-    0.13 kcal/mol |       8 |  -12.48 kcal/mol
         45 |      1182306 |  -12.07 kcal/mol |  -12.39 +/-    0.09 kcal/mol |       5 |  -12.53 kcal/mol
         50 |      1305858 |  -12.12 kcal/mol |  -12.39 +/-    0.11 kcal/mol |      12 |  -12.53 kcal/mol
         55 |      1428848 |  -12.25 kcal/mol |  -12.36 +/-    0.08 kcal/mol |      14 |  -12.53 kcal/mol
         60 |      1549046 |  -12.27 kcal/mol |  -12.37 +/-    0.08 kcal/mol |      10 |  -12.53 kcal/mol
         65 |      1669351 |  -12.25 kcal/mol |  -12.36 +/-    0.08 kcal/mol |      13 |  -12.53 kcal/mol
------------+--------------+------------------+------------------------------+---------+-------------------

                                   Finished evaluation after reaching
                                  -12.37 +/-    0.09 kcal/mol combined.
                             49 samples, best inter + intra   -12.53 kcal/mol.


Shutdown time 0.000669s

Job #5 took 1.449 sec after waiting 0.034 sec for setup

(Thread 0 is processing Job #5)
(Thread 0 is setting up Job #6)

Running Job #6:
    Device: NVIDIA A100-SXM4-40GB
    Grid map file: ./protein.maps.fld
    Ligand file: ./ligand_6_6.pdbqt
    Output file: docking_result_6.dlg (+ xml)
    Using heuristics: (capped) number of evaluations set to 2280181
    Local-search chosen method is: ADADELTA (ad)

Rest of Setup time 0.320752s

Executing docking runs, stopping automatically after either reaching 0.15 kcal/mol standard deviation of
the best molecules of the last 4 * 5 generations, 42000 generations, or 2280181 evaluations:

Generations |  Evaluations |     Threshold    |  Average energy of best 10%  | Samples | Best Inter + Intra
------------+--------------+------------------+------------------------------+---------+-------------------
          0 |          150 |   -1.94 kcal/mol |   -2.54 +/-    0.20 kcal/mol |       5 |   -2.92 kcal/mol
          5 |       122072 |   -1.94 kcal/mol |   -4.69 +/-    1.35 kcal/mol |     817 |  -10.35 kcal/mol
         10 |       238427 |   -4.67 kcal/mol |   -8.37 +/-    0.84 kcal/mol |      50 |  -10.35 kcal/mol
         15 |       356257 |   -8.12 kcal/mol |  -10.21 +/-    0.23 kcal/mol |       8 |  -10.49 kcal/mol
         20 |       471906 |   -9.78 kcal/mol |  -10.59 +/-    0.11 kcal/mol |       7 |  -10.72 kcal/mol
         25 |       588196 |  -10.34 kcal/mol |  -10.62 +/-    0.14 kcal/mol |      12 |  -10.87 kcal/mol
         30 |       704749 |  -10.45 kcal/mol |  -10.78 +/-    0.19 kcal/mol |      10 |  -11.32 kcal/mol
         35 |       821719 |  -10.49 kcal/mol |  -11.20 +/-    0.35 kcal/mol |       4 |  -11.55 kcal/mol
         40 |       938526 |   -9.88 kcal/mol |  -10.79 +/-    0.26 kcal/mol |      13 |  -11.55 kcal/mol
         45 |      1053012 |  -10.49 kcal/mol |  -11.16 +/-    0.20 kcal/mol |      14 |  -11.55 kcal/mol
         50 |      1165673 |  -10.94 kcal/mol |  -11.23 +/-    0.20 kcal/mol |      12 |  -11.60 kcal/mol
         55 |      1282354 |  -10.98 kcal/mol |  -11.32 +/-    0.16 kcal/mol |      10 |  -11.60 kcal/mol
         60 |      1397718 |  -11.07 kcal/mol |  -11.38 +/-    0.16 kcal/mol |      10 |  -11.64 kcal/mol
         65 |      1514383 |  -11.13 kcal/mol |  -11.62 +/-    0.17 kcal/mol |       6 |  -11.95 kcal/mol
         70 |      1629719 |  -11.19 kcal/mol |  -11.66 +/-    0.17 kcal/mol |       9 |  -11.95 kcal/mol
         75 |      1746170 |  -11.38 kcal/mol |  -11.60 +/-    0.15 kcal/mol |       8 |  -11.95 kcal/mol
         80 |      1861370 |  -11.32 kcal/mol |  -11.50 +/-    0.16 kcal/mol |      16 |  -11.95 kcal/mol
         85 |      1974191 |  -11.35 kcal/mol |  -11.57 +/-    0.15 kcal/mol |      19 |  -11.95 kcal/mol
         90 |      2088853 |  -11.45 kcal/mol |  -11.59 +/-    0.12 kcal/mol |      12 |  -11.95 kcal/mol
         95 |      2202902 |  -11.44 kcal/mol |  -11.58 +/-    0.11 kcal/mol |      15 |  -11.95 kcal/mol
------------+--------------+------------------+------------------------------+---------+-------------------

                                   Finished evaluation after reaching
                                  -11.56 +/-    0.14 kcal/mol combined.
                             62 samples, best inter + intra   -11.95 kcal/mol.


Shutdown time 0.000689s

Job #6 took 1.506 sec after waiting 0.026 sec for setup

(Thread 0 is processing Job #6)
(Thread 0 is setting up Job #7)

Running Job #7:
    Device: NVIDIA A100-SXM4-40GB
    Grid map file: ./protein.maps.fld
    Ligand file: ./ligand_7_7.pdbqt
    Output file: docking_result_7.dlg (+ xml)
    Using heuristics: (capped) number of evaluations set to 2068966
    Local-search chosen method is: ADADELTA (ad)

Rest of Setup time 0.303519s

Executing docking runs, stopping automatically after either reaching 0.15 kcal/mol standard deviation of
the best molecules of the last 4 * 5 generations, 42000 generations, or 2068966 evaluations:

Generations |  Evaluations |     Threshold    |  Average energy of best 10%  | Samples | Best Inter + Intra
------------+--------------+------------------+------------------------------+---------+-------------------
          0 |          150 |   -1.87 kcal/mol |   -2.46 +/-    0.23 kcal/mol |       6 |   -2.96 kcal/mol
          5 |       116785 |   -1.87 kcal/mol |   -4.44 +/-    1.36 kcal/mol |     759 |  -10.76 kcal/mol
         10 |       240950 |   -4.42 kcal/mol |   -8.26 +/-    1.02 kcal/mol |      37 |  -11.01 kcal/mol
         15 |       371267 |   -7.84 kcal/mol |  -10.87 +/-    0.19 kcal/mol |      14 |  -11.03 kcal/mol
         20 |       502017 |  -10.66 kcal/mol |  -10.86 +/-    0.12 kcal/mol |       8 |  -11.03 kcal/mol
         25 |       633780 |  -10.65 kcal/mol |  -10.93 +/-    0.12 kcal/mol |      14 |  -11.03 kcal/mol
         30 |       764900 |  -10.80 kcal/mol |  -11.01 +/-    0.01 kcal/mol |      12 |  -11.03 kcal/mol
------------+--------------+------------------+------------------------------+---------+-------------------

                                   Finished evaluation after reaching
                                  -10.92 +/-    0.14 kcal/mol combined.
                             48 samples, best inter + intra   -11.03 kcal/mol.


Shutdown time 0.000658s

Job #7 took 0.506 sec after waiting 0.029 sec for setup

(Thread 0 is processing Job #7)
(Thread 0 is setting up Job #8)

Running Job #8:
    Device: NVIDIA A100-SXM4-40GB
    Grid map file: ./protein.maps.fld
    Ligand file: ./ligand_8_8.pdbqt
    Output file: docking_result_8.dlg (+ xml)
    Using heuristics: (capped) number of evaluations set to 4951475
    Overriding heuristics, setting number of evaluations to --nev = 2500000 instead.
    Warning: The set number of evals is 29.66% of the uncapped heuristics estimate of 8429805 evals.
             This means this docking may not be able to converge. Increasing --heurmax may improve
             convergence but will also increase runtime.
             AutoStop will not stop before 27.75% (693732) of the set number of evaluations.
    Local-search chosen method is: ADADELTA (ad)

Rest of Setup time 0.309346s

Executing docking runs, stopping automatically after either reaching 0.15 kcal/mol standard deviation of
the best molecules of the last 4 * 5 generations, 42000 generations, or 2500000 evaluations:

Generations |  Evaluations |     Threshold    |  Average energy of best 10%  | Samples | Best Inter + Intra
------------+--------------+------------------+------------------------------+---------+-------------------
          0 |          150 |  213.89 kcal/mol |  146.54 +/-   18.63 kcal/mol |       4 |  126.06 kcal/mol
          5 |       120355 |  216.40 kcal/mol |    5.14 +/-   16.81 kcal/mol |    1223 |   -7.80 kcal/mol
         10 |       227512 |    5.35 kcal/mol |   -7.92 +/-    0.12 kcal/mol |       5 |   -8.13 kcal/mol
         15 |       336537 |   -7.55 kcal/mol |   -8.57 +/-    0.99 kcal/mol |       8 |  -10.91 kcal/mol
         20 |       447733 |   -6.72 kcal/mol |  -10.05 +/-    0.91 kcal/mol |       4 |  -10.91 kcal/mol
         25 |       558256 |   -6.64 kcal/mol |   -9.31 +/-    0.70 kcal/mol |      10 |  -10.91 kcal/mol
         30 |       668195 |   -8.26 kcal/mol |   -9.71 +/-    0.65 kcal/mol |       5 |  -10.96 kcal/mol
         35 |       774623 |   -7.75 kcal/mol |   -9.67 +/-    1.03 kcal/mol |       7 |  -12.15 kcal/mol
         40 |       882256 |   -7.47 kcal/mol |  -10.32 +/-    0.65 kcal/mol |      12 |  -12.15 kcal/mol
         45 |       989475 |   -9.50 kcal/mol |  -11.08 +/-    0.66 kcal/mol |       4 |  -12.15 kcal/mol
         50 |      1093602 |   -8.61 kcal/mol |  -10.97 +/-    0.82 kcal/mol |       9 |  -12.52 kcal/mol
         55 |      1199333 |   -9.60 kcal/mol |  -11.32 +/-    0.72 kcal/mol |       4 |  -12.52 kcal/mol
         60 |      1302904 |   -8.62 kcal/mol |  -11.03 +/-    0.76 kcal/mol |       7 |  -12.62 kcal/mol
         65 |      1408825 |   -9.41 kcal/mol |  -11.19 +/-    0.86 kcal/mol |       4 |  -12.62 kcal/mol
         70 |      1511544 |   -7.97 kcal/mol |  -10.75 +/-    0.86 kcal/mol |      16 |  -12.62 kcal/mol
         75 |      1611894 |   -9.95 kcal/mol |  -11.67 +/-    0.63 kcal/mol |       4 |  -12.62 kcal/mol
         80 |      1714391 |   -9.32 kcal/mol |  -11.40 +/-    0.63 kcal/mol |       9 |  -12.72 kcal/mol
         85 |      1814973 |  -10.34 kcal/mol |  -12.29 +/-    0.43 kcal/mol |       4 |  -12.72 kcal/mol
         90 |      1913859 |  -10.68 kcal/mol |  -12.05 +/-    0.38 kcal/mol |       4 |  -12.72 kcal/mol
         95 |      2013392 |  -10.61 kcal/mol |  -11.82 +/-    0.56 kcal/mol |       4 |  -12.72 kcal/mol
        100 |      2110159 |   -9.73 kcal/mol |  -11.38 +/-    0.55 kcal/mol |       9 |  -12.72 kcal/mol
        105 |      2204430 |  -10.47 kcal/mol |  -12.18 +/-    0.56 kcal/mol |       4 |  -12.72 kcal/mol
        110 |      2298968 |  -10.10 kcal/mol |  -11.82 +/-    0.50 kcal/mol |       5 |  -12.72 kcal/mol
        115 |      2392246 |  -10.34 kcal/mol |  -12.19 +/-    0.43 kcal/mol |       7 |  -12.72 kcal/mol
        120 |      2484909 |  -11.27 kcal/mol |  -12.23 +/-    0.40 kcal/mol |       4 |  -12.72 kcal/mol
        121 |      2503321 |  -10.72 kcal/mol |  -12.45 +/-    0.36 kcal/mol |       4 |  -12.72 kcal/mol
------------+--------------+------------------+------------------------------+---------+-------------------

                                   Finished evaluation after reaching
                       2503321 evaluations. Best inter + intra   -12.72 kcal/mol.


Shutdown time 0.000674s

Job #8 took 1.193 sec after waiting 0.026 sec for setup

(Thread 0 is processing Job #8)
(Thread 0 is setting up Job #9)

Running Job #9:
    Device: NVIDIA A100-SXM4-40GB
    Grid map file: ./protein.maps.fld
    Ligand file: ./ligand_9_9.pdbqt
    Output file: docking_result_9.dlg (+ xml)
    Using heuristics: (capped) number of evaluations set to 5732309
    Overriding heuristics, setting number of evaluations to --nev = 2500000 instead.
    Warning: The set number of evals is 22.78% of the uncapped heuristics estimate of 10974965 evals.
             This means this docking may not be able to converge. Increasing --heurmax may improve
             convergence but will also increase runtime.
             AutoStop will not stop before 40.36% (1009012) of the set number of evaluations.
    Local-search chosen method is: ADADELTA (ad)

Rest of Setup time 0.302279s

Executing docking runs, stopping automatically after either reaching 0.15 kcal/mol standard deviation of
the best molecules of the last 4 * 5 generations, 42000 generations, or 2500000 evaluations:

Generations |  Evaluations |     Threshold    |  Average energy of best 10%  | Samples | Best Inter + Intra
------------+--------------+------------------+------------------------------+---------+-------------------
          0 |          150 |   -1.37 kcal/mol |   -2.60 +/-    0.35 kcal/mol |       4 |   -3.03 kcal/mol
          5 |       144104 |   -1.29 kcal/mol |   -5.77 +/-    1.84 kcal/mol |    1215 |  -12.85 kcal/mol
         10 |       288284 |   -5.75 kcal/mol |  -10.49 +/-    0.97 kcal/mol |      58 |  -13.23 kcal/mol
         15 |       435232 |  -10.24 kcal/mol |  -12.90 +/-    0.36 kcal/mol |       7 |  -13.38 kcal/mol
         20 |       583275 |  -12.13 kcal/mol |  -13.21 +/-    0.19 kcal/mol |       4 |  -13.38 kcal/mol
         25 |       729322 |  -12.51 kcal/mol |  -13.44 +/-    0.33 kcal/mol |       5 |  -13.95 kcal/mol
         30 |       872907 |  -12.44 kcal/mol |  -13.65 +/-    0.31 kcal/mol |       6 |  -13.99 kcal/mol
         35 |      1015687 |  -12.88 kcal/mol |  -13.71 +/-    0.20 kcal/mol |       4 |  -13.99 kcal/mol
         40 |      1160517 |  -12.98 kcal/mol |  -13.64 +/-    0.21 kcal/mol |       8 |  -13.99 kcal/mol
         45 |      1302589 |  -13.24 kcal/mol |  -13.92 +/-    0.10 kcal/mol |       5 |  -13.99 kcal/mol
         50 |      1443466 |  -13.61 kcal/mol |  -13.94 +/-    0.09 kcal/mol |       7 |  -13.99 kcal/mol
         55 |      1584703 |  -13.75 kcal/mol |  -14.01 +/-    0.04 kcal/mol |       7 |  -14.09 kcal/mol
         60 |      1725126 |  -13.69 kcal/mol |  -14.13 +/-    0.13 kcal/mol |       5 |  -14.33 kcal/mol
         65 |      1869259 |  -13.75 kcal/mol |  -14.32 +/-    0.24 kcal/mol |       4 |  -14.62 kcal/mol
         70 |      2011210 |  -13.43 kcal/mol |  -14.52 +/-    0.35 kcal/mol |       8 |  -14.99 kcal/mol
         75 |      2151100 |  -13.86 kcal/mol |  -14.60 +/-    0.36 kcal/mol |       4 |  -14.99 kcal/mol
         80 |      2288534 |  -13.24 kcal/mol |  -14.24 +/-    0.39 kcal/mol |       9 |  -14.99 kcal/mol
         85 |      2427207 |  -13.59 kcal/mol |  -14.70 +/-    0.36 kcal/mol |       4 |  -15.06 kcal/mol
         88 |      2510979 |  -13.37 kcal/mol |  -14.67 +/-    0.35 kcal/mol |       9 |  -15.11 kcal/mol
------------+--------------+------------------+------------------------------+---------+-------------------

                                   Finished evaluation after reaching
                       2510979 evaluations. Best inter + intra   -15.11 kcal/mol.


Shutdown time 0.000658s

Job #9 took 1.212 sec after waiting 0.031 sec for setup

(Thread 0 is processing Job #9)
(Thread 0 is setting up Job #10)

Running Job #10:
    Device: NVIDIA A100-SXM4-40GB
    Grid map file: ./protein.maps.fld
    Ligand file: ./ligand_10_10.pdbqt
    Output file: docking_result_10.dlg (+ xml)
    Using heuristics: (capped) number of evaluations set to 2068966
    Local-search chosen method is: ADADELTA (ad)

Rest of Setup time 0.302088s

Executing docking runs, stopping automatically after either reaching 0.15 kcal/mol standard deviation of
the best molecules of the last 4 * 5 generations, 42000 generations, or 2068966 evaluations:

Generations |  Evaluations |     Threshold    |  Average energy of best 10%  | Samples | Best Inter + Intra
------------+--------------+------------------+------------------------------+---------+-------------------
          0 |          150 |   -1.91 kcal/mol |   -2.82 +/-    0.24 kcal/mol |       4 |   -3.11 kcal/mol
          5 |       118725 |   -1.91 kcal/mol |   -4.70 +/-    1.41 kcal/mol |     856 |  -10.48 kcal/mol
         10 |       239212 |   -4.67 kcal/mol |   -8.66 +/-    0.90 kcal/mol |      43 |  -10.62 kcal/mol
         15 |       361338 |   -8.34 kcal/mol |  -10.48 +/-    0.16 kcal/mol |       4 |  -10.62 kcal/mol
         20 |       485239 |   -9.88 kcal/mol |  -10.56 +/-    0.28 kcal/mol |       9 |  -11.05 kcal/mol
         25 |       610307 |  -10.10 kcal/mol |  -10.84 +/-    0.14 kcal/mol |       6 |  -11.06 kcal/mol
         30 |       733525 |  -10.49 kcal/mol |  -10.96 +/-    0.28 kcal/mol |       5 |  -11.33 kcal/mol
         35 |       856060 |  -10.14 kcal/mol |  -10.98 +/-    0.31 kcal/mol |       4 |  -11.34 kcal/mol
         40 |       979390 |   -9.82 kcal/mol |  -10.86 +/-    0.36 kcal/mol |      16 |  -11.34 kcal/mol
         45 |      1102065 |  -10.53 kcal/mol |  -11.19 +/-    0.14 kcal/mol |      10 |  -11.37 kcal/mol
         50 |      1223556 |  -10.98 kcal/mol |  -11.25 +/-    0.14 kcal/mol |      14 |  -11.41 kcal/mol
         55 |      1346658 |  -11.10 kcal/mol |  -11.33 +/-    0.08 kcal/mol |      10 |  -11.41 kcal/mol
         60 |      1466862 |  -11.21 kcal/mol |  -11.36 +/-    0.05 kcal/mol |      12 |  -11.43 kcal/mol
         65 |      1588447 |  -11.18 kcal/mol |  -11.35 +/-    0.05 kcal/mol |       9 |  -11.43 kcal/mol
         70 |      1707805 |  -11.10 kcal/mol |  -11.36 +/-    0.04 kcal/mol |      12 |  -11.43 kcal/mol
         75 |      1824407 |  -11.17 kcal/mol |  -11.35 +/-    0.08 kcal/mol |       8 |  -11.43 kcal/mol
------------+--------------+------------------+------------------------------+---------+-------------------

                                   Finished evaluation after reaching
                                  -11.35 +/-    0.05 kcal/mol combined.
                             41 samples, best inter + intra   -11.43 kcal/mol.


Shutdown time 0.000663s

Job #10 took 0.804 sec after waiting 0.036 sec for setup

(Thread 0 is processing Job #10)
Run time of entire job set (10 files): 18.528 sec
Savings from multithreading: -0.001 sec
Idle time of execution thread: 4.724 sec

All jobs (10) ran without errors.
