AutoDock-GPU version: v1.6-7-ga46ab564d2ac5f1a1523f65239b43505a1c29364-dirty

Using 1 OpenMP threads

Running 3 docking calculations

Cuda device:                              NVIDIA A100-SXM4-40GB
Available memory on device:               39916 MB (total: 40339 MB)

CUDA Setup time 0.235566s
(Thread 0 is setting up Job #1)

Running Job #1:
    Device: NVIDIA A100-SXM4-40GB
    Grid map file: ./protein.maps.fld
    Ligand file: ./ligand_1_1.pdbqt
    Output file: docking_result_1.dlg (+ xml)
    Using heuristics: (capped) number of evaluations set to 2280181
    Local-search chosen method is: ADADELTA (ad)

Rest of Setup time 0.303995s

Executing docking runs, stopping automatically after either reaching 0.15 kcal/mol standard deviation of
the best molecules of the last 4 * 5 generations, 42000 generations, or 2280181 evaluations:

Generations |  Evaluations |     Threshold    |  Average energy of best 10%  | Samples | Best Inter + Intra
------------+--------------+------------------+------------------------------+---------+-------------------
          0 |          150 |   -1.17 kcal/mol |   -2.37 +/-    0.41 kcal/mol |       8 |   -3.32 kcal/mol
          5 |       116975 |   -1.61 kcal/mol |   -5.01 +/-    1.65 kcal/mol |     849 |  -11.80 kcal/mol
         10 |       236246 |   -4.98 kcal/mol |   -9.51 +/-    0.92 kcal/mol |      46 |  -12.61 kcal/mol
         15 |       356076 |   -9.21 kcal/mol |  -11.55 +/-    0.63 kcal/mol |       4 |  -12.62 kcal/mol
         20 |       477649 |   -9.17 kcal/mol |  -11.36 +/-    0.68 kcal/mol |      21 |  -13.59 kcal/mol
         25 |       601047 |  -10.88 kcal/mol |  -13.22 +/-    0.40 kcal/mol |       4 |  -13.59 kcal/mol
         30 |       725404 |  -11.71 kcal/mol |  -13.02 +/-    0.46 kcal/mol |       5 |  -13.59 kcal/mol
         35 |       850656 |  -11.63 kcal/mol |  -13.14 +/-    0.31 kcal/mol |       8 |  -13.59 kcal/mol
         40 |       974189 |  -12.56 kcal/mol |  -13.57 +/-    0.08 kcal/mol |       8 |  -13.78 kcal/mol
         45 |      1098321 |  -13.42 kcal/mol |  -13.66 +/-    0.14 kcal/mol |       3 |  -13.85 kcal/mol
         50 |      1222205 |  -12.98 kcal/mol |  -13.49 +/-    0.20 kcal/mol |       6 |  -13.85 kcal/mol
         55 |      1344997 |  -12.98 kcal/mol |  -13.80 +/-    0.25 kcal/mol |       5 |  -14.20 kcal/mol
         60 |      1466580 |  -13.04 kcal/mol |  -13.73 +/-    0.31 kcal/mol |       4 |  -14.27 kcal/mol
         65 |      1591986 |  -12.57 kcal/mol |  -13.79 +/-    0.39 kcal/mol |       5 |  -14.27 kcal/mol
         70 |      1718410 |  -12.63 kcal/mol |  -13.79 +/-    0.36 kcal/mol |       5 |  -14.27 kcal/mol
         75 |      1843374 |  -12.69 kcal/mol |  -13.56 +/-    0.48 kcal/mol |       4 |  -14.27 kcal/mol
         80 |      1968219 |  -11.76 kcal/mol |  -13.22 +/-    0.45 kcal/mol |       9 |  -14.27 kcal/mol
         85 |      2093787 |  -12.47 kcal/mol |  -13.65 +/-    0.31 kcal/mol |       8 |  -14.27 kcal/mol
         90 |      2218463 |  -13.06 kcal/mol |  -14.09 +/-    0.30 kcal/mol |       4 |  -14.27 kcal/mol
         93 |      2292170 |  -12.96 kcal/mol |  -14.14 +/-    0.26 kcal/mol |       6 |  -14.29 kcal/mol
------------+--------------+------------------+------------------------------+---------+-------------------

                                   Finished evaluation after reaching
                       2292170 evaluations. Best inter + intra   -14.29 kcal/mol.


Shutdown time 0.000659s

Job #1 took 1.281 sec after waiting 4.466 sec for setup

(Thread 0 is processing Job #1)
(Thread 0 is setting up Job #2)

Running Job #2:
    Device: NVIDIA A100-SXM4-40GB
    Grid map file: ./protein.maps.fld
    Ligand file: ./ligand_2_2.pdbqt
    Output file: docking_result_2.dlg (+ xml)
    Using heuristics: (capped) number of evaluations set to 2845257
    Overriding heuristics, setting number of evaluations to --nev = 2500000 instead.
    Local-search chosen method is: ADADELTA (ad)

Rest of Setup time 0.302038s

Executing docking runs, stopping automatically after either reaching 0.15 kcal/mol standard deviation of
the best molecules of the last 4 * 5 generations, 42000 generations, or 2500000 evaluations:

Generations |  Evaluations |     Threshold    |  Average energy of best 10%  | Samples | Best Inter + Intra
------------+--------------+------------------+------------------------------+---------+-------------------
          0 |          150 |   -1.63 kcal/mol |   -2.82 +/-    0.32 kcal/mol |       4 |   -3.35 kcal/mol
          5 |       115307 |   -1.63 kcal/mol |   -5.01 +/-    1.82 kcal/mol |     860 |  -11.83 kcal/mol
         10 |       229903 |   -4.98 kcal/mol |  -10.09 +/-    1.10 kcal/mol |      38 |  -12.26 kcal/mol
         15 |       347345 |   -9.66 kcal/mol |  -11.96 +/-    0.18 kcal/mol |       5 |  -12.26 kcal/mol
         20 |       465690 |  -11.43 kcal/mol |  -11.93 +/-    0.19 kcal/mol |       6 |  -12.26 kcal/mol
         25 |       585567 |  -11.46 kcal/mol |  -12.20 +/-    0.26 kcal/mol |       6 |  -12.61 kcal/mol
         30 |       707326 |  -11.54 kcal/mol |  -12.50 +/-    0.37 kcal/mol |       7 |  -13.34 kcal/mol
         35 |       826520 |  -11.71 kcal/mol |  -12.95 +/-    0.49 kcal/mol |       5 |  -13.72 kcal/mol
         40 |       948077 |  -11.50 kcal/mol |  -13.31 +/-    0.58 kcal/mol |       8 |  -14.09 kcal/mol
         45 |      1070767 |  -12.22 kcal/mol |  -13.62 +/-    0.32 kcal/mol |       4 |  -14.09 kcal/mol
         50 |      1192796 |  -12.44 kcal/mol |  -13.49 +/-    0.33 kcal/mol |       6 |  -14.09 kcal/mol
         55 |      1315705 |  -12.66 kcal/mol |  -13.65 +/-    0.29 kcal/mol |       8 |  -14.16 kcal/mol
         60 |      1435815 |  -13.10 kcal/mol |  -13.74 +/-    0.38 kcal/mol |       4 |  -14.35 kcal/mol
         65 |      1560543 |  -12.33 kcal/mol |  -13.69 +/-    0.36 kcal/mol |       8 |  -14.50 kcal/mol
         70 |      1683718 |  -13.03 kcal/mol |  -14.24 +/-    0.31 kcal/mol |       5 |  -14.50 kcal/mol
         75 |      1806061 |  -13.31 kcal/mol |  -14.12 +/-    0.40 kcal/mol |       4 |  -14.52 kcal/mol
         80 |      1929556 |  -12.62 kcal/mol |  -13.72 +/-    0.36 kcal/mol |       7 |  -14.52 kcal/mol
         85 |      2054037 |  -12.95 kcal/mol |  -13.98 +/-    0.29 kcal/mol |       9 |  -14.52 kcal/mol
         90 |      2177909 |  -13.50 kcal/mol |  -13.93 +/-    0.36 kcal/mol |       4 |  -14.52 kcal/mol
         95 |      2301644 |  -12.58 kcal/mol |  -13.67 +/-    0.30 kcal/mol |      15 |  -14.52 kcal/mol
        100 |      2425428 |  -13.36 kcal/mol |  -14.23 +/-    0.29 kcal/mol |       4 |  -14.52 kcal/mol
        103 |      2500189 |  -13.15 kcal/mol |  -14.13 +/-    0.28 kcal/mol |      12 |  -14.52 kcal/mol
------------+--------------+------------------+------------------------------+---------+-------------------

                                   Finished evaluation after reaching
                       2500189 evaluations. Best inter + intra   -14.52 kcal/mol.


Shutdown time 0.000659s

Job #2 took 1.442 sec after waiting 0.043 sec for setup

(Thread 0 is processing Job #2)
(Thread 0 is setting up Job #3)

Running Job #3:
    Device: NVIDIA A100-SXM4-40GB
    Grid map file: ./protein.maps.fld
    Ligand file: ./ligand_3_3.pdbqt
    Output file: docking_result_3.dlg (+ xml)
    Using heuristics: (capped) number of evaluations set to 2280181
    Local-search chosen method is: ADADELTA (ad)

Rest of Setup time 0.303797s

Executing docking runs, stopping automatically after either reaching 0.15 kcal/mol standard deviation of
the best molecules of the last 4 * 5 generations, 42000 generations, or 2280181 evaluations:

Generations |  Evaluations |     Threshold    |  Average energy of best 10%  | Samples | Best Inter + Intra
------------+--------------+------------------+------------------------------+---------+-------------------
          0 |          150 |   -1.97 kcal/mol |   -2.69 +/-    0.24 kcal/mol |       4 |   -3.08 kcal/mol
          5 |       125584 |   -1.78 kcal/mol |   -5.39 +/-    1.71 kcal/mol |     992 |  -12.42 kcal/mol
         10 |       257461 |   -5.36 kcal/mol |   -9.90 +/-    1.04 kcal/mol |      58 |  -13.17 kcal/mol
         15 |       390658 |   -9.63 kcal/mol |  -12.66 +/-    0.57 kcal/mol |      12 |  -13.31 kcal/mol
         20 |       524702 |  -11.94 kcal/mol |  -13.08 +/-    0.12 kcal/mol |       7 |  -13.32 kcal/mol
         25 |       660401 |  -12.83 kcal/mol |  -13.16 +/-    0.12 kcal/mol |       6 |  -13.32 kcal/mol
         30 |       798534 |  -12.86 kcal/mol |  -13.37 +/-    0.20 kcal/mol |       7 |  -13.86 kcal/mol
         35 |       933841 |  -12.94 kcal/mol |  -13.70 +/-    0.25 kcal/mol |       4 |  -14.02 kcal/mol
         40 |      1067548 |  -12.76 kcal/mol |  -13.66 +/-    0.33 kcal/mol |      10 |  -14.23 kcal/mol
         45 |      1202070 |  -13.17 kcal/mol |  -13.83 +/-    0.16 kcal/mol |       9 |  -14.23 kcal/mol
         50 |      1335222 |  -13.56 kcal/mol |  -13.87 +/-    0.18 kcal/mol |       7 |  -14.23 kcal/mol
         55 |      1471331 |  -13.48 kcal/mol |  -14.14 +/-    0.19 kcal/mol |       4 |  -14.42 kcal/mol
         60 |      1606409 |  -13.41 kcal/mol |  -14.17 +/-    0.20 kcal/mol |       8 |  -14.50 kcal/mol
         65 |      1742052 |  -13.79 kcal/mol |  -14.22 +/-    0.33 kcal/mol |       4 |  -14.75 kcal/mol
         70 |      1874902 |  -12.99 kcal/mol |  -13.98 +/-    0.30 kcal/mol |      11 |  -14.75 kcal/mol
         75 |      2005512 |  -13.57 kcal/mol |  -14.30 +/-    0.27 kcal/mol |       4 |  -14.75 kcal/mol
         80 |      2138258 |  -13.30 kcal/mol |  -14.14 +/-    0.25 kcal/mol |      13 |  -14.89 kcal/mol
         85 |      2271491 |  -13.85 kcal/mol |  -14.55 +/-    0.25 kcal/mol |       4 |  -14.89 kcal/mol
         86 |      2298360 |  -13.60 kcal/mol |  -14.43 +/-    0.27 kcal/mol |      12 |  -14.89 kcal/mol
------------+--------------+------------------+------------------------------+---------+-------------------

                                   Finished evaluation after reaching
                       2298360 evaluations. Best inter + intra   -14.89 kcal/mol.


Shutdown time 0.000659s

Job #3 took 1.240 sec after waiting 0.049 sec for setup

(Thread 0 is processing Job #3)
Run time of entire job set (3 files): 8.564 sec
Savings from multithreading: -0.000 sec
Idle time of execution thread: 4.600 sec

All jobs (3) ran without errors.
