AutoDock-GPU version: v1.6-7-ga46ab564d2ac5f1a1523f65239b43505a1c29364-dirty

Running 1 docking calculation

Cuda device:                              NVIDIA A100-SXM4-40GB
Available memory on device:               39916 MB (total: 40339 MB)

CUDA Setup time 0.232998s
(Thread 0 is setting up Job #1)

Running Job #1
    Using heuristics: (capped) number of evaluations set to 2280181
    Local-search chosen method is: ADADELTA (ad)

Rest of Setup time 0.307731s

Executing docking runs, stopping automatically after either reaching 0.15 kcal/mol standard deviation of
the best molecules of the last 4 * 5 generations, 42000 generations, or 2280181 evaluations:

Generations |  Evaluations |     Threshold    |  Average energy of best 10%  | Samples | Best Inter + Intra
------------+--------------+------------------+------------------------------+---------+-------------------
          0 |          150 |   -1.51 kcal/mol |   -2.42 +/-    0.29 kcal/mol |       5 |   -2.84 kcal/mol
          5 |       138666 |   -1.56 kcal/mol |   -5.48 +/-    1.79 kcal/mol |    1211 |  -11.32 kcal/mol
         10 |       276680 |   -5.46 kcal/mol |   -9.71 +/-    0.61 kcal/mol |      41 |  -12.02 kcal/mol
         15 |       415823 |   -9.48 kcal/mol |  -11.18 +/-    0.54 kcal/mol |       9 |  -12.65 kcal/mol
         20 |       554092 |  -10.28 kcal/mol |  -11.85 +/-    0.59 kcal/mol |       5 |  -12.66 kcal/mol
         25 |       692263 |  -10.08 kcal/mol |  -11.89 +/-    0.47 kcal/mol |       9 |  -12.68 kcal/mol
         30 |       829997 |  -11.10 kcal/mol |  -12.55 +/-    0.23 kcal/mol |       5 |  -12.68 kcal/mol
         35 |       966630 |  -11.87 kcal/mol |  -12.59 +/-    0.11 kcal/mol |       7 |  -12.68 kcal/mol
         40 |      1104776 |  -12.35 kcal/mol |  -12.70 +/-    0.23 kcal/mol |      13 |  -13.20 kcal/mol
         45 |      1241662 |  -12.43 kcal/mol |  -13.18 +/-    0.02 kcal/mol |       4 |  -13.20 kcal/mol
         50 |      1377428 |  -12.61 kcal/mol |  -13.17 +/-    0.05 kcal/mol |       5 |  -13.20 kcal/mol
         55 |      1511127 |  -12.72 kcal/mol |  -13.18 +/-    0.05 kcal/mol |       6 |  -13.20 kcal/mol
         60 |      1644017 |  -12.80 kcal/mol |  -13.19 +/-    0.03 kcal/mol |       6 |  -13.21 kcal/mol
         65 |      1777323 |  -12.81 kcal/mol |  -13.16 +/-    0.07 kcal/mol |       5 |  -13.21 kcal/mol
         70 |      1909342 |  -12.71 kcal/mol |  -13.20 +/-    0.02 kcal/mol |       4 |  -13.22 kcal/mol
------------+--------------+------------------+------------------------------+---------+-------------------

                                   Finished evaluation after reaching
                                  -13.18 +/-    0.05 kcal/mol combined.
                             21 samples, best inter + intra   -13.22 kcal/mol.


Shutdown time 0.000648s

Job #1 took 1.055 sec after waiting 4.459 sec for setup

(Thread 0 is processing Job #1)
Run time of entire job set (1 file): 5.552 sec
Processing time: 0.038 sec

All jobs (1) ran without errors.
