AutoDock-GPU version: v1.6-7-ga46ab564d2ac5f1a1523f65239b43505a1c29364-dirty

Using 1 OpenMP threads

Running 3 docking calculations

Cuda device:                              NVIDIA A100-SXM4-40GB
Available memory on device:               39916 MB (total: 40339 MB)

CUDA Setup time 0.231066s
(Thread 0 is setting up Job #1)

Running Job #1:
    Device: NVIDIA A100-SXM4-40GB
    Grid map file: ./protein.maps.fld
    Ligand file: ./ligand_1_1.pdbqt
    Output file: docking_result_1.dlg (+ xml)
    Using heuristics: (capped) number of evaluations set to 6512245
    Overriding heuristics, setting number of evaluations to --nev = 2500000 instead.
    Warning: The set number of evals is 17.56% of the uncapped heuristics estimate of 14240240 evals.
             This means this docking may not be able to converge. Increasing --heurmax may improve
             convergence but will also increase runtime.
             AutoStop will not stop before 53.80% (1345079) of the set number of evaluations.
    Local-search chosen method is: ADADELTA (ad)

Rest of Setup time 0.308546s

Executing docking runs, stopping automatically after either reaching 0.15 kcal/mol standard deviation of
the best molecules of the last 4 * 5 generations, 42000 generations, or 2500000 evaluations:

Generations |  Evaluations |     Threshold    |  Average energy of best 10%  | Samples | Best Inter + Intra
------------+--------------+------------------+------------------------------+---------+-------------------
          0 |          150 |   -0.92 kcal/mol |   -2.86 +/-    0.60 kcal/mol |      15 |   -4.33 kcal/mol
          5 |       109148 |   -2.25 kcal/mol |   -8.43 +/-    2.32 kcal/mol |     942 |  -15.32 kcal/mol
         10 |       221728 |   -8.39 kcal/mol |  -14.19 +/-    0.85 kcal/mol |      35 |  -16.31 kcal/mol
         15 |       338759 |  -13.82 kcal/mol |  -15.83 +/-    0.23 kcal/mol |       7 |  -16.31 kcal/mol
         20 |       459023 |  -15.32 kcal/mol |  -16.12 +/-    0.17 kcal/mol |       8 |  -16.32 kcal/mol
         25 |       578203 |  -15.80 kcal/mol |  -16.54 +/-    0.51 kcal/mol |      11 |  -18.10 kcal/mol
         30 |       700561 |  -15.84 kcal/mol |  -17.44 +/-    0.42 kcal/mol |       9 |  -18.10 kcal/mol
         35 |       823852 |  -16.74 kcal/mol |  -17.94 +/-    0.26 kcal/mol |       4 |  -18.23 kcal/mol
         40 |       949322 |  -16.98 kcal/mol |  -18.26 +/-    0.13 kcal/mol |       8 |  -18.42 kcal/mol
         45 |      1076313 |  -18.02 kcal/mol |  -18.33 +/-    0.16 kcal/mol |       5 |  -18.61 kcal/mol
         50 |      1202842 |  -17.83 kcal/mol |  -18.61 +/-    0.39 kcal/mol |       5 |  -19.22 kcal/mol
         55 |      1329834 |  -17.43 kcal/mol |  -18.88 +/-    0.49 kcal/mol |       7 |  -19.43 kcal/mol
         60 |      1456790 |  -17.84 kcal/mol |  -19.77 +/-    0.38 kcal/mol |       7 |  -20.13 kcal/mol
         65 |      1584560 |  -18.96 kcal/mol |  -19.68 +/-    0.46 kcal/mol |       2 |  -20.13 kcal/mol
         70 |      1712281 |  -16.25 kcal/mol |  -18.45 +/-    0.78 kcal/mol |      13 |  -20.13 kcal/mol
         75 |      1837541 |  -17.55 kcal/mol |  -19.58 +/-    0.38 kcal/mol |       5 |  -20.13 kcal/mol
         80 |      1964974 |  -18.45 kcal/mol |  -19.38 +/-    0.45 kcal/mol |       4 |  -20.13 kcal/mol
         85 |      2094061 |  -17.70 kcal/mol |  -19.38 +/-    0.45 kcal/mol |       4 |  -20.13 kcal/mol
         90 |      2221207 |  -17.70 kcal/mol |  -19.22 +/-    0.46 kcal/mol |      10 |  -20.13 kcal/mol
         95 |      2352813 |  -18.53 kcal/mol |  -19.56 +/-    0.34 kcal/mol |       5 |  -20.24 kcal/mol
        100 |      2485378 |  -18.53 kcal/mol |  -19.65 +/-    0.42 kcal/mol |       6 |  -20.24 kcal/mol
        101 |      2511722 |  -18.61 kcal/mol |  -19.76 +/-    0.43 kcal/mol |       9 |  -20.24 kcal/mol
------------+--------------+------------------+------------------------------+---------+-------------------

                                   Finished evaluation after reaching
                       2511722 evaluations. Best inter + intra   -20.24 kcal/mol.


Shutdown time 0.000688s

Job #1 took 2.253 sec after waiting 4.456 sec for setup

(Thread 0 is processing Job #1)
(Thread 0 is setting up Job #2)

Running Job #2:
    Device: NVIDIA A100-SXM4-40GB
    Grid map file: ./protein.maps.fld
    Ligand file: ./ligand_2_2.pdbqt
    Output file: docking_result_2.dlg (+ xml)
    Using heuristics: (capped) number of evaluations set to 7973093
    Overriding heuristics, setting number of evaluations to --nev = 2500000 instead.
    Warning: The set number of evals is 10.52% of the uncapped heuristics estimate of 23759450 evals.
             This means this docking may not be able to converge. Increasing --heurmax may improve
             convergence but will also increase runtime.
             AutoStop will not stop before 76.79% (1919714) of the set number of evaluations.
    Local-search chosen method is: ADADELTA (ad)

Rest of Setup time 0.304833s

Executing docking runs, stopping automatically after either reaching 0.15 kcal/mol standard deviation of
the best molecules of the last 4 * 5 generations, 42000 generations, or 2500000 evaluations:

Generations |  Evaluations |     Threshold    |  Average energy of best 10%  | Samples | Best Inter + Intra
------------+--------------+------------------+------------------------------+---------+-------------------
          0 |          150 |  296.32 kcal/mol |  164.52 +/-   35.15 kcal/mol |       4 |  108.15 kcal/mol
          5 |       115095 |  296.32 kcal/mol |    9.24 +/-   29.12 kcal/mol |    1098 |  -12.32 kcal/mol
         10 |       224683 |    9.64 kcal/mol |  -11.52 +/-    0.57 kcal/mol |       4 |  -12.34 kcal/mol
         15 |       336076 |   -9.37 kcal/mol |  -11.63 +/-    0.73 kcal/mol |       5 |  -12.52 kcal/mol
         20 |       451686 |   -9.43 kcal/mol |  -11.54 +/-    0.79 kcal/mol |       7 |  -13.29 kcal/mol
         25 |       564227 |   -9.85 kcal/mol |  -11.86 +/-    0.91 kcal/mol |       4 |  -13.29 kcal/mol
         30 |       676903 |   -8.44 kcal/mol |  -11.41 +/-    1.12 kcal/mol |      20 |  -14.05 kcal/mol
         35 |       785271 |  -10.57 kcal/mol |  -12.51 +/-    0.89 kcal/mol |       4 |  -14.05 kcal/mol
         40 |       892643 |   -9.18 kcal/mol |  -11.97 +/-    1.00 kcal/mol |      16 |  -14.05 kcal/mol
         45 |       995721 |  -11.03 kcal/mol |  -13.26 +/-    0.52 kcal/mol |       5 |  -14.05 kcal/mol
         50 |      1101044 |  -11.70 kcal/mol |  -13.16 +/-    0.62 kcal/mol |       4 |  -14.05 kcal/mol
         55 |      1205982 |  -10.83 kcal/mol |  -13.09 +/-    0.64 kcal/mol |      10 |  -14.12 kcal/mol
         60 |      1308357 |  -12.13 kcal/mol |  -14.13 +/-    1.00 kcal/mol |       4 |  -15.72 kcal/mol
         65 |      1409802 |  -10.39 kcal/mol |  -14.01 +/-    1.04 kcal/mol |       6 |  -15.85 kcal/mol
         70 |      1507252 |  -11.40 kcal/mol |  -14.31 +/-    0.72 kcal/mol |       6 |  -15.85 kcal/mol
         75 |      1603278 |  -12.52 kcal/mol |  -14.76 +/-    0.90 kcal/mol |       4 |  -15.85 kcal/mol
         80 |      1697738 |  -11.39 kcal/mol |  -14.39 +/-    0.85 kcal/mol |       7 |  -15.85 kcal/mol
         85 |      1793724 |  -12.56 kcal/mol |  -15.35 +/-    0.57 kcal/mol |       7 |  -15.85 kcal/mol
         90 |      1886442 |  -14.13 kcal/mol |  -14.77 +/-    0.68 kcal/mol |       6 |  -15.85 kcal/mol
         95 |      1980524 |  -13.08 kcal/mol |  -14.91 +/-    0.78 kcal/mol |       4 |  -15.85 kcal/mol
        100 |      2072205 |  -11.99 kcal/mol |  -14.91 +/-    0.78 kcal/mol |       4 |  -15.85 kcal/mol
        105 |      2159928 |  -11.99 kcal/mol |  -14.91 +/-    0.78 kcal/mol |       4 |  -15.85 kcal/mol
        110 |      2247935 |  -11.99 kcal/mol |  -14.64 +/-    0.74 kcal/mol |       7 |  -15.85 kcal/mol
        115 |      2336089 |  -13.05 kcal/mol |  -15.09 +/-    0.60 kcal/mol |       4 |  -15.85 kcal/mol
        120 |      2424171 |  -12.84 kcal/mol |  -14.91 +/-    0.73 kcal/mol |       7 |  -15.85 kcal/mol
        125 |      2512670 |  -13.35 kcal/mol |  -15.10 +/-    0.69 kcal/mol |      10 |  -15.85 kcal/mol
------------+--------------+------------------+------------------------------+---------+-------------------

                                   Finished evaluation after reaching
                       2512670 evaluations. Best inter + intra   -15.85 kcal/mol.


Shutdown time 0.000667s

Job #2 took 1.914 sec after waiting 0.095 sec for setup

(Thread 0 is processing Job #2)
(Thread 0 is setting up Job #3)

Running Job #3:
    Device: NVIDIA A100-SXM4-40GB
    Grid map file: ./protein.maps.fld
    Ligand file: ./ligand_3_3.pdbqt
    Output file: docking_result_3.dlg (+ xml)
    Using heuristics: (capped) number of evaluations set to 8617129
    Overriding heuristics, setting number of evaluations to --nev = 2500000 instead.
    Warning: The set number of evals is 8.18% of the uncapped heuristics estimate of 30567396 evals.
             This means this docking may not be able to converge. Increasing --heurmax may improve
             convergence but will also increase runtime.
             AutoStop will not stop before 84.62% (2115382) of the set number of evaluations.
    Local-search chosen method is: ADADELTA (ad)

Rest of Setup time 0.305260s

Executing docking runs, stopping automatically after either reaching 0.15 kcal/mol standard deviation of
the best molecules of the last 4 * 5 generations, 42000 generations, or 2500000 evaluations:

Generations |  Evaluations |     Threshold    |  Average energy of best 10%  | Samples | Best Inter + Intra
------------+--------------+------------------+------------------------------+---------+-------------------
          0 |          150 |  296.87 kcal/mol |  205.41 +/-   24.39 kcal/mol |       4 |  181.04 kcal/mol
          5 |       112560 |  296.87 kcal/mol |   17.13 +/-   39.41 kcal/mol |    1064 |   -9.08 kcal/mol
         10 |       220016 |   17.69 kcal/mol |   -9.67 +/-    0.22 kcal/mol |       6 |  -10.00 kcal/mol
         15 |       329450 |   -9.12 kcal/mol |  -10.14 +/-    0.38 kcal/mol |      12 |  -10.89 kcal/mol
         20 |       440432 |   -9.67 kcal/mol |  -10.85 +/-    0.43 kcal/mol |       5 |  -11.65 kcal/mol
         25 |       547829 |   -9.57 kcal/mol |  -11.23 +/-    0.56 kcal/mol |      14 |  -12.24 kcal/mol
         30 |       652396 |  -10.62 kcal/mol |  -12.34 +/-    0.38 kcal/mol |       7 |  -12.94 kcal/mol
         35 |       755317 |  -11.52 kcal/mol |  -12.75 +/-    0.23 kcal/mol |       4 |  -12.94 kcal/mol
         40 |       857094 |  -11.87 kcal/mol |  -12.88 +/-    0.28 kcal/mol |       5 |  -13.21 kcal/mol
         45 |       956634 |  -12.05 kcal/mol |  -12.94 +/-    0.48 kcal/mol |       5 |  -13.53 kcal/mol
         50 |      1054145 |  -11.49 kcal/mol |  -13.36 +/-    0.70 kcal/mol |       4 |  -14.34 kcal/mol
         55 |      1151354 |  -10.74 kcal/mol |  -13.36 +/-    1.04 kcal/mol |       7 |  -14.46 kcal/mol
         60 |      1248117 |  -11.13 kcal/mol |  -13.90 +/-    0.49 kcal/mol |       4 |  -14.46 kcal/mol
         65 |      1346512 |  -12.05 kcal/mol |  -14.57 +/-    1.24 kcal/mol |       7 |  -16.51 kcal/mol
         70 |      1442602 |  -11.92 kcal/mol |  -15.40 +/-    0.95 kcal/mol |       4 |  -16.63 kcal/mol
         75 |      1536834 |  -11.84 kcal/mol |  -14.96 +/-    1.19 kcal/mol |       4 |  -16.63 kcal/mol
         80 |      1627599 |  -10.51 kcal/mol |  -14.17 +/-    1.16 kcal/mol |      13 |  -16.63 kcal/mol
         85 |      1717627 |  -12.83 kcal/mol |  -16.20 +/-    0.62 kcal/mol |       6 |  -16.63 kcal/mol
         90 |      1805909 |  -14.66 kcal/mol |  -15.90 +/-    0.45 kcal/mol |       4 |  -16.63 kcal/mol
         95 |      1893984 |  -14.20 kcal/mol |  -15.57 +/-    0.84 kcal/mol |       3 |  -16.63 kcal/mol
        100 |      1978954 |  -11.38 kcal/mol |  -14.61 +/-    0.96 kcal/mol |      10 |  -16.63 kcal/mol
        105 |      2063681 |  -13.18 kcal/mol |  -15.73 +/-    0.72 kcal/mol |       4 |  -16.63 kcal/mol
        110 |      2149392 |  -13.02 kcal/mol |  -15.29 +/-    0.88 kcal/mol |       4 |  -16.63 kcal/mol
        115 |      2234545 |  -12.00 kcal/mol |  -15.19 +/-    0.83 kcal/mol |       8 |  -16.63 kcal/mol
        120 |      2317852 |  -13.64 kcal/mol |  -15.63 +/-    0.87 kcal/mol |       5 |  -16.63 kcal/mol
        125 |      2402470 |  -13.01 kcal/mol |  -15.58 +/-    0.69 kcal/mol |       4 |  -16.63 kcal/mol
        130 |      2486855 |  -12.98 kcal/mol |  -15.24 +/-    0.68 kcal/mol |      10 |  -16.63 kcal/mol
        131 |      2503978 |  -14.22 kcal/mol |  -15.39 +/-    0.68 kcal/mol |      14 |  -16.63 kcal/mol
------------+--------------+------------------+------------------------------+---------+-------------------

                                   Finished evaluation after reaching
                       2503978 evaluations. Best inter + intra   -16.63 kcal/mol.


Shutdown time 0.000753s

Job #3 took 2.127 sec after waiting 0.073 sec for setup

(Thread 0 is processing Job #3)
Run time of entire job set (3 files): 11.000 sec
Savings from multithreading: -0.000 sec
Idle time of execution thread: 4.705 sec

All jobs (3) ran without errors.
