AutoDock-GPU version: v1.6-7-ga46ab564d2ac5f1a1523f65239b43505a1c29364-dirty

Using 1 OpenMP threads

Running 5 docking calculations

Cuda device:                              NVIDIA A100-SXM4-40GB
Available memory on device:               39916 MB (total: 40339 MB)

CUDA Setup time 0.233711s
(Thread 0 is setting up Job #1)

Running Job #1:
    Device: NVIDIA A100-SXM4-40GB
    Grid map file: ./protein.maps.fld
    Ligand file: ./ligand_1_1.pdbqt
    Output file: docking_result_1.dlg (+ xml)
    Using heuristics: (capped) number of evaluations set to 2280181
    Local-search chosen method is: ADADELTA (ad)

Rest of Setup time 0.308458s

Executing docking runs, stopping automatically after either reaching 0.15 kcal/mol standard deviation of
the best molecules of the last 4 * 5 generations, 42000 generations, or 2280181 evaluations:

Generations |  Evaluations |     Threshold    |  Average energy of best 10%  | Samples | Best Inter + Intra
------------+--------------+------------------+------------------------------+---------+-------------------
          0 |          150 |   -1.80 kcal/mol |   -2.77 +/-    0.32 kcal/mol |       4 |   -3.23 kcal/mol
          5 |       117255 |   -1.56 kcal/mol |   -6.36 +/-    2.22 kcal/mol |    1008 |  -15.10 kcal/mol
         10 |       241910 |   -6.33 kcal/mol |  -12.21 +/-    1.13 kcal/mol |      27 |  -15.40 kcal/mol
         15 |       372213 |  -11.58 kcal/mol |  -14.87 +/-    0.30 kcal/mol |       4 |  -15.40 kcal/mol
         20 |       504560 |  -13.73 kcal/mol |  -15.01 +/-    0.49 kcal/mol |       4 |  -15.41 kcal/mol
         25 |       634490 |  -13.18 kcal/mol |  -14.94 +/-    0.40 kcal/mol |       5 |  -15.41 kcal/mol
         30 |       764042 |  -13.75 kcal/mol |  -15.05 +/-    0.30 kcal/mol |       6 |  -15.45 kcal/mol
         35 |       893023 |  -14.31 kcal/mol |  -15.20 +/-    0.26 kcal/mol |       4 |  -15.45 kcal/mol
         40 |      1023434 |  -14.23 kcal/mol |  -15.28 +/-    0.42 kcal/mol |       5 |  -15.70 kcal/mol
         45 |      1154169 |  -14.04 kcal/mol |  -15.46 +/-    0.29 kcal/mol |       4 |  -15.70 kcal/mol
         50 |      1285476 |  -14.39 kcal/mol |  -15.65 +/-    0.12 kcal/mol |       4 |  -15.77 kcal/mol
         55 |      1415461 |  -15.19 kcal/mol |  -15.71 +/-    0.16 kcal/mol |       4 |  -15.86 kcal/mol
         60 |      1545716 |  -15.10 kcal/mol |  -15.66 +/-    0.18 kcal/mol |       6 |  -15.86 kcal/mol
         65 |      1678424 |  -15.22 kcal/mol |  -15.78 +/-    0.15 kcal/mol |       4 |  -15.90 kcal/mol
         70 |      1810274 |  -15.22 kcal/mol |  -15.93 +/-    0.22 kcal/mol |       8 |  -16.44 kcal/mol
         75 |      1941628 |  -15.53 kcal/mol |  -16.67 +/-    0.72 kcal/mol |       4 |  -17.78 kcal/mol
         80 |      2075295 |  -13.97 kcal/mol |  -16.53 +/-    0.74 kcal/mol |      12 |  -18.51 kcal/mol
         85 |      2209162 |  -15.61 kcal/mol |  -17.20 +/-    0.76 kcal/mol |       4 |  -18.51 kcal/mol
         88 |      2288118 |  -14.35 kcal/mol |  -17.62 +/-    0.88 kcal/mol |       9 |  -18.51 kcal/mol
------------+--------------+------------------+------------------------------+---------+-------------------

                                   Finished evaluation after reaching
                       2288118 evaluations. Best inter + intra   -18.51 kcal/mol.


Shutdown time 0.000689s

Job #1 took 1.660 sec after waiting 4.516 sec for setup

(Thread 0 is processing Job #1)
(Thread 0 is setting up Job #2)

Running Job #2:
    Device: NVIDIA A100-SXM4-40GB
    Grid map file: ./protein.maps.fld
    Ligand file: ./ligand_2_2.pdbqt
    Output file: docking_result_2.dlg (+ xml)
    Using heuristics: (capped) number of evaluations set to 2280181
    Local-search chosen method is: ADADELTA (ad)

Rest of Setup time 0.305229s

Executing docking runs, stopping automatically after either reaching 0.15 kcal/mol standard deviation of
the best molecules of the last 4 * 5 generations, 42000 generations, or 2280181 evaluations:

Generations |  Evaluations |     Threshold    |  Average energy of best 10%  | Samples | Best Inter + Intra
------------+--------------+------------------+------------------------------+---------+-------------------
          0 |          150 |   -2.08 kcal/mol |   -2.94 +/-    0.26 kcal/mol |       4 |   -3.19 kcal/mol
          5 |       119548 |   -1.97 kcal/mol |   -6.38 +/-    1.98 kcal/mol |    1000 |  -12.78 kcal/mol
         10 |       243930 |   -6.35 kcal/mol |  -11.43 +/-    0.92 kcal/mol |      35 |  -13.50 kcal/mol
         15 |       371534 |  -11.04 kcal/mol |  -13.88 +/-    0.63 kcal/mol |       9 |  -14.59 kcal/mol
         20 |       500788 |  -12.84 kcal/mol |  -14.59 +/-    0.42 kcal/mol |       7 |  -15.15 kcal/mol
         25 |       631994 |  -13.69 kcal/mol |  -15.01 +/-    0.22 kcal/mol |       5 |  -15.18 kcal/mol
         30 |       765263 |  -14.35 kcal/mol |  -15.01 +/-    0.14 kcal/mol |       8 |  -15.18 kcal/mol
         35 |       896757 |  -14.74 kcal/mol |  -15.09 +/-    0.09 kcal/mol |       6 |  -15.18 kcal/mol
         40 |      1030666 |  -14.85 kcal/mol |  -15.06 +/-    0.09 kcal/mol |       9 |  -15.18 kcal/mol
------------+--------------+------------------+------------------------------+---------+-------------------

                                   Finished evaluation after reaching
                                  -15.04 +/-    0.14 kcal/mol combined.
                             28 samples, best inter + intra   -15.18 kcal/mol.


Shutdown time 0.000683s

Job #2 took 0.886 sec after waiting 0.070 sec for setup

(Thread 0 is processing Job #2)
(Thread 0 is setting up Job #3)

Running Job #3:
    Device: NVIDIA A100-SXM4-40GB
    Grid map file: ./protein.maps.fld
    Ligand file: ./ligand_3_3.pdbqt
    Output file: docking_result_3.dlg (+ xml)
    Using heuristics: (capped) number of evaluations set to 3487417
    Overriding heuristics, setting number of evaluations to --nev = 2500000 instead.
    Local-search chosen method is: ADADELTA (ad)

Rest of Setup time 0.302409s

Executing docking runs, stopping automatically after either reaching 0.15 kcal/mol standard deviation of
the best molecules of the last 4 * 5 generations, 42000 generations, or 2500000 evaluations:

Generations |  Evaluations |     Threshold    |  Average energy of best 10%  | Samples | Best Inter + Intra
------------+--------------+------------------+------------------------------+---------+-------------------
          0 |          150 |   -0.81 kcal/mol |   -2.56 +/-    0.58 kcal/mol |      12 |   -4.21 kcal/mol
          5 |       107891 |   -1.83 kcal/mol |   -5.91 +/-    1.84 kcal/mol |     782 |  -12.32 kcal/mol
         10 |       219014 |   -5.87 kcal/mol |  -10.54 +/-    0.93 kcal/mol |      58 |  -13.08 kcal/mol
         15 |       336318 |  -10.30 kcal/mol |  -12.73 +/-    0.49 kcal/mol |       9 |  -13.78 kcal/mol
         20 |       458656 |  -11.92 kcal/mol |  -13.34 +/-    0.28 kcal/mol |       5 |  -13.85 kcal/mol
         25 |       582733 |  -12.49 kcal/mol |  -13.53 +/-    0.21 kcal/mol |       4 |  -13.90 kcal/mol
         30 |       706667 |  -12.73 kcal/mol |  -13.62 +/-    0.21 kcal/mol |       6 |  -13.90 kcal/mol
         35 |       829696 |  -13.09 kcal/mol |  -13.52 +/-    0.23 kcal/mol |       4 |  -13.90 kcal/mol
         40 |       952012 |  -12.67 kcal/mol |  -13.50 +/-    0.29 kcal/mol |       8 |  -13.97 kcal/mol
         45 |      1075848 |  -12.96 kcal/mol |  -14.26 +/-    0.04 kcal/mol |       4 |  -14.32 kcal/mol
         50 |      1198579 |  -13.70 kcal/mol |  -14.35 +/-    0.24 kcal/mol |       7 |  -14.86 kcal/mol
         55 |      1323662 |  -13.85 kcal/mol |  -14.39 +/-    0.36 kcal/mol |       4 |  -14.99 kcal/mol
         60 |      1448895 |  -13.04 kcal/mol |  -14.20 +/-    0.43 kcal/mol |       6 |  -15.08 kcal/mol
         65 |      1580366 |  -13.12 kcal/mol |  -14.40 +/-    0.43 kcal/mol |       4 |  -15.10 kcal/mol
         70 |      1710100 |  -12.80 kcal/mol |  -14.27 +/-    0.43 kcal/mol |      13 |  -15.10 kcal/mol
         75 |      1839188 |  -13.78 kcal/mol |  -14.59 +/-    0.33 kcal/mol |       4 |  -15.10 kcal/mol
         80 |      1969100 |  -13.33 kcal/mol |  -14.55 +/-    0.33 kcal/mol |      12 |  -15.10 kcal/mol
         85 |      2099361 |  -14.13 kcal/mol |  -15.38 +/-    0.19 kcal/mol |       7 |  -15.66 kcal/mol
         90 |      2227370 |  -14.97 kcal/mol |  -16.05 +/-    0.41 kcal/mol |       4 |  -16.49 kcal/mol
         95 |      2360196 |  -14.52 kcal/mol |  -16.18 +/-    0.38 kcal/mol |       6 |  -16.62 kcal/mol
        100 |      2491426 |  -15.23 kcal/mol |  -15.98 +/-    0.45 kcal/mol |       3 |  -16.62 kcal/mol
        101 |      2517630 |  -13.73 kcal/mol |  -15.97 +/-    0.71 kcal/mol |       8 |  -16.62 kcal/mol
------------+--------------+------------------+------------------------------+---------+-------------------

                                   Finished evaluation after reaching
                       2517630 evaluations. Best inter + intra   -16.62 kcal/mol.


Shutdown time 0.000684s

Job #3 took 1.821 sec after waiting 0.069 sec for setup

(Thread 0 is processing Job #3)
(Thread 0 is setting up Job #4)

Running Job #4:
    Device: NVIDIA A100-SXM4-40GB
    Grid map file: ./protein.maps.fld
    Ligand file: ./ligand_4_4.pdbqt
    Output file: docking_result_4.dlg (+ xml)
    Using heuristics: (capped) number of evaluations set to 3487417
    Overriding heuristics, setting number of evaluations to --nev = 2500000 instead.
    Local-search chosen method is: ADADELTA (ad)

Rest of Setup time 0.305571s

Executing docking runs, stopping automatically after either reaching 0.15 kcal/mol standard deviation of
the best molecules of the last 4 * 5 generations, 42000 generations, or 2500000 evaluations:

Generations |  Evaluations |     Threshold    |  Average energy of best 10%  | Samples | Best Inter + Intra
------------+--------------+------------------+------------------------------+---------+-------------------
          0 |          150 |   -0.74 kcal/mol |   -2.47 +/-    0.44 kcal/mol |      22 |   -4.24 kcal/mol
          5 |       106686 |   -2.17 kcal/mol |   -6.07 +/-    1.78 kcal/mol |     744 |  -14.47 kcal/mol
         10 |       214576 |   -6.03 kcal/mol |  -10.76 +/-    1.49 kcal/mol |      35 |  -16.55 kcal/mol
         15 |       329835 |  -10.12 kcal/mol |  -14.56 +/-    1.31 kcal/mol |       4 |  -16.55 kcal/mol
         20 |       450673 |   -9.64 kcal/mol |  -14.06 +/-    1.12 kcal/mol |      11 |  -16.55 kcal/mol
         25 |       571370 |  -12.53 kcal/mol |  -15.11 +/-    0.88 kcal/mol |       4 |  -16.55 kcal/mol
         30 |       693054 |  -11.82 kcal/mol |  -14.96 +/-    0.64 kcal/mol |       9 |  -16.55 kcal/mol
         35 |       814064 |  -13.89 kcal/mol |  -15.84 +/-    0.47 kcal/mol |       4 |  -16.55 kcal/mol
         40 |       937209 |  -14.08 kcal/mol |  -16.01 +/-    0.47 kcal/mol |       6 |  -16.55 kcal/mol
         45 |      1060094 |  -14.82 kcal/mol |  -16.48 +/-    0.11 kcal/mol |       4 |  -16.55 kcal/mol
         50 |      1182403 |  -16.07 kcal/mol |  -16.58 +/-    0.05 kcal/mol |       3 |  -16.62 kcal/mol
         55 |      1303943 |  -15.83 kcal/mol |  -16.35 +/-    0.31 kcal/mol |       3 |  -16.62 kcal/mol
         60 |      1423420 |  -14.78 kcal/mol |  -16.29 +/-    0.49 kcal/mol |       7 |  -16.64 kcal/mol
         65 |      1548693 |  -15.23 kcal/mol |  -16.03 +/-    0.54 kcal/mol |       4 |  -16.64 kcal/mol
         70 |      1676063 |  -13.99 kcal/mol |  -16.06 +/-    0.50 kcal/mol |       6 |  -16.64 kcal/mol
         75 |      1803904 |  -14.81 kcal/mol |  -16.13 +/-    0.46 kcal/mol |       4 |  -16.64 kcal/mol
         80 |      1930863 |  -14.39 kcal/mol |  -16.29 +/-    0.37 kcal/mol |       7 |  -16.64 kcal/mol
         85 |      2056283 |  -15.51 kcal/mol |  -16.13 +/-    0.49 kcal/mol |       5 |  -16.64 kcal/mol
         90 |      2180610 |  -14.67 kcal/mol |  -16.50 +/-    0.11 kcal/mol |       4 |  -16.64 kcal/mol
         95 |      2306739 |  -16.10 kcal/mol |  -16.46 +/-    0.18 kcal/mol |       3 |  -16.64 kcal/mol
        100 |      2432335 |  -15.58 kcal/mol |  -16.60 +/-    0.06 kcal/mol |       3 |  -16.64 kcal/mol
        103 |      2507824 |  -15.85 kcal/mol |  -16.56 +/-    0.07 kcal/mol |       7 |  -16.64 kcal/mol
------------+--------------+------------------+------------------------------+---------+-------------------

                                   Finished evaluation after reaching
                       2507824 evaluations. Best inter + intra   -16.64 kcal/mol.


Shutdown time 0.000674s

Job #4 took 1.924 sec after waiting 0.071 sec for setup

(Thread 0 is processing Job #4)
(Thread 0 is setting up Job #5)

Running Job #5:
    Device: NVIDIA A100-SXM4-40GB
    Grid map file: ./protein.maps.fld
    Ligand file: ./ligand_5_5.pdbqt
    Output file: docking_result_5.dlg (+ xml)
    Using heuristics: (capped) number of evaluations set to 3487417
    Overriding heuristics, setting number of evaluations to --nev = 2500000 instead.
    Local-search chosen method is: ADADELTA (ad)

Rest of Setup time 0.305379s

Executing docking runs, stopping automatically after either reaching 0.15 kcal/mol standard deviation of
the best molecules of the last 4 * 5 generations, 42000 generations, or 2500000 evaluations:

Generations |  Evaluations |     Threshold    |  Average energy of best 10%  | Samples | Best Inter + Intra
------------+--------------+------------------+------------------------------+---------+-------------------
          0 |          150 |   -1.33 kcal/mol |   -3.25 +/-    0.62 kcal/mol |       5 |   -4.32 kcal/mol
          5 |       119361 |   -1.38 kcal/mol |   -5.79 +/-    1.94 kcal/mol |     983 |  -12.42 kcal/mol
         10 |       235331 |   -5.76 kcal/mol |  -10.79 +/-    1.00 kcal/mol |      41 |  -13.59 kcal/mol
         15 |       354201 |  -10.42 kcal/mol |  -12.96 +/-    0.53 kcal/mol |       5 |  -13.72 kcal/mol
         20 |       477044 |  -11.36 kcal/mol |  -13.45 +/-    0.36 kcal/mol |       4 |  -13.72 kcal/mol
         25 |       598615 |  -12.11 kcal/mol |  -13.28 +/-    0.48 kcal/mol |       6 |  -14.27 kcal/mol
         30 |       722439 |  -12.07 kcal/mol |  -13.49 +/-    0.39 kcal/mol |       9 |  -14.27 kcal/mol
         35 |       843765 |  -12.84 kcal/mol |  -13.86 +/-    0.26 kcal/mol |       4 |  -14.27 kcal/mol
         40 |       965320 |  -12.90 kcal/mol |  -13.85 +/-    0.25 kcal/mol |       9 |  -14.33 kcal/mol
         45 |      1088345 |  -13.43 kcal/mol |  -14.11 +/-    0.26 kcal/mol |       5 |  -14.36 kcal/mol
         50 |      1210904 |  -13.32 kcal/mol |  -14.26 +/-    0.51 kcal/mol |       6 |  -15.34 kcal/mol
         55 |      1334365 |  -12.99 kcal/mol |  -14.77 +/-    0.48 kcal/mol |       4 |  -15.54 kcal/mol
         60 |      1456143 |  -12.96 kcal/mol |  -14.75 +/-    0.46 kcal/mol |       4 |  -15.54 kcal/mol
         65 |      1581290 |  -13.01 kcal/mol |  -14.69 +/-    0.46 kcal/mol |       5 |  -15.54 kcal/mol
         70 |      1703897 |  -13.32 kcal/mol |  -14.89 +/-    0.47 kcal/mol |       6 |  -15.54 kcal/mol
         75 |      1827603 |  -13.71 kcal/mol |  -14.97 +/-    0.38 kcal/mol |       4 |  -15.54 kcal/mol
         80 |      1951525 |  -13.55 kcal/mol |  -15.19 +/-    0.39 kcal/mol |       8 |  -15.57 kcal/mol
         85 |      2077287 |  -14.46 kcal/mol |  -15.77 +/-    0.32 kcal/mol |       5 |  -16.11 kcal/mol
         90 |      2201824 |  -14.81 kcal/mol |  -15.90 +/-    0.34 kcal/mol |       4 |  -16.15 kcal/mol
         95 |      2328849 |  -14.64 kcal/mol |  -16.05 +/-    0.10 kcal/mol |      11 |  -16.19 kcal/mol
        100 |      2453941 |  -15.91 kcal/mol |  -16.14 +/-    0.04 kcal/mol |       5 |  -16.21 kcal/mol
        102 |      2504387 |  -15.69 kcal/mol |  -16.13 +/-    0.08 kcal/mol |      10 |  -16.24 kcal/mol
------------+--------------+------------------+------------------------------+---------+-------------------

                                   Finished evaluation after reaching
                       2504387 evaluations. Best inter + intra   -16.24 kcal/mol.


Shutdown time 0.000666s

Job #5 took 1.667 sec after waiting 0.073 sec for setup

(Thread 0 is processing Job #5)
Run time of entire job set (5 files): 12.819 sec
Savings from multithreading: -0.001 sec
Idle time of execution thread: 4.860 sec

All jobs (5) ran without errors.
