AutoDock-GPU version: v1.6-7-ga46ab564d2ac5f1a1523f65239b43505a1c29364-dirty

Running 1 docking calculation

Cuda device:                              NVIDIA A100-SXM4-40GB
Available memory on device:               39916 MB (total: 40339 MB)

CUDA Setup time 0.231465s
(Thread 0 is setting up Job #1)

Running Job #1
    Using heuristics: (capped) number of evaluations set to 2068966
    Local-search chosen method is: ADADELTA (ad)

Rest of Setup time 0.304747s

Executing docking runs, stopping automatically after either reaching 0.15 kcal/mol standard deviation of
the best molecules of the last 4 * 5 generations, 42000 generations, or 2068966 evaluations:

Generations |  Evaluations |     Threshold    |  Average energy of best 10%  | Samples | Best Inter + Intra
------------+--------------+------------------+------------------------------+---------+-------------------
          0 |          150 |   -2.10 kcal/mol |   -2.40 +/-    0.20 kcal/mol |      10 |   -2.85 kcal/mol
          5 |       130762 |   -2.10 kcal/mol |   -5.34 +/-    1.53 kcal/mol |     912 |  -11.48 kcal/mol
         10 |       260646 |   -5.32 kcal/mol |   -9.55 +/-    1.11 kcal/mol |      54 |  -12.28 kcal/mol
         15 |       394957 |   -9.24 kcal/mol |  -12.07 +/-    0.38 kcal/mol |      12 |  -12.92 kcal/mol
         20 |       528486 |  -11.59 kcal/mol |  -12.44 +/-    0.31 kcal/mol |       4 |  -12.98 kcal/mol
         25 |       660403 |  -11.27 kcal/mol |  -12.28 +/-    0.30 kcal/mol |       9 |  -13.02 kcal/mol
         30 |       795224 |  -11.77 kcal/mol |  -13.05 +/-    0.11 kcal/mol |       7 |  -13.21 kcal/mol
         35 |       929178 |  -12.81 kcal/mol |  -13.20 +/-    0.08 kcal/mol |       6 |  -13.26 kcal/mol
         40 |      1062725 |  -12.99 kcal/mol |  -13.37 +/-    0.12 kcal/mol |       4 |  -13.47 kcal/mol
         45 |      1192747 |  -12.91 kcal/mol |  -13.17 +/-    0.18 kcal/mol |      14 |  -13.47 kcal/mol
         50 |      1322296 |  -12.99 kcal/mol |  -13.24 +/-    0.11 kcal/mol |      13 |  -13.47 kcal/mol
         55 |      1453681 |  -13.11 kcal/mol |  -13.38 +/-    0.10 kcal/mol |       6 |  -13.47 kcal/mol
         60 |      1580435 |  -13.14 kcal/mol |  -13.32 +/-    0.13 kcal/mol |       7 |  -13.47 kcal/mol
         65 |      1711197 |  -13.05 kcal/mol |  -13.28 +/-    0.14 kcal/mol |      10 |  -13.47 kcal/mol
------------+--------------+------------------+------------------------------+---------+-------------------

                                   Finished evaluation after reaching
                                  -13.29 +/-    0.13 kcal/mol combined.
                             36 samples, best inter + intra   -13.47 kcal/mol.


Shutdown time 0.000658s

Job #1 took 0.944 sec after waiting 4.478 sec for setup

(Thread 0 is processing Job #1)
Run time of entire job set (1 file): 5.459 sec
Processing time: 0.037 sec

All jobs (1) ran without errors.
