AutoDock-GPU version: v1.6-7-ga46ab564d2ac5f1a1523f65239b43505a1c29364-dirty

Using 1 OpenMP threads

Running 3 docking calculations

Cuda device:                              NVIDIA A100-SXM4-40GB
Available memory on device:               39916 MB (total: 40339 MB)

CUDA Setup time 0.239620s
(Thread 0 is setting up Job #1)

Running Job #1:
    Device: NVIDIA A100-SXM4-40GB
    Grid map file: ./protein.maps.fld
    Ligand file: ./ligand_1_1.pdbqt
    Output file: docking_result_1.dlg (+ xml)
    Using heuristics: (capped) number of evaluations set to 2280181
    Local-search chosen method is: ADADELTA (ad)

Rest of Setup time 0.309233s

Executing docking runs, stopping automatically after either reaching 0.15 kcal/mol standard deviation of
the best molecules of the last 4 * 5 generations, 42000 generations, or 2280181 evaluations:

Generations |  Evaluations |     Threshold    |  Average energy of best 10%  | Samples | Best Inter + Intra
------------+--------------+------------------+------------------------------+---------+-------------------
          0 |          150 |   -1.53 kcal/mol |   -2.75 +/-    0.42 kcal/mol |       6 |   -3.50 kcal/mol
          5 |       100889 |   -1.69 kcal/mol |   -6.09 +/-    1.86 kcal/mol |     833 |  -13.23 kcal/mol
         10 |       202957 |   -6.06 kcal/mol |  -11.05 +/-    1.05 kcal/mol |      36 |  -13.67 kcal/mol
         15 |       307225 |  -10.61 kcal/mol |  -13.38 +/-    0.23 kcal/mol |       8 |  -13.67 kcal/mol
         20 |       414218 |  -12.95 kcal/mol |  -13.93 +/-    0.37 kcal/mol |       6 |  -14.32 kcal/mol
         25 |       524321 |  -13.00 kcal/mol |  -14.14 +/-    0.37 kcal/mol |       4 |  -14.38 kcal/mol
         30 |       636491 |  -12.74 kcal/mol |  -14.21 +/-    0.46 kcal/mol |       6 |  -14.78 kcal/mol
         35 |       748390 |  -13.05 kcal/mol |  -14.79 +/-    0.45 kcal/mol |       5 |  -15.30 kcal/mol
         40 |       858136 |  -13.44 kcal/mol |  -15.39 +/-    0.69 kcal/mol |       6 |  -16.25 kcal/mol
         45 |       969732 |  -13.68 kcal/mol |  -15.81 +/-    0.55 kcal/mol |       5 |  -16.33 kcal/mol
         50 |      1080830 |  -14.16 kcal/mol |  -15.97 +/-    0.41 kcal/mol |       6 |  -16.41 kcal/mol
         55 |      1191944 |  -14.95 kcal/mol |  -16.43 +/-    0.09 kcal/mol |       6 |  -16.52 kcal/mol
         60 |      1303052 |  -16.21 kcal/mol |  -16.44 +/-    0.14 kcal/mol |       4 |  -16.63 kcal/mol
         65 |      1415493 |  -15.93 kcal/mol |  -16.47 +/-    0.14 kcal/mol |       5 |  -16.63 kcal/mol
         70 |      1530272 |  -16.04 kcal/mol |  -16.62 +/-    0.05 kcal/mol |       4 |  -16.68 kcal/mol
         75 |      1645772 |  -16.05 kcal/mol |  -16.43 +/-    0.15 kcal/mol |       7 |  -16.68 kcal/mol
         80 |      1760088 |  -16.11 kcal/mol |  -16.63 +/-    0.03 kcal/mol |       5 |  -16.68 kcal/mol
         85 |      1875504 |  -16.18 kcal/mol |  -16.55 +/-    0.13 kcal/mol |       5 |  -16.68 kcal/mol
------------+--------------+------------------+------------------------------+---------+-------------------

                                   Finished evaluation after reaching
                                  -16.54 +/-    0.14 kcal/mol combined.
                             21 samples, best inter + intra   -16.68 kcal/mol.


Shutdown time 0.000703s

Job #1 took 1.432 sec after waiting 4.469 sec for setup

(Thread 0 is processing Job #1)
(Thread 0 is setting up Job #2)

Running Job #2:
    Device: NVIDIA A100-SXM4-40GB
    Grid map file: ./protein.maps.fld
    Ligand file: ./ligand_2_2.pdbqt
    Output file: docking_result_2.dlg (+ xml)
    Using heuristics: (capped) number of evaluations set to 2068966
    Local-search chosen method is: ADADELTA (ad)

Rest of Setup time 0.305947s

Executing docking runs, stopping automatically after either reaching 0.15 kcal/mol standard deviation of
the best molecules of the last 4 * 5 generations, 42000 generations, or 2068966 evaluations:

Generations |  Evaluations |     Threshold    |  Average energy of best 10%  | Samples | Best Inter + Intra
------------+--------------+------------------+------------------------------+---------+-------------------
          0 |          150 |   -1.79 kcal/mol |   -2.61 +/-    0.27 kcal/mol |       5 |   -3.08 kcal/mol
          5 |       106042 |   -1.79 kcal/mol |   -5.33 +/-    1.67 kcal/mol |     796 |  -11.47 kcal/mol
         10 |       212049 |   -5.30 kcal/mol |  -10.04 +/-    1.09 kcal/mol |      39 |  -11.71 kcal/mol
         15 |       321960 |   -9.63 kcal/mol |  -12.30 +/-    0.36 kcal/mol |       4 |  -12.59 kcal/mol
         20 |       433408 |  -10.94 kcal/mol |  -12.50 +/-    0.68 kcal/mol |      12 |  -13.64 kcal/mol
         25 |       543944 |  -11.65 kcal/mol |  -13.39 +/-    0.33 kcal/mol |       8 |  -14.08 kcal/mol
         30 |       657415 |  -12.76 kcal/mol |  -13.75 +/-    0.23 kcal/mol |       6 |  -14.08 kcal/mol
         35 |       770656 |  -13.17 kcal/mol |  -13.66 +/-    0.22 kcal/mol |       6 |  -14.08 kcal/mol
         40 |       885939 |  -13.10 kcal/mol |  -13.97 +/-    0.31 kcal/mol |       5 |  -14.53 kcal/mol
         45 |      1000568 |  -13.05 kcal/mol |  -14.35 +/-    0.51 kcal/mol |       7 |  -14.99 kcal/mol
         50 |      1115246 |  -13.26 kcal/mol |  -14.55 +/-    0.37 kcal/mol |       4 |  -15.00 kcal/mol
         55 |      1227658 |  -13.17 kcal/mol |  -14.38 +/-    0.44 kcal/mol |       6 |  -15.00 kcal/mol
         60 |      1339579 |  -13.28 kcal/mol |  -14.45 +/-    0.41 kcal/mol |       5 |  -15.00 kcal/mol
         65 |      1456133 |  -13.21 kcal/mol |  -14.16 +/-    0.46 kcal/mol |       5 |  -15.00 kcal/mol
         70 |      1575113 |  -12.77 kcal/mol |  -14.25 +/-    0.41 kcal/mol |       5 |  -15.00 kcal/mol
         75 |      1693122 |  -13.01 kcal/mol |  -14.26 +/-    0.39 kcal/mol |       5 |  -15.01 kcal/mol
         80 |      1810886 |  -13.08 kcal/mol |  -14.27 +/-    0.45 kcal/mol |       4 |  -15.01 kcal/mol
         85 |      1929807 |  -12.58 kcal/mol |  -14.03 +/-    0.38 kcal/mol |      12 |  -15.01 kcal/mol
         90 |      2050494 |  -13.55 kcal/mol |  -14.67 +/-    0.30 kcal/mol |       4 |  -15.01 kcal/mol
         91 |      2074647 |  -13.54 kcal/mol |  -14.75 +/-    0.27 kcal/mol |       7 |  -15.01 kcal/mol
------------+--------------+------------------+------------------------------+---------+-------------------

                                   Finished evaluation after reaching
                       2074647 evaluations. Best inter + intra   -15.01 kcal/mol.


Shutdown time 0.000689s

Job #2 took 1.311 sec after waiting 0.063 sec for setup

(Thread 0 is processing Job #2)
(Thread 0 is setting up Job #3)

Running Job #3:
    Device: NVIDIA A100-SXM4-40GB
    Grid map file: ./protein.maps.fld
    Ligand file: ./ligand_3_3.pdbqt
    Output file: docking_result_3.dlg (+ xml)
    Using heuristics: (capped) number of evaluations set to 7973093
    Overriding heuristics, setting number of evaluations to --nev = 2500000 instead.
    Warning: The set number of evals is 10.52% of the uncapped heuristics estimate of 23759450 evals.
             This means this docking may not be able to converge. Increasing --heurmax may improve
             convergence but will also increase runtime.
             AutoStop will not stop before 76.79% (1919714) of the set number of evaluations.
    Local-search chosen method is: ADADELTA (ad)

Rest of Setup time 0.306143s

Executing docking runs, stopping automatically after either reaching 0.15 kcal/mol standard deviation of
the best molecules of the last 4 * 5 generations, 42000 generations, or 2500000 evaluations:

Generations |  Evaluations |     Threshold    |  Average energy of best 10%  | Samples | Best Inter + Intra
------------+--------------+------------------+------------------------------+---------+-------------------
          0 |          150 |  244.78 kcal/mol |  157.00 +/-   23.41 kcal/mol |       4 |  116.90 kcal/mol
          5 |       112941 |  244.78 kcal/mol |    9.15 +/-   24.87 kcal/mol |    1122 |  -10.46 kcal/mol
         10 |       214980 |    9.48 kcal/mol |   -9.83 +/-    0.50 kcal/mol |       5 |  -10.46 kcal/mol
         15 |       317369 |   -8.34 kcal/mol |  -10.07 +/-    0.86 kcal/mol |       7 |  -12.01 kcal/mol
         20 |       419507 |   -8.23 kcal/mol |  -11.11 +/-    1.38 kcal/mol |       4 |  -12.88 kcal/mol
         25 |       519866 |   -5.95 kcal/mol |  -10.07 +/-    1.16 kcal/mol |      11 |  -12.88 kcal/mol
         30 |       620406 |   -8.50 kcal/mol |  -12.48 +/-    0.71 kcal/mol |       7 |  -13.80 kcal/mol
         35 |       720803 |  -10.97 kcal/mol |  -12.77 +/-    0.88 kcal/mol |       3 |  -13.80 kcal/mol
         40 |       817898 |   -8.35 kcal/mol |  -11.16 +/-    0.99 kcal/mol |      14 |  -13.80 kcal/mol
         45 |       914581 |  -10.10 kcal/mol |  -12.80 +/-    0.77 kcal/mol |       4 |  -13.80 kcal/mol
         50 |      1009033 |   -9.92 kcal/mol |  -12.21 +/-    0.84 kcal/mol |       6 |  -13.80 kcal/mol
         55 |      1102808 |  -10.11 kcal/mol |  -13.02 +/-    0.40 kcal/mol |       5 |  -13.80 kcal/mol
         60 |      1196186 |  -11.83 kcal/mol |  -13.11 +/-    0.49 kcal/mol |       3 |  -13.80 kcal/mol
         65 |      1289991 |  -10.65 kcal/mol |  -13.28 +/-    0.52 kcal/mol |       4 |  -13.80 kcal/mol
         70 |      1380522 |  -11.34 kcal/mol |  -13.00 +/-    0.47 kcal/mol |       4 |  -13.80 kcal/mol
         75 |      1469070 |  -11.24 kcal/mol |  -13.18 +/-    0.43 kcal/mol |       4 |  -13.80 kcal/mol
         80 |      1559236 |  -11.56 kcal/mol |  -12.92 +/-    0.80 kcal/mol |       4 |  -13.80 kcal/mol
         85 |      1649356 |   -9.91 kcal/mol |  -12.95 +/-    0.73 kcal/mol |       9 |  -13.80 kcal/mol
         90 |      1739870 |  -11.73 kcal/mol |  -13.16 +/-    0.58 kcal/mol |       4 |  -13.80 kcal/mol
         95 |      1827680 |  -10.98 kcal/mol |  -13.10 +/-    0.67 kcal/mol |       4 |  -13.80 kcal/mol
        100 |      1916955 |  -10.59 kcal/mol |  -13.47 +/-    0.35 kcal/mol |       4 |  -13.80 kcal/mol
        105 |      2002328 |  -12.16 kcal/mol |  -13.30 +/-    0.41 kcal/mol |       4 |  -13.80 kcal/mol
        110 |      2085612 |  -11.76 kcal/mol |  -13.48 +/-    0.35 kcal/mol |       4 |  -13.80 kcal/mol
        115 |      2168261 |  -12.16 kcal/mol |  -13.19 +/-    0.56 kcal/mol |       4 |  -13.80 kcal/mol
        120 |      2250140 |  -11.10 kcal/mol |  -13.45 +/-    0.27 kcal/mol |       4 |  -13.80 kcal/mol
        125 |      2333396 |  -12.42 kcal/mol |  -13.58 +/-    0.16 kcal/mol |       4 |  -13.80 kcal/mol
        130 |      2413845 |  -12.97 kcal/mol |  -13.83 +/-    0.31 kcal/mol |       4 |  -14.19 kcal/mol
        135 |      2495626 |  -12.68 kcal/mol |  -13.83 +/-    0.31 kcal/mol |       4 |  -14.19 kcal/mol
        136 |      2511800 |  -12.68 kcal/mol |  -13.85 +/-    0.29 kcal/mol |       9 |  -14.19 kcal/mol
------------+--------------+------------------+------------------------------+---------+-------------------

                                   Finished evaluation after reaching
                       2511800 evaluations. Best inter + intra   -14.19 kcal/mol.


Shutdown time 0.000716s

Job #3 took 1.864 sec after waiting 0.051 sec for setup

(Thread 0 is processing Job #3)
Run time of entire job set (3 files): 9.255 sec
Savings from multithreading: -0.000 sec
Idle time of execution thread: 4.647 sec

All jobs (3) ran without errors.
