AutoDock-GPU version: v1.6-7-ga46ab564d2ac5f1a1523f65239b43505a1c29364-dirty

Using 1 OpenMP threads

Running 7 docking calculations

Cuda device:                              NVIDIA A100-SXM4-40GB
Available memory on device:               39916 MB (total: 40339 MB)

CUDA Setup time 0.232428s
(Thread 0 is setting up Job #1)

Running Job #1:
    Device: NVIDIA A100-SXM4-40GB
    Grid map file: ./protein.maps.fld
    Ligand file: ./ligand_1_1.pdbqt
    Output file: docking_result_1.dlg (+ xml)
    Using heuristics: (capped) number of evaluations set to 4195460
    Overriding heuristics, setting number of evaluations to --nev = 2500000 instead.
    Warning: The set number of evals is 38.75% of the uncapped heuristics estimate of 6450800 evals.
             This means this docking may not be able to converge. Increasing --heurmax may improve
             convergence but will also increase runtime.
             AutoStop will not stop before 17.33% (433129) of the set number of evaluations.
    Local-search chosen method is: ADADELTA (ad)

Rest of Setup time 0.309140s

Executing docking runs, stopping automatically after either reaching 0.15 kcal/mol standard deviation of
the best molecules of the last 4 * 5 generations, 42000 generations, or 2500000 evaluations:

Generations |  Evaluations |     Threshold    |  Average energy of best 10%  | Samples | Best Inter + Intra
------------+--------------+------------------+------------------------------+---------+-------------------
          0 |          150 |   -1.55 kcal/mol |   -2.46 +/-    0.32 kcal/mol |       6 |   -3.03 kcal/mol
          5 |       121618 |   -1.66 kcal/mol |   -5.77 +/-    1.98 kcal/mol |    1055 |  -12.57 kcal/mol
         10 |       243305 |   -5.74 kcal/mol |  -10.90 +/-    1.10 kcal/mol |      48 |  -14.20 kcal/mol
         15 |       365580 |  -10.55 kcal/mol |  -13.77 +/-    0.37 kcal/mol |       9 |  -14.20 kcal/mol
         20 |       488959 |  -13.15 kcal/mol |  -14.24 +/-    0.07 kcal/mol |       5 |  -14.34 kcal/mol
         25 |       611825 |  -13.79 kcal/mol |  -14.48 +/-    0.31 kcal/mol |       5 |  -15.01 kcal/mol
         30 |       735878 |  -13.55 kcal/mol |  -14.47 +/-    0.34 kcal/mol |       7 |  -15.02 kcal/mol
         35 |       859388 |  -13.73 kcal/mol |  -14.50 +/-    0.29 kcal/mol |       5 |  -15.06 kcal/mol
         40 |       983519 |  -13.63 kcal/mol |  -14.67 +/-    0.26 kcal/mol |       4 |  -15.06 kcal/mol
         45 |      1105700 |  -13.71 kcal/mol |  -14.80 +/-    0.21 kcal/mol |       6 |  -15.06 kcal/mol
         50 |      1229829 |  -14.27 kcal/mol |  -14.99 +/-    0.15 kcal/mol |       4 |  -15.19 kcal/mol
         55 |      1353464 |  -14.42 kcal/mol |  -15.04 +/-    0.20 kcal/mol |      11 |  -15.29 kcal/mol
         60 |      1473841 |  -14.77 kcal/mol |  -15.28 +/-    0.10 kcal/mol |       7 |  -15.49 kcal/mol
         65 |      1599281 |  -15.08 kcal/mol |  -15.30 +/-    0.14 kcal/mol |       9 |  -15.51 kcal/mol
         70 |      1723737 |  -15.07 kcal/mol |  -15.54 +/-    0.15 kcal/mol |       5 |  -15.80 kcal/mol
         75 |      1849956 |  -15.10 kcal/mol |  -15.58 +/-    0.17 kcal/mol |       5 |  -15.90 kcal/mol
         80 |      1975299 |  -15.07 kcal/mol |  -15.56 +/-    0.18 kcal/mol |      10 |  -15.90 kcal/mol
         85 |      2101896 |  -15.28 kcal/mol |  -15.61 +/-    0.15 kcal/mol |       9 |  -15.90 kcal/mol
         90 |      2228151 |  -15.36 kcal/mol |  -15.58 +/-    0.14 kcal/mol |       8 |  -15.90 kcal/mol
         95 |      2354408 |  -15.32 kcal/mol |  -15.64 +/-    0.15 kcal/mol |       4 |  -15.90 kcal/mol
        100 |      2478538 |  -15.07 kcal/mol |  -15.54 +/-    0.18 kcal/mol |       8 |  -15.90 kcal/mol
        101 |      2503444 |  -15.21 kcal/mol |  -15.59 +/-    0.15 kcal/mol |      13 |  -15.90 kcal/mol
------------+--------------+------------------+------------------------------+---------+-------------------

                                   Finished evaluation after reaching
                       2503444 evaluations. Best inter + intra   -15.90 kcal/mol.


Shutdown time 0.000668s

Job #1 took 1.440 sec after waiting 4.470 sec for setup

(Thread 0 is processing Job #1)
(Thread 0 is setting up Job #2)

Running Job #2:
    Device: NVIDIA A100-SXM4-40GB
    Grid map file: ./protein.maps.fld
    Ligand file: ./ligand_2_2.pdbqt
    Output file: docking_result_2.dlg (+ xml)
    Using heuristics: (capped) number of evaluations set to 2068966
    Local-search chosen method is: ADADELTA (ad)

Rest of Setup time 0.304779s

Executing docking runs, stopping automatically after either reaching 0.15 kcal/mol standard deviation of
the best molecules of the last 4 * 5 generations, 42000 generations, or 2068966 evaluations:

Generations |  Evaluations |     Threshold    |  Average energy of best 10%  | Samples | Best Inter + Intra
------------+--------------+------------------+------------------------------+---------+-------------------
          0 |          150 |   -2.17 kcal/mol |   -2.85 +/-    0.18 kcal/mol |       4 |   -3.11 kcal/mol
          5 |       112244 |   -2.17 kcal/mol |   -5.13 +/-    1.62 kcal/mol |     771 |  -11.67 kcal/mol
         10 |       228956 |   -5.10 kcal/mol |   -9.55 +/-    1.07 kcal/mol |      27 |  -11.78 kcal/mol
         15 |       347373 |   -8.96 kcal/mol |  -11.76 +/-    0.37 kcal/mol |       7 |  -12.24 kcal/mol
         20 |       465995 |  -10.97 kcal/mol |  -11.96 +/-    0.24 kcal/mol |       5 |  -12.26 kcal/mol
         25 |       585722 |  -11.23 kcal/mol |  -11.76 +/-    0.18 kcal/mol |      10 |  -12.26 kcal/mol
         30 |       704361 |  -11.49 kcal/mol |  -11.83 +/-    0.19 kcal/mol |      16 |  -12.26 kcal/mol
         35 |       826280 |  -11.64 kcal/mol |  -12.14 +/-    0.13 kcal/mol |       6 |  -12.32 kcal/mol
         40 |       946550 |  -11.81 kcal/mol |  -12.07 +/-    0.18 kcal/mol |      10 |  -12.33 kcal/mol
         45 |      1068541 |  -11.79 kcal/mol |  -12.27 +/-    0.13 kcal/mol |       8 |  -12.51 kcal/mol
         50 |      1192974 |  -12.02 kcal/mol |  -12.24 +/-    0.14 kcal/mol |      11 |  -12.62 kcal/mol
         55 |      1315319 |  -12.05 kcal/mol |  -12.38 +/-    0.13 kcal/mol |       9 |  -12.62 kcal/mol
         60 |      1436574 |  -12.16 kcal/mol |  -12.39 +/-    0.13 kcal/mol |      10 |  -12.62 kcal/mol
         65 |      1560845 |  -12.19 kcal/mol |  -12.44 +/-    0.13 kcal/mol |       9 |  -12.62 kcal/mol
         70 |      1686765 |  -12.23 kcal/mol |  -12.43 +/-    0.13 kcal/mol |       6 |  -12.62 kcal/mol
------------+--------------+------------------+------------------------------+---------+-------------------

                                   Finished evaluation after reaching
                                  -12.41 +/-    0.13 kcal/mol combined.
                             34 samples, best inter + intra   -12.62 kcal/mol.


Shutdown time 0.000745s

Job #2 took 0.908 sec after waiting 0.048 sec for setup

(Thread 0 is processing Job #2)
(Thread 0 is setting up Job #3)

Running Job #3:
    Device: NVIDIA A100-SXM4-40GB
    Grid map file: ./protein.maps.fld
    Ligand file: ./ligand_3_3.pdbqt
    Output file: docking_result_3.dlg (+ xml)
    Using heuristics: (capped) number of evaluations set to 3487417
    Overriding heuristics, setting number of evaluations to --nev = 2500000 instead.
    Local-search chosen method is: ADADELTA (ad)

Rest of Setup time 0.306132s

Executing docking runs, stopping automatically after either reaching 0.15 kcal/mol standard deviation of
the best molecules of the last 4 * 5 generations, 42000 generations, or 2500000 evaluations:

Generations |  Evaluations |     Threshold    |  Average energy of best 10%  | Samples | Best Inter + Intra
------------+--------------+------------------+------------------------------+---------+-------------------
          0 |          150 |   -2.26 kcal/mol |   -2.65 +/-    0.13 kcal/mol |       5 |   -2.88 kcal/mol
          5 |       141611 |   -2.26 kcal/mol |   -5.57 +/-    1.60 kcal/mol |    1131 |  -11.05 kcal/mol
         10 |       281281 |   -5.55 kcal/mol |   -9.85 +/-    0.79 kcal/mol |      44 |  -11.32 kcal/mol
         15 |       420520 |   -9.58 kcal/mol |  -11.42 +/-    0.19 kcal/mol |       8 |  -11.82 kcal/mol
         20 |       557116 |  -11.06 kcal/mol |  -11.38 +/-    0.20 kcal/mol |       9 |  -11.83 kcal/mol
         25 |       692360 |  -11.05 kcal/mol |  -11.56 +/-    0.16 kcal/mol |      12 |  -11.83 kcal/mol
         30 |       829892 |  -11.36 kcal/mol |  -12.11 +/-    0.32 kcal/mol |       8 |  -12.63 kcal/mol
         35 |       967259 |  -11.52 kcal/mol |  -12.19 +/-    0.24 kcal/mol |       5 |  -12.63 kcal/mol
         40 |      1100293 |  -11.49 kcal/mol |  -12.29 +/-    0.30 kcal/mol |       7 |  -12.63 kcal/mol
         45 |      1229356 |  -11.65 kcal/mol |  -12.24 +/-    0.24 kcal/mol |       4 |  -12.63 kcal/mol
         50 |      1358205 |  -11.34 kcal/mol |  -12.10 +/-    0.20 kcal/mol |      11 |  -12.63 kcal/mol
         55 |      1490231 |  -11.83 kcal/mol |  -12.09 +/-    0.19 kcal/mol |      15 |  -12.63 kcal/mol
         60 |      1623642 |  -11.90 kcal/mol |  -12.60 +/-    0.20 kcal/mol |       6 |  -12.81 kcal/mol
         65 |      1758702 |  -12.10 kcal/mol |  -12.59 +/-    0.15 kcal/mol |       5 |  -12.83 kcal/mol
         70 |      1894242 |  -12.14 kcal/mol |  -12.65 +/-    0.13 kcal/mol |       7 |  -12.86 kcal/mol
         75 |      2029410 |  -12.36 kcal/mol |  -12.77 +/-    0.12 kcal/mol |       8 |  -13.03 kcal/mol
         80 |      2161987 |  -12.53 kcal/mol |  -12.77 +/-    0.18 kcal/mol |       5 |  -13.07 kcal/mol
         85 |      2295613 |  -12.24 kcal/mol |  -12.78 +/-    0.17 kcal/mol |       5 |  -13.07 kcal/mol
         90 |      2430418 |  -12.26 kcal/mol |  -12.84 +/-    0.18 kcal/mol |       6 |  -13.09 kcal/mol
         93 |      2513314 |  -12.38 kcal/mol |  -12.80 +/-    0.17 kcal/mol |      15 |  -13.09 kcal/mol
------------+--------------+------------------+------------------------------+---------+-------------------

                                   Finished evaluation after reaching
                       2513314 evaluations. Best inter + intra   -13.09 kcal/mol.


Shutdown time 0.000646s

Job #3 took 1.068 sec after waiting 0.036 sec for setup

(Thread 0 is processing Job #3)
(Thread 0 is setting up Job #4)

Running Job #4:
    Device: NVIDIA A100-SXM4-40GB
    Grid map file: ./protein.maps.fld
    Ligand file: ./ligand_4_4.pdbqt
    Output file: docking_result_4.dlg (+ xml)
    Using heuristics: (capped) number of evaluations set to 2845257
    Overriding heuristics, setting number of evaluations to --nev = 2500000 instead.
    Local-search chosen method is: ADADELTA (ad)

Rest of Setup time 0.303812s

Executing docking runs, stopping automatically after either reaching 0.15 kcal/mol standard deviation of
the best molecules of the last 4 * 5 generations, 42000 generations, or 2500000 evaluations:

Generations |  Evaluations |     Threshold    |  Average energy of best 10%  | Samples | Best Inter + Intra
------------+--------------+------------------+------------------------------+---------+-------------------
          0 |          150 |   -1.56 kcal/mol |   -2.58 +/-    0.32 kcal/mol |       5 |   -3.16 kcal/mol
          5 |       136630 |   -1.61 kcal/mol |   -5.68 +/-    1.94 kcal/mol |    1128 |  -12.06 kcal/mol
         10 |       270697 |   -5.65 kcal/mol |  -11.06 +/-    1.26 kcal/mol |      34 |  -14.61 kcal/mol
         15 |       409980 |  -10.51 kcal/mol |  -14.18 +/-    0.72 kcal/mol |       7 |  -15.24 kcal/mol
         20 |       548354 |  -12.64 kcal/mol |  -14.59 +/-    0.37 kcal/mol |       6 |  -15.24 kcal/mol
         25 |       685699 |  -13.67 kcal/mol |  -15.01 +/-    0.24 kcal/mol |       4 |  -15.24 kcal/mol
         30 |       822032 |  -14.13 kcal/mol |  -15.01 +/-    0.16 kcal/mol |       7 |  -15.24 kcal/mol
         35 |       956448 |  -14.67 kcal/mol |  -15.05 +/-    0.16 kcal/mol |       5 |  -15.24 kcal/mol
         40 |      1089690 |  -14.56 kcal/mol |  -15.12 +/-    0.22 kcal/mol |       7 |  -15.54 kcal/mol
         45 |      1222606 |  -14.65 kcal/mol |  -15.39 +/-    0.16 kcal/mol |       6 |  -15.59 kcal/mol
         50 |      1355799 |  -14.99 kcal/mol |  -15.23 +/-    0.18 kcal/mol |       6 |  -15.59 kcal/mol
         55 |      1487086 |  -14.79 kcal/mol |  -15.21 +/-    0.19 kcal/mol |      14 |  -15.67 kcal/mol
         60 |      1618830 |  -15.00 kcal/mol |  -15.22 +/-    0.19 kcal/mol |       8 |  -15.67 kcal/mol
         65 |      1753256 |  -14.86 kcal/mol |  -15.34 +/-    0.15 kcal/mol |       6 |  -15.67 kcal/mol
         70 |      1887240 |  -14.96 kcal/mol |  -15.42 +/-    0.17 kcal/mol |       7 |  -15.67 kcal/mol
         75 |      2019442 |  -15.06 kcal/mol |  -15.62 +/-    0.12 kcal/mol |       5 |  -15.82 kcal/mol
         80 |      2151856 |  -15.27 kcal/mol |  -15.73 +/-    0.06 kcal/mol |       3 |  -15.82 kcal/mol
         85 |      2284293 |  -14.98 kcal/mol |  -15.69 +/-    0.14 kcal/mol |      10 |  -15.84 kcal/mol
         90 |      2418241 |  -15.49 kcal/mol |  -15.71 +/-    0.13 kcal/mol |       7 |  -16.00 kcal/mol
         94 |      2523432 |  -15.43 kcal/mol |  -15.74 +/-    0.14 kcal/mol |      10 |  -16.00 kcal/mol
------------+--------------+------------------+------------------------------+---------+-------------------

                                   Finished evaluation after reaching
                       2523432 evaluations. Best inter + intra   -16.00 kcal/mol.


Shutdown time 0.000758s

Job #4 took 1.194 sec after waiting 0.031 sec for setup

(Thread 0 is processing Job #4)
(Thread 0 is setting up Job #5)

Running Job #5:
    Device: NVIDIA A100-SXM4-40GB
    Grid map file: ./protein.maps.fld
    Ligand file: ./ligand_5_5.pdbqt
    Output file: docking_result_5.dlg (+ xml)
    Using heuristics: (capped) number of evaluations set to 2280181
    Local-search chosen method is: ADADELTA (ad)

Rest of Setup time 0.307009s

Executing docking runs, stopping automatically after either reaching 0.15 kcal/mol standard deviation of
the best molecules of the last 4 * 5 generations, 42000 generations, or 2280181 evaluations:

Generations |  Evaluations |     Threshold    |  Average energy of best 10%  | Samples | Best Inter + Intra
------------+--------------+------------------+------------------------------+---------+-------------------
          0 |          150 |   -2.00 kcal/mol |   -2.32 +/-    0.15 kcal/mol |       7 |   -2.48 kcal/mol
          5 |       130656 |   -2.00 kcal/mol |   -4.84 +/-    1.46 kcal/mol |     874 |  -10.28 kcal/mol
         10 |       258241 |   -4.82 kcal/mol |   -8.58 +/-    0.78 kcal/mol |      50 |  -10.44 kcal/mol
         15 |       386540 |   -8.35 kcal/mol |  -10.70 +/-    0.64 kcal/mol |      21 |  -11.74 kcal/mol
         20 |       515087 |  -10.25 kcal/mol |  -11.54 +/-    0.34 kcal/mol |       5 |  -12.20 kcal/mol
         25 |       643708 |  -10.51 kcal/mol |  -11.89 +/-    0.33 kcal/mol |       6 |  -12.28 kcal/mol
         30 |       771777 |  -11.05 kcal/mol |  -11.95 +/-    0.31 kcal/mol |       4 |  -12.31 kcal/mol
         35 |       895231 |  -10.77 kcal/mol |  -11.77 +/-    0.27 kcal/mol |      13 |  -12.31 kcal/mol
         40 |      1019893 |  -11.45 kcal/mol |  -12.23 +/-    0.10 kcal/mol |       5 |  -12.31 kcal/mol
         45 |      1142317 |  -11.93 kcal/mol |  -12.22 +/-    0.08 kcal/mol |       6 |  -12.31 kcal/mol
         50 |      1263084 |  -12.01 kcal/mol |  -12.20 +/-    0.11 kcal/mol |       8 |  -12.31 kcal/mol
         55 |      1385701 |  -11.99 kcal/mol |  -12.27 +/-    0.05 kcal/mol |       8 |  -12.32 kcal/mol
         60 |      1505643 |  -11.99 kcal/mol |  -12.25 +/-    0.06 kcal/mol |       7 |  -12.32 kcal/mol
         65 |      1629255 |  -11.93 kcal/mol |  -12.22 +/-    0.10 kcal/mol |      14 |  -12.32 kcal/mol
------------+--------------+------------------+------------------------------+---------+-------------------

                                   Finished evaluation after reaching
                                  -12.23 +/-    0.09 kcal/mol combined.
                             37 samples, best inter + intra   -12.32 kcal/mol.


Shutdown time 0.000643s

Job #5 took 0.850 sec after waiting 0.035 sec for setup

(Thread 0 is processing Job #5)
(Thread 0 is setting up Job #6)

Running Job #6:
    Device: NVIDIA A100-SXM4-40GB
    Grid map file: ./protein.maps.fld
    Ligand file: ./ligand_6_6.pdbqt
    Output file: docking_result_6.dlg (+ xml)
    Using heuristics: (capped) number of evaluations set to 2068966
    Local-search chosen method is: ADADELTA (ad)

Rest of Setup time 0.304303s

Executing docking runs, stopping automatically after either reaching 0.15 kcal/mol standard deviation of
the best molecules of the last 4 * 5 generations, 42000 generations, or 2068966 evaluations:

Generations |  Evaluations |     Threshold    |  Average energy of best 10%  | Samples | Best Inter + Intra
------------+--------------+------------------+------------------------------+---------+-------------------
          0 |          150 |   -1.93 kcal/mol |   -2.98 +/-    0.33 kcal/mol |       5 |   -3.38 kcal/mol
          5 |       135802 |   -1.98 kcal/mol |   -5.42 +/-    1.56 kcal/mol |     940 |  -11.86 kcal/mol
         10 |       268925 |   -5.39 kcal/mol |   -9.69 +/-    1.02 kcal/mol |      60 |  -12.43 kcal/mol
         15 |       405352 |   -9.43 kcal/mol |  -12.29 +/-    0.30 kcal/mol |       8 |  -12.64 kcal/mol
         20 |       543086 |  -11.73 kcal/mol |  -12.43 +/-    0.15 kcal/mol |       9 |  -12.70 kcal/mol
         25 |       680369 |  -12.19 kcal/mol |  -12.53 +/-    0.14 kcal/mol |      10 |  -12.72 kcal/mol
         30 |       817048 |  -12.32 kcal/mol |  -12.60 +/-    0.14 kcal/mol |      11 |  -12.81 kcal/mol
         35 |       952099 |  -12.41 kcal/mol |  -12.63 +/-    0.10 kcal/mol |      13 |  -12.81 kcal/mol
         40 |      1084720 |  -12.51 kcal/mol |  -12.73 +/-    0.09 kcal/mol |       8 |  -12.91 kcal/mol
         45 |      1216907 |  -12.55 kcal/mol |  -12.72 +/-    0.09 kcal/mol |      15 |  -12.91 kcal/mol
         50 |      1347015 |  -12.63 kcal/mol |  -12.78 +/-    0.08 kcal/mol |      10 |  -12.91 kcal/mol
         55 |      1478221 |  -12.67 kcal/mol |  -12.79 +/-    0.07 kcal/mol |      12 |  -12.91 kcal/mol
------------+--------------+------------------+------------------------------+---------+-------------------

                                   Finished evaluation after reaching
                                  -12.75 +/-    0.09 kcal/mol combined.
                             45 samples, best inter + intra   -12.91 kcal/mol.


Shutdown time 0.000620s

Job #6 took 0.785 sec after waiting 0.031 sec for setup

(Thread 0 is processing Job #6)
(Thread 0 is setting up Job #7)

Running Job #7:
    Device: NVIDIA A100-SXM4-40GB
    Grid map file: ./protein.maps.fld
    Ligand file: ./ligand_7_7.pdbqt
    Output file: docking_result_7.dlg (+ xml)
    Using heuristics: (capped) number of evaluations set to 2068966
    Local-search chosen method is: ADADELTA (ad)

Rest of Setup time 0.303088s

Executing docking runs, stopping automatically after either reaching 0.15 kcal/mol standard deviation of
the best molecules of the last 4 * 5 generations, 42000 generations, or 2068966 evaluations:

Generations |  Evaluations |     Threshold    |  Average energy of best 10%  | Samples | Best Inter + Intra
------------+--------------+------------------+------------------------------+---------+-------------------
          0 |          150 |   -0.51 kcal/mol |   -2.05 +/-    0.47 kcal/mol |      16 |   -3.45 kcal/mol
          5 |       129257 |   -1.61 kcal/mol |   -4.77 +/-    1.25 kcal/mol |     854 |   -9.67 kcal/mol
         10 |       258097 |   -4.75 kcal/mol |   -8.08 +/-    0.77 kcal/mol |      44 |  -10.24 kcal/mol
         15 |       388346 |   -7.82 kcal/mol |   -9.89 +/-    0.38 kcal/mol |       9 |  -10.83 kcal/mol
         20 |       516990 |   -9.25 kcal/mol |  -10.31 +/-    0.28 kcal/mol |       7 |  -10.89 kcal/mol
         25 |       646933 |   -9.71 kcal/mol |  -10.50 +/-    0.16 kcal/mol |       9 |  -10.89 kcal/mol
         30 |       774712 |  -10.24 kcal/mol |  -10.55 +/-    0.15 kcal/mol |       8 |  -10.89 kcal/mol
         35 |       902492 |  -10.27 kcal/mol |  -10.62 +/-    0.14 kcal/mol |       6 |  -10.89 kcal/mol
         40 |      1029512 |  -10.28 kcal/mol |  -11.05 +/-    0.40 kcal/mol |      11 |  -11.97 kcal/mol
         45 |      1157264 |  -10.51 kcal/mol |  -11.50 +/-    0.37 kcal/mol |       4 |  -11.97 kcal/mol
         50 |      1284248 |  -10.13 kcal/mol |  -11.42 +/-    0.45 kcal/mol |       9 |  -12.07 kcal/mol
         55 |      1409229 |  -10.68 kcal/mol |  -11.95 +/-    0.15 kcal/mol |       4 |  -12.07 kcal/mol
         60 |      1534519 |  -11.40 kcal/mol |  -11.98 +/-    0.11 kcal/mol |       4 |  -12.07 kcal/mol
         65 |      1662147 |  -11.56 kcal/mol |  -12.05 +/-    0.01 kcal/mol |       4 |  -12.07 kcal/mol
         70 |      1786435 |  -11.49 kcal/mol |  -11.82 +/-    0.20 kcal/mol |       5 |  -12.07 kcal/mol
         75 |      1909750 |  -11.22 kcal/mol |  -11.92 +/-    0.23 kcal/mol |       4 |  -12.07 kcal/mol
         80 |      2032704 |  -11.06 kcal/mol |  -11.88 +/-    0.19 kcal/mol |       9 |  -12.08 kcal/mol
         82 |      2080702 |  -11.56 kcal/mol |  -11.92 +/-    0.19 kcal/mol |      11 |  -12.08 kcal/mol
------------+--------------+------------------+------------------------------+---------+-------------------

                                   Finished evaluation after reaching
                       2080702 evaluations. Best inter + intra   -12.08 kcal/mol.


Shutdown time 0.000651s

Job #7 took 0.847 sec after waiting 0.031 sec for setup

(Thread 0 is processing Job #7)
Run time of entire job set (7 files): 11.796 sec
Savings from multithreading: -0.001 sec
Idle time of execution thread: 4.703 sec

All jobs (7) ran without errors.
