AutoDock-GPU version: v1.6-7-ga46ab564d2ac5f1a1523f65239b43505a1c29364-dirty

Using 1 OpenMP threads

Running 4 docking calculations

Cuda device:                              NVIDIA A100-SXM4-40GB
Available memory on device:               39916 MB (total: 40339 MB)

CUDA Setup time 0.233241s
(Thread 0 is setting up Job #1)

Running Job #1:
    Device: NVIDIA A100-SXM4-40GB
    Grid map file: ./protein.maps.fld
    Ligand file: ./ligand_1_1.pdbqt
    Output file: docking_result_1.dlg (+ xml)
    Using heuristics: (capped) number of evaluations set to 2068966
    Local-search chosen method is: ADADELTA (ad)

Rest of Setup time 0.307564s

Executing docking runs, stopping automatically after either reaching 0.15 kcal/mol standard deviation of
the best molecules of the last 4 * 5 generations, 42000 generations, or 2068966 evaluations:

Generations |  Evaluations |     Threshold    |  Average energy of best 10%  | Samples | Best Inter + Intra
------------+--------------+------------------+------------------------------+---------+-------------------
          0 |          150 |   -2.26 kcal/mol |   -2.91 +/-    0.22 kcal/mol |       5 |   -3.24 kcal/mol
          5 |        96857 |   -2.26 kcal/mol |   -5.15 +/-    1.56 kcal/mol |     709 |  -11.08 kcal/mol
         10 |       194502 |   -5.12 kcal/mol |   -9.32 +/-    0.84 kcal/mol |      39 |  -11.90 kcal/mol
         15 |       299352 |   -9.00 kcal/mol |  -11.20 +/-    0.48 kcal/mol |       6 |  -12.18 kcal/mol
         20 |       407690 |  -10.00 kcal/mol |  -11.54 +/-    0.47 kcal/mol |       6 |  -12.18 kcal/mol
         25 |       515423 |  -10.37 kcal/mol |  -11.99 +/-    0.34 kcal/mol |      10 |  -12.50 kcal/mol
         30 |       622253 |  -11.48 kcal/mol |  -12.37 +/-    0.38 kcal/mol |       4 |  -12.87 kcal/mol
         35 |       731769 |  -10.95 kcal/mol |  -12.45 +/-    0.41 kcal/mol |       6 |  -13.05 kcal/mol
         40 |       840816 |  -11.43 kcal/mol |  -12.23 +/-    0.51 kcal/mol |       4 |  -13.05 kcal/mol
         45 |       949216 |  -10.33 kcal/mol |  -12.10 +/-    0.58 kcal/mol |      23 |  -13.11 kcal/mol
         50 |      1059212 |  -11.72 kcal/mol |  -12.62 +/-    0.53 kcal/mol |       4 |  -13.15 kcal/mol
         55 |      1170719 |  -10.64 kcal/mol |  -12.20 +/-    0.53 kcal/mol |       9 |  -13.15 kcal/mol
         60 |      1280535 |  -11.33 kcal/mol |  -12.80 +/-    0.30 kcal/mol |       4 |  -13.15 kcal/mol
         65 |      1391785 |  -11.66 kcal/mol |  -12.64 +/-    0.30 kcal/mol |       8 |  -13.15 kcal/mol
         70 |      1503357 |  -12.07 kcal/mol |  -12.80 +/-    0.21 kcal/mol |       4 |  -13.15 kcal/mol
         75 |      1617290 |  -12.03 kcal/mol |  -12.64 +/-    0.32 kcal/mol |       4 |  -13.16 kcal/mol
         80 |      1733063 |  -11.42 kcal/mol |  -12.53 +/-    0.29 kcal/mol |       9 |  -13.17 kcal/mol
         85 |      1844662 |  -12.04 kcal/mol |  -12.91 +/-    0.24 kcal/mol |       4 |  -13.18 kcal/mol
         90 |      1954885 |  -12.01 kcal/mol |  -12.79 +/-    0.19 kcal/mol |       5 |  -13.18 kcal/mol
         95 |      2067761 |  -12.21 kcal/mol |  -12.88 +/-    0.26 kcal/mol |       7 |  -13.18 kcal/mol
         96 |      2090001 |  -12.31 kcal/mol |  -12.86 +/-    0.26 kcal/mol |      10 |  -13.18 kcal/mol
------------+--------------+------------------+------------------------------+---------+-------------------

                                   Finished evaluation after reaching
                       2090001 evaluations. Best inter + intra   -13.18 kcal/mol.


Shutdown time 0.000712s

Job #1 took 1.431 sec after waiting 4.494 sec for setup

(Thread 0 is processing Job #1)
(Thread 0 is setting up Job #2)

Running Job #2:
    Device: NVIDIA A100-SXM4-40GB
    Grid map file: ./protein.maps.fld
    Ligand file: ./ligand_2_2.pdbqt
    Output file: docking_result_2.dlg (+ xml)
    Using heuristics: (capped) number of evaluations set to 2068966
    Local-search chosen method is: ADADELTA (ad)

Rest of Setup time 0.316165s

Executing docking runs, stopping automatically after either reaching 0.15 kcal/mol standard deviation of
the best molecules of the last 4 * 5 generations, 42000 generations, or 2068966 evaluations:

Generations |  Evaluations |     Threshold    |  Average energy of best 10%  | Samples | Best Inter + Intra
------------+--------------+------------------+------------------------------+---------+-------------------
          0 |          150 |   -1.42 kcal/mol |   -2.14 +/-    0.24 kcal/mol |       5 |   -2.47 kcal/mol
          5 |       127803 |   -1.42 kcal/mol |   -4.21 +/-    1.37 kcal/mol |     900 |   -9.42 kcal/mol
         10 |       254430 |   -4.19 kcal/mol |   -7.98 +/-    0.79 kcal/mol |      47 |   -9.96 kcal/mol
         15 |       384595 |   -7.72 kcal/mol |   -9.66 +/-    0.19 kcal/mol |      10 |  -10.00 kcal/mol
         20 |       514526 |   -9.38 kcal/mol |   -9.78 +/-    0.18 kcal/mol |      15 |  -10.17 kcal/mol
         25 |       645422 |   -9.60 kcal/mol |   -9.87 +/-    0.19 kcal/mol |      16 |  -10.21 kcal/mol
         30 |       776574 |   -9.69 kcal/mol |   -9.97 +/-    0.18 kcal/mol |      18 |  -10.21 kcal/mol
         35 |       907807 |   -9.82 kcal/mol |  -10.04 +/-    0.12 kcal/mol |      15 |  -10.21 kcal/mol
         40 |      1035416 |   -9.92 kcal/mol |  -10.08 +/-    0.11 kcal/mol |      12 |  -10.21 kcal/mol
         45 |      1158723 |   -9.95 kcal/mol |  -10.10 +/-    0.09 kcal/mol |      19 |  -10.21 kcal/mol
------------+--------------+------------------+------------------------------+---------+-------------------

                                   Finished evaluation after reaching
                                  -10.04 +/-    0.14 kcal/mol combined.
                             64 samples, best inter + intra   -10.21 kcal/mol.


Shutdown time 0.000672s

Job #2 took 0.620 sec after waiting 0.053 sec for setup

(Thread 0 is processing Job #2)
(Thread 0 is setting up Job #3)

Running Job #3:
    Device: NVIDIA A100-SXM4-40GB
    Grid map file: ./protein.maps.fld
    Ligand file: ./ligand_3_3.pdbqt
    Output file: docking_result_3.dlg (+ xml)
    Using heuristics: (capped) number of evaluations set to 2068966
    Local-search chosen method is: ADADELTA (ad)

Rest of Setup time 0.324665s

Executing docking runs, stopping automatically after either reaching 0.15 kcal/mol standard deviation of
the best molecules of the last 4 * 5 generations, 42000 generations, or 2068966 evaluations:

Generations |  Evaluations |     Threshold    |  Average energy of best 10%  | Samples | Best Inter + Intra
------------+--------------+------------------+------------------------------+---------+-------------------
          0 |          150 |   -1.71 kcal/mol |   -2.18 +/-    0.16 kcal/mol |       5 |   -2.35 kcal/mol
          5 |       124903 |   -1.71 kcal/mol |   -4.19 +/-    1.34 kcal/mol |     824 |  -10.04 kcal/mol
         10 |       249378 |   -4.17 kcal/mol |   -7.70 +/-    0.84 kcal/mol |      43 |  -10.42 kcal/mol
         15 |       377136 |   -7.41 kcal/mol |   -9.81 +/-    0.44 kcal/mol |       8 |  -10.42 kcal/mol
         20 |       504006 |   -8.99 kcal/mol |  -10.16 +/-    0.14 kcal/mol |       6 |  -10.42 kcal/mol
         25 |       630671 |   -9.81 kcal/mol |  -10.22 +/-    0.17 kcal/mol |       8 |  -10.43 kcal/mol
         30 |       757992 |   -9.91 kcal/mol |  -10.11 +/-    0.14 kcal/mol |      10 |  -10.49 kcal/mol
         35 |       884485 |   -9.90 kcal/mol |  -10.28 +/-    0.16 kcal/mol |       8 |  -10.52 kcal/mol
         40 |      1013377 |   -9.98 kcal/mol |  -10.58 +/-    0.04 kcal/mol |       6 |  -10.61 kcal/mol
         45 |      1141183 |  -10.20 kcal/mol |  -10.54 +/-    0.05 kcal/mol |       9 |  -10.66 kcal/mol
         50 |      1266518 |  -10.29 kcal/mol |  -10.57 +/-    0.08 kcal/mol |       6 |  -10.66 kcal/mol
         55 |      1395385 |  -10.37 kcal/mol |  -10.59 +/-    0.08 kcal/mol |       9 |  -10.66 kcal/mol
         60 |      1522667 |  -10.45 kcal/mol |  -10.60 +/-    0.06 kcal/mol |       7 |  -10.66 kcal/mol
------------+--------------+------------------+------------------------------+---------+-------------------

                                   Finished evaluation after reaching
                                  -10.57 +/-    0.07 kcal/mol combined.
                             31 samples, best inter + intra   -10.66 kcal/mol.


Shutdown time 0.000678s

Job #3 took 0.803 sec after waiting 0.024 sec for setup

(Thread 0 is processing Job #3)
(Thread 0 is setting up Job #4)

Running Job #4:
    Device: NVIDIA A100-SXM4-40GB
    Grid map file: ./protein.maps.fld
    Ligand file: ./ligand_4_4.pdbqt
    Output file: docking_result_4.dlg (+ xml)
    Using heuristics: (capped) number of evaluations set to 2068966
    Local-search chosen method is: ADADELTA (ad)

Rest of Setup time 0.305468s

Executing docking runs, stopping automatically after either reaching 0.15 kcal/mol standard deviation of
the best molecules of the last 4 * 5 generations, 42000 generations, or 2068966 evaluations:

Generations |  Evaluations |     Threshold    |  Average energy of best 10%  | Samples | Best Inter + Intra
------------+--------------+------------------+------------------------------+---------+-------------------
          0 |          150 |   -1.93 kcal/mol |   -2.79 +/-    0.28 kcal/mol |       5 |   -3.12 kcal/mol
          5 |       118204 |   -1.96 kcal/mol |   -4.92 +/-    1.52 kcal/mol |     838 |  -11.76 kcal/mol
         10 |       238713 |   -4.89 kcal/mol |   -9.25 +/-    1.11 kcal/mol |      41 |  -11.76 kcal/mol
         15 |       361753 |   -8.84 kcal/mol |  -11.71 +/-    0.66 kcal/mol |       4 |  -12.85 kcal/mol
         20 |       489669 |   -9.22 kcal/mol |  -11.65 +/-    0.70 kcal/mol |       9 |  -12.87 kcal/mol
         25 |       615815 |  -10.49 kcal/mol |  -12.63 +/-    0.46 kcal/mol |       4 |  -12.89 kcal/mol
         30 |       744885 |  -10.90 kcal/mol |  -12.13 +/-    0.45 kcal/mol |       4 |  -12.91 kcal/mol
         35 |       874890 |  -10.44 kcal/mol |  -12.07 +/-    0.64 kcal/mol |      13 |  -12.91 kcal/mol
         40 |      1004589 |  -11.34 kcal/mol |  -12.61 +/-    0.42 kcal/mol |       4 |  -12.91 kcal/mol
         45 |      1134017 |  -11.03 kcal/mol |  -12.66 +/-    0.34 kcal/mol |       9 |  -12.91 kcal/mol
         50 |      1262562 |  -12.10 kcal/mol |  -12.87 +/-    0.03 kcal/mol |       9 |  -12.91 kcal/mol
         55 |      1391871 |  -12.62 kcal/mol |  -12.82 +/-    0.09 kcal/mol |       7 |  -12.91 kcal/mol
         60 |      1516660 |  -12.63 kcal/mol |  -12.89 +/-    0.02 kcal/mol |       6 |  -12.91 kcal/mol
         65 |      1643733 |  -12.51 kcal/mol |  -12.82 +/-    0.11 kcal/mol |      12 |  -12.91 kcal/mol
------------+--------------+------------------+------------------------------+---------+-------------------

                                   Finished evaluation after reaching
                                  -12.84 +/-    0.08 kcal/mol combined.
                             34 samples, best inter + intra   -12.91 kcal/mol.


Shutdown time 0.000635s

Job #4 took 0.945 sec after waiting 0.030 sec for setup

(Thread 0 is processing Job #4)
Run time of entire job set (4 files): 8.440 sec
Savings from multithreading: -0.000 sec
Idle time of execution thread: 4.639 sec

All jobs (4) ran without errors.
