AutoDock-GPU version: v1.6-7-ga46ab564d2ac5f1a1523f65239b43505a1c29364-dirty

Using 1 OpenMP threads

Running 2 docking calculations

Cuda device:                              NVIDIA A100-SXM4-40GB
Available memory on device:               39916 MB (total: 40339 MB)

CUDA Setup time 0.230628s
(Thread 0 is setting up Job #1)

Running Job #1:
    Device: NVIDIA A100-SXM4-40GB
    Grid map file: ./protein.maps.fld
    Ligand file: ./ligand_1_1.pdbqt
    Output file: docking_result_1.dlg (+ xml)
    Using heuristics: (capped) number of evaluations set to 2280181
    Local-search chosen method is: ADADELTA (ad)

Rest of Setup time 0.309532s

Executing docking runs, stopping automatically after either reaching 0.15 kcal/mol standard deviation of
the best molecules of the last 4 * 5 generations, 42000 generations, or 2280181 evaluations:

Generations |  Evaluations |     Threshold    |  Average energy of best 10%  | Samples | Best Inter + Intra
------------+--------------+------------------+------------------------------+---------+-------------------
          0 |          150 |   -1.17 kcal/mol |   -2.37 +/-    0.41 kcal/mol |       8 |   -3.32 kcal/mol
          5 |       117070 |   -1.61 kcal/mol |   -5.01 +/-    1.65 kcal/mol |     850 |  -11.80 kcal/mol
         10 |       236517 |   -4.98 kcal/mol |   -9.47 +/-    0.94 kcal/mol |      51 |  -12.53 kcal/mol
         15 |       356959 |   -9.19 kcal/mol |  -11.59 +/-    0.59 kcal/mol |       5 |  -12.73 kcal/mol
         20 |       480768 |   -9.81 kcal/mol |  -11.51 +/-    0.60 kcal/mol |      11 |  -12.84 kcal/mol
         25 |       606671 |  -10.70 kcal/mol |  -12.59 +/-    0.24 kcal/mol |       4 |  -12.84 kcal/mol
         30 |       732882 |  -11.68 kcal/mol |  -12.77 +/-    0.09 kcal/mol |       5 |  -12.90 kcal/mol
         35 |       859593 |  -12.49 kcal/mol |  -12.75 +/-    0.11 kcal/mol |       3 |  -12.91 kcal/mol
         40 |       987125 |  -12.18 kcal/mol |  -12.66 +/-    0.11 kcal/mol |       8 |  -12.91 kcal/mol
         45 |      1113485 |  -12.45 kcal/mol |  -12.90 +/-    0.23 kcal/mol |       6 |  -13.36 kcal/mol
         50 |      1239430 |  -12.33 kcal/mol |  -13.25 +/-    0.31 kcal/mol |       7 |  -13.61 kcal/mol
         55 |      1366559 |  -12.60 kcal/mol |  -13.44 +/-    0.30 kcal/mol |       4 |  -13.68 kcal/mol
         60 |      1490513 |  -12.34 kcal/mol |  -13.33 +/-    0.31 kcal/mol |       7 |  -13.75 kcal/mol
         65 |      1617348 |  -12.67 kcal/mol |  -13.62 +/-    0.33 kcal/mol |       4 |  -14.16 kcal/mol
         70 |      1743618 |  -12.38 kcal/mol |  -13.63 +/-    0.42 kcal/mol |       5 |  -14.21 kcal/mol
         75 |      1867357 |  -12.36 kcal/mol |  -13.55 +/-    0.31 kcal/mol |       6 |  -14.21 kcal/mol
         80 |      1989007 |  -12.78 kcal/mol |  -13.86 +/-    0.37 kcal/mol |       4 |  -14.30 kcal/mol
         85 |      2113478 |  -12.47 kcal/mol |  -13.42 +/-    0.30 kcal/mol |      11 |  -14.30 kcal/mol
         90 |      2237641 |  -13.01 kcal/mol |  -14.22 +/-    0.13 kcal/mol |       4 |  -14.30 kcal/mol
         92 |      2287002 |  -13.73 kcal/mol |  -14.24 +/-    0.12 kcal/mol |       5 |  -14.30 kcal/mol
------------+--------------+------------------+------------------------------+---------+-------------------

                                   Finished evaluation after reaching
                       2287002 evaluations. Best inter + intra   -14.30 kcal/mol.


Shutdown time 0.000697s

Job #1 took 1.284 sec after waiting 4.563 sec for setup

(Thread 0 is processing Job #1)
(Thread 0 is setting up Job #2)

Running Job #2:
    Device: NVIDIA A100-SXM4-40GB
    Grid map file: ./protein.maps.fld
    Ligand file: ./ligand_2_2.pdbqt
    Output file: docking_result_2.dlg (+ xml)
    Using heuristics: (capped) number of evaluations set to 2845257
    Overriding heuristics, setting number of evaluations to --nev = 2500000 instead.
    Local-search chosen method is: ADADELTA (ad)

Rest of Setup time 0.307596s

Executing docking runs, stopping automatically after either reaching 0.15 kcal/mol standard deviation of
the best molecules of the last 4 * 5 generations, 42000 generations, or 2500000 evaluations:

Generations |  Evaluations |     Threshold    |  Average energy of best 10%  | Samples | Best Inter + Intra
------------+--------------+------------------+------------------------------+---------+-------------------
          0 |          150 |   -1.63 kcal/mol |   -2.82 +/-    0.32 kcal/mol |       4 |   -3.35 kcal/mol
          5 |       115387 |   -1.63 kcal/mol |   -5.03 +/-    1.82 kcal/mol |     862 |  -11.84 kcal/mol
         10 |       228405 |   -5.00 kcal/mol |  -10.00 +/-    1.18 kcal/mol |      35 |  -12.26 kcal/mol
         15 |       342976 |   -9.50 kcal/mol |  -12.10 +/-    0.27 kcal/mol |       5 |  -12.54 kcal/mol
         20 |       461644 |  -11.30 kcal/mol |  -12.71 +/-    0.56 kcal/mol |       5 |  -13.31 kcal/mol
         25 |       581074 |  -11.02 kcal/mol |  -12.78 +/-    0.50 kcal/mol |       6 |  -13.45 kcal/mol
         30 |       703927 |  -11.52 kcal/mol |  -13.05 +/-    0.36 kcal/mol |       7 |  -13.56 kcal/mol
         35 |       827028 |  -12.29 kcal/mol |  -13.07 +/-    0.39 kcal/mol |       4 |  -13.56 kcal/mol
         40 |       952064 |  -11.61 kcal/mol |  -13.37 +/-    0.40 kcal/mol |       5 |  -13.67 kcal/mol
         45 |      1075077 |  -12.18 kcal/mol |  -13.48 +/-    0.19 kcal/mol |       5 |  -13.81 kcal/mol
         50 |      1196376 |  -12.91 kcal/mol |  -13.53 +/-    0.18 kcal/mol |       6 |  -13.89 kcal/mol
         55 |      1319760 |  -13.08 kcal/mol |  -13.70 +/-    0.16 kcal/mol |       5 |  -13.89 kcal/mol
         60 |      1440166 |  -13.22 kcal/mol |  -13.87 +/-    0.15 kcal/mol |       7 |  -14.05 kcal/mol
         65 |      1565066 |  -13.56 kcal/mol |  -13.95 +/-    0.10 kcal/mol |       6 |  -14.09 kcal/mol
         70 |      1688286 |  -13.70 kcal/mol |  -14.00 +/-    0.06 kcal/mol |       5 |  -14.12 kcal/mol
         75 |      1815209 |  -13.55 kcal/mol |  -14.04 +/-    0.06 kcal/mol |       3 |  -14.12 kcal/mol
         80 |      1941526 |  -13.29 kcal/mol |  -13.99 +/-    0.14 kcal/mol |       5 |  -14.14 kcal/mol
         85 |      2066082 |  -13.57 kcal/mol |  -14.10 +/-    0.06 kcal/mol |       4 |  -14.14 kcal/mol
         90 |      2191545 |  -13.54 kcal/mol |  -14.05 +/-    0.07 kcal/mol |       5 |  -14.14 kcal/mol
         95 |      2318128 |  -13.60 kcal/mol |  -14.02 +/-    0.12 kcal/mol |       5 |  -14.14 kcal/mol
------------+--------------+------------------+------------------------------+---------+-------------------

                                   Finished evaluation after reaching
                                  -14.03 +/-    0.11 kcal/mol combined.
                             19 samples, best inter + intra   -14.14 kcal/mol.


Shutdown time 0.000667s

Job #2 took 1.366 sec after waiting 0.045 sec for setup

(Thread 0 is processing Job #2)
Run time of entire job set (2 files): 7.307 sec
Savings from multithreading: -0.000 sec
Idle time of execution thread: 4.657 sec

All jobs (2) ran without errors.
