AutoDock-GPU version: v1.6-7-ga46ab564d2ac5f1a1523f65239b43505a1c29364-dirty

Running 1 docking calculation

Cuda device:                              NVIDIA A100-SXM4-40GB
Available memory on device:               39916 MB (total: 40339 MB)

CUDA Setup time 0.230239s
(Thread 0 is setting up Job #1)

Running Job #1
    Using heuristics: (capped) number of evaluations set to 7973093
    Overriding heuristics, setting number of evaluations to --nev = 2500000 instead.
    Warning: The set number of evals is 10.52% of the uncapped heuristics estimate of 23759450 evals.
             This means this docking may not be able to converge. Increasing --heurmax may improve
             convergence but will also increase runtime.
             AutoStop will not stop before 76.79% (1919714) of the set number of evaluations.
    Local-search chosen method is: ADADELTA (ad)

Rest of Setup time 0.308283s

Executing docking runs, stopping automatically after either reaching 0.15 kcal/mol standard deviation of
the best molecules of the last 4 * 5 generations, 42000 generations, or 2500000 evaluations:

Generations |  Evaluations |     Threshold    |  Average energy of best 10%  | Samples | Best Inter + Intra
------------+--------------+------------------+------------------------------+---------+-------------------
          0 |          150 |  319.86 kcal/mol |  190.18 +/-   34.58 kcal/mol |       4 |  142.52 kcal/mol
          5 |       119140 |  319.86 kcal/mol |   12.96 +/-   32.66 kcal/mol |    1130 |   -9.06 kcal/mol
         10 |       227714 |   13.40 kcal/mol |   -9.28 +/-    0.85 kcal/mol |       6 |  -11.05 kcal/mol
         15 |       335414 |   -7.16 kcal/mol |   -9.43 +/-    0.65 kcal/mol |       9 |  -11.05 kcal/mol
         20 |       442810 |   -8.35 kcal/mol |  -10.47 +/-    0.68 kcal/mol |       4 |  -11.23 kcal/mol
         25 |       549003 |   -7.93 kcal/mol |   -9.88 +/-    0.66 kcal/mol |      10 |  -11.23 kcal/mol
         30 |       654170 |   -8.89 kcal/mol |  -11.17 +/-    0.37 kcal/mol |       5 |  -11.58 kcal/mol
         35 |       755590 |  -10.08 kcal/mol |  -11.51 +/-    0.29 kcal/mol |       4 |  -11.85 kcal/mol
         40 |       855581 |  -10.43 kcal/mol |  -11.77 +/-    0.45 kcal/mol |       5 |  -12.34 kcal/mol
         45 |       951682 |  -10.43 kcal/mol |  -11.66 +/-    0.41 kcal/mol |       4 |  -12.34 kcal/mol
         50 |      1046634 |  -10.11 kcal/mol |  -11.63 +/-    0.37 kcal/mol |      10 |  -12.73 kcal/mol
         55 |      1141367 |  -11.08 kcal/mol |  -12.01 +/-    0.60 kcal/mol |       5 |  -12.75 kcal/mol
         60 |      1235073 |  -10.22 kcal/mol |  -12.13 +/-    0.47 kcal/mol |       6 |  -12.75 kcal/mol
         65 |      1326647 |  -10.95 kcal/mol |  -12.66 +/-    0.14 kcal/mol |       4 |  -12.75 kcal/mol
         70 |      1415521 |  -12.12 kcal/mol |  -12.76 +/-    0.37 kcal/mol |       5 |  -13.45 kcal/mol
         75 |      1502649 |  -11.66 kcal/mol |  -12.65 +/-    0.52 kcal/mol |       4 |  -13.45 kcal/mol
         80 |      1590017 |  -10.69 kcal/mol |  -12.36 +/-    0.56 kcal/mol |       7 |  -13.45 kcal/mol
         85 |      1676888 |  -11.17 kcal/mol |  -12.77 +/-    0.38 kcal/mol |       6 |  -13.45 kcal/mol
         90 |      1762473 |  -11.81 kcal/mol |  -13.27 +/-    0.31 kcal/mol |       4 |  -13.45 kcal/mol
         95 |      1847457 |  -12.10 kcal/mol |  -12.73 +/-    0.45 kcal/mol |       4 |  -13.45 kcal/mol
        100 |      1933867 |  -11.02 kcal/mol |  -12.55 +/-    0.53 kcal/mol |       5 |  -13.45 kcal/mol
        105 |      2016858 |  -10.97 kcal/mol |  -12.86 +/-    0.35 kcal/mol |       4 |  -13.45 kcal/mol
        110 |      2100814 |  -11.56 kcal/mol |  -12.90 +/-    0.47 kcal/mol |       5 |  -13.45 kcal/mol
        115 |      2185059 |  -11.49 kcal/mol |  -12.80 +/-    0.33 kcal/mol |       5 |  -13.45 kcal/mol
        120 |      2269180 |  -11.81 kcal/mol |  -12.85 +/-    0.38 kcal/mol |       7 |  -13.45 kcal/mol
        125 |      2352453 |  -12.03 kcal/mol |  -12.77 +/-    0.28 kcal/mol |       7 |  -13.45 kcal/mol
        130 |      2437100 |  -12.17 kcal/mol |  -12.97 +/-    0.31 kcal/mol |       4 |  -13.45 kcal/mol
        134 |      2504027 |  -11.82 kcal/mol |  -12.74 +/-    0.31 kcal/mol |      15 |  -13.45 kcal/mol
------------+--------------+------------------+------------------------------+---------+-------------------

                                   Finished evaluation after reaching
                       2504027 evaluations. Best inter + intra   -13.45 kcal/mol.


Shutdown time 0.000724s

Job #1 took 1.794 sec after waiting 4.453 sec for setup

(Thread 0 is processing Job #1)
Run time of entire job set (1 file): 6.310 sec
Processing time: 0.063 sec

All jobs (1) ran without errors.
