AutoDock-GPU version: v1.6-7-ga46ab564d2ac5f1a1523f65239b43505a1c29364-dirty

Using 1 OpenMP threads

Running 3 docking calculations

Cuda device:                              NVIDIA A100-SXM4-40GB
Available memory on device:               39916 MB (total: 40339 MB)

CUDA Setup time 0.233401s
(Thread 0 is setting up Job #1)

Running Job #1:
    Device: NVIDIA A100-SXM4-40GB
    Grid map file: ./protein.maps.fld
    Ligand file: ./ligand_1_1.pdbqt
    Output file: docking_result_1.dlg (+ xml)
    Using heuristics: (capped) number of evaluations set to 2280181
    Local-search chosen method is: ADADELTA (ad)

Rest of Setup time 0.072516s

Executing docking runs, stopping automatically after either reaching 0.15 kcal/mol standard deviation of
the best molecules of the last 4 * 5 generations, 42000 generations, or 2280181 evaluations:

Generations |  Evaluations |     Threshold    |  Average energy of best 10%  | Samples | Best Inter + Intra
------------+--------------+------------------+------------------------------+---------+-------------------
          0 |          150 |   -2.16 kcal/mol |   -2.66 +/-    0.13 kcal/mol |       4 |   -2.86 kcal/mol
          5 |       105291 |   -2.16 kcal/mol |   -5.18 +/-    1.53 kcal/mol |     841 |  -10.51 kcal/mol
         10 |       220580 |   -5.15 kcal/mol |   -9.13 +/-    0.74 kcal/mol |      48 |  -11.13 kcal/mol
         15 |       341532 |   -8.90 kcal/mol |  -11.13 +/-    0.34 kcal/mol |       9 |  -11.94 kcal/mol
         20 |       466680 |  -10.56 kcal/mol |  -11.61 +/-    0.35 kcal/mol |       5 |  -12.06 kcal/mol
         25 |       595873 |  -10.55 kcal/mol |  -11.53 +/-    0.30 kcal/mol |       5 |  -12.13 kcal/mol
         30 |       726263 |  -10.63 kcal/mol |  -11.53 +/-    0.26 kcal/mol |       7 |  -12.13 kcal/mol
         35 |       858944 |  -10.97 kcal/mol |  -11.64 +/-    0.25 kcal/mol |       5 |  -12.13 kcal/mol
         40 |       990866 |  -10.90 kcal/mol |  -11.83 +/-    0.27 kcal/mol |       9 |  -12.14 kcal/mol
         45 |      1120935 |  -11.38 kcal/mol |  -12.07 +/-    0.06 kcal/mol |       4 |  -12.17 kcal/mol
         50 |      1250161 |  -11.51 kcal/mol |  -12.16 +/-    0.14 kcal/mol |       6 |  -12.35 kcal/mol
         55 |      1380448 |  -11.80 kcal/mol |  -12.24 +/-    0.15 kcal/mol |       3 |  -12.35 kcal/mol
         60 |      1509127 |  -11.51 kcal/mol |  -12.12 +/-    0.25 kcal/mol |       4 |  -12.35 kcal/mol
         65 |      1641106 |  -11.17 kcal/mol |  -12.04 +/-    0.21 kcal/mol |       4 |  -12.35 kcal/mol
         70 |      1772867 |  -11.23 kcal/mol |  -11.97 +/-    0.25 kcal/mol |       4 |  -12.35 kcal/mol
         75 |      1903340 |  -11.02 kcal/mol |  -11.92 +/-    0.30 kcal/mol |       6 |  -12.35 kcal/mol
         80 |      2036033 |  -11.18 kcal/mol |  -12.04 +/-    0.21 kcal/mol |       4 |  -12.35 kcal/mol
         85 |      2164501 |  -11.23 kcal/mol |  -11.98 +/-    0.23 kcal/mol |       5 |  -12.35 kcal/mol
         90 |      2294031 |  -11.30 kcal/mol |  -12.04 +/-    0.21 kcal/mol |       8 |  -12.35 kcal/mol
------------+--------------+------------------+------------------------------+---------+-------------------

                                   Finished evaluation after reaching
                       2294031 evaluations. Best inter + intra   -12.35 kcal/mol.


Shutdown time 0.000668s

Job #1 took 0.886 sec after waiting 1.187 sec for setup

(Thread 0 is processing Job #1)
(Thread 0 is setting up Job #2)

Running Job #2:
    Device: NVIDIA A100-SXM4-40GB
    Grid map file: ./protein.maps.fld
    Ligand file: ./ligand_2_2.pdbqt
    Output file: docking_result_2.dlg (+ xml)
    Using heuristics: (capped) number of evaluations set to 2068966
    Local-search chosen method is: ADADELTA (ad)

Rest of Setup time 0.070142s

Executing docking runs, stopping automatically after either reaching 0.15 kcal/mol standard deviation of
the best molecules of the last 4 * 5 generations, 42000 generations, or 2068966 evaluations:

Generations |  Evaluations |     Threshold    |  Average energy of best 10%  | Samples | Best Inter + Intra
------------+--------------+------------------+------------------------------+---------+-------------------
          0 |          150 |   -0.56 kcal/mol |   -1.70 +/-    0.67 kcal/mol |       4 |   -2.86 kcal/mol
          5 |        97654 |    0.80 kcal/mol |   -3.52 +/-    1.67 kcal/mol |     857 |   -8.19 kcal/mol
         10 |       203549 |   -3.49 kcal/mol |   -7.59 +/-    0.45 kcal/mol |      35 |   -8.47 kcal/mol
         15 |       315809 |   -7.39 kcal/mol |   -8.87 +/-    0.26 kcal/mol |       8 |   -9.24 kcal/mol
         20 |       427948 |   -8.38 kcal/mol |   -9.11 +/-    0.12 kcal/mol |       5 |   -9.24 kcal/mol
         25 |       543439 |   -8.74 kcal/mol |   -9.11 +/-    0.12 kcal/mol |       7 |   -9.27 kcal/mol
         30 |       663422 |   -8.85 kcal/mol |   -9.29 +/-    0.20 kcal/mol |       6 |   -9.65 kcal/mol
         35 |       783217 |   -8.79 kcal/mol |   -9.40 +/-    0.17 kcal/mol |       4 |   -9.66 kcal/mol
         40 |       904828 |   -8.76 kcal/mol |   -9.42 +/-    0.18 kcal/mol |       9 |   -9.67 kcal/mol
         45 |      1026837 |   -9.11 kcal/mol |   -9.40 +/-    0.20 kcal/mol |      13 |   -9.68 kcal/mol
         50 |      1148365 |   -9.17 kcal/mol |   -9.41 +/-    0.17 kcal/mol |       9 |   -9.68 kcal/mol
         55 |      1272842 |   -9.13 kcal/mol |   -9.48 +/-    0.11 kcal/mol |       7 |   -9.68 kcal/mol
         60 |      1394675 |   -9.25 kcal/mol |   -9.47 +/-    0.11 kcal/mol |       7 |   -9.69 kcal/mol
         65 |      1518606 |   -9.24 kcal/mol |   -9.48 +/-    0.14 kcal/mol |       5 |   -9.74 kcal/mol
         70 |      1641172 |   -9.05 kcal/mol |   -9.50 +/-    0.16 kcal/mol |       8 |   -9.74 kcal/mol
         75 |      1759747 |   -9.20 kcal/mol |   -9.50 +/-    0.16 kcal/mol |       7 |   -9.74 kcal/mol
         80 |      1877416 |   -9.16 kcal/mol |   -9.53 +/-    0.15 kcal/mol |       4 |   -9.74 kcal/mol
         85 |      1995789 |   -8.98 kcal/mol |   -9.59 +/-    0.15 kcal/mol |       6 |   -9.74 kcal/mol
         89 |      2090495 |   -9.22 kcal/mol |   -9.56 +/-    0.15 kcal/mol |      10 |   -9.74 kcal/mol
------------+--------------+------------------+------------------------------+---------+-------------------

                                   Finished evaluation after reaching
                       2090495 evaluations. Best inter + intra    -9.74 kcal/mol.


Shutdown time 0.000690s

Job #2 took 0.734 sec after waiting 0.032 sec for setup

(Thread 0 is processing Job #2)
(Thread 0 is setting up Job #3)

Running Job #3:
    Device: NVIDIA A100-SXM4-40GB
    Grid map file: ./protein.maps.fld
    Ligand file: ./ligand_3_3.pdbqt
    Output file: docking_result_3.dlg (+ xml)
    Using heuristics: (capped) number of evaluations set to 4195460
    Overriding heuristics, setting number of evaluations to --nev = 2500000 instead.
    Warning: The set number of evals is 38.75% of the uncapped heuristics estimate of 6450800 evals.
             This means this docking may not be able to converge. Increasing --heurmax may improve
             convergence but will also increase runtime.
             AutoStop will not stop before 17.33% (433129) of the set number of evaluations.
    Local-search chosen method is: ADADELTA (ad)

Rest of Setup time 0.069650s

Executing docking runs, stopping automatically after either reaching 0.15 kcal/mol standard deviation of
the best molecules of the last 4 * 5 generations, 42000 generations, or 2500000 evaluations:

Generations |  Evaluations |     Threshold    |  Average energy of best 10%  | Samples | Best Inter + Intra
------------+--------------+------------------+------------------------------+---------+-------------------
          0 |          150 |  251.36 kcal/mol |  188.53 +/-   16.75 kcal/mol |       4 |  176.81 kcal/mol
          5 |       105834 |  251.36 kcal/mol |   15.40 +/-   34.18 kcal/mol |     987 |   -9.50 kcal/mol
         10 |       213353 |   15.92 kcal/mol |   -9.39 +/-    0.39 kcal/mol |       5 |  -10.09 kcal/mol
         15 |       323524 |   -8.24 kcal/mol |   -9.58 +/-    0.29 kcal/mol |       5 |  -10.09 kcal/mol
         20 |       438275 |   -8.70 kcal/mol |   -9.92 +/-    0.32 kcal/mol |       4 |  -10.45 kcal/mol
         25 |       553167 |   -8.72 kcal/mol |  -10.08 +/-    0.35 kcal/mol |       5 |  -10.51 kcal/mol
         30 |       667743 |   -9.02 kcal/mol |  -10.18 +/-    0.33 kcal/mol |       4 |  -10.51 kcal/mol
         35 |       777830 |   -8.96 kcal/mol |  -10.12 +/-    0.31 kcal/mol |       7 |  -10.51 kcal/mol
         40 |       887230 |   -9.46 kcal/mol |  -10.28 +/-    0.27 kcal/mol |       4 |  -10.51 kcal/mol
         45 |       994905 |   -9.26 kcal/mol |  -10.14 +/-    0.26 kcal/mol |       5 |  -10.51 kcal/mol
         50 |      1102378 |   -9.35 kcal/mol |  -10.07 +/-    0.27 kcal/mol |       5 |  -10.51 kcal/mol
         55 |      1209634 |   -9.27 kcal/mol |  -10.21 +/-    0.23 kcal/mol |       8 |  -10.51 kcal/mol
         60 |      1312527 |   -9.77 kcal/mol |  -10.27 +/-    0.24 kcal/mol |       4 |  -10.51 kcal/mol
         65 |      1415091 |   -9.39 kcal/mol |  -10.20 +/-    0.26 kcal/mol |       5 |  -10.51 kcal/mol
         70 |      1513855 |   -9.42 kcal/mol |  -10.27 +/-    0.24 kcal/mol |       4 |  -10.51 kcal/mol
         75 |      1610910 |   -9.39 kcal/mol |  -10.27 +/-    0.24 kcal/mol |       4 |  -10.51 kcal/mol
         80 |      1706370 |   -9.39 kcal/mol |  -10.27 +/-    0.24 kcal/mol |       4 |  -10.51 kcal/mol
         85 |      1801413 |   -9.39 kcal/mol |  -10.23 +/-    0.20 kcal/mol |       9 |  -10.51 kcal/mol
         90 |      1896105 |   -9.90 kcal/mol |  -10.49 +/-    0.13 kcal/mol |       8 |  -10.74 kcal/mol
         95 |      1991666 |  -10.25 kcal/mol |  -10.49 +/-    0.16 kcal/mol |       5 |  -10.74 kcal/mol
        100 |      2085606 |  -10.02 kcal/mol |  -10.46 +/-    0.13 kcal/mol |       7 |  -10.74 kcal/mol
        105 |      2178687 |  -10.17 kcal/mol |  -10.82 +/-    0.30 kcal/mol |       4 |  -11.31 kcal/mol
        110 |      2269216 |   -9.72 kcal/mol |  -10.70 +/-    0.36 kcal/mol |       9 |  -11.31 kcal/mol
        115 |      2359261 |  -10.11 kcal/mol |  -10.84 +/-    0.38 kcal/mol |       4 |  -11.31 kcal/mol
        120 |      2446713 |   -9.42 kcal/mol |  -10.72 +/-    0.38 kcal/mol |      13 |  -11.31 kcal/mol
        124 |      2513953 |  -10.27 kcal/mol |  -10.82 +/-    0.39 kcal/mol |      17 |  -11.31 kcal/mol
------------+--------------+------------------+------------------------------+---------+-------------------

                                   Finished evaluation after reaching
                       2513953 evaluations. Best inter + intra   -11.31 kcal/mol.


Shutdown time 0.000676s

Job #3 took 0.978 sec after waiting 0.028 sec for setup

(Thread 0 is processing Job #3)
Run time of entire job set (3 files): 3.876 sec
Savings from multithreading: -0.000 sec
Idle time of execution thread: 1.277 sec

All jobs (3) ran without errors.
