AutoDock-GPU version: v1.6-7-ga46ab564d2ac5f1a1523f65239b43505a1c29364-dirty

Using 1 OpenMP threads

Running 2 docking calculations

Cuda device:                              NVIDIA A100-SXM4-40GB
Available memory on device:               39916 MB (total: 40339 MB)

CUDA Setup time 0.235789s
(Thread 0 is setting up Job #1)

Running Job #1:
    Device: NVIDIA A100-SXM4-40GB
    Grid map file: ./protein.maps.fld
    Ligand file: ./ligand_1_1.pdbqt
    Output file: docking_result_1.dlg (+ xml)
    Using heuristics: (capped) number of evaluations set to 2068966
    Local-search chosen method is: ADADELTA (ad)

Rest of Setup time 0.308464s

Executing docking runs, stopping automatically after either reaching 0.15 kcal/mol standard deviation of
the best molecules of the last 4 * 5 generations, 42000 generations, or 2068966 evaluations:

Generations |  Evaluations |     Threshold    |  Average energy of best 10%  | Samples | Best Inter + Intra
------------+--------------+------------------+------------------------------+---------+-------------------
          0 |          150 |    0.01 kcal/mol |   -1.63 +/-    0.39 kcal/mol |      39 |   -3.51 kcal/mol
          5 |       142039 |   -1.48 kcal/mol |   -4.55 +/-    1.28 kcal/mol |     842 |   -9.66 kcal/mol
         10 |       278576 |   -4.52 kcal/mol |   -8.10 +/-    0.81 kcal/mol |      46 |  -10.54 kcal/mol
         15 |       418738 |   -7.84 kcal/mol |  -10.15 +/-    0.53 kcal/mol |       4 |  -10.73 kcal/mol
         20 |       558265 |   -8.17 kcal/mol |   -9.87 +/-    0.48 kcal/mol |      14 |  -10.76 kcal/mol
         25 |       695447 |   -9.36 kcal/mol |  -10.67 +/-    0.20 kcal/mol |       6 |  -10.84 kcal/mol
         30 |       833668 |  -10.18 kcal/mol |  -10.69 +/-    0.14 kcal/mol |      15 |  -10.86 kcal/mol
         35 |       967750 |  -10.56 kcal/mol |  -10.76 +/-    0.09 kcal/mol |      12 |  -10.86 kcal/mol
         40 |      1101013 |  -10.64 kcal/mol |  -10.74 +/-    0.08 kcal/mol |      13 |  -10.86 kcal/mol
         45 |      1229397 |  -10.65 kcal/mol |  -10.77 +/-    0.06 kcal/mol |      17 |  -10.86 kcal/mol
------------+--------------+------------------+------------------------------+---------+-------------------

                                   Finished evaluation after reaching
                                  -10.74 +/-    0.10 kcal/mol combined.
                             57 samples, best inter + intra   -10.86 kcal/mol.


Shutdown time 0.000682s

Job #1 took 0.661 sec after waiting 4.516 sec for setup

(Thread 0 is processing Job #1)
(Thread 0 is setting up Job #2)

Running Job #2:
    Device: NVIDIA A100-SXM4-40GB
    Grid map file: ./protein.maps.fld
    Ligand file: ./ligand_2_2.pdbqt
    Output file: docking_result_2.dlg (+ xml)
    Using heuristics: (capped) number of evaluations set to 2068966
    Local-search chosen method is: ADADELTA (ad)

Rest of Setup time 0.305555s

Executing docking runs, stopping automatically after either reaching 0.15 kcal/mol standard deviation of
the best molecules of the last 4 * 5 generations, 42000 generations, or 2068966 evaluations:

Generations |  Evaluations |     Threshold    |  Average energy of best 10%  | Samples | Best Inter + Intra
------------+--------------+------------------+------------------------------+---------+-------------------
          0 |          150 |   -2.06 kcal/mol |   -2.89 +/-    0.24 kcal/mol |       4 |   -3.24 kcal/mol
          5 |       134044 |   -1.98 kcal/mol |   -4.90 +/-    1.37 kcal/mol |     872 |  -11.66 kcal/mol
         10 |       266077 |   -4.88 kcal/mol |   -8.93 +/-    1.21 kcal/mol |      49 |  -11.68 kcal/mol
         15 |       402886 |   -8.56 kcal/mol |  -11.52 +/-    0.21 kcal/mol |      10 |  -11.68 kcal/mol
         20 |       540089 |  -11.20 kcal/mol |  -11.62 +/-    0.06 kcal/mol |       7 |  -11.68 kcal/mol
         25 |       675142 |  -11.30 kcal/mol |  -11.64 +/-    0.05 kcal/mol |       6 |  -11.68 kcal/mol
         30 |       811873 |  -11.27 kcal/mol |  -11.56 +/-    0.13 kcal/mol |      13 |  -11.68 kcal/mol
------------+--------------+------------------+------------------------------+---------+-------------------

                                   Finished evaluation after reaching
                                  -11.57 +/-    0.15 kcal/mol combined.
                             36 samples, best inter + intra   -11.68 kcal/mol.


Shutdown time 0.000709s

Job #2 took 0.557 sec after waiting 0.023 sec for setup

(Thread 0 is processing Job #2)
Run time of entire job set (2 files): 5.787 sec
Savings from multithreading: -0.001 sec
Idle time of execution thread: 4.568 sec

All jobs (2) ran without errors.
