AutoDock-GPU version: v1.6-7-ga46ab564d2ac5f1a1523f65239b43505a1c29364-dirty

Using 1 OpenMP threads

Running 3 docking calculations

Cuda device:                              NVIDIA A100-SXM4-40GB
Available memory on device:               39916 MB (total: 40339 MB)

CUDA Setup time 0.236008s
(Thread 0 is setting up Job #1)

Running Job #1:
    Device: NVIDIA A100-SXM4-40GB
    Grid map file: ./protein.maps.fld
    Ligand file: ./ligand_1_1.pdbqt
    Output file: docking_result_1.dlg (+ xml)
    Using heuristics: (capped) number of evaluations set to 2280181
    Local-search chosen method is: ADADELTA (ad)

Rest of Setup time 0.308227s

Executing docking runs, stopping automatically after either reaching 0.15 kcal/mol standard deviation of
the best molecules of the last 4 * 5 generations, 42000 generations, or 2280181 evaluations:

Generations |  Evaluations |     Threshold    |  Average energy of best 10%  | Samples | Best Inter + Intra
------------+--------------+------------------+------------------------------+---------+-------------------
          0 |          150 |    0.95 kcal/mol |   -2.12 +/-    0.83 kcal/mol |      12 |   -4.69 kcal/mol
          5 |       118241 |   -1.08 kcal/mol |   -6.16 +/-    1.81 kcal/mol |     956 |  -11.86 kcal/mol
         10 |       238139 |   -6.13 kcal/mol |  -10.73 +/-    0.91 kcal/mol |      54 |  -13.52 kcal/mol
         15 |       361268 |  -10.47 kcal/mol |  -12.99 +/-    0.48 kcal/mol |      10 |  -13.69 kcal/mol
         20 |       486778 |  -12.26 kcal/mol |  -13.45 +/-    0.16 kcal/mol |       6 |  -13.69 kcal/mol
         25 |       613022 |  -13.06 kcal/mol |  -13.72 +/-    0.16 kcal/mol |       4 |  -13.97 kcal/mol
         30 |       741084 |  -13.14 kcal/mol |  -13.98 +/-    0.34 kcal/mol |       6 |  -14.39 kcal/mol
         35 |       867693 |  -13.13 kcal/mol |  -14.44 +/-    0.41 kcal/mol |       4 |  -14.88 kcal/mol
         40 |       996466 |  -12.91 kcal/mol |  -14.45 +/-    0.51 kcal/mol |      10 |  -15.56 kcal/mol
         45 |      1126924 |  -13.69 kcal/mol |  -14.58 +/-    0.65 kcal/mol |       4 |  -15.67 kcal/mol
         50 |      1257673 |  -12.16 kcal/mol |  -14.10 +/-    0.52 kcal/mol |      18 |  -15.77 kcal/mol
         55 |      1390234 |  -13.67 kcal/mol |  -14.97 +/-    0.49 kcal/mol |       5 |  -15.77 kcal/mol
         60 |      1521072 |  -13.52 kcal/mol |  -14.85 +/-    0.54 kcal/mol |       4 |  -15.77 kcal/mol
         65 |      1654738 |  -12.82 kcal/mol |  -14.40 +/-    0.43 kcal/mol |      14 |  -15.77 kcal/mol
         70 |      1788502 |  -13.94 kcal/mol |  -15.72 +/-    0.63 kcal/mol |       4 |  -16.55 kcal/mol
         75 |      1922322 |  -13.38 kcal/mol |  -15.75 +/-    0.57 kcal/mol |       6 |  -16.55 kcal/mol
         80 |      2055461 |  -14.33 kcal/mol |  -16.11 +/-    0.48 kcal/mol |       6 |  -16.80 kcal/mol
         85 |      2188306 |  -14.90 kcal/mol |  -15.95 +/-    0.43 kcal/mol |       7 |  -17.00 kcal/mol
         89 |      2294284 |  -15.04 kcal/mol |  -16.47 +/-    0.68 kcal/mol |       4 |  -17.28 kcal/mol
------------+--------------+------------------+------------------------------+---------+-------------------

                                   Finished evaluation after reaching
                       2294284 evaluations. Best inter + intra   -17.28 kcal/mol.


Shutdown time 0.000687s

Job #1 took 1.661 sec after waiting 4.461 sec for setup

(Thread 0 is processing Job #1)
(Thread 0 is setting up Job #2)

Running Job #2:
    Device: NVIDIA A100-SXM4-40GB
    Grid map file: ./protein.maps.fld
    Ligand file: ./ligand_2_2.pdbqt
    Output file: docking_result_2.dlg (+ xml)
    Using heuristics: (capped) number of evaluations set to 2280181
    Local-search chosen method is: ADADELTA (ad)

Rest of Setup time 0.305319s

Executing docking runs, stopping automatically after either reaching 0.15 kcal/mol standard deviation of
the best molecules of the last 4 * 5 generations, 42000 generations, or 2280181 evaluations:

Generations |  Evaluations |     Threshold    |  Average energy of best 10%  | Samples | Best Inter + Intra
------------+--------------+------------------+------------------------------+---------+-------------------
          0 |          150 |   -1.56 kcal/mol |   -1.95 +/-    0.18 kcal/mol |       7 |   -2.34 kcal/mol
          5 |       118874 |   -1.56 kcal/mol |   -5.28 +/-    1.82 kcal/mol |     929 |  -11.94 kcal/mol
         10 |       240140 |   -5.26 kcal/mol |   -9.93 +/-    1.00 kcal/mol |      42 |  -12.40 kcal/mol
         15 |       365261 |   -9.57 kcal/mol |  -12.07 +/-    0.33 kcal/mol |       7 |  -12.69 kcal/mol
         20 |       491938 |  -11.36 kcal/mol |  -12.37 +/-    0.23 kcal/mol |       4 |  -12.70 kcal/mol
         25 |       617668 |  -11.49 kcal/mol |  -12.83 +/-    0.55 kcal/mol |       6 |  -13.57 kcal/mol
         30 |       745649 |  -11.46 kcal/mol |  -13.30 +/-    0.48 kcal/mol |       8 |  -13.92 kcal/mol
         35 |       872018 |  -12.40 kcal/mol |  -14.13 +/-    0.37 kcal/mol |       4 |  -14.49 kcal/mol
         40 |       998184 |  -12.74 kcal/mol |  -14.16 +/-    0.33 kcal/mol |       9 |  -14.76 kcal/mol
         45 |      1123699 |  -13.61 kcal/mol |  -14.60 +/-    0.52 kcal/mol |       4 |  -15.07 kcal/mol
         50 |      1252459 |  -12.66 kcal/mol |  -14.03 +/-    0.45 kcal/mol |       8 |  -15.07 kcal/mol
         55 |      1383340 |  -13.20 kcal/mol |  -14.84 +/-    0.29 kcal/mol |       5 |  -15.07 kcal/mol
         60 |      1511445 |  -13.98 kcal/mol |  -14.75 +/-    0.32 kcal/mol |       2 |  -15.07 kcal/mol
         65 |      1642240 |  -12.34 kcal/mol |  -13.75 +/-    0.58 kcal/mol |      10 |  -15.07 kcal/mol
         70 |      1773540 |  -12.88 kcal/mol |  -14.53 +/-    0.54 kcal/mol |       4 |  -15.36 kcal/mol
         75 |      1902456 |  -12.50 kcal/mol |  -14.06 +/-    0.57 kcal/mol |       9 |  -15.56 kcal/mol
         80 |      2030350 |  -13.11 kcal/mol |  -14.66 +/-    0.35 kcal/mol |       9 |  -15.56 kcal/mol
         85 |      2156527 |  -14.07 kcal/mol |  -15.46 +/-    0.21 kcal/mol |       5 |  -15.56 kcal/mol
         90 |      2282937 |  -14.83 kcal/mol |  -15.49 +/-    0.18 kcal/mol |       7 |  -15.56 kcal/mol
------------+--------------+------------------+------------------------------+---------+-------------------

                                   Finished evaluation after reaching
                       2282937 evaluations. Best inter + intra   -15.56 kcal/mol.


Shutdown time 0.000638s

Job #2 took 1.279 sec after waiting 0.068 sec for setup

(Thread 0 is processing Job #2)
(Thread 0 is setting up Job #3)

Running Job #3:
    Device: NVIDIA A100-SXM4-40GB
    Grid map file: ./protein.maps.fld
    Ligand file: ./ligand_3_3.pdbqt
    Output file: docking_result_3.dlg (+ xml)
    Using heuristics: (capped) number of evaluations set to 3487417
    Overriding heuristics, setting number of evaluations to --nev = 2500000 instead.
    Local-search chosen method is: ADADELTA (ad)

Rest of Setup time 0.300919s

Executing docking runs, stopping automatically after either reaching 0.15 kcal/mol standard deviation of
the best molecules of the last 4 * 5 generations, 42000 generations, or 2500000 evaluations:

Generations |  Evaluations |     Threshold    |  Average energy of best 10%  | Samples | Best Inter + Intra
------------+--------------+------------------+------------------------------+---------+-------------------
          0 |          150 |    0.07 kcal/mol |   -1.80 +/-    0.52 kcal/mol |      14 |   -3.46 kcal/mol
          5 |       128568 |   -1.24 kcal/mol |   -6.79 +/-    2.14 kcal/mol |    1061 |  -14.21 kcal/mol
         10 |       257070 |   -6.76 kcal/mol |  -12.27 +/-    1.09 kcal/mol |      36 |  -15.26 kcal/mol
         15 |       390771 |  -11.82 kcal/mol |  -14.79 +/-    0.62 kcal/mol |       7 |  -15.64 kcal/mol
         20 |       526360 |  -13.46 kcal/mol |  -15.26 +/-    0.42 kcal/mol |       4 |  -15.77 kcal/mol
         25 |       660982 |  -13.70 kcal/mol |  -15.29 +/-    0.49 kcal/mol |       9 |  -16.10 kcal/mol
         30 |       796962 |  -14.47 kcal/mol |  -15.92 +/-    0.18 kcal/mol |       5 |  -16.18 kcal/mol
         35 |       931876 |  -15.39 kcal/mol |  -16.21 +/-    0.25 kcal/mol |       6 |  -16.54 kcal/mol
         40 |      1067725 |  -15.59 kcal/mol |  -16.47 +/-    0.18 kcal/mol |       9 |  -16.75 kcal/mol
         45 |      1202875 |  -16.18 kcal/mol |  -16.65 +/-    0.21 kcal/mol |       4 |  -16.97 kcal/mol
         50 |      1339398 |  -15.87 kcal/mol |  -16.68 +/-    0.43 kcal/mol |       5 |  -17.51 kcal/mol
         55 |      1476401 |  -15.39 kcal/mol |  -16.89 +/-    0.44 kcal/mol |       7 |  -17.51 kcal/mol
         60 |      1611011 |  -15.95 kcal/mol |  -17.01 +/-    0.51 kcal/mol |       4 |  -17.51 kcal/mol
         65 |      1752116 |  -15.10 kcal/mol |  -16.94 +/-    0.50 kcal/mol |       6 |  -17.55 kcal/mol
         70 |      1891347 |  -15.70 kcal/mol |  -17.43 +/-    0.27 kcal/mol |       4 |  -17.61 kcal/mol
         75 |      2031593 |  -16.40 kcal/mol |  -17.43 +/-    0.27 kcal/mol |       4 |  -17.61 kcal/mol
         80 |      2170519 |  -16.41 kcal/mol |  -17.46 +/-    0.23 kcal/mol |       9 |  -17.61 kcal/mol
         85 |      2312075 |  -17.08 kcal/mol |  -17.68 +/-    0.12 kcal/mol |       3 |  -17.85 kcal/mol
         90 |      2452810 |  -17.06 kcal/mol |  -17.68 +/-    0.13 kcal/mol |       6 |  -17.87 kcal/mol
         92 |      2507934 |  -17.35 kcal/mol |  -17.71 +/-    0.14 kcal/mol |       9 |  -17.87 kcal/mol
------------+--------------+------------------+------------------------------+---------+-------------------

                                   Finished evaluation after reaching
                       2507934 evaluations. Best inter + intra   -17.87 kcal/mol.


Shutdown time 0.000649s

Job #3 took 1.756 sec after waiting 0.048 sec for setup

(Thread 0 is processing Job #3)
Run time of entire job set (3 files): 9.343 sec
Savings from multithreading: -0.000 sec
Idle time of execution thread: 4.647 sec

All jobs (3) ran without errors.
