AutoDock-GPU version: v1.6-7-ga46ab564d2ac5f1a1523f65239b43505a1c29364-dirty

Using 1 OpenMP threads

Running 10 docking calculations

Cuda device:                              NVIDIA A100-SXM4-40GB
Available memory on device:               39916 MB (total: 40339 MB)

CUDA Setup time 0.235634s
(Thread 0 is setting up Job #1)

Running Job #1:
    Device: NVIDIA A100-SXM4-40GB
    Grid map file: ./protein.maps.fld
    Ligand file: ./ligand_1_1.pdbqt
    Output file: docking_result_1.dlg (+ xml)
    Using heuristics: (capped) number of evaluations set to 2068966
    Local-search chosen method is: ADADELTA (ad)

Rest of Setup time 0.073065s

Executing docking runs, stopping automatically after either reaching 0.15 kcal/mol standard deviation of
the best molecules of the last 4 * 5 generations, 42000 generations, or 2068966 evaluations:

Generations |  Evaluations |     Threshold    |  Average energy of best 10%  | Samples | Best Inter + Intra
------------+--------------+------------------+------------------------------+---------+-------------------
          0 |          150 |   -1.43 kcal/mol |   -1.67 +/-    0.20 kcal/mol |      13 |   -2.11 kcal/mol
          5 |       102406 |   -1.43 kcal/mol |   -4.25 +/-    1.43 kcal/mol |     787 |   -9.15 kcal/mol
         10 |       208991 |   -4.22 kcal/mol |   -8.14 +/-    0.71 kcal/mol |      36 |   -9.86 kcal/mol
         15 |       323147 |   -7.84 kcal/mol |   -9.60 +/-    0.23 kcal/mol |       4 |   -9.86 kcal/mol
         20 |       441832 |   -8.73 kcal/mol |   -9.50 +/-    0.26 kcal/mol |       8 |  -10.00 kcal/mol
         25 |       562078 |   -9.02 kcal/mol |   -9.91 +/-    0.52 kcal/mol |       4 |  -10.77 kcal/mol
         30 |       686618 |   -7.98 kcal/mol |   -9.67 +/-    0.65 kcal/mol |      16 |  -11.80 kcal/mol
         35 |       812128 |   -9.07 kcal/mol |  -10.58 +/-    0.92 kcal/mol |       4 |  -11.80 kcal/mol
         40 |       935644 |   -7.13 kcal/mol |   -9.61 +/-    0.72 kcal/mol |      22 |  -11.80 kcal/mol
         45 |      1060925 |   -9.12 kcal/mol |  -10.87 +/-    0.87 kcal/mol |       5 |  -11.80 kcal/mol
         50 |      1186231 |   -8.27 kcal/mol |  -11.56 +/-    0.52 kcal/mol |       5 |  -11.83 kcal/mol
         55 |      1312278 |   -9.99 kcal/mol |  -11.83 +/-    0.00 kcal/mol |       1 |  -11.83 kcal/mol
         60 |      1438550 |   -9.58 kcal/mol |  -10.21 +/-    0.81 kcal/mol |       5 |  -11.83 kcal/mol
         65 |      1566302 |   -7.77 kcal/mol |   -9.93 +/-    0.76 kcal/mol |      16 |  -11.83 kcal/mol
         70 |      1692613 |   -9.21 kcal/mol |  -11.13 +/-    0.80 kcal/mol |       4 |  -11.83 kcal/mol
         75 |      1818144 |   -8.14 kcal/mol |  -10.33 +/-    0.87 kcal/mol |       4 |  -11.83 kcal/mol
         80 |      1942937 |   -7.06 kcal/mol |   -9.70 +/-    0.56 kcal/mol |      19 |  -11.83 kcal/mol
         85 |      2066716 |   -9.26 kcal/mol |  -11.39 +/-    0.75 kcal/mol |       4 |  -11.83 kcal/mol
         86 |      2091377 |   -8.58 kcal/mol |  -11.68 +/-    0.40 kcal/mol |       8 |  -11.83 kcal/mol
------------+--------------+------------------+------------------------------+---------+-------------------

                                   Finished evaluation after reaching
                       2091377 evaluations. Best inter + intra   -11.83 kcal/mol.


Shutdown time 0.000679s

Job #1 took 0.685 sec after waiting 1.233 sec for setup

(Thread 0 is processing Job #1)
(Thread 0 is setting up Job #2)

Running Job #2:
    Device: NVIDIA A100-SXM4-40GB
    Grid map file: ./protein.maps.fld
    Ligand file: ./ligand_2_2.pdbqt
    Output file: docking_result_2.dlg (+ xml)
    Using heuristics: (capped) number of evaluations set to 3487417
    Overriding heuristics, setting number of evaluations to --nev = 2500000 instead.
    Local-search chosen method is: ADADELTA (ad)

Rest of Setup time 0.069870s

Executing docking runs, stopping automatically after either reaching 0.15 kcal/mol standard deviation of
the best molecules of the last 4 * 5 generations, 42000 generations, or 2500000 evaluations:

Generations |  Evaluations |     Threshold    |  Average energy of best 10%  | Samples | Best Inter + Intra
------------+--------------+------------------+------------------------------+---------+-------------------
          0 |          150 |  449.97 kcal/mol |  222.06 +/-   76.13 kcal/mol |       4 |  104.01 kcal/mol
          5 |        92021 |  507.57 kcal/mol |   24.26 +/-   45.88 kcal/mol |     731 |   -6.79 kcal/mol
         10 |       181581 |   25.20 kcal/mol |   -6.84 +/-    0.13 kcal/mol |       4 |   -7.04 kcal/mol
         15 |       275113 |   -6.35 kcal/mol |   -7.38 +/-    0.65 kcal/mol |       8 |   -8.37 kcal/mol
         20 |       369909 |   -6.17 kcal/mol |   -8.06 +/-    0.63 kcal/mol |       4 |   -8.87 kcal/mol
         25 |       460444 |   -5.70 kcal/mol |   -7.67 +/-    0.74 kcal/mol |       5 |   -8.87 kcal/mol
         30 |       548028 |   -5.45 kcal/mol |   -8.12 +/-    0.62 kcal/mol |       8 |   -8.87 kcal/mol
         35 |       631459 |   -6.97 kcal/mol |   -8.31 +/-    0.39 kcal/mol |       5 |   -8.87 kcal/mol
         40 |       710245 |   -7.13 kcal/mol |   -8.25 +/-    0.38 kcal/mol |       6 |   -8.87 kcal/mol
         45 |       784732 |   -7.31 kcal/mol |   -8.56 +/-    0.21 kcal/mol |       4 |   -8.87 kcal/mol
         50 |       855740 |   -7.77 kcal/mol |   -8.46 +/-    0.36 kcal/mol |       4 |   -8.87 kcal/mol
         55 |       928083 |   -7.13 kcal/mol |   -8.36 +/-    0.37 kcal/mol |       8 |   -8.87 kcal/mol
         60 |       999000 |   -7.66 kcal/mol |   -8.57 +/-    0.26 kcal/mol |       4 |   -8.87 kcal/mol
         65 |      1071250 |   -7.59 kcal/mol |   -8.57 +/-    0.28 kcal/mol |       7 |   -8.87 kcal/mol
         70 |      1143113 |   -7.96 kcal/mol |   -8.69 +/-    0.17 kcal/mol |       5 |   -8.88 kcal/mol
         75 |      1216276 |   -8.18 kcal/mol |   -8.62 +/-    0.27 kcal/mol |       4 |   -8.88 kcal/mol
         80 |      1287742 |   -7.61 kcal/mol |   -8.58 +/-    0.28 kcal/mol |       7 |   -8.90 kcal/mol
         85 |      1358699 |   -7.97 kcal/mol |   -8.74 +/-    0.18 kcal/mol |       5 |   -8.90 kcal/mol
         90 |      1431077 |   -8.20 kcal/mol |   -8.77 +/-    0.17 kcal/mol |       3 |   -8.90 kcal/mol
         95 |      1502100 |   -7.91 kcal/mol |   -8.56 +/-    0.28 kcal/mol |       5 |   -8.90 kcal/mol
        100 |      1574521 |   -7.71 kcal/mol |   -8.62 +/-    0.29 kcal/mol |       4 |   -8.90 kcal/mol
        105 |      1646893 |   -7.52 kcal/mol |   -8.52 +/-    0.30 kcal/mol |       6 |   -8.90 kcal/mol
        110 |      1718324 |   -7.78 kcal/mol |   -8.73 +/-    0.16 kcal/mol |       4 |   -8.90 kcal/mol
        115 |      1790043 |   -8.14 kcal/mol |   -8.76 +/-    0.13 kcal/mol |       4 |   -8.90 kcal/mol
        120 |      1862898 |   -8.29 kcal/mol |   -8.83 +/-    0.08 kcal/mol |       3 |   -8.90 kcal/mol
        125 |      1934343 |   -8.45 kcal/mol |   -8.76 +/-    0.12 kcal/mol |       5 |   -8.90 kcal/mol
------------+--------------+------------------+------------------------------+---------+-------------------

                                   Finished evaluation after reaching
                                   -8.77 +/-    0.13 kcal/mol combined.
                             16 samples, best inter + intra    -8.90 kcal/mol.


Shutdown time 0.000648s

Job #2 took 0.865 sec after waiting 0.025 sec for setup

(Thread 0 is processing Job #2)
(Thread 0 is setting up Job #3)

Running Job #3:
    Device: NVIDIA A100-SXM4-40GB
    Grid map file: ./protein.maps.fld
    Ligand file: ./ligand_3_3.pdbqt
    Output file: docking_result_3.dlg (+ xml)
    Using heuristics: (capped) number of evaluations set to 2068966
    Local-search chosen method is: ADADELTA (ad)

Rest of Setup time 0.067826s

Executing docking runs, stopping automatically after either reaching 0.15 kcal/mol standard deviation of
the best molecules of the last 4 * 5 generations, 42000 generations, or 2068966 evaluations:

Generations |  Evaluations |     Threshold    |  Average energy of best 10%  | Samples | Best Inter + Intra
------------+--------------+------------------+------------------------------+---------+-------------------
          0 |          150 |   -1.95 kcal/mol |   -3.46 +/-    0.40 kcal/mol |       4 |   -3.88 kcal/mol
          5 |        89665 |   -1.95 kcal/mol |   -5.39 +/-    1.49 kcal/mol |     652 |  -10.97 kcal/mol
         10 |       184250 |   -5.36 kcal/mol |   -9.48 +/-    0.66 kcal/mol |      52 |  -11.02 kcal/mol
         15 |       287763 |   -9.29 kcal/mol |  -10.91 +/-    0.20 kcal/mol |       5 |  -11.18 kcal/mol
         20 |       399487 |  -10.30 kcal/mol |  -11.02 +/-    0.14 kcal/mol |       8 |  -11.21 kcal/mol
         25 |       515918 |  -10.76 kcal/mol |  -11.12 +/-    0.15 kcal/mol |       8 |  -11.31 kcal/mol
         30 |       636608 |  -10.84 kcal/mol |  -11.03 +/-    0.14 kcal/mol |      11 |  -11.31 kcal/mol
         35 |       754366 |  -10.84 kcal/mol |  -11.12 +/-    0.11 kcal/mol |       7 |  -11.31 kcal/mol
         40 |       873209 |  -10.88 kcal/mol |  -11.06 +/-    0.09 kcal/mol |      10 |  -11.31 kcal/mol
------------+--------------+------------------+------------------------------+---------+-------------------

                                   Finished evaluation after reaching
                                  -11.08 +/-    0.13 kcal/mol combined.
                             36 samples, best inter + intra   -11.31 kcal/mol.


Shutdown time 0.000596s

Job #3 took 0.365 sec after waiting 0.029 sec for setup

(Thread 0 is processing Job #3)
(Thread 0 is setting up Job #4)

Running Job #4:
    Device: NVIDIA A100-SXM4-40GB
    Grid map file: ./protein.maps.fld
    Ligand file: ./ligand_4_4.pdbqt
    Output file: docking_result_4.dlg (+ xml)
    Using heuristics: (capped) number of evaluations set to 2845257
    Overriding heuristics, setting number of evaluations to --nev = 2500000 instead.
    Local-search chosen method is: ADADELTA (ad)

Rest of Setup time 0.067538s

Executing docking runs, stopping automatically after either reaching 0.15 kcal/mol standard deviation of
the best molecules of the last 4 * 5 generations, 42000 generations, or 2500000 evaluations:

Generations |  Evaluations |     Threshold    |  Average energy of best 10%  | Samples | Best Inter + Intra
------------+--------------+------------------+------------------------------+---------+-------------------
          0 |          150 |  310.71 kcal/mol |  175.87 +/-   52.16 kcal/mol |       4 |   89.49 kcal/mol
          5 |       107337 |  371.46 kcal/mol |   15.63 +/-   37.35 kcal/mol |     918 |   -6.54 kcal/mol
         10 |       208228 |   16.24 kcal/mol |   -8.76 +/-    0.38 kcal/mol |       4 |   -9.10 kcal/mol
         15 |       306664 |   -7.33 kcal/mol |   -9.17 +/-    0.24 kcal/mol |       4 |   -9.52 kcal/mol
         20 |       402482 |   -8.27 kcal/mol |   -9.25 +/-    0.21 kcal/mol |       7 |   -9.52 kcal/mol
         25 |       494764 |   -8.81 kcal/mol |   -9.28 +/-    0.15 kcal/mol |       5 |   -9.52 kcal/mol
         30 |       580348 |   -8.83 kcal/mol |   -9.27 +/-    0.15 kcal/mol |       7 |   -9.52 kcal/mol
         35 |       662989 |   -8.95 kcal/mol |   -9.60 +/-    0.36 kcal/mol |       4 |  -10.15 kcal/mol
         40 |       745882 |   -8.26 kcal/mol |   -9.69 +/-    0.39 kcal/mol |      10 |  -10.15 kcal/mol
         45 |       824887 |   -9.11 kcal/mol |   -9.98 +/-    0.27 kcal/mol |       4 |  -10.15 kcal/mol
         50 |       901541 |   -8.98 kcal/mol |   -9.95 +/-    0.33 kcal/mol |       4 |  -10.15 kcal/mol
         55 |       979894 |   -8.71 kcal/mol |   -9.95 +/-    0.33 kcal/mol |       4 |  -10.15 kcal/mol
         60 |      1055621 |   -8.71 kcal/mol |   -9.95 +/-    0.33 kcal/mol |       4 |  -10.15 kcal/mol
         65 |      1132403 |   -8.71 kcal/mol |   -9.80 +/-    0.35 kcal/mol |       4 |  -10.15 kcal/mol
         70 |      1208283 |   -8.50 kcal/mol |   -9.75 +/-    0.39 kcal/mol |       6 |  -10.16 kcal/mol
         75 |      1283926 |   -8.76 kcal/mol |   -9.93 +/-    0.22 kcal/mol |       4 |  -10.16 kcal/mol
         80 |      1357867 |   -9.09 kcal/mol |   -9.79 +/-    0.35 kcal/mol |       4 |  -10.16 kcal/mol
         85 |      1432953 |   -8.46 kcal/mol |   -9.67 +/-    0.39 kcal/mol |       8 |  -10.16 kcal/mol
         90 |      1508281 |   -8.95 kcal/mol |   -9.82 +/-    0.33 kcal/mol |       4 |  -10.16 kcal/mol
         95 |      1583004 |   -8.60 kcal/mol |   -9.77 +/-    0.38 kcal/mol |       4 |  -10.16 kcal/mol
        100 |      1658308 |   -8.35 kcal/mol |   -9.69 +/-    0.30 kcal/mol |       8 |  -10.16 kcal/mol
        105 |      1731673 |   -9.13 kcal/mol |  -10.18 +/-    0.02 kcal/mol |       5 |  -10.21 kcal/mol
        110 |      1804767 |   -9.73 kcal/mol |  -10.19 +/-    0.02 kcal/mol |       4 |  -10.21 kcal/mol
        115 |      1877974 |   -9.62 kcal/mol |  -10.08 +/-    0.22 kcal/mol |       4 |  -10.21 kcal/mol
        120 |      1951523 |   -9.24 kcal/mol |  -10.01 +/-    0.22 kcal/mol |       5 |  -10.21 kcal/mol
        125 |      2025118 |   -9.34 kcal/mol |  -10.20 +/-    0.01 kcal/mol |       4 |  -10.21 kcal/mol
        130 |      2098132 |   -9.64 kcal/mol |   -9.95 +/-    0.26 kcal/mol |       4 |  -10.21 kcal/mol
        135 |      2171642 |   -8.99 kcal/mol |   -9.89 +/-    0.29 kcal/mol |       5 |  -10.26 kcal/mol
        140 |      2246101 |   -9.02 kcal/mol |   -9.85 +/-    0.28 kcal/mol |       6 |  -10.26 kcal/mol
        145 |      2320423 |   -9.15 kcal/mol |   -9.94 +/-    0.29 kcal/mol |       4 |  -10.26 kcal/mol
        150 |      2393915 |   -8.84 kcal/mol |   -9.85 +/-    0.33 kcal/mol |       5 |  -10.26 kcal/mol
        155 |      2466988 |   -8.87 kcal/mol |   -9.88 +/-    0.29 kcal/mol |       5 |  -10.26 kcal/mol
        158 |      2510166 |   -9.00 kcal/mol |   -9.97 +/-    0.30 kcal/mol |      11 |  -10.26 kcal/mol
------------+--------------+------------------+------------------------------+---------+-------------------

                                   Finished evaluation after reaching
                       2510166 evaluations. Best inter + intra   -10.26 kcal/mol.


Shutdown time 0.000647s

Job #4 took 0.969 sec after waiting 0.029 sec for setup

(Thread 0 is processing Job #4)
(Thread 0 is setting up Job #5)

Running Job #5:
    Device: NVIDIA A100-SXM4-40GB
    Grid map file: ./protein.maps.fld
    Ligand file: ./ligand_5_5.pdbqt
    Output file: docking_result_5.dlg (+ xml)
    Using heuristics: (capped) number of evaluations set to 6512245
    Overriding heuristics, setting number of evaluations to --nev = 2500000 instead.
    Warning: The set number of evals is 17.56% of the uncapped heuristics estimate of 14240240 evals.
             This means this docking may not be able to converge. Increasing --heurmax may improve
             convergence but will also increase runtime.
             AutoStop will not stop before 53.80% (1345079) of the set number of evaluations.
    Local-search chosen method is: ADADELTA (ad)

Rest of Setup time 0.068427s

Executing docking runs, stopping automatically after either reaching 0.15 kcal/mol standard deviation of
the best molecules of the last 4 * 5 generations, 42000 generations, or 2500000 evaluations:

Generations |  Evaluations |     Threshold    |  Average energy of best 10%  | Samples | Best Inter + Intra
------------+--------------+------------------+------------------------------+---------+-------------------
          0 |          150 |   -0.12 kcal/mol |   -2.14 +/-    0.67 kcal/mol |       9 |   -3.76 kcal/mol
          5 |       102133 |   -1.03 kcal/mol |   -6.62 +/-    1.85 kcal/mol |     829 |  -14.15 kcal/mol
         10 |       218816 |   -6.58 kcal/mol |  -11.18 +/-    0.89 kcal/mol |      41 |  -14.93 kcal/mol
         15 |       347305 |  -10.85 kcal/mol |  -13.22 +/-    0.71 kcal/mol |       8 |  -14.95 kcal/mol
         20 |       484214 |  -11.89 kcal/mol |  -13.72 +/-    0.49 kcal/mol |       8 |  -14.95 kcal/mol
         25 |       628948 |  -12.80 kcal/mol |  -13.92 +/-    0.66 kcal/mol |       4 |  -15.00 kcal/mol
         30 |       777720 |  -11.46 kcal/mol |  -13.35 +/-    0.66 kcal/mol |      19 |  -15.00 kcal/mol
         35 |       924233 |  -12.83 kcal/mol |  -14.48 +/-    0.36 kcal/mol |       4 |  -15.00 kcal/mol
         40 |      1074180 |  -13.14 kcal/mol |  -14.66 +/-    0.44 kcal/mol |       4 |  -15.00 kcal/mol
         45 |      1223379 |  -13.02 kcal/mol |  -14.45 +/-    0.53 kcal/mol |       4 |  -15.00 kcal/mol
         50 |      1371365 |  -12.46 kcal/mol |  -13.91 +/-    0.46 kcal/mol |      14 |  -15.01 kcal/mol
         55 |      1518595 |  -13.42 kcal/mol |  -14.84 +/-    0.28 kcal/mol |       4 |  -15.03 kcal/mol
         60 |      1665056 |  -13.78 kcal/mol |  -14.71 +/-    0.31 kcal/mol |       4 |  -15.03 kcal/mol
         65 |      1814585 |  -13.56 kcal/mol |  -14.55 +/-    0.32 kcal/mol |       7 |  -15.03 kcal/mol
         70 |      1960822 |  -13.86 kcal/mol |  -14.95 +/-    0.18 kcal/mol |       6 |  -15.07 kcal/mol
         75 |      2104892 |  -14.51 kcal/mol |  -15.03 +/-    0.21 kcal/mol |       4 |  -15.32 kcal/mol
         80 |      2247813 |  -14.23 kcal/mol |  -15.02 +/-    0.15 kcal/mol |       9 |  -15.32 kcal/mol
         85 |      2393215 |  -14.78 kcal/mol |  -15.13 +/-    0.11 kcal/mol |       4 |  -15.32 kcal/mol
         89 |      2508368 |  -14.70 kcal/mol |  -15.10 +/-    0.11 kcal/mol |      11 |  -15.32 kcal/mol
------------+--------------+------------------+------------------------------+---------+-------------------

                                   Finished evaluation after reaching
                       2508368 evaluations. Best inter + intra   -15.32 kcal/mol.


Shutdown time 0.000678s

Job #5 took 1.167 sec after waiting 0.026 sec for setup

(Thread 0 is processing Job #5)
(Thread 0 is setting up Job #6)

Running Job #6:
    Device: NVIDIA A100-SXM4-40GB
    Grid map file: ./protein.maps.fld
    Ligand file: ./ligand_6_6.pdbqt
    Output file: docking_result_6.dlg (+ xml)
    Using heuristics: (capped) number of evaluations set to 2068966
    Local-search chosen method is: ADADELTA (ad)

Rest of Setup time 0.069300s

Executing docking runs, stopping automatically after either reaching 0.15 kcal/mol standard deviation of
the best molecules of the last 4 * 5 generations, 42000 generations, or 2068966 evaluations:

Generations |  Evaluations |     Threshold    |  Average energy of best 10%  | Samples | Best Inter + Intra
------------+--------------+------------------+------------------------------+---------+-------------------
          0 |          150 |   -0.22 kcal/mol |   -1.73 +/-    0.52 kcal/mol |      12 |   -2.98 kcal/mol
          5 |       127049 |   -1.09 kcal/mol |   -4.73 +/-    1.49 kcal/mol |     973 |   -9.09 kcal/mol
         10 |       252701 |   -4.71 kcal/mol |   -8.44 +/-    0.65 kcal/mol |      60 |  -10.26 kcal/mol
         15 |       380446 |   -8.27 kcal/mol |  -10.19 +/-    0.16 kcal/mol |       7 |  -10.32 kcal/mol
         20 |       506858 |   -9.84 kcal/mol |  -10.26 +/-    0.10 kcal/mol |       8 |  -10.37 kcal/mol
         25 |       631167 |  -10.06 kcal/mol |  -10.30 +/-    0.06 kcal/mol |       6 |  -10.37 kcal/mol
         30 |       756225 |   -9.92 kcal/mol |  -10.20 +/-    0.14 kcal/mol |      13 |  -10.37 kcal/mol
         35 |       877348 |  -10.03 kcal/mol |  -10.30 +/-    0.06 kcal/mol |       7 |  -10.37 kcal/mol
------------+--------------+------------------+------------------------------+---------+-------------------

                                   Finished evaluation after reaching
                                  -10.25 +/-    0.12 kcal/mol combined.
                             34 samples, best inter + intra   -10.37 kcal/mol.


Shutdown time 0.000635s

Job #6 took 0.297 sec after waiting 0.049 sec for setup

(Thread 0 is processing Job #6)
(Thread 0 is setting up Job #7)

Running Job #7:
    Device: NVIDIA A100-SXM4-40GB
    Grid map file: ./protein.maps.fld
    Ligand file: ./ligand_7_7.pdbqt
    Output file: docking_result_7.dlg (+ xml)
    Using heuristics: (capped) number of evaluations set to 2068966
    Local-search chosen method is: ADADELTA (ad)

Rest of Setup time 0.068397s

Executing docking runs, stopping automatically after either reaching 0.15 kcal/mol standard deviation of
the best molecules of the last 4 * 5 generations, 42000 generations, or 2068966 evaluations:

Generations |  Evaluations |     Threshold    |  Average energy of best 10%  | Samples | Best Inter + Intra
------------+--------------+------------------+------------------------------+---------+-------------------
          0 |          150 |   -1.57 kcal/mol |   -2.03 +/-    0.18 kcal/mol |       6 |   -2.30 kcal/mol
          5 |        96423 |   -1.57 kcal/mol |   -4.61 +/-    1.47 kcal/mol |     713 |  -10.38 kcal/mol
         10 |       200971 |   -4.58 kcal/mol |   -8.72 +/-    0.77 kcal/mol |      31 |  -10.47 kcal/mol
         15 |       313159 |   -8.35 kcal/mol |  -10.05 +/-    0.28 kcal/mol |       6 |  -10.47 kcal/mol
         20 |       431035 |   -9.35 kcal/mol |  -10.29 +/-    0.18 kcal/mol |       6 |  -10.47 kcal/mol
         25 |       555617 |   -9.84 kcal/mol |  -10.46 +/-    0.14 kcal/mol |       5 |  -10.72 kcal/mol
         30 |       680918 |  -10.05 kcal/mol |  -10.53 +/-    0.19 kcal/mol |       5 |  -10.82 kcal/mol
         35 |       805889 |   -9.95 kcal/mol |  -10.69 +/-    0.18 kcal/mol |       4 |  -10.84 kcal/mol
         40 |       932525 |  -10.03 kcal/mol |  -10.47 +/-    0.19 kcal/mol |      16 |  -10.85 kcal/mol
         45 |      1062236 |  -10.29 kcal/mol |  -10.45 +/-    0.17 kcal/mol |      10 |  -10.85 kcal/mol
         50 |      1192838 |  -10.20 kcal/mol |  -10.75 +/-    0.07 kcal/mol |       5 |  -10.85 kcal/mol
         55 |      1325879 |  -10.30 kcal/mol |  -10.77 +/-    0.07 kcal/mol |       5 |  -10.85 kcal/mol
         60 |      1455875 |  -10.32 kcal/mol |  -10.53 +/-    0.17 kcal/mol |      15 |  -10.85 kcal/mol
         65 |      1589337 |  -10.36 kcal/mol |  -10.81 +/-    0.07 kcal/mol |       4 |  -10.85 kcal/mol
         70 |      1721709 |  -10.25 kcal/mol |  -10.53 +/-    0.20 kcal/mol |      10 |  -10.85 kcal/mol
         75 |      1851707 |  -10.24 kcal/mol |  -10.48 +/-    0.19 kcal/mol |      12 |  -10.85 kcal/mol
         80 |      1981967 |  -10.24 kcal/mol |  -10.71 +/-    0.16 kcal/mol |       4 |  -10.85 kcal/mol
         84 |      2088332 |  -10.13 kcal/mol |  -10.56 +/-    0.20 kcal/mol |      22 |  -10.85 kcal/mol
------------+--------------+------------------+------------------------------+---------+-------------------

                                   Finished evaluation after reaching
                       2088332 evaluations. Best inter + intra   -10.85 kcal/mol.


Shutdown time 0.000664s

Job #7 took 0.754 sec after waiting 0.020 sec for setup

(Thread 0 is processing Job #7)
(Thread 0 is setting up Job #8)

Running Job #8:
    Device: NVIDIA A100-SXM4-40GB
    Grid map file: ./protein.maps.fld
    Ligand file: ./ligand_8_8.pdbqt
    Output file: docking_result_8.dlg (+ xml)
    Using heuristics: (capped) number of evaluations set to 3487417
    Overriding heuristics, setting number of evaluations to --nev = 2500000 instead.
    Local-search chosen method is: ADADELTA (ad)

Rest of Setup time 0.068564s

Executing docking runs, stopping automatically after either reaching 0.15 kcal/mol standard deviation of
the best molecules of the last 4 * 5 generations, 42000 generations, or 2500000 evaluations:

Generations |  Evaluations |     Threshold    |  Average energy of best 10%  | Samples | Best Inter + Intra
------------+--------------+------------------+------------------------------+---------+-------------------
          0 |          150 |   -0.17 kcal/mol |   -1.75 +/-    0.54 kcal/mol |      13 |   -3.14 kcal/mol
          5 |       101133 |   -1.13 kcal/mol |   -4.94 +/-    1.41 kcal/mol |     759 |  -10.01 kcal/mol
         10 |       209687 |   -4.91 kcal/mol |   -8.75 +/-    0.78 kcal/mol |      33 |  -10.13 kcal/mol
         15 |       324638 |   -8.40 kcal/mol |  -10.08 +/-    0.11 kcal/mol |       7 |  -10.25 kcal/mol
         20 |       445241 |   -9.85 kcal/mol |  -10.13 +/-    0.19 kcal/mol |      12 |  -10.70 kcal/mol
         25 |       568760 |   -9.90 kcal/mol |  -10.39 +/-    0.32 kcal/mol |       6 |  -11.09 kcal/mol
         30 |       697928 |   -9.59 kcal/mol |  -10.60 +/-    0.35 kcal/mol |      11 |  -11.12 kcal/mol
         35 |       826224 |  -10.12 kcal/mol |  -11.00 +/-    0.10 kcal/mol |       4 |  -11.15 kcal/mol
         40 |       953370 |  -10.62 kcal/mol |  -11.00 +/-    0.07 kcal/mol |       8 |  -11.15 kcal/mol
         45 |      1079523 |  -10.72 kcal/mol |  -11.08 +/-    0.07 kcal/mol |       4 |  -11.15 kcal/mol
         50 |      1205820 |  -10.52 kcal/mol |  -11.08 +/-    0.11 kcal/mol |       4 |  -11.20 kcal/mol
         55 |      1336963 |  -10.68 kcal/mol |  -11.07 +/-    0.10 kcal/mol |       6 |  -11.20 kcal/mol
         60 |      1465357 |  -10.82 kcal/mol |  -11.12 +/-    0.09 kcal/mol |       3 |  -11.20 kcal/mol
         65 |      1594937 |  -10.66 kcal/mol |  -11.09 +/-    0.10 kcal/mol |       4 |  -11.20 kcal/mol
------------+--------------+------------------+------------------------------+---------+-------------------

                                   Finished evaluation after reaching
                                  -11.08 +/-    0.10 kcal/mol combined.
                             17 samples, best inter + intra   -11.20 kcal/mol.


Shutdown time 0.000642s

Job #8 took 0.550 sec after waiting 0.031 sec for setup

(Thread 0 is processing Job #8)
(Thread 0 is setting up Job #9)

Running Job #9:
    Device: NVIDIA A100-SXM4-40GB
    Grid map file: ./protein.maps.fld
    Ligand file: ./ligand_9_9.pdbqt
    Output file: docking_result_9.dlg (+ xml)
    Using heuristics: (capped) number of evaluations set to 4195460
    Overriding heuristics, setting number of evaluations to --nev = 2500000 instead.
    Warning: The set number of evals is 38.75% of the uncapped heuristics estimate of 6450800 evals.
             This means this docking may not be able to converge. Increasing --heurmax may improve
             convergence but will also increase runtime.
             AutoStop will not stop before 17.33% (433129) of the set number of evaluations.
    Local-search chosen method is: ADADELTA (ad)

Rest of Setup time 0.069198s

Executing docking runs, stopping automatically after either reaching 0.15 kcal/mol standard deviation of
the best molecules of the last 4 * 5 generations, 42000 generations, or 2500000 evaluations:

Generations |  Evaluations |     Threshold    |  Average energy of best 10%  | Samples | Best Inter + Intra
------------+--------------+------------------+------------------------------+---------+-------------------
          0 |          150 |   -1.55 kcal/mol |   -2.42 +/-    0.27 kcal/mol |       7 |   -2.99 kcal/mol
          5 |       113092 |   -1.84 kcal/mol |   -6.07 +/-    1.76 kcal/mol |     958 |  -12.40 kcal/mol
         10 |       232872 |   -6.04 kcal/mol |  -10.67 +/-    0.88 kcal/mol |      51 |  -13.33 kcal/mol
         15 |       356092 |  -10.41 kcal/mol |  -12.73 +/-    0.38 kcal/mol |       9 |  -13.58 kcal/mol
         20 |       484044 |  -12.09 kcal/mol |  -13.19 +/-    0.25 kcal/mol |       4 |  -13.58 kcal/mol
         25 |       616361 |  -12.24 kcal/mol |  -13.21 +/-    0.25 kcal/mol |       4 |  -13.58 kcal/mol
         30 |       752916 |  -12.28 kcal/mol |  -13.43 +/-    0.44 kcal/mol |       6 |  -13.89 kcal/mol
         35 |       888575 |  -12.33 kcal/mol |  -13.75 +/-    0.53 kcal/mol |       4 |  -14.40 kcal/mol
         40 |      1027639 |  -11.75 kcal/mol |  -13.82 +/-    0.47 kcal/mol |      13 |  -14.57 kcal/mol
         45 |      1166359 |  -13.28 kcal/mol |  -14.59 +/-    0.14 kcal/mol |       5 |  -14.87 kcal/mol
         50 |      1306037 |  -14.16 kcal/mol |  -14.58 +/-    0.32 kcal/mol |       4 |  -14.90 kcal/mol
         55 |      1449216 |  -13.39 kcal/mol |  -14.34 +/-    0.35 kcal/mol |       4 |  -14.94 kcal/mol
         60 |      1585698 |  -13.01 kcal/mol |  -14.29 +/-    0.29 kcal/mol |       7 |  -14.94 kcal/mol
         65 |      1725458 |  -13.68 kcal/mol |  -14.36 +/-    0.37 kcal/mol |       4 |  -14.94 kcal/mol
         70 |      1863074 |  -12.98 kcal/mol |  -14.42 +/-    0.39 kcal/mol |       6 |  -14.94 kcal/mol
         75 |      2000865 |  -13.45 kcal/mol |  -14.29 +/-    0.31 kcal/mol |       6 |  -14.94 kcal/mol
         80 |      2139685 |  -13.52 kcal/mol |  -14.41 +/-    0.33 kcal/mol |       4 |  -14.94 kcal/mol
         85 |      2281166 |  -13.17 kcal/mol |  -14.51 +/-    0.36 kcal/mol |       5 |  -14.94 kcal/mol
         90 |      2421943 |  -13.42 kcal/mol |  -14.44 +/-    0.29 kcal/mol |       5 |  -15.00 kcal/mol
         93 |      2505302 |  -13.58 kcal/mol |  -14.47 +/-    0.31 kcal/mol |       8 |  -15.00 kcal/mol
------------+--------------+------------------+------------------------------+---------+-------------------

                                   Finished evaluation after reaching
                       2505302 evaluations. Best inter + intra   -15.00 kcal/mol.


Shutdown time 0.000609s

Job #9 took 0.925 sec after waiting 0.026 sec for setup

(Thread 0 is processing Job #9)
(Thread 0 is setting up Job #10)

Running Job #10:
    Device: NVIDIA A100-SXM4-40GB
    Grid map file: ./protein.maps.fld
    Ligand file: ./ligand_10_10.pdbqt
    Output file: docking_result_10.dlg (+ xml)
    Using heuristics: (capped) number of evaluations set to 2068966
    Local-search chosen method is: ADADELTA (ad)

Rest of Setup time 0.068788s

Executing docking runs, stopping automatically after either reaching 0.15 kcal/mol standard deviation of
the best molecules of the last 4 * 5 generations, 42000 generations, or 2068966 evaluations:

Generations |  Evaluations |     Threshold    |  Average energy of best 10%  | Samples | Best Inter + Intra
------------+--------------+------------------+------------------------------+---------+-------------------
          0 |          150 |   -1.14 kcal/mol |   -1.48 +/-    0.23 kcal/mol |      10 |   -2.00 kcal/mol
          5 |       100750 |   -1.14 kcal/mol |   -4.38 +/-    1.44 kcal/mol |     770 |   -9.35 kcal/mol
         10 |       209837 |   -4.35 kcal/mol |   -8.10 +/-    0.79 kcal/mol |      38 |  -10.11 kcal/mol
         15 |       323528 |   -7.78 kcal/mol |   -9.79 +/-    0.34 kcal/mol |       5 |  -10.34 kcal/mol
         20 |       441359 |   -8.79 kcal/mol |   -9.83 +/-    0.30 kcal/mol |      10 |  -10.39 kcal/mol
         25 |       561311 |   -9.39 kcal/mol |   -9.81 +/-    0.23 kcal/mol |      11 |  -10.48 kcal/mol
         30 |       686796 |   -9.50 kcal/mol |  -10.23 +/-    0.22 kcal/mol |       6 |  -10.49 kcal/mol
         35 |       812216 |   -9.69 kcal/mol |   -9.91 +/-    0.23 kcal/mol |       8 |  -10.49 kcal/mol
         40 |       939280 |   -9.47 kcal/mol |  -10.26 +/-    0.22 kcal/mol |       7 |  -10.49 kcal/mol
         45 |      1067206 |   -9.78 kcal/mol |  -10.16 +/-    0.23 kcal/mol |       4 |  -10.49 kcal/mol
         50 |      1195638 |   -9.30 kcal/mol |  -10.19 +/-    0.24 kcal/mol |       7 |  -10.49 kcal/mol
         55 |      1324176 |   -9.69 kcal/mol |  -10.33 +/-    0.13 kcal/mol |       5 |  -10.49 kcal/mol
         60 |      1450304 |   -9.93 kcal/mol |  -10.41 +/-    0.08 kcal/mol |       5 |  -10.49 kcal/mol
         65 |      1579264 |  -10.18 kcal/mol |  -10.45 +/-    0.05 kcal/mol |       2 |  -10.49 kcal/mol
         70 |      1707506 |   -9.32 kcal/mol |   -9.87 +/-    0.24 kcal/mol |      17 |  -10.49 kcal/mol
         75 |      1835130 |   -9.66 kcal/mol |  -10.45 +/-    0.04 kcal/mol |       4 |  -10.49 kcal/mol
         80 |      1963024 |   -9.88 kcal/mol |  -10.23 +/-    0.24 kcal/mol |       4 |  -10.49 kcal/mol
         85 |      2090071 |   -9.33 kcal/mol |  -10.13 +/-    0.25 kcal/mol |      13 |  -10.49 kcal/mol
------------+--------------+------------------+------------------------------+---------+-------------------

                                   Finished evaluation after reaching
                       2090071 evaluations. Best inter + intra   -10.49 kcal/mol.


Shutdown time 0.000630s

Job #10 took 0.738 sec after waiting 0.033 sec for setup

(Thread 0 is processing Job #10)
Run time of entire job set (10 files): 8.845 sec
Savings from multithreading: -0.001 sec
Idle time of execution thread: 1.529 sec

All jobs (10) ran without errors.
