AutoDock-GPU version: v1.6-7-ga46ab564d2ac5f1a1523f65239b43505a1c29364-dirty

Using 1 OpenMP threads

Running 9 docking calculations

Cuda device:                              NVIDIA A100-SXM4-40GB
Available memory on device:               39916 MB (total: 40339 MB)

CUDA Setup time 0.233707s
(Thread 0 is setting up Job #1)

Running Job #1:
    Device: NVIDIA A100-SXM4-40GB
    Grid map file: ./protein.maps.fld
    Ligand file: ./ligand_1_1.pdbqt
    Output file: docking_result_1.dlg (+ xml)
    Using heuristics: (capped) number of evaluations set to 2280181
    Local-search chosen method is: ADADELTA (ad)

Rest of Setup time 0.310333s

Executing docking runs, stopping automatically after either reaching 0.15 kcal/mol standard deviation of
the best molecules of the last 4 * 5 generations, 42000 generations, or 2280181 evaluations:

Generations |  Evaluations |     Threshold    |  Average energy of best 10%  | Samples | Best Inter + Intra
------------+--------------+------------------+------------------------------+---------+-------------------
          0 |          150 |   -2.18 kcal/mol |   -2.76 +/-    0.15 kcal/mol |       4 |   -2.92 kcal/mol
          5 |       136175 |   -2.18 kcal/mol |   -5.58 +/-    1.72 kcal/mol |    1017 |  -12.95 kcal/mol
         10 |       269537 |   -5.55 kcal/mol |   -9.97 +/-    0.96 kcal/mol |      52 |  -12.95 kcal/mol
         15 |       408226 |   -9.70 kcal/mol |  -12.01 +/-    0.40 kcal/mol |       9 |  -12.95 kcal/mol
         20 |       546041 |  -11.34 kcal/mol |  -12.49 +/-    0.28 kcal/mol |       4 |  -12.95 kcal/mol
         25 |       683019 |  -11.45 kcal/mol |  -12.34 +/-    0.24 kcal/mol |      13 |  -12.96 kcal/mol
         30 |       820259 |  -12.06 kcal/mol |  -12.79 +/-    0.19 kcal/mol |       5 |  -13.02 kcal/mol
         35 |       956105 |  -12.23 kcal/mol |  -12.88 +/-    0.19 kcal/mol |       4 |  -13.05 kcal/mol
         40 |      1090621 |  -12.18 kcal/mol |  -13.22 +/-    0.31 kcal/mol |       9 |  -13.54 kcal/mol
         45 |      1222142 |  -12.71 kcal/mol |  -13.05 +/-    0.20 kcal/mol |      10 |  -13.54 kcal/mol
         50 |      1353072 |  -12.76 kcal/mol |  -13.15 +/-    0.21 kcal/mol |       9 |  -13.54 kcal/mol
         55 |      1487510 |  -12.80 kcal/mol |  -13.24 +/-    0.20 kcal/mol |       7 |  -13.54 kcal/mol
         60 |      1617649 |  -12.82 kcal/mol |  -13.66 +/-    0.24 kcal/mol |       4 |  -13.82 kcal/mol
         65 |      1751050 |  -12.75 kcal/mol |  -13.36 +/-    0.28 kcal/mol |       5 |  -13.91 kcal/mol
         70 |      1883937 |  -12.52 kcal/mol |  -13.45 +/-    0.29 kcal/mol |       5 |  -14.00 kcal/mol
         75 |      2016295 |  -12.58 kcal/mol |  -13.72 +/-    0.23 kcal/mol |       4 |  -14.00 kcal/mol
         80 |      2147021 |  -12.87 kcal/mol |  -13.51 +/-    0.31 kcal/mol |       4 |  -14.01 kcal/mol
         85 |      2277917 |  -12.33 kcal/mol |  -13.33 +/-    0.33 kcal/mol |       6 |  -14.01 kcal/mol
         86 |      2303225 |  -12.49 kcal/mol |  -13.39 +/-    0.35 kcal/mol |       9 |  -14.01 kcal/mol
------------+--------------+------------------+------------------------------+---------+-------------------

                                   Finished evaluation after reaching
                       2303225 evaluations. Best inter + intra   -14.01 kcal/mol.


Shutdown time 0.000705s

Job #1 took 1.125 sec after waiting 4.561 sec for setup

(Thread 0 is processing Job #1)
(Thread 0 is setting up Job #2)

Running Job #2:
    Device: NVIDIA A100-SXM4-40GB
    Grid map file: ./protein.maps.fld
    Ligand file: ./ligand_2_2.pdbqt
    Output file: docking_result_2.dlg (+ xml)
    Using heuristics: (capped) number of evaluations set to 2068966
    Local-search chosen method is: ADADELTA (ad)

Rest of Setup time 0.304739s

Executing docking runs, stopping automatically after either reaching 0.15 kcal/mol standard deviation of
the best molecules of the last 4 * 5 generations, 42000 generations, or 2068966 evaluations:

Generations |  Evaluations |     Threshold    |  Average energy of best 10%  | Samples | Best Inter + Intra
------------+--------------+------------------+------------------------------+---------+-------------------
          0 |          150 |   -1.52 kcal/mol |   -2.42 +/-    0.24 kcal/mol |       4 |   -2.71 kcal/mol
          5 |       116774 |   -1.52 kcal/mol |   -4.26 +/-    1.43 kcal/mol |     799 |  -10.03 kcal/mol
         10 |       235807 |   -4.24 kcal/mol |   -8.23 +/-    0.98 kcal/mol |      50 |  -10.71 kcal/mol
         15 |       358542 |   -7.93 kcal/mol |  -10.39 +/-    0.32 kcal/mol |      11 |  -10.71 kcal/mol
         20 |       485075 |   -9.95 kcal/mol |  -10.69 +/-    0.12 kcal/mol |       6 |  -10.91 kcal/mol
         25 |       607959 |  -10.38 kcal/mol |  -10.98 +/-    0.17 kcal/mol |       7 |  -11.13 kcal/mol
         30 |       730337 |  -10.62 kcal/mol |  -11.02 +/-    0.23 kcal/mol |       5 |  -11.25 kcal/mol
         35 |       851835 |  -10.32 kcal/mol |  -11.15 +/-    0.08 kcal/mol |       5 |  -11.25 kcal/mol
         40 |       974303 |  -10.90 kcal/mol |  -11.32 +/-    0.12 kcal/mol |       5 |  -11.45 kcal/mol
         45 |      1098296 |  -10.95 kcal/mol |  -11.31 +/-    0.12 kcal/mol |       4 |  -11.45 kcal/mol
         50 |      1221203 |  -10.85 kcal/mol |  -11.28 +/-    0.15 kcal/mol |       7 |  -11.45 kcal/mol
         55 |      1347057 |  -10.95 kcal/mol |  -11.27 +/-    0.13 kcal/mol |      15 |  -11.47 kcal/mol
         60 |      1470979 |  -11.14 kcal/mol |  -11.36 +/-    0.08 kcal/mol |       8 |  -11.47 kcal/mol
         65 |      1596579 |  -11.20 kcal/mol |  -11.32 +/-    0.09 kcal/mol |      12 |  -11.47 kcal/mol
         70 |      1719200 |  -11.21 kcal/mol |  -11.37 +/-    0.08 kcal/mol |      15 |  -11.47 kcal/mol
------------+--------------+------------------+------------------------------+---------+-------------------

                                   Finished evaluation after reaching
                                  -11.33 +/-    0.11 kcal/mol combined.
                             50 samples, best inter + intra   -11.47 kcal/mol.


Shutdown time 0.000666s

Job #2 took 0.846 sec after waiting 0.036 sec for setup

(Thread 0 is processing Job #2)
(Thread 0 is setting up Job #3)

Running Job #3:
    Device: NVIDIA A100-SXM4-40GB
    Grid map file: ./protein.maps.fld
    Ligand file: ./ligand_3_3.pdbqt
    Output file: docking_result_3.dlg (+ xml)
    Using heuristics: (capped) number of evaluations set to 2280181
    Local-search chosen method is: ADADELTA (ad)

Rest of Setup time 0.301975s

Executing docking runs, stopping automatically after either reaching 0.15 kcal/mol standard deviation of
the best molecules of the last 4 * 5 generations, 42000 generations, or 2280181 evaluations:

Generations |  Evaluations |     Threshold    |  Average energy of best 10%  | Samples | Best Inter + Intra
------------+--------------+------------------+------------------------------+---------+-------------------
          0 |          150 |   -1.47 kcal/mol |   -2.68 +/-    0.32 kcal/mol |       4 |   -2.96 kcal/mol
          5 |       133255 |   -1.47 kcal/mol |   -5.37 +/-    1.63 kcal/mol |     933 |  -11.70 kcal/mol
         10 |       263682 |   -5.35 kcal/mol |   -9.77 +/-    0.91 kcal/mol |      65 |  -12.22 kcal/mol
         15 |       396344 |   -9.56 kcal/mol |  -12.15 +/-    0.42 kcal/mol |      12 |  -12.76 kcal/mol
         20 |       527876 |  -11.63 kcal/mol |  -12.95 +/-    0.39 kcal/mol |       4 |  -13.63 kcal/mol
         25 |       658740 |  -11.47 kcal/mol |  -12.70 +/-    0.38 kcal/mol |       7 |  -13.63 kcal/mol
         30 |       791256 |  -11.88 kcal/mol |  -12.95 +/-    0.36 kcal/mol |      10 |  -13.63 kcal/mol
         35 |       920346 |  -12.41 kcal/mol |  -13.53 +/-    0.15 kcal/mol |       5 |  -13.63 kcal/mol
         40 |      1051027 |  -13.09 kcal/mol |  -13.63 +/-    0.02 kcal/mol |       8 |  -13.65 kcal/mol
         45 |      1181860 |  -13.35 kcal/mol |  -13.64 +/-    0.02 kcal/mol |       7 |  -13.66 kcal/mol
         50 |      1309895 |  -13.32 kcal/mol |  -13.63 +/-    0.04 kcal/mol |       6 |  -13.66 kcal/mol
         55 |      1437515 |  -13.26 kcal/mol |  -13.64 +/-    0.03 kcal/mol |       5 |  -13.66 kcal/mol
         60 |      1561139 |  -13.19 kcal/mol |  -13.82 +/-    0.21 kcal/mol |       6 |  -14.14 kcal/mol
         65 |      1691562 |  -13.31 kcal/mol |  -13.79 +/-    0.20 kcal/mol |       5 |  -14.17 kcal/mol
         70 |      1819588 |  -13.19 kcal/mol |  -13.79 +/-    0.16 kcal/mol |       7 |  -14.17 kcal/mol
         75 |      1946573 |  -13.44 kcal/mol |  -13.81 +/-    0.18 kcal/mol |       9 |  -14.17 kcal/mol
         80 |      2072994 |  -13.51 kcal/mol |  -13.84 +/-    0.20 kcal/mol |       7 |  -14.17 kcal/mol
         85 |      2198537 |  -13.42 kcal/mol |  -13.85 +/-    0.16 kcal/mol |      11 |  -14.17 kcal/mol
         89 |      2298772 |  -13.63 kcal/mol |  -13.97 +/-    0.15 kcal/mol |      17 |  -14.21 kcal/mol
------------+--------------+------------------+------------------------------+---------+-------------------

                                   Finished evaluation after reaching
                       2298772 evaluations. Best inter + intra   -14.21 kcal/mol.


Shutdown time 0.000679s

Job #3 took 1.080 sec after waiting 0.029 sec for setup

(Thread 0 is processing Job #3)
(Thread 0 is setting up Job #4)

Running Job #4:
    Device: NVIDIA A100-SXM4-40GB
    Grid map file: ./protein.maps.fld
    Ligand file: ./ligand_4_4.pdbqt
    Output file: docking_result_4.dlg (+ xml)
    Using heuristics: (capped) number of evaluations set to 2068966
    Local-search chosen method is: ADADELTA (ad)

Rest of Setup time 0.304294s

Executing docking runs, stopping automatically after either reaching 0.15 kcal/mol standard deviation of
the best molecules of the last 4 * 5 generations, 42000 generations, or 2068966 evaluations:

Generations |  Evaluations |     Threshold    |  Average energy of best 10%  | Samples | Best Inter + Intra
------------+--------------+------------------+------------------------------+---------+-------------------
          0 |          150 |   -1.13 kcal/mol |   -2.23 +/-    0.35 kcal/mol |       7 |   -2.90 kcal/mol
          5 |       137658 |   -1.48 kcal/mol |   -4.90 +/-    1.41 kcal/mol |     943 |  -10.55 kcal/mol
         10 |       265842 |   -4.88 kcal/mol |   -8.71 +/-    0.85 kcal/mol |      47 |  -10.56 kcal/mol
         15 |       394528 |   -8.44 kcal/mol |  -10.48 +/-    0.16 kcal/mol |      11 |  -10.89 kcal/mol
         20 |       522134 |  -10.26 kcal/mol |  -11.26 +/-    0.29 kcal/mol |       4 |  -11.70 kcal/mol
         25 |       648402 |  -10.17 kcal/mol |  -11.14 +/-    0.30 kcal/mol |      10 |  -11.70 kcal/mol
         30 |       773290 |  -10.69 kcal/mol |  -11.48 +/-    0.15 kcal/mol |       8 |  -11.70 kcal/mol
         35 |       895892 |  -11.20 kcal/mol |  -11.44 +/-    0.15 kcal/mol |      17 |  -11.70 kcal/mol
         40 |      1017582 |  -11.31 kcal/mol |  -11.54 +/-    0.09 kcal/mol |      19 |  -11.70 kcal/mol
         45 |      1136704 |  -11.47 kcal/mol |  -11.60 +/-    0.09 kcal/mol |      20 |  -11.71 kcal/mol
------------+--------------+------------------+------------------------------+---------+-------------------

                                   Finished evaluation after reaching
                                  -11.53 +/-    0.13 kcal/mol combined.
                             64 samples, best inter + intra   -11.71 kcal/mol.


Shutdown time 0.000673s

Job #4 took 0.636 sec after waiting 0.034 sec for setup

(Thread 0 is processing Job #4)
(Thread 0 is setting up Job #5)

Running Job #5:
    Device: NVIDIA A100-SXM4-40GB
    Grid map file: ./protein.maps.fld
    Ligand file: ./ligand_5_5.pdbqt
    Output file: docking_result_5.dlg (+ xml)
    Using heuristics: (capped) number of evaluations set to 2068966
    Local-search chosen method is: ADADELTA (ad)

Rest of Setup time 0.303911s

Executing docking runs, stopping automatically after either reaching 0.15 kcal/mol standard deviation of
the best molecules of the last 4 * 5 generations, 42000 generations, or 2068966 evaluations:

Generations |  Evaluations |     Threshold    |  Average energy of best 10%  | Samples | Best Inter + Intra
------------+--------------+------------------+------------------------------+---------+-------------------
          0 |          150 |   -2.24 kcal/mol |   -2.68 +/-    0.12 kcal/mol |       4 |   -2.82 kcal/mol
          5 |       121076 |   -2.24 kcal/mol |   -4.49 +/-    1.37 kcal/mol |     722 |  -10.18 kcal/mol
         10 |       238702 |   -4.47 kcal/mol |   -8.44 +/-    0.96 kcal/mol |      46 |  -10.74 kcal/mol
         15 |       360385 |   -8.12 kcal/mol |  -10.37 +/-    0.25 kcal/mol |       6 |  -10.75 kcal/mol
         20 |       483218 |   -9.75 kcal/mol |  -10.69 +/-    0.37 kcal/mol |      13 |  -11.37 kcal/mol
         25 |       606727 |  -10.26 kcal/mol |  -11.35 +/-    0.07 kcal/mol |       7 |  -11.41 kcal/mol
         30 |       727851 |  -11.02 kcal/mol |  -11.32 +/-    0.09 kcal/mol |       8 |  -11.41 kcal/mol
         35 |       851434 |  -11.15 kcal/mol |  -11.44 +/-    0.19 kcal/mol |       8 |  -11.77 kcal/mol
         40 |       975699 |  -11.08 kcal/mol |  -11.34 +/-    0.19 kcal/mol |      17 |  -11.80 kcal/mol
         45 |      1099087 |  -11.18 kcal/mol |  -11.74 +/-    0.07 kcal/mol |       8 |  -11.81 kcal/mol
         50 |      1220852 |  -11.46 kcal/mol |  -11.81 +/-    0.01 kcal/mol |       3 |  -11.82 kcal/mol
         55 |      1343409 |  -11.06 kcal/mol |  -11.52 +/-    0.20 kcal/mol |      12 |  -11.82 kcal/mol
         60 |      1463841 |  -11.26 kcal/mol |  -11.81 +/-    0.02 kcal/mol |       4 |  -11.82 kcal/mol
         65 |      1585632 |  -11.25 kcal/mol |  -11.48 +/-    0.21 kcal/mol |      11 |  -11.82 kcal/mol
         70 |      1705903 |  -11.20 kcal/mol |  -11.81 +/-    0.01 kcal/mol |       5 |  -11.83 kcal/mol
         75 |      1825821 |  -11.36 kcal/mol |  -11.80 +/-    0.02 kcal/mol |       7 |  -11.83 kcal/mol
         80 |      1947565 |  -11.48 kcal/mol |  -11.78 +/-    0.04 kcal/mol |       4 |  -11.83 kcal/mol
         85 |      2068741 |  -11.22 kcal/mol |  -11.80 +/-    0.02 kcal/mol |       7 |  -11.83 kcal/mol
------------+--------------+------------------+------------------------------+---------+-------------------

                                   Finished evaluation after reaching
                                  -11.80 +/-    0.02 kcal/mol combined.
                             23 samples, best inter + intra   -11.83 kcal/mol.


Shutdown time 0.000673s

Job #5 took 1.004 sec after waiting 0.029 sec for setup

(Thread 0 is processing Job #5)
(Thread 0 is setting up Job #6)

Running Job #6:
    Device: NVIDIA A100-SXM4-40GB
    Grid map file: ./protein.maps.fld
    Ligand file: ./ligand_6_6.pdbqt
    Output file: docking_result_6.dlg (+ xml)
    Using heuristics: (capped) number of evaluations set to 2280181
    Local-search chosen method is: ADADELTA (ad)

Rest of Setup time 0.304234s

Executing docking runs, stopping automatically after either reaching 0.15 kcal/mol standard deviation of
the best molecules of the last 4 * 5 generations, 42000 generations, or 2280181 evaluations:

Generations |  Evaluations |     Threshold    |  Average energy of best 10%  | Samples | Best Inter + Intra
------------+--------------+------------------+------------------------------+---------+-------------------
          0 |          150 |   -1.85 kcal/mol |   -2.17 +/-    0.17 kcal/mol |       8 |   -2.54 kcal/mol
          5 |       133745 |   -1.85 kcal/mol |   -5.18 +/-    1.58 kcal/mol |     878 |  -11.60 kcal/mol
         10 |       266037 |   -5.15 kcal/mol |   -9.19 +/-    0.86 kcal/mol |      54 |  -12.20 kcal/mol
         15 |       399755 |   -8.95 kcal/mol |  -11.29 +/-    0.50 kcal/mol |       6 |  -12.25 kcal/mol
         20 |       536231 |  -10.05 kcal/mol |  -11.67 +/-    0.41 kcal/mol |      13 |  -12.48 kcal/mol
         25 |       668954 |  -11.20 kcal/mol |  -12.15 +/-    0.23 kcal/mol |       4 |  -12.48 kcal/mol
         30 |       802692 |  -11.27 kcal/mol |  -12.15 +/-    0.30 kcal/mol |       9 |  -12.64 kcal/mol
         35 |       933582 |  -11.65 kcal/mol |  -12.38 +/-    0.23 kcal/mol |       5 |  -12.78 kcal/mol
         40 |      1064298 |  -11.70 kcal/mol |  -12.52 +/-    0.24 kcal/mol |       8 |  -12.78 kcal/mol
         45 |      1190762 |  -12.06 kcal/mol |  -12.37 +/-    0.19 kcal/mol |      10 |  -12.78 kcal/mol
         50 |      1316987 |  -12.09 kcal/mol |  -12.52 +/-    0.15 kcal/mol |      10 |  -12.78 kcal/mol
         55 |      1447935 |  -12.30 kcal/mol |  -12.92 +/-    0.14 kcal/mol |       5 |  -13.09 kcal/mol
         60 |      1576171 |  -12.51 kcal/mol |  -12.77 +/-    0.15 kcal/mol |       8 |  -13.09 kcal/mol
         65 |      1707171 |  -12.50 kcal/mol |  -12.72 +/-    0.17 kcal/mol |      10 |  -13.09 kcal/mol
         70 |      1835185 |  -12.47 kcal/mol |  -12.87 +/-    0.16 kcal/mol |      11 |  -13.09 kcal/mol
         75 |      1962378 |  -12.65 kcal/mol |  -12.96 +/-    0.22 kcal/mol |      12 |  -13.38 kcal/mol
         80 |      2091119 |  -12.68 kcal/mol |  -13.35 +/-    0.05 kcal/mol |       7 |  -13.39 kcal/mol
         85 |      2220291 |  -13.02 kcal/mol |  -13.38 +/-    0.01 kcal/mol |       5 |  -13.39 kcal/mol
         88 |      2298183 |  -12.93 kcal/mol |  -13.37 +/-    0.01 kcal/mol |      10 |  -13.39 kcal/mol
------------+--------------+------------------+------------------------------+---------+-------------------

                                   Finished evaluation after reaching
                       2298183 evaluations. Best inter + intra   -13.39 kcal/mol.


Shutdown time 0.000651s

Job #6 took 1.053 sec after waiting 0.030 sec for setup

(Thread 0 is processing Job #6)
(Thread 0 is setting up Job #7)

Running Job #7:
    Device: NVIDIA A100-SXM4-40GB
    Grid map file: ./protein.maps.fld
    Ligand file: ./ligand_7_7.pdbqt
    Output file: docking_result_7.dlg (+ xml)
    Using heuristics: (capped) number of evaluations set to 2068966
    Local-search chosen method is: ADADELTA (ad)

Rest of Setup time 0.307871s

Executing docking runs, stopping automatically after either reaching 0.15 kcal/mol standard deviation of
the best molecules of the last 4 * 5 generations, 42000 generations, or 2068966 evaluations:

Generations |  Evaluations |     Threshold    |  Average energy of best 10%  | Samples | Best Inter + Intra
------------+--------------+------------------+------------------------------+---------+-------------------
          0 |          150 |   -1.70 kcal/mol |   -1.85 +/-    0.09 kcal/mol |       9 |   -2.00 kcal/mol
          5 |       139974 |   -1.70 kcal/mol |   -4.78 +/-    1.50 kcal/mol |    1016 |  -10.83 kcal/mol
         10 |       270651 |   -4.76 kcal/mol |   -8.62 +/-    0.80 kcal/mol |      43 |  -10.83 kcal/mol
         15 |       405646 |   -8.35 kcal/mol |  -10.43 +/-    0.41 kcal/mol |      14 |  -11.23 kcal/mol
         20 |       538300 |   -9.99 kcal/mol |  -11.12 +/-    0.21 kcal/mol |       5 |  -11.42 kcal/mol
         25 |       669891 |  -10.48 kcal/mol |  -11.26 +/-    0.09 kcal/mol |       9 |  -11.42 kcal/mol
         30 |       800608 |  -11.11 kcal/mol |  -11.30 +/-    0.10 kcal/mol |      16 |  -11.44 kcal/mol
         35 |       927962 |  -11.20 kcal/mol |  -11.32 +/-    0.08 kcal/mol |      12 |  -11.44 kcal/mol
         40 |      1054903 |  -11.21 kcal/mol |  -11.35 +/-    0.08 kcal/mol |      17 |  -11.44 kcal/mol
         45 |      1179988 |  -11.28 kcal/mol |  -11.36 +/-    0.08 kcal/mol |       8 |  -11.44 kcal/mol
------------+--------------+------------------+------------------------------+---------+-------------------

                                   Finished evaluation after reaching
                                  -11.33 +/-    0.09 kcal/mol combined.
                             53 samples, best inter + intra   -11.44 kcal/mol.


Shutdown time 0.000698s

Job #7 took 0.625 sec after waiting 0.033 sec for setup

(Thread 0 is processing Job #7)
(Thread 0 is setting up Job #8)

Running Job #8:
    Device: NVIDIA A100-SXM4-40GB
    Grid map file: ./protein.maps.fld
    Ligand file: ./ligand_8_8.pdbqt
    Output file: docking_result_8.dlg (+ xml)
    Using heuristics: (capped) number of evaluations set to 2280181
    Local-search chosen method is: ADADELTA (ad)

Rest of Setup time 0.303683s

Executing docking runs, stopping automatically after either reaching 0.15 kcal/mol standard deviation of
the best molecules of the last 4 * 5 generations, 42000 generations, or 2280181 evaluations:

Generations |  Evaluations |     Threshold    |  Average energy of best 10%  | Samples | Best Inter + Intra
------------+--------------+------------------+------------------------------+---------+-------------------
          0 |          150 |   -1.80 kcal/mol |   -2.67 +/-    0.28 kcal/mol |       6 |   -3.07 kcal/mol
          5 |       132933 |   -1.97 kcal/mol |   -5.40 +/-    1.62 kcal/mol |    1050 |  -11.45 kcal/mol
         10 |       259500 |   -5.38 kcal/mol |   -9.66 +/-    0.92 kcal/mol |      42 |  -12.00 kcal/mol
         15 |       387851 |   -9.33 kcal/mol |  -11.81 +/-    0.29 kcal/mol |       7 |  -12.41 kcal/mol
         20 |       518135 |  -11.18 kcal/mol |  -12.24 +/-    0.31 kcal/mol |       7 |  -12.63 kcal/mol
         25 |       651320 |  -11.57 kcal/mol |  -12.36 +/-    0.17 kcal/mol |       4 |  -12.65 kcal/mol
         30 |       785630 |  -11.72 kcal/mol |  -12.37 +/-    0.12 kcal/mol |       7 |  -12.65 kcal/mol
         35 |       919962 |  -12.12 kcal/mol |  -12.39 +/-    0.12 kcal/mol |       6 |  -12.65 kcal/mol
         40 |      1055106 |  -12.08 kcal/mol |  -12.44 +/-    0.14 kcal/mol |       7 |  -12.68 kcal/mol
         45 |      1186064 |  -12.13 kcal/mol |  -12.69 +/-    0.11 kcal/mol |       8 |  -12.80 kcal/mol
         50 |      1316316 |  -12.48 kcal/mol |  -12.68 +/-    0.08 kcal/mol |       4 |  -12.80 kcal/mol
         55 |      1447434 |  -12.40 kcal/mol |  -12.77 +/-    0.05 kcal/mol |       3 |  -12.80 kcal/mol
         60 |      1574690 |  -12.02 kcal/mol |  -12.60 +/-    0.16 kcal/mol |      14 |  -12.80 kcal/mol
------------+--------------+------------------+------------------------------+---------+-------------------

                                   Finished evaluation after reaching
                                  -12.65 +/-    0.14 kcal/mol combined.
                             29 samples, best inter + intra   -12.80 kcal/mol.


Shutdown time 0.000644s

Job #8 took 0.849 sec after waiting 0.025 sec for setup

(Thread 0 is processing Job #8)
(Thread 0 is setting up Job #9)

Running Job #9:
    Device: NVIDIA A100-SXM4-40GB
    Grid map file: ./protein.maps.fld
    Ligand file: ./ligand_9_9.pdbqt
    Output file: docking_result_9.dlg (+ xml)
    Using heuristics: (capped) number of evaluations set to 2068966
    Local-search chosen method is: ADADELTA (ad)

Rest of Setup time 0.302950s

Executing docking runs, stopping automatically after either reaching 0.15 kcal/mol standard deviation of
the best molecules of the last 4 * 5 generations, 42000 generations, or 2068966 evaluations:

Generations |  Evaluations |     Threshold    |  Average energy of best 10%  | Samples | Best Inter + Intra
------------+--------------+------------------+------------------------------+---------+-------------------
          0 |          150 |   -0.42 kcal/mol |   -2.02 +/-    0.53 kcal/mol |      12 |   -3.58 kcal/mol
          5 |       117497 |   -1.35 kcal/mol |   -4.60 +/-    1.43 kcal/mol |     816 |  -10.28 kcal/mol
         10 |       232427 |   -4.57 kcal/mol |   -8.63 +/-    0.97 kcal/mol |      38 |  -10.91 kcal/mol
         15 |       351534 |   -8.24 kcal/mol |  -10.84 +/-    0.64 kcal/mol |       8 |  -11.85 kcal/mol
         20 |       469093 |   -9.64 kcal/mol |  -11.29 +/-    0.38 kcal/mol |       4 |  -11.88 kcal/mol
         25 |       586988 |   -9.87 kcal/mol |  -11.27 +/-    0.49 kcal/mol |      10 |  -11.88 kcal/mol
         30 |       705249 |  -10.54 kcal/mol |  -11.88 +/-    0.01 kcal/mol |       7 |  -11.90 kcal/mol
         35 |       821924 |  -11.56 kcal/mol |  -11.88 +/-    0.01 kcal/mol |       8 |  -11.90 kcal/mol
         40 |       939413 |  -11.60 kcal/mol |  -11.87 +/-    0.03 kcal/mol |      15 |  -11.90 kcal/mol
         45 |      1057537 |  -11.72 kcal/mol |  -11.88 +/-    0.03 kcal/mol |      21 |  -11.90 kcal/mol
         50 |      1174746 |  -11.77 kcal/mol |  -11.89 +/-    0.01 kcal/mol |      16 |  -11.90 kcal/mol
------------+--------------+------------------+------------------------------+---------+-------------------

                                   Finished evaluation after reaching
                                  -11.88 +/-    0.02 kcal/mol combined.
                             60 samples, best inter + intra   -11.90 kcal/mol.


Shutdown time 0.000687s

Job #9 took 0.715 sec after waiting 0.038 sec for setup

(Thread 0 is processing Job #9)
Run time of entire job set (9 files): 12.780 sec
Savings from multithreading: -0.001 sec
Idle time of execution thread: 4.846 sec

All jobs (9) ran without errors.
