AutoDock-GPU version: v1.6-7-ga46ab564d2ac5f1a1523f65239b43505a1c29364-dirty

Using 1 OpenMP threads

Running 4 docking calculations

Cuda device:                              NVIDIA A100-SXM4-40GB
Available memory on device:               36556 MB (total: 40339 MB)

CUDA Setup time 0.154435s
(Thread 0 is setting up Job #1)

Running Job #1:
    Device: NVIDIA A100-SXM4-40GB
    Grid map file: ./protein.maps.fld
    Ligand file: ./ligand_1_1.pdbqt
    Output file: docking_result_1.dlg (+ xml)
    Using heuristics: (capped) number of evaluations set to 3487417
    Overriding heuristics, setting number of evaluations to --nev = 2500000 instead.
    Local-search chosen method is: ADADELTA (ad)

Rest of Setup time 0.308207s

Executing docking runs, stopping automatically after either reaching 0.15 kcal/mol standard deviation of
the best molecules of the last 4 * 5 generations, 42000 generations, or 2500000 evaluations:

Generations |  Evaluations |     Threshold    |  Average energy of best 10%  | Samples | Best Inter + Intra
------------+--------------+------------------+------------------------------+---------+-------------------
          0 |          150 |   -1.81 kcal/mol |   -2.85 +/-    0.57 kcal/mol |       4 |   -3.82 kcal/mol
          5 |       118220 |   -0.70 kcal/mol |   -5.58 +/-    2.04 kcal/mol |    1030 |  -12.56 kcal/mol
         10 |       236275 |   -5.55 kcal/mol |  -10.87 +/-    1.13 kcal/mol |      45 |  -13.90 kcal/mol
         15 |       357552 |  -10.50 kcal/mol |  -13.65 +/-    0.52 kcal/mol |       7 |  -14.64 kcal/mol
         20 |       479956 |  -12.54 kcal/mol |  -14.05 +/-    0.34 kcal/mol |       6 |  -14.75 kcal/mol
         25 |       602527 |  -13.19 kcal/mol |  -14.29 +/-    0.32 kcal/mol |       7 |  -14.77 kcal/mol
         30 |       725289 |  -13.60 kcal/mol |  -14.36 +/-    0.37 kcal/mol |       5 |  -14.77 kcal/mol
         35 |       850209 |  -13.25 kcal/mol |  -14.55 +/-    0.24 kcal/mol |       4 |  -14.77 kcal/mol
         40 |       975647 |  -13.64 kcal/mol |  -14.46 +/-    0.30 kcal/mol |       6 |  -14.86 kcal/mol
         45 |      1101860 |  -13.70 kcal/mol |  -14.72 +/-    0.40 kcal/mol |       4 |  -15.32 kcal/mol
         50 |      1230595 |  -13.21 kcal/mol |  -14.60 +/-    0.56 kcal/mol |       7 |  -15.45 kcal/mol
         55 |      1357885 |  -13.40 kcal/mol |  -15.08 +/-    0.36 kcal/mol |       5 |  -15.51 kcal/mol
         60 |      1482260 |  -14.00 kcal/mol |  -15.45 +/-    0.29 kcal/mol |       6 |  -15.73 kcal/mol
         65 |      1608084 |  -14.72 kcal/mol |  -14.98 +/-    0.35 kcal/mol |       6 |  -15.75 kcal/mol
         70 |      1734969 |  -14.11 kcal/mol |  -15.40 +/-    0.40 kcal/mol |       6 |  -15.83 kcal/mol
         75 |      1859975 |  -14.40 kcal/mol |  -15.14 +/-    0.41 kcal/mol |       4 |  -15.83 kcal/mol
         80 |      1985520 |  -13.63 kcal/mol |  -15.09 +/-    0.43 kcal/mol |       4 |  -15.83 kcal/mol
         85 |      2112437 |  -13.48 kcal/mol |  -14.97 +/-    0.54 kcal/mol |      10 |  -15.83 kcal/mol
         90 |      2237847 |  -14.17 kcal/mol |  -15.06 +/-    0.39 kcal/mol |       5 |  -15.83 kcal/mol
         95 |      2365870 |  -13.89 kcal/mol |  -15.26 +/-    0.49 kcal/mol |       7 |  -15.83 kcal/mol
        100 |      2493241 |  -14.21 kcal/mol |  -15.77 +/-    0.07 kcal/mol |       4 |  -15.84 kcal/mol
        101 |      2518448 |  -15.21 kcal/mol |  -15.79 +/-    0.07 kcal/mol |       5 |  -15.84 kcal/mol
------------+--------------+------------------+------------------------------+---------+-------------------

                                   Finished evaluation after reaching
                       2518448 evaluations. Best inter + intra   -15.84 kcal/mol.


Shutdown time 0.000675s

Job #1 took 1.597 sec after waiting 4.379 sec for setup

(Thread 0 is processing Job #1)
(Thread 0 is setting up Job #2)

Running Job #2:
    Device: NVIDIA A100-SXM4-40GB
    Grid map file: ./protein.maps.fld
    Ligand file: ./ligand_2_2.pdbqt
    Output file: docking_result_2.dlg (+ xml)
    Using heuristics: (capped) number of evaluations set to 3487417
    Overriding heuristics, setting number of evaluations to --nev = 2500000 instead.
    Local-search chosen method is: ADADELTA (ad)

Rest of Setup time 0.301709s

Executing docking runs, stopping automatically after either reaching 0.15 kcal/mol standard deviation of
the best molecules of the last 4 * 5 generations, 42000 generations, or 2500000 evaluations:

Generations |  Evaluations |     Threshold    |  Average energy of best 10%  | Samples | Best Inter + Intra
------------+--------------+------------------+------------------------------+---------+-------------------
          0 |          150 |   -0.62 kcal/mol |   -2.44 +/-    0.42 kcal/mol |      37 |   -4.54 kcal/mol
          5 |       112378 |   -2.27 kcal/mol |   -6.04 +/-    1.75 kcal/mol |     857 |  -12.25 kcal/mol
         10 |       220885 |   -6.01 kcal/mol |  -10.60 +/-    0.88 kcal/mol |      52 |  -12.41 kcal/mol
         15 |       333093 |  -10.35 kcal/mol |  -13.10 +/-    0.70 kcal/mol |       9 |  -14.32 kcal/mol
         20 |       447577 |  -11.94 kcal/mol |  -13.97 +/-    0.28 kcal/mol |       4 |  -14.33 kcal/mol
         25 |       562905 |  -12.94 kcal/mol |  -14.22 +/-    0.58 kcal/mol |       4 |  -14.99 kcal/mol
         30 |       680229 |  -12.06 kcal/mol |  -14.42 +/-    0.56 kcal/mol |      10 |  -15.03 kcal/mol
         35 |       797310 |  -13.58 kcal/mol |  -14.90 +/-    0.31 kcal/mol |       4 |  -15.12 kcal/mol
         40 |       914007 |  -13.74 kcal/mol |  -14.85 +/-    0.28 kcal/mol |       6 |  -15.15 kcal/mol
         45 |      1033656 |  -14.15 kcal/mol |  -14.99 +/-    0.18 kcal/mol |       7 |  -15.19 kcal/mol
         50 |      1151912 |  -14.60 kcal/mol |  -14.99 +/-    0.18 kcal/mol |       4 |  -15.19 kcal/mol
         55 |      1272153 |  -14.30 kcal/mol |  -15.16 +/-    0.04 kcal/mol |       4 |  -15.19 kcal/mol
         60 |      1388426 |  -14.60 kcal/mol |  -15.16 +/-    0.03 kcal/mol |       2 |  -15.19 kcal/mol
         65 |      1508883 |  -14.04 kcal/mol |  -14.72 +/-    0.44 kcal/mol |       4 |  -15.19 kcal/mol
         70 |      1628083 |  -13.06 kcal/mol |  -14.63 +/-    0.47 kcal/mol |       7 |  -15.19 kcal/mol
         75 |      1747747 |  -13.63 kcal/mol |  -14.68 +/-    0.50 kcal/mol |       4 |  -15.19 kcal/mol
         80 |      1866121 |  -12.81 kcal/mol |  -14.55 +/-    0.43 kcal/mol |       7 |  -15.19 kcal/mol
         85 |      1985576 |  -13.62 kcal/mol |  -15.17 +/-    0.03 kcal/mol |       6 |  -15.19 kcal/mol
         90 |      2103899 |  -14.79 kcal/mol |  -15.16 +/-    0.03 kcal/mol |       2 |  -15.19 kcal/mol
         95 |      2223773 |  -14.04 kcal/mol |  -14.73 +/-    0.44 kcal/mol |       4 |  -15.19 kcal/mol
        100 |      2346155 |  -13.08 kcal/mol |  -14.46 +/-    0.35 kcal/mol |      11 |  -15.19 kcal/mol
        105 |      2465901 |  -13.99 kcal/mol |  -15.05 +/-    0.14 kcal/mol |       5 |  -15.19 kcal/mol
        107 |      2513280 |  -14.63 kcal/mol |  -15.06 +/-    0.12 kcal/mol |      10 |  -15.19 kcal/mol
------------+--------------+------------------+------------------------------+---------+-------------------

                                   Finished evaluation after reaching
                       2513280 evaluations. Best inter + intra   -15.19 kcal/mol.


Shutdown time 0.000717s

Job #2 took 1.607 sec after waiting 0.058 sec for setup

(Thread 0 is processing Job #2)
(Thread 0 is setting up Job #3)

Running Job #3:
    Device: NVIDIA A100-SXM4-40GB
    Grid map file: ./protein.maps.fld
    Ligand file: ./ligand_3_3.pdbqt
    Output file: docking_result_3.dlg (+ xml)
    Using heuristics: (capped) number of evaluations set to 3487417
    Overriding heuristics, setting number of evaluations to --nev = 2500000 instead.
    Local-search chosen method is: ADADELTA (ad)

Rest of Setup time 0.305872s

Executing docking runs, stopping automatically after either reaching 0.15 kcal/mol standard deviation of
the best molecules of the last 4 * 5 generations, 42000 generations, or 2500000 evaluations:

Generations |  Evaluations |     Threshold    |  Average energy of best 10%  | Samples | Best Inter + Intra
------------+--------------+------------------+------------------------------+---------+-------------------
          0 |          150 |   -1.84 kcal/mol |   -2.57 +/-    0.32 kcal/mol |       4 |   -2.94 kcal/mol
          5 |       111741 |   -1.35 kcal/mol |   -5.21 +/-    2.00 kcal/mol |     915 |  -12.15 kcal/mol
         10 |       227335 |   -5.18 kcal/mol |  -10.17 +/-    0.94 kcal/mol |      49 |  -13.45 kcal/mol
         15 |       347514 |   -9.88 kcal/mol |  -12.24 +/-    0.48 kcal/mol |       8 |  -13.45 kcal/mol
         20 |       467583 |  -11.34 kcal/mol |  -12.50 +/-    0.57 kcal/mol |       4 |  -13.45 kcal/mol
         25 |       589798 |  -10.35 kcal/mol |  -12.14 +/-    0.54 kcal/mol |      10 |  -13.45 kcal/mol
         30 |       713256 |  -11.33 kcal/mol |  -12.91 +/-    0.40 kcal/mol |       6 |  -13.45 kcal/mol
         35 |       835555 |  -11.92 kcal/mol |  -12.90 +/-    0.36 kcal/mol |       4 |  -13.45 kcal/mol
         40 |       957162 |  -11.54 kcal/mol |  -12.66 +/-    0.31 kcal/mol |      17 |  -13.45 kcal/mol
         45 |      1078706 |  -12.39 kcal/mol |  -13.07 +/-    0.17 kcal/mol |       7 |  -13.45 kcal/mol
         50 |      1201913 |  -12.70 kcal/mol |  -13.22 +/-    0.17 kcal/mol |       5 |  -13.45 kcal/mol
         55 |      1325466 |  -12.71 kcal/mol |  -13.38 +/-    0.08 kcal/mol |       6 |  -13.49 kcal/mol
         60 |      1449170 |  -13.18 kcal/mol |  -13.46 +/-    0.05 kcal/mol |       5 |  -13.51 kcal/mol
         65 |      1572517 |  -13.01 kcal/mol |  -13.50 +/-    0.03 kcal/mol |       4 |  -13.54 kcal/mol
         70 |      1696720 |  -12.93 kcal/mol |  -13.47 +/-    0.06 kcal/mol |       6 |  -13.56 kcal/mol
         75 |      1821673 |  -13.09 kcal/mol |  -13.51 +/-    0.04 kcal/mol |       4 |  -13.57 kcal/mol
         80 |      1947026 |  -12.95 kcal/mol |  -13.47 +/-    0.11 kcal/mol |       8 |  -13.58 kcal/mol
         85 |      2071866 |  -13.27 kcal/mol |  -13.54 +/-    0.07 kcal/mol |      11 |  -13.60 kcal/mol
         90 |      2195358 |  -13.33 kcal/mol |  -13.54 +/-    0.05 kcal/mol |       8 |  -13.60 kcal/mol
         95 |      2318515 |  -13.26 kcal/mol |  -13.58 +/-    0.19 kcal/mol |      11 |  -14.02 kcal/mol
        100 |      2442002 |  -13.32 kcal/mol |  -13.57 +/-    0.17 kcal/mol |      15 |  -14.09 kcal/mol
        103 |      2515505 |  -13.41 kcal/mol |  -14.03 +/-    0.12 kcal/mol |       4 |  -14.10 kcal/mol
------------+--------------+------------------+------------------------------+---------+-------------------

                                   Finished evaluation after reaching
                       2515505 evaluations. Best inter + intra   -14.10 kcal/mol.


Shutdown time 0.000659s

Job #3 took 1.595 sec after waiting 0.056 sec for setup

(Thread 0 is processing Job #3)
(Thread 0 is setting up Job #4)

Running Job #4:
    Device: NVIDIA A100-SXM4-40GB
    Grid map file: ./protein.maps.fld
    Ligand file: ./ligand_4_4.pdbqt
    Output file: docking_result_4.dlg (+ xml)
    Using heuristics: (capped) number of evaluations set to 3487417
    Overriding heuristics, setting number of evaluations to --nev = 2500000 instead.
    Local-search chosen method is: ADADELTA (ad)

Rest of Setup time 0.308433s

Executing docking runs, stopping automatically after either reaching 0.15 kcal/mol standard deviation of
the best molecules of the last 4 * 5 generations, 42000 generations, or 2500000 evaluations:

Generations |  Evaluations |     Threshold    |  Average energy of best 10%  | Samples | Best Inter + Intra
------------+--------------+------------------+------------------------------+---------+-------------------
          0 |          150 |   -1.40 kcal/mol |   -1.64 +/-    0.17 kcal/mol |      11 |   -1.96 kcal/mol
          5 |       113990 |   -1.40 kcal/mol |   -4.98 +/-    1.88 kcal/mol |     981 |  -11.74 kcal/mol
         10 |       228458 |   -4.95 kcal/mol |   -9.69 +/-    0.83 kcal/mol |      37 |  -12.39 kcal/mol
         15 |       345837 |   -9.35 kcal/mol |  -11.42 +/-    0.50 kcal/mol |       5 |  -12.39 kcal/mol
         20 |       465379 |   -9.90 kcal/mol |  -11.78 +/-    0.66 kcal/mol |      11 |  -12.88 kcal/mol
         25 |       584849 |  -10.88 kcal/mol |  -12.32 +/-    0.43 kcal/mol |       4 |  -12.91 kcal/mol
         30 |       707041 |  -10.72 kcal/mol |  -12.25 +/-    0.42 kcal/mol |      10 |  -12.91 kcal/mol
         35 |       829374 |  -11.62 kcal/mol |  -12.77 +/-    0.13 kcal/mol |       4 |  -12.91 kcal/mol
         40 |       953374 |  -12.30 kcal/mol |  -12.77 +/-    0.12 kcal/mol |       9 |  -12.91 kcal/mol
         45 |      1077650 |  -12.57 kcal/mol |  -12.86 +/-    0.06 kcal/mol |       5 |  -12.93 kcal/mol
         50 |      1201044 |  -12.41 kcal/mol |  -12.74 +/-    0.15 kcal/mol |       5 |  -12.93 kcal/mol
         55 |      1325893 |  -12.28 kcal/mol |  -12.78 +/-    0.13 kcal/mol |       5 |  -12.93 kcal/mol
         60 |      1449025 |  -12.40 kcal/mol |  -12.80 +/-    0.11 kcal/mol |       5 |  -12.93 kcal/mol
------------+--------------+------------------+------------------------------+---------+-------------------

                                   Finished evaluation after reaching
                                  -12.79 +/-    0.12 kcal/mol combined.
                             20 samples, best inter + intra   -12.93 kcal/mol.


Shutdown time 0.000653s

Job #4 took 1.063 sec after waiting 0.057 sec for setup

(Thread 0 is processing Job #4)
Run time of entire job set (4 files): 10.473 sec
Savings from multithreading: -0.000 sec
Idle time of execution thread: 4.610 sec

All jobs (4) ran without errors.
