AutoDock-GPU version: v1.6-7-ga46ab564d2ac5f1a1523f65239b43505a1c29364-dirty

Using 1 OpenMP threads

Running 3 docking calculations

Cuda device:                              NVIDIA A100-SXM4-40GB
Available memory on device:               39916 MB (total: 40339 MB)

CUDA Setup time 0.231162s
(Thread 0 is setting up Job #1)

Running Job #1:
    Device: NVIDIA A100-SXM4-40GB
    Grid map file: ./protein.maps.fld
    Ligand file: ./ligand_1_1.pdbqt
    Output file: docking_result_1.dlg (+ xml)
    Using heuristics: (capped) number of evaluations set to 9189291
    Overriding heuristics, setting number of evaluations to --nev = 2500000 instead.
    Warning: The set number of evals is 6.37% of the uncapped heuristics estimate of 39232620 evals.
             This means this docking may not be able to converge. Increasing --heurmax may improve
             convergence but will also increase runtime.
             AutoStop will not stop before 90.08% (2252086) of the set number of evaluations.
    Local-search chosen method is: ADADELTA (ad)

Rest of Setup time 0.308500s

Executing docking runs, stopping automatically after either reaching 0.15 kcal/mol standard deviation of
the best molecules of the last 4 * 5 generations, 42000 generations, or 2500000 evaluations:

Generations |  Evaluations |     Threshold    |  Average energy of best 10%  | Samples | Best Inter + Intra
------------+--------------+------------------+------------------------------+---------+-------------------
          0 |          150 |  373.51 kcal/mol |  144.91 +/-   60.96 kcal/mol |       4 |   69.40 kcal/mol
          5 |       119252 |  373.51 kcal/mol |   15.26 +/-   36.80 kcal/mol |    1121 |  -15.47 kcal/mol
         10 |       233955 |   15.76 kcal/mol |  -13.39 +/-    1.38 kcal/mol |       4 |  -15.68 kcal/mol
         15 |       353442 |   -8.23 kcal/mol |  -12.66 +/-    1.54 kcal/mol |       8 |  -15.68 kcal/mol
         20 |       470111 |   -9.77 kcal/mol |  -13.74 +/-    1.71 kcal/mol |       4 |  -16.56 kcal/mol
         25 |       581978 |   -7.33 kcal/mol |  -12.68 +/-    1.74 kcal/mol |      19 |  -16.82 kcal/mol
         30 |       690102 |  -11.31 kcal/mol |  -16.36 +/-    0.39 kcal/mol |       5 |  -16.82 kcal/mol
         35 |       792940 |  -15.19 kcal/mol |  -16.59 +/-    0.31 kcal/mol |       3 |  -16.82 kcal/mol
         40 |       890134 |  -15.02 kcal/mol |  -16.43 +/-    0.34 kcal/mol |       5 |  -16.82 kcal/mol
         45 |       986821 |  -15.41 kcal/mol |  -16.23 +/-    0.44 kcal/mol |       3 |  -16.82 kcal/mol
         50 |      1079896 |  -14.02 kcal/mol |  -16.21 +/-    0.69 kcal/mol |      10 |  -16.94 kcal/mol
         55 |      1173103 |  -15.18 kcal/mol |  -16.38 +/-    0.33 kcal/mol |       4 |  -16.94 kcal/mol
         60 |      1264115 |  -15.16 kcal/mol |  -16.40 +/-    0.37 kcal/mol |       4 |  -16.94 kcal/mol
         65 |      1354169 |  -15.01 kcal/mol |  -16.19 +/-    0.59 kcal/mol |       3 |  -16.94 kcal/mol
         70 |      1442484 |  -13.23 kcal/mol |  -15.56 +/-    0.79 kcal/mol |      13 |  -17.01 kcal/mol
         75 |      1530758 |  -14.64 kcal/mol |  -16.06 +/-    0.60 kcal/mol |       4 |  -17.01 kcal/mol
         80 |      1618451 |  -13.82 kcal/mol |  -15.95 +/-    0.68 kcal/mol |       5 |  -17.01 kcal/mol
         85 |      1706851 |  -13.92 kcal/mol |  -15.99 +/-    0.61 kcal/mol |       6 |  -17.01 kcal/mol
         90 |      1794347 |  -14.47 kcal/mol |  -16.79 +/-    0.37 kcal/mol |       4 |  -17.01 kcal/mol
         95 |      1879137 |  -15.40 kcal/mol |  -16.23 +/-    0.47 kcal/mol |       4 |  -17.01 kcal/mol
        100 |      1965436 |  -14.47 kcal/mol |  -15.99 +/-    0.68 kcal/mol |       4 |  -17.01 kcal/mol
        105 |      2051252 |  -13.43 kcal/mol |  -15.73 +/-    0.66 kcal/mol |       6 |  -17.01 kcal/mol
        110 |      2136477 |  -14.08 kcal/mol |  -16.44 +/-    0.59 kcal/mol |       4 |  -17.01 kcal/mol
        115 |      2221924 |  -14.22 kcal/mol |  -16.01 +/-    0.49 kcal/mol |       6 |  -17.02 kcal/mol
        120 |      2306615 |  -14.80 kcal/mol |  -16.32 +/-    0.45 kcal/mol |       7 |  -17.02 kcal/mol
        125 |      2391938 |  -15.35 kcal/mol |  -16.18 +/-    0.44 kcal/mol |       5 |  -17.02 kcal/mol
        130 |      2477401 |  -14.85 kcal/mol |  -16.26 +/-    0.40 kcal/mol |       9 |  -17.02 kcal/mol
        132 |      2511609 |  -15.59 kcal/mol |  -16.38 +/-    0.45 kcal/mol |      12 |  -17.02 kcal/mol
------------+--------------+------------------+------------------------------+---------+-------------------

                                   Finished evaluation after reaching
                       2511609 evaluations. Best inter + intra   -17.02 kcal/mol.


Shutdown time 0.000708s

Job #1 took 2.009 sec after waiting 4.457 sec for setup

(Thread 0 is processing Job #1)
(Thread 0 is setting up Job #2)

Running Job #2:
    Device: NVIDIA A100-SXM4-40GB
    Grid map file: ./protein.maps.fld
    Ligand file: ./ligand_2_2.pdbqt
    Output file: docking_result_2.dlg (+ xml)
    Using heuristics: (capped) number of evaluations set to 7973093
    Overriding heuristics, setting number of evaluations to --nev = 2500000 instead.
    Warning: The set number of evals is 10.52% of the uncapped heuristics estimate of 23759450 evals.
             This means this docking may not be able to converge. Increasing --heurmax may improve
             convergence but will also increase runtime.
             AutoStop will not stop before 76.79% (1919714) of the set number of evaluations.
    Local-search chosen method is: ADADELTA (ad)

Rest of Setup time 0.305391s

Executing docking runs, stopping automatically after either reaching 0.15 kcal/mol standard deviation of
the best molecules of the last 4 * 5 generations, 42000 generations, or 2500000 evaluations:

Generations |  Evaluations |     Threshold    |  Average energy of best 10%  | Samples | Best Inter + Intra
------------+--------------+------------------+------------------------------+---------+-------------------
          0 |          150 |  236.35 kcal/mol |  177.08 +/-   15.80 kcal/mol |       4 |  159.21 kcal/mol
          5 |       119244 |  236.35 kcal/mol |    8.02 +/-   25.41 kcal/mol |    1143 |  -10.32 kcal/mol
         10 |       230012 |    8.36 kcal/mol |  -10.54 +/-    0.61 kcal/mol |       5 |  -11.75 kcal/mol
         15 |       341029 |   -8.70 kcal/mol |  -10.95 +/-    1.12 kcal/mol |       8 |  -13.62 kcal/mol
         20 |       453881 |   -8.85 kcal/mol |  -12.41 +/-    1.21 kcal/mol |       9 |  -14.88 kcal/mol
         25 |       564117 |  -10.40 kcal/mol |  -13.50 +/-    1.22 kcal/mol |       4 |  -15.43 kcal/mol
         30 |       674387 |   -8.94 kcal/mol |  -12.68 +/-    1.10 kcal/mol |      12 |  -15.43 kcal/mol
         35 |       782579 |  -11.32 kcal/mol |  -13.91 +/-    0.91 kcal/mol |       4 |  -15.43 kcal/mol
         40 |       888702 |  -10.49 kcal/mol |  -13.77 +/-    0.85 kcal/mol |       7 |  -15.43 kcal/mol
         45 |       992549 |  -11.94 kcal/mol |  -14.58 +/-    0.65 kcal/mol |       4 |  -15.43 kcal/mol
         50 |      1096877 |  -12.16 kcal/mol |  -14.15 +/-    0.61 kcal/mol |       9 |  -15.43 kcal/mol
         55 |      1198939 |  -13.14 kcal/mol |  -13.97 +/-    0.73 kcal/mol |       5 |  -15.43 kcal/mol
         60 |      1295331 |  -11.77 kcal/mol |  -14.01 +/-    0.71 kcal/mol |       5 |  -15.43 kcal/mol
         65 |      1393740 |  -11.88 kcal/mol |  -14.07 +/-    0.79 kcal/mol |       4 |  -15.43 kcal/mol
         70 |      1488035 |  -11.11 kcal/mol |  -14.07 +/-    0.98 kcal/mol |       6 |  -15.43 kcal/mol
         75 |      1581389 |  -11.63 kcal/mol |  -14.03 +/-    0.82 kcal/mol |       4 |  -15.43 kcal/mol
         80 |      1672351 |  -10.97 kcal/mol |  -13.51 +/-    0.79 kcal/mol |       8 |  -15.43 kcal/mol
         85 |      1762151 |  -12.04 kcal/mol |  -14.60 +/-    0.82 kcal/mol |       5 |  -15.43 kcal/mol
         90 |      1850919 |  -12.13 kcal/mol |  -15.18 +/-    0.32 kcal/mol |       4 |  -15.60 kcal/mol
         95 |      1939915 |  -13.98 kcal/mol |  -14.99 +/-    0.61 kcal/mol |       2 |  -15.60 kcal/mol
        100 |      2027707 |  -10.39 kcal/mol |  -13.04 +/-    1.02 kcal/mol |      26 |  -15.60 kcal/mol
        105 |      2111779 |  -12.45 kcal/mol |  -15.09 +/-    0.54 kcal/mol |       4 |  -15.60 kcal/mol
        110 |      2195448 |  -13.07 kcal/mol |  -14.48 +/-    0.77 kcal/mol |       5 |  -15.61 kcal/mol
        115 |      2279481 |  -12.18 kcal/mol |  -14.75 +/-    0.70 kcal/mol |       8 |  -15.61 kcal/mol
        120 |      2363853 |  -13.44 kcal/mol |  -15.33 +/-    0.69 kcal/mol |       4 |  -16.35 kcal/mol
        125 |      2448134 |  -12.75 kcal/mol |  -15.00 +/-    0.68 kcal/mol |      12 |  -16.35 kcal/mol
        129 |      2515764 |  -14.15 kcal/mol |  -15.11 +/-    0.72 kcal/mol |      14 |  -16.35 kcal/mol
------------+--------------+------------------+------------------------------+---------+-------------------

                                   Finished evaluation after reaching
                       2515764 evaluations. Best inter + intra   -16.35 kcal/mol.


Shutdown time 0.000715s

Job #2 took 2.006 sec after waiting 0.070 sec for setup

(Thread 0 is processing Job #2)
(Thread 0 is setting up Job #3)

Running Job #3:
    Device: NVIDIA A100-SXM4-40GB
    Grid map file: ./protein.maps.fld
    Ligand file: ./ligand_3_3.pdbqt
    Output file: docking_result_3.dlg (+ xml)
    Using heuristics: (capped) number of evaluations set to 7266276
    Overriding heuristics, setting number of evaluations to --nev = 2500000 instead.
    Warning: The set number of evals is 13.57% of the uncapped heuristics estimate of 18420020 evals.
             This means this docking may not be able to converge. Increasing --heurmax may improve
             convergence but will also increase runtime.
             AutoStop will not stop before 66.37% (1659273) of the set number of evaluations.
    Local-search chosen method is: ADADELTA (ad)

Rest of Setup time 0.305264s

Executing docking runs, stopping automatically after either reaching 0.15 kcal/mol standard deviation of
the best molecules of the last 4 * 5 generations, 42000 generations, or 2500000 evaluations:

Generations |  Evaluations |     Threshold    |  Average energy of best 10%  | Samples | Best Inter + Intra
------------+--------------+------------------+------------------------------+---------+-------------------
          0 |          150 |  282.67 kcal/mol |  196.30 +/-   23.03 kcal/mol |       4 |  168.66 kcal/mol
          5 |       119813 |  282.67 kcal/mol |    9.80 +/-   25.73 kcal/mol |    1161 |  -10.20 kcal/mol
         10 |       227751 |   10.14 kcal/mol |  -10.13 +/-    0.45 kcal/mol |       6 |  -10.93 kcal/mol
         15 |       338175 |   -9.00 kcal/mol |  -10.63 +/-    0.50 kcal/mol |       6 |  -11.49 kcal/mol
         20 |       450748 |   -9.39 kcal/mol |  -11.24 +/-    0.68 kcal/mol |       5 |  -12.41 kcal/mol
         25 |       561756 |   -9.20 kcal/mol |  -11.33 +/-    0.73 kcal/mol |       4 |  -12.41 kcal/mol
         30 |       673515 |   -8.58 kcal/mol |  -10.98 +/-    0.78 kcal/mol |      14 |  -12.41 kcal/mol
         35 |       782524 |  -10.15 kcal/mol |  -11.97 +/-    0.48 kcal/mol |       4 |  -12.49 kcal/mol
         40 |       890213 |  -10.18 kcal/mol |  -12.02 +/-    0.60 kcal/mol |       6 |  -12.89 kcal/mol
         45 |       997194 |  -10.52 kcal/mol |  -12.30 +/-    0.51 kcal/mol |       4 |  -12.89 kcal/mol
         50 |      1100932 |  -10.40 kcal/mol |  -12.03 +/-    0.64 kcal/mol |       4 |  -12.89 kcal/mol
         55 |      1203635 |   -9.63 kcal/mol |  -12.34 +/-    0.82 kcal/mol |       8 |  -13.38 kcal/mol
         60 |      1304759 |  -10.80 kcal/mol |  -12.58 +/-    0.58 kcal/mol |       4 |  -13.38 kcal/mol
         65 |      1403761 |  -10.40 kcal/mol |  -12.66 +/-    0.65 kcal/mol |       7 |  -13.98 kcal/mol
         70 |      1501168 |  -11.26 kcal/mol |  -13.13 +/-    0.70 kcal/mol |       4 |  -13.98 kcal/mol
         75 |      1597652 |  -10.49 kcal/mol |  -12.81 +/-    0.84 kcal/mol |       4 |  -13.98 kcal/mol
         80 |      1692856 |   -9.64 kcal/mol |  -12.73 +/-    0.75 kcal/mol |      10 |  -13.98 kcal/mol
         85 |      1788940 |  -11.61 kcal/mol |  -13.82 +/-    0.19 kcal/mol |       5 |  -13.98 kcal/mol
         90 |      1881696 |  -13.25 kcal/mol |  -13.72 +/-    0.19 kcal/mol |       3 |  -13.98 kcal/mol
         95 |      1976503 |  -12.79 kcal/mol |  -13.78 +/-    0.20 kcal/mol |       2 |  -13.98 kcal/mol
        100 |      2071757 |  -12.31 kcal/mol |  -13.21 +/-    0.59 kcal/mol |       4 |  -13.98 kcal/mol
        105 |      2162870 |  -10.99 kcal/mol |  -13.05 +/-    0.77 kcal/mol |       4 |  -13.98 kcal/mol
        110 |      2251080 |  -10.16 kcal/mol |  -12.74 +/-    0.69 kcal/mol |       8 |  -13.98 kcal/mol
        115 |      2340559 |  -11.45 kcal/mol |  -13.60 +/-    0.47 kcal/mol |       4 |  -14.00 kcal/mol
        120 |      2430133 |  -11.83 kcal/mol |  -13.71 +/-    0.36 kcal/mol |       7 |  -14.00 kcal/mol
        125 |      2518579 |  -12.94 kcal/mol |  -13.75 +/-    0.33 kcal/mol |      10 |  -14.00 kcal/mol
------------+--------------+------------------+------------------------------+---------+-------------------

                                   Finished evaluation after reaching
                       2518579 evaluations. Best inter + intra   -14.00 kcal/mol.


Shutdown time 0.000690s

Job #3 took 1.685 sec after waiting 0.075 sec for setup

(Thread 0 is processing Job #3)
Run time of entire job set (3 files): 10.358 sec
Savings from multithreading: -0.000 sec
Idle time of execution thread: 4.659 sec

All jobs (3) ran without errors.
