AutoDock-GPU version: v1.6-7-ga46ab564d2ac5f1a1523f65239b43505a1c29364-dirty

Using 1 OpenMP threads

Running 10 docking calculations

Cuda device:                              NVIDIA A100-SXM4-40GB
Available memory on device:               39916 MB (total: 40339 MB)

CUDA Setup time 0.236785s
(Thread 0 is setting up Job #1)

Running Job #1:
    Device: NVIDIA A100-SXM4-40GB
    Grid map file: ./protein.maps.fld
    Ligand file: ./ligand_1_1.pdbqt
    Output file: docking_result_1.dlg (+ xml)
    Using heuristics: (capped) number of evaluations set to 2068966
    Local-search chosen method is: ADADELTA (ad)

Rest of Setup time 0.308191s

Executing docking runs, stopping automatically after either reaching 0.15 kcal/mol standard deviation of
the best molecules of the last 4 * 5 generations, 42000 generations, or 2068966 evaluations:

Generations |  Evaluations |     Threshold    |  Average energy of best 10%  | Samples | Best Inter + Intra
------------+--------------+------------------+------------------------------+---------+-------------------
          0 |          150 |   -1.18 kcal/mol |   -2.26 +/-    0.38 kcal/mol |       7 |   -2.91 kcal/mol
          5 |       129355 |   -1.45 kcal/mol |   -4.92 +/-    1.51 kcal/mol |     964 |  -10.59 kcal/mol
         10 |       259931 |   -4.90 kcal/mol |   -9.00 +/-    1.11 kcal/mol |      39 |  -12.04 kcal/mol
         15 |       392841 |   -8.58 kcal/mol |  -11.29 +/-    0.53 kcal/mol |       7 |  -12.04 kcal/mol
         20 |       526848 |  -10.15 kcal/mol |  -11.84 +/-    0.38 kcal/mol |       7 |  -12.36 kcal/mol
         25 |       660466 |  -11.02 kcal/mol |  -11.83 +/-    0.32 kcal/mol |       5 |  -12.36 kcal/mol
         30 |       792820 |  -10.87 kcal/mol |  -12.17 +/-    0.28 kcal/mol |       9 |  -12.66 kcal/mol
         35 |       925222 |  -11.70 kcal/mol |  -12.41 +/-    0.15 kcal/mol |       8 |  -12.66 kcal/mol
         40 |      1056555 |  -12.13 kcal/mol |  -12.45 +/-    0.16 kcal/mol |      12 |  -12.66 kcal/mol
         45 |      1187046 |  -12.25 kcal/mol |  -12.40 +/-    0.13 kcal/mol |      11 |  -12.67 kcal/mol
         50 |      1317256 |  -12.22 kcal/mol |  -12.42 +/-    0.13 kcal/mol |      10 |  -12.68 kcal/mol
         55 |      1448906 |  -12.23 kcal/mol |  -12.45 +/-    0.14 kcal/mol |      11 |  -12.68 kcal/mol
         60 |      1578392 |  -12.25 kcal/mol |  -12.44 +/-    0.15 kcal/mol |      11 |  -12.68 kcal/mol
------------+--------------+------------------+------------------------------+---------+-------------------

                                   Finished evaluation after reaching
                                  -12.43 +/-    0.14 kcal/mol combined.
                             43 samples, best inter + intra   -12.68 kcal/mol.


Shutdown time 0.000702s

Job #1 took 0.847 sec after waiting 4.668 sec for setup

(Thread 0 is processing Job #1)
(Thread 0 is setting up Job #2)

Running Job #2:
    Device: NVIDIA A100-SXM4-40GB
    Grid map file: ./protein.maps.fld
    Ligand file: ./ligand_2_2.pdbqt
    Output file: docking_result_2.dlg (+ xml)
    Using heuristics: (capped) number of evaluations set to 2068966
    Local-search chosen method is: ADADELTA (ad)

Rest of Setup time 0.308127s

Executing docking runs, stopping automatically after either reaching 0.15 kcal/mol standard deviation of
the best molecules of the last 4 * 5 generations, 42000 generations, or 2068966 evaluations:

Generations |  Evaluations |     Threshold    |  Average energy of best 10%  | Samples | Best Inter + Intra
------------+--------------+------------------+------------------------------+---------+-------------------
          0 |          150 |   -1.45 kcal/mol |   -2.18 +/-    0.23 kcal/mol |       5 |   -2.60 kcal/mol
          5 |       150413 |   -1.50 kcal/mol |   -4.17 +/-    1.08 kcal/mol |     936 |   -8.03 kcal/mol
         10 |       295768 |   -4.15 kcal/mol |   -7.00 +/-    0.66 kcal/mol |      48 |   -8.70 kcal/mol
         15 |       442385 |   -6.80 kcal/mol |   -8.55 +/-    0.21 kcal/mol |       9 |   -8.84 kcal/mol
         20 |       586638 |   -8.21 kcal/mol |   -8.79 +/-    0.18 kcal/mol |      16 |   -9.37 kcal/mol
         25 |       729287 |   -8.62 kcal/mol |   -8.85 +/-    0.21 kcal/mol |      19 |   -9.39 kcal/mol
         30 |       867573 |   -8.68 kcal/mol |   -9.38 +/-    0.01 kcal/mol |       4 |   -9.39 kcal/mol
         35 |      1005819 |   -8.82 kcal/mol |   -9.25 +/-    0.13 kcal/mol |       7 |   -9.39 kcal/mol
         40 |      1142858 |   -8.97 kcal/mol |   -9.21 +/-    0.12 kcal/mol |      10 |   -9.39 kcal/mol
         45 |      1279183 |   -9.03 kcal/mol |   -9.35 +/-    0.08 kcal/mol |      10 |   -9.51 kcal/mol
         50 |      1413838 |   -9.23 kcal/mol |   -9.34 +/-    0.08 kcal/mol |       7 |   -9.51 kcal/mol
         55 |      1548760 |   -9.16 kcal/mol |   -9.32 +/-    0.11 kcal/mol |       7 |   -9.53 kcal/mol
         60 |      1681745 |   -9.09 kcal/mol |   -9.29 +/-    0.14 kcal/mol |       7 |   -9.53 kcal/mol
         65 |      1814481 |   -9.00 kcal/mol |   -9.29 +/-    0.12 kcal/mol |      10 |   -9.54 kcal/mol
         70 |      1944411 |   -9.11 kcal/mol |   -9.33 +/-    0.10 kcal/mol |      15 |   -9.54 kcal/mol
         75 |      2071008 |   -9.23 kcal/mol |   -9.36 +/-    0.10 kcal/mol |      29 |   -9.54 kcal/mol
------------+--------------+------------------+------------------------------+---------+-------------------

                                   Finished evaluation after reaching
                       2071008 evaluations. Best inter + intra    -9.54 kcal/mol.


Shutdown time 0.000676s

Job #2 took 1.432 sec after waiting 0.034 sec for setup

(Thread 0 is processing Job #2)
(Thread 0 is setting up Job #3)

Running Job #3:
    Device: NVIDIA A100-SXM4-40GB
    Grid map file: ./protein.maps.fld
    Ligand file: ./ligand_3_3.pdbqt
    Output file: docking_result_3.dlg (+ xml)
    Using heuristics: (capped) number of evaluations set to 2068966
    Local-search chosen method is: ADADELTA (ad)

Rest of Setup time 0.313152s

Executing docking runs, stopping automatically after either reaching 0.15 kcal/mol standard deviation of
the best molecules of the last 4 * 5 generations, 42000 generations, or 2068966 evaluations:

Generations |  Evaluations |     Threshold    |  Average energy of best 10%  | Samples | Best Inter + Intra
------------+--------------+------------------+------------------------------+---------+-------------------
          0 |          150 |   -2.40 kcal/mol |   -2.60 +/-    0.09 kcal/mol |       7 |   -2.73 kcal/mol
          5 |       131768 |   -2.40 kcal/mol |   -5.14 +/-    1.40 kcal/mol |     941 |  -10.46 kcal/mol
         10 |       262727 |   -5.12 kcal/mol |   -9.07 +/-    1.00 kcal/mol |      49 |  -12.33 kcal/mol
         15 |       396908 |   -8.77 kcal/mol |  -11.32 +/-    0.68 kcal/mol |       5 |  -12.38 kcal/mol
         20 |       532098 |   -9.28 kcal/mol |  -11.23 +/-    0.59 kcal/mol |       6 |  -12.38 kcal/mol
         25 |       668202 |   -9.75 kcal/mol |  -12.17 +/-    0.63 kcal/mol |       7 |  -12.65 kcal/mol
         30 |       804511 |  -10.81 kcal/mol |  -12.47 +/-    0.20 kcal/mol |       5 |  -12.71 kcal/mol
         35 |       939595 |  -11.86 kcal/mol |  -12.56 +/-    0.16 kcal/mol |       6 |  -12.71 kcal/mol
         40 |      1076116 |  -12.17 kcal/mol |  -12.58 +/-    0.14 kcal/mol |       4 |  -12.71 kcal/mol
         45 |      1212962 |  -12.05 kcal/mol |  -12.47 +/-    0.14 kcal/mol |       8 |  -12.71 kcal/mol
         50 |      1348782 |  -12.20 kcal/mol |  -12.63 +/-    0.09 kcal/mol |       9 |  -12.73 kcal/mol
         55 |      1484942 |  -12.48 kcal/mol |  -12.64 +/-    0.07 kcal/mol |       4 |  -12.73 kcal/mol
         60 |      1617075 |  -12.08 kcal/mol |  -12.62 +/-    0.09 kcal/mol |      11 |  -12.73 kcal/mol
         65 |      1752015 |  -12.50 kcal/mol |  -12.67 +/-    0.06 kcal/mol |       6 |  -12.74 kcal/mol
------------+--------------+------------------+------------------------------+---------+-------------------

                                   Finished evaluation after reaching
                                  -12.63 +/-    0.08 kcal/mol combined.
                             30 samples, best inter + intra   -12.74 kcal/mol.


Shutdown time 0.000689s

Job #3 took 1.361 sec after waiting 0.017 sec for setup

(Thread 0 is processing Job #3)
(Thread 0 is setting up Job #4)

Running Job #4:
    Device: NVIDIA A100-SXM4-40GB
    Grid map file: ./protein.maps.fld
    Ligand file: ./ligand_4_4.pdbqt
    Output file: docking_result_4.dlg (+ xml)
    Using heuristics: (capped) number of evaluations set to 2068966
    Local-search chosen method is: ADADELTA (ad)

Rest of Setup time 0.309630s

Executing docking runs, stopping automatically after either reaching 0.15 kcal/mol standard deviation of
the best molecules of the last 4 * 5 generations, 42000 generations, or 2068966 evaluations:

Generations |  Evaluations |     Threshold    |  Average energy of best 10%  | Samples | Best Inter + Intra
------------+--------------+------------------+------------------------------+---------+-------------------
          0 |          150 |   -1.80 kcal/mol |   -2.87 +/-    0.34 kcal/mol |       6 |   -3.41 kcal/mol
          5 |       127060 |   -2.02 kcal/mol |   -4.80 +/-    1.30 kcal/mol |     808 |   -9.63 kcal/mol
         10 |       256670 |   -4.78 kcal/mol |   -8.43 +/-    0.77 kcal/mol |      52 |   -9.81 kcal/mol
         15 |       387108 |   -8.21 kcal/mol |   -9.95 +/-    0.16 kcal/mol |       7 |  -10.26 kcal/mol
         20 |       518911 |   -9.61 kcal/mol |  -10.04 +/-    0.17 kcal/mol |      11 |  -10.32 kcal/mol
         25 |       652042 |   -9.80 kcal/mol |  -10.12 +/-    0.15 kcal/mol |       6 |  -10.32 kcal/mol
         30 |       785861 |   -9.73 kcal/mol |  -10.17 +/-    0.20 kcal/mol |      11 |  -10.62 kcal/mol
         35 |       917415 |   -9.89 kcal/mol |  -10.28 +/-    0.22 kcal/mol |      10 |  -10.75 kcal/mol
         40 |      1051114 |   -9.95 kcal/mol |  -10.72 +/-    0.10 kcal/mol |       4 |  -10.83 kcal/mol
         45 |      1183996 |  -10.34 kcal/mol |  -10.74 +/-    0.08 kcal/mol |       4 |  -10.83 kcal/mol
         50 |      1312269 |  -10.42 kcal/mol |  -10.64 +/-    0.13 kcal/mol |      11 |  -10.83 kcal/mol
         55 |      1444063 |  -10.46 kcal/mol |  -10.67 +/-    0.10 kcal/mol |      10 |  -10.83 kcal/mol
------------+--------------+------------------+------------------------------+---------+-------------------

                                   Finished evaluation after reaching
                                  -10.67 +/-    0.12 kcal/mol combined.
                             29 samples, best inter + intra   -10.83 kcal/mol.


Shutdown time 0.000712s

Job #4 took 0.693 sec after waiting 0.031 sec for setup

(Thread 0 is processing Job #4)
(Thread 0 is setting up Job #5)

Running Job #5:
    Device: NVIDIA A100-SXM4-40GB
    Grid map file: ./protein.maps.fld
    Ligand file: ./ligand_5_5.pdbqt
    Output file: docking_result_5.dlg (+ xml)
    Using heuristics: (capped) number of evaluations set to 2068966
    Local-search chosen method is: ADADELTA (ad)

Rest of Setup time 0.306685s

Executing docking runs, stopping automatically after either reaching 0.15 kcal/mol standard deviation of
the best molecules of the last 4 * 5 generations, 42000 generations, or 2068966 evaluations:

Generations |  Evaluations |     Threshold    |  Average energy of best 10%  | Samples | Best Inter + Intra
------------+--------------+------------------+------------------------------+---------+-------------------
          0 |          150 |   -1.54 kcal/mol |   -3.53 +/-    0.60 kcal/mol |       5 |   -4.42 kcal/mol
          5 |       124438 |   -1.73 kcal/mol |   -5.11 +/-    1.36 kcal/mol |     802 |   -9.93 kcal/mol
         10 |       248187 |   -5.08 kcal/mol |   -8.82 +/-    0.84 kcal/mol |      48 |  -10.63 kcal/mol
         15 |       377199 |   -8.56 kcal/mol |  -10.65 +/-    0.12 kcal/mol |       4 |  -10.73 kcal/mol
         20 |       507010 |  -10.22 kcal/mol |  -10.79 +/-    0.21 kcal/mol |       5 |  -11.03 kcal/mol
         25 |       635281 |  -10.16 kcal/mol |  -10.70 +/-    0.16 kcal/mol |      10 |  -11.03 kcal/mol
         30 |       765315 |  -10.46 kcal/mol |  -10.69 +/-    0.18 kcal/mol |      11 |  -11.08 kcal/mol
         35 |       892534 |  -10.45 kcal/mol |  -10.70 +/-    0.19 kcal/mol |      11 |  -11.08 kcal/mol
         40 |      1022131 |  -10.45 kcal/mol |  -10.69 +/-    0.17 kcal/mol |      20 |  -11.08 kcal/mol
         45 |      1150339 |  -10.56 kcal/mol |  -10.78 +/-    0.17 kcal/mol |      15 |  -11.10 kcal/mol
         50 |      1279659 |  -10.61 kcal/mol |  -10.80 +/-    0.17 kcal/mol |      26 |  -11.11 kcal/mol
         55 |      1410777 |  -10.70 kcal/mol |  -10.85 +/-    0.16 kcal/mol |      14 |  -11.14 kcal/mol
         60 |      1536020 |  -10.67 kcal/mol |  -10.88 +/-    0.20 kcal/mol |      13 |  -11.26 kcal/mol
         65 |      1664115 |  -10.65 kcal/mol |  -10.81 +/-    0.16 kcal/mol |      17 |  -11.26 kcal/mol
         70 |      1791175 |  -10.67 kcal/mol |  -10.90 +/-    0.20 kcal/mol |      22 |  -11.27 kcal/mol
         75 |      1917070 |  -10.76 kcal/mol |  -10.96 +/-    0.14 kcal/mol |       8 |  -11.27 kcal/mol
         80 |      2043518 |  -10.69 kcal/mol |  -11.25 +/-    0.05 kcal/mol |       7 |  -11.28 kcal/mol
         82 |      2092934 |  -10.93 kcal/mol |  -11.18 +/-    0.14 kcal/mol |      16 |  -11.28 kcal/mol
------------+--------------+------------------+------------------------------+---------+-------------------

                                   Finished evaluation after reaching
                       2092934 evaluations. Best inter + intra   -11.28 kcal/mol.


Shutdown time 0.000732s

Job #5 took 0.902 sec after waiting 0.024 sec for setup

(Thread 0 is processing Job #5)
(Thread 0 is setting up Job #6)

Running Job #6:
    Device: NVIDIA A100-SXM4-40GB
    Grid map file: ./protein.maps.fld
    Ligand file: ./ligand_6_6.pdbqt
    Output file: docking_result_6.dlg (+ xml)
    Using heuristics: (capped) number of evaluations set to 2068966
    Local-search chosen method is: ADADELTA (ad)

Rest of Setup time 0.304700s

Executing docking runs, stopping automatically after either reaching 0.15 kcal/mol standard deviation of
the best molecules of the last 4 * 5 generations, 42000 generations, or 2068966 evaluations:

Generations |  Evaluations |     Threshold    |  Average energy of best 10%  | Samples | Best Inter + Intra
------------+--------------+------------------+------------------------------+---------+-------------------
          0 |          150 |   -1.81 kcal/mol |   -2.24 +/-    0.11 kcal/mol |       4 |   -2.38 kcal/mol
          5 |       135983 |   -1.81 kcal/mol |   -4.28 +/-    1.32 kcal/mol |     904 |   -9.64 kcal/mol
         10 |       271614 |   -4.25 kcal/mol |   -7.95 +/-    0.70 kcal/mol |      52 |   -9.64 kcal/mol
         15 |       411492 |   -7.75 kcal/mol |   -9.50 +/-    0.11 kcal/mol |       7 |   -9.64 kcal/mol
         20 |       549970 |   -9.26 kcal/mol |   -9.84 +/-    0.35 kcal/mol |       5 |  -10.27 kcal/mol
         25 |       686561 |   -8.80 kcal/mol |   -9.78 +/-    0.27 kcal/mol |       6 |  -10.27 kcal/mol
         30 |       824524 |   -9.11 kcal/mol |   -9.95 +/-    0.24 kcal/mol |       4 |  -10.27 kcal/mol
         35 |       962281 |   -9.06 kcal/mol |   -9.83 +/-    0.25 kcal/mol |      14 |  -10.27 kcal/mol
         40 |      1100026 |   -9.57 kcal/mol |  -10.27 +/-    0.01 kcal/mol |       7 |  -10.28 kcal/mol
         45 |      1237576 |   -9.95 kcal/mol |  -10.21 +/-    0.10 kcal/mol |      14 |  -10.28 kcal/mol
         50 |      1372918 |  -10.10 kcal/mol |  -10.27 +/-    0.02 kcal/mol |       8 |  -10.29 kcal/mol
         55 |      1512531 |   -9.99 kcal/mol |  -10.24 +/-    0.09 kcal/mol |      11 |  -10.29 kcal/mol
------------+--------------+------------------+------------------------------+---------+-------------------

                                   Finished evaluation after reaching
                                  -10.24 +/-    0.08 kcal/mol combined.
                             40 samples, best inter + intra   -10.29 kcal/mol.


Shutdown time 0.000631s

Job #6 took 0.696 sec after waiting 0.027 sec for setup

(Thread 0 is processing Job #6)
(Thread 0 is setting up Job #7)

Running Job #7:
    Device: NVIDIA A100-SXM4-40GB
    Grid map file: ./protein.maps.fld
    Ligand file: ./ligand_7_7.pdbqt
    Output file: docking_result_7.dlg (+ xml)
    Using heuristics: (capped) number of evaluations set to 2068966
    Local-search chosen method is: ADADELTA (ad)

Rest of Setup time 0.305650s

Executing docking runs, stopping automatically after either reaching 0.15 kcal/mol standard deviation of
the best molecules of the last 4 * 5 generations, 42000 generations, or 2068966 evaluations:

Generations |  Evaluations |     Threshold    |  Average energy of best 10%  | Samples | Best Inter + Intra
------------+--------------+------------------+------------------------------+---------+-------------------
          0 |          150 |   -1.90 kcal/mol |   -2.19 +/-    0.15 kcal/mol |       8 |   -2.42 kcal/mol
          5 |       139562 |   -1.90 kcal/mol |   -4.76 +/-    1.36 kcal/mol |    1002 |   -9.72 kcal/mol
         10 |       272666 |   -4.74 kcal/mol |   -8.35 +/-    0.73 kcal/mol |      42 |   -9.72 kcal/mol
         15 |       407570 |   -8.09 kcal/mol |  -10.15 +/-    0.44 kcal/mol |       8 |  -10.63 kcal/mol
         20 |       546645 |   -9.32 kcal/mol |  -10.33 +/-    0.17 kcal/mol |       5 |  -10.63 kcal/mol
         25 |       685741 |   -9.82 kcal/mol |  -10.66 +/-    0.33 kcal/mol |       5 |  -11.12 kcal/mol
         30 |       824661 |   -9.66 kcal/mol |  -10.73 +/-    0.26 kcal/mol |       9 |  -11.12 kcal/mol
         35 |       963424 |  -10.31 kcal/mol |  -10.90 +/-    0.23 kcal/mol |       4 |  -11.14 kcal/mol
         40 |      1101461 |  -10.02 kcal/mol |  -10.96 +/-    0.21 kcal/mol |       8 |  -11.14 kcal/mol
         45 |      1239381 |  -10.56 kcal/mol |  -11.11 +/-    0.14 kcal/mol |       5 |  -11.35 kcal/mol
         50 |      1374797 |  -10.69 kcal/mol |  -11.17 +/-    0.26 kcal/mol |       4 |  -11.35 kcal/mol
         55 |      1510787 |  -10.19 kcal/mol |  -11.15 +/-    0.24 kcal/mol |       7 |  -11.35 kcal/mol
         60 |      1646573 |  -10.62 kcal/mol |  -11.82 +/-    0.49 kcal/mol |       6 |  -12.31 kcal/mol
         65 |      1782600 |  -10.59 kcal/mol |  -12.04 +/-    0.40 kcal/mol |       4 |  -12.31 kcal/mol
         70 |      1920235 |  -10.55 kcal/mol |  -11.57 +/-    0.62 kcal/mol |       5 |  -12.31 kcal/mol
         75 |      2055767 |   -9.72 kcal/mol |  -11.81 +/-    0.50 kcal/mol |       4 |  -12.31 kcal/mol
         76 |      2083291 |   -9.93 kcal/mol |  -11.66 +/-    0.54 kcal/mol |      10 |  -12.31 kcal/mol
------------+--------------+------------------+------------------------------+---------+-------------------

                                   Finished evaluation after reaching
                       2083291 evaluations. Best inter + intra   -12.31 kcal/mol.


Shutdown time 0.000651s

Job #7 took 0.885 sec after waiting 0.023 sec for setup

(Thread 0 is processing Job #7)
(Thread 0 is setting up Job #8)

Running Job #8:
    Device: NVIDIA A100-SXM4-40GB
    Grid map file: ./protein.maps.fld
    Ligand file: ./ligand_8_8.pdbqt
    Output file: docking_result_8.dlg (+ xml)
    Using heuristics: (capped) number of evaluations set to 2068966
    Local-search chosen method is: ADADELTA (ad)

Rest of Setup time 0.306406s

Executing docking runs, stopping automatically after either reaching 0.15 kcal/mol standard deviation of
the best molecules of the last 4 * 5 generations, 42000 generations, or 2068966 evaluations:

Generations |  Evaluations |     Threshold    |  Average energy of best 10%  | Samples | Best Inter + Intra
------------+--------------+------------------+------------------------------+---------+-------------------
          0 |          150 |   -0.69 kcal/mol |   -2.57 +/-    0.61 kcal/mol |       5 |   -3.59 kcal/mol
          5 |       147451 |   -0.74 kcal/mol |   -4.39 +/-    1.15 kcal/mol |     943 |   -9.08 kcal/mol
         10 |       293089 |   -4.38 kcal/mol |   -7.45 +/-    0.61 kcal/mol |      55 |   -9.08 kcal/mol
         15 |       438625 |   -7.29 kcal/mol |   -9.01 +/-    0.18 kcal/mol |      11 |   -9.25 kcal/mol
         20 |       581167 |   -8.77 kcal/mol |   -9.47 +/-    0.32 kcal/mol |       5 |   -9.90 kcal/mol
         25 |       721530 |   -8.51 kcal/mol |   -9.18 +/-    0.22 kcal/mol |      19 |   -9.96 kcal/mol
         30 |       861552 |   -9.00 kcal/mol |   -9.35 +/-    0.19 kcal/mol |      13 |   -9.96 kcal/mol
         35 |      1003465 |   -9.13 kcal/mol |   -9.37 +/-    0.20 kcal/mol |      11 |   -9.98 kcal/mol
         40 |      1141619 |   -9.10 kcal/mol |   -9.95 +/-    0.05 kcal/mol |       4 |   -9.98 kcal/mol
         45 |      1277379 |   -9.39 kcal/mol |   -9.99 +/-    0.01 kcal/mol |       4 |  -10.00 kcal/mol
         50 |      1411071 |   -9.43 kcal/mol |   -9.69 +/-    0.21 kcal/mol |       7 |  -10.00 kcal/mol
         55 |      1545045 |   -9.24 kcal/mol |   -9.86 +/-    0.14 kcal/mol |       4 |  -10.00 kcal/mol
         60 |      1676337 |   -9.33 kcal/mol |   -9.92 +/-    0.11 kcal/mol |       4 |  -10.00 kcal/mol
         65 |      1810375 |   -9.51 kcal/mol |   -9.92 +/-    0.10 kcal/mol |       4 |  -10.00 kcal/mol
         70 |      1941145 |   -9.53 kcal/mol |   -9.75 +/-    0.19 kcal/mol |       4 |  -10.06 kcal/mol
         75 |      2069417 |   -9.05 kcal/mol |   -9.74 +/-    0.20 kcal/mol |      11 |  -10.06 kcal/mol
------------+--------------+------------------+------------------------------+---------+-------------------

                                   Finished evaluation after reaching
                       2069417 evaluations. Best inter + intra   -10.06 kcal/mol.


Shutdown time 0.000675s

Job #8 took 0.792 sec after waiting 0.030 sec for setup

(Thread 0 is processing Job #8)
(Thread 0 is setting up Job #9)

Running Job #9:
    Device: NVIDIA A100-SXM4-40GB
    Grid map file: ./protein.maps.fld
    Ligand file: ./ligand_9_9.pdbqt
    Output file: docking_result_9.dlg (+ xml)
    Using heuristics: (capped) number of evaluations set to 2068966
    Local-search chosen method is: ADADELTA (ad)

Rest of Setup time 0.306861s

Executing docking runs, stopping automatically after either reaching 0.15 kcal/mol standard deviation of
the best molecules of the last 4 * 5 generations, 42000 generations, or 2068966 evaluations:

Generations |  Evaluations |     Threshold    |  Average energy of best 10%  | Samples | Best Inter + Intra
------------+--------------+------------------+------------------------------+---------+-------------------
          0 |          150 |   -1.67 kcal/mol |   -1.86 +/-    0.15 kcal/mol |      12 |   -2.25 kcal/mol
          5 |       135631 |   -1.67 kcal/mol |   -4.61 +/-    1.29 kcal/mol |     961 |   -9.85 kcal/mol
         10 |       269017 |   -4.59 kcal/mol |   -8.17 +/-    0.90 kcal/mol |      36 |  -10.39 kcal/mol
         15 |       407056 |   -7.79 kcal/mol |  -10.01 +/-    0.28 kcal/mol |       6 |  -10.39 kcal/mol
         20 |       544858 |   -9.30 kcal/mol |  -10.05 +/-    0.22 kcal/mol |       7 |  -10.39 kcal/mol
         25 |       679405 |   -9.57 kcal/mol |  -10.09 +/-    0.25 kcal/mol |       5 |  -10.39 kcal/mol
         30 |       815065 |   -9.34 kcal/mol |  -10.07 +/-    0.23 kcal/mol |       9 |  -10.39 kcal/mol
         35 |       949989 |   -9.68 kcal/mol |  -10.48 +/-    0.37 kcal/mol |       4 |  -11.08 kcal/mol
         40 |      1084029 |   -9.08 kcal/mol |  -10.42 +/-    0.38 kcal/mol |      17 |  -11.09 kcal/mol
         45 |      1218119 |  -10.09 kcal/mol |  -10.54 +/-    0.29 kcal/mol |       9 |  -11.09 kcal/mol
         50 |      1351509 |  -10.05 kcal/mol |  -11.00 +/-    0.12 kcal/mol |       4 |  -11.09 kcal/mol
         55 |      1484881 |  -10.56 kcal/mol |  -10.98 +/-    0.13 kcal/mol |       7 |  -11.09 kcal/mol
         60 |      1616095 |  -10.71 kcal/mol |  -10.99 +/-    0.11 kcal/mol |       3 |  -11.09 kcal/mol
         65 |      1748561 |  -10.44 kcal/mol |  -10.99 +/-    0.18 kcal/mol |       8 |  -11.38 kcal/mol
         70 |      1882607 |  -10.66 kcal/mol |  -11.18 +/-    0.20 kcal/mol |       7 |  -11.41 kcal/mol
         75 |      2015072 |  -10.76 kcal/mol |  -11.10 +/-    0.20 kcal/mol |       4 |  -11.41 kcal/mol
         78 |      2094271 |  -10.37 kcal/mol |  -11.03 +/-    0.18 kcal/mol |      13 |  -11.41 kcal/mol
------------+--------------+------------------+------------------------------+---------+-------------------

                                   Finished evaluation after reaching
                       2094271 evaluations. Best inter + intra   -11.41 kcal/mol.


Shutdown time 0.000691s

Job #9 took 0.915 sec after waiting 0.020 sec for setup

(Thread 0 is processing Job #9)
(Thread 0 is setting up Job #10)

Running Job #10:
    Device: NVIDIA A100-SXM4-40GB
    Grid map file: ./protein.maps.fld
    Ligand file: ./ligand_10_10.pdbqt
    Output file: docking_result_10.dlg (+ xml)
    Using heuristics: (capped) number of evaluations set to 2068966
    Local-search chosen method is: ADADELTA (ad)

Rest of Setup time 0.306858s

Executing docking runs, stopping automatically after either reaching 0.15 kcal/mol standard deviation of
the best molecules of the last 4 * 5 generations, 42000 generations, or 2068966 evaluations:

Generations |  Evaluations |     Threshold    |  Average energy of best 10%  | Samples | Best Inter + Intra
------------+--------------+------------------+------------------------------+---------+-------------------
          0 |          150 |   -1.97 kcal/mol |   -2.62 +/-    0.33 kcal/mol |       4 |   -3.18 kcal/mol
          5 |       139987 |   -1.39 kcal/mol |   -5.46 +/-    2.03 kcal/mol |    1160 |  -11.66 kcal/mol
         10 |       278416 |   -5.43 kcal/mol |  -10.51 +/-    0.83 kcal/mol |      43 |  -12.49 kcal/mol
         15 |       422575 |  -10.22 kcal/mol |  -12.66 +/-    0.38 kcal/mol |       9 |  -13.47 kcal/mol
         20 |       564294 |  -12.03 kcal/mol |  -13.15 +/-    0.19 kcal/mol |       4 |  -13.47 kcal/mol
         25 |       705336 |  -12.44 kcal/mol |  -13.22 +/-    0.16 kcal/mol |       4 |  -13.47 kcal/mol
         30 |       846126 |  -12.61 kcal/mol |  -13.25 +/-    0.16 kcal/mol |       8 |  -13.47 kcal/mol
         35 |       984649 |  -12.95 kcal/mol |  -13.49 +/-    0.14 kcal/mol |       9 |  -13.76 kcal/mol
         40 |      1121891 |  -13.26 kcal/mol |  -13.50 +/-    0.14 kcal/mol |      12 |  -13.84 kcal/mol
         45 |      1256916 |  -13.33 kcal/mol |  -13.57 +/-    0.17 kcal/mol |      13 |  -13.85 kcal/mol
         50 |      1390310 |  -13.37 kcal/mol |  -13.54 +/-    0.15 kcal/mol |      16 |  -13.86 kcal/mol
         55 |      1523951 |  -13.40 kcal/mol |  -13.57 +/-    0.15 kcal/mol |      12 |  -13.89 kcal/mol
         60 |      1656456 |  -13.39 kcal/mol |  -13.61 +/-    0.16 kcal/mol |      13 |  -13.89 kcal/mol
         65 |      1788707 |  -13.42 kcal/mol |  -13.83 +/-    0.08 kcal/mol |       8 |  -13.89 kcal/mol
         70 |      1920332 |  -13.69 kcal/mol |  -13.84 +/-    0.07 kcal/mol |       5 |  -13.89 kcal/mol
         75 |      2049645 |  -13.39 kcal/mol |  -13.77 +/-    0.13 kcal/mol |       6 |  -13.89 kcal/mol
         76 |      2075599 |  -13.44 kcal/mol |  -13.77 +/-    0.12 kcal/mol |      14 |  -13.89 kcal/mol
------------+--------------+------------------+------------------------------+---------+-------------------

                                   Finished evaluation after reaching
                       2075599 evaluations. Best inter + intra   -13.89 kcal/mol.


Shutdown time 0.000673s

Job #10 took 0.973 sec after waiting 0.030 sec for setup

(Thread 0 is processing Job #10)
Run time of entire job set (10 files): 14.432 sec
Savings from multithreading: -0.001 sec
Idle time of execution thread: 4.935 sec

All jobs (10) ran without errors.
