AutoDock-GPU version: v1.6-7-ga46ab564d2ac5f1a1523f65239b43505a1c29364-dirty

Using 1 OpenMP threads

Running 8 docking calculations

Cuda device:                              NVIDIA A100-SXM4-40GB
Available memory on device:               39916 MB (total: 40339 MB)

CUDA Setup time 0.235101s
(Thread 0 is setting up Job #1)

Running Job #1:
    Device: NVIDIA A100-SXM4-40GB
    Grid map file: ./protein.maps.fld
    Ligand file: ./ligand_1_1.pdbqt
    Output file: docking_result_1.dlg (+ xml)
    Using heuristics: (capped) number of evaluations set to 2068966
    Local-search chosen method is: ADADELTA (ad)

Rest of Setup time 0.072668s

Executing docking runs, stopping automatically after either reaching 0.15 kcal/mol standard deviation of
the best molecules of the last 4 * 5 generations, 42000 generations, or 2068966 evaluations:

Generations |  Evaluations |     Threshold    |  Average energy of best 10%  | Samples | Best Inter + Intra
------------+--------------+------------------+------------------------------+---------+-------------------
          0 |          150 |   -1.92 kcal/mol |   -2.36 +/-    0.21 kcal/mol |       7 |   -2.77 kcal/mol
          5 |        97356 |   -1.92 kcal/mol |   -5.15 +/-    1.50 kcal/mol |     724 |  -10.61 kcal/mol
         10 |       203586 |   -5.12 kcal/mol |   -9.09 +/-    0.80 kcal/mol |      33 |  -10.78 kcal/mol
         15 |       317653 |   -8.73 kcal/mol |  -10.50 +/-    0.40 kcal/mol |       5 |  -10.94 kcal/mol
         20 |       433812 |   -9.30 kcal/mol |  -10.71 +/-    0.25 kcal/mol |       4 |  -11.00 kcal/mol
         25 |       553239 |   -9.76 kcal/mol |  -11.10 +/-    0.52 kcal/mol |       5 |  -11.82 kcal/mol
         30 |       677614 |   -9.56 kcal/mol |  -11.31 +/-    0.38 kcal/mol |       9 |  -11.85 kcal/mol
         35 |       802819 |  -10.67 kcal/mol |  -11.44 +/-    0.29 kcal/mol |       4 |  -11.85 kcal/mol
         40 |       928971 |  -10.36 kcal/mol |  -11.32 +/-    0.32 kcal/mol |       9 |  -11.85 kcal/mol
         45 |      1054970 |  -10.79 kcal/mol |  -11.56 +/-    0.14 kcal/mol |       6 |  -11.85 kcal/mol
         50 |      1183246 |  -11.21 kcal/mol |  -11.66 +/-    0.12 kcal/mol |       5 |  -11.85 kcal/mol
         55 |      1313431 |  -11.29 kcal/mol |  -11.66 +/-    0.14 kcal/mol |       3 |  -11.85 kcal/mol
         60 |      1444159 |  -10.98 kcal/mol |  -11.54 +/-    0.24 kcal/mol |       4 |  -11.85 kcal/mol
         65 |      1577553 |  -10.66 kcal/mol |  -11.47 +/-    0.26 kcal/mol |       5 |  -11.89 kcal/mol
         70 |      1710646 |  -10.68 kcal/mol |  -11.80 +/-    0.10 kcal/mol |       5 |  -11.91 kcal/mol
         75 |      1842265 |  -11.49 kcal/mol |  -11.74 +/-    0.13 kcal/mol |       4 |  -11.91 kcal/mol
         80 |      1974897 |  -11.23 kcal/mol |  -11.83 +/-    0.08 kcal/mol |       2 |  -11.91 kcal/mol
         84 |      2078108 |  -11.21 kcal/mol |  -11.77 +/-    0.09 kcal/mol |       8 |  -11.91 kcal/mol
------------+--------------+------------------+------------------------------+---------+-------------------

                                   Finished evaluation after reaching
                       2078108 evaluations. Best inter + intra   -11.91 kcal/mol.


Shutdown time 0.000660s

Job #1 took 0.807 sec after waiting 1.235 sec for setup

(Thread 0 is processing Job #1)
(Thread 0 is setting up Job #2)

Running Job #2:
    Device: NVIDIA A100-SXM4-40GB
    Grid map file: ./protein.maps.fld
    Ligand file: ./ligand_2_2.pdbqt
    Output file: docking_result_2.dlg (+ xml)
    Using heuristics: (capped) number of evaluations set to 4195460
    Overriding heuristics, setting number of evaluations to --nev = 2500000 instead.
    Warning: The set number of evals is 38.75% of the uncapped heuristics estimate of 6450800 evals.
             This means this docking may not be able to converge. Increasing --heurmax may improve
             convergence but will also increase runtime.
             AutoStop will not stop before 17.33% (433129) of the set number of evaluations.
    Local-search chosen method is: ADADELTA (ad)

Rest of Setup time 0.068904s

Executing docking runs, stopping automatically after either reaching 0.15 kcal/mol standard deviation of
the best molecules of the last 4 * 5 generations, 42000 generations, or 2500000 evaluations:

Generations |  Evaluations |     Threshold    |  Average energy of best 10%  | Samples | Best Inter + Intra
------------+--------------+------------------+------------------------------+---------+-------------------
          0 |          150 |   -1.78 kcal/mol |   -2.36 +/-    0.15 kcal/mol |       4 |   -2.55 kcal/mol
          5 |        91852 |   -1.78 kcal/mol |   -5.82 +/-    1.88 kcal/mol |     763 |  -12.39 kcal/mol
         10 |       195688 |   -5.78 kcal/mol |  -10.60 +/-    0.89 kcal/mol |      30 |  -12.46 kcal/mol
         15 |       311673 |  -10.15 kcal/mol |  -12.29 +/-    0.12 kcal/mol |       4 |  -12.46 kcal/mol
         20 |       435690 |  -11.86 kcal/mol |  -12.29 +/-    0.11 kcal/mol |       5 |  -12.46 kcal/mol
         25 |       562469 |  -11.97 kcal/mol |  -12.69 +/-    0.48 kcal/mol |       4 |  -13.46 kcal/mol
         30 |       696513 |  -10.90 kcal/mol |  -12.42 +/-    0.48 kcal/mol |       8 |  -13.46 kcal/mol
         35 |       827570 |  -11.53 kcal/mol |  -13.06 +/-    0.20 kcal/mol |       6 |  -13.46 kcal/mol
         40 |       960818 |  -12.55 kcal/mol |  -13.22 +/-    0.24 kcal/mol |       6 |  -13.64 kcal/mol
         45 |      1093373 |  -12.61 kcal/mol |  -13.12 +/-    0.27 kcal/mol |       6 |  -13.71 kcal/mol
         50 |      1225218 |  -12.43 kcal/mol |  -13.34 +/-    0.30 kcal/mol |       4 |  -13.73 kcal/mol
         55 |      1361677 |  -12.23 kcal/mol |  -13.15 +/-    0.30 kcal/mol |       5 |  -13.73 kcal/mol
         60 |      1493327 |  -12.26 kcal/mol |  -13.12 +/-    0.26 kcal/mol |       7 |  -13.73 kcal/mol
         65 |      1627100 |  -12.57 kcal/mol |  -13.09 +/-    0.27 kcal/mol |       7 |  -13.73 kcal/mol
         70 |      1760522 |  -12.51 kcal/mol |  -13.38 +/-    0.29 kcal/mol |       5 |  -13.73 kcal/mol
         75 |      1892787 |  -12.52 kcal/mol |  -13.47 +/-    0.44 kcal/mol |       4 |  -14.05 kcal/mol
         80 |      2025745 |  -11.83 kcal/mol |  -13.27 +/-    0.52 kcal/mol |      10 |  -14.67 kcal/mol
         85 |      2159089 |  -12.50 kcal/mol |  -14.22 +/-    0.49 kcal/mol |       4 |  -14.70 kcal/mol
         90 |      2290084 |  -12.39 kcal/mol |  -13.69 +/-    0.63 kcal/mol |       4 |  -14.70 kcal/mol
         95 |      2422052 |  -11.32 kcal/mol |  -13.11 +/-    0.59 kcal/mol |      11 |  -14.70 kcal/mol
         98 |      2501405 |  -12.30 kcal/mol |  -13.36 +/-    0.75 kcal/mol |      15 |  -14.70 kcal/mol
------------+--------------+------------------+------------------------------+---------+-------------------

                                   Finished evaluation after reaching
                       2501405 evaluations. Best inter + intra   -14.70 kcal/mol.


Shutdown time 0.000623s

Job #2 took 1.116 sec after waiting 0.033 sec for setup

(Thread 0 is processing Job #2)
(Thread 0 is setting up Job #3)

Running Job #3:
    Device: NVIDIA A100-SXM4-40GB
    Grid map file: ./protein.maps.fld
    Ligand file: ./ligand_3_3.pdbqt
    Output file: docking_result_3.dlg (+ xml)
    Using heuristics: (capped) number of evaluations set to 2068966
    Local-search chosen method is: ADADELTA (ad)

Rest of Setup time 0.068526s

Executing docking runs, stopping automatically after either reaching 0.15 kcal/mol standard deviation of
the best molecules of the last 4 * 5 generations, 42000 generations, or 2068966 evaluations:

Generations |  Evaluations |     Threshold    |  Average energy of best 10%  | Samples | Best Inter + Intra
------------+--------------+------------------+------------------------------+---------+-------------------
          0 |          150 |   -1.94 kcal/mol |   -2.17 +/-    0.15 kcal/mol |      10 |   -2.36 kcal/mol
          5 |        94518 |   -1.94 kcal/mol |   -5.45 +/-    1.65 kcal/mol |     751 |  -11.84 kcal/mol
         10 |       201637 |   -5.41 kcal/mol |   -9.62 +/-    0.84 kcal/mol |      43 |  -11.95 kcal/mol
         15 |       319419 |   -9.33 kcal/mol |  -11.65 +/-    0.36 kcal/mol |       6 |  -12.20 kcal/mol
         20 |       443665 |  -10.75 kcal/mol |  -11.83 +/-    0.26 kcal/mol |       5 |  -12.24 kcal/mol
         25 |       572067 |  -11.06 kcal/mol |  -11.91 +/-    0.19 kcal/mol |       5 |  -12.24 kcal/mol
         30 |       704492 |  -11.35 kcal/mol |  -11.86 +/-    0.18 kcal/mol |       7 |  -12.26 kcal/mol
         35 |       836343 |  -11.48 kcal/mol |  -11.86 +/-    0.21 kcal/mol |       6 |  -12.26 kcal/mol
         40 |       969576 |  -11.35 kcal/mol |  -11.93 +/-    0.27 kcal/mol |      11 |  -12.64 kcal/mol
         45 |      1102229 |  -11.56 kcal/mol |  -12.35 +/-    0.17 kcal/mol |       4 |  -12.64 kcal/mol
         50 |      1235153 |  -11.73 kcal/mol |  -12.35 +/-    0.21 kcal/mol |       4 |  -12.71 kcal/mol
         55 |      1370403 |  -11.55 kcal/mol |  -12.33 +/-    0.35 kcal/mol |       5 |  -12.71 kcal/mol
         60 |      1501719 |  -11.28 kcal/mol |  -12.39 +/-    0.27 kcal/mol |       4 |  -12.71 kcal/mol
         65 |      1634540 |  -11.38 kcal/mol |  -12.33 +/-    0.66 kcal/mol |       5 |  -13.46 kcal/mol
         70 |      1769642 |  -10.36 kcal/mol |  -12.09 +/-    0.55 kcal/mol |      12 |  -13.49 kcal/mol
         75 |      1905192 |  -11.40 kcal/mol |  -12.72 +/-    0.55 kcal/mol |       4 |  -13.49 kcal/mol
         80 |      2038741 |  -10.64 kcal/mol |  -12.39 +/-    0.62 kcal/mol |      13 |  -13.53 kcal/mol
         82 |      2091696 |  -11.68 kcal/mol |  -12.64 +/-    0.63 kcal/mol |      20 |  -13.53 kcal/mol
------------+--------------+------------------+------------------------------+---------+-------------------

                                   Finished evaluation after reaching
                       2091696 evaluations. Best inter + intra   -13.53 kcal/mol.


Shutdown time 0.000669s

Job #3 took 0.900 sec after waiting 0.041 sec for setup

(Thread 0 is processing Job #3)
(Thread 0 is setting up Job #4)

Running Job #4:
    Device: NVIDIA A100-SXM4-40GB
    Grid map file: ./protein.maps.fld
    Ligand file: ./ligand_4_4.pdbqt
    Output file: docking_result_4.dlg (+ xml)
    Using heuristics: (capped) number of evaluations set to 2068966
    Local-search chosen method is: ADADELTA (ad)

Rest of Setup time 0.067513s

Executing docking runs, stopping automatically after either reaching 0.15 kcal/mol standard deviation of
the best molecules of the last 4 * 5 generations, 42000 generations, or 2068966 evaluations:

Generations |  Evaluations |     Threshold    |  Average energy of best 10%  | Samples | Best Inter + Intra
------------+--------------+------------------+------------------------------+---------+-------------------
          0 |          150 |   -0.68 kcal/mol |   -1.79 +/-    0.39 kcal/mol |       8 |   -2.52 kcal/mol
          5 |        96807 |   -1.05 kcal/mol |   -4.10 +/-    1.40 kcal/mol |     687 |   -8.82 kcal/mol
         10 |       205387 |   -4.07 kcal/mol |   -7.82 +/-    0.73 kcal/mol |      25 |   -9.80 kcal/mol
         15 |       321894 |   -7.38 kcal/mol |   -9.59 +/-    0.41 kcal/mol |       4 |  -10.10 kcal/mol
         20 |       444126 |   -8.05 kcal/mol |   -9.48 +/-    0.44 kcal/mol |       4 |  -10.13 kcal/mol
         25 |       571837 |   -7.84 kcal/mol |   -9.22 +/-    0.59 kcal/mol |      11 |  -10.13 kcal/mol
         30 |       701250 |   -8.43 kcal/mol |   -9.24 +/-    0.50 kcal/mol |       5 |  -10.13 kcal/mol
         35 |       829037 |   -7.74 kcal/mol |   -8.93 +/-    0.39 kcal/mol |      13 |  -10.13 kcal/mol
         40 |       957727 |   -8.48 kcal/mol |   -9.25 +/-    0.49 kcal/mol |       5 |  -10.13 kcal/mol
         45 |      1086199 |   -7.79 kcal/mol |   -9.11 +/-    0.42 kcal/mol |      10 |  -10.13 kcal/mol
         50 |      1213406 |   -8.48 kcal/mol |  -10.02 +/-    0.23 kcal/mol |       4 |  -10.16 kcal/mol
         55 |      1342011 |   -9.15 kcal/mol |  -10.19 +/-    0.06 kcal/mol |       2 |  -10.25 kcal/mol
         60 |      1470944 |   -9.06 kcal/mol |   -9.67 +/-    0.54 kcal/mol |       4 |  -10.29 kcal/mol
         65 |      1601267 |   -7.65 kcal/mol |   -9.11 +/-    0.53 kcal/mol |      17 |  -10.29 kcal/mol
         70 |      1732577 |   -8.65 kcal/mol |  -10.10 +/-    0.25 kcal/mol |       4 |  -10.29 kcal/mol
         75 |      1863190 |   -9.17 kcal/mol |   -9.91 +/-    0.43 kcal/mol |       3 |  -10.29 kcal/mol
         80 |      1991968 |   -7.78 kcal/mol |   -8.92 +/-    0.42 kcal/mol |      23 |  -10.29 kcal/mol
         83 |      2069137 |   -8.65 kcal/mol |   -8.91 +/-    0.40 kcal/mol |      50 |  -10.29 kcal/mol
------------+--------------+------------------+------------------------------+---------+-------------------

                                   Finished evaluation after reaching
                       2069137 evaluations. Best inter + intra   -10.29 kcal/mol.


Shutdown time 0.000689s

Job #4 took 0.721 sec after waiting 0.037 sec for setup

(Thread 0 is processing Job #4)
(Thread 0 is setting up Job #5)

Running Job #5:
    Device: NVIDIA A100-SXM4-40GB
    Grid map file: ./protein.maps.fld
    Ligand file: ./ligand_5_5.pdbqt
    Output file: docking_result_5.dlg (+ xml)
    Using heuristics: (capped) number of evaluations set to 2845257
    Overriding heuristics, setting number of evaluations to --nev = 2500000 instead.
    Local-search chosen method is: ADADELTA (ad)

Rest of Setup time 0.068433s

Executing docking runs, stopping automatically after either reaching 0.15 kcal/mol standard deviation of
the best molecules of the last 4 * 5 generations, 42000 generations, or 2500000 evaluations:

Generations |  Evaluations |     Threshold    |  Average energy of best 10%  | Samples | Best Inter + Intra
------------+--------------+------------------+------------------------------+---------+-------------------
          0 |          150 |   -1.77 kcal/mol |   -2.30 +/-    0.14 kcal/mol |       4 |   -2.53 kcal/mol
          5 |       107200 |   -1.77 kcal/mol |   -5.13 +/-    1.63 kcal/mol |     866 |  -10.73 kcal/mol
         10 |       228737 |   -5.10 kcal/mol |   -9.43 +/-    0.69 kcal/mol |      43 |  -10.78 kcal/mol
         15 |       357925 |   -9.19 kcal/mol |  -10.89 +/-    0.22 kcal/mol |       8 |  -11.22 kcal/mol
         20 |       491707 |  -10.48 kcal/mol |  -11.22 +/-    0.08 kcal/mol |       9 |  -11.28 kcal/mol
         25 |       626257 |  -11.08 kcal/mol |  -11.58 +/-    0.25 kcal/mol |       9 |  -12.05 kcal/mol
         30 |       766181 |  -11.17 kcal/mol |  -11.44 +/-    0.34 kcal/mol |       5 |  -12.11 kcal/mol
         35 |       906132 |  -10.42 kcal/mol |  -11.49 +/-    0.38 kcal/mol |       4 |  -12.15 kcal/mol
         40 |      1045437 |  -10.05 kcal/mol |  -11.27 +/-    0.29 kcal/mol |      15 |  -12.15 kcal/mol
         45 |      1187520 |  -10.98 kcal/mol |  -11.83 +/-    0.25 kcal/mol |       4 |  -12.17 kcal/mol
         50 |      1329944 |  -10.88 kcal/mol |  -11.80 +/-    0.33 kcal/mol |       5 |  -12.17 kcal/mol
         55 |      1473044 |  -10.81 kcal/mol |  -12.04 +/-    0.13 kcal/mol |       4 |  -12.17 kcal/mol
         60 |      1613910 |  -11.54 kcal/mol |  -12.11 +/-    0.10 kcal/mol |       5 |  -12.24 kcal/mol
         65 |      1757543 |  -11.81 kcal/mol |  -12.03 +/-    0.19 kcal/mol |       3 |  -12.29 kcal/mol
         70 |      1900315 |  -11.10 kcal/mol |  -11.96 +/-    0.33 kcal/mol |       4 |  -12.29 kcal/mol
         75 |      2042548 |  -10.71 kcal/mol |  -11.73 +/-    0.39 kcal/mol |       4 |  -12.29 kcal/mol
         80 |      2186349 |  -10.25 kcal/mol |  -11.30 +/-    0.30 kcal/mol |      18 |  -12.29 kcal/mol
         85 |      2329648 |  -11.04 kcal/mol |  -12.00 +/-    0.21 kcal/mol |       5 |  -12.29 kcal/mol
         90 |      2472226 |  -11.37 kcal/mol |  -12.04 +/-    0.15 kcal/mol |       5 |  -12.29 kcal/mol
         91 |      2500896 |  -11.60 kcal/mol |  -12.06 +/-    0.16 kcal/mol |       7 |  -12.29 kcal/mol
------------+--------------+------------------+------------------------------+---------+-------------------

                                   Finished evaluation after reaching
                       2500896 evaluations. Best inter + intra   -12.29 kcal/mol.


Shutdown time 0.000646s

Job #5 took 0.875 sec after waiting 0.029 sec for setup

(Thread 0 is processing Job #5)
(Thread 0 is setting up Job #6)

Running Job #6:
    Device: NVIDIA A100-SXM4-40GB
    Grid map file: ./protein.maps.fld
    Ligand file: ./ligand_6_6.pdbqt
    Output file: docking_result_6.dlg (+ xml)
    Using heuristics: (capped) number of evaluations set to 2845257
    Overriding heuristics, setting number of evaluations to --nev = 2500000 instead.
    Local-search chosen method is: ADADELTA (ad)

Rest of Setup time 0.067676s

Executing docking runs, stopping automatically after either reaching 0.15 kcal/mol standard deviation of
the best molecules of the last 4 * 5 generations, 42000 generations, or 2500000 evaluations:

Generations |  Evaluations |     Threshold    |  Average energy of best 10%  | Samples | Best Inter + Intra
------------+--------------+------------------+------------------------------+---------+-------------------
          0 |          150 |   -2.09 kcal/mol |   -2.50 +/-    0.11 kcal/mol |       4 |   -2.69 kcal/mol
          5 |        84012 |   -2.09 kcal/mol |   -5.93 +/-    1.86 kcal/mol |     651 |  -11.92 kcal/mol
         10 |       177688 |   -5.89 kcal/mol |  -10.68 +/-    0.76 kcal/mol |      39 |  -12.15 kcal/mol
         15 |       283192 |  -10.39 kcal/mol |  -12.52 +/-    0.31 kcal/mol |       7 |  -12.99 kcal/mol
         20 |       397438 |  -11.86 kcal/mol |  -12.80 +/-    0.19 kcal/mol |       5 |  -13.06 kcal/mol
         25 |       514614 |  -12.22 kcal/mol |  -12.88 +/-    0.15 kcal/mol |       4 |  -13.06 kcal/mol
         30 |       635976 |  -12.33 kcal/mol |  -12.66 +/-    0.19 kcal/mol |      14 |  -13.06 kcal/mol
         35 |       763827 |  -12.46 kcal/mol |  -13.12 +/-    0.22 kcal/mol |       5 |  -13.43 kcal/mol
         40 |       892387 |  -12.45 kcal/mol |  -13.16 +/-    0.24 kcal/mol |       7 |  -13.49 kcal/mol
         45 |      1020217 |  -12.65 kcal/mol |  -13.26 +/-    0.17 kcal/mol |      11 |  -13.58 kcal/mol
         50 |      1148868 |  -13.03 kcal/mol |  -13.46 +/-    0.14 kcal/mol |       6 |  -13.74 kcal/mol
         55 |      1277466 |  -13.11 kcal/mol |  -13.46 +/-    0.16 kcal/mol |       5 |  -13.74 kcal/mol
         60 |      1403262 |  -12.98 kcal/mol |  -13.46 +/-    0.15 kcal/mol |       7 |  -13.81 kcal/mol
         65 |      1531029 |  -13.13 kcal/mol |  -13.54 +/-    0.24 kcal/mol |       5 |  -14.02 kcal/mol
         70 |      1657854 |  -12.82 kcal/mol |  -13.56 +/-    0.22 kcal/mol |      11 |  -14.02 kcal/mol
         75 |      1783733 |  -13.27 kcal/mol |  -13.75 +/-    0.27 kcal/mol |       4 |  -14.02 kcal/mol
         80 |      1908706 |  -12.74 kcal/mol |  -13.56 +/-    0.31 kcal/mol |      11 |  -14.35 kcal/mol
         85 |      2033808 |  -13.13 kcal/mol |  -14.21 +/-    0.15 kcal/mol |       4 |  -14.39 kcal/mol
         90 |      2159571 |  -13.64 kcal/mol |  -14.33 +/-    0.16 kcal/mol |       4 |  -14.42 kcal/mol
         95 |      2286770 |  -13.74 kcal/mol |  -14.24 +/-    0.18 kcal/mol |       2 |  -14.42 kcal/mol
        100 |      2412992 |  -12.88 kcal/mol |  -13.62 +/-    0.33 kcal/mol |      10 |  -14.42 kcal/mol
        104 |      2514930 |  -13.13 kcal/mol |  -13.65 +/-    0.32 kcal/mol |      23 |  -14.42 kcal/mol
------------+--------------+------------------+------------------------------+---------+-------------------

                                   Finished evaluation after reaching
                       2514930 evaluations. Best inter + intra   -14.42 kcal/mol.


Shutdown time 0.000628s

Job #6 took 1.264 sec after waiting 0.030 sec for setup

(Thread 0 is processing Job #6)
(Thread 0 is setting up Job #7)

Running Job #7:
    Device: NVIDIA A100-SXM4-40GB
    Grid map file: ./protein.maps.fld
    Ligand file: ./ligand_7_7.pdbqt
    Output file: docking_result_7.dlg (+ xml)
    Using heuristics: (capped) number of evaluations set to 2068966
    Local-search chosen method is: ADADELTA (ad)

Rest of Setup time 0.068383s

Executing docking runs, stopping automatically after either reaching 0.15 kcal/mol standard deviation of
the best molecules of the last 4 * 5 generations, 42000 generations, or 2068966 evaluations:

Generations |  Evaluations |     Threshold    |  Average energy of best 10%  | Samples | Best Inter + Intra
------------+--------------+------------------+------------------------------+---------+-------------------
          0 |          150 |   -1.66 kcal/mol |   -2.38 +/-    0.23 kcal/mol |       5 |   -2.80 kcal/mol
          5 |        98781 |   -1.70 kcal/mol |   -5.20 +/-    1.62 kcal/mol |     765 |  -10.62 kcal/mol
         10 |       203170 |   -5.17 kcal/mol |   -9.68 +/-    0.80 kcal/mol |      32 |  -11.01 kcal/mol
         15 |       312634 |   -9.31 kcal/mol |  -10.98 +/-    0.15 kcal/mol |      13 |  -11.18 kcal/mol
         20 |       428663 |  -10.81 kcal/mol |  -11.28 +/-    0.15 kcal/mol |      10 |  -11.65 kcal/mol
         25 |       548673 |  -11.06 kcal/mol |  -11.50 +/-    0.21 kcal/mol |       6 |  -11.88 kcal/mol
         30 |       670252 |  -10.98 kcal/mol |  -11.71 +/-    0.14 kcal/mol |       7 |  -11.94 kcal/mol
         35 |       792109 |  -11.41 kcal/mol |  -12.06 +/-    0.18 kcal/mol |       2 |  -12.24 kcal/mol
         40 |       915813 |  -10.71 kcal/mol |  -11.62 +/-    0.51 kcal/mol |      12 |  -12.33 kcal/mol
         45 |      1038203 |  -10.97 kcal/mol |  -12.23 +/-    0.10 kcal/mol |       7 |  -12.34 kcal/mol
         50 |      1162014 |  -12.01 kcal/mol |  -12.25 +/-    0.14 kcal/mol |       7 |  -12.52 kcal/mol
         55 |      1288411 |  -11.94 kcal/mol |  -12.27 +/-    0.14 kcal/mol |       7 |  -12.52 kcal/mol
         60 |      1409921 |  -11.97 kcal/mol |  -12.22 +/-    0.16 kcal/mol |       6 |  -12.52 kcal/mol
         65 |      1533569 |  -11.82 kcal/mol |  -12.33 +/-    0.16 kcal/mol |       6 |  -12.52 kcal/mol
         70 |      1655068 |  -11.94 kcal/mol |  -12.39 +/-    0.16 kcal/mol |       9 |  -12.58 kcal/mol
         75 |      1775103 |  -12.13 kcal/mol |  -12.37 +/-    0.13 kcal/mol |       5 |  -12.58 kcal/mol
         80 |      1896039 |  -11.99 kcal/mol |  -12.45 +/-    0.15 kcal/mol |       9 |  -12.59 kcal/mol
         85 |      2015600 |  -12.21 kcal/mol |  -12.33 +/-    0.14 kcal/mol |      10 |  -12.61 kcal/mol
         88 |      2087629 |  -12.12 kcal/mol |  -12.33 +/-    0.15 kcal/mol |      15 |  -12.61 kcal/mol
------------+--------------+------------------+------------------------------+---------+-------------------

                                   Finished evaluation after reaching
                       2087629 evaluations. Best inter + intra   -12.61 kcal/mol.


Shutdown time 0.000649s

Job #7 took 0.828 sec after waiting 0.055 sec for setup

(Thread 0 is processing Job #7)
(Thread 0 is setting up Job #8)

Running Job #8:
    Device: NVIDIA A100-SXM4-40GB
    Grid map file: ./protein.maps.fld
    Ligand file: ./ligand_8_8.pdbqt
    Output file: docking_result_8.dlg (+ xml)
    Using heuristics: (capped) number of evaluations set to 2068966
    Local-search chosen method is: ADADELTA (ad)

Rest of Setup time 0.067588s

Executing docking runs, stopping automatically after either reaching 0.15 kcal/mol standard deviation of
the best molecules of the last 4 * 5 generations, 42000 generations, or 2068966 evaluations:

Generations |  Evaluations |     Threshold    |  Average energy of best 10%  | Samples | Best Inter + Intra
------------+--------------+------------------+------------------------------+---------+-------------------
          0 |          150 |   -1.33 kcal/mol |   -2.28 +/-    0.32 kcal/mol |       5 |   -2.72 kcal/mol
          5 |        91162 |   -1.33 kcal/mol |   -4.82 +/-    1.50 kcal/mol |     763 |  -10.10 kcal/mol
         10 |       198653 |   -4.79 kcal/mol |   -8.90 +/-    0.81 kcal/mol |      40 |  -10.26 kcal/mol
         15 |       313560 |   -8.60 kcal/mol |  -10.11 +/-    0.16 kcal/mol |      12 |  -10.41 kcal/mol
         20 |       432626 |   -9.92 kcal/mol |  -10.31 +/-    0.15 kcal/mol |       9 |  -10.60 kcal/mol
         25 |       554961 |  -10.05 kcal/mol |  -10.34 +/-    0.15 kcal/mol |      10 |  -10.60 kcal/mol
         30 |       681881 |  -10.12 kcal/mol |  -10.46 +/-    0.15 kcal/mol |      16 |  -10.70 kcal/mol
         35 |       808053 |  -10.32 kcal/mol |  -10.58 +/-    0.17 kcal/mol |       9 |  -11.01 kcal/mol
         40 |       933150 |  -10.29 kcal/mol |  -10.64 +/-    0.19 kcal/mol |      14 |  -11.10 kcal/mol
         45 |      1058887 |  -10.44 kcal/mol |  -11.15 +/-    0.15 kcal/mol |       4 |  -11.41 kcal/mol
         50 |      1185361 |  -10.59 kcal/mol |  -11.22 +/-    0.16 kcal/mol |       5 |  -11.41 kcal/mol
         55 |      1313910 |  -10.75 kcal/mol |  -11.29 +/-    0.17 kcal/mol |       4 |  -11.41 kcal/mol
         60 |      1438417 |  -10.67 kcal/mol |  -11.20 +/-    0.20 kcal/mol |       6 |  -11.41 kcal/mol
         65 |      1565095 |  -10.69 kcal/mol |  -11.03 +/-    0.22 kcal/mol |       8 |  -11.41 kcal/mol
         70 |      1691099 |  -10.62 kcal/mol |  -11.02 +/-    0.20 kcal/mol |      10 |  -11.41 kcal/mol
         75 |      1815596 |  -10.71 kcal/mol |  -11.25 +/-    0.14 kcal/mol |       6 |  -11.41 kcal/mol
         80 |      1939169 |  -10.89 kcal/mol |  -11.31 +/-    0.11 kcal/mol |       7 |  -11.42 kcal/mol
         85 |      2063817 |  -11.08 kcal/mol |  -11.40 +/-    0.07 kcal/mol |       5 |  -11.48 kcal/mol
         86 |      2087891 |  -10.95 kcal/mol |  -11.42 +/-    0.06 kcal/mol |       9 |  -11.48 kcal/mol
------------+--------------+------------------+------------------------------+---------+-------------------

                                   Finished evaluation after reaching
                       2087891 evaluations. Best inter + intra   -11.48 kcal/mol.


Shutdown time 0.000628s

Job #8 took 0.910 sec after waiting 0.034 sec for setup

(Thread 0 is processing Job #8)
Run time of entire job set (8 files): 8.952 sec
Savings from multithreading: -0.001 sec
Idle time of execution thread: 1.531 sec

All jobs (8) ran without errors.
