AutoDock-GPU version: v1.6-7-ga46ab564d2ac5f1a1523f65239b43505a1c29364-dirty

Using 1 OpenMP threads

Running 5 docking calculations

Cuda device:                              NVIDIA A100-SXM4-40GB
Available memory on device:               39916 MB (total: 40339 MB)

CUDA Setup time 0.230314s
(Thread 0 is setting up Job #1)

Running Job #1:
    Device: NVIDIA A100-SXM4-40GB
    Grid map file: ./protein.maps.fld
    Ligand file: ./ligand_1_1.pdbqt
    Output file: docking_result_1.dlg (+ xml)
    Using heuristics: (capped) number of evaluations set to 2068966
    Local-search chosen method is: ADADELTA (ad)

Rest of Setup time 0.306679s

Executing docking runs, stopping automatically after either reaching 0.15 kcal/mol standard deviation of
the best molecules of the last 4 * 5 generations, 42000 generations, or 2068966 evaluations:

Generations |  Evaluations |     Threshold    |  Average energy of best 10%  | Samples | Best Inter + Intra
------------+--------------+------------------+------------------------------+---------+-------------------
          0 |          150 |   -1.30 kcal/mol |   -2.09 +/-    0.21 kcal/mol |       4 |   -2.33 kcal/mol
          5 |       123509 |   -1.30 kcal/mol |   -4.10 +/-    1.34 kcal/mol |     842 |   -9.85 kcal/mol
         10 |       247587 |   -4.08 kcal/mol |   -7.71 +/-    0.75 kcal/mol |      30 |   -9.86 kcal/mol
         15 |       376885 |   -7.33 kcal/mol |   -9.64 +/-    0.28 kcal/mol |      10 |   -9.99 kcal/mol
         20 |       505029 |   -9.22 kcal/mol |  -10.09 +/-    0.22 kcal/mol |      17 |  -10.54 kcal/mol
         25 |       633142 |   -9.89 kcal/mol |  -10.75 +/-    0.11 kcal/mol |       5 |  -10.82 kcal/mol
         30 |       761630 |  -10.42 kcal/mol |  -10.87 +/-    0.08 kcal/mol |       4 |  -10.96 kcal/mol
         35 |       891575 |  -10.58 kcal/mol |  -10.90 +/-    0.04 kcal/mol |       3 |  -10.96 kcal/mol
         40 |      1020382 |  -10.15 kcal/mol |  -10.84 +/-    0.11 kcal/mol |       9 |  -10.97 kcal/mol
         45 |      1149412 |  -10.66 kcal/mol |  -10.86 +/-    0.07 kcal/mol |      10 |  -10.97 kcal/mol
------------+--------------+------------------+------------------------------+---------+-------------------

                                   Finished evaluation after reaching
                                  -10.86 +/-    0.09 kcal/mol combined.
                             26 samples, best inter + intra   -10.97 kcal/mol.


Shutdown time 0.000693s

Job #1 took 0.653 sec after waiting 4.458 sec for setup

(Thread 0 is processing Job #1)
(Thread 0 is setting up Job #2)

Running Job #2:
    Device: NVIDIA A100-SXM4-40GB
    Grid map file: ./protein.maps.fld
    Ligand file: ./ligand_2_2.pdbqt
    Output file: docking_result_2.dlg (+ xml)
    Using heuristics: (capped) number of evaluations set to 2280181
    Local-search chosen method is: ADADELTA (ad)

Rest of Setup time 0.304781s

Executing docking runs, stopping automatically after either reaching 0.15 kcal/mol standard deviation of
the best molecules of the last 4 * 5 generations, 42000 generations, or 2280181 evaluations:

Generations |  Evaluations |     Threshold    |  Average energy of best 10%  | Samples | Best Inter + Intra
------------+--------------+------------------+------------------------------+---------+-------------------
          0 |          150 |   -1.87 kcal/mol |   -2.17 +/-    0.16 kcal/mol |       8 |   -2.40 kcal/mol
          5 |       120693 |   -1.87 kcal/mol |   -5.75 +/-    1.88 kcal/mol |    1012 |  -13.43 kcal/mol
         10 |       240984 |   -5.73 kcal/mol |  -10.82 +/-    1.28 kcal/mol |      41 |  -14.96 kcal/mol
         15 |       363360 |  -10.35 kcal/mol |  -13.88 +/-    0.77 kcal/mol |       6 |  -14.96 kcal/mol
         20 |       487745 |  -11.95 kcal/mol |  -14.42 +/-    0.27 kcal/mol |       7 |  -14.98 kcal/mol
         25 |       615741 |  -13.83 kcal/mol |  -14.47 +/-    0.31 kcal/mol |       5 |  -15.05 kcal/mol
         30 |       740978 |  -13.53 kcal/mol |  -14.56 +/-    0.36 kcal/mol |       6 |  -15.06 kcal/mol
         35 |       867643 |  -13.66 kcal/mol |  -14.94 +/-    0.08 kcal/mol |       4 |  -15.06 kcal/mol
         40 |       995148 |  -14.64 kcal/mol |  -14.97 +/-    0.15 kcal/mol |       5 |  -15.18 kcal/mol
         45 |      1122359 |  -14.53 kcal/mol |  -15.10 +/-    0.10 kcal/mol |       6 |  -15.25 kcal/mol
         50 |      1249193 |  -14.84 kcal/mol |  -15.05 +/-    0.21 kcal/mol |       5 |  -15.43 kcal/mol
         55 |      1378644 |  -14.42 kcal/mol |  -15.01 +/-    0.39 kcal/mol |       4 |  -15.54 kcal/mol
         60 |      1506390 |  -13.55 kcal/mol |  -15.07 +/-    0.38 kcal/mol |       7 |  -15.55 kcal/mol
         65 |      1634426 |  -14.25 kcal/mol |  -15.01 +/-    0.39 kcal/mol |       4 |  -15.55 kcal/mol
         70 |      1763429 |  -13.54 kcal/mol |  -14.93 +/-    0.34 kcal/mol |       9 |  -15.55 kcal/mol
         75 |      1891792 |  -14.37 kcal/mol |  -15.25 +/-    0.22 kcal/mol |       4 |  -15.55 kcal/mol
         80 |      2022249 |  -14.43 kcal/mol |  -15.16 +/-    0.20 kcal/mol |       7 |  -15.55 kcal/mol
         85 |      2154537 |  -14.72 kcal/mol |  -15.12 +/-    0.19 kcal/mol |       6 |  -15.55 kcal/mol
         90 |      2284784 |  -14.64 kcal/mol |  -15.19 +/-    0.21 kcal/mol |      11 |  -15.55 kcal/mol
------------+--------------+------------------+------------------------------+---------+-------------------

                                   Finished evaluation after reaching
                       2284784 evaluations. Best inter + intra   -15.55 kcal/mol.


Shutdown time 0.000671s

Job #2 took 1.431 sec after waiting 0.027 sec for setup

(Thread 0 is processing Job #2)
(Thread 0 is setting up Job #3)

Running Job #3:
    Device: NVIDIA A100-SXM4-40GB
    Grid map file: ./protein.maps.fld
    Ligand file: ./ligand_3_3.pdbqt
    Output file: docking_result_3.dlg (+ xml)
    Using heuristics: (capped) number of evaluations set to 3487417
    Overriding heuristics, setting number of evaluations to --nev = 2500000 instead.
    Local-search chosen method is: ADADELTA (ad)

Rest of Setup time 0.301817s

Executing docking runs, stopping automatically after either reaching 0.15 kcal/mol standard deviation of
the best molecules of the last 4 * 5 generations, 42000 generations, or 2500000 evaluations:

Generations |  Evaluations |     Threshold    |  Average energy of best 10%  | Samples | Best Inter + Intra
------------+--------------+------------------+------------------------------+---------+-------------------
          0 |          150 |   -1.92 kcal/mol |   -2.78 +/-    0.25 kcal/mol |       4 |   -3.18 kcal/mol
          5 |       120952 |   -1.82 kcal/mol |   -5.26 +/-    1.71 kcal/mol |     965 |  -11.37 kcal/mol
         10 |       238933 |   -5.23 kcal/mol |   -9.85 +/-    0.85 kcal/mol |      38 |  -11.99 kcal/mol
         15 |       357764 |   -9.51 kcal/mol |  -11.66 +/-    0.29 kcal/mol |       5 |  -11.99 kcal/mol
         20 |       479802 |  -10.80 kcal/mol |  -11.80 +/-    0.25 kcal/mol |       4 |  -11.99 kcal/mol
         25 |       602789 |  -10.86 kcal/mol |  -11.84 +/-    0.21 kcal/mol |       7 |  -11.99 kcal/mol
         30 |       730184 |  -11.38 kcal/mol |  -12.12 +/-    0.26 kcal/mol |       7 |  -12.53 kcal/mol
         35 |       854898 |  -11.55 kcal/mol |  -12.56 +/-    0.13 kcal/mol |       4 |  -12.77 kcal/mol
         40 |       979334 |  -12.08 kcal/mol |  -12.54 +/-    0.12 kcal/mol |       5 |  -12.77 kcal/mol
         45 |      1103911 |  -12.19 kcal/mol |  -12.78 +/-    0.11 kcal/mol |       5 |  -12.98 kcal/mol
         50 |      1226207 |  -12.46 kcal/mol |  -12.88 +/-    0.17 kcal/mol |       6 |  -13.19 kcal/mol
         55 |      1352584 |  -12.46 kcal/mol |  -12.91 +/-    0.13 kcal/mol |       9 |  -13.19 kcal/mol
         60 |      1476775 |  -12.69 kcal/mol |  -12.92 +/-    0.16 kcal/mol |       7 |  -13.19 kcal/mol
         65 |      1603668 |  -12.59 kcal/mol |  -13.18 +/-    0.14 kcal/mol |       4 |  -13.33 kcal/mol
         70 |      1730476 |  -12.64 kcal/mol |  -13.22 +/-    0.18 kcal/mol |       4 |  -13.40 kcal/mol
         75 |      1857410 |  -12.55 kcal/mol |  -13.17 +/-    0.16 kcal/mol |       4 |  -13.44 kcal/mol
         80 |      1984379 |  -12.56 kcal/mol |  -13.26 +/-    0.18 kcal/mol |       4 |  -13.45 kcal/mol
         85 |      2113693 |  -12.60 kcal/mol |  -13.28 +/-    0.16 kcal/mol |       6 |  -13.45 kcal/mol
         90 |      2242501 |  -12.87 kcal/mol |  -13.15 +/-    0.19 kcal/mol |       4 |  -13.45 kcal/mol
         95 |      2372838 |  -12.43 kcal/mol |  -13.09 +/-    0.21 kcal/mol |       9 |  -13.45 kcal/mol
        100 |      2501405 |  -12.75 kcal/mol |  -13.21 +/-    0.20 kcal/mol |      21 |  -13.48 kcal/mol
------------+--------------+------------------+------------------------------+---------+-------------------

                                   Finished evaluation after reaching
                       2501405 evaluations. Best inter + intra   -13.48 kcal/mol.


Shutdown time 0.000691s

Job #3 took 1.387 sec after waiting 0.058 sec for setup

(Thread 0 is processing Job #3)
(Thread 0 is setting up Job #4)

Running Job #4:
    Device: NVIDIA A100-SXM4-40GB
    Grid map file: ./protein.maps.fld
    Ligand file: ./ligand_4_4.pdbqt
    Output file: docking_result_4.dlg (+ xml)
    Using heuristics: (capped) number of evaluations set to 2845257
    Overriding heuristics, setting number of evaluations to --nev = 2500000 instead.
    Local-search chosen method is: ADADELTA (ad)

Rest of Setup time 0.304528s

Executing docking runs, stopping automatically after either reaching 0.15 kcal/mol standard deviation of
the best molecules of the last 4 * 5 generations, 42000 generations, or 2500000 evaluations:

Generations |  Evaluations |     Threshold    |  Average energy of best 10%  | Samples | Best Inter + Intra
------------+--------------+------------------+------------------------------+---------+-------------------
          0 |          150 |   -1.67 kcal/mol |   -3.09 +/-    0.40 kcal/mol |       4 |   -3.50 kcal/mol
          5 |       113206 |   -1.59 kcal/mol |   -5.13 +/-    1.64 kcal/mol |     862 |  -11.13 kcal/mol
         10 |       223150 |   -5.10 kcal/mol |   -9.55 +/-    0.93 kcal/mol |      47 |  -11.96 kcal/mol
         15 |       337636 |   -9.26 kcal/mol |  -11.62 +/-    0.38 kcal/mol |       6 |  -12.25 kcal/mol
         20 |       452161 |  -10.68 kcal/mol |  -11.92 +/-    0.37 kcal/mol |       7 |  -12.50 kcal/mol
         25 |       566025 |  -11.12 kcal/mol |  -12.51 +/-    0.44 kcal/mol |       7 |  -13.42 kcal/mol
         30 |       681860 |  -11.57 kcal/mol |  -13.03 +/-    0.38 kcal/mol |       7 |  -13.62 kcal/mol
         35 |       799397 |  -12.22 kcal/mol |  -13.22 +/-    0.25 kcal/mol |       4 |  -13.64 kcal/mol
         40 |       917210 |  -12.29 kcal/mol |  -13.04 +/-    0.31 kcal/mol |       7 |  -13.64 kcal/mol
         45 |      1032366 |  -12.38 kcal/mol |  -13.14 +/-    0.18 kcal/mol |      15 |  -13.64 kcal/mol
         50 |      1146136 |  -12.96 kcal/mol |  -13.64 +/-    0.27 kcal/mol |       8 |  -14.25 kcal/mol
         55 |      1262550 |  -13.15 kcal/mol |  -14.02 +/-    0.30 kcal/mol |       4 |  -14.32 kcal/mol
         60 |      1376924 |  -12.91 kcal/mol |  -13.80 +/-    0.33 kcal/mol |       5 |  -14.44 kcal/mol
         65 |      1494554 |  -12.81 kcal/mol |  -13.78 +/-    0.31 kcal/mol |       7 |  -14.44 kcal/mol
         70 |      1614460 |  -13.12 kcal/mol |  -14.23 +/-    0.21 kcal/mol |       7 |  -14.46 kcal/mol
         75 |      1736800 |  -13.77 kcal/mol |  -14.19 +/-    0.19 kcal/mol |       3 |  -14.46 kcal/mol
         80 |      1855979 |  -13.26 kcal/mol |  -13.99 +/-    0.29 kcal/mol |       5 |  -14.46 kcal/mol
         85 |      1976748 |  -13.12 kcal/mol |  -13.82 +/-    0.25 kcal/mol |      17 |  -14.46 kcal/mol
         90 |      2097265 |  -13.60 kcal/mol |  -14.14 +/-    0.15 kcal/mol |       6 |  -14.46 kcal/mol
         95 |      2218375 |  -13.77 kcal/mol |  -14.12 +/-    0.22 kcal/mol |       4 |  -14.46 kcal/mol
        100 |      2339300 |  -13.29 kcal/mol |  -14.04 +/-    0.23 kcal/mol |      11 |  -14.46 kcal/mol
        105 |      2458249 |  -13.73 kcal/mol |  -13.97 +/-    0.20 kcal/mol |      11 |  -14.46 kcal/mol
        107 |      2505883 |  -13.70 kcal/mol |  -14.00 +/-    0.21 kcal/mol |      17 |  -14.46 kcal/mol
------------+--------------+------------------+------------------------------+---------+-------------------

                                   Finished evaluation after reaching
                       2505883 evaluations. Best inter + intra   -14.46 kcal/mol.


Shutdown time 0.000714s

Job #4 took 1.229 sec after waiting 0.049 sec for setup

(Thread 0 is processing Job #4)
(Thread 0 is setting up Job #5)

Running Job #5:
    Device: NVIDIA A100-SXM4-40GB
    Grid map file: ./protein.maps.fld
    Ligand file: ./ligand_5_5.pdbqt
    Output file: docking_result_5.dlg (+ xml)
    Using heuristics: (capped) number of evaluations set to 7266276
    Overriding heuristics, setting number of evaluations to --nev = 2500000 instead.
    Warning: The set number of evals is 13.57% of the uncapped heuristics estimate of 18420020 evals.
             This means this docking may not be able to converge. Increasing --heurmax may improve
             convergence but will also increase runtime.
             AutoStop will not stop before 66.37% (1659273) of the set number of evaluations.
    Local-search chosen method is: ADADELTA (ad)

Rest of Setup time 0.304268s

Executing docking runs, stopping automatically after either reaching 0.15 kcal/mol standard deviation of
the best molecules of the last 4 * 5 generations, 42000 generations, or 2500000 evaluations:

Generations |  Evaluations |     Threshold    |  Average energy of best 10%  | Samples | Best Inter + Intra
------------+--------------+------------------+------------------------------+---------+-------------------
          0 |          150 |  292.95 kcal/mol |  204.33 +/-   29.54 kcal/mol |       5 |  165.71 kcal/mol
          5 |       118512 |  292.95 kcal/mol |    9.07 +/-   24.52 kcal/mol |    1150 |  -10.11 kcal/mol
         10 |       231396 |    9.39 kcal/mol |   -9.68 +/-    0.38 kcal/mol |       4 |  -10.11 kcal/mol
         15 |       346640 |   -8.25 kcal/mol |  -10.10 +/-    0.83 kcal/mol |       9 |  -11.72 kcal/mol
         20 |       463164 |   -8.72 kcal/mol |  -11.00 +/-    0.87 kcal/mol |       4 |  -12.51 kcal/mol
         25 |       576242 |   -7.72 kcal/mol |  -10.61 +/-    0.88 kcal/mol |      11 |  -12.51 kcal/mol
         30 |       685580 |   -9.41 kcal/mol |  -12.06 +/-    0.46 kcal/mol |       4 |  -12.51 kcal/mol
         35 |       791895 |  -10.34 kcal/mol |  -12.56 +/-    0.50 kcal/mol |       5 |  -13.27 kcal/mol
         40 |       893874 |  -11.06 kcal/mol |  -13.63 +/-    1.14 kcal/mol |       6 |  -14.88 kcal/mol
         45 |       994267 |  -10.78 kcal/mol |  -13.97 +/-    0.68 kcal/mol |       7 |  -14.88 kcal/mol
         50 |      1091362 |  -12.50 kcal/mol |  -14.18 +/-    0.57 kcal/mol |       4 |  -14.88 kcal/mol
         55 |      1185495 |  -12.03 kcal/mol |  -13.54 +/-    0.80 kcal/mol |       4 |  -14.88 kcal/mol
         60 |      1278972 |  -10.55 kcal/mol |  -13.12 +/-    0.69 kcal/mol |       9 |  -14.88 kcal/mol
         65 |      1372304 |  -11.97 kcal/mol |  -13.46 +/-    0.87 kcal/mol |       4 |  -14.88 kcal/mol
         70 |      1463994 |  -10.20 kcal/mol |  -14.00 +/-    0.91 kcal/mol |       4 |  -14.88 kcal/mol
         75 |      1552047 |  -10.58 kcal/mol |  -13.36 +/-    0.97 kcal/mol |       4 |  -14.88 kcal/mol
         80 |      1642055 |   -9.71 kcal/mol |  -13.05 +/-    0.78 kcal/mol |       8 |  -14.88 kcal/mol
         85 |      1732713 |  -11.60 kcal/mol |  -14.03 +/-    0.74 kcal/mol |       7 |  -14.88 kcal/mol
         90 |      1821601 |  -12.44 kcal/mol |  -13.84 +/-    0.58 kcal/mol |       5 |  -14.88 kcal/mol
         95 |      1910920 |  -12.12 kcal/mol |  -14.12 +/-    0.60 kcal/mol |       3 |  -14.88 kcal/mol
        100 |      2000506 |  -11.13 kcal/mol |  -13.90 +/-    0.67 kcal/mol |       8 |  -14.88 kcal/mol
        105 |      2085094 |  -12.65 kcal/mol |  -14.45 +/-    0.60 kcal/mol |       4 |  -14.88 kcal/mol
        110 |      2168508 |  -12.19 kcal/mol |  -14.25 +/-    0.55 kcal/mol |       7 |  -14.88 kcal/mol
        115 |      2253164 |  -13.08 kcal/mol |  -14.74 +/-    0.29 kcal/mol |       5 |  -15.03 kcal/mol
        120 |      2338276 |  -13.87 kcal/mol |  -14.53 +/-    0.32 kcal/mol |       4 |  -15.03 kcal/mol
        125 |      2423441 |  -13.32 kcal/mol |  -14.67 +/-    0.51 kcal/mol |       4 |  -15.03 kcal/mol
        130 |      2507427 |  -12.75 kcal/mol |  -14.75 +/-    0.28 kcal/mol |       9 |  -15.03 kcal/mol
------------+--------------+------------------+------------------------------+---------+-------------------

                                   Finished evaluation after reaching
                       2507427 evaluations. Best inter + intra   -15.03 kcal/mol.


Shutdown time 0.000749s

Job #5 took 1.803 sec after waiting 0.035 sec for setup

(Thread 0 is processing Job #5)
Run time of entire job set (5 files): 11.192 sec
Savings from multithreading: -0.001 sec
Idle time of execution thread: 4.687 sec

All jobs (5) ran without errors.
