AutoDock-GPU version: v1.6-7-ga46ab564d2ac5f1a1523f65239b43505a1c29364-dirty

Running 1 docking calculation

Cuda device:                              NVIDIA A100-SXM4-40GB
Available memory on device:               39916 MB (total: 40339 MB)

CUDA Setup time 0.232608s
(Thread 0 is setting up Job #1)

Running Job #1
    Using heuristics: (capped) number of evaluations set to 2845257
    Overriding heuristics, setting number of evaluations to --nev = 2500000 instead.
    Local-search chosen method is: ADADELTA (ad)

Rest of Setup time 0.308610s

Executing docking runs, stopping automatically after either reaching 0.15 kcal/mol standard deviation of
the best molecules of the last 4 * 5 generations, 42000 generations, or 2500000 evaluations:

Generations |  Evaluations |     Threshold    |  Average energy of best 10%  | Samples | Best Inter + Intra
------------+--------------+------------------+------------------------------+---------+-------------------
          0 |          150 |   -0.59 kcal/mol |   -2.64 +/-    0.68 kcal/mol |       6 |   -3.70 kcal/mol
          5 |       118578 |   -0.94 kcal/mol |   -6.55 +/-    2.15 kcal/mol |    1032 |  -16.22 kcal/mol
         10 |       240426 |   -6.52 kcal/mol |  -12.01 +/-    1.18 kcal/mol |      26 |  -16.46 kcal/mol
         15 |       368807 |  -11.33 kcal/mol |  -14.53 +/-    1.15 kcal/mol |       4 |  -16.46 kcal/mol
         20 |       497771 |  -10.20 kcal/mol |  -13.71 +/-    1.27 kcal/mol |      16 |  -16.46 kcal/mol
         25 |       627863 |  -12.51 kcal/mol |  -15.18 +/-    0.93 kcal/mol |       4 |  -16.57 kcal/mol
         30 |       760217 |  -11.70 kcal/mol |  -14.63 +/-    0.83 kcal/mol |      21 |  -16.68 kcal/mol
         35 |       893105 |  -14.04 kcal/mol |  -15.80 +/-    0.54 kcal/mol |       4 |  -16.68 kcal/mol
         40 |      1026676 |  -13.79 kcal/mol |  -15.49 +/-    0.60 kcal/mol |      10 |  -16.68 kcal/mol
         45 |      1157939 |  -14.59 kcal/mol |  -16.32 +/-    0.41 kcal/mol |       4 |  -16.68 kcal/mol
         50 |      1289875 |  -14.77 kcal/mol |  -16.06 +/-    0.63 kcal/mol |       5 |  -16.95 kcal/mol
         55 |      1422652 |  -14.17 kcal/mol |  -15.96 +/-    0.50 kcal/mol |       9 |  -16.96 kcal/mol
         60 |      1554152 |  -15.12 kcal/mol |  -16.57 +/-    0.30 kcal/mol |       5 |  -17.02 kcal/mol
         65 |      1687350 |  -15.69 kcal/mol |  -16.73 +/-    0.18 kcal/mol |       4 |  -17.02 kcal/mol
         70 |      1822431 |  -16.07 kcal/mol |  -16.84 +/-    0.18 kcal/mol |       4 |  -17.02 kcal/mol
         75 |      1955597 |  -16.17 kcal/mol |  -16.85 +/-    0.17 kcal/mol |       2 |  -17.02 kcal/mol
         80 |      2088652 |  -15.59 kcal/mol |  -16.65 +/-    0.34 kcal/mol |       5 |  -17.06 kcal/mol
         85 |      2221397 |  -15.64 kcal/mol |  -16.79 +/-    0.24 kcal/mol |       7 |  -17.06 kcal/mol
         90 |      2354074 |  -16.26 kcal/mol |  -16.83 +/-    0.26 kcal/mol |       4 |  -17.09 kcal/mol
         95 |      2487316 |  -15.86 kcal/mol |  -16.75 +/-    0.22 kcal/mol |       5 |  -17.09 kcal/mol
         96 |      2513496 |  -16.10 kcal/mol |  -16.73 +/-    0.22 kcal/mol |       9 |  -17.09 kcal/mol
------------+--------------+------------------+------------------------------+---------+-------------------

                                   Finished evaluation after reaching
                       2513496 evaluations. Best inter + intra   -17.09 kcal/mol.


Shutdown time 0.000732s

Job #1 took 1.847 sec after waiting 4.505 sec for setup

(Thread 0 is processing Job #1)
Run time of entire job set (1 file): 6.430 sec
Processing time: 0.077 sec

All jobs (1) ran without errors.
