AutoDock-GPU version: v1.6-7-ga46ab564d2ac5f1a1523f65239b43505a1c29364-dirty

Using 1 OpenMP threads

Running 5 docking calculations

Cuda device:                              NVIDIA A100-SXM4-40GB
Available memory on device:               39916 MB (total: 40339 MB)

CUDA Setup time 0.237104s
(Thread 0 is setting up Job #1)

Running Job #1:
    Device: NVIDIA A100-SXM4-40GB
    Grid map file: ./protein.maps.fld
    Ligand file: ./ligand_1_1.pdbqt
    Output file: docking_result_1.dlg (+ xml)
    Using heuristics: (capped) number of evaluations set to 2068966
    Local-search chosen method is: ADADELTA (ad)

Rest of Setup time 0.308318s

Executing docking runs, stopping automatically after either reaching 0.15 kcal/mol standard deviation of
the best molecules of the last 4 * 5 generations, 42000 generations, or 2068966 evaluations:

Generations |  Evaluations |     Threshold    |  Average energy of best 10%  | Samples | Best Inter + Intra
------------+--------------+------------------+------------------------------+---------+-------------------
          0 |          150 |   -1.76 kcal/mol |   -2.16 +/-    0.13 kcal/mol |       5 |   -2.36 kcal/mol
          5 |       143349 |   -1.76 kcal/mol |   -4.90 +/-    1.69 kcal/mol |    1113 |  -11.04 kcal/mol
         10 |       284407 |   -4.88 kcal/mol |   -9.52 +/-    0.97 kcal/mol |      27 |  -11.74 kcal/mol
         15 |       424118 |   -8.98 kcal/mol |  -11.49 +/-    0.32 kcal/mol |       9 |  -11.84 kcal/mol
         20 |       562580 |  -10.96 kcal/mol |  -11.67 +/-    0.14 kcal/mol |       5 |  -11.86 kcal/mol
         25 |       700441 |  -11.26 kcal/mol |  -11.81 +/-    0.16 kcal/mol |       9 |  -12.16 kcal/mol
         30 |       839072 |  -11.55 kcal/mol |  -11.95 +/-    0.17 kcal/mol |       6 |  -12.16 kcal/mol
         35 |       976945 |  -11.54 kcal/mol |  -12.02 +/-    0.12 kcal/mol |       5 |  -12.17 kcal/mol
         40 |      1114313 |  -11.66 kcal/mol |  -12.08 +/-    0.12 kcal/mol |       8 |  -12.17 kcal/mol
         45 |      1249423 |  -11.84 kcal/mol |  -12.16 +/-    0.03 kcal/mol |       3 |  -12.19 kcal/mol
         50 |      1383685 |  -11.41 kcal/mol |  -12.05 +/-    0.22 kcal/mol |       7 |  -12.36 kcal/mol
         55 |      1520159 |  -11.58 kcal/mol |  -12.09 +/-    0.15 kcal/mol |       9 |  -12.36 kcal/mol
         60 |      1652073 |  -11.84 kcal/mol |  -12.27 +/-    0.10 kcal/mol |       8 |  -12.38 kcal/mol
         65 |      1784205 |  -12.08 kcal/mol |  -12.29 +/-    0.10 kcal/mol |       5 |  -12.39 kcal/mol
         70 |      1915258 |  -11.98 kcal/mol |  -12.29 +/-    0.09 kcal/mol |       9 |  -12.39 kcal/mol
         75 |      2043735 |  -12.14 kcal/mol |  -12.30 +/-    0.10 kcal/mol |       9 |  -12.39 kcal/mol
         76 |      2070068 |  -12.14 kcal/mol |  -12.30 +/-    0.10 kcal/mol |      20 |  -12.39 kcal/mol
------------+--------------+------------------+------------------------------+---------+-------------------

                                   Finished evaluation after reaching
                       2070068 evaluations. Best inter + intra   -12.39 kcal/mol.


Shutdown time 0.000656s

Job #1 took 0.930 sec after waiting 4.469 sec for setup

(Thread 0 is processing Job #1)
(Thread 0 is setting up Job #2)

Running Job #2:
    Device: NVIDIA A100-SXM4-40GB
    Grid map file: ./protein.maps.fld
    Ligand file: ./ligand_2_2.pdbqt
    Output file: docking_result_2.dlg (+ xml)
    Using heuristics: (capped) number of evaluations set to 2068966
    Local-search chosen method is: ADADELTA (ad)

Rest of Setup time 0.306534s

Executing docking runs, stopping automatically after either reaching 0.15 kcal/mol standard deviation of
the best molecules of the last 4 * 5 generations, 42000 generations, or 2068966 evaluations:

Generations |  Evaluations |     Threshold    |  Average energy of best 10%  | Samples | Best Inter + Intra
------------+--------------+------------------+------------------------------+---------+-------------------
          0 |          150 |   -1.05 kcal/mol |   -2.72 +/-    0.45 kcal/mol |       4 |   -3.11 kcal/mol
          5 |       147078 |   -1.05 kcal/mol |   -4.75 +/-    1.53 kcal/mol |    1073 |   -9.36 kcal/mol
         10 |       289934 |   -4.73 kcal/mol |   -8.75 +/-    0.79 kcal/mol |      37 |  -11.85 kcal/mol
         15 |       434264 |   -8.43 kcal/mol |  -11.13 +/-    0.72 kcal/mol |       7 |  -11.89 kcal/mol
         20 |       574904 |   -9.60 kcal/mol |  -11.06 +/-    0.58 kcal/mol |       4 |  -11.93 kcal/mol
         25 |       713419 |   -8.88 kcal/mol |  -10.86 +/-    0.69 kcal/mol |      11 |  -11.93 kcal/mol
         30 |       855137 |   -9.92 kcal/mol |  -11.64 +/-    0.25 kcal/mol |       6 |  -11.93 kcal/mol
         35 |       994793 |  -11.02 kcal/mol |  -11.70 +/-    0.23 kcal/mol |       4 |  -11.93 kcal/mol
         40 |      1134749 |  -10.82 kcal/mol |  -11.66 +/-    0.22 kcal/mol |       5 |  -11.93 kcal/mol
         45 |      1272260 |  -11.00 kcal/mol |  -11.63 +/-    0.17 kcal/mol |       4 |  -11.93 kcal/mol
         50 |      1407197 |  -10.99 kcal/mol |  -11.82 +/-    0.17 kcal/mol |      10 |  -12.00 kcal/mol
         55 |      1543740 |  -11.57 kcal/mol |  -11.94 +/-    0.06 kcal/mol |       5 |  -12.00 kcal/mol
         60 |      1677955 |  -11.49 kcal/mol |  -11.94 +/-    0.05 kcal/mol |      12 |  -12.01 kcal/mol
         65 |      1814795 |  -11.75 kcal/mol |  -11.93 +/-    0.04 kcal/mol |       7 |  -12.01 kcal/mol
------------+--------------+------------------+------------------------------+---------+-------------------

                                   Finished evaluation after reaching
                                  -11.90 +/-    0.11 kcal/mol combined.
                             34 samples, best inter + intra   -12.01 kcal/mol.


Shutdown time 0.000631s

Job #2 took 0.833 sec after waiting 0.030 sec for setup

(Thread 0 is processing Job #2)
(Thread 0 is setting up Job #3)

Running Job #3:
    Device: NVIDIA A100-SXM4-40GB
    Grid map file: ./protein.maps.fld
    Ligand file: ./ligand_3_3.pdbqt
    Output file: docking_result_3.dlg (+ xml)
    Using heuristics: (capped) number of evaluations set to 2280181
    Local-search chosen method is: ADADELTA (ad)

Rest of Setup time 0.304769s

Executing docking runs, stopping automatically after either reaching 0.15 kcal/mol standard deviation of
the best molecules of the last 4 * 5 generations, 42000 generations, or 2280181 evaluations:

Generations |  Evaluations |     Threshold    |  Average energy of best 10%  | Samples | Best Inter + Intra
------------+--------------+------------------+------------------------------+---------+-------------------
          0 |          150 |   -1.22 kcal/mol |   -2.15 +/-    0.31 kcal/mol |       5 |   -2.71 kcal/mol
          5 |       141347 |   -1.23 kcal/mol |   -4.84 +/-    1.73 kcal/mol |    1089 |  -10.29 kcal/mol
         10 |       277127 |   -4.81 kcal/mol |   -9.27 +/-    0.69 kcal/mol |      29 |  -10.66 kcal/mol
         15 |       415641 |   -8.92 kcal/mol |  -10.61 +/-    0.17 kcal/mol |       7 |  -10.84 kcal/mol
         20 |       555177 |  -10.25 kcal/mol |  -10.83 +/-    0.23 kcal/mol |       4 |  -11.17 kcal/mol
         25 |       694391 |   -9.96 kcal/mol |  -10.82 +/-    0.23 kcal/mol |       8 |  -11.26 kcal/mol
         30 |       833770 |  -10.38 kcal/mol |  -10.98 +/-    0.20 kcal/mol |      12 |  -11.43 kcal/mol
         35 |       971864 |  -10.73 kcal/mol |  -11.31 +/-    0.24 kcal/mol |       4 |  -11.57 kcal/mol
         40 |      1110165 |  -10.43 kcal/mol |  -11.25 +/-    0.28 kcal/mol |      15 |  -11.73 kcal/mol
         45 |      1244184 |  -10.97 kcal/mol |  -11.51 +/-    0.14 kcal/mol |       8 |  -11.73 kcal/mol
         50 |      1377616 |  -11.25 kcal/mol |  -11.53 +/-    0.13 kcal/mol |      11 |  -11.73 kcal/mol
         55 |      1513657 |  -11.36 kcal/mol |  -11.56 +/-    0.14 kcal/mol |      12 |  -11.85 kcal/mol
         60 |      1646760 |  -11.38 kcal/mol |  -11.70 +/-    0.14 kcal/mol |      10 |  -11.85 kcal/mol
         65 |      1780935 |  -11.50 kcal/mol |  -11.74 +/-    0.13 kcal/mol |       7 |  -12.00 kcal/mol
         70 |      1913304 |  -11.47 kcal/mol |  -11.83 +/-    0.21 kcal/mol |       8 |  -12.17 kcal/mol
         75 |      2044199 |  -11.44 kcal/mol |  -11.80 +/-    0.17 kcal/mol |      10 |  -12.17 kcal/mol
         80 |      2174904 |  -11.54 kcal/mol |  -12.25 +/-    0.22 kcal/mol |       6 |  -12.53 kcal/mol
         85 |      2303554 |  -11.71 kcal/mol |  -12.33 +/-    0.20 kcal/mol |      11 |  -12.56 kcal/mol
------------+--------------+------------------+------------------------------+---------+-------------------

                                   Finished evaluation after reaching
                       2303554 evaluations. Best inter + intra   -12.56 kcal/mol.


Shutdown time 0.000664s

Job #3 took 1.082 sec after waiting 0.028 sec for setup

(Thread 0 is processing Job #3)
(Thread 0 is setting up Job #4)

Running Job #4:
    Device: NVIDIA A100-SXM4-40GB
    Grid map file: ./protein.maps.fld
    Ligand file: ./ligand_4_4.pdbqt
    Output file: docking_result_4.dlg (+ xml)
    Using heuristics: (capped) number of evaluations set to 2068966
    Local-search chosen method is: ADADELTA (ad)

Rest of Setup time 0.305809s

Executing docking runs, stopping automatically after either reaching 0.15 kcal/mol standard deviation of
the best molecules of the last 4 * 5 generations, 42000 generations, or 2068966 evaluations:

Generations |  Evaluations |     Threshold    |  Average energy of best 10%  | Samples | Best Inter + Intra
------------+--------------+------------------+------------------------------+---------+-------------------
          0 |          150 |   -1.54 kcal/mol |   -1.77 +/-    0.17 kcal/mol |      11 |   -2.10 kcal/mol
          5 |       147470 |   -1.54 kcal/mol |   -4.73 +/-    1.78 kcal/mol |    1187 |  -11.81 kcal/mol
         10 |       290589 |   -4.71 kcal/mol |   -9.23 +/-    0.91 kcal/mol |      23 |  -11.85 kcal/mol
         15 |       433995 |   -8.64 kcal/mol |  -11.80 +/-    0.03 kcal/mol |       4 |  -11.85 kcal/mol
         20 |       577014 |  -11.23 kcal/mol |  -11.79 +/-    0.05 kcal/mol |       3 |  -11.85 kcal/mol
         25 |       717439 |  -11.04 kcal/mol |  -11.66 +/-    0.26 kcal/mol |       4 |  -11.85 kcal/mol
         30 |       858298 |  -10.70 kcal/mol |  -11.72 +/-    0.20 kcal/mol |       6 |  -11.85 kcal/mol
         35 |       999553 |  -11.22 kcal/mol |  -11.85 +/-    0.10 kcal/mol |       5 |  -12.05 kcal/mol
         40 |      1139204 |  -11.54 kcal/mol |  -11.94 +/-    0.14 kcal/mol |       6 |  -12.12 kcal/mol
         45 |      1276724 |  -11.59 kcal/mol |  -12.10 +/-    0.03 kcal/mol |       5 |  -12.14 kcal/mol
         50 |      1412249 |  -11.65 kcal/mol |  -12.03 +/-    0.13 kcal/mol |       7 |  -12.14 kcal/mol
         55 |      1549277 |  -11.74 kcal/mol |  -11.99 +/-    0.16 kcal/mol |      10 |  -12.14 kcal/mol
         60 |      1683724 |  -11.75 kcal/mol |  -12.06 +/-    0.09 kcal/mol |       8 |  -12.14 kcal/mol
------------+--------------+------------------+------------------------------+---------+-------------------

                                   Finished evaluation after reaching
                                  -12.03 +/-    0.13 kcal/mol combined.
                             30 samples, best inter + intra   -12.14 kcal/mol.


Shutdown time 0.000655s

Job #4 took 0.797 sec after waiting 0.033 sec for setup

(Thread 0 is processing Job #4)
(Thread 0 is setting up Job #5)

Running Job #5:
    Device: NVIDIA A100-SXM4-40GB
    Grid map file: ./protein.maps.fld
    Ligand file: ./ligand_5_5.pdbqt
    Output file: docking_result_5.dlg (+ xml)
    Using heuristics: (capped) number of evaluations set to 2280181
    Local-search chosen method is: ADADELTA (ad)

Rest of Setup time 0.305056s

Executing docking runs, stopping automatically after either reaching 0.15 kcal/mol standard deviation of
the best molecules of the last 4 * 5 generations, 42000 generations, or 2280181 evaluations:

Generations |  Evaluations |     Threshold    |  Average energy of best 10%  | Samples | Best Inter + Intra
------------+--------------+------------------+------------------------------+---------+-------------------
          0 |          150 |   -1.75 kcal/mol |   -2.58 +/-    0.22 kcal/mol |       4 |   -2.85 kcal/mol
          5 |       138435 |   -1.75 kcal/mol |   -4.95 +/-    1.51 kcal/mol |    1005 |  -10.10 kcal/mol
         10 |       272833 |   -4.92 kcal/mol |   -8.93 +/-    0.74 kcal/mol |      53 |  -11.01 kcal/mol
         15 |       407691 |   -8.72 kcal/mol |  -10.63 +/-    0.30 kcal/mol |       4 |  -11.01 kcal/mol
         20 |       542863 |   -9.52 kcal/mol |  -10.65 +/-    0.36 kcal/mol |       9 |  -11.11 kcal/mol
         25 |       674561 |  -10.05 kcal/mol |  -11.04 +/-    0.06 kcal/mol |       6 |  -11.13 kcal/mol
         30 |       807495 |  -10.66 kcal/mol |  -11.02 +/-    0.11 kcal/mol |      16 |  -11.15 kcal/mol
         35 |       939090 |  -10.92 kcal/mol |  -11.16 +/-    0.19 kcal/mol |      14 |  -11.68 kcal/mol
         40 |      1073641 |  -10.96 kcal/mol |  -11.36 +/-    0.14 kcal/mol |       9 |  -11.68 kcal/mol
         45 |      1206381 |  -11.12 kcal/mol |  -11.40 +/-    0.15 kcal/mol |      12 |  -11.68 kcal/mol
         50 |      1337974 |  -11.22 kcal/mol |  -11.57 +/-    0.16 kcal/mol |      12 |  -11.89 kcal/mol
         55 |      1467224 |  -11.37 kcal/mol |  -11.61 +/-    0.18 kcal/mol |       7 |  -11.91 kcal/mol
         60 |      1594246 |  -11.21 kcal/mol |  -11.74 +/-    0.22 kcal/mol |       4 |  -11.91 kcal/mol
         65 |      1723481 |  -10.93 kcal/mol |  -11.67 +/-    0.20 kcal/mol |      11 |  -11.92 kcal/mol
         70 |      1850522 |  -11.40 kcal/mol |  -11.91 +/-    0.05 kcal/mol |       6 |  -12.00 kcal/mol
         75 |      1975667 |  -11.54 kcal/mol |  -11.97 +/-    0.12 kcal/mol |      10 |  -12.17 kcal/mol
         80 |      2100313 |  -11.80 kcal/mol |  -12.05 +/-    0.07 kcal/mol |       5 |  -12.17 kcal/mol
         85 |      2224385 |  -11.60 kcal/mol |  -12.01 +/-    0.10 kcal/mol |       9 |  -12.18 kcal/mol
         88 |      2299577 |  -11.85 kcal/mol |  -12.00 +/-    0.10 kcal/mol |      17 |  -12.18 kcal/mol
------------+--------------+------------------+------------------------------+---------+-------------------

                                   Finished evaluation after reaching
                       2299577 evaluations. Best inter + intra   -12.18 kcal/mol.


Shutdown time 0.000688s

Job #5 took 1.087 sec after waiting 0.028 sec for setup

(Thread 0 is processing Job #5)
Run time of entire job set (5 files): 9.349 sec
Savings from multithreading: -0.000 sec
Idle time of execution thread: 4.620 sec

All jobs (5) ran without errors.
