AutoDock-GPU version: v1.6-7-ga46ab564d2ac5f1a1523f65239b43505a1c29364-dirty

Using 1 OpenMP threads

Running 3 docking calculations

Cuda device:                              NVIDIA A100-SXM4-40GB
Available memory on device:               39916 MB (total: 40339 MB)

CUDA Setup time 0.236382s
(Thread 0 is setting up Job #1)

Running Job #1:
    Device: NVIDIA A100-SXM4-40GB
    Grid map file: ./protein.maps.fld
    Ligand file: ./ligand_1_1.pdbqt
    Output file: docking_result_1.dlg (+ xml)
    Using heuristics: (capped) number of evaluations set to 2068966
    Local-search chosen method is: ADADELTA (ad)

Rest of Setup time 0.305727s

Executing docking runs, stopping automatically after either reaching 0.15 kcal/mol standard deviation of
the best molecules of the last 4 * 5 generations, 42000 generations, or 2068966 evaluations:

Generations |  Evaluations |     Threshold    |  Average energy of best 10%  | Samples | Best Inter + Intra
------------+--------------+------------------+------------------------------+---------+-------------------
          0 |          150 |   -1.75 kcal/mol |   -2.89 +/-    0.38 kcal/mol |       6 |   -3.45 kcal/mol
          5 |       133164 |   -1.95 kcal/mol |   -5.83 +/-    1.58 kcal/mol |     864 |  -12.35 kcal/mol
         10 |       262542 |   -5.80 kcal/mol |  -10.26 +/-    1.12 kcal/mol |      55 |  -13.35 kcal/mol
         15 |       396018 |   -9.95 kcal/mol |  -12.81 +/-    0.34 kcal/mol |       8 |  -13.35 kcal/mol
         20 |       528837 |  -12.17 kcal/mol |  -13.20 +/-    0.20 kcal/mol |       4 |  -13.35 kcal/mol
         25 |       660926 |  -12.47 kcal/mol |  -13.29 +/-    0.28 kcal/mol |       7 |  -13.59 kcal/mol
         30 |       791033 |  -12.69 kcal/mol |  -13.54 +/-    0.22 kcal/mol |       4 |  -13.81 kcal/mol
         35 |       921122 |  -12.72 kcal/mol |  -13.63 +/-    0.23 kcal/mol |       4 |  -13.81 kcal/mol
         40 |      1050094 |  -12.78 kcal/mol |  -13.61 +/-    0.16 kcal/mol |       5 |  -13.84 kcal/mol
         45 |      1178737 |  -13.14 kcal/mol |  -13.85 +/-    0.17 kcal/mol |      11 |  -14.03 kcal/mol
         50 |      1304658 |  -13.61 kcal/mol |  -14.06 +/-    0.15 kcal/mol |       6 |  -14.34 kcal/mol
         55 |      1433086 |  -13.67 kcal/mol |  -14.18 +/-    0.13 kcal/mol |       5 |  -14.34 kcal/mol
         60 |      1560955 |  -13.78 kcal/mol |  -14.07 +/-    0.18 kcal/mol |      10 |  -14.36 kcal/mol
         65 |      1690336 |  -13.80 kcal/mol |  -14.15 +/-    0.12 kcal/mol |       5 |  -14.37 kcal/mol
         70 |      1819490 |  -13.80 kcal/mol |  -14.16 +/-    0.09 kcal/mol |       8 |  -14.37 kcal/mol
         75 |      1947370 |  -13.98 kcal/mol |  -14.20 +/-    0.12 kcal/mol |       8 |  -14.38 kcal/mol
         80 |      2074874 |  -13.97 kcal/mol |  -14.19 +/-    0.11 kcal/mol |      17 |  -14.38 kcal/mol
------------+--------------+------------------+------------------------------+---------+-------------------

                                   Finished evaluation after reaching
                       2074874 evaluations. Best inter + intra   -14.38 kcal/mol.


Shutdown time 0.000628s

Job #1 took 1.063 sec after waiting 4.465 sec for setup

(Thread 0 is processing Job #1)
(Thread 0 is setting up Job #2)

Running Job #2:
    Device: NVIDIA A100-SXM4-40GB
    Grid map file: ./protein.maps.fld
    Ligand file: ./ligand_2_2.pdbqt
    Output file: docking_result_2.dlg (+ xml)
    Using heuristics: (capped) number of evaluations set to 2068966
    Local-search chosen method is: ADADELTA (ad)

Rest of Setup time 0.305882s

Executing docking runs, stopping automatically after either reaching 0.15 kcal/mol standard deviation of
the best molecules of the last 4 * 5 generations, 42000 generations, or 2068966 evaluations:

Generations |  Evaluations |     Threshold    |  Average energy of best 10%  | Samples | Best Inter + Intra
------------+--------------+------------------+------------------------------+---------+-------------------
          0 |          150 |   -1.95 kcal/mol |   -2.24 +/-    0.23 kcal/mol |      12 |   -2.81 kcal/mol
          5 |       136698 |   -1.95 kcal/mol |   -5.04 +/-    1.28 kcal/mol |     946 |  -10.05 kcal/mol
         10 |       262927 |   -5.02 kcal/mol |   -8.43 +/-    0.77 kcal/mol |      64 |  -10.59 kcal/mol
         15 |       388933 |   -8.25 kcal/mol |  -10.59 +/-    0.52 kcal/mol |       9 |  -11.51 kcal/mol
         20 |       517212 |   -9.72 kcal/mol |  -11.07 +/-    0.47 kcal/mol |       4 |  -11.56 kcal/mol
         25 |       645864 |   -9.31 kcal/mol |  -10.62 +/-    0.34 kcal/mol |      10 |  -11.56 kcal/mol
         30 |       774595 |  -10.11 kcal/mol |  -11.11 +/-    0.28 kcal/mol |      10 |  -11.56 kcal/mol
         35 |       901671 |  -10.69 kcal/mol |  -11.44 +/-    0.20 kcal/mol |      12 |  -11.74 kcal/mol
         40 |      1029646 |  -11.19 kcal/mol |  -11.50 +/-    0.19 kcal/mol |      11 |  -11.74 kcal/mol
         45 |      1158679 |  -11.24 kcal/mol |  -11.51 +/-    0.17 kcal/mol |      16 |  -11.85 kcal/mol
         50 |      1285488 |  -11.35 kcal/mol |  -11.57 +/-    0.13 kcal/mol |      15 |  -11.85 kcal/mol
         55 |      1412889 |  -11.44 kcal/mol |  -11.66 +/-    0.14 kcal/mol |      14 |  -11.96 kcal/mol
         60 |      1537410 |  -11.51 kcal/mol |  -11.69 +/-    0.15 kcal/mol |      10 |  -12.03 kcal/mol
         65 |      1663472 |  -11.47 kcal/mol |  -11.72 +/-    0.19 kcal/mol |      10 |  -12.09 kcal/mol
         70 |      1788863 |  -11.43 kcal/mol |  -11.75 +/-    0.21 kcal/mol |      17 |  -12.16 kcal/mol
         75 |      1914093 |  -11.57 kcal/mol |  -11.81 +/-    0.20 kcal/mol |       9 |  -12.16 kcal/mol
         80 |      2036976 |  -11.48 kcal/mol |  -11.80 +/-    0.21 kcal/mol |      13 |  -12.16 kcal/mol
         82 |      2085576 |  -11.56 kcal/mol |  -11.94 +/-    0.17 kcal/mol |      16 |  -12.16 kcal/mol
------------+--------------+------------------+------------------------------+---------+-------------------

                                   Finished evaluation after reaching
                       2085576 evaluations. Best inter + intra   -12.16 kcal/mol.


Shutdown time 0.000655s

Job #2 took 0.910 sec after waiting 0.036 sec for setup

(Thread 0 is processing Job #2)
(Thread 0 is setting up Job #3)

Running Job #3:
    Device: NVIDIA A100-SXM4-40GB
    Grid map file: ./protein.maps.fld
    Ligand file: ./ligand_3_3.pdbqt
    Output file: docking_result_3.dlg (+ xml)
    Using heuristics: (capped) number of evaluations set to 2845257
    Overriding heuristics, setting number of evaluations to --nev = 2500000 instead.
    Local-search chosen method is: ADADELTA (ad)

Rest of Setup time 0.306956s

Executing docking runs, stopping automatically after either reaching 0.15 kcal/mol standard deviation of
the best molecules of the last 4 * 5 generations, 42000 generations, or 2500000 evaluations:

Generations |  Evaluations |     Threshold    |  Average energy of best 10%  | Samples | Best Inter + Intra
------------+--------------+------------------+------------------------------+---------+-------------------
          0 |          150 |   -2.04 kcal/mol |   -2.78 +/-    0.20 kcal/mol |       4 |   -3.09 kcal/mol
          5 |       136770 |   -2.04 kcal/mol |   -5.71 +/-    1.69 kcal/mol |    1162 |  -11.49 kcal/mol
         10 |       273107 |   -5.69 kcal/mol |   -9.88 +/-    0.79 kcal/mol |      52 |  -12.12 kcal/mol
         15 |       411829 |   -9.65 kcal/mol |  -11.86 +/-    0.25 kcal/mol |       6 |  -12.15 kcal/mol
         20 |       548672 |  -11.23 kcal/mol |  -12.25 +/-    0.21 kcal/mol |       9 |  -12.56 kcal/mol
         25 |       684807 |  -11.90 kcal/mol |  -12.47 +/-    0.08 kcal/mol |       4 |  -12.56 kcal/mol
         30 |       824839 |  -12.15 kcal/mol |  -12.63 +/-    0.10 kcal/mol |       6 |  -12.84 kcal/mol
         35 |       962744 |  -12.36 kcal/mol |  -13.51 +/-    0.74 kcal/mol |       7 |  -14.70 kcal/mol
         40 |      1100115 |  -11.92 kcal/mol |  -13.53 +/-    0.70 kcal/mol |       4 |  -14.73 kcal/mol
         45 |      1239649 |  -10.91 kcal/mol |  -13.23 +/-    0.90 kcal/mol |      11 |  -14.73 kcal/mol
         50 |      1377367 |  -12.01 kcal/mol |  -14.17 +/-    0.61 kcal/mol |       4 |  -14.77 kcal/mol
         55 |      1516676 |  -11.86 kcal/mol |  -14.03 +/-    0.50 kcal/mol |       7 |  -14.77 kcal/mol
         60 |      1653414 |  -12.96 kcal/mol |  -14.43 +/-    0.33 kcal/mol |      10 |  -14.80 kcal/mol
         65 |      1793627 |  -13.93 kcal/mol |  -14.59 +/-    0.12 kcal/mol |       8 |  -14.81 kcal/mol
         70 |      1932249 |  -14.36 kcal/mol |  -14.54 +/-    0.15 kcal/mol |       5 |  -14.81 kcal/mol
         75 |      2071184 |  -14.10 kcal/mol |  -14.52 +/-    0.22 kcal/mol |       4 |  -14.81 kcal/mol
         80 |      2210718 |  -13.69 kcal/mol |  -14.59 +/-    0.23 kcal/mol |       6 |  -14.84 kcal/mol
         85 |      2349482 |  -14.02 kcal/mol |  -14.69 +/-    0.17 kcal/mol |       5 |  -14.84 kcal/mol
         90 |      2489580 |  -14.17 kcal/mol |  -14.64 +/-    0.15 kcal/mol |       5 |  -14.84 kcal/mol
         91 |      2517396 |  -14.18 kcal/mol |  -14.68 +/-    0.15 kcal/mol |       9 |  -14.84 kcal/mol
------------+--------------+------------------+------------------------------+---------+-------------------

                                   Finished evaluation after reaching
                       2517396 evaluations. Best inter + intra   -14.84 kcal/mol.


Shutdown time 0.000644s

Job #3 took 1.330 sec after waiting 0.029 sec for setup

(Thread 0 is processing Job #3)
Run time of entire job set (3 files): 7.877 sec
Savings from multithreading: -0.000 sec
Idle time of execution thread: 4.573 sec

All jobs (3) ran without errors.
