AutoDock-GPU version: v1.6-7-ga46ab564d2ac5f1a1523f65239b43505a1c29364-dirty

Using 1 OpenMP threads

Running 9 docking calculations

Cuda device:                              NVIDIA A100-SXM4-40GB
Available memory on device:               36750 MB (total: 40339 MB)

CUDA Setup time 0.170539s
(Thread 0 is setting up Job #1)

Running Job #1:
    Device: NVIDIA A100-SXM4-40GB
    Grid map file: ./protein.maps.fld
    Ligand file: ./ligand_1_1.pdbqt
    Output file: docking_result_1.dlg (+ xml)
    Using heuristics: (capped) number of evaluations set to 2068966
    Local-search chosen method is: ADADELTA (ad)

Rest of Setup time 0.310050s

Executing docking runs, stopping automatically after either reaching 0.15 kcal/mol standard deviation of
the best molecules of the last 4 * 5 generations, 42000 generations, or 2068966 evaluations:

Generations |  Evaluations |     Threshold    |  Average energy of best 10%  | Samples | Best Inter + Intra
------------+--------------+------------------+------------------------------+---------+-------------------
          0 |          150 |   -1.28 kcal/mol |   -2.67 +/-    0.45 kcal/mol |       6 |   -3.57 kcal/mol
          5 |       149686 |   -1.54 kcal/mol |   -5.12 +/-    1.21 kcal/mol |     924 |   -9.62 kcal/mol
         10 |       295407 |   -5.10 kcal/mol |   -8.49 +/-    0.70 kcal/mol |      60 |  -10.10 kcal/mol
         15 |       441388 |   -8.32 kcal/mol |  -10.02 +/-    0.20 kcal/mol |       6 |  -10.44 kcal/mol
         20 |       587688 |   -9.52 kcal/mol |  -10.14 +/-    0.23 kcal/mol |       8 |  -10.53 kcal/mol
         25 |       732089 |   -9.71 kcal/mol |  -10.44 +/-    0.10 kcal/mol |       5 |  -10.53 kcal/mol
         30 |       876138 |  -10.15 kcal/mol |  -10.64 +/-    0.17 kcal/mol |       6 |  -10.88 kcal/mol
         35 |      1018554 |  -10.20 kcal/mol |  -10.44 +/-    0.19 kcal/mol |      12 |  -10.88 kcal/mol
         40 |      1160767 |  -10.20 kcal/mol |  -10.88 +/-    0.00 kcal/mol |       4 |  -10.88 kcal/mol
         45 |      1300313 |  -10.32 kcal/mol |  -11.05 +/-    0.33 kcal/mol |       6 |  -11.52 kcal/mol
         50 |      1437193 |  -10.22 kcal/mol |  -11.33 +/-    0.26 kcal/mol |       4 |  -11.52 kcal/mol
         55 |      1572278 |  -10.35 kcal/mol |  -11.30 +/-    0.27 kcal/mol |      11 |  -11.52 kcal/mol
         60 |      1704286 |  -10.94 kcal/mol |  -11.46 +/-    0.09 kcal/mol |       6 |  -11.52 kcal/mol
         65 |      1837586 |  -11.24 kcal/mol |  -11.43 +/-    0.08 kcal/mol |       9 |  -11.52 kcal/mol
         70 |      1967143 |  -11.29 kcal/mol |  -11.48 +/-    0.05 kcal/mol |       9 |  -11.52 kcal/mol
         75 |      2093690 |  -11.23 kcal/mol |  -11.48 +/-    0.05 kcal/mol |      14 |  -11.52 kcal/mol
------------+--------------+------------------+------------------------------+---------+-------------------

                                   Finished evaluation after reaching
                       2093690 evaluations. Best inter + intra   -11.52 kcal/mol.


Shutdown time 0.000681s

Job #1 took 1.412 sec after waiting 4.452 sec for setup

(Thread 0 is processing Job #1)
(Thread 0 is setting up Job #2)

Running Job #2:
    Device: NVIDIA A100-SXM4-40GB
    Grid map file: ./protein.maps.fld
    Ligand file: ./ligand_2_2.pdbqt
    Output file: docking_result_2.dlg (+ xml)
    Using heuristics: (capped) number of evaluations set to 8617129
    Overriding heuristics, setting number of evaluations to --nev = 2500000 instead.
    Warning: The set number of evals is 8.18% of the uncapped heuristics estimate of 30567396 evals.
             This means this docking may not be able to converge. Increasing --heurmax may improve
             convergence but will also increase runtime.
             AutoStop will not stop before 84.62% (2115382) of the set number of evaluations.
    Local-search chosen method is: ADADELTA (ad)

Rest of Setup time 0.308363s

Executing docking runs, stopping automatically after either reaching 0.15 kcal/mol standard deviation of
the best molecules of the last 4 * 5 generations, 42000 generations, or 2500000 evaluations:

Generations |  Evaluations |     Threshold    |  Average energy of best 10%  | Samples | Best Inter + Intra
------------+--------------+------------------+------------------------------+---------+-------------------
          0 |          150 |  245.87 kcal/mol |  164.44 +/-   39.52 kcal/mol |       4 |   97.14 kcal/mol
          5 |       126673 |  312.64 kcal/mol |   10.66 +/-   26.68 kcal/mol |    1150 |   -8.33 kcal/mol
         10 |       229660 |   11.01 kcal/mol |   -8.82 +/-    0.48 kcal/mol |       5 |   -9.67 kcal/mol
         15 |       333118 |   -7.37 kcal/mol |   -8.92 +/-    0.45 kcal/mol |       8 |   -9.67 kcal/mol
         20 |       435592 |   -8.08 kcal/mol |   -9.85 +/-    0.48 kcal/mol |       6 |  -10.88 kcal/mol
         25 |       535972 |   -8.65 kcal/mol |  -10.01 +/-    0.67 kcal/mol |       4 |  -10.88 kcal/mol
         30 |       635404 |   -7.48 kcal/mol |   -9.69 +/-    0.70 kcal/mol |      12 |  -11.30 kcal/mol
         35 |       731014 |   -8.82 kcal/mol |  -10.51 +/-    0.46 kcal/mol |       4 |  -11.30 kcal/mol
         40 |       823453 |   -8.77 kcal/mol |  -10.73 +/-    0.57 kcal/mol |       8 |  -11.65 kcal/mol
         45 |       911870 |   -9.65 kcal/mol |  -11.28 +/-    0.39 kcal/mol |       6 |  -11.69 kcal/mol
         50 |       996994 |  -10.30 kcal/mol |  -11.74 +/-    0.42 kcal/mol |       4 |  -12.17 kcal/mol
         55 |      1081591 |  -10.16 kcal/mol |  -11.91 +/-    0.22 kcal/mol |       6 |  -12.17 kcal/mol
         60 |      1164281 |  -11.35 kcal/mol |  -11.99 +/-    0.18 kcal/mol |       4 |  -12.17 kcal/mol
         65 |      1247660 |  -11.31 kcal/mol |  -11.95 +/-    0.16 kcal/mol |       4 |  -12.17 kcal/mol
         70 |      1329880 |  -11.36 kcal/mol |  -12.00 +/-    0.15 kcal/mol |       3 |  -12.17 kcal/mol
         75 |      1409579 |  -11.23 kcal/mol |  -11.84 +/-    0.30 kcal/mol |       4 |  -12.17 kcal/mol
         80 |      1491151 |  -10.74 kcal/mol |  -11.82 +/-    0.35 kcal/mol |       5 |  -12.28 kcal/mol
         85 |      1571655 |  -10.76 kcal/mol |  -11.97 +/-    0.21 kcal/mol |       5 |  -12.28 kcal/mol
         90 |      1652968 |  -11.33 kcal/mol |  -11.94 +/-    0.31 kcal/mol |       4 |  -12.28 kcal/mol
         95 |      1734338 |  -10.78 kcal/mol |  -11.87 +/-    0.26 kcal/mol |       7 |  -12.28 kcal/mol
        100 |      1814311 |  -11.30 kcal/mol |  -12.13 +/-    0.20 kcal/mol |       4 |  -12.28 kcal/mol
        105 |      1894819 |  -11.39 kcal/mol |  -12.11 +/-    0.15 kcal/mol |       6 |  -12.28 kcal/mol
        110 |      1974562 |  -11.73 kcal/mol |  -12.27 +/-    0.12 kcal/mol |       4 |  -12.36 kcal/mol
        115 |      2053767 |  -11.81 kcal/mol |  -12.54 +/-    0.28 kcal/mol |       3 |  -12.92 kcal/mol
        120 |      2132135 |  -11.16 kcal/mol |  -12.43 +/-    0.45 kcal/mol |      10 |  -13.07 kcal/mol
        125 |      2210347 |  -11.75 kcal/mol |  -12.72 +/-    0.37 kcal/mol |       4 |  -13.10 kcal/mol
        130 |      2286681 |  -11.32 kcal/mol |  -12.52 +/-    0.34 kcal/mol |       4 |  -13.10 kcal/mol
        135 |      2364648 |  -11.23 kcal/mol |  -12.54 +/-    0.33 kcal/mol |       4 |  -13.10 kcal/mol
        140 |      2442320 |  -11.31 kcal/mol |  -12.50 +/-    0.31 kcal/mol |       5 |  -13.10 kcal/mol
        144 |      2505921 |  -11.58 kcal/mol |  -12.51 +/-    0.32 kcal/mol |       9 |  -13.10 kcal/mol
------------+--------------+------------------+------------------------------+---------+-------------------

                                   Finished evaluation after reaching
                       2505921 evaluations. Best inter + intra   -13.10 kcal/mol.


Shutdown time 0.000690s

Job #2 took 2.717 sec after waiting 0.021 sec for setup

(Thread 0 is processing Job #2)
(Thread 0 is setting up Job #3)

Running Job #3:
    Device: NVIDIA A100-SXM4-40GB
    Grid map file: ./protein.maps.fld
    Ligand file: ./ligand_3_3.pdbqt
    Output file: docking_result_3.dlg (+ xml)
    Using heuristics: (capped) number of evaluations set to 2068966
    Local-search chosen method is: ADADELTA (ad)

Rest of Setup time 0.316017s

Executing docking runs, stopping automatically after either reaching 0.15 kcal/mol standard deviation of
the best molecules of the last 4 * 5 generations, 42000 generations, or 2068966 evaluations:

Generations |  Evaluations |     Threshold    |  Average energy of best 10%  | Samples | Best Inter + Intra
------------+--------------+------------------+------------------------------+---------+-------------------
          0 |          150 |   -1.91 kcal/mol |   -2.66 +/-    0.20 kcal/mol |       4 |   -2.95 kcal/mol
          5 |       138763 |   -1.91 kcal/mol |   -4.98 +/-    1.42 kcal/mol |     939 |   -9.84 kcal/mol
         10 |       270986 |   -4.96 kcal/mol |   -8.97 +/-    0.83 kcal/mol |      57 |  -11.23 kcal/mol
         15 |       404048 |   -8.75 kcal/mol |  -10.87 +/-    0.41 kcal/mol |       4 |  -11.27 kcal/mol
         20 |       538681 |   -9.35 kcal/mol |  -10.62 +/-    0.49 kcal/mol |       8 |  -11.55 kcal/mol
         25 |       669938 |   -9.70 kcal/mol |  -11.04 +/-    0.60 kcal/mol |       4 |  -11.92 kcal/mol
         30 |       801450 |   -8.80 kcal/mol |  -10.64 +/-    0.61 kcal/mol |      18 |  -12.04 kcal/mol
         35 |       934869 |  -10.14 kcal/mol |  -11.47 +/-    0.33 kcal/mol |       4 |  -12.04 kcal/mol
         40 |      1066855 |  -10.23 kcal/mol |  -11.52 +/-    0.51 kcal/mol |       9 |  -12.06 kcal/mol
         45 |      1196061 |  -10.67 kcal/mol |  -12.08 +/-    0.05 kcal/mol |       4 |  -12.13 kcal/mol
         50 |      1325092 |  -11.52 kcal/mol |  -11.86 +/-    0.24 kcal/mol |       4 |  -12.13 kcal/mol
         55 |      1450723 |  -10.98 kcal/mol |  -11.93 +/-    0.24 kcal/mol |       8 |  -12.13 kcal/mol
         60 |      1574557 |  -11.49 kcal/mol |  -11.82 +/-    0.20 kcal/mol |       6 |  -12.13 kcal/mol
         65 |      1700961 |  -11.33 kcal/mol |  -12.00 +/-    0.14 kcal/mol |       4 |  -12.13 kcal/mol
         70 |      1827621 |  -11.46 kcal/mol |  -12.07 +/-    0.05 kcal/mol |       5 |  -12.13 kcal/mol
         75 |      1952828 |  -11.62 kcal/mol |  -11.81 +/-    0.23 kcal/mol |       6 |  -12.14 kcal/mol
         80 |      2075247 |  -11.24 kcal/mol |  -12.08 +/-    0.09 kcal/mol |      10 |  -12.14 kcal/mol
------------+--------------+------------------+------------------------------+---------+-------------------

                                   Finished evaluation after reaching
                       2075247 evaluations. Best inter + intra   -12.14 kcal/mol.


Shutdown time 0.000711s

Job #3 took 1.584 sec after waiting 0.041 sec for setup

(Thread 0 is processing Job #3)
(Thread 0 is setting up Job #4)

Running Job #4:
    Device: NVIDIA A100-SXM4-40GB
    Grid map file: ./protein.maps.fld
    Ligand file: ./ligand_4_4.pdbqt
    Output file: docking_result_4.dlg (+ xml)
    Using heuristics: (capped) number of evaluations set to 2068966
    Local-search chosen method is: ADADELTA (ad)

Rest of Setup time 0.312941s

Executing docking runs, stopping automatically after either reaching 0.15 kcal/mol standard deviation of
the best molecules of the last 4 * 5 generations, 42000 generations, or 2068966 evaluations:

Generations |  Evaluations |     Threshold    |  Average energy of best 10%  | Samples | Best Inter + Intra
------------+--------------+------------------+------------------------------+---------+-------------------
          0 |          150 |   -1.50 kcal/mol |   -2.34 +/-    0.50 kcal/mol |       4 |   -3.20 kcal/mol
          5 |       112545 |   -0.46 kcal/mol |   -4.18 +/-    1.55 kcal/mol |     799 |  -10.61 kcal/mol
         10 |       232681 |   -4.15 kcal/mol |   -8.22 +/-    0.76 kcal/mol |      35 |  -10.68 kcal/mol
         15 |       357707 |   -7.90 kcal/mol |  -10.27 +/-    0.50 kcal/mol |       5 |  -10.68 kcal/mol
         20 |       482054 |   -8.78 kcal/mol |  -10.11 +/-    0.39 kcal/mol |       4 |  -10.68 kcal/mol
         25 |       608281 |   -8.67 kcal/mol |  -10.09 +/-    0.46 kcal/mol |      13 |  -10.80 kcal/mol
         30 |       734443 |   -9.56 kcal/mol |  -10.72 +/-    0.13 kcal/mol |       7 |  -10.81 kcal/mol
         35 |       856948 |  -10.44 kcal/mol |  -10.95 +/-    0.13 kcal/mol |       5 |  -11.10 kcal/mol
         40 |       979712 |  -10.56 kcal/mol |  -10.85 +/-    0.21 kcal/mol |       5 |  -11.10 kcal/mol
         45 |      1102034 |  -10.24 kcal/mol |  -10.69 +/-    0.23 kcal/mol |      11 |  -11.24 kcal/mol
         50 |      1225202 |  -10.37 kcal/mol |  -11.14 +/-    0.08 kcal/mol |       4 |  -11.26 kcal/mol
         55 |      1349393 |  -10.84 kcal/mol |  -11.18 +/-    0.12 kcal/mol |      10 |  -11.31 kcal/mol
         60 |      1468468 |  -11.00 kcal/mol |  -11.23 +/-    0.09 kcal/mol |      10 |  -11.31 kcal/mol
         65 |      1591017 |  -11.09 kcal/mol |  -11.28 +/-    0.04 kcal/mol |       4 |  -11.31 kcal/mol
         70 |      1712637 |  -10.72 kcal/mol |  -11.12 +/-    0.15 kcal/mol |      27 |  -11.31 kcal/mol
------------+--------------+------------------+------------------------------+---------+-------------------

                                   Finished evaluation after reaching
                                  -11.17 +/-    0.14 kcal/mol combined.
                             51 samples, best inter + intra   -11.31 kcal/mol.


Shutdown time 0.000677s

Job #4 took 1.382 sec after waiting 0.022 sec for setup

(Thread 0 is processing Job #4)
(Thread 0 is setting up Job #5)

Running Job #5:
    Device: NVIDIA A100-SXM4-40GB
    Grid map file: ./protein.maps.fld
    Ligand file: ./ligand_5_5.pdbqt
    Output file: docking_result_5.dlg (+ xml)
    Using heuristics: (capped) number of evaluations set to 2068966
    Local-search chosen method is: ADADELTA (ad)

Rest of Setup time 0.309589s

Executing docking runs, stopping automatically after either reaching 0.15 kcal/mol standard deviation of
the best molecules of the last 4 * 5 generations, 42000 generations, or 2068966 evaluations:

Generations |  Evaluations |     Threshold    |  Average energy of best 10%  | Samples | Best Inter + Intra
------------+--------------+------------------+------------------------------+---------+-------------------
          0 |          150 |   -1.47 kcal/mol |   -2.38 +/-    0.31 kcal/mol |       6 |   -2.84 kcal/mol
          5 |       136843 |   -1.60 kcal/mol |   -4.77 +/-    1.40 kcal/mol |     935 |  -11.32 kcal/mol
         10 |       268600 |   -4.75 kcal/mol |   -8.65 +/-    0.81 kcal/mol |      61 |  -11.65 kcal/mol
         15 |       401540 |   -8.45 kcal/mol |  -11.00 +/-    0.45 kcal/mol |       7 |  -11.65 kcal/mol
         20 |       534558 |  -10.04 kcal/mol |  -11.41 +/-    0.20 kcal/mol |       4 |  -11.65 kcal/mol
         25 |       666856 |  -10.66 kcal/mol |  -11.40 +/-    0.13 kcal/mol |       6 |  -11.65 kcal/mol
         30 |       797403 |  -11.08 kcal/mol |  -11.46 +/-    0.13 kcal/mol |      11 |  -11.65 kcal/mol
         35 |       928462 |  -11.28 kcal/mol |  -11.70 +/-    0.16 kcal/mol |       6 |  -11.86 kcal/mol
         40 |      1059015 |  -11.31 kcal/mol |  -11.59 +/-    0.16 kcal/mol |      11 |  -11.92 kcal/mol
         45 |      1187858 |  -11.37 kcal/mol |  -11.70 +/-    0.14 kcal/mol |      16 |  -11.92 kcal/mol
         50 |      1315353 |  -11.57 kcal/mol |  -11.78 +/-    0.11 kcal/mol |      16 |  -11.93 kcal/mol
         55 |      1443205 |  -11.68 kcal/mol |  -11.87 +/-    0.06 kcal/mol |       8 |  -11.93 kcal/mol
         60 |      1570270 |  -11.59 kcal/mol |  -11.80 +/-    0.14 kcal/mol |      11 |  -11.98 kcal/mol
         65 |      1698617 |  -11.60 kcal/mol |  -11.79 +/-    0.13 kcal/mol |      11 |  -11.98 kcal/mol
         70 |      1826659 |  -11.62 kcal/mol |  -11.84 +/-    0.12 kcal/mol |      15 |  -11.98 kcal/mol
         75 |      1953890 |  -11.72 kcal/mol |  -11.90 +/-    0.07 kcal/mol |       8 |  -11.98 kcal/mol
------------+--------------+------------------+------------------------------+---------+-------------------

                                   Finished evaluation after reaching
                                  -11.83 +/-    0.12 kcal/mol combined.
                             45 samples, best inter + intra   -11.98 kcal/mol.


Shutdown time 0.000631s

Job #5 took 1.604 sec after waiting 0.028 sec for setup

(Thread 0 is processing Job #5)
(Thread 0 is setting up Job #6)

Running Job #6:
    Device: NVIDIA A100-SXM4-40GB
    Grid map file: ./protein.maps.fld
    Ligand file: ./ligand_6_6.pdbqt
    Output file: docking_result_6.dlg (+ xml)
    Using heuristics: (capped) number of evaluations set to 2068966
    Local-search chosen method is: ADADELTA (ad)

Rest of Setup time 0.321893s

Executing docking runs, stopping automatically after either reaching 0.15 kcal/mol standard deviation of
the best molecules of the last 4 * 5 generations, 42000 generations, or 2068966 evaluations:

Generations |  Evaluations |     Threshold    |  Average energy of best 10%  | Samples | Best Inter + Intra
------------+--------------+------------------+------------------------------+---------+-------------------
          0 |          150 |   -0.76 kcal/mol |   -2.14 +/-    0.44 kcal/mol |       5 |   -2.88 kcal/mol
          5 |       134851 |   -0.82 kcal/mol |   -4.75 +/-    1.53 kcal/mol |     952 |  -10.53 kcal/mol
         10 |       266913 |   -4.73 kcal/mol |   -8.63 +/-    0.72 kcal/mol |      51 |  -10.68 kcal/mol
         15 |       402944 |   -8.42 kcal/mol |  -10.28 +/-    0.29 kcal/mol |       7 |  -10.71 kcal/mol
         20 |       538750 |   -9.66 kcal/mol |  -10.71 +/-    0.27 kcal/mol |      10 |  -11.34 kcal/mol
         25 |       674380 |  -10.29 kcal/mol |  -11.10 +/-    0.18 kcal/mol |       6 |  -11.36 kcal/mol
         30 |       813396 |  -10.63 kcal/mol |  -11.31 +/-    0.08 kcal/mol |       4 |  -11.41 kcal/mol
         35 |       951185 |  -11.02 kcal/mol |  -11.49 +/-    0.06 kcal/mol |       3 |  -11.56 kcal/mol
         40 |      1090439 |  -10.74 kcal/mol |  -11.25 +/-    0.31 kcal/mol |       5 |  -11.56 kcal/mol
         45 |      1227827 |  -10.31 kcal/mol |  -11.37 +/-    0.19 kcal/mol |      10 |  -11.56 kcal/mol
         50 |      1363975 |  -11.08 kcal/mol |  -11.35 +/-    0.15 kcal/mol |      11 |  -11.56 kcal/mol
         55 |      1502388 |  -11.15 kcal/mol |  -11.40 +/-    0.14 kcal/mol |      12 |  -11.63 kcal/mol
         60 |      1639568 |  -11.23 kcal/mol |  -11.44 +/-    0.14 kcal/mol |      20 |  -11.63 kcal/mol
         65 |      1779128 |  -11.34 kcal/mol |  -11.55 +/-    0.06 kcal/mol |       6 |  -11.63 kcal/mol
         70 |      1919157 |  -11.17 kcal/mol |  -11.48 +/-    0.12 kcal/mol |      12 |  -11.63 kcal/mol
------------+--------------+------------------+------------------------------+---------+-------------------

                                   Finished evaluation after reaching
                                  -11.46 +/-    0.13 kcal/mol combined.
                             50 samples, best inter + intra   -11.63 kcal/mol.


Shutdown time 0.000725s

Job #6 took 1.253 sec after waiting 0.028 sec for setup

(Thread 0 is processing Job #6)
(Thread 0 is setting up Job #7)

Running Job #7:
    Device: NVIDIA A100-SXM4-40GB
    Grid map file: ./protein.maps.fld
    Ligand file: ./ligand_7_7.pdbqt
    Output file: docking_result_7.dlg (+ xml)
    Using heuristics: (capped) number of evaluations set to 2068966
    Local-search chosen method is: ADADELTA (ad)

Rest of Setup time 0.305787s

Executing docking runs, stopping automatically after either reaching 0.15 kcal/mol standard deviation of
the best molecules of the last 4 * 5 generations, 42000 generations, or 2068966 evaluations:

Generations |  Evaluations |     Threshold    |  Average energy of best 10%  | Samples | Best Inter + Intra
------------+--------------+------------------+------------------------------+---------+-------------------
          0 |          150 |   -2.00 kcal/mol |   -2.22 +/-    0.16 kcal/mol |      11 |   -2.63 kcal/mol
          5 |       122121 |   -2.00 kcal/mol |   -4.91 +/-    1.52 kcal/mol |     871 |  -11.24 kcal/mol
         10 |       241800 |   -4.88 kcal/mol |   -9.12 +/-    1.04 kcal/mol |      51 |  -11.51 kcal/mol
         15 |       363656 |   -8.81 kcal/mol |  -11.29 +/-    0.19 kcal/mol |       4 |  -11.52 kcal/mol
         20 |       487537 |  -10.58 kcal/mol |  -11.56 +/-    0.35 kcal/mol |       4 |  -11.86 kcal/mol
         25 |       610695 |  -10.25 kcal/mol |  -11.47 +/-    0.40 kcal/mol |       4 |  -11.94 kcal/mol
         30 |       738015 |   -9.98 kcal/mol |  -11.56 +/-    0.37 kcal/mol |       6 |  -12.02 kcal/mol
         35 |       864468 |  -10.64 kcal/mol |  -11.76 +/-    0.16 kcal/mol |       8 |  -12.02 kcal/mol
         40 |       990623 |  -11.45 kcal/mol |  -12.12 +/-    0.26 kcal/mol |       6 |  -12.61 kcal/mol
         45 |      1116096 |  -11.47 kcal/mol |  -12.31 +/-    0.24 kcal/mol |       4 |  -12.63 kcal/mol
         50 |      1238415 |  -11.39 kcal/mol |  -11.99 +/-    0.25 kcal/mol |      15 |  -12.63 kcal/mol
         55 |      1361946 |  -11.74 kcal/mol |  -12.41 +/-    0.21 kcal/mol |       4 |  -12.63 kcal/mol
         60 |      1482621 |  -11.62 kcal/mol |  -12.12 +/-    0.25 kcal/mol |      14 |  -12.64 kcal/mol
         65 |      1604118 |  -11.86 kcal/mol |  -12.60 +/-    0.06 kcal/mol |       5 |  -12.65 kcal/mol
         70 |      1723420 |  -12.15 kcal/mol |  -12.69 +/-    0.12 kcal/mol |      15 |  -12.89 kcal/mol
         75 |      1843702 |  -12.57 kcal/mol |  -12.70 +/-    0.13 kcal/mol |       8 |  -12.92 kcal/mol
         80 |      1964169 |  -12.45 kcal/mol |  -12.69 +/-    0.17 kcal/mol |       7 |  -12.92 kcal/mol
         85 |      2086550 |  -12.33 kcal/mol |  -12.71 +/-    0.16 kcal/mol |      18 |  -12.92 kcal/mol
------------+--------------+------------------+------------------------------+---------+-------------------

                                   Finished evaluation after reaching
                       2086550 evaluations. Best inter + intra   -12.92 kcal/mol.


Shutdown time 0.000644s

Job #7 took 1.013 sec after waiting 0.034 sec for setup

(Thread 0 is processing Job #7)
(Thread 0 is setting up Job #8)

Running Job #8:
    Device: NVIDIA A100-SXM4-40GB
    Grid map file: ./protein.maps.fld
    Ligand file: ./ligand_8_8.pdbqt
    Output file: docking_result_8.dlg (+ xml)
    Using heuristics: (capped) number of evaluations set to 2068966
    Local-search chosen method is: ADADELTA (ad)

Rest of Setup time 0.306925s

Executing docking runs, stopping automatically after either reaching 0.15 kcal/mol standard deviation of
the best molecules of the last 4 * 5 generations, 42000 generations, or 2068966 evaluations:

Generations |  Evaluations |     Threshold    |  Average energy of best 10%  | Samples | Best Inter + Intra
------------+--------------+------------------+------------------------------+---------+-------------------
          0 |          150 |   -1.33 kcal/mol |   -1.52 +/-    0.14 kcal/mol |      11 |   -1.88 kcal/mol
          5 |       144158 |   -1.33 kcal/mol |   -3.90 +/-    1.13 kcal/mol |     919 |   -8.93 kcal/mol
         10 |       281556 |   -3.89 kcal/mol |   -6.88 +/-    0.63 kcal/mol |      59 |   -8.93 kcal/mol
         15 |       418007 |   -6.72 kcal/mol |   -8.58 +/-    0.34 kcal/mol |      12 |   -9.06 kcal/mol
         20 |       555257 |   -8.16 kcal/mol |   -8.95 +/-    0.09 kcal/mol |      14 |   -9.06 kcal/mol
         25 |       690210 |   -8.85 kcal/mol |   -8.99 +/-    0.06 kcal/mol |      11 |   -9.06 kcal/mol
         30 |       826599 |   -8.79 kcal/mol |   -9.01 +/-    0.06 kcal/mol |      18 |   -9.06 kcal/mol
         35 |       959901 |   -8.89 kcal/mol |   -9.03 +/-    0.05 kcal/mol |      21 |   -9.06 kcal/mol
------------+--------------+------------------+------------------------------+---------+-------------------

                                   Finished evaluation after reaching
                                   -9.00 +/-    0.07 kcal/mol combined.
                             64 samples, best inter + intra    -9.06 kcal/mol.


Shutdown time 0.000610s

Job #8 took 0.516 sec after waiting 0.033 sec for setup

(Thread 0 is processing Job #8)
(Thread 0 is setting up Job #9)

Running Job #9:
    Device: NVIDIA A100-SXM4-40GB
    Grid map file: ./protein.maps.fld
    Ligand file: ./ligand_9_9.pdbqt
    Output file: docking_result_9.dlg (+ xml)
    Using heuristics: (capped) number of evaluations set to 7266276
    Overriding heuristics, setting number of evaluations to --nev = 2500000 instead.
    Warning: The set number of evals is 13.57% of the uncapped heuristics estimate of 18420020 evals.
             This means this docking may not be able to converge. Increasing --heurmax may improve
             convergence but will also increase runtime.
             AutoStop will not stop before 66.37% (1659273) of the set number of evaluations.
    Local-search chosen method is: ADADELTA (ad)

Rest of Setup time 0.304511s

Executing docking runs, stopping automatically after either reaching 0.15 kcal/mol standard deviation of
the best molecules of the last 4 * 5 generations, 42000 generations, or 2500000 evaluations:

Generations |  Evaluations |     Threshold    |  Average energy of best 10%  | Samples | Best Inter + Intra
------------+--------------+------------------+------------------------------+---------+-------------------
          0 |          150 |  278.74 kcal/mol |  206.88 +/-   19.16 kcal/mol |       4 |  176.45 kcal/mol
          5 |       127461 |  278.74 kcal/mol |   11.07 +/-   21.85 kcal/mol |    1278 |   -8.72 kcal/mol
         10 |       233227 |   11.33 kcal/mol |   -8.15 +/-    0.56 kcal/mol |       4 |   -8.72 kcal/mol
         15 |       337030 |   -6.05 kcal/mol |   -7.98 +/-    0.52 kcal/mol |      11 |   -8.86 kcal/mol
         20 |       440228 |   -7.27 kcal/mol |   -8.70 +/-    0.14 kcal/mol |       4 |   -8.90 kcal/mol
         25 |       541136 |   -8.18 kcal/mol |   -8.91 +/-    0.30 kcal/mol |       5 |   -9.37 kcal/mol
         30 |       641167 |   -8.02 kcal/mol |   -9.08 +/-    0.23 kcal/mol |       8 |   -9.48 kcal/mol
         35 |       739133 |   -8.64 kcal/mol |   -9.16 +/-    0.27 kcal/mol |       4 |   -9.48 kcal/mol
         40 |       836807 |   -8.14 kcal/mol |   -9.41 +/-    0.71 kcal/mol |       8 |  -10.57 kcal/mol
         45 |       932134 |   -8.08 kcal/mol |   -9.60 +/-    0.66 kcal/mol |       5 |  -10.88 kcal/mol
         50 |      1027008 |   -7.62 kcal/mol |   -9.66 +/-    0.65 kcal/mol |       5 |  -10.88 kcal/mol
         55 |      1119192 |   -7.71 kcal/mol |   -9.44 +/-    0.61 kcal/mol |       7 |  -10.88 kcal/mol
         60 |      1209998 |   -8.13 kcal/mol |   -9.88 +/-    0.67 kcal/mol |       4 |  -10.88 kcal/mol
         65 |      1300987 |   -7.38 kcal/mol |   -9.42 +/-    0.64 kcal/mol |      10 |  -10.88 kcal/mol
         70 |      1392356 |   -8.46 kcal/mol |  -10.41 +/-    0.36 kcal/mol |       4 |  -10.88 kcal/mol
         75 |      1483024 |   -9.06 kcal/mol |  -10.19 +/-    0.53 kcal/mol |       4 |  -11.06 kcal/mol
         80 |      1573899 |   -8.19 kcal/mol |  -10.21 +/-    0.58 kcal/mol |       7 |  -11.06 kcal/mol
         85 |      1664750 |   -8.97 kcal/mol |  -10.45 +/-    0.32 kcal/mol |       5 |  -11.06 kcal/mol
         90 |      1753682 |   -9.50 kcal/mol |  -10.62 +/-    0.29 kcal/mol |       5 |  -11.06 kcal/mol
         95 |      1842542 |   -9.74 kcal/mol |  -10.67 +/-    0.29 kcal/mol |       4 |  -11.06 kcal/mol
        100 |      1930864 |   -9.59 kcal/mol |  -10.70 +/-    0.32 kcal/mol |       7 |  -11.06 kcal/mol
        105 |      2017032 |  -10.02 kcal/mol |  -10.76 +/-    0.32 kcal/mol |       4 |  -11.06 kcal/mol
        110 |      2103639 |   -9.56 kcal/mol |  -10.81 +/-    0.30 kcal/mol |       6 |  -11.13 kcal/mol
        115 |      2189045 |  -10.05 kcal/mol |  -11.07 +/-    0.29 kcal/mol |       6 |  -11.42 kcal/mol
        120 |      2274551 |  -10.34 kcal/mol |  -11.26 +/-    0.38 kcal/mol |       4 |  -11.62 kcal/mol
        125 |      2359665 |   -9.85 kcal/mol |  -11.18 +/-    0.33 kcal/mol |       4 |  -11.62 kcal/mol
        130 |      2444161 |   -9.94 kcal/mol |  -11.03 +/-    0.31 kcal/mol |       7 |  -11.62 kcal/mol
        134 |      2511955 |  -10.37 kcal/mol |  -11.12 +/-    0.30 kcal/mol |      11 |  -11.62 kcal/mol
------------+--------------+------------------+------------------------------+---------+-------------------

                                   Finished evaluation after reaching
                       2511955 evaluations. Best inter + intra   -11.62 kcal/mol.


Shutdown time 0.000662s

Job #9 took 1.338 sec after waiting 0.016 sec for setup

(Thread 0 is processing Job #9)
Run time of entire job set (9 files): 17.527 sec
Savings from multithreading: -0.001 sec
Idle time of execution thread: 4.708 sec

All jobs (9) ran without errors.
