AutoDock-GPU version: v1.6-7-ga46ab564d2ac5f1a1523f65239b43505a1c29364-dirty

Running 1 docking calculation

Cuda device:                              NVIDIA A100-SXM4-40GB
Available memory on device:               39916 MB (total: 40339 MB)

CUDA Setup time 0.232351s
(Thread 0 is setting up Job #1)

Running Job #1
    Using heuristics: (capped) number of evaluations set to 2845257
    Overriding heuristics, setting number of evaluations to --nev = 2500000 instead.
    Local-search chosen method is: ADADELTA (ad)

Rest of Setup time 0.313118s

Executing docking runs, stopping automatically after either reaching 0.15 kcal/mol standard deviation of
the best molecules of the last 4 * 5 generations, 42000 generations, or 2500000 evaluations:

Generations |  Evaluations |     Threshold    |  Average energy of best 10%  | Samples | Best Inter + Intra
------------+--------------+------------------+------------------------------+---------+-------------------
          0 |          150 |   -1.60 kcal/mol |   -2.89 +/-    0.40 kcal/mol |       5 |   -3.52 kcal/mol
          5 |       125165 |   -1.69 kcal/mol |   -5.70 +/-    1.80 kcal/mol |    1025 |  -12.00 kcal/mol
         10 |       249579 |   -5.68 kcal/mol |  -10.35 +/-    0.92 kcal/mol |      40 |  -12.71 kcal/mol
         15 |       378098 |  -10.00 kcal/mol |  -12.43 +/-    0.26 kcal/mol |       5 |  -12.77 kcal/mol
         20 |       503558 |  -11.64 kcal/mol |  -12.35 +/-    0.23 kcal/mol |      10 |  -12.77 kcal/mol
         25 |       630418 |  -12.00 kcal/mol |  -12.80 +/-    0.23 kcal/mol |       7 |  -13.31 kcal/mol
         30 |       761037 |  -12.31 kcal/mol |  -12.89 +/-    0.35 kcal/mol |       5 |  -13.52 kcal/mol
         35 |       888921 |  -11.83 kcal/mol |  -13.08 +/-    0.49 kcal/mol |       7 |  -13.94 kcal/mol
         40 |      1014944 |  -12.03 kcal/mol |  -13.30 +/-    0.30 kcal/mol |       6 |  -13.97 kcal/mol
         45 |      1141221 |  -12.54 kcal/mol |  -13.83 +/-    0.89 kcal/mol |       4 |  -15.22 kcal/mol
         50 |      1267775 |  -10.49 kcal/mol |  -13.07 +/-    0.89 kcal/mol |      23 |  -15.49 kcal/mol
         55 |      1395669 |  -12.50 kcal/mol |  -14.09 +/-    0.84 kcal/mol |       4 |  -15.49 kcal/mol
         60 |      1520744 |  -10.95 kcal/mol |  -13.97 +/-    1.01 kcal/mol |      14 |  -15.50 kcal/mol
         65 |      1646708 |  -12.89 kcal/mol |  -15.41 +/-    0.11 kcal/mol |       6 |  -15.50 kcal/mol
         70 |      1772684 |  -15.13 kcal/mol |  -15.29 +/-    0.15 kcal/mol |       4 |  -15.54 kcal/mol
         75 |      1898541 |  -14.73 kcal/mol |  -15.31 +/-    0.16 kcal/mol |       4 |  -15.54 kcal/mol
         80 |      2024627 |  -14.71 kcal/mol |  -15.28 +/-    0.17 kcal/mol |       5 |  -15.54 kcal/mol
         85 |      2151764 |  -14.77 kcal/mol |  -15.27 +/-    0.29 kcal/mol |       3 |  -15.54 kcal/mol
         90 |      2278435 |  -13.80 kcal/mol |  -15.33 +/-    0.21 kcal/mol |       6 |  -15.54 kcal/mol
         95 |      2407454 |  -14.80 kcal/mol |  -15.43 +/-    0.07 kcal/mol |       6 |  -15.54 kcal/mol
         99 |      2510372 |  -15.06 kcal/mol |  -15.46 +/-    0.07 kcal/mol |       9 |  -15.55 kcal/mol
------------+--------------+------------------+------------------------------+---------+-------------------

                                   Finished evaluation after reaching
                       2510372 evaluations. Best inter + intra   -15.55 kcal/mol.


Shutdown time 0.000691s

Job #1 took 1.455 sec after waiting 4.517 sec for setup

(Thread 0 is processing Job #1)
Run time of entire job set (1 file): 6.024 sec
Processing time: 0.052 sec

All jobs (1) ran without errors.
