AutoDock-GPU version: v1.6-7-ga46ab564d2ac5f1a1523f65239b43505a1c29364-dirty

Using 1 OpenMP threads

Running 4 docking calculations

Cuda device:                              NVIDIA A100-SXM4-40GB
Available memory on device:               39916 MB (total: 40339 MB)

CUDA Setup time 0.235387s
(Thread 0 is setting up Job #1)

Running Job #1:
    Device: NVIDIA A100-SXM4-40GB
    Grid map file: ./protein.maps.fld
    Ligand file: ./ligand_1_1.pdbqt
    Output file: docking_result_1.dlg (+ xml)
    Using heuristics: (capped) number of evaluations set to 2068966
    Local-search chosen method is: ADADELTA (ad)

Rest of Setup time 0.308100s

Executing docking runs, stopping automatically after either reaching 0.15 kcal/mol standard deviation of
the best molecules of the last 4 * 5 generations, 42000 generations, or 2068966 evaluations:

Generations |  Evaluations |     Threshold    |  Average energy of best 10%  | Samples | Best Inter + Intra
------------+--------------+------------------+------------------------------+---------+-------------------
          0 |          150 |   -1.49 kcal/mol |   -2.23 +/-    0.20 kcal/mol |       4 |   -2.53 kcal/mol
          5 |       127957 |   -1.49 kcal/mol |   -4.20 +/-    1.38 kcal/mol |     873 |  -10.01 kcal/mol
         10 |       250976 |   -4.17 kcal/mol |   -8.27 +/-    0.96 kcal/mol |      47 |  -10.02 kcal/mol
         15 |       375140 |   -7.96 kcal/mol |  -10.05 +/-    0.10 kcal/mol |       8 |  -10.14 kcal/mol
         20 |       499621 |   -9.86 kcal/mol |  -10.07 +/-    0.16 kcal/mol |       9 |  -10.34 kcal/mol
         25 |       623143 |   -9.82 kcal/mol |  -10.21 +/-    0.09 kcal/mol |       9 |  -10.35 kcal/mol
         30 |       747317 |  -10.06 kcal/mol |  -10.20 +/-    0.09 kcal/mol |      12 |  -10.35 kcal/mol
         35 |       872811 |  -10.08 kcal/mol |  -10.25 +/-    0.09 kcal/mol |       9 |  -10.39 kcal/mol
         40 |       997202 |  -10.09 kcal/mol |  -10.29 +/-    0.09 kcal/mol |       9 |  -10.39 kcal/mol
         45 |      1118256 |  -10.14 kcal/mol |  -10.34 +/-    0.03 kcal/mol |      10 |  -10.39 kcal/mol
         50 |      1237618 |  -10.12 kcal/mol |  -10.31 +/-    0.09 kcal/mol |       7 |  -10.39 kcal/mol
------------+--------------+------------------+------------------------------+---------+-------------------

                                   Finished evaluation after reaching
                                  -10.30 +/-    0.09 kcal/mol combined.
                             35 samples, best inter + intra   -10.39 kcal/mol.


Shutdown time 0.000678s

Job #1 took 0.652 sec after waiting 4.448 sec for setup

(Thread 0 is processing Job #1)
(Thread 0 is setting up Job #2)

Running Job #2:
    Device: NVIDIA A100-SXM4-40GB
    Grid map file: ./protein.maps.fld
    Ligand file: ./ligand_2_2.pdbqt
    Output file: docking_result_2.dlg (+ xml)
    Using heuristics: (capped) number of evaluations set to 2068966
    Local-search chosen method is: ADADELTA (ad)

Rest of Setup time 0.305946s

Executing docking runs, stopping automatically after either reaching 0.15 kcal/mol standard deviation of
the best molecules of the last 4 * 5 generations, 42000 generations, or 2068966 evaluations:

Generations |  Evaluations |     Threshold    |  Average energy of best 10%  | Samples | Best Inter + Intra
------------+--------------+------------------+------------------------------+---------+-------------------
          0 |          150 |   -1.49 kcal/mol |   -1.65 +/-    0.12 kcal/mol |      11 |   -1.87 kcal/mol
          5 |       125492 |   -1.49 kcal/mol |   -4.15 +/-    1.41 kcal/mol |     850 |   -9.99 kcal/mol
         10 |       258906 |   -4.12 kcal/mol |   -8.18 +/-    0.91 kcal/mol |      26 |   -9.99 kcal/mol
         15 |       397570 |   -7.65 kcal/mol |   -9.71 +/-    0.23 kcal/mol |       5 |   -9.99 kcal/mol
         20 |       536287 |   -9.03 kcal/mol |   -9.75 +/-    0.26 kcal/mol |       4 |  -10.00 kcal/mol
         25 |       671458 |   -8.76 kcal/mol |   -9.65 +/-    0.25 kcal/mol |      13 |  -10.01 kcal/mol
         30 |       809277 |   -9.36 kcal/mol |  -10.01 +/-    0.18 kcal/mol |      14 |  -10.24 kcal/mol
         35 |       947302 |   -9.82 kcal/mol |  -10.01 +/-    0.10 kcal/mol |      13 |  -10.24 kcal/mol
         40 |      1083560 |   -9.89 kcal/mol |  -10.10 +/-    0.11 kcal/mol |      12 |  -10.24 kcal/mol
         45 |      1217226 |   -9.96 kcal/mol |  -10.07 +/-    0.12 kcal/mol |      13 |  -10.34 kcal/mol
         50 |      1350788 |   -9.93 kcal/mol |  -10.09 +/-    0.11 kcal/mol |      15 |  -10.36 kcal/mol
         55 |      1485113 |   -9.98 kcal/mol |  -10.09 +/-    0.10 kcal/mol |      15 |  -10.36 kcal/mol
         60 |      1616508 |   -9.99 kcal/mol |  -10.08 +/-    0.11 kcal/mol |      13 |  -10.36 kcal/mol
         65 |      1748483 |   -9.96 kcal/mol |  -10.11 +/-    0.13 kcal/mol |      17 |  -10.36 kcal/mol
------------+--------------+------------------+------------------------------+---------+-------------------

                                   Finished evaluation after reaching
                                  -10.09 +/-    0.12 kcal/mol combined.
                             60 samples, best inter + intra   -10.36 kcal/mol.


Shutdown time 0.000645s

Job #2 took 0.744 sec after waiting 0.024 sec for setup

(Thread 0 is processing Job #2)
(Thread 0 is setting up Job #3)

Running Job #3:
    Device: NVIDIA A100-SXM4-40GB
    Grid map file: ./protein.maps.fld
    Ligand file: ./ligand_3_3.pdbqt
    Output file: docking_result_3.dlg (+ xml)
    Using heuristics: (capped) number of evaluations set to 2068966
    Local-search chosen method is: ADADELTA (ad)

Rest of Setup time 0.305637s

Executing docking runs, stopping automatically after either reaching 0.15 kcal/mol standard deviation of
the best molecules of the last 4 * 5 generations, 42000 generations, or 2068966 evaluations:

Generations |  Evaluations |     Threshold    |  Average energy of best 10%  | Samples | Best Inter + Intra
------------+--------------+------------------+------------------------------+---------+-------------------
          0 |          150 |   -1.30 kcal/mol |   -2.27 +/-    0.32 kcal/mol |       5 |   -2.84 kcal/mol
          5 |       131227 |   -1.30 kcal/mol |   -4.53 +/-    1.53 kcal/mol |     935 |  -10.12 kcal/mol
         10 |       259758 |   -4.50 kcal/mol |   -8.63 +/-    0.91 kcal/mol |      37 |  -10.86 kcal/mol
         15 |       390960 |   -8.26 kcal/mol |  -10.64 +/-    0.31 kcal/mol |       5 |  -11.01 kcal/mol
         20 |       520236 |   -9.71 kcal/mol |  -10.67 +/-    0.29 kcal/mol |      11 |  -11.19 kcal/mol
         25 |       646710 |  -10.28 kcal/mol |  -11.19 +/-    0.11 kcal/mol |       4 |  -11.26 kcal/mol
         30 |       775627 |  -10.79 kcal/mol |  -11.06 +/-    0.16 kcal/mol |       4 |  -11.32 kcal/mol
         35 |       905313 |  -10.46 kcal/mol |  -10.93 +/-    0.20 kcal/mol |      10 |  -11.32 kcal/mol
         40 |      1031504 |  -10.64 kcal/mol |  -11.18 +/-    0.11 kcal/mol |       4 |  -11.32 kcal/mol
         45 |      1157342 |  -10.76 kcal/mol |  -10.95 +/-    0.21 kcal/mol |       9 |  -11.35 kcal/mol
         50 |      1282271 |  -10.60 kcal/mol |  -11.31 +/-    0.03 kcal/mol |       4 |  -11.35 kcal/mol
         55 |      1407274 |  -10.75 kcal/mol |  -11.17 +/-    0.17 kcal/mol |      11 |  -11.35 kcal/mol
         60 |      1532410 |  -10.94 kcal/mol |  -11.19 +/-    0.14 kcal/mol |       6 |  -11.35 kcal/mol
         65 |      1656745 |  -10.85 kcal/mol |  -11.17 +/-    0.13 kcal/mol |       9 |  -11.35 kcal/mol
------------+--------------+------------------+------------------------------+---------+-------------------

                                   Finished evaluation after reaching
                                  -11.19 +/-    0.15 kcal/mol combined.
                             30 samples, best inter + intra   -11.35 kcal/mol.


Shutdown time 0.000622s

Job #3 took 0.839 sec after waiting 0.020 sec for setup

(Thread 0 is processing Job #3)
(Thread 0 is setting up Job #4)

Running Job #4:
    Device: NVIDIA A100-SXM4-40GB
    Grid map file: ./protein.maps.fld
    Ligand file: ./ligand_4_4.pdbqt
    Output file: docking_result_4.dlg (+ xml)
    Using heuristics: (capped) number of evaluations set to 2068966
    Local-search chosen method is: ADADELTA (ad)

Rest of Setup time 0.305498s

Executing docking runs, stopping automatically after either reaching 0.15 kcal/mol standard deviation of
the best molecules of the last 4 * 5 generations, 42000 generations, or 2068966 evaluations:

Generations |  Evaluations |     Threshold    |  Average energy of best 10%  | Samples | Best Inter + Intra
------------+--------------+------------------+------------------------------+---------+-------------------
          0 |          150 |   -1.62 kcal/mol |   -1.88 +/-    0.19 kcal/mol |      11 |   -2.20 kcal/mol
          5 |       125421 |   -1.62 kcal/mol |   -4.33 +/-    1.33 kcal/mol |     871 |   -9.79 kcal/mol
         10 |       255887 |   -4.31 kcal/mol |   -7.87 +/-    0.81 kcal/mol |      45 |   -9.79 kcal/mol
         15 |       388492 |   -7.60 kcal/mol |   -9.79 +/-    0.31 kcal/mol |      10 |  -10.36 kcal/mol
         20 |       522784 |   -9.33 kcal/mol |  -10.21 +/-    0.14 kcal/mol |       9 |  -10.38 kcal/mol
         25 |       658109 |   -9.97 kcal/mol |  -10.30 +/-    0.10 kcal/mol |      10 |  -10.40 kcal/mol
         30 |       795827 |  -10.15 kcal/mol |  -10.31 +/-    0.09 kcal/mol |      11 |  -10.45 kcal/mol
         35 |       930095 |  -10.19 kcal/mol |  -10.40 +/-    0.11 kcal/mol |      13 |  -10.63 kcal/mol
         40 |      1063427 |  -10.27 kcal/mol |  -10.44 +/-    0.12 kcal/mol |      13 |  -10.65 kcal/mol
         45 |      1197773 |  -10.31 kcal/mol |  -10.50 +/-    0.22 kcal/mol |      17 |  -11.27 kcal/mol
         50 |      1333805 |  -10.31 kcal/mol |  -11.19 +/-    0.16 kcal/mol |       7 |  -11.27 kcal/mol
         55 |      1467967 |  -10.84 kcal/mol |  -11.27 +/-    0.01 kcal/mol |       4 |  -11.27 kcal/mol
         60 |      1600351 |  -10.70 kcal/mol |  -11.12 +/-    0.15 kcal/mol |       8 |  -11.27 kcal/mol
         65 |      1732791 |  -10.84 kcal/mol |  -11.14 +/-    0.14 kcal/mol |      12 |  -11.27 kcal/mol
------------+--------------+------------------+------------------------------+---------+-------------------

                                   Finished evaluation after reaching
                                  -11.16 +/-    0.15 kcal/mol combined.
                             31 samples, best inter + intra   -11.27 kcal/mol.


Shutdown time 0.000632s

Job #4 took 0.750 sec after waiting 0.030 sec for setup

(Thread 0 is processing Job #4)
Run time of entire job set (4 files): 7.530 sec
Savings from multithreading: -0.000 sec
Idle time of execution thread: 4.544 sec

All jobs (4) ran without errors.
