AutoDock-GPU version: v1.6-7-ga46ab564d2ac5f1a1523f65239b43505a1c29364-dirty

Using 1 OpenMP threads

Running 2 docking calculations

Cuda device:                              NVIDIA A100-SXM4-40GB
Available memory on device:               39916 MB (total: 40339 MB)

CUDA Setup time 0.231127s
(Thread 0 is setting up Job #1)

Running Job #1:
    Device: NVIDIA A100-SXM4-40GB
    Grid map file: ./protein.maps.fld
    Ligand file: ./ligand_1_1.pdbqt
    Output file: docking_result_1.dlg (+ xml)
    Using heuristics: (capped) number of evaluations set to 2845257
    Overriding heuristics, setting number of evaluations to --nev = 2500000 instead.
    Local-search chosen method is: ADADELTA (ad)

Rest of Setup time 0.310340s

Executing docking runs, stopping automatically after either reaching 0.15 kcal/mol standard deviation of
the best molecules of the last 4 * 5 generations, 42000 generations, or 2500000 evaluations:

Generations |  Evaluations |     Threshold    |  Average energy of best 10%  | Samples | Best Inter + Intra
------------+--------------+------------------+------------------------------+---------+-------------------
          0 |          150 |   -1.61 kcal/mol |   -1.86 +/-    0.21 kcal/mol |      13 |   -2.47 kcal/mol
          5 |       139598 |   -1.61 kcal/mol |   -5.79 +/-    1.92 kcal/mol |    1155 |  -11.37 kcal/mol
         10 |       280886 |   -5.76 kcal/mol |  -10.26 +/-    0.66 kcal/mol |      52 |  -12.25 kcal/mol
         15 |       425203 |  -10.07 kcal/mol |  -12.02 +/-    0.30 kcal/mol |      11 |  -12.45 kcal/mol
         20 |       569434 |  -11.61 kcal/mol |  -13.25 +/-    0.59 kcal/mol |       7 |  -14.13 kcal/mol
         25 |       711123 |  -11.99 kcal/mol |  -13.84 +/-    0.46 kcal/mol |       5 |  -14.45 kcal/mol
         30 |       854901 |  -12.47 kcal/mol |  -14.20 +/-    0.36 kcal/mol |       6 |  -14.78 kcal/mol
         35 |       999723 |  -13.30 kcal/mol |  -14.60 +/-    0.26 kcal/mol |       4 |  -14.80 kcal/mol
         40 |      1144602 |  -13.63 kcal/mol |  -14.39 +/-    0.24 kcal/mol |       6 |  -14.80 kcal/mol
         45 |      1288301 |  -13.80 kcal/mol |  -14.48 +/-    0.25 kcal/mol |       4 |  -14.80 kcal/mol
         50 |      1429740 |  -13.54 kcal/mol |  -14.67 +/-    0.38 kcal/mol |      10 |  -15.50 kcal/mol
         55 |      1573359 |  -14.10 kcal/mol |  -14.92 +/-    0.29 kcal/mol |       5 |  -15.50 kcal/mol
         60 |      1714803 |  -14.04 kcal/mol |  -14.90 +/-    0.31 kcal/mol |       5 |  -15.50 kcal/mol
         65 |      1856984 |  -13.97 kcal/mol |  -15.06 +/-    0.32 kcal/mol |       6 |  -15.51 kcal/mol
         70 |      2000161 |  -14.26 kcal/mol |  -15.34 +/-    0.28 kcal/mol |       5 |  -15.58 kcal/mol
         75 |      2140693 |  -14.50 kcal/mol |  -14.86 +/-    0.28 kcal/mol |       9 |  -15.58 kcal/mol
         80 |      2280930 |  -14.40 kcal/mol |  -15.29 +/-    0.30 kcal/mol |       4 |  -15.58 kcal/mol
         85 |      2422527 |  -14.18 kcal/mol |  -15.13 +/-    0.30 kcal/mol |      11 |  -15.59 kcal/mol
         88 |      2506784 |  -14.72 kcal/mol |  -15.18 +/-    0.29 kcal/mol |      16 |  -15.64 kcal/mol
------------+--------------+------------------+------------------------------+---------+-------------------

                                   Finished evaluation after reaching
                       2506784 evaluations. Best inter + intra   -15.64 kcal/mol.


Shutdown time 0.000729s

Job #1 took 1.370 sec after waiting 4.490 sec for setup

(Thread 0 is processing Job #1)
(Thread 0 is setting up Job #2)

Running Job #2:
    Device: NVIDIA A100-SXM4-40GB
    Grid map file: ./protein.maps.fld
    Ligand file: ./ligand_2_2.pdbqt
    Output file: docking_result_2.dlg (+ xml)
    Using heuristics: (capped) number of evaluations set to 2845257
    Overriding heuristics, setting number of evaluations to --nev = 2500000 instead.
    Local-search chosen method is: ADADELTA (ad)

Rest of Setup time 0.308337s

Executing docking runs, stopping automatically after either reaching 0.15 kcal/mol standard deviation of
the best molecules of the last 4 * 5 generations, 42000 generations, or 2500000 evaluations:

Generations |  Evaluations |     Threshold    |  Average energy of best 10%  | Samples | Best Inter + Intra
------------+--------------+------------------+------------------------------+---------+-------------------
          0 |          150 |   -3.30 kcal/mol |   -3.64 +/-    0.12 kcal/mol |       5 |   -3.79 kcal/mol
          5 |       118669 |   -3.30 kcal/mol |   -7.35 +/-    1.92 kcal/mol |     994 |  -12.98 kcal/mol
         10 |       243224 |   -7.32 kcal/mol |  -11.96 +/-    0.85 kcal/mol |      46 |  -15.33 kcal/mol
         15 |       372170 |  -11.68 kcal/mol |  -14.19 +/-    0.73 kcal/mol |       5 |  -15.34 kcal/mol
         20 |       502943 |  -12.00 kcal/mol |  -14.63 +/-    0.53 kcal/mol |       6 |  -15.55 kcal/mol
         25 |       635183 |  -13.31 kcal/mol |  -14.90 +/-    0.43 kcal/mol |       5 |  -15.59 kcal/mol
         30 |       768041 |  -13.61 kcal/mol |  -15.19 +/-    0.48 kcal/mol |       8 |  -15.78 kcal/mol
         35 |       902072 |  -14.30 kcal/mol |  -15.91 +/-    0.38 kcal/mol |       6 |  -16.33 kcal/mol
         40 |      1036473 |  -14.97 kcal/mol |  -15.87 +/-    0.32 kcal/mol |       4 |  -16.33 kcal/mol
         45 |      1171407 |  -14.66 kcal/mol |  -16.28 +/-    0.31 kcal/mol |       7 |  -16.75 kcal/mol
         50 |      1307353 |  -15.62 kcal/mol |  -16.70 +/-    0.53 kcal/mol |       4 |  -17.57 kcal/mol
         55 |      1442069 |  -14.71 kcal/mol |  -16.99 +/-    0.77 kcal/mol |       6 |  -17.75 kcal/mol
         60 |      1573735 |  -15.06 kcal/mol |  -16.98 +/-    0.50 kcal/mol |       4 |  -17.85 kcal/mol
         65 |      1706653 |  -15.09 kcal/mol |  -16.92 +/-    0.60 kcal/mol |       6 |  -17.89 kcal/mol
         70 |      1842588 |  -15.42 kcal/mol |  -16.87 +/-    0.57 kcal/mol |       5 |  -17.90 kcal/mol
         75 |      1977612 |  -15.16 kcal/mol |  -16.74 +/-    0.55 kcal/mol |       6 |  -17.90 kcal/mol
         80 |      2111284 |  -15.36 kcal/mol |  -17.18 +/-    0.41 kcal/mol |       4 |  -17.90 kcal/mol
         85 |      2247173 |  -15.64 kcal/mol |  -17.29 +/-    0.50 kcal/mol |      10 |  -17.90 kcal/mol
         90 |      2380465 |  -16.55 kcal/mol |  -17.17 +/-    0.42 kcal/mol |       4 |  -17.90 kcal/mol
         95 |      2514924 |  -15.59 kcal/mol |  -17.60 +/-    0.51 kcal/mol |       7 |  -18.06 kcal/mol
------------+--------------+------------------+------------------------------+---------+-------------------

                                   Finished evaluation after reaching
                       2514924 evaluations. Best inter + intra   -18.06 kcal/mol.


Shutdown time 0.000736s

Job #2 took 1.905 sec after waiting 0.045 sec for setup

(Thread 0 is processing Job #2)
Run time of entire job set (2 files): 7.887 sec
Savings from multithreading: -0.000 sec
Idle time of execution thread: 4.613 sec

All jobs (2) ran without errors.
