AutoDock-GPU version: v1.6-7-ga46ab564d2ac5f1a1523f65239b43505a1c29364-dirty

Using 1 OpenMP threads

Running 3 docking calculations

Cuda device:                              NVIDIA A100-SXM4-40GB
Available memory on device:               39916 MB (total: 40339 MB)

CUDA Setup time 0.237742s
(Thread 0 is setting up Job #1)

Running Job #1:
    Device: NVIDIA A100-SXM4-40GB
    Grid map file: ./protein.maps.fld
    Ligand file: ./ligand_1_1.pdbqt
    Output file: docking_result_1.dlg (+ xml)
    Using heuristics: (capped) number of evaluations set to 2068966
    Local-search chosen method is: ADADELTA (ad)

Rest of Setup time 0.075163s

Executing docking runs, stopping automatically after either reaching 0.15 kcal/mol standard deviation of
the best molecules of the last 4 * 5 generations, 42000 generations, or 2068966 evaluations:

Generations |  Evaluations |     Threshold    |  Average energy of best 10%  | Samples | Best Inter + Intra
------------+--------------+------------------+------------------------------+---------+-------------------
          0 |          150 |    1.48 kcal/mol |   -1.20 +/-    0.50 kcal/mol |      75 |   -4.47 kcal/mol
          5 |        97086 |   -1.10 kcal/mol |   -5.11 +/-    1.73 kcal/mol |     776 |  -11.99 kcal/mol
         10 |       201690 |   -5.07 kcal/mol |   -9.68 +/-    1.12 kcal/mol |      38 |  -13.07 kcal/mol
         15 |       312240 |   -9.23 kcal/mol |  -12.53 +/-    0.51 kcal/mol |       5 |  -13.07 kcal/mol
         20 |       429568 |  -11.01 kcal/mol |  -12.76 +/-    0.37 kcal/mol |       5 |  -13.07 kcal/mol
         25 |       551672 |  -11.64 kcal/mol |  -12.49 +/-    0.52 kcal/mol |       4 |  -13.07 kcal/mol
         30 |       677696 |  -10.53 kcal/mol |  -12.64 +/-    0.38 kcal/mol |       9 |  -13.32 kcal/mol
         35 |       807294 |  -12.01 kcal/mol |  -12.96 +/-    0.29 kcal/mol |       3 |  -13.32 kcal/mol
         40 |       935475 |  -11.49 kcal/mol |  -12.87 +/-    0.29 kcal/mol |       9 |  -13.32 kcal/mol
         45 |      1063971 |  -12.39 kcal/mol |  -13.06 +/-    0.31 kcal/mol |       4 |  -13.34 kcal/mol
         50 |      1192454 |  -11.90 kcal/mol |  -12.96 +/-    0.26 kcal/mol |       4 |  -13.34 kcal/mol
         55 |      1325555 |  -11.98 kcal/mol |  -12.96 +/-    0.26 kcal/mol |       4 |  -13.35 kcal/mol
         60 |      1453413 |  -11.97 kcal/mol |  -12.96 +/-    0.24 kcal/mol |       5 |  -13.35 kcal/mol
         65 |      1584852 |  -12.25 kcal/mol |  -12.97 +/-    0.31 kcal/mol |       3 |  -13.35 kcal/mol
         70 |      1714058 |  -11.44 kcal/mol |  -13.06 +/-    0.31 kcal/mol |       4 |  -13.35 kcal/mol
         75 |      1843243 |  -11.89 kcal/mol |  -12.95 +/-    0.27 kcal/mol |       4 |  -13.35 kcal/mol
         80 |      1972190 |  -11.95 kcal/mol |  -12.88 +/-    0.31 kcal/mol |       4 |  -13.35 kcal/mol
         84 |      2074346 |  -11.72 kcal/mol |  -12.86 +/-    0.32 kcal/mol |       8 |  -13.35 kcal/mol
------------+--------------+------------------+------------------------------+---------+-------------------

                                   Finished evaluation after reaching
                       2074346 evaluations. Best inter + intra   -13.35 kcal/mol.


Shutdown time 0.000707s

Job #1 took 0.829 sec after waiting 1.248 sec for setup

(Thread 0 is processing Job #1)
(Thread 0 is setting up Job #2)

Running Job #2:
    Device: NVIDIA A100-SXM4-40GB
    Grid map file: ./protein.maps.fld
    Ligand file: ./ligand_2_2.pdbqt
    Output file: docking_result_2.dlg (+ xml)
    Using heuristics: (capped) number of evaluations set to 6512245
    Overriding heuristics, setting number of evaluations to --nev = 2500000 instead.
    Warning: The set number of evals is 17.56% of the uncapped heuristics estimate of 14240240 evals.
             This means this docking may not be able to converge. Increasing --heurmax may improve
             convergence but will also increase runtime.
             AutoStop will not stop before 53.80% (1345079) of the set number of evaluations.
    Local-search chosen method is: ADADELTA (ad)

Rest of Setup time 0.067955s

Executing docking runs, stopping automatically after either reaching 0.15 kcal/mol standard deviation of
the best molecules of the last 4 * 5 generations, 42000 generations, or 2500000 evaluations:

Generations |  Evaluations |     Threshold    |  Average energy of best 10%  | Samples | Best Inter + Intra
------------+--------------+------------------+------------------------------+---------+-------------------
          0 |          150 |  184.70 kcal/mol |  154.03 +/-    8.18 kcal/mol |       4 |  140.75 kcal/mol
          5 |        86305 |  184.70 kcal/mol |   11.30 +/-   25.08 kcal/mol |     787 |   -9.01 kcal/mol
         10 |       177296 |   11.78 kcal/mol |   -9.60 +/-    0.58 kcal/mol |       4 |  -10.30 kcal/mol
         15 |       274659 |   -7.41 kcal/mol |   -9.25 +/-    0.62 kcal/mol |       8 |  -10.44 kcal/mol
         20 |       376229 |   -8.09 kcal/mol |   -9.89 +/-    0.45 kcal/mol |       4 |  -10.59 kcal/mol
         25 |       480258 |   -8.20 kcal/mol |   -9.60 +/-    0.43 kcal/mol |       7 |  -10.59 kcal/mol
         30 |       585565 |   -8.69 kcal/mol |  -10.42 +/-    0.54 kcal/mol |       4 |  -11.08 kcal/mol
         35 |       693487 |   -8.41 kcal/mol |  -10.26 +/-    0.58 kcal/mol |       5 |  -11.08 kcal/mol
         40 |       798284 |   -8.53 kcal/mol |  -10.20 +/-    0.47 kcal/mol |       6 |  -11.08 kcal/mol
         45 |       901885 |   -9.03 kcal/mol |  -10.66 +/-    0.31 kcal/mol |       6 |  -11.08 kcal/mol
         50 |      1001132 |   -9.89 kcal/mol |  -10.58 +/-    0.39 kcal/mol |       4 |  -11.08 kcal/mol
         55 |      1101906 |   -9.12 kcal/mol |  -10.53 +/-    0.50 kcal/mol |       8 |  -11.08 kcal/mol
         60 |      1201531 |   -9.59 kcal/mol |  -10.81 +/-    0.22 kcal/mol |       4 |  -11.15 kcal/mol
         65 |      1299308 |  -10.00 kcal/mol |  -10.83 +/-    0.37 kcal/mol |       5 |  -11.52 kcal/mol
         70 |      1393067 |   -9.72 kcal/mol |  -10.82 +/-    0.31 kcal/mol |       9 |  -11.52 kcal/mol
         75 |      1485212 |  -10.30 kcal/mol |  -11.14 +/-    0.25 kcal/mol |       4 |  -11.52 kcal/mol
         80 |      1577626 |  -10.19 kcal/mol |  -11.16 +/-    0.24 kcal/mol |       4 |  -11.52 kcal/mol
         85 |      1667589 |  -10.26 kcal/mol |  -11.24 +/-    0.36 kcal/mol |       8 |  -11.80 kcal/mol
         90 |      1756626 |  -10.57 kcal/mol |  -11.42 +/-    0.30 kcal/mol |       4 |  -11.80 kcal/mol
         95 |      1842142 |  -10.28 kcal/mol |  -11.31 +/-    0.38 kcal/mol |       4 |  -11.80 kcal/mol
        100 |      1929085 |   -9.89 kcal/mol |  -11.19 +/-    0.40 kcal/mol |       8 |  -11.80 kcal/mol
        105 |      2012071 |  -10.44 kcal/mol |  -11.49 +/-    0.26 kcal/mol |       4 |  -11.80 kcal/mol
        110 |      2096807 |  -10.51 kcal/mol |  -11.29 +/-    0.26 kcal/mol |       7 |  -11.80 kcal/mol
        115 |      2181622 |  -10.73 kcal/mol |  -11.50 +/-    0.29 kcal/mol |       4 |  -11.80 kcal/mol
        120 |      2265134 |  -10.40 kcal/mol |  -11.40 +/-    0.31 kcal/mol |       9 |  -11.80 kcal/mol
        125 |      2346359 |  -10.89 kcal/mol |  -11.62 +/-    0.20 kcal/mol |       4 |  -11.81 kcal/mol
        130 |      2428952 |  -10.86 kcal/mol |  -11.48 +/-    0.23 kcal/mol |       6 |  -11.81 kcal/mol
        135 |      2511615 |  -10.89 kcal/mol |  -11.65 +/-    0.25 kcal/mol |       8 |  -12.01 kcal/mol
------------+--------------+------------------+------------------------------+---------+-------------------

                                   Finished evaluation after reaching
                       2511615 evaluations. Best inter + intra   -12.01 kcal/mol.


Shutdown time 0.000672s

Job #2 took 1.428 sec after waiting 0.034 sec for setup

(Thread 0 is processing Job #2)
(Thread 0 is setting up Job #3)

Running Job #3:
    Device: NVIDIA A100-SXM4-40GB
    Grid map file: ./protein.maps.fld
    Ligand file: ./ligand_3_3.pdbqt
    Output file: docking_result_3.dlg (+ xml)
    Using heuristics: (capped) number of evaluations set to 2068966
    Local-search chosen method is: ADADELTA (ad)

Rest of Setup time 0.070316s

Executing docking runs, stopping automatically after either reaching 0.15 kcal/mol standard deviation of
the best molecules of the last 4 * 5 generations, 42000 generations, or 2068966 evaluations:

Generations |  Evaluations |     Threshold    |  Average energy of best 10%  | Samples | Best Inter + Intra
------------+--------------+------------------+------------------------------+---------+-------------------
          0 |          150 |   -1.19 kcal/mol |   -1.39 +/-    0.16 kcal/mol |      12 |   -1.62 kcal/mol
          5 |       100877 |   -1.19 kcal/mol |   -4.59 +/-    1.61 kcal/mol |     797 |  -11.05 kcal/mol
         10 |       208433 |   -4.56 kcal/mol |   -8.73 +/-    0.78 kcal/mol |      45 |  -11.13 kcal/mol
         15 |       325027 |   -8.47 kcal/mol |  -10.59 +/-    0.36 kcal/mol |       6 |  -11.17 kcal/mol
         20 |       451135 |   -9.68 kcal/mol |  -10.76 +/-    0.20 kcal/mol |       6 |  -11.17 kcal/mol
         25 |       582480 |  -10.25 kcal/mol |  -10.73 +/-    0.21 kcal/mol |       7 |  -11.21 kcal/mol
         30 |       713696 |  -10.28 kcal/mol |  -10.95 +/-    0.21 kcal/mol |      11 |  -11.24 kcal/mol
         35 |       846485 |  -10.67 kcal/mol |  -11.13 +/-    0.11 kcal/mol |       7 |  -11.24 kcal/mol
         40 |       978596 |  -10.90 kcal/mol |  -11.23 +/-    0.03 kcal/mol |       6 |  -11.25 kcal/mol
         45 |      1113407 |  -10.85 kcal/mol |  -11.13 +/-    0.14 kcal/mol |      12 |  -11.29 kcal/mol
         50 |      1248027 |  -10.95 kcal/mol |  -11.18 +/-    0.10 kcal/mol |       8 |  -11.32 kcal/mol
         55 |      1383887 |  -10.99 kcal/mol |  -11.19 +/-    0.08 kcal/mol |      12 |  -11.34 kcal/mol
         60 |      1519095 |  -11.08 kcal/mol |  -11.28 +/-    0.04 kcal/mol |       7 |  -11.34 kcal/mol
         65 |      1654331 |  -10.96 kcal/mol |  -11.21 +/-    0.10 kcal/mol |      13 |  -11.35 kcal/mol
         70 |      1790795 |  -11.09 kcal/mol |  -11.25 +/-    0.05 kcal/mol |      19 |  -11.35 kcal/mol
------------+--------------+------------------+------------------------------+---------+-------------------

                                   Finished evaluation after reaching
                                  -11.23 +/-    0.08 kcal/mol combined.
                             51 samples, best inter + intra   -11.35 kcal/mol.


Shutdown time 0.000675s

Job #3 took 0.657 sec after waiting 0.049 sec for setup

(Thread 0 is processing Job #3)
Run time of entire job set (3 files): 4.276 sec
Savings from multithreading: -0.000 sec
Idle time of execution thread: 1.361 sec

All jobs (3) ran without errors.
