AutoDock-GPU version: v1.6-7-ga46ab564d2ac5f1a1523f65239b43505a1c29364-dirty

Using 1 OpenMP threads

Running 3 docking calculations

Cuda device:                              NVIDIA A100-SXM4-40GB
Available memory on device:               36558 MB (total: 40339 MB)

CUDA Setup time 0.210239s
(Thread 0 is setting up Job #1)

Running Job #1:
    Device: NVIDIA A100-SXM4-40GB
    Grid map file: ./protein.maps.fld
    Ligand file: ./ligand_1_1.pdbqt
    Output file: docking_result_1.dlg (+ xml)
    Using heuristics: (capped) number of evaluations set to 2068966
    Local-search chosen method is: ADADELTA (ad)

Rest of Setup time 0.321098s

Executing docking runs, stopping automatically after either reaching 0.15 kcal/mol standard deviation of
the best molecules of the last 4 * 5 generations, 42000 generations, or 2068966 evaluations:

Generations |  Evaluations |     Threshold    |  Average energy of best 10%  | Samples | Best Inter + Intra
------------+--------------+------------------+------------------------------+---------+-------------------
          0 |          150 |   -1.49 kcal/mol |   -2.00 +/-    0.20 kcal/mol |       6 |   -2.29 kcal/mol
          5 |       124023 |   -1.49 kcal/mol |   -4.26 +/-    1.45 kcal/mol |     848 |   -9.46 kcal/mol
         10 |       247459 |   -4.23 kcal/mol |   -8.40 +/-    1.04 kcal/mol |      41 |  -10.50 kcal/mol
         15 |       375019 |   -8.02 kcal/mol |  -10.31 +/-    0.18 kcal/mol |      10 |  -10.63 kcal/mol
         20 |       504242 |  -10.04 kcal/mol |  -10.32 +/-    0.15 kcal/mol |       9 |  -10.63 kcal/mol
         25 |       630135 |  -10.06 kcal/mol |  -10.35 +/-    0.14 kcal/mol |      10 |  -10.63 kcal/mol
         30 |       757191 |  -10.15 kcal/mol |  -10.51 +/-    0.12 kcal/mol |      16 |  -10.81 kcal/mol
         35 |       884254 |  -10.40 kcal/mol |  -10.52 +/-    0.13 kcal/mol |      10 |  -10.85 kcal/mol
         40 |      1010418 |  -10.33 kcal/mol |  -10.52 +/-    0.15 kcal/mol |      17 |  -10.85 kcal/mol
         45 |      1135731 |  -10.39 kcal/mol |  -10.60 +/-    0.14 kcal/mol |      15 |  -10.85 kcal/mol
         50 |      1261002 |  -10.46 kcal/mol |  -10.65 +/-    0.12 kcal/mol |       8 |  -10.87 kcal/mol
         55 |      1384227 |  -10.44 kcal/mol |  -10.71 +/-    0.13 kcal/mol |      13 |  -10.87 kcal/mol
         60 |      1507331 |  -10.56 kcal/mol |  -10.72 +/-    0.11 kcal/mol |      10 |  -10.87 kcal/mol
         65 |      1631678 |  -10.55 kcal/mol |  -10.78 +/-    0.09 kcal/mol |      10 |  -10.87 kcal/mol
------------+--------------+------------------+------------------------------+---------+-------------------

                                   Finished evaluation after reaching
                                  -10.72 +/-    0.12 kcal/mol combined.
                             41 samples, best inter + intra   -10.87 kcal/mol.


Shutdown time 0.000762s

Job #1 took 1.516 sec after waiting 4.434 sec for setup

(Thread 0 is processing Job #1)
(Thread 0 is setting up Job #2)

Running Job #2:
    Device: NVIDIA A100-SXM4-40GB
    Grid map file: ./protein.maps.fld
    Ligand file: ./ligand_2_2.pdbqt
    Output file: docking_result_2.dlg (+ xml)
    Using heuristics: (capped) number of evaluations set to 2280181
    Local-search chosen method is: ADADELTA (ad)

Rest of Setup time 0.306215s

Executing docking runs, stopping automatically after either reaching 0.15 kcal/mol standard deviation of
the best molecules of the last 4 * 5 generations, 42000 generations, or 2280181 evaluations:

Generations |  Evaluations |     Threshold    |  Average energy of best 10%  | Samples | Best Inter + Intra
------------+--------------+------------------+------------------------------+---------+-------------------
          0 |          150 |   -1.62 kcal/mol |   -2.22 +/-    0.20 kcal/mol |       5 |   -2.56 kcal/mol
          5 |       148492 |   -1.62 kcal/mol |   -4.96 +/-    1.42 kcal/mol |     999 |  -10.17 kcal/mol
         10 |       294303 |   -4.93 kcal/mol |   -8.93 +/-    0.92 kcal/mol |      52 |  -10.69 kcal/mol
         15 |       440205 |   -8.66 kcal/mol |  -10.86 +/-    0.33 kcal/mol |       4 |  -11.29 kcal/mol
         20 |       583672 |   -9.60 kcal/mol |  -10.87 +/-    0.37 kcal/mol |      17 |  -11.56 kcal/mol
         25 |       726556 |  -10.54 kcal/mol |  -11.56 +/-    0.13 kcal/mol |       4 |  -11.66 kcal/mol
         30 |       868052 |  -11.06 kcal/mol |  -11.57 +/-    0.09 kcal/mol |       8 |  -11.66 kcal/mol
         35 |      1009692 |  -11.40 kcal/mol |  -11.60 +/-    0.11 kcal/mol |       6 |  -11.73 kcal/mol
         40 |      1150673 |  -11.33 kcal/mol |  -11.62 +/-    0.11 kcal/mol |       5 |  -11.73 kcal/mol
         45 |      1288917 |  -11.29 kcal/mol |  -11.62 +/-    0.12 kcal/mol |       9 |  -11.74 kcal/mol
         50 |      1429548 |  -11.41 kcal/mol |  -11.60 +/-    0.10 kcal/mol |       9 |  -11.74 kcal/mol
         55 |      1571485 |  -11.44 kcal/mol |  -11.69 +/-    0.10 kcal/mol |      11 |  -11.90 kcal/mol
         60 |      1709859 |  -11.55 kcal/mol |  -11.70 +/-    0.11 kcal/mol |       6 |  -11.91 kcal/mol
         65 |      1847230 |  -11.43 kcal/mol |  -11.73 +/-    0.12 kcal/mol |       7 |  -11.91 kcal/mol
         70 |      1985752 |  -11.47 kcal/mol |  -11.67 +/-    0.10 kcal/mol |      14 |  -11.91 kcal/mol
         75 |      2122012 |  -11.57 kcal/mol |  -11.71 +/-    0.09 kcal/mol |       9 |  -11.91 kcal/mol
------------+--------------+------------------+------------------------------+---------+-------------------

                                   Finished evaluation after reaching
                                  -11.70 +/-    0.11 kcal/mol combined.
                             36 samples, best inter + intra   -11.91 kcal/mol.


Shutdown time 0.000690s

Job #2 took 1.653 sec after waiting 0.029 sec for setup

(Thread 0 is processing Job #2)
(Thread 0 is setting up Job #3)

Running Job #3:
    Device: NVIDIA A100-SXM4-40GB
    Grid map file: ./protein.maps.fld
    Ligand file: ./ligand_3_3.pdbqt
    Output file: docking_result_3.dlg (+ xml)
    Using heuristics: (capped) number of evaluations set to 2068966
    Local-search chosen method is: ADADELTA (ad)

Rest of Setup time 0.310631s

Executing docking runs, stopping automatically after either reaching 0.15 kcal/mol standard deviation of
the best molecules of the last 4 * 5 generations, 42000 generations, or 2068966 evaluations:

Generations |  Evaluations |     Threshold    |  Average energy of best 10%  | Samples | Best Inter + Intra
------------+--------------+------------------+------------------------------+---------+-------------------
          0 |          150 |   -1.82 kcal/mol |   -2.32 +/-    0.17 kcal/mol |       5 |   -2.62 kcal/mol
          5 |       119840 |   -1.82 kcal/mol |   -4.02 +/-    1.19 kcal/mol |     753 |   -9.18 kcal/mol
         10 |       241336 |   -3.99 kcal/mol |   -7.31 +/-    0.69 kcal/mol |      48 |   -9.18 kcal/mol
         15 |       371069 |   -7.09 kcal/mol |   -8.87 +/-    0.28 kcal/mol |      10 |   -9.18 kcal/mol
         20 |       499325 |   -8.46 kcal/mol |   -9.08 +/-    0.08 kcal/mol |       5 |   -9.18 kcal/mol
         25 |       626000 |   -8.85 kcal/mol |   -9.06 +/-    0.06 kcal/mol |       5 |   -9.18 kcal/mol
         30 |       752202 |   -8.61 kcal/mol |   -8.94 +/-    0.12 kcal/mol |      10 |   -9.18 kcal/mol
         35 |       881741 |   -8.76 kcal/mol |   -9.09 +/-    0.07 kcal/mol |       8 |   -9.18 kcal/mol
------------+--------------+------------------+------------------------------+---------+-------------------

                                   Finished evaluation after reaching
                                   -9.03 +/-    0.11 kcal/mol combined.
                             28 samples, best inter + intra    -9.18 kcal/mol.


Shutdown time 0.000639s

Job #3 took 0.842 sec after waiting 0.028 sec for setup

(Thread 0 is processing Job #3)
Run time of entire job set (3 files): 8.528 sec
Savings from multithreading: -0.000 sec
Idle time of execution thread: 4.515 sec

All jobs (3) ran without errors.
