AutoDock-GPU version: v1.6-7-ga46ab564d2ac5f1a1523f65239b43505a1c29364-dirty

Using 1 OpenMP threads

Running 8 docking calculations

Cuda device:                              NVIDIA A100-SXM4-40GB
Available memory on device:               39916 MB (total: 40339 MB)

CUDA Setup time 0.231807s
(Thread 0 is setting up Job #1)

Running Job #1:
    Device: NVIDIA A100-SXM4-40GB
    Grid map file: ./protein.maps.fld
    Ligand file: ./ligand_1_1.pdbqt
    Output file: docking_result_1.dlg (+ xml)
    Using heuristics: (capped) number of evaluations set to 2845257
    Overriding heuristics, setting number of evaluations to --nev = 2500000 instead.
    Local-search chosen method is: ADADELTA (ad)

Rest of Setup time 0.070994s

Executing docking runs, stopping automatically after either reaching 0.15 kcal/mol standard deviation of
the best molecules of the last 4 * 5 generations, 42000 generations, or 2500000 evaluations:

Generations |  Evaluations |     Threshold    |  Average energy of best 10%  | Samples | Best Inter + Intra
------------+--------------+------------------+------------------------------+---------+-------------------
          0 |          150 |   -1.78 kcal/mol |   -2.79 +/-    0.46 kcal/mol |       4 |   -3.56 kcal/mol
          5 |        93055 |   -1.05 kcal/mol |   -5.86 +/-    1.96 kcal/mol |     797 |  -11.88 kcal/mol
         10 |       197469 |   -5.83 kcal/mol |  -10.60 +/-    0.81 kcal/mol |      33 |  -12.52 kcal/mol
         15 |       311741 |  -10.23 kcal/mol |  -12.54 +/-    0.81 kcal/mol |       4 |  -13.85 kcal/mol
         20 |       435724 |   -9.50 kcal/mol |  -11.77 +/-    0.61 kcal/mol |      25 |  -13.88 kcal/mol
         25 |       564273 |  -11.41 kcal/mol |  -12.86 +/-    0.62 kcal/mol |       4 |  -13.88 kcal/mol
         30 |       695440 |  -10.54 kcal/mol |  -12.37 +/-    0.77 kcal/mol |      17 |  -14.45 kcal/mol
         35 |       828453 |  -11.68 kcal/mol |  -13.09 +/-    0.80 kcal/mol |       4 |  -14.47 kcal/mol
         40 |       961931 |  -10.11 kcal/mol |  -12.59 +/-    0.66 kcal/mol |      24 |  -14.47 kcal/mol
         45 |      1097308 |  -12.18 kcal/mol |  -13.44 +/-    0.46 kcal/mol |       6 |  -14.47 kcal/mol
         50 |      1232464 |  -12.29 kcal/mol |  -13.44 +/-    0.46 kcal/mol |       6 |  -14.47 kcal/mol
         55 |      1367358 |  -12.29 kcal/mol |  -13.61 +/-    0.50 kcal/mol |       4 |  -14.47 kcal/mol
         60 |      1499114 |  -11.73 kcal/mol |  -13.18 +/-    0.40 kcal/mol |      15 |  -14.47 kcal/mol
         65 |      1635901 |  -12.77 kcal/mol |  -13.61 +/-    0.50 kcal/mol |       4 |  -14.47 kcal/mol
         70 |      1771770 |  -11.75 kcal/mol |  -13.57 +/-    0.64 kcal/mol |      16 |  -14.53 kcal/mol
         75 |      1905384 |  -12.97 kcal/mol |  -13.94 +/-    0.56 kcal/mol |       4 |  -14.53 kcal/mol
         80 |      2038600 |  -11.84 kcal/mol |  -13.36 +/-    0.30 kcal/mol |      17 |  -14.53 kcal/mol
         85 |      2172994 |  -13.09 kcal/mol |  -13.66 +/-    0.44 kcal/mol |       5 |  -14.53 kcal/mol
         90 |      2307982 |  -12.35 kcal/mol |  -13.44 +/-    0.37 kcal/mol |      10 |  -14.53 kcal/mol
         95 |      2444216 |  -12.89 kcal/mol |  -13.72 +/-    0.47 kcal/mol |       4 |  -14.53 kcal/mol
         98 |      2526549 |  -11.95 kcal/mol |  -13.39 +/-    0.31 kcal/mol |      32 |  -14.53 kcal/mol
------------+--------------+------------------+------------------------------+---------+-------------------

                                   Finished evaluation after reaching
                       2526549 evaluations. Best inter + intra   -14.53 kcal/mol.


Shutdown time 0.000723s

Job #1 took 1.322 sec after waiting 1.184 sec for setup

(Thread 0 is processing Job #1)
(Thread 0 is setting up Job #2)

Running Job #2:
    Device: NVIDIA A100-SXM4-40GB
    Grid map file: ./protein.maps.fld
    Ligand file: ./ligand_2_2.pdbqt
    Output file: docking_result_2.dlg (+ xml)
    Using heuristics: (capped) number of evaluations set to 2845257
    Overriding heuristics, setting number of evaluations to --nev = 2500000 instead.
    Local-search chosen method is: ADADELTA (ad)

Rest of Setup time 0.068645s

Executing docking runs, stopping automatically after either reaching 0.15 kcal/mol standard deviation of
the best molecules of the last 4 * 5 generations, 42000 generations, or 2500000 evaluations:

Generations |  Evaluations |     Threshold    |  Average energy of best 10%  | Samples | Best Inter + Intra
------------+--------------+------------------+------------------------------+---------+-------------------
          0 |          150 |   -0.79 kcal/mol |   -2.40 +/-    0.51 kcal/mol |       7 |   -3.56 kcal/mol
          5 |        89943 |   -1.31 kcal/mol |   -5.49 +/-    1.70 kcal/mol |     738 |  -11.59 kcal/mol
         10 |       193207 |   -5.45 kcal/mol |   -9.86 +/-    0.79 kcal/mol |      51 |  -11.77 kcal/mol
         15 |       307438 |   -9.63 kcal/mol |  -11.67 +/-    0.34 kcal/mol |       9 |  -12.20 kcal/mol
         20 |       428517 |  -11.10 kcal/mol |  -12.34 +/-    0.16 kcal/mol |       4 |  -12.47 kcal/mol
         25 |       552461 |  -11.75 kcal/mol |  -12.29 +/-    0.15 kcal/mol |       5 |  -12.50 kcal/mol
         30 |       679586 |  -11.83 kcal/mol |  -12.41 +/-    0.06 kcal/mol |       4 |  -12.50 kcal/mol
         35 |       805849 |  -11.84 kcal/mol |  -12.43 +/-    0.09 kcal/mol |       4 |  -12.58 kcal/mol
         40 |       933559 |  -12.10 kcal/mol |  -12.55 +/-    0.15 kcal/mol |       8 |  -12.71 kcal/mol
         45 |      1062754 |  -12.27 kcal/mol |  -12.42 +/-    0.12 kcal/mol |       8 |  -12.71 kcal/mol
         50 |      1188675 |  -12.19 kcal/mol |  -12.46 +/-    0.15 kcal/mol |       9 |  -12.71 kcal/mol
         55 |      1317194 |  -12.22 kcal/mol |  -12.55 +/-    0.13 kcal/mol |       7 |  -12.71 kcal/mol
------------+--------------+------------------+------------------------------+---------+-------------------

                                   Finished evaluation after reaching
                                  -12.50 +/-    0.15 kcal/mol combined.
                             32 samples, best inter + intra   -12.71 kcal/mol.


Shutdown time 0.000660s

Job #2 took 0.696 sec after waiting 0.053 sec for setup

(Thread 0 is processing Job #2)
(Thread 0 is setting up Job #3)

Running Job #3:
    Device: NVIDIA A100-SXM4-40GB
    Grid map file: ./protein.maps.fld
    Ligand file: ./ligand_3_3.pdbqt
    Output file: docking_result_3.dlg (+ xml)
    Using heuristics: (capped) number of evaluations set to 2845257
    Overriding heuristics, setting number of evaluations to --nev = 2500000 instead.
    Local-search chosen method is: ADADELTA (ad)

Rest of Setup time 0.068930s

Executing docking runs, stopping automatically after either reaching 0.15 kcal/mol standard deviation of
the best molecules of the last 4 * 5 generations, 42000 generations, or 2500000 evaluations:

Generations |  Evaluations |     Threshold    |  Average energy of best 10%  | Samples | Best Inter + Intra
------------+--------------+------------------+------------------------------+---------+-------------------
          0 |          150 |   -1.82 kcal/mol |   -2.20 +/-    0.13 kcal/mol |       5 |   -2.41 kcal/mol
          5 |        88611 |   -1.82 kcal/mol |   -5.37 +/-    1.80 kcal/mol |     745 |  -10.79 kcal/mol
         10 |       188537 |   -5.33 kcal/mol |   -9.88 +/-    0.70 kcal/mol |      35 |  -11.25 kcal/mol
         15 |       296564 |   -9.58 kcal/mol |  -11.46 +/-    0.44 kcal/mol |       6 |  -12.23 kcal/mol
         20 |       414681 |  -10.36 kcal/mol |  -12.11 +/-    0.60 kcal/mol |       9 |  -13.08 kcal/mol
         25 |       537833 |  -11.11 kcal/mol |  -12.21 +/-    0.49 kcal/mol |       5 |  -13.08 kcal/mol
         30 |       666433 |  -10.75 kcal/mol |  -12.22 +/-    0.50 kcal/mol |      11 |  -13.28 kcal/mol
         35 |       795432 |  -11.54 kcal/mol |  -12.58 +/-    0.41 kcal/mol |       4 |  -13.28 kcal/mol
         40 |       926544 |  -11.03 kcal/mol |  -12.31 +/-    0.39 kcal/mol |      11 |  -13.28 kcal/mol
         45 |      1058318 |  -11.78 kcal/mol |  -12.64 +/-    0.23 kcal/mol |      10 |  -13.28 kcal/mol
         50 |      1190786 |  -12.30 kcal/mol |  -12.66 +/-    0.23 kcal/mol |      10 |  -13.28 kcal/mol
         55 |      1322872 |  -12.32 kcal/mol |  -12.65 +/-    0.24 kcal/mol |       9 |  -13.28 kcal/mol
         60 |      1453413 |  -12.25 kcal/mol |  -12.61 +/-    0.20 kcal/mol |      15 |  -13.28 kcal/mol
         65 |      1587833 |  -12.41 kcal/mol |  -12.72 +/-    0.24 kcal/mol |       7 |  -13.28 kcal/mol
         70 |      1722427 |  -12.21 kcal/mol |  -12.97 +/-    0.22 kcal/mol |       4 |  -13.28 kcal/mol
         75 |      1854964 |  -12.16 kcal/mol |  -12.69 +/-    0.19 kcal/mol |      12 |  -13.28 kcal/mol
         80 |      1987691 |  -12.46 kcal/mol |  -13.03 +/-    0.26 kcal/mol |       4 |  -13.28 kcal/mol
         85 |      2120782 |  -12.06 kcal/mol |  -12.63 +/-    0.20 kcal/mol |      17 |  -13.28 kcal/mol
         90 |      2253684 |  -12.46 kcal/mol |  -12.98 +/-    0.28 kcal/mol |       4 |  -13.28 kcal/mol
         95 |      2387577 |  -11.93 kcal/mol |  -12.61 +/-    0.21 kcal/mol |      21 |  -13.28 kcal/mol
        100 |      2519564 |  -12.46 kcal/mol |  -12.66 +/-    0.20 kcal/mol |      33 |  -13.28 kcal/mol
------------+--------------+------------------+------------------------------+---------+-------------------

                                   Finished evaluation after reaching
                       2519564 evaluations. Best inter + intra   -13.28 kcal/mol.


Shutdown time 0.000673s

Job #3 took 1.274 sec after waiting 0.050 sec for setup

(Thread 0 is processing Job #3)
(Thread 0 is setting up Job #4)

Running Job #4:
    Device: NVIDIA A100-SXM4-40GB
    Grid map file: ./protein.maps.fld
    Ligand file: ./ligand_4_4.pdbqt
    Output file: docking_result_4.dlg (+ xml)
    Using heuristics: (capped) number of evaluations set to 2845257
    Overriding heuristics, setting number of evaluations to --nev = 2500000 instead.
    Local-search chosen method is: ADADELTA (ad)

Rest of Setup time 0.068431s

Executing docking runs, stopping automatically after either reaching 0.15 kcal/mol standard deviation of
the best molecules of the last 4 * 5 generations, 42000 generations, or 2500000 evaluations:

Generations |  Evaluations |     Threshold    |  Average energy of best 10%  | Samples | Best Inter + Intra
------------+--------------+------------------+------------------------------+---------+-------------------
          0 |          150 |   -1.02 kcal/mol |   -2.05 +/-    0.36 kcal/mol |       8 |   -2.70 kcal/mol
          5 |        84567 |   -1.38 kcal/mol |   -5.21 +/-    1.81 kcal/mol |     699 |  -12.06 kcal/mol
         10 |       179289 |   -5.17 kcal/mol |   -9.85 +/-    0.86 kcal/mol |      40 |  -12.09 kcal/mol
         15 |       281327 |   -9.53 kcal/mol |  -11.62 +/-    0.38 kcal/mol |       5 |  -12.20 kcal/mol
         20 |       395325 |  -10.48 kcal/mol |  -11.75 +/-    0.24 kcal/mol |      12 |  -12.20 kcal/mol
         25 |       515834 |  -11.44 kcal/mol |  -12.04 +/-    0.14 kcal/mol |       6 |  -12.22 kcal/mol
         30 |       640624 |  -11.70 kcal/mol |  -12.11 +/-    0.11 kcal/mol |      11 |  -12.24 kcal/mol
         35 |       767418 |  -11.95 kcal/mol |  -12.25 +/-    0.17 kcal/mol |       5 |  -12.55 kcal/mol
         40 |       893934 |  -11.75 kcal/mol |  -12.20 +/-    0.14 kcal/mol |      13 |  -12.55 kcal/mol
         45 |      1019579 |  -12.04 kcal/mol |  -12.25 +/-    0.17 kcal/mol |       8 |  -12.55 kcal/mol
         50 |      1144934 |  -11.93 kcal/mol |  -12.35 +/-    0.15 kcal/mol |       7 |  -12.55 kcal/mol
         55 |      1272740 |  -12.04 kcal/mol |  -12.31 +/-    0.13 kcal/mol |       7 |  -12.55 kcal/mol
         60 |      1399618 |  -12.03 kcal/mol |  -12.29 +/-    0.15 kcal/mol |       8 |  -12.55 kcal/mol
         65 |      1528931 |  -12.01 kcal/mol |  -12.31 +/-    0.17 kcal/mol |       6 |  -12.55 kcal/mol
         70 |      1656212 |  -11.89 kcal/mol |  -12.45 +/-    0.14 kcal/mol |       9 |  -12.62 kcal/mol
         75 |      1784361 |  -12.22 kcal/mol |  -12.38 +/-    0.16 kcal/mol |       6 |  -12.65 kcal/mol
         80 |      1910045 |  -11.98 kcal/mol |  -12.31 +/-    0.17 kcal/mol |      12 |  -12.65 kcal/mol
         85 |      2036727 |  -12.10 kcal/mol |  -12.35 +/-    0.17 kcal/mol |       8 |  -12.65 kcal/mol
         90 |      2162084 |  -12.04 kcal/mol |  -12.32 +/-    0.16 kcal/mol |      11 |  -12.65 kcal/mol
         95 |      2287849 |  -12.11 kcal/mol |  -12.32 +/-    0.15 kcal/mol |      13 |  -12.65 kcal/mol
        100 |      2414627 |  -12.15 kcal/mol |  -12.59 +/-    0.18 kcal/mol |       4 |  -12.78 kcal/mol
        104 |      2513061 |  -11.93 kcal/mol |  -12.34 +/-    0.20 kcal/mol |      26 |  -12.78 kcal/mol
------------+--------------+------------------+------------------------------+---------+-------------------

                                   Finished evaluation after reaching
                       2513061 evaluations. Best inter + intra   -12.78 kcal/mol.


Shutdown time 0.000614s

Job #4 took 1.261 sec after waiting 0.051 sec for setup

(Thread 0 is processing Job #4)
(Thread 0 is setting up Job #5)

Running Job #5:
    Device: NVIDIA A100-SXM4-40GB
    Grid map file: ./protein.maps.fld
    Ligand file: ./ligand_5_5.pdbqt
    Output file: docking_result_5.dlg (+ xml)
    Using heuristics: (capped) number of evaluations set to 2280181
    Local-search chosen method is: ADADELTA (ad)

Rest of Setup time 0.068374s

Executing docking runs, stopping automatically after either reaching 0.15 kcal/mol standard deviation of
the best molecules of the last 4 * 5 generations, 42000 generations, or 2280181 evaluations:

Generations |  Evaluations |     Threshold    |  Average energy of best 10%  | Samples | Best Inter + Intra
------------+--------------+------------------+------------------------------+---------+-------------------
          0 |          150 |   -1.42 kcal/mol |   -3.34 +/-    0.63 kcal/mol |       6 |   -4.45 kcal/mol
          5 |        89859 |   -1.78 kcal/mol |   -6.07 +/-    1.71 kcal/mol |     702 |  -12.05 kcal/mol
         10 |       191182 |   -6.04 kcal/mol |  -10.42 +/-    0.86 kcal/mol |      38 |  -12.32 kcal/mol
         15 |       302393 |  -10.08 kcal/mol |  -12.33 +/-    0.17 kcal/mol |       9 |  -12.57 kcal/mol
         20 |       422582 |  -12.05 kcal/mol |  -12.61 +/-    0.17 kcal/mol |       9 |  -12.89 kcal/mol
         25 |       546923 |  -12.33 kcal/mol |  -12.59 +/-    0.18 kcal/mol |       7 |  -12.89 kcal/mol
         30 |       675370 |  -12.20 kcal/mol |  -12.73 +/-    0.14 kcal/mol |       6 |  -12.89 kcal/mol
         35 |       803601 |  -12.39 kcal/mol |  -12.85 +/-    0.15 kcal/mol |      13 |  -13.04 kcal/mol
         40 |       932619 |  -12.68 kcal/mol |  -13.01 +/-    0.07 kcal/mol |       9 |  -13.09 kcal/mol
         45 |      1063130 |  -12.76 kcal/mol |  -13.04 +/-    0.10 kcal/mol |      11 |  -13.11 kcal/mol
         50 |      1193626 |  -12.90 kcal/mol |  -13.09 +/-    0.11 kcal/mol |      11 |  -13.28 kcal/mol
         55 |      1325899 |  -12.94 kcal/mol |  -13.11 +/-    0.10 kcal/mol |      10 |  -13.28 kcal/mol
         60 |      1455862 |  -12.95 kcal/mol |  -13.11 +/-    0.08 kcal/mol |      14 |  -13.28 kcal/mol
         65 |      1586146 |  -13.03 kcal/mol |  -13.13 +/-    0.09 kcal/mol |      11 |  -13.33 kcal/mol
         70 |      1715521 |  -13.01 kcal/mol |  -13.12 +/-    0.07 kcal/mol |      10 |  -13.33 kcal/mol
         75 |      1843067 |  -12.89 kcal/mol |  -13.05 +/-    0.13 kcal/mol |      10 |  -13.33 kcal/mol
         80 |      1970601 |  -12.85 kcal/mol |  -13.07 +/-    0.11 kcal/mol |      12 |  -13.33 kcal/mol
------------+--------------+------------------+------------------------------+---------+-------------------

                                   Finished evaluation after reaching
                                  -13.09 +/-    0.11 kcal/mol combined.
                             43 samples, best inter + intra   -13.33 kcal/mol.


Shutdown time 0.000609s

Job #5 took 0.980 sec after waiting 0.049 sec for setup

(Thread 0 is processing Job #5)
(Thread 0 is setting up Job #6)

Running Job #6:
    Device: NVIDIA A100-SXM4-40GB
    Grid map file: ./protein.maps.fld
    Ligand file: ./ligand_6_6.pdbqt
    Output file: docking_result_6.dlg (+ xml)
    Using heuristics: (capped) number of evaluations set to 5732309
    Overriding heuristics, setting number of evaluations to --nev = 2500000 instead.
    Warning: The set number of evals is 22.78% of the uncapped heuristics estimate of 10974965 evals.
             This means this docking may not be able to converge. Increasing --heurmax may improve
             convergence but will also increase runtime.
             AutoStop will not stop before 40.36% (1009012) of the set number of evaluations.
    Local-search chosen method is: ADADELTA (ad)

Rest of Setup time 0.068366s

Executing docking runs, stopping automatically after either reaching 0.15 kcal/mol standard deviation of
the best molecules of the last 4 * 5 generations, 42000 generations, or 2500000 evaluations:

Generations |  Evaluations |     Threshold    |  Average energy of best 10%  | Samples | Best Inter + Intra
------------+--------------+------------------+------------------------------+---------+-------------------
          0 |          150 |   -0.93 kcal/mol |   -2.54 +/-    0.56 kcal/mol |       7 |   -3.56 kcal/mol
          5 |       107921 |   -1.34 kcal/mol |   -6.82 +/-    1.82 kcal/mol |     897 |  -13.63 kcal/mol
         10 |       228672 |   -6.79 kcal/mol |  -11.49 +/-    0.85 kcal/mol |      42 |  -13.73 kcal/mol
         15 |       354070 |  -11.19 kcal/mol |  -13.46 +/-    0.17 kcal/mol |       4 |  -13.73 kcal/mol
         20 |       489053 |  -12.82 kcal/mol |  -13.54 +/-    0.33 kcal/mol |       4 |  -13.74 kcal/mol
         25 |       630075 |  -12.30 kcal/mol |  -13.53 +/-    0.39 kcal/mol |       6 |  -14.04 kcal/mol
         30 |       772771 |  -12.56 kcal/mol |  -13.76 +/-    0.25 kcal/mol |       6 |  -14.04 kcal/mol
         35 |       913538 |  -13.14 kcal/mol |  -13.93 +/-    0.13 kcal/mol |       4 |  -14.04 kcal/mol
         40 |      1054848 |  -13.44 kcal/mol |  -13.93 +/-    0.13 kcal/mol |       4 |  -14.04 kcal/mol
         45 |      1196651 |  -13.45 kcal/mol |  -14.03 +/-    0.11 kcal/mol |       5 |  -14.17 kcal/mol
         50 |      1336677 |  -13.70 kcal/mol |  -13.89 +/-    0.15 kcal/mol |       8 |  -14.17 kcal/mol
         55 |      1477136 |  -13.61 kcal/mol |  -13.94 +/-    0.13 kcal/mol |      11 |  -14.17 kcal/mol
         60 |      1616579 |  -13.77 kcal/mol |  -13.96 +/-    0.10 kcal/mol |      11 |  -14.17 kcal/mol
------------+--------------+------------------+------------------------------+---------+-------------------

                                   Finished evaluation after reaching
                                  -13.95 +/-    0.13 kcal/mol combined.
                             35 samples, best inter + intra   -14.17 kcal/mol.


Shutdown time 0.000626s

Job #6 took 0.771 sec after waiting 0.050 sec for setup

(Thread 0 is processing Job #6)
(Thread 0 is setting up Job #7)

Running Job #7:
    Device: NVIDIA A100-SXM4-40GB
    Grid map file: ./protein.maps.fld
    Ligand file: ./ligand_7_7.pdbqt
    Output file: docking_result_7.dlg (+ xml)
    Using heuristics: (capped) number of evaluations set to 3487417
    Overriding heuristics, setting number of evaluations to --nev = 2500000 instead.
    Local-search chosen method is: ADADELTA (ad)

Rest of Setup time 0.068233s

Executing docking runs, stopping automatically after either reaching 0.15 kcal/mol standard deviation of
the best molecules of the last 4 * 5 generations, 42000 generations, or 2500000 evaluations:

Generations |  Evaluations |     Threshold    |  Average energy of best 10%  | Samples | Best Inter + Intra
------------+--------------+------------------+------------------------------+---------+-------------------
          0 |          150 |   -1.56 kcal/mol |   -1.79 +/-    0.13 kcal/mol |       8 |   -2.04 kcal/mol
          5 |        83532 |   -1.56 kcal/mol |   -5.13 +/-    1.91 kcal/mol |     637 |  -11.53 kcal/mol
         10 |       179525 |   -5.09 kcal/mol |  -10.03 +/-    0.97 kcal/mol |      33 |  -12.38 kcal/mol
         15 |       283410 |   -9.59 kcal/mol |  -11.92 +/-    0.32 kcal/mol |       8 |  -12.54 kcal/mol
         20 |       396052 |  -11.31 kcal/mol |  -12.49 +/-    0.06 kcal/mol |       4 |  -12.54 kcal/mol
         25 |       513705 |  -11.93 kcal/mol |  -12.76 +/-    0.30 kcal/mol |       4 |  -13.07 kcal/mol
         30 |       634296 |  -11.63 kcal/mol |  -12.62 +/-    0.30 kcal/mol |       7 |  -13.07 kcal/mol
         35 |       755641 |  -11.98 kcal/mol |  -12.77 +/-    0.21 kcal/mol |       4 |  -13.07 kcal/mol
         40 |       876677 |  -11.97 kcal/mol |  -12.70 +/-    0.21 kcal/mol |       8 |  -13.07 kcal/mol
         45 |       999633 |  -12.31 kcal/mol |  -12.59 +/-    0.20 kcal/mol |      11 |  -13.18 kcal/mol
         50 |      1121447 |  -12.32 kcal/mol |  -13.15 +/-    0.22 kcal/mol |       4 |  -13.34 kcal/mol
         55 |      1245422 |  -12.31 kcal/mol |  -13.05 +/-    0.17 kcal/mol |       6 |  -13.34 kcal/mol
         60 |      1365090 |  -12.62 kcal/mol |  -13.14 +/-    0.15 kcal/mol |       4 |  -13.34 kcal/mol
         65 |      1488408 |  -12.56 kcal/mol |  -13.15 +/-    0.14 kcal/mol |       4 |  -13.34 kcal/mol
         70 |      1608695 |  -12.63 kcal/mol |  -13.21 +/-    0.15 kcal/mol |       5 |  -13.34 kcal/mol
         75 |      1728234 |  -12.77 kcal/mol |  -13.17 +/-    0.19 kcal/mol |       3 |  -13.42 kcal/mol
         80 |      1848664 |  -12.20 kcal/mol |  -12.61 +/-    0.23 kcal/mol |      25 |  -13.42 kcal/mol
         85 |      1967973 |  -12.47 kcal/mol |  -13.08 +/-    0.15 kcal/mol |       7 |  -13.42 kcal/mol
         90 |      2087277 |  -12.75 kcal/mol |  -13.09 +/-    0.24 kcal/mol |       4 |  -13.42 kcal/mol
         95 |      2205089 |  -12.19 kcal/mol |  -12.99 +/-    0.24 kcal/mol |       6 |  -13.42 kcal/mol
        100 |      2322508 |  -12.38 kcal/mol |  -13.15 +/-    0.21 kcal/mol |       6 |  -13.42 kcal/mol
        105 |      2439085 |  -12.62 kcal/mol |  -13.20 +/-    0.12 kcal/mol |       6 |  -13.42 kcal/mol
        108 |      2508129 |  -12.89 kcal/mol |  -13.12 +/-    0.17 kcal/mol |      13 |  -13.42 kcal/mol
------------+--------------+------------------+------------------------------+---------+-------------------

                                   Finished evaluation after reaching
                       2508129 evaluations. Best inter + intra   -13.42 kcal/mol.


Shutdown time 0.000673s

Job #7 took 1.358 sec after waiting 0.048 sec for setup

(Thread 0 is processing Job #7)
(Thread 0 is setting up Job #8)

Running Job #8:
    Device: NVIDIA A100-SXM4-40GB
    Grid map file: ./protein.maps.fld
    Ligand file: ./ligand_8_8.pdbqt
    Output file: docking_result_8.dlg (+ xml)
    Using heuristics: (capped) number of evaluations set to 3487417
    Overriding heuristics, setting number of evaluations to --nev = 2500000 instead.
    Local-search chosen method is: ADADELTA (ad)

Rest of Setup time 0.068051s

Executing docking runs, stopping automatically after either reaching 0.15 kcal/mol standard deviation of
the best molecules of the last 4 * 5 generations, 42000 generations, or 2500000 evaluations:

Generations |  Evaluations |     Threshold    |  Average energy of best 10%  | Samples | Best Inter + Intra
------------+--------------+------------------+------------------------------+---------+-------------------
          0 |          150 |   -1.56 kcal/mol |   -1.79 +/-    0.13 kcal/mol |       8 |   -2.04 kcal/mol
          5 |        83628 |   -1.56 kcal/mol |   -5.15 +/-    1.91 kcal/mol |     635 |  -11.53 kcal/mol
         10 |       177879 |   -5.11 kcal/mol |  -10.19 +/-    1.03 kcal/mol |      30 |  -12.38 kcal/mol
         15 |       281466 |   -9.67 kcal/mol |  -12.32 +/-    0.35 kcal/mol |       5 |  -12.83 kcal/mol
         20 |       394012 |  -11.28 kcal/mol |  -12.48 +/-    0.28 kcal/mol |       6 |  -13.02 kcal/mol
         25 |       511962 |  -11.79 kcal/mol |  -12.49 +/-    0.31 kcal/mol |       4 |  -13.02 kcal/mol
         30 |       632800 |  -11.32 kcal/mol |  -12.52 +/-    0.36 kcal/mol |      10 |  -13.02 kcal/mol
         35 |       753150 |  -11.98 kcal/mol |  -12.58 +/-    0.24 kcal/mol |       8 |  -13.02 kcal/mol
         40 |       873747 |  -12.13 kcal/mol |  -12.99 +/-    0.08 kcal/mol |       4 |  -13.05 kcal/mol
         45 |       995662 |  -12.71 kcal/mol |  -13.05 +/-    0.00 kcal/mol |       1 |  -13.05 kcal/mol
         50 |      1117346 |  -10.80 kcal/mol |  -12.05 +/-    0.46 kcal/mol |      50 |  -13.05 kcal/mol
         55 |      1241550 |  -11.92 kcal/mol |  -13.03 +/-    0.01 kcal/mol |       4 |  -13.05 kcal/mol
         60 |      1362413 |  -12.47 kcal/mol |  -12.97 +/-    0.34 kcal/mol |       4 |  -13.47 kcal/mol
         65 |      1487604 |  -11.71 kcal/mol |  -12.73 +/-    0.35 kcal/mol |      18 |  -13.56 kcal/mol
         70 |      1611906 |  -12.44 kcal/mol |  -13.47 +/-    0.10 kcal/mol |       4 |  -13.57 kcal/mol
         75 |      1734817 |  -13.09 kcal/mol |  -13.58 +/-    0.00 kcal/mol |       1 |  -13.58 kcal/mol
         80 |      1856558 |  -11.33 kcal/mol |  -12.22 +/-    0.38 kcal/mol |      62 |  -13.58 kcal/mol
         85 |      1978734 |  -12.13 kcal/mol |  -13.41 +/-    0.24 kcal/mol |       6 |  -13.58 kcal/mol
         90 |      2099547 |  -12.81 kcal/mol |  -13.23 +/-    0.21 kcal/mol |       4 |  -13.58 kcal/mol
         95 |      2221100 |  -12.45 kcal/mol |  -13.20 +/-    0.21 kcal/mol |       5 |  -13.58 kcal/mol
        100 |      2341211 |  -12.56 kcal/mol |  -13.18 +/-    0.37 kcal/mol |       4 |  -13.58 kcal/mol
        105 |      2461617 |  -11.78 kcal/mol |  -12.58 +/-    0.24 kcal/mol |      40 |  -13.58 kcal/mol
        107 |      2510531 |  -12.49 kcal/mol |  -12.75 +/-    0.36 kcal/mol |      36 |  -13.79 kcal/mol
------------+--------------+------------------+------------------------------+---------+-------------------

                                   Finished evaluation after reaching
                       2510531 evaluations. Best inter + intra   -13.79 kcal/mol.


Shutdown time 0.000618s

Job #8 took 1.353 sec after waiting 0.052 sec for setup

(Thread 0 is processing Job #8)
Run time of entire job set (8 files): 10.603 sec
Savings from multithreading: -0.001 sec
Idle time of execution thread: 1.588 sec

All jobs (8) ran without errors.
