AutoDock-GPU version: v1.6-7-ga46ab564d2ac5f1a1523f65239b43505a1c29364-dirty

Using 1 OpenMP threads

Running 3 docking calculations

Cuda device:                              NVIDIA A100-SXM4-40GB
Available memory on device:               39916 MB (total: 40339 MB)

CUDA Setup time 0.231287s
(Thread 0 is setting up Job #1)

Running Job #1:
    Device: NVIDIA A100-SXM4-40GB
    Grid map file: ./protein.maps.fld
    Ligand file: ./ligand_1_1.pdbqt
    Output file: docking_result_1.dlg (+ xml)
    Using heuristics: (capped) number of evaluations set to 2068966
    Local-search chosen method is: ADADELTA (ad)

Rest of Setup time 0.310526s

Executing docking runs, stopping automatically after either reaching 0.15 kcal/mol standard deviation of
the best molecules of the last 4 * 5 generations, 42000 generations, or 2068966 evaluations:

Generations |  Evaluations |     Threshold    |  Average energy of best 10%  | Samples | Best Inter + Intra
------------+--------------+------------------+------------------------------+---------+-------------------
          0 |          150 |   -1.59 kcal/mol |   -1.89 +/-    0.18 kcal/mol |       9 |   -2.24 kcal/mol
          5 |       115271 |   -1.59 kcal/mol |   -4.49 +/-    1.58 kcal/mol |     837 |  -10.86 kcal/mol
         10 |       229362 |   -4.46 kcal/mol |   -8.72 +/-    0.82 kcal/mol |      34 |  -11.23 kcal/mol
         15 |       347367 |   -8.36 kcal/mol |  -10.75 +/-    0.46 kcal/mol |       4 |  -11.27 kcal/mol
         20 |       465457 |   -9.04 kcal/mol |  -10.98 +/-    0.84 kcal/mol |       4 |  -12.30 kcal/mol
         25 |       581749 |   -7.84 kcal/mol |  -10.48 +/-    1.08 kcal/mol |      16 |  -12.59 kcal/mol
         30 |       699310 |   -9.46 kcal/mol |  -12.06 +/-    0.58 kcal/mol |       4 |  -12.64 kcal/mol
         35 |       818296 |   -9.90 kcal/mol |  -11.89 +/-    0.66 kcal/mol |       8 |  -12.74 kcal/mol
         40 |       937550 |  -10.65 kcal/mol |  -12.56 +/-    0.16 kcal/mol |      12 |  -12.75 kcal/mol
         45 |      1056211 |  -12.36 kcal/mol |  -12.77 +/-    0.11 kcal/mol |       5 |  -12.90 kcal/mol
         50 |      1174551 |  -12.44 kcal/mol |  -12.81 +/-    0.12 kcal/mol |       8 |  -13.01 kcal/mol
         55 |      1292610 |  -12.59 kcal/mol |  -12.86 +/-    0.15 kcal/mol |      11 |  -13.01 kcal/mol
         60 |      1410597 |  -12.65 kcal/mol |  -12.97 +/-    0.11 kcal/mol |       6 |  -13.12 kcal/mol
         65 |      1530513 |  -12.68 kcal/mol |  -12.95 +/-    0.15 kcal/mol |       7 |  -13.16 kcal/mol
         70 |      1649872 |  -12.63 kcal/mol |  -12.89 +/-    0.15 kcal/mol |      13 |  -13.16 kcal/mol
         75 |      1768898 |  -12.72 kcal/mol |  -12.94 +/-    0.13 kcal/mol |       9 |  -13.16 kcal/mol
         80 |      1887056 |  -12.72 kcal/mol |  -12.92 +/-    0.13 kcal/mol |      13 |  -13.16 kcal/mol
------------+--------------+------------------+------------------------------+---------+-------------------

                                   Finished evaluation after reaching
                                  -12.92 +/-    0.14 kcal/mol combined.
                             42 samples, best inter + intra   -13.16 kcal/mol.


Shutdown time 0.000664s

Job #1 took 1.111 sec after waiting 4.454 sec for setup

(Thread 0 is processing Job #1)
(Thread 0 is setting up Job #2)

Running Job #2:
    Device: NVIDIA A100-SXM4-40GB
    Grid map file: ./protein.maps.fld
    Ligand file: ./ligand_2_2.pdbqt
    Output file: docking_result_2.dlg (+ xml)
    Using heuristics: (capped) number of evaluations set to 2068966
    Local-search chosen method is: ADADELTA (ad)

Rest of Setup time 0.307132s

Executing docking runs, stopping automatically after either reaching 0.15 kcal/mol standard deviation of
the best molecules of the last 4 * 5 generations, 42000 generations, or 2068966 evaluations:

Generations |  Evaluations |     Threshold    |  Average energy of best 10%  | Samples | Best Inter + Intra
------------+--------------+------------------+------------------------------+---------+-------------------
          0 |          150 |   -1.69 kcal/mol |   -2.61 +/-    0.26 kcal/mol |       4 |   -2.96 kcal/mol
          5 |       118203 |   -1.64 kcal/mol |   -4.57 +/-    1.52 kcal/mol |     814 |  -10.91 kcal/mol
         10 |       234373 |   -4.54 kcal/mol |   -8.96 +/-    1.26 kcal/mol |      41 |  -11.58 kcal/mol
         15 |       355795 |   -8.50 kcal/mol |  -11.31 +/-    0.27 kcal/mol |       4 |  -11.58 kcal/mol
         20 |       477046 |  -10.32 kcal/mol |  -11.42 +/-    0.35 kcal/mol |       5 |  -11.93 kcal/mol
         25 |       599479 |  -10.37 kcal/mol |  -11.53 +/-    0.24 kcal/mol |       5 |  -11.93 kcal/mol
         30 |       722025 |  -10.79 kcal/mol |  -11.66 +/-    0.19 kcal/mol |       9 |  -12.06 kcal/mol
         35 |       844687 |  -11.35 kcal/mol |  -11.75 +/-    0.21 kcal/mol |       4 |  -12.07 kcal/mol
         40 |       966086 |  -10.97 kcal/mol |  -11.76 +/-    0.21 kcal/mol |       6 |  -12.08 kcal/mol
         45 |      1085229 |  -11.24 kcal/mol |  -12.08 +/-    0.14 kcal/mol |       8 |  -12.26 kcal/mol
         50 |      1204687 |  -11.81 kcal/mol |  -12.06 +/-    0.15 kcal/mol |       9 |  -12.28 kcal/mol
         55 |      1327598 |  -11.82 kcal/mol |  -12.25 +/-    0.09 kcal/mol |       7 |  -12.36 kcal/mol
         60 |      1450349 |  -12.06 kcal/mol |  -12.24 +/-    0.09 kcal/mol |       5 |  -12.36 kcal/mol
         65 |      1576109 |  -11.97 kcal/mol |  -12.21 +/-    0.14 kcal/mol |       8 |  -12.42 kcal/mol
         70 |      1702598 |  -11.95 kcal/mol |  -12.30 +/-    0.10 kcal/mol |       6 |  -12.42 kcal/mol
         75 |      1827660 |  -12.04 kcal/mol |  -12.21 +/-    0.13 kcal/mol |       7 |  -12.42 kcal/mol
         80 |      1952408 |  -11.93 kcal/mol |  -12.23 +/-    0.11 kcal/mol |       9 |  -12.42 kcal/mol
------------+--------------+------------------+------------------------------+---------+-------------------

                                   Finished evaluation after reaching
                                  -12.23 +/-    0.13 kcal/mol combined.
                             30 samples, best inter + intra   -12.42 kcal/mol.


Shutdown time 0.000626s

Job #2 took 1.050 sec after waiting 0.041 sec for setup

(Thread 0 is processing Job #2)
(Thread 0 is setting up Job #3)

Running Job #3:
    Device: NVIDIA A100-SXM4-40GB
    Grid map file: ./protein.maps.fld
    Ligand file: ./ligand_3_3.pdbqt
    Output file: docking_result_3.dlg (+ xml)
    Using heuristics: (capped) number of evaluations set to 2068966
    Local-search chosen method is: ADADELTA (ad)

Rest of Setup time 0.309074s

Executing docking runs, stopping automatically after either reaching 0.15 kcal/mol standard deviation of
the best molecules of the last 4 * 5 generations, 42000 generations, or 2068966 evaluations:

Generations |  Evaluations |     Threshold    |  Average energy of best 10%  | Samples | Best Inter + Intra
------------+--------------+------------------+------------------------------+---------+-------------------
          0 |          150 |   -1.86 kcal/mol |   -2.42 +/-    0.19 kcal/mol |       5 |   -2.72 kcal/mol
          5 |       118012 |   -1.86 kcal/mol |   -4.60 +/-    1.48 kcal/mol |     812 |   -9.55 kcal/mol
         10 |       236656 |   -4.57 kcal/mol |   -8.50 +/-    0.80 kcal/mol |      43 |  -10.94 kcal/mol
         15 |       358973 |   -8.22 kcal/mol |  -10.67 +/-    0.68 kcal/mol |      12 |  -11.91 kcal/mol
         20 |       482773 |   -9.82 kcal/mol |  -11.58 +/-    0.39 kcal/mol |       4 |  -12.08 kcal/mol
         25 |       607503 |  -10.13 kcal/mol |  -11.51 +/-    0.30 kcal/mol |      12 |  -12.09 kcal/mol
         30 |       734818 |  -11.14 kcal/mol |  -12.22 +/-    0.31 kcal/mol |       6 |  -12.65 kcal/mol
         35 |       859722 |  -11.45 kcal/mol |  -12.35 +/-    0.32 kcal/mol |       4 |  -12.74 kcal/mol
         40 |       986516 |  -11.14 kcal/mol |  -12.08 +/-    0.30 kcal/mol |      12 |  -12.74 kcal/mol
         45 |      1111700 |  -11.70 kcal/mol |  -12.48 +/-    0.29 kcal/mol |       5 |  -12.74 kcal/mol
         50 |      1238703 |  -11.61 kcal/mol |  -12.49 +/-    0.30 kcal/mol |       5 |  -12.77 kcal/mol
         55 |      1367384 |  -11.61 kcal/mol |  -12.74 +/-    0.05 kcal/mol |       7 |  -12.81 kcal/mol
         60 |      1494655 |  -12.42 kcal/mol |  -12.78 +/-    0.08 kcal/mol |       8 |  -12.98 kcal/mol
         65 |      1622774 |  -12.62 kcal/mol |  -12.78 +/-    0.14 kcal/mol |       7 |  -13.10 kcal/mol
         70 |      1748323 |  -12.49 kcal/mol |  -12.88 +/-    0.17 kcal/mol |      10 |  -13.10 kcal/mol
         75 |      1872773 |  -12.62 kcal/mol |  -13.03 +/-    0.10 kcal/mol |       6 |  -13.10 kcal/mol
         80 |      1998199 |  -12.78 kcal/mol |  -13.01 +/-    0.10 kcal/mol |       6 |  -13.10 kcal/mol
         83 |      2074121 |  -12.76 kcal/mol |  -13.03 +/-    0.10 kcal/mol |      13 |  -13.11 kcal/mol
------------+--------------+------------------+------------------------------+---------+-------------------

                                   Finished evaluation after reaching
                       2074121 evaluations. Best inter + intra   -13.11 kcal/mol.


Shutdown time 0.000800s

Job #3 took 1.068 sec after waiting 0.036 sec for setup

(Thread 0 is processing Job #3)
Run time of entire job set (3 files): 7.795 sec
Savings from multithreading: -0.000 sec
Idle time of execution thread: 4.565 sec

All jobs (3) ran without errors.
