AutoDock-GPU version: v1.6-7-ga46ab564d2ac5f1a1523f65239b43505a1c29364-dirty

Using 1 OpenMP threads

Running 2 docking calculations

Cuda device:                              NVIDIA A100-SXM4-40GB
Available memory on device:               39916 MB (total: 40339 MB)

CUDA Setup time 0.237467s
(Thread 0 is setting up Job #1)

Running Job #1:
    Device: NVIDIA A100-SXM4-40GB
    Grid map file: ./protein.maps.fld
    Ligand file: ./ligand_1_1.pdbqt
    Output file: docking_result_1.dlg (+ xml)
    Using heuristics: (capped) number of evaluations set to 3487417
    Overriding heuristics, setting number of evaluations to --nev = 2500000 instead.
    Local-search chosen method is: ADADELTA (ad)

Rest of Setup time 0.309207s

Executing docking runs, stopping automatically after either reaching 0.15 kcal/mol standard deviation of
the best molecules of the last 4 * 5 generations, 42000 generations, or 2500000 evaluations:

Generations |  Evaluations |     Threshold    |  Average energy of best 10%  | Samples | Best Inter + Intra
------------+--------------+------------------+------------------------------+---------+-------------------
          0 |          150 |   -1.00 kcal/mol |   -2.48 +/-    0.44 kcal/mol |      13 |   -3.83 kcal/mol
          5 |       134354 |   -1.96 kcal/mol |   -5.98 +/-    1.89 kcal/mol |    1096 |  -11.97 kcal/mol
         10 |       269671 |   -5.96 kcal/mol |  -10.59 +/-    0.60 kcal/mol |      40 |  -12.09 kcal/mol
         15 |       408110 |  -10.36 kcal/mol |  -12.00 +/-    0.23 kcal/mol |       6 |  -12.39 kcal/mol
         20 |       549581 |  -11.44 kcal/mol |  -12.41 +/-    0.31 kcal/mol |       9 |  -12.92 kcal/mol
         25 |       690722 |  -11.89 kcal/mol |  -13.04 +/-    0.19 kcal/mol |       6 |  -13.30 kcal/mol
         30 |       831907 |  -12.57 kcal/mol |  -13.36 +/-    0.22 kcal/mol |       8 |  -13.61 kcal/mol
         35 |       972868 |  -12.94 kcal/mol |  -14.72 +/-    1.10 kcal/mol |       4 |  -15.82 kcal/mol
         40 |      1114377 |  -10.60 kcal/mol |  -14.02 +/-    1.10 kcal/mol |      15 |  -15.83 kcal/mol
         45 |      1253675 |  -12.91 kcal/mol |  -15.19 +/-    1.16 kcal/mol |       4 |  -16.74 kcal/mol
         50 |      1392343 |  -10.85 kcal/mol |  -14.15 +/-    1.12 kcal/mol |       7 |  -16.79 kcal/mol
         55 |      1529646 |  -11.75 kcal/mol |  -15.58 +/-    1.17 kcal/mol |       4 |  -16.79 kcal/mol
         60 |      1662531 |  -11.19 kcal/mol |  -14.64 +/-    1.08 kcal/mol |      13 |  -16.79 kcal/mol
         65 |      1798099 |  -13.40 kcal/mol |  -15.69 +/-    1.10 kcal/mol |       4 |  -16.79 kcal/mol
         70 |      1935751 |  -11.57 kcal/mol |  -14.59 +/-    0.93 kcal/mol |      17 |  -16.82 kcal/mol
         75 |      2070950 |  -13.77 kcal/mol |  -16.27 +/-    0.68 kcal/mol |       4 |  -16.82 kcal/mol
         80 |      2207233 |  -13.73 kcal/mol |  -15.72 +/-    0.98 kcal/mol |       4 |  -16.87 kcal/mol
         85 |      2343471 |  -12.06 kcal/mol |  -14.93 +/-    0.78 kcal/mol |      20 |  -16.89 kcal/mol
         90 |      2479478 |  -14.34 kcal/mol |  -16.58 +/-    0.26 kcal/mol |       8 |  -16.89 kcal/mol
         91 |      2506275 |  -16.10 kcal/mol |  -16.60 +/-    0.23 kcal/mol |      13 |  -16.89 kcal/mol
------------+--------------+------------------+------------------------------+---------+-------------------

                                   Finished evaluation after reaching
                       2506275 evaluations. Best inter + intra   -16.89 kcal/mol.


Shutdown time 0.000709s

Job #1 took 1.378 sec after waiting 4.476 sec for setup

(Thread 0 is processing Job #1)
(Thread 0 is setting up Job #2)

Running Job #2:
    Device: NVIDIA A100-SXM4-40GB
    Grid map file: ./protein.maps.fld
    Ligand file: ./ligand_2_2.pdbqt
    Output file: docking_result_2.dlg (+ xml)
    Using heuristics: (capped) number of evaluations set to 2068966
    Local-search chosen method is: ADADELTA (ad)

Rest of Setup time 0.305652s

Executing docking runs, stopping automatically after either reaching 0.15 kcal/mol standard deviation of
the best molecules of the last 4 * 5 generations, 42000 generations, or 2068966 evaluations:

Generations |  Evaluations |     Threshold    |  Average energy of best 10%  | Samples | Best Inter + Intra
------------+--------------+------------------+------------------------------+---------+-------------------
          0 |          150 |   -1.63 kcal/mol |   -1.94 +/-    0.22 kcal/mol |      11 |   -2.51 kcal/mol
          5 |       135101 |   -1.63 kcal/mol |   -5.00 +/-    1.42 kcal/mol |     929 |  -10.95 kcal/mol
         10 |       265069 |   -4.98 kcal/mol |   -8.96 +/-    0.94 kcal/mol |      67 |  -11.31 kcal/mol
         15 |       397652 |   -8.75 kcal/mol |  -11.24 +/-    0.25 kcal/mol |       9 |  -11.56 kcal/mol
         20 |       530270 |  -10.81 kcal/mol |  -11.55 +/-    0.07 kcal/mol |       6 |  -11.65 kcal/mol
         25 |       659420 |  -11.18 kcal/mol |  -11.76 +/-    0.15 kcal/mol |       6 |  -11.98 kcal/mol
         30 |       790359 |  -11.37 kcal/mol |  -11.78 +/-    0.17 kcal/mol |       5 |  -11.98 kcal/mol
         35 |       919387 |  -11.27 kcal/mol |  -11.54 +/-    0.21 kcal/mol |       8 |  -11.98 kcal/mol
         40 |      1047602 |  -11.16 kcal/mol |  -11.76 +/-    0.18 kcal/mol |      10 |  -11.98 kcal/mol
         45 |      1175135 |  -11.48 kcal/mol |  -11.68 +/-    0.13 kcal/mol |      12 |  -11.98 kcal/mol
         50 |      1300864 |  -11.52 kcal/mol |  -11.81 +/-    0.25 kcal/mol |       9 |  -12.42 kcal/mol
         55 |      1425859 |  -11.40 kcal/mol |  -12.16 +/-    0.24 kcal/mol |       7 |  -12.43 kcal/mol
         60 |      1548911 |  -11.65 kcal/mol |  -11.84 +/-    0.22 kcal/mol |      10 |  -12.43 kcal/mol
         65 |      1673183 |  -11.51 kcal/mol |  -12.09 +/-    0.21 kcal/mol |       4 |  -12.45 kcal/mol
         70 |      1795217 |  -11.30 kcal/mol |  -11.81 +/-    0.22 kcal/mol |      16 |  -12.45 kcal/mol
         75 |      1917499 |  -11.60 kcal/mol |  -11.84 +/-    0.22 kcal/mol |      11 |  -12.45 kcal/mol
         80 |      2040053 |  -11.54 kcal/mol |  -11.92 +/-    0.22 kcal/mol |      25 |  -12.45 kcal/mol
         82 |      2089139 |  -11.78 kcal/mol |  -12.29 +/-    0.18 kcal/mol |      13 |  -12.45 kcal/mol
------------+--------------+------------------+------------------------------+---------+-------------------

                                   Finished evaluation after reaching
                       2089139 evaluations. Best inter + intra   -12.45 kcal/mol.


Shutdown time 0.000691s

Job #2 took 0.971 sec after waiting 0.047 sec for setup

(Thread 0 is processing Job #2)
Run time of entire job set (2 files): 6.901 sec
Savings from multithreading: -0.000 sec
Idle time of execution thread: 4.551 sec

All jobs (2) ran without errors.
