AutoDock-GPU version: v1.6-7-ga46ab564d2ac5f1a1523f65239b43505a1c29364-dirty

Running 1 docking calculation

Cuda device:                              NVIDIA A100-SXM4-40GB
Available memory on device:               39916 MB (total: 40339 MB)

CUDA Setup time 0.230583s
(Thread 0 is setting up Job #1)

Running Job #1
    Using heuristics: (capped) number of evaluations set to 3487417
    Overriding heuristics, setting number of evaluations to --nev = 2500000 instead.
    Local-search chosen method is: ADADELTA (ad)

Rest of Setup time 0.307501s

Executing docking runs, stopping automatically after either reaching 0.15 kcal/mol standard deviation of
the best molecules of the last 4 * 5 generations, 42000 generations, or 2500000 evaluations:

Generations |  Evaluations |     Threshold    |  Average energy of best 10%  | Samples | Best Inter + Intra
------------+--------------+------------------+------------------------------+---------+-------------------
          0 |          150 |   -1.58 kcal/mol |   -2.66 +/-    0.32 kcal/mol |       4 |   -3.14 kcal/mol
          5 |       126812 |   -1.48 kcal/mol |   -6.21 +/-    1.93 kcal/mol |    1108 |  -13.31 kcal/mol
         10 |       256311 |   -6.18 kcal/mol |  -10.98 +/-    0.76 kcal/mol |      55 |  -13.54 kcal/mol
         15 |       388689 |  -10.77 kcal/mol |  -13.26 +/-    0.74 kcal/mol |       7 |  -14.17 kcal/mol
         20 |       521733 |  -11.68 kcal/mol |  -13.95 +/-    0.47 kcal/mol |      10 |  -14.72 kcal/mol
         25 |       657229 |  -13.24 kcal/mol |  -14.69 +/-    0.49 kcal/mol |       4 |  -15.48 kcal/mol
         30 |       792190 |  -12.86 kcal/mol |  -14.34 +/-    0.60 kcal/mol |      12 |  -15.49 kcal/mol
         35 |       926858 |  -13.59 kcal/mol |  -15.19 +/-    0.39 kcal/mol |       4 |  -15.49 kcal/mol
         40 |      1062148 |  -13.73 kcal/mol |  -15.28 +/-    0.33 kcal/mol |      10 |  -15.69 kcal/mol
         45 |      1196520 |  -14.79 kcal/mol |  -15.49 +/-    0.18 kcal/mol |       6 |  -15.73 kcal/mol
         50 |      1330186 |  -15.04 kcal/mol |  -15.51 +/-    0.16 kcal/mol |       9 |  -15.74 kcal/mol
         55 |      1465512 |  -15.24 kcal/mol |  -15.47 +/-    0.18 kcal/mol |       7 |  -15.78 kcal/mol
         60 |      1595625 |  -15.09 kcal/mol |  -15.67 +/-    0.18 kcal/mol |       4 |  -15.83 kcal/mol
         65 |      1727658 |  -15.00 kcal/mol |  -15.55 +/-    0.19 kcal/mol |       7 |  -15.83 kcal/mol
         70 |      1858735 |  -15.13 kcal/mol |  -15.72 +/-    0.11 kcal/mol |       8 |  -15.83 kcal/mol
         75 |      1990718 |  -15.51 kcal/mol |  -15.93 +/-    0.11 kcal/mol |       5 |  -16.10 kcal/mol
         80 |      2125792 |  -15.59 kcal/mol |  -16.12 +/-    0.16 kcal/mol |       8 |  -16.44 kcal/mol
         85 |      2261223 |  -15.82 kcal/mol |  -16.14 +/-    0.15 kcal/mol |       8 |  -16.48 kcal/mol
         90 |      2394471 |  -15.87 kcal/mol |  -16.19 +/-    0.17 kcal/mol |       4 |  -16.48 kcal/mol
         94 |      2504186 |  -15.54 kcal/mol |  -16.20 +/-    0.20 kcal/mol |      10 |  -16.50 kcal/mol
------------+--------------+------------------+------------------------------+---------+-------------------

                                   Finished evaluation after reaching
                       2504186 evaluations. Best inter + intra   -16.50 kcal/mol.


Shutdown time 0.000673s

Job #1 took 1.639 sec after waiting 4.467 sec for setup

(Thread 0 is processing Job #1)
Run time of entire job set (1 file): 6.168 sec
Processing time: 0.062 sec

All jobs (1) ran without errors.
