AutoDock-GPU version: v1.6-7-ga46ab564d2ac5f1a1523f65239b43505a1c29364-dirty

Using 1 OpenMP threads

Running 3 docking calculations

Cuda device:                              NVIDIA A100-SXM4-40GB
Available memory on device:               39916 MB (total: 40339 MB)

CUDA Setup time 0.233860s
(Thread 0 is setting up Job #1)

Running Job #1:
    Device: NVIDIA A100-SXM4-40GB
    Grid map file: ./protein.maps.fld
    Ligand file: ./ligand_1_1.pdbqt
    Output file: docking_result_1.dlg (+ xml)
    Using heuristics: (capped) number of evaluations set to 2068966
    Local-search chosen method is: ADADELTA (ad)

Rest of Setup time 0.309635s

Executing docking runs, stopping automatically after either reaching 0.15 kcal/mol standard deviation of
the best molecules of the last 4 * 5 generations, 42000 generations, or 2068966 evaluations:

Generations |  Evaluations |     Threshold    |  Average energy of best 10%  | Samples | Best Inter + Intra
------------+--------------+------------------+------------------------------+---------+-------------------
          0 |          150 |   -1.72 kcal/mol |   -3.01 +/-    0.68 kcal/mol |       4 |   -4.15 kcal/mol
          5 |       138457 |   -0.46 kcal/mol |   -4.96 +/-    1.64 kcal/mol |    1023 |  -10.48 kcal/mol
         10 |       269390 |   -4.93 kcal/mol |   -9.52 +/-    1.05 kcal/mol |      49 |  -12.57 kcal/mol
         15 |       402651 |   -9.20 kcal/mol |  -12.43 +/-    0.42 kcal/mol |       5 |  -12.80 kcal/mol
         20 |       537194 |  -11.15 kcal/mol |  -12.15 +/-    0.48 kcal/mol |       4 |  -12.81 kcal/mol
         25 |       671489 |  -10.37 kcal/mol |  -12.05 +/-    0.73 kcal/mol |      11 |  -13.29 kcal/mol
         30 |       805874 |  -11.06 kcal/mol |  -13.29 +/-    0.10 kcal/mol |       4 |  -13.39 kcal/mol
         35 |       939723 |  -12.90 kcal/mol |  -13.42 +/-    0.05 kcal/mol |       3 |  -13.45 kcal/mol
         40 |      1072078 |  -12.67 kcal/mol |  -13.52 +/-    0.05 kcal/mol |       5 |  -13.57 kcal/mol
         45 |      1202145 |  -13.07 kcal/mol |  -13.47 +/-    0.06 kcal/mol |       4 |  -13.57 kcal/mol
         50 |      1331882 |  -12.91 kcal/mol |  -13.48 +/-    0.09 kcal/mol |       7 |  -13.59 kcal/mol
         55 |      1462966 |  -13.28 kcal/mol |  -13.54 +/-    0.05 kcal/mol |       2 |  -13.59 kcal/mol
         60 |      1591844 |  -12.41 kcal/mol |  -13.20 +/-    0.34 kcal/mol |       4 |  -13.59 kcal/mol
         65 |      1723023 |  -11.93 kcal/mol |  -13.06 +/-    0.35 kcal/mol |       9 |  -13.59 kcal/mol
         70 |      1852810 |  -12.48 kcal/mol |  -13.49 +/-    0.10 kcal/mol |       7 |  -13.61 kcal/mol
         75 |      1983836 |  -13.27 kcal/mol |  -13.55 +/-    0.07 kcal/mol |       6 |  -13.61 kcal/mol
         79 |      2089610 |  -13.17 kcal/mol |  -13.53 +/-    0.08 kcal/mol |      13 |  -13.62 kcal/mol
------------+--------------+------------------+------------------------------+---------+-------------------

                                   Finished evaluation after reaching
                       2089610 evaluations. Best inter + intra   -13.62 kcal/mol.


Shutdown time 0.000633s

Job #1 took 0.957 sec after waiting 4.472 sec for setup

(Thread 0 is processing Job #1)
(Thread 0 is setting up Job #2)

Running Job #2:
    Device: NVIDIA A100-SXM4-40GB
    Grid map file: ./protein.maps.fld
    Ligand file: ./ligand_2_2.pdbqt
    Output file: docking_result_2.dlg (+ xml)
    Using heuristics: (capped) number of evaluations set to 2068966
    Local-search chosen method is: ADADELTA (ad)

Rest of Setup time 0.304130s

Executing docking runs, stopping automatically after either reaching 0.15 kcal/mol standard deviation of
the best molecules of the last 4 * 5 generations, 42000 generations, or 2068966 evaluations:

Generations |  Evaluations |     Threshold    |  Average energy of best 10%  | Samples | Best Inter + Intra
------------+--------------+------------------+------------------------------+---------+-------------------
          0 |          150 |   -2.04 kcal/mol |   -2.41 +/-    0.17 kcal/mol |       7 |   -2.70 kcal/mol
          5 |       135571 |   -2.04 kcal/mol |   -5.31 +/-    1.40 kcal/mol |     888 |  -10.69 kcal/mol
         10 |       264995 |   -5.29 kcal/mol |   -8.92 +/-    0.75 kcal/mol |      56 |  -11.64 kcal/mol
         15 |       398109 |   -8.72 kcal/mol |  -10.85 +/-    0.40 kcal/mol |      10 |  -11.64 kcal/mol
         20 |       532148 |  -10.25 kcal/mol |  -11.40 +/-    0.14 kcal/mol |       5 |  -11.64 kcal/mol
         25 |       666212 |  -10.97 kcal/mol |  -11.50 +/-    0.15 kcal/mol |       7 |  -11.64 kcal/mol
         30 |       799941 |  -11.17 kcal/mol |  -12.29 +/-    0.80 kcal/mol |       8 |  -13.32 kcal/mol
         35 |       931979 |  -10.79 kcal/mol |  -12.31 +/-    0.71 kcal/mol |       4 |  -13.50 kcal/mol
         40 |      1063322 |   -9.64 kcal/mol |  -11.82 +/-    0.86 kcal/mol |      11 |  -13.50 kcal/mol
         45 |      1191906 |  -10.64 kcal/mol |  -12.33 +/-    0.70 kcal/mol |       4 |  -13.50 kcal/mol
         50 |      1321362 |   -9.69 kcal/mol |  -11.92 +/-    0.60 kcal/mol |      15 |  -13.50 kcal/mol
         55 |      1450450 |  -11.33 kcal/mol |  -13.08 +/-    0.43 kcal/mol |       4 |  -13.50 kcal/mol
         60 |      1576249 |  -11.47 kcal/mol |  -12.86 +/-    0.63 kcal/mol |       4 |  -13.50 kcal/mol
         65 |      1704190 |  -10.49 kcal/mol |  -12.49 +/-    0.69 kcal/mol |      13 |  -13.50 kcal/mol
         70 |      1832671 |  -11.70 kcal/mol |  -13.51 +/-    0.01 kcal/mol |       6 |  -13.53 kcal/mol
         75 |      1960168 |  -13.14 kcal/mol |  -13.50 +/-    0.02 kcal/mol |       5 |  -13.53 kcal/mol
         80 |      2089517 |  -13.05 kcal/mol |  -13.50 +/-    0.03 kcal/mol |      13 |  -13.53 kcal/mol
------------+--------------+------------------+------------------------------+---------+-------------------

                                   Finished evaluation after reaching
                       2089517 evaluations. Best inter + intra   -13.53 kcal/mol.


Shutdown time 0.000645s

Job #2 took 0.986 sec after waiting 0.027 sec for setup

(Thread 0 is processing Job #2)
(Thread 0 is setting up Job #3)

Running Job #3:
    Device: NVIDIA A100-SXM4-40GB
    Grid map file: ./protein.maps.fld
    Ligand file: ./ligand_3_3.pdbqt
    Output file: docking_result_3.dlg (+ xml)
    Using heuristics: (capped) number of evaluations set to 2280181
    Local-search chosen method is: ADADELTA (ad)

Rest of Setup time 0.306705s

Executing docking runs, stopping automatically after either reaching 0.15 kcal/mol standard deviation of
the best molecules of the last 4 * 5 generations, 42000 generations, or 2280181 evaluations:

Generations |  Evaluations |     Threshold    |  Average energy of best 10%  | Samples | Best Inter + Intra
------------+--------------+------------------+------------------------------+---------+-------------------
          0 |          150 |   -1.74 kcal/mol |   -2.22 +/-    0.16 kcal/mol |       5 |   -2.44 kcal/mol
          5 |       132459 |   -1.74 kcal/mol |   -4.94 +/-    1.68 kcal/mol |    1069 |   -9.91 kcal/mol
         10 |       262218 |   -4.92 kcal/mol |   -9.30 +/-    0.79 kcal/mol |      46 |  -11.95 kcal/mol
         15 |       394208 |   -9.05 kcal/mol |  -11.56 +/-    0.49 kcal/mol |       5 |  -11.95 kcal/mol
         20 |       526413 |  -10.10 kcal/mol |  -11.92 +/-    0.74 kcal/mol |       7 |  -13.12 kcal/mol
         25 |       660220 |  -10.34 kcal/mol |  -12.50 +/-    0.65 kcal/mol |       4 |  -13.12 kcal/mol
         30 |       795571 |  -10.08 kcal/mol |  -11.93 +/-    0.58 kcal/mol |      13 |  -13.12 kcal/mol
         35 |       928021 |  -11.26 kcal/mol |  -12.69 +/-    0.43 kcal/mol |       4 |  -13.14 kcal/mol
         40 |      1059963 |  -11.06 kcal/mol |  -12.47 +/-    0.39 kcal/mol |      13 |  -13.14 kcal/mol
         45 |      1191414 |  -12.02 kcal/mol |  -12.76 +/-    0.32 kcal/mol |       5 |  -13.18 kcal/mol
         50 |      1321378 |  -11.79 kcal/mol |  -13.01 +/-    0.17 kcal/mol |      10 |  -13.18 kcal/mol
         55 |      1451941 |  -12.75 kcal/mol |  -12.97 +/-    0.14 kcal/mol |      16 |  -13.19 kcal/mol
         60 |      1579022 |  -12.84 kcal/mol |  -13.08 +/-    0.09 kcal/mol |       5 |  -13.19 kcal/mol
         65 |      1707167 |  -12.82 kcal/mol |  -13.02 +/-    0.14 kcal/mol |       6 |  -13.19 kcal/mol
         70 |      1834149 |  -12.68 kcal/mol |  -13.07 +/-    0.11 kcal/mol |      13 |  -13.20 kcal/mol
         75 |      1962950 |  -12.95 kcal/mol |  -13.12 +/-    0.08 kcal/mol |       5 |  -13.20 kcal/mol
         80 |      2091285 |  -12.88 kcal/mol |  -13.04 +/-    0.11 kcal/mol |      10 |  -13.20 kcal/mol
------------+--------------+------------------+------------------------------+---------+-------------------

                                   Finished evaluation after reaching
                                  -13.06 +/-    0.11 kcal/mol combined.
                             34 samples, best inter + intra   -13.20 kcal/mol.


Shutdown time 0.000602s

Job #3 took 1.021 sec after waiting 0.031 sec for setup

(Thread 0 is processing Job #3)
Run time of entire job set (3 files): 7.530 sec
Savings from multithreading: -0.000 sec
Idle time of execution thread: 4.565 sec

All jobs (3) ran without errors.
