AutoDock-GPU version: v1.6-7-ga46ab564d2ac5f1a1523f65239b43505a1c29364-dirty

Running 1 docking calculation

Cuda device:                              NVIDIA A100-SXM4-40GB
Available memory on device:               39916 MB (total: 40339 MB)

CUDA Setup time 0.233126s
(Thread 0 is setting up Job #1)

Running Job #1
    Using heuristics: (capped) number of evaluations set to 7266276
    Overriding heuristics, setting number of evaluations to --nev = 2500000 instead.
    Warning: The set number of evals is 13.57% of the uncapped heuristics estimate of 18420020 evals.
             This means this docking may not be able to converge. Increasing --heurmax may improve
             convergence but will also increase runtime.
             AutoStop will not stop before 66.37% (1659273) of the set number of evaluations.
    Local-search chosen method is: ADADELTA (ad)

Rest of Setup time 0.309451s

Executing docking runs, stopping automatically after either reaching 0.15 kcal/mol standard deviation of
the best molecules of the last 4 * 5 generations, 42000 generations, or 2500000 evaluations:

Generations |  Evaluations |     Threshold    |  Average energy of best 10%  | Samples | Best Inter + Intra
------------+--------------+------------------+------------------------------+---------+-------------------
          0 |          150 |  350.93 kcal/mol |  172.08 +/-   47.69 kcal/mol |       4 |  118.40 kcal/mol
          5 |       118012 |  350.93 kcal/mol |    9.47 +/-   25.79 kcal/mol |    1151 |   -9.68 kcal/mol
         10 |       228383 |    9.80 kcal/mol |   -9.89 +/-    0.25 kcal/mol |       4 |  -10.30 kcal/mol
         15 |       340030 |   -8.97 kcal/mol |   -9.98 +/-    0.64 kcal/mol |       9 |  -11.49 kcal/mol
         20 |       453058 |   -8.90 kcal/mol |  -11.83 +/-    0.84 kcal/mol |       5 |  -12.62 kcal/mol
         25 |       564868 |   -9.31 kcal/mol |  -12.02 +/-    0.67 kcal/mol |       4 |  -12.62 kcal/mol
         30 |       673537 |   -9.52 kcal/mol |  -12.03 +/-    1.09 kcal/mol |      13 |  -13.74 kcal/mol
         35 |       778635 |  -10.78 kcal/mol |  -13.20 +/-    0.33 kcal/mol |       4 |  -13.74 kcal/mol
         40 |       882794 |  -11.96 kcal/mol |  -13.48 +/-    0.26 kcal/mol |       6 |  -13.74 kcal/mol
         45 |       982878 |  -12.83 kcal/mol |  -13.48 +/-    0.26 kcal/mol |       4 |  -13.74 kcal/mol
         50 |      1081640 |  -12.50 kcal/mol |  -13.55 +/-    0.36 kcal/mol |       5 |  -13.98 kcal/mol
         55 |      1179612 |  -12.46 kcal/mol |  -13.09 +/-    0.64 kcal/mol |       6 |  -13.98 kcal/mol
         60 |      1276172 |  -11.48 kcal/mol |  -13.39 +/-    0.59 kcal/mol |       4 |  -13.98 kcal/mol
         65 |      1371963 |  -11.16 kcal/mol |  -12.96 +/-    0.67 kcal/mol |       7 |  -13.98 kcal/mol
         70 |      1467335 |  -11.51 kcal/mol |  -13.63 +/-    0.34 kcal/mol |       5 |  -13.98 kcal/mol
         75 |      1562089 |  -12.60 kcal/mol |  -13.84 +/-    0.40 kcal/mol |       4 |  -14.31 kcal/mol
         80 |      1654408 |  -12.35 kcal/mol |  -13.78 +/-    0.39 kcal/mol |       6 |  -14.31 kcal/mol
         85 |      1745765 |  -12.80 kcal/mol |  -14.10 +/-    0.20 kcal/mol |       6 |  -14.31 kcal/mol
         90 |      1836950 |  -13.61 kcal/mol |  -14.11 +/-    0.19 kcal/mol |       4 |  -14.31 kcal/mol
         95 |      1927776 |  -13.41 kcal/mol |  -14.08 +/-    0.19 kcal/mol |       5 |  -14.31 kcal/mol
        100 |      2018442 |  -13.51 kcal/mol |  -14.21 +/-    0.13 kcal/mol |       5 |  -14.31 kcal/mol
        105 |      2106992 |  -13.82 kcal/mol |  -14.22 +/-    0.14 kcal/mol |       4 |  -14.31 kcal/mol
        110 |      2194932 |  -13.70 kcal/mol |  -14.24 +/-    0.15 kcal/mol |       4 |  -14.36 kcal/mol
        115 |      2280834 |  -13.67 kcal/mol |  -14.06 +/-    0.22 kcal/mol |       6 |  -14.37 kcal/mol
        120 |      2366256 |  -13.52 kcal/mol |  -14.16 +/-    0.18 kcal/mol |       5 |  -14.37 kcal/mol
        125 |      2451755 |  -13.61 kcal/mol |  -14.31 +/-    0.12 kcal/mol |       4 |  -14.40 kcal/mol
        128 |      2502968 |  -13.87 kcal/mol |  -14.42 +/-    0.24 kcal/mol |       9 |  -15.05 kcal/mol
------------+--------------+------------------+------------------------------+---------+-------------------

                                   Finished evaluation after reaching
                       2502968 evaluations. Best inter + intra   -15.05 kcal/mol.


Shutdown time 0.000703s

Job #1 took 1.838 sec after waiting 4.457 sec for setup

(Thread 0 is processing Job #1)
Run time of entire job set (1 file): 6.356 sec
Processing time: 0.061 sec

All jobs (1) ran without errors.
