AutoDock-GPU version: v1.6-7-ga46ab564d2ac5f1a1523f65239b43505a1c29364-dirty

Using 1 OpenMP threads

Running 3 docking calculations

Cuda device:                              NVIDIA A100-SXM4-40GB
Available memory on device:               39916 MB (total: 40339 MB)

CUDA Setup time 0.236381s
(Thread 0 is setting up Job #1)

Running Job #1:
    Device: NVIDIA A100-SXM4-40GB
    Grid map file: ./protein.maps.fld
    Ligand file: ./ligand_1_1.pdbqt
    Output file: docking_result_1.dlg (+ xml)
    Using heuristics: (capped) number of evaluations set to 2845257
    Overriding heuristics, setting number of evaluations to --nev = 2500000 instead.
    Local-search chosen method is: ADADELTA (ad)

Rest of Setup time 0.309145s

Executing docking runs, stopping automatically after either reaching 0.15 kcal/mol standard deviation of
the best molecules of the last 4 * 5 generations, 42000 generations, or 2500000 evaluations:

Generations |  Evaluations |     Threshold    |  Average energy of best 10%  | Samples | Best Inter + Intra
------------+--------------+------------------+------------------------------+---------+-------------------
          0 |          150 |   -0.89 kcal/mol |   -2.02 +/-    0.36 kcal/mol |       8 |   -2.89 kcal/mol
          5 |       126024 |   -1.33 kcal/mol |   -6.39 +/-    1.98 kcal/mol |    1038 |  -12.29 kcal/mol
         10 |       252967 |   -6.36 kcal/mol |  -11.52 +/-    0.83 kcal/mol |      41 |  -13.65 kcal/mol
         15 |       381635 |  -11.22 kcal/mol |  -13.41 +/-    0.33 kcal/mol |       6 |  -14.01 kcal/mol
         20 |       514480 |  -12.59 kcal/mol |  -13.99 +/-    0.21 kcal/mol |       4 |  -14.25 kcal/mol
         25 |       648545 |  -13.20 kcal/mol |  -14.02 +/-    0.22 kcal/mol |       5 |  -14.25 kcal/mol
         30 |       786447 |  -13.36 kcal/mol |  -14.24 +/-    0.32 kcal/mol |       8 |  -14.91 kcal/mol
         35 |       923973 |  -13.64 kcal/mol |  -14.44 +/-    0.27 kcal/mol |       6 |  -14.98 kcal/mol
         40 |      1061028 |  -13.75 kcal/mol |  -14.36 +/-    0.29 kcal/mol |       7 |  -15.01 kcal/mol
         45 |      1197290 |  -13.74 kcal/mol |  -14.78 +/-    0.18 kcal/mol |       9 |  -15.11 kcal/mol
         50 |      1333796 |  -14.48 kcal/mol |  -15.08 +/-    0.14 kcal/mol |       6 |  -15.25 kcal/mol
         55 |      1470500 |  -14.73 kcal/mol |  -15.07 +/-    0.15 kcal/mol |      10 |  -15.25 kcal/mol
         60 |      1603753 |  -14.85 kcal/mol |  -15.16 +/-    0.08 kcal/mol |       6 |  -15.25 kcal/mol
         65 |      1739723 |  -14.96 kcal/mol |  -15.18 +/-    0.07 kcal/mol |       6 |  -15.25 kcal/mol
------------+--------------+------------------+------------------------------+---------+-------------------

                                   Finished evaluation after reaching
                                  -15.12 +/-    0.13 kcal/mol combined.
                             28 samples, best inter + intra   -15.25 kcal/mol.


Shutdown time 0.000658s

Job #1 took 1.259 sec after waiting 4.524 sec for setup

(Thread 0 is processing Job #1)
(Thread 0 is setting up Job #2)

Running Job #2:
    Device: NVIDIA A100-SXM4-40GB
    Grid map file: ./protein.maps.fld
    Ligand file: ./ligand_2_2.pdbqt
    Output file: docking_result_2.dlg (+ xml)
    Using heuristics: (capped) number of evaluations set to 2068966
    Local-search chosen method is: ADADELTA (ad)

Rest of Setup time 0.301918s

Executing docking runs, stopping automatically after either reaching 0.15 kcal/mol standard deviation of
the best molecules of the last 4 * 5 generations, 42000 generations, or 2068966 evaluations:

Generations |  Evaluations |     Threshold    |  Average energy of best 10%  | Samples | Best Inter + Intra
------------+--------------+------------------+------------------------------+---------+-------------------
          0 |          150 |   -2.34 kcal/mol |   -2.89 +/-    0.19 kcal/mol |       5 |   -3.12 kcal/mol
          5 |       120668 |   -2.34 kcal/mol |   -5.33 +/-    1.53 kcal/mol |     813 |  -10.79 kcal/mol
         10 |       242532 |   -5.31 kcal/mol |   -9.39 +/-    0.97 kcal/mol |      41 |  -12.02 kcal/mol
         15 |       368273 |   -9.04 kcal/mol |  -11.54 +/-    0.29 kcal/mol |       8 |  -12.02 kcal/mol
         20 |       495159 |  -11.00 kcal/mol |  -11.73 +/-    0.18 kcal/mol |       8 |  -12.02 kcal/mol
         25 |       622958 |  -11.38 kcal/mol |  -12.03 +/-    0.38 kcal/mol |       5 |  -12.76 kcal/mol
         30 |       752445 |  -10.91 kcal/mol |  -12.24 +/-    0.37 kcal/mol |      10 |  -12.78 kcal/mol
         35 |       881245 |  -11.69 kcal/mol |  -12.45 +/-    0.54 kcal/mol |       6 |  -13.36 kcal/mol
         40 |      1010250 |  -11.10 kcal/mol |  -12.69 +/-    0.41 kcal/mol |       6 |  -13.36 kcal/mol
         45 |      1139004 |  -11.66 kcal/mol |  -13.14 +/-    0.30 kcal/mol |       5 |  -13.40 kcal/mol
         50 |      1267952 |  -12.24 kcal/mol |  -13.33 +/-    0.20 kcal/mol |       7 |  -13.59 kcal/mol
         55 |      1394018 |  -12.90 kcal/mol |  -13.51 +/-    0.09 kcal/mol |       6 |  -13.59 kcal/mol
         60 |      1520011 |  -13.29 kcal/mol |  -13.55 +/-    0.13 kcal/mol |       7 |  -13.71 kcal/mol
         65 |      1648264 |  -13.27 kcal/mol |  -13.66 +/-    0.20 kcal/mol |       5 |  -13.89 kcal/mol
         70 |      1777268 |  -13.07 kcal/mol |  -13.60 +/-    0.20 kcal/mol |       4 |  -13.92 kcal/mol
         75 |      1905893 |  -12.85 kcal/mol |  -13.66 +/-    0.17 kcal/mol |       4 |  -13.92 kcal/mol
         80 |      2035016 |  -13.01 kcal/mol |  -13.65 +/-    0.17 kcal/mol |       4 |  -13.92 kcal/mol
         82 |      2086518 |  -12.99 kcal/mol |  -13.65 +/-    0.19 kcal/mol |       7 |  -13.92 kcal/mol
------------+--------------+------------------+------------------------------+---------+-------------------

                                   Finished evaluation after reaching
                       2086518 evaluations. Best inter + intra   -13.92 kcal/mol.


Shutdown time 0.000646s

Job #2 took 1.136 sec after waiting 0.066 sec for setup

(Thread 0 is processing Job #2)
(Thread 0 is setting up Job #3)

Running Job #3:
    Device: NVIDIA A100-SXM4-40GB
    Grid map file: ./protein.maps.fld
    Ligand file: ./ligand_3_3.pdbqt
    Output file: docking_result_3.dlg (+ xml)
    Using heuristics: (capped) number of evaluations set to 2068966
    Local-search chosen method is: ADADELTA (ad)

Rest of Setup time 0.302179s

Executing docking runs, stopping automatically after either reaching 0.15 kcal/mol standard deviation of
the best molecules of the last 4 * 5 generations, 42000 generations, or 2068966 evaluations:

Generations |  Evaluations |     Threshold    |  Average energy of best 10%  | Samples | Best Inter + Intra
------------+--------------+------------------+------------------------------+---------+-------------------
          0 |          150 |   -1.67 kcal/mol |   -2.16 +/-    0.23 kcal/mol |       7 |   -2.64 kcal/mol
          5 |       132373 |   -1.67 kcal/mol |   -4.90 +/-    1.49 kcal/mol |     949 |  -11.54 kcal/mol
         10 |       259964 |   -4.88 kcal/mol |   -9.13 +/-    1.06 kcal/mol |      45 |  -12.09 kcal/mol
         15 |       389751 |   -8.78 kcal/mol |  -11.58 +/-    0.73 kcal/mol |       4 |  -12.10 kcal/mol
         20 |       521244 |   -8.85 kcal/mol |  -11.34 +/-    0.63 kcal/mol |      10 |  -12.10 kcal/mol
         25 |       648879 |  -10.39 kcal/mol |  -12.04 +/-    0.08 kcal/mol |       4 |  -12.11 kcal/mol
         30 |       776273 |  -11.73 kcal/mol |  -12.07 +/-    0.12 kcal/mol |       7 |  -12.29 kcal/mol
         35 |       902432 |  -11.82 kcal/mol |  -12.47 +/-    0.28 kcal/mol |       4 |  -12.87 kcal/mol
         40 |      1028300 |  -11.40 kcal/mol |  -12.33 +/-    0.25 kcal/mol |      14 |  -12.87 kcal/mol
         45 |      1153126 |  -12.06 kcal/mol |  -12.90 +/-    0.05 kcal/mol |       5 |  -12.94 kcal/mol
         50 |      1276628 |  -12.45 kcal/mol |  -12.89 +/-    0.21 kcal/mol |       4 |  -13.07 kcal/mol
         55 |      1399412 |  -12.10 kcal/mol |  -12.49 +/-    0.22 kcal/mol |      23 |  -13.07 kcal/mol
         60 |      1519433 |  -12.35 kcal/mol |  -12.57 +/-    0.18 kcal/mol |      10 |  -13.10 kcal/mol
         65 |      1643124 |  -12.31 kcal/mol |  -12.93 +/-    0.12 kcal/mol |       4 |  -13.10 kcal/mol
         70 |      1762869 |  -12.48 kcal/mol |  -12.97 +/-    0.10 kcal/mol |       4 |  -13.10 kcal/mol
         75 |      1879847 |  -12.60 kcal/mol |  -12.91 +/-    0.15 kcal/mol |       8 |  -13.10 kcal/mol
         80 |      1998959 |  -12.63 kcal/mol |  -12.88 +/-    0.15 kcal/mol |      10 |  -13.10 kcal/mol
------------+--------------+------------------+------------------------------+---------+-------------------

                                   Finished evaluation after reaching
                                  -12.91 +/-    0.14 kcal/mol combined.
                             26 samples, best inter + intra   -13.10 kcal/mol.


Shutdown time 0.000617s

Job #3 took 0.964 sec after waiting 0.042 sec for setup

(Thread 0 is processing Job #3)
Run time of entire job set (3 files): 8.024 sec
Savings from multithreading: -0.001 sec
Idle time of execution thread: 4.665 sec

All jobs (3) ran without errors.
