AutoDock-GPU version: v1.6-7-ga46ab564d2ac5f1a1523f65239b43505a1c29364-dirty

Using 1 OpenMP threads

Running 10 docking calculations

Cuda device:                              NVIDIA A100-SXM4-40GB
Available memory on device:               33585 MB (total: 40339 MB)

CUDA Setup time 0.174988s
(Thread 0 is setting up Job #1)

Running Job #1:
    Device: NVIDIA A100-SXM4-40GB
    Grid map file: ./protein.maps.fld
    Ligand file: ./ligand_1_1.pdbqt
    Output file: docking_result_1.dlg (+ xml)
    Using heuristics: (capped) number of evaluations set to 2280181
    Local-search chosen method is: ADADELTA (ad)

Rest of Setup time 0.323994s

Executing docking runs, stopping automatically after either reaching 0.15 kcal/mol standard deviation of
the best molecules of the last 4 * 5 generations, 42000 generations, or 2280181 evaluations:

Generations |  Evaluations |     Threshold    |  Average energy of best 10%  | Samples | Best Inter + Intra
------------+--------------+------------------+------------------------------+---------+-------------------
          0 |          150 |   -0.15 kcal/mol |   -2.24 +/-    0.65 kcal/mol |      17 |   -4.46 kcal/mol
          5 |       143793 |   -1.67 kcal/mol |   -5.58 +/-    1.44 kcal/mol |     906 |  -11.14 kcal/mol
         10 |       282705 |   -5.56 kcal/mol |   -9.21 +/-    0.63 kcal/mol |      54 |  -11.21 kcal/mol
         15 |       424851 |   -9.04 kcal/mol |  -10.98 +/-    0.33 kcal/mol |      10 |  -11.34 kcal/mol
         20 |       565736 |  -10.48 kcal/mol |  -11.31 +/-    0.17 kcal/mol |       6 |  -11.53 kcal/mol
         25 |       705138 |  -10.90 kcal/mol |  -11.51 +/-    0.27 kcal/mol |      10 |  -12.23 kcal/mol
         30 |       843735 |  -11.11 kcal/mol |  -11.71 +/-    0.21 kcal/mol |      12 |  -12.24 kcal/mol
         35 |       979565 |  -11.44 kcal/mol |  -11.88 +/-    0.15 kcal/mol |       8 |  -12.25 kcal/mol
         40 |      1115215 |  -11.60 kcal/mol |  -11.87 +/-    0.17 kcal/mol |       8 |  -12.26 kcal/mol
         45 |      1250329 |  -11.55 kcal/mol |  -12.02 +/-    0.18 kcal/mol |       8 |  -12.26 kcal/mol
         50 |      1383647 |  -11.69 kcal/mol |  -11.92 +/-    0.19 kcal/mol |      20 |  -12.27 kcal/mol
         55 |      1519054 |  -11.78 kcal/mol |  -11.98 +/-    0.15 kcal/mol |      12 |  -12.30 kcal/mol
         60 |      1652079 |  -11.79 kcal/mol |  -12.28 +/-    0.08 kcal/mol |       6 |  -12.36 kcal/mol
         65 |      1785286 |  -12.08 kcal/mol |  -12.26 +/-    0.10 kcal/mol |       4 |  -12.39 kcal/mol
         70 |      1918234 |  -11.90 kcal/mol |  -12.09 +/-    0.15 kcal/mol |      19 |  -12.39 kcal/mol
         75 |      2049219 |  -11.97 kcal/mol |  -12.13 +/-    0.13 kcal/mol |       7 |  -12.39 kcal/mol
         80 |      2181855 |  -11.85 kcal/mol |  -12.09 +/-    0.13 kcal/mol |      15 |  -12.39 kcal/mol
------------+--------------+------------------+------------------------------+---------+-------------------

                                   Finished evaluation after reaching
                                  -12.11 +/-    0.15 kcal/mol combined.
                             45 samples, best inter + intra   -12.39 kcal/mol.


Shutdown time 0.000796s

Job #1 took 2.166 sec after waiting 4.422 sec for setup

(Thread 0 is processing Job #1)
(Thread 0 is setting up Job #2)

Running Job #2:
    Device: NVIDIA A100-SXM4-40GB
    Grid map file: ./protein.maps.fld
    Ligand file: ./ligand_2_2.pdbqt
    Output file: docking_result_2.dlg (+ xml)
    Using heuristics: (capped) number of evaluations set to 2845257
    Overriding heuristics, setting number of evaluations to --nev = 2500000 instead.
    Local-search chosen method is: ADADELTA (ad)

Rest of Setup time 0.337588s

Executing docking runs, stopping automatically after either reaching 0.15 kcal/mol standard deviation of
the best molecules of the last 4 * 5 generations, 42000 generations, or 2500000 evaluations:

Generations |  Evaluations |     Threshold    |  Average energy of best 10%  | Samples | Best Inter + Intra
------------+--------------+------------------+------------------------------+---------+-------------------
          0 |          150 |   -1.39 kcal/mol |   -2.55 +/-    0.34 kcal/mol |      10 |   -3.48 kcal/mol
          5 |       131533 |   -2.04 kcal/mol |   -5.94 +/-    1.87 kcal/mol |    1031 |  -12.51 kcal/mol
         10 |       262587 |   -5.91 kcal/mol |  -10.85 +/-    0.98 kcal/mol |      61 |  -13.77 kcal/mol
         15 |       393759 |  -10.61 kcal/mol |  -13.06 +/-    0.48 kcal/mol |       7 |  -13.93 kcal/mol
         20 |       527209 |  -12.04 kcal/mol |  -14.40 +/-    0.66 kcal/mol |       4 |  -15.55 kcal/mol
         25 |       662199 |  -11.92 kcal/mol |  -13.95 +/-    0.56 kcal/mol |      13 |  -15.55 kcal/mol
         30 |       797117 |  -13.30 kcal/mol |  -15.16 +/-    0.41 kcal/mol |       4 |  -15.55 kcal/mol
         35 |       930551 |  -13.62 kcal/mol |  -14.97 +/-    0.52 kcal/mol |       4 |  -15.56 kcal/mol
         40 |      1061117 |  -13.01 kcal/mol |  -14.60 +/-    0.46 kcal/mol |      12 |  -15.56 kcal/mol
         45 |      1191642 |  -14.03 kcal/mol |  -15.48 +/-    0.07 kcal/mol |       4 |  -15.56 kcal/mol
         50 |      1320552 |  -14.92 kcal/mol |  -15.41 +/-    0.10 kcal/mol |       4 |  -15.56 kcal/mol
         55 |      1448940 |  -15.03 kcal/mol |  -15.38 +/-    0.13 kcal/mol |       5 |  -15.56 kcal/mol
         60 |      1577710 |  -14.99 kcal/mol |  -15.47 +/-    0.04 kcal/mol |       8 |  -15.56 kcal/mol
------------+--------------+------------------+------------------------------+---------+-------------------

                                   Finished evaluation after reaching
                                  -15.44 +/-    0.10 kcal/mol combined.
                             21 samples, best inter + intra   -15.56 kcal/mol.


Shutdown time 0.000687s

Job #2 took 1.938 sec after waiting 0.030 sec for setup

(Thread 0 is processing Job #2)
(Thread 0 is setting up Job #3)

Running Job #3:
    Device: NVIDIA A100-SXM4-40GB
    Grid map file: ./protein.maps.fld
    Ligand file: ./ligand_3_3.pdbqt
    Output file: docking_result_3.dlg (+ xml)
    Using heuristics: (capped) number of evaluations set to 4951475
    Overriding heuristics, setting number of evaluations to --nev = 2500000 instead.
    Warning: The set number of evals is 29.66% of the uncapped heuristics estimate of 8429805 evals.
             This means this docking may not be able to converge. Increasing --heurmax may improve
             convergence but will also increase runtime.
             AutoStop will not stop before 27.75% (693732) of the set number of evaluations.
    Local-search chosen method is: ADADELTA (ad)

Rest of Setup time 0.333012s

Executing docking runs, stopping automatically after either reaching 0.15 kcal/mol standard deviation of
the best molecules of the last 4 * 5 generations, 42000 generations, or 2500000 evaluations:

Generations |  Evaluations |     Threshold    |  Average energy of best 10%  | Samples | Best Inter + Intra
------------+--------------+------------------+------------------------------+---------+-------------------
          0 |          150 |   -0.56 kcal/mol |   -1.75 +/-    0.38 kcal/mol |      12 |   -2.75 kcal/mol
          5 |       141255 |   -1.27 kcal/mol |   -5.13 +/-    1.66 kcal/mol |    1163 |  -11.36 kcal/mol
         10 |       277549 |   -5.11 kcal/mol |   -9.30 +/-    0.82 kcal/mol |      45 |  -11.36 kcal/mol
         15 |       413848 |   -9.02 kcal/mol |  -11.19 +/-    0.17 kcal/mol |       9 |  -11.44 kcal/mol
         20 |       550222 |  -10.90 kcal/mol |  -11.48 +/-    0.23 kcal/mol |       6 |  -11.93 kcal/mol
         25 |       685842 |  -10.91 kcal/mol |  -11.69 +/-    0.17 kcal/mol |       5 |  -11.94 kcal/mol
         30 |       822195 |  -11.19 kcal/mol |  -11.86 +/-    0.12 kcal/mol |       8 |  -12.00 kcal/mol
         35 |       957682 |  -11.64 kcal/mol |  -12.30 +/-    0.30 kcal/mol |       7 |  -12.79 kcal/mol
         40 |      1091938 |  -11.65 kcal/mol |  -12.67 +/-    0.16 kcal/mol |       6 |  -12.82 kcal/mol
         45 |      1225865 |  -12.27 kcal/mol |  -12.74 +/-    0.11 kcal/mol |       5 |  -12.88 kcal/mol
         50 |      1359991 |  -12.42 kcal/mol |  -12.84 +/-    0.04 kcal/mol |       2 |  -12.88 kcal/mol
         55 |      1496732 |  -11.71 kcal/mol |  -12.36 +/-    0.25 kcal/mol |      11 |  -12.88 kcal/mol
         60 |      1628466 |  -12.02 kcal/mol |  -12.67 +/-    0.17 kcal/mol |       6 |  -12.88 kcal/mol
         65 |      1762479 |  -12.24 kcal/mol |  -12.94 +/-    0.24 kcal/mol |       4 |  -13.23 kcal/mol
         70 |      1895798 |  -12.04 kcal/mol |  -13.06 +/-    0.24 kcal/mol |       9 |  -13.40 kcal/mol
         75 |      2028086 |  -12.66 kcal/mol |  -13.18 +/-    0.20 kcal/mol |       4 |  -13.45 kcal/mol
         80 |      2161619 |  -12.43 kcal/mol |  -13.20 +/-    0.22 kcal/mol |       6 |  -13.50 kcal/mol
         85 |      2295525 |  -12.65 kcal/mol |  -13.34 +/-    0.17 kcal/mol |       5 |  -13.56 kcal/mol
         90 |      2428036 |  -12.82 kcal/mol |  -13.34 +/-    0.10 kcal/mol |       6 |  -13.56 kcal/mol
         93 |      2506805 |  -13.08 kcal/mol |  -13.32 +/-    0.12 kcal/mol |      16 |  -13.56 kcal/mol
------------+--------------+------------------+------------------------------+---------+-------------------

                                   Finished evaluation after reaching
                       2506805 evaluations. Best inter + intra   -13.56 kcal/mol.


Shutdown time 0.000688s

Job #3 took 2.876 sec after waiting 0.039 sec for setup

(Thread 0 is processing Job #3)
(Thread 0 is setting up Job #4)

Running Job #4:
    Device: NVIDIA A100-SXM4-40GB
    Grid map file: ./protein.maps.fld
    Ligand file: ./ligand_4_4.pdbqt
    Output file: docking_result_4.dlg (+ xml)
    Using heuristics: (capped) number of evaluations set to 2280181
    Local-search chosen method is: ADADELTA (ad)

Rest of Setup time 0.333921s

Executing docking runs, stopping automatically after either reaching 0.15 kcal/mol standard deviation of
the best molecules of the last 4 * 5 generations, 42000 generations, or 2280181 evaluations:

Generations |  Evaluations |     Threshold    |  Average energy of best 10%  | Samples | Best Inter + Intra
------------+--------------+------------------+------------------------------+---------+-------------------
          0 |          150 |   -1.04 kcal/mol |   -1.94 +/-    0.30 kcal/mol |       5 |   -2.50 kcal/mol
          5 |       143280 |   -1.04 kcal/mol |   -4.34 +/-    1.56 kcal/mol |    1153 |   -9.88 kcal/mol
         10 |       283156 |   -4.32 kcal/mol |   -8.48 +/-    0.77 kcal/mol |      52 |  -10.34 kcal/mol
         15 |       423575 |   -8.25 kcal/mol |  -10.10 +/-    0.16 kcal/mol |       7 |  -10.34 kcal/mol
         20 |       564938 |   -9.76 kcal/mol |  -10.38 +/-    0.12 kcal/mol |       6 |  -10.55 kcal/mol
         25 |       704238 |  -10.08 kcal/mol |  -10.35 +/-    0.16 kcal/mol |       5 |  -10.55 kcal/mol
         30 |       843923 |   -9.88 kcal/mol |  -10.64 +/-    0.30 kcal/mol |       8 |  -11.19 kcal/mol
         35 |       982776 |  -10.08 kcal/mol |  -11.10 +/-    0.37 kcal/mol |       4 |  -11.62 kcal/mol
         40 |      1121158 |   -9.70 kcal/mol |  -10.77 +/-    0.41 kcal/mol |      11 |  -11.62 kcal/mol
         45 |      1256310 |  -10.22 kcal/mol |  -11.34 +/-    0.21 kcal/mol |       6 |  -11.62 kcal/mol
         50 |      1391777 |  -10.82 kcal/mol |  -11.58 +/-    0.06 kcal/mol |       4 |  -11.63 kcal/mol
         55 |      1529312 |  -11.02 kcal/mol |  -11.48 +/-    0.13 kcal/mol |       9 |  -11.68 kcal/mol
         60 |      1662718 |  -11.27 kcal/mol |  -11.54 +/-    0.10 kcal/mol |       3 |  -11.68 kcal/mol
         65 |      1797562 |  -11.06 kcal/mol |  -11.48 +/-    0.13 kcal/mol |       4 |  -11.68 kcal/mol
         70 |      1931290 |  -10.98 kcal/mol |  -11.29 +/-    0.25 kcal/mol |       5 |  -11.68 kcal/mol
         75 |      2065011 |  -10.53 kcal/mol |  -11.33 +/-    0.27 kcal/mol |       5 |  -11.78 kcal/mol
         80 |      2197259 |  -10.52 kcal/mol |  -11.29 +/-    0.20 kcal/mol |      11 |  -11.78 kcal/mol
         84 |      2302158 |  -11.01 kcal/mol |  -11.33 +/-    0.24 kcal/mol |      26 |  -11.81 kcal/mol
------------+--------------+------------------+------------------------------+---------+-------------------

                                   Finished evaluation after reaching
                       2302158 evaluations. Best inter + intra   -11.81 kcal/mol.


Shutdown time 0.000703s

Job #4 took 1.937 sec after waiting 0.034 sec for setup

(Thread 0 is processing Job #4)
(Thread 0 is setting up Job #5)

Running Job #5:
    Device: NVIDIA A100-SXM4-40GB
    Grid map file: ./protein.maps.fld
    Ligand file: ./ligand_5_5.pdbqt
    Output file: docking_result_5.dlg (+ xml)
    Using heuristics: (capped) number of evaluations set to 3487417
    Overriding heuristics, setting number of evaluations to --nev = 2500000 instead.
    Local-search chosen method is: ADADELTA (ad)

Rest of Setup time 0.333564s

Executing docking runs, stopping automatically after either reaching 0.15 kcal/mol standard deviation of
the best molecules of the last 4 * 5 generations, 42000 generations, or 2500000 evaluations:

Generations |  Evaluations |     Threshold    |  Average energy of best 10%  | Samples | Best Inter + Intra
------------+--------------+------------------+------------------------------+---------+-------------------
          0 |          150 |   -2.47 kcal/mol |   -3.15 +/-    0.22 kcal/mol |       5 |   -3.46 kcal/mol
          5 |       140003 |   -2.48 kcal/mol |   -5.58 +/-    1.57 kcal/mol |    1112 |  -11.77 kcal/mol
         10 |       275445 |   -5.56 kcal/mol |   -9.59 +/-    0.81 kcal/mol |      64 |  -12.11 kcal/mol
         15 |       411426 |   -9.40 kcal/mol |  -11.77 +/-    0.64 kcal/mol |      11 |  -12.97 kcal/mol
         20 |       545453 |  -10.90 kcal/mol |  -12.54 +/-    0.31 kcal/mol |       4 |  -12.97 kcal/mol
         25 |       679008 |  -11.37 kcal/mol |  -12.78 +/-    0.19 kcal/mol |       6 |  -13.03 kcal/mol
         30 |       813491 |  -12.30 kcal/mol |  -12.81 +/-    0.17 kcal/mol |      11 |  -13.06 kcal/mol
         35 |       944842 |  -12.58 kcal/mol |  -12.89 +/-    0.22 kcal/mol |       6 |  -13.32 kcal/mol
         40 |      1075039 |  -12.33 kcal/mol |  -13.19 +/-    0.20 kcal/mol |       6 |  -13.37 kcal/mol
         45 |      1204242 |  -12.70 kcal/mol |  -13.37 +/-    0.23 kcal/mol |       4 |  -13.71 kcal/mol
         50 |      1332260 |  -12.50 kcal/mol |  -13.26 +/-    0.31 kcal/mol |       4 |  -13.71 kcal/mol
         55 |      1459874 |  -12.11 kcal/mol |  -13.12 +/-    0.31 kcal/mol |      11 |  -13.71 kcal/mol
         60 |      1583336 |  -12.69 kcal/mol |  -13.42 +/-    0.20 kcal/mol |       4 |  -13.71 kcal/mol
         65 |      1712039 |  -12.65 kcal/mol |  -13.23 +/-    0.22 kcal/mol |      12 |  -13.71 kcal/mol
         70 |      1836089 |  -12.96 kcal/mol |  -13.62 +/-    0.08 kcal/mol |       6 |  -13.71 kcal/mol
         75 |      1960107 |  -13.43 kcal/mol |  -13.54 +/-    0.10 kcal/mol |       5 |  -13.71 kcal/mol
         80 |      2085959 |  -13.24 kcal/mol |  -13.62 +/-    0.12 kcal/mol |       8 |  -13.74 kcal/mol
         85 |      2213250 |  -13.40 kcal/mol |  -13.62 +/-    0.14 kcal/mol |      11 |  -13.78 kcal/mol
         90 |      2338567 |  -13.42 kcal/mol |  -13.65 +/-    0.10 kcal/mol |      11 |  -13.78 kcal/mol
         95 |      2466311 |  -13.52 kcal/mol |  -13.66 +/-    0.08 kcal/mol |       8 |  -13.78 kcal/mol
         97 |      2515970 |  -13.50 kcal/mol |  -13.64 +/-    0.08 kcal/mol |      20 |  -13.78 kcal/mol
------------+--------------+------------------+------------------------------+---------+-------------------

                                   Finished evaluation after reaching
                       2515970 evaluations. Best inter + intra   -13.78 kcal/mol.


Shutdown time 0.000669s

Job #5 took 2.933 sec after waiting 0.030 sec for setup

(Thread 0 is processing Job #5)
(Thread 0 is setting up Job #6)

Running Job #6:
    Device: NVIDIA A100-SXM4-40GB
    Grid map file: ./protein.maps.fld
    Ligand file: ./ligand_6_6.pdbqt
    Output file: docking_result_6.dlg (+ xml)
    Using heuristics: (capped) number of evaluations set to 2068966
    Local-search chosen method is: ADADELTA (ad)

Rest of Setup time 0.336734s

Executing docking runs, stopping automatically after either reaching 0.15 kcal/mol standard deviation of
the best molecules of the last 4 * 5 generations, 42000 generations, or 2068966 evaluations:

Generations |  Evaluations |     Threshold    |  Average energy of best 10%  | Samples | Best Inter + Intra
------------+--------------+------------------+------------------------------+---------+-------------------
          0 |          150 |   -1.25 kcal/mol |   -1.42 +/-    0.07 kcal/mol |      13 |   -1.56 kcal/mol
          5 |       140223 |   -1.25 kcal/mol |   -4.23 +/-    1.74 kcal/mol |    1128 |  -10.00 kcal/mol
         10 |       274626 |   -4.21 kcal/mol |   -8.64 +/-    0.79 kcal/mol |      33 |  -10.46 kcal/mol
         15 |       411530 |   -8.28 kcal/mol |  -10.03 +/-    0.21 kcal/mol |       6 |  -10.49 kcal/mol
         20 |       546897 |   -9.50 kcal/mol |  -10.26 +/-    0.28 kcal/mol |       4 |  -10.59 kcal/mol
         25 |       682097 |   -9.21 kcal/mol |  -10.33 +/-    0.23 kcal/mol |       8 |  -10.71 kcal/mol
         30 |       817278 |   -9.90 kcal/mol |  -10.61 +/-    0.17 kcal/mol |       8 |  -10.89 kcal/mol
         35 |       953122 |  -10.28 kcal/mol |  -10.58 +/-    0.21 kcal/mol |       5 |  -10.92 kcal/mol
         40 |      1088285 |   -9.95 kcal/mol |  -10.66 +/-    0.24 kcal/mol |       5 |  -10.92 kcal/mol
         45 |      1220651 |   -9.93 kcal/mol |  -10.76 +/-    0.11 kcal/mol |       6 |  -10.92 kcal/mol
         50 |      1353538 |  -10.50 kcal/mol |  -10.85 +/-    0.13 kcal/mol |       5 |  -11.02 kcal/mol
         55 |      1486683 |  -10.45 kcal/mol |  -10.85 +/-    0.13 kcal/mol |       7 |  -11.02 kcal/mol
         60 |      1615676 |  -10.57 kcal/mol |  -11.06 +/-    0.13 kcal/mol |       4 |  -11.27 kcal/mol
         65 |      1747920 |  -10.58 kcal/mol |  -11.07 +/-    0.16 kcal/mol |       7 |  -11.30 kcal/mol
         70 |      1878825 |  -10.74 kcal/mol |  -11.09 +/-    0.13 kcal/mol |       9 |  -11.30 kcal/mol
         75 |      2007808 |  -10.86 kcal/mol |  -11.02 +/-    0.11 kcal/mol |      11 |  -11.30 kcal/mol
         78 |      2087130 |  -10.88 kcal/mol |  -11.08 +/-    0.17 kcal/mol |      20 |  -11.44 kcal/mol
------------+--------------+------------------+------------------------------+---------+-------------------

                                   Finished evaluation after reaching
                       2087130 evaluations. Best inter + intra   -11.44 kcal/mol.


Shutdown time 0.000705s

Job #6 took 2.097 sec after waiting 0.033 sec for setup

(Thread 0 is processing Job #6)
(Thread 0 is setting up Job #7)

Running Job #7:
    Device: NVIDIA A100-SXM4-40GB
    Grid map file: ./protein.maps.fld
    Ligand file: ./ligand_7_7.pdbqt
    Output file: docking_result_7.dlg (+ xml)
    Using heuristics: (capped) number of evaluations set to 2280181
    Local-search chosen method is: ADADELTA (ad)

Rest of Setup time 0.331105s

Executing docking runs, stopping automatically after either reaching 0.15 kcal/mol standard deviation of
the best molecules of the last 4 * 5 generations, 42000 generations, or 2280181 evaluations:

Generations |  Evaluations |     Threshold    |  Average energy of best 10%  | Samples | Best Inter + Intra
------------+--------------+------------------+------------------------------+---------+-------------------
          0 |          150 |   -0.82 kcal/mol |   -1.90 +/-    0.29 kcal/mol |       4 |   -2.22 kcal/mol
          5 |       147137 |   -0.81 kcal/mol |   -3.87 +/-    1.63 kcal/mol |    1197 |   -9.55 kcal/mol
         10 |       288690 |   -3.85 kcal/mol |   -7.85 +/-    0.73 kcal/mol |      47 |   -9.87 kcal/mol
         15 |       432160 |   -7.62 kcal/mol |   -9.62 +/-    0.31 kcal/mol |      14 |  -10.12 kcal/mol
         20 |       573817 |   -9.28 kcal/mol |  -10.49 +/-    0.27 kcal/mol |       4 |  -10.94 kcal/mol
         25 |       713995 |   -9.49 kcal/mol |  -10.39 +/-    0.40 kcal/mol |       4 |  -10.95 kcal/mol
         30 |       856728 |   -8.89 kcal/mol |  -10.28 +/-    0.44 kcal/mol |      13 |  -10.95 kcal/mol
         35 |       998823 |   -9.78 kcal/mol |  -10.71 +/-    0.20 kcal/mol |       4 |  -10.96 kcal/mol
         40 |      1138647 |   -9.97 kcal/mol |  -10.53 +/-    0.20 kcal/mol |       9 |  -10.96 kcal/mol
         45 |      1275794 |  -10.21 kcal/mol |  -10.75 +/-    0.18 kcal/mol |       4 |  -10.96 kcal/mol
         50 |      1410828 |  -10.06 kcal/mol |  -10.73 +/-    0.13 kcal/mol |       5 |  -10.96 kcal/mol
         55 |      1549650 |  -10.35 kcal/mol |  -10.63 +/-    0.18 kcal/mol |      12 |  -10.96 kcal/mol
         60 |      1683536 |  -10.41 kcal/mol |  -10.62 +/-    0.18 kcal/mol |       8 |  -10.96 kcal/mol
         65 |      1821000 |  -10.27 kcal/mol |  -10.86 +/-    0.10 kcal/mol |       5 |  -10.96 kcal/mol
         70 |      1956525 |  -10.55 kcal/mol |  -10.76 +/-    0.15 kcal/mol |      10 |  -10.96 kcal/mol
         75 |      2089635 |  -10.54 kcal/mol |  -10.82 +/-    0.12 kcal/mol |      10 |  -10.96 kcal/mol
         80 |      2221625 |  -10.64 kcal/mol |  -10.92 +/-    0.06 kcal/mol |       8 |  -10.98 kcal/mol
         83 |      2300535 |  -10.64 kcal/mol |  -10.92 +/-    0.06 kcal/mol |      23 |  -11.00 kcal/mol
------------+--------------+------------------+------------------------------+---------+-------------------

                                   Finished evaluation after reaching
                       2300535 evaluations. Best inter + intra   -11.00 kcal/mol.


Shutdown time 0.006710s

Job #7 took 2.132 sec after waiting 0.022 sec for setup

(Thread 0 is processing Job #7)
(Thread 0 is setting up Job #8)

Running Job #8:
    Device: NVIDIA A100-SXM4-40GB
    Grid map file: ./protein.maps.fld
    Ligand file: ./ligand_8_8.pdbqt
    Output file: docking_result_8.dlg (+ xml)
    Using heuristics: (capped) number of evaluations set to 2068966
    Local-search chosen method is: ADADELTA (ad)

Rest of Setup time 0.357470s

Executing docking runs, stopping automatically after either reaching 0.15 kcal/mol standard deviation of
the best molecules of the last 4 * 5 generations, 42000 generations, or 2068966 evaluations:

Generations |  Evaluations |     Threshold    |  Average energy of best 10%  | Samples | Best Inter + Intra
------------+--------------+------------------+------------------------------+---------+-------------------
          0 |          150 |   -0.25 kcal/mol |   -2.11 +/-    0.61 kcal/mol |      10 |   -3.75 kcal/mol
          5 |       129069 |   -1.20 kcal/mol |   -3.77 +/-    0.92 kcal/mol |     689 |   -7.50 kcal/mol
         10 |       261240 |   -3.75 kcal/mol |   -6.46 +/-    0.59 kcal/mol |      82 |   -8.20 kcal/mol
         15 |       396333 |   -6.35 kcal/mol |   -8.05 +/-    0.29 kcal/mol |      11 |   -8.23 kcal/mol
         20 |       533174 |   -7.66 kcal/mol |   -8.22 +/-    0.02 kcal/mol |      14 |   -8.23 kcal/mol
         25 |       669439 |   -8.06 kcal/mol |   -8.23 +/-    0.01 kcal/mol |      17 |   -8.24 kcal/mol
         30 |       804937 |   -8.09 kcal/mol |   -8.23 +/-    0.01 kcal/mol |      25 |   -8.24 kcal/mol
------------+--------------+------------------+------------------------------+---------+-------------------

                                   Finished evaluation after reaching
                                   -8.20 +/-    0.13 kcal/mol combined.
                             67 samples, best inter + intra    -8.24 kcal/mol.


Shutdown time 0.000757s

Job #8 took 0.532 sec after waiting 0.026 sec for setup

(Thread 0 is processing Job #8)
(Thread 0 is setting up Job #9)

Running Job #9:
    Device: NVIDIA A100-SXM4-40GB
    Grid map file: ./protein.maps.fld
    Ligand file: ./ligand_9_9.pdbqt
    Output file: docking_result_9.dlg (+ xml)
    Using heuristics: (capped) number of evaluations set to 2068966
    Local-search chosen method is: ADADELTA (ad)

Rest of Setup time 0.304848s

Executing docking runs, stopping automatically after either reaching 0.15 kcal/mol standard deviation of
the best molecules of the last 4 * 5 generations, 42000 generations, or 2068966 evaluations:

Generations |  Evaluations |     Threshold    |  Average energy of best 10%  | Samples | Best Inter + Intra
------------+--------------+------------------+------------------------------+---------+-------------------
          0 |          150 |   -1.76 kcal/mol |   -2.74 +/-    0.26 kcal/mol |       4 |   -3.15 kcal/mol
          5 |       135751 |   -1.76 kcal/mol |   -4.63 +/-    1.33 kcal/mol |     948 |  -10.33 kcal/mol
         10 |       263693 |   -4.61 kcal/mol |   -8.25 +/-    0.78 kcal/mol |      49 |  -10.81 kcal/mol
         15 |       391120 |   -8.02 kcal/mol |  -10.58 +/-    0.82 kcal/mol |      12 |  -11.83 kcal/mol
         20 |       521758 |   -9.55 kcal/mol |  -11.39 +/-    0.46 kcal/mol |       4 |  -11.86 kcal/mol
         25 |       651857 |   -9.66 kcal/mol |  -11.26 +/-    0.48 kcal/mol |       6 |  -11.87 kcal/mol
         30 |       782074 |  -10.05 kcal/mol |  -11.63 +/-    0.24 kcal/mol |       4 |  -11.87 kcal/mol
         35 |       908963 |  -10.72 kcal/mol |  -11.53 +/-    0.37 kcal/mol |       4 |  -11.87 kcal/mol
         40 |      1037701 |  -10.12 kcal/mol |  -11.22 +/-    0.41 kcal/mol |       8 |  -11.87 kcal/mol
         45 |      1165523 |  -10.46 kcal/mol |  -11.59 +/-    0.29 kcal/mol |       4 |  -11.87 kcal/mol
         50 |      1289644 |  -10.49 kcal/mol |  -11.51 +/-    0.31 kcal/mol |       8 |  -11.88 kcal/mol
         55 |      1414885 |  -10.93 kcal/mol |  -11.74 +/-    0.16 kcal/mol |       4 |  -11.94 kcal/mol
         60 |      1539368 |  -11.12 kcal/mol |  -11.72 +/-    0.22 kcal/mol |       4 |  -11.99 kcal/mol
         65 |      1668006 |  -10.91 kcal/mol |  -11.74 +/-    0.19 kcal/mol |       6 |  -12.01 kcal/mol
         70 |      1794351 |  -11.26 kcal/mol |  -11.82 +/-    0.14 kcal/mol |       7 |  -12.03 kcal/mol
         75 |      1920183 |  -11.51 kcal/mol |  -11.85 +/-    0.11 kcal/mol |       5 |  -12.03 kcal/mol
         80 |      2043889 |  -11.52 kcal/mol |  -11.85 +/-    0.09 kcal/mol |       7 |  -12.03 kcal/mol
         82 |      2093438 |  -11.66 kcal/mol |  -11.87 +/-    0.09 kcal/mol |      16 |  -12.03 kcal/mol
------------+--------------+------------------+------------------------------+---------+-------------------

                                   Finished evaluation after reaching
                       2093438 evaluations. Best inter + intra   -12.03 kcal/mol.


Shutdown time 0.000642s

Job #9 took 1.648 sec after waiting 0.012 sec for setup

(Thread 0 is processing Job #9)
(Thread 0 is setting up Job #10)

Running Job #10:
    Device: NVIDIA A100-SXM4-40GB
    Grid map file: ./protein.maps.fld
    Ligand file: ./ligand_10_10.pdbqt
    Output file: docking_result_10.dlg (+ xml)
    Using heuristics: (capped) number of evaluations set to 3487417
    Overriding heuristics, setting number of evaluations to --nev = 2500000 instead.
    Local-search chosen method is: ADADELTA (ad)

Rest of Setup time 0.376733s

Executing docking runs, stopping automatically after either reaching 0.15 kcal/mol standard deviation of
the best molecules of the last 4 * 5 generations, 42000 generations, or 2500000 evaluations:

Generations |  Evaluations |     Threshold    |  Average energy of best 10%  | Samples | Best Inter + Intra
------------+--------------+------------------+------------------------------+---------+-------------------
          0 |          150 |   -1.02 kcal/mol |   -2.61 +/-    0.54 kcal/mol |      12 |   -4.04 kcal/mol
          5 |       123936 |   -1.94 kcal/mol |   -6.16 +/-    1.88 kcal/mol |     929 |  -12.26 kcal/mol
         10 |       242214 |   -6.13 kcal/mol |  -11.09 +/-    0.90 kcal/mol |      36 |  -13.18 kcal/mol
         15 |       362843 |  -10.71 kcal/mol |  -13.06 +/-    0.11 kcal/mol |       4 |  -13.23 kcal/mol
         20 |       481088 |  -12.64 kcal/mol |  -13.49 +/-    0.38 kcal/mol |       9 |  -14.46 kcal/mol
         25 |       600436 |  -12.85 kcal/mol |  -14.31 +/-    0.44 kcal/mol |       6 |  -14.85 kcal/mol
         30 |       720337 |  -13.21 kcal/mol |  -14.70 +/-    0.33 kcal/mol |       7 |  -15.03 kcal/mol
         35 |       841759 |  -13.99 kcal/mol |  -14.92 +/-    0.33 kcal/mol |       4 |  -15.20 kcal/mol
         40 |       959514 |  -13.67 kcal/mol |  -14.86 +/-    0.25 kcal/mol |       4 |  -15.23 kcal/mol
         45 |      1078510 |  -13.92 kcal/mol |  -14.97 +/-    0.20 kcal/mol |       4 |  -15.23 kcal/mol
         50 |      1195710 |  -14.23 kcal/mol |  -14.96 +/-    0.18 kcal/mol |       5 |  -15.23 kcal/mol
         55 |      1313554 |  -14.42 kcal/mol |  -15.07 +/-    0.10 kcal/mol |      10 |  -15.23 kcal/mol
         60 |      1427373 |  -14.92 kcal/mol |  -15.03 +/-    0.10 kcal/mol |       5 |  -15.23 kcal/mol
------------+--------------+------------------+------------------------------+---------+-------------------

                                   Finished evaluation after reaching
                                  -15.02 +/-    0.15 kcal/mol combined.
                             24 samples, best inter + intra   -15.23 kcal/mol.


Shutdown time 0.000711s

Job #10 took 0.963 sec after waiting 0.024 sec for setup

(Thread 0 is processing Job #10)
Run time of entire job set (10 files): 23.932 sec
Savings from multithreading: -0.001 sec
Idle time of execution thread: 4.709 sec

All jobs (10) ran without errors.
