AutoDock-GPU version: v1.6-7-ga46ab564d2ac5f1a1523f65239b43505a1c29364-dirty

Using 1 OpenMP threads

Running 10 docking calculations

Cuda device:                              NVIDIA A100-SXM4-40GB
Available memory on device:               39916 MB (total: 40339 MB)

CUDA Setup time 0.232365s
(Thread 0 is setting up Job #1)

Running Job #1:
    Device: NVIDIA A100-SXM4-40GB
    Grid map file: ./protein.maps.fld
    Ligand file: ./ligand_1_1.pdbqt
    Output file: docking_result_1.dlg (+ xml)
    Using heuristics: (capped) number of evaluations set to 7973093
    Overriding heuristics, setting number of evaluations to --nev = 2500000 instead.
    Warning: The set number of evals is 10.52% of the uncapped heuristics estimate of 23759450 evals.
             This means this docking may not be able to converge. Increasing --heurmax may improve
             convergence but will also increase runtime.
             AutoStop will not stop before 76.79% (1919714) of the set number of evaluations.
    Local-search chosen method is: ADADELTA (ad)

Rest of Setup time 0.308813s

Executing docking runs, stopping automatically after either reaching 0.15 kcal/mol standard deviation of
the best molecules of the last 4 * 5 generations, 42000 generations, or 2500000 evaluations:

Generations |  Evaluations |     Threshold    |  Average energy of best 10%  | Samples | Best Inter + Intra
------------+--------------+------------------+------------------------------+---------+-------------------
          0 |          150 |  413.55 kcal/mol |  200.68 +/-   62.21 kcal/mol |       6 |   82.81 kcal/mol
          5 |       120981 |  356.21 kcal/mol |   12.80 +/-   31.90 kcal/mol |    1142 |   -9.99 kcal/mol
         10 |       231184 |   13.22 kcal/mol |  -10.66 +/-    0.69 kcal/mol |       4 |  -11.41 kcal/mol
         15 |       340025 |   -8.07 kcal/mol |  -10.21 +/-    0.86 kcal/mol |       6 |  -12.10 kcal/mol
         20 |       451892 |   -8.07 kcal/mol |  -10.53 +/-    0.92 kcal/mol |       8 |  -12.10 kcal/mol
         25 |       561948 |   -8.81 kcal/mol |  -10.93 +/-    0.71 kcal/mol |       4 |  -12.10 kcal/mol
         30 |       670675 |   -8.26 kcal/mol |  -10.84 +/-    0.64 kcal/mol |      19 |  -12.15 kcal/mol
         35 |       775885 |  -10.34 kcal/mol |  -12.31 +/-    0.50 kcal/mol |       4 |  -13.15 kcal/mol
         40 |       881794 |  -10.42 kcal/mol |  -12.52 +/-    0.79 kcal/mol |       7 |  -13.80 kcal/mol
         45 |       985191 |  -10.83 kcal/mol |  -12.55 +/-    0.75 kcal/mol |       4 |  -13.80 kcal/mol
         50 |      1087268 |   -9.73 kcal/mol |  -12.11 +/-    0.67 kcal/mol |       9 |  -13.80 kcal/mol
         55 |      1187908 |  -10.99 kcal/mol |  -13.00 +/-    0.59 kcal/mol |       4 |  -13.80 kcal/mol
         60 |      1284963 |  -10.79 kcal/mol |  -12.65 +/-    0.61 kcal/mol |       6 |  -13.80 kcal/mol
         65 |      1383097 |  -11.12 kcal/mol |  -13.05 +/-    0.47 kcal/mol |       4 |  -13.80 kcal/mol
         70 |      1479373 |  -11.30 kcal/mol |  -13.31 +/-    0.36 kcal/mol |       8 |  -13.80 kcal/mol
         75 |      1573390 |  -12.63 kcal/mol |  -13.50 +/-    0.24 kcal/mol |       4 |  -13.80 kcal/mol
         80 |      1667820 |  -12.62 kcal/mol |  -13.54 +/-    0.26 kcal/mol |       4 |  -13.80 kcal/mol
         85 |      1763527 |  -12.55 kcal/mol |  -13.42 +/-    0.26 kcal/mol |       6 |  -13.80 kcal/mol
         90 |      1857390 |  -12.77 kcal/mol |  -14.02 +/-    0.74 kcal/mol |       4 |  -14.76 kcal/mol
         95 |      1951213 |  -11.25 kcal/mol |  -13.53 +/-    0.59 kcal/mol |       6 |  -14.76 kcal/mol
        100 |      2046212 |  -12.05 kcal/mol |  -13.76 +/-    0.58 kcal/mol |       4 |  -14.76 kcal/mol
        105 |      2139111 |  -11.58 kcal/mol |  -13.66 +/-    0.65 kcal/mol |       4 |  -14.76 kcal/mol
        110 |      2232258 |  -11.21 kcal/mol |  -13.57 +/-    0.61 kcal/mol |       5 |  -14.76 kcal/mol
        115 |      2324469 |  -11.75 kcal/mol |  -14.09 +/-    0.67 kcal/mol |       6 |  -14.85 kcal/mol
        120 |      2415869 |  -12.40 kcal/mol |  -13.94 +/-    0.68 kcal/mol |       4 |  -14.85 kcal/mol
        125 |      2506487 |  -11.38 kcal/mol |  -13.89 +/-    0.73 kcal/mol |       8 |  -14.85 kcal/mol
------------+--------------+------------------+------------------------------+---------+-------------------

                                   Finished evaluation after reaching
                       2506487 evaluations. Best inter + intra   -14.85 kcal/mol.


Shutdown time 0.000733s

Job #1 took 1.770 sec after waiting 4.457 sec for setup

(Thread 0 is processing Job #1)
(Thread 0 is setting up Job #2)

Running Job #2:
    Device: NVIDIA A100-SXM4-40GB
    Grid map file: ./protein.maps.fld
    Ligand file: ./ligand_2_2.pdbqt
    Output file: docking_result_2.dlg (+ xml)
    Using heuristics: (capped) number of evaluations set to 7973093
    Overriding heuristics, setting number of evaluations to --nev = 2500000 instead.
    Warning: The set number of evals is 10.52% of the uncapped heuristics estimate of 23759450 evals.
             This means this docking may not be able to converge. Increasing --heurmax may improve
             convergence but will also increase runtime.
             AutoStop will not stop before 76.79% (1919714) of the set number of evaluations.
    Local-search chosen method is: ADADELTA (ad)

Rest of Setup time 0.305707s

Executing docking runs, stopping automatically after either reaching 0.15 kcal/mol standard deviation of
the best molecules of the last 4 * 5 generations, 42000 generations, or 2500000 evaluations:

Generations |  Evaluations |     Threshold    |  Average energy of best 10%  | Samples | Best Inter + Intra
------------+--------------+------------------+------------------------------+---------+-------------------
          0 |          150 |  264.80 kcal/mol |  196.19 +/-   18.30 kcal/mol |       4 |  167.66 kcal/mol
          5 |       120554 |  264.80 kcal/mol |    8.71 +/-   26.64 kcal/mol |    1128 |   -8.72 kcal/mol
         10 |       228104 |    9.07 kcal/mol |  -10.27 +/-    1.52 kcal/mol |       6 |  -13.42 kcal/mol
         15 |       337764 |   -6.47 kcal/mol |  -10.61 +/-    1.13 kcal/mol |       8 |  -13.42 kcal/mol
         20 |       451482 |   -8.48 kcal/mol |  -11.34 +/-    1.20 kcal/mol |       4 |  -13.42 kcal/mol
         25 |       562787 |   -6.83 kcal/mol |  -10.82 +/-    1.26 kcal/mol |      14 |  -13.42 kcal/mol
         30 |       674332 |   -9.46 kcal/mol |  -11.85 +/-    0.81 kcal/mol |       5 |  -13.42 kcal/mol
         35 |       784309 |   -9.42 kcal/mol |  -12.19 +/-    0.85 kcal/mol |       5 |  -13.42 kcal/mol
         40 |       892209 |   -9.65 kcal/mol |  -12.21 +/-    0.72 kcal/mol |       4 |  -13.42 kcal/mol
         45 |       997653 |   -9.52 kcal/mol |  -11.91 +/-    0.54 kcal/mol |      12 |  -13.42 kcal/mol
         50 |      1102223 |  -11.24 kcal/mol |  -12.35 +/-    0.63 kcal/mol |       4 |  -13.42 kcal/mol
         55 |      1205864 |  -10.01 kcal/mol |  -12.23 +/-    0.55 kcal/mol |       6 |  -13.42 kcal/mol
         60 |      1308454 |  -10.85 kcal/mol |  -12.54 +/-    0.53 kcal/mol |       4 |  -13.42 kcal/mol
         65 |      1411558 |  -10.54 kcal/mol |  -12.57 +/-    0.64 kcal/mol |       6 |  -13.42 kcal/mol
         70 |      1512105 |  -10.97 kcal/mol |  -12.76 +/-    0.50 kcal/mol |       4 |  -13.42 kcal/mol
         75 |      1613499 |  -10.88 kcal/mol |  -12.53 +/-    0.52 kcal/mol |       6 |  -13.42 kcal/mol
         80 |      1714306 |  -11.22 kcal/mol |  -12.85 +/-    0.39 kcal/mol |       5 |  -13.42 kcal/mol
         85 |      1815092 |  -11.69 kcal/mol |  -13.09 +/-    0.37 kcal/mol |       4 |  -13.42 kcal/mol
         90 |      1913827 |  -11.72 kcal/mol |  -12.96 +/-    0.51 kcal/mol |       4 |  -13.52 kcal/mol
         95 |      2012688 |  -11.05 kcal/mol |  -13.10 +/-    0.75 kcal/mol |      11 |  -14.09 kcal/mol
        100 |      2110865 |  -12.08 kcal/mol |  -13.29 +/-    0.65 kcal/mol |       5 |  -14.09 kcal/mol
        105 |      2205425 |  -11.35 kcal/mol |  -13.27 +/-    0.65 kcal/mol |       4 |  -14.19 kcal/mol
        110 |      2300128 |  -10.84 kcal/mol |  -12.83 +/-    0.65 kcal/mol |       9 |  -14.19 kcal/mol
        115 |      2392728 |  -11.74 kcal/mol |  -13.56 +/-    0.39 kcal/mol |       4 |  -14.19 kcal/mol
        120 |      2486630 |  -12.11 kcal/mol |  -13.35 +/-    0.59 kcal/mol |       5 |  -14.36 kcal/mol
        121 |      2505593 |  -11.58 kcal/mol |  -13.63 +/-    0.56 kcal/mol |       9 |  -14.36 kcal/mol
------------+--------------+------------------+------------------------------+---------+-------------------

                                   Finished evaluation after reaching
                       2505593 evaluations. Best inter + intra   -14.36 kcal/mol.


Shutdown time 0.000642s

Job #2 took 1.663 sec after waiting 0.062 sec for setup

(Thread 0 is processing Job #2)
(Thread 0 is setting up Job #3)

Running Job #3:
    Device: NVIDIA A100-SXM4-40GB
    Grid map file: ./protein.maps.fld
    Ligand file: ./ligand_3_3.pdbqt
    Output file: docking_result_3.dlg (+ xml)
    Using heuristics: (capped) number of evaluations set to 7973093
    Overriding heuristics, setting number of evaluations to --nev = 2500000 instead.
    Warning: The set number of evals is 10.52% of the uncapped heuristics estimate of 23759450 evals.
             This means this docking may not be able to converge. Increasing --heurmax may improve
             convergence but will also increase runtime.
             AutoStop will not stop before 76.79% (1919714) of the set number of evaluations.
    Local-search chosen method is: ADADELTA (ad)

Rest of Setup time 0.304903s

Executing docking runs, stopping automatically after either reaching 0.15 kcal/mol standard deviation of
the best molecules of the last 4 * 5 generations, 42000 generations, or 2500000 evaluations:

Generations |  Evaluations |     Threshold    |  Average energy of best 10%  | Samples | Best Inter + Intra
------------+--------------+------------------+------------------------------+---------+-------------------
          0 |          150 |  281.90 kcal/mol |  234.52 +/-   12.75 kcal/mol |       4 |  212.95 kcal/mol
          5 |       120749 |  282.34 kcal/mol |    9.59 +/-   28.73 kcal/mol |    1124 |  -10.51 kcal/mol
         10 |       231960 |    9.97 kcal/mol |  -11.02 +/-    0.66 kcal/mol |       5 |  -12.29 kcal/mol
         15 |       345220 |   -9.03 kcal/mol |  -11.40 +/-    1.29 kcal/mol |       7 |  -14.50 kcal/mol
         20 |       460836 |   -8.63 kcal/mol |  -12.46 +/-    1.14 kcal/mol |       5 |  -14.50 kcal/mol
         25 |       573416 |   -9.04 kcal/mol |  -12.27 +/-    1.41 kcal/mol |       4 |  -14.64 kcal/mol
         30 |       685527 |   -6.98 kcal/mol |  -11.11 +/-    1.23 kcal/mol |      23 |  -14.64 kcal/mol
         35 |       795137 |  -10.31 kcal/mol |  -12.94 +/-    0.98 kcal/mol |       4 |  -14.64 kcal/mol
         40 |       905216 |   -9.27 kcal/mol |  -12.87 +/-    1.23 kcal/mol |      12 |  -14.64 kcal/mol
         45 |      1013775 |  -11.34 kcal/mol |  -12.88 +/-    0.97 kcal/mol |       5 |  -14.64 kcal/mol
         50 |      1123045 |   -9.98 kcal/mol |  -13.06 +/-    0.96 kcal/mol |       8 |  -14.67 kcal/mol
         55 |      1231272 |  -11.25 kcal/mol |  -13.36 +/-    0.76 kcal/mol |       4 |  -14.67 kcal/mol
         60 |      1336321 |  -10.50 kcal/mol |  -13.07 +/-    0.91 kcal/mol |       5 |  -14.67 kcal/mol
         65 |      1441577 |  -10.34 kcal/mol |  -13.06 +/-    0.81 kcal/mol |       6 |  -14.67 kcal/mol
         70 |      1546974 |  -11.05 kcal/mol |  -13.88 +/-    0.66 kcal/mol |       7 |  -14.67 kcal/mol
         75 |      1650624 |  -12.48 kcal/mol |  -13.78 +/-    0.53 kcal/mol |       4 |  -14.67 kcal/mol
         80 |      1755122 |  -11.80 kcal/mol |  -13.36 +/-    0.89 kcal/mol |       4 |  -14.67 kcal/mol
         85 |      1857056 |  -10.03 kcal/mol |  -12.99 +/-    0.80 kcal/mol |       9 |  -14.67 kcal/mol
         90 |      1958057 |  -11.66 kcal/mol |  -13.82 +/-    0.49 kcal/mol |       4 |  -14.67 kcal/mol
         95 |      2060429 |  -11.96 kcal/mol |  -13.51 +/-    0.61 kcal/mol |       5 |  -14.67 kcal/mol
        100 |      2161392 |  -11.69 kcal/mol |  -13.66 +/-    0.53 kcal/mol |       5 |  -14.67 kcal/mol
        105 |      2260681 |  -12.07 kcal/mol |  -13.64 +/-    0.62 kcal/mol |       4 |  -14.67 kcal/mol
        110 |      2358919 |  -11.33 kcal/mol |  -13.60 +/-    0.58 kcal/mol |       8 |  -14.67 kcal/mol
        115 |      2456825 |  -12.52 kcal/mol |  -13.84 +/-    0.59 kcal/mol |       4 |  -14.67 kcal/mol
        118 |      2513857 |  -11.65 kcal/mol |  -13.80 +/-    0.53 kcal/mol |      11 |  -14.67 kcal/mol
------------+--------------+------------------+------------------------------+---------+-------------------

                                   Finished evaluation after reaching
                       2513857 evaluations. Best inter + intra   -14.67 kcal/mol.


Shutdown time 0.000634s

Job #3 took 1.652 sec after waiting 0.059 sec for setup

(Thread 0 is processing Job #3)
(Thread 0 is setting up Job #4)

Running Job #4:
    Device: NVIDIA A100-SXM4-40GB
    Grid map file: ./protein.maps.fld
    Ligand file: ./ligand_4_4.pdbqt
    Output file: docking_result_4.dlg (+ xml)
    Using heuristics: (capped) number of evaluations set to 7266276
    Overriding heuristics, setting number of evaluations to --nev = 2500000 instead.
    Warning: The set number of evals is 13.57% of the uncapped heuristics estimate of 18420020 evals.
             This means this docking may not be able to converge. Increasing --heurmax may improve
             convergence but will also increase runtime.
             AutoStop will not stop before 66.37% (1659273) of the set number of evaluations.
    Local-search chosen method is: ADADELTA (ad)

Rest of Setup time 0.304955s

Executing docking runs, stopping automatically after either reaching 0.15 kcal/mol standard deviation of
the best molecules of the last 4 * 5 generations, 42000 generations, or 2500000 evaluations:

Generations |  Evaluations |     Threshold    |  Average energy of best 10%  | Samples | Best Inter + Intra
------------+--------------+------------------+------------------------------+---------+-------------------
          0 |          150 |  163.90 kcal/mol |  131.64 +/-    8.60 kcal/mol |       4 |  119.49 kcal/mol
          5 |       117975 |  163.90 kcal/mol |    7.68 +/-   19.26 kcal/mol |    1117 |  -10.35 kcal/mol
         10 |       227995 |    7.94 kcal/mol |   -9.46 +/-    0.52 kcal/mol |       4 |  -10.35 kcal/mol
         15 |       340358 |   -7.50 kcal/mol |   -9.37 +/-    0.70 kcal/mol |      15 |  -10.86 kcal/mol
         20 |       451070 |   -8.67 kcal/mol |  -10.47 +/-    0.50 kcal/mol |       4 |  -10.87 kcal/mol
         25 |       559890 |   -8.60 kcal/mol |  -10.57 +/-    0.30 kcal/mol |       7 |  -10.87 kcal/mol
         30 |       668227 |   -9.92 kcal/mol |  -10.79 +/-    0.10 kcal/mol |       5 |  -10.87 kcal/mol
         35 |       775253 |  -10.47 kcal/mol |  -10.95 +/-    0.23 kcal/mol |       4 |  -11.34 kcal/mol
         40 |       881289 |  -10.07 kcal/mol |  -11.15 +/-    0.34 kcal/mol |       6 |  -11.55 kcal/mol
         45 |       985030 |  -10.29 kcal/mol |  -11.21 +/-    0.29 kcal/mol |       5 |  -11.55 kcal/mol
         50 |      1088350 |  -10.35 kcal/mol |  -11.41 +/-    0.21 kcal/mol |       4 |  -11.64 kcal/mol
         55 |      1190848 |  -10.62 kcal/mol |  -11.30 +/-    0.23 kcal/mol |       6 |  -11.64 kcal/mol
         60 |      1290881 |  -10.74 kcal/mol |  -11.43 +/-    0.24 kcal/mol |       4 |  -11.73 kcal/mol
         65 |      1392845 |  -10.54 kcal/mol |  -11.57 +/-    0.18 kcal/mol |       6 |  -11.80 kcal/mol
         70 |      1491853 |  -11.12 kcal/mol |  -11.71 +/-    0.10 kcal/mol |       5 |  -11.87 kcal/mol
         75 |      1590232 |  -11.41 kcal/mol |  -11.71 +/-    0.11 kcal/mol |       4 |  -11.87 kcal/mol
         80 |      1685979 |  -11.28 kcal/mol |  -11.71 +/-    0.11 kcal/mol |       4 |  -11.87 kcal/mol
         85 |      1783628 |  -11.28 kcal/mol |  -11.76 +/-    0.18 kcal/mol |       8 |  -12.17 kcal/mol
         90 |      1879751 |  -11.43 kcal/mol |  -11.89 +/-    0.25 kcal/mol |       4 |  -12.17 kcal/mol
         95 |      1973077 |  -10.96 kcal/mol |  -11.99 +/-    0.21 kcal/mol |       8 |  -12.17 kcal/mol
        100 |      2067796 |  -11.60 kcal/mol |  -11.94 +/-    0.16 kcal/mol |       6 |  -12.17 kcal/mol
        105 |      2161148 |  -11.54 kcal/mol |  -11.99 +/-    0.27 kcal/mol |       5 |  -12.45 kcal/mol
        110 |      2255612 |  -11.19 kcal/mol |  -11.88 +/-    0.35 kcal/mol |       5 |  -12.45 kcal/mol
        115 |      2348802 |  -10.83 kcal/mol |  -11.90 +/-    0.30 kcal/mol |       6 |  -12.45 kcal/mol
        120 |      2443019 |  -11.16 kcal/mol |  -12.22 +/-    0.32 kcal/mol |       7 |  -12.67 kcal/mol
        124 |      2518136 |  -11.54 kcal/mol |  -12.35 +/-    0.35 kcal/mol |      11 |  -12.74 kcal/mol
------------+--------------+------------------+------------------------------+---------+-------------------

                                   Finished evaluation after reaching
                       2518136 evaluations. Best inter + intra   -12.74 kcal/mol.


Shutdown time 0.000665s

Job #4 took 1.704 sec after waiting 0.060 sec for setup

(Thread 0 is processing Job #4)
(Thread 0 is setting up Job #5)

Running Job #5:
    Device: NVIDIA A100-SXM4-40GB
    Grid map file: ./protein.maps.fld
    Ligand file: ./ligand_5_5.pdbqt
    Output file: docking_result_5.dlg (+ xml)
    Using heuristics: (capped) number of evaluations set to 2068966
    Local-search chosen method is: ADADELTA (ad)

Rest of Setup time 0.305159s

Executing docking runs, stopping automatically after either reaching 0.15 kcal/mol standard deviation of
the best molecules of the last 4 * 5 generations, 42000 generations, or 2068966 evaluations:

Generations |  Evaluations |     Threshold    |  Average energy of best 10%  | Samples | Best Inter + Intra
------------+--------------+------------------+------------------------------+---------+-------------------
          0 |          150 |   -2.61 kcal/mol |   -3.31 +/-    0.23 kcal/mol |       5 |   -3.58 kcal/mol
          5 |       123714 |   -2.63 kcal/mol |   -6.32 +/-    1.74 kcal/mol |     991 |  -12.82 kcal/mol
         10 |       246752 |   -6.30 kcal/mol |  -11.33 +/-    1.48 kcal/mol |      39 |  -16.13 kcal/mol
         15 |       375656 |  -10.76 kcal/mol |  -15.82 +/-    1.32 kcal/mol |       4 |  -16.87 kcal/mol
         20 |       504691 |  -10.87 kcal/mol |  -15.43 +/-    1.19 kcal/mol |       7 |  -16.87 kcal/mol
         25 |       635925 |  -12.89 kcal/mol |  -17.04 +/-    0.37 kcal/mol |       5 |  -17.36 kcal/mol
         30 |       766824 |  -15.93 kcal/mol |  -16.85 +/-    0.64 kcal/mol |       4 |  -17.93 kcal/mol
         35 |       895269 |  -14.47 kcal/mol |  -16.97 +/-    0.83 kcal/mol |       5 |  -17.93 kcal/mol
         40 |      1024633 |  -14.48 kcal/mol |  -16.94 +/-    0.57 kcal/mol |       4 |  -17.93 kcal/mol
         45 |      1153856 |  -14.79 kcal/mol |  -17.08 +/-    0.50 kcal/mol |       4 |  -17.93 kcal/mol
         50 |      1284398 |  -15.22 kcal/mol |  -17.29 +/-    0.46 kcal/mol |       3 |  -17.93 kcal/mol
         55 |      1413190 |  -14.98 kcal/mol |  -17.12 +/-    0.55 kcal/mol |       5 |  -17.93 kcal/mol
         60 |      1541816 |  -15.46 kcal/mol |  -17.82 +/-    0.12 kcal/mol |       2 |  -17.93 kcal/mol
         65 |      1672439 |  -16.94 kcal/mol |  -17.77 +/-    0.14 kcal/mol |       5 |  -17.93 kcal/mol
         70 |      1802640 |  -17.36 kcal/mol |  -17.82 +/-    0.08 kcal/mol |       3 |  -17.93 kcal/mol
         75 |      1930888 |  -17.42 kcal/mol |  -17.91 +/-    0.05 kcal/mol |       7 |  -17.95 kcal/mol
         80 |      2058853 |  -17.59 kcal/mol |  -17.96 +/-    0.03 kcal/mol |       7 |  -18.00 kcal/mol
         81 |      2084936 |  -17.64 kcal/mol |  -17.98 +/-    0.03 kcal/mol |      12 |  -18.01 kcal/mol
------------+--------------+------------------+------------------------------+---------+-------------------

                                   Finished evaluation after reaching
                       2084936 evaluations. Best inter + intra   -18.01 kcal/mol.


Shutdown time 0.000684s

Job #5 took 1.259 sec after waiting 0.059 sec for setup

(Thread 0 is processing Job #5)
(Thread 0 is setting up Job #6)

Running Job #6:
    Device: NVIDIA A100-SXM4-40GB
    Grid map file: ./protein.maps.fld
    Ligand file: ./ligand_6_6.pdbqt
    Output file: docking_result_6.dlg (+ xml)
    Using heuristics: (capped) number of evaluations set to 2068966
    Local-search chosen method is: ADADELTA (ad)

Rest of Setup time 0.305235s

Executing docking runs, stopping automatically after either reaching 0.15 kcal/mol standard deviation of
the best molecules of the last 4 * 5 generations, 42000 generations, or 2068966 evaluations:

Generations |  Evaluations |     Threshold    |  Average energy of best 10%  | Samples | Best Inter + Intra
------------+--------------+------------------+------------------------------+---------+-------------------
          0 |          150 |   -1.78 kcal/mol |   -3.05 +/-    0.43 kcal/mol |       4 |   -3.60 kcal/mol
          5 |       122925 |   -1.43 kcal/mol |   -5.19 +/-    1.76 kcal/mol |     985 |  -11.80 kcal/mol
         10 |       247508 |   -5.17 kcal/mol |  -10.14 +/-    1.24 kcal/mol |      34 |  -13.15 kcal/mol
         15 |       375800 |   -9.59 kcal/mol |  -12.99 +/-    0.28 kcal/mol |       6 |  -13.43 kcal/mol
         20 |       505762 |  -12.28 kcal/mol |  -13.26 +/-    0.26 kcal/mol |       6 |  -13.77 kcal/mol
         25 |       636871 |  -12.62 kcal/mol |  -13.72 +/-    0.57 kcal/mol |      13 |  -15.14 kcal/mol
         30 |       769859 |  -13.07 kcal/mol |  -14.73 +/-    0.38 kcal/mol |       5 |  -15.19 kcal/mol
         35 |       904042 |  -13.60 kcal/mol |  -14.39 +/-    0.45 kcal/mol |       5 |  -15.19 kcal/mol
         40 |      1035819 |  -13.05 kcal/mol |  -14.54 +/-    0.53 kcal/mol |       9 |  -15.46 kcal/mol
         45 |      1167263 |  -13.66 kcal/mol |  -14.66 +/-    0.41 kcal/mol |       5 |  -15.46 kcal/mol
         50 |      1297118 |  -13.42 kcal/mol |  -14.68 +/-    0.33 kcal/mol |       9 |  -15.46 kcal/mol
         55 |      1429678 |  -14.12 kcal/mol |  -14.87 +/-    0.34 kcal/mol |       4 |  -15.46 kcal/mol
         60 |      1559267 |  -13.58 kcal/mol |  -14.67 +/-    0.29 kcal/mol |      13 |  -15.49 kcal/mol
         65 |      1693253 |  -14.33 kcal/mol |  -14.86 +/-    0.33 kcal/mol |       7 |  -15.62 kcal/mol
         70 |      1824225 |  -14.15 kcal/mol |  -15.36 +/-    0.19 kcal/mol |       7 |  -15.63 kcal/mol
         75 |      1956815 |  -14.95 kcal/mol |  -15.29 +/-    0.18 kcal/mol |       5 |  -15.63 kcal/mol
         80 |      2089221 |  -14.74 kcal/mol |  -15.29 +/-    0.18 kcal/mol |      11 |  -15.63 kcal/mol
------------+--------------+------------------+------------------------------+---------+-------------------

                                   Finished evaluation after reaching
                       2089221 evaluations. Best inter + intra   -15.63 kcal/mol.


Shutdown time 0.000640s

Job #6 took 1.106 sec after waiting 0.054 sec for setup

(Thread 0 is processing Job #6)
(Thread 0 is setting up Job #7)

Running Job #7:
    Device: NVIDIA A100-SXM4-40GB
    Grid map file: ./protein.maps.fld
    Ligand file: ./ligand_7_7.pdbqt
    Output file: docking_result_7.dlg (+ xml)
    Using heuristics: (capped) number of evaluations set to 7973093
    Overriding heuristics, setting number of evaluations to --nev = 2500000 instead.
    Warning: The set number of evals is 10.52% of the uncapped heuristics estimate of 23759450 evals.
             This means this docking may not be able to converge. Increasing --heurmax may improve
             convergence but will also increase runtime.
             AutoStop will not stop before 76.79% (1919714) of the set number of evaluations.
    Local-search chosen method is: ADADELTA (ad)

Rest of Setup time 0.305098s

Executing docking runs, stopping automatically after either reaching 0.15 kcal/mol standard deviation of
the best molecules of the last 4 * 5 generations, 42000 generations, or 2500000 evaluations:

Generations |  Evaluations |     Threshold    |  Average energy of best 10%  | Samples | Best Inter + Intra
------------+--------------+------------------+------------------------------+---------+-------------------
          0 |          150 |  276.52 kcal/mol |  200.65 +/-   22.03 kcal/mol |       4 |  166.58 kcal/mol
          5 |       120611 |  283.25 kcal/mol |    9.60 +/-   26.43 kcal/mol |    1181 |   -9.24 kcal/mol
         10 |       228796 |    9.93 kcal/mol |  -10.09 +/-    0.60 kcal/mol |       5 |  -11.27 kcal/mol
         15 |       339103 |   -8.29 kcal/mol |  -10.23 +/-    0.64 kcal/mol |       4 |  -11.27 kcal/mol
         20 |       451837 |   -7.84 kcal/mol |   -9.76 +/-    0.59 kcal/mol |      10 |  -11.27 kcal/mol
         25 |       560896 |   -8.87 kcal/mol |  -10.71 +/-    0.46 kcal/mol |       6 |  -11.42 kcal/mol
         30 |       672358 |   -9.57 kcal/mol |  -11.06 +/-    0.32 kcal/mol |       5 |  -11.42 kcal/mol
         35 |       780594 |  -10.11 kcal/mol |  -11.09 +/-    0.23 kcal/mol |       6 |  -11.42 kcal/mol
         40 |       887223 |  -10.53 kcal/mol |  -11.10 +/-    0.26 kcal/mol |       5 |  -11.42 kcal/mol
         45 |       990693 |  -10.32 kcal/mol |  -10.90 +/-    0.25 kcal/mol |       6 |  -11.42 kcal/mol
         50 |      1092495 |  -10.26 kcal/mol |  -11.74 +/-    0.57 kcal/mol |       8 |  -12.60 kcal/mol
         55 |      1191943 |  -10.67 kcal/mol |  -12.00 +/-    0.47 kcal/mol |       4 |  -12.60 kcal/mol
         60 |      1289935 |  -10.23 kcal/mol |  -12.10 +/-    0.56 kcal/mol |       4 |  -12.69 kcal/mol
         65 |      1389100 |  -10.01 kcal/mol |  -12.24 +/-    0.83 kcal/mol |       6 |  -13.21 kcal/mol
         70 |      1489289 |  -10.17 kcal/mol |  -12.85 +/-    0.53 kcal/mol |       7 |  -13.56 kcal/mol
         75 |      1586823 |  -11.70 kcal/mol |  -12.93 +/-    0.45 kcal/mol |       3 |  -13.56 kcal/mol
         80 |      1684366 |  -10.68 kcal/mol |  -13.03 +/-    0.74 kcal/mol |       7 |  -14.07 kcal/mol
         85 |      1782372 |  -11.45 kcal/mol |  -14.04 +/-    0.43 kcal/mol |       7 |  -14.37 kcal/mol
         90 |      1877996 |  -13.13 kcal/mol |  -14.37 +/-    0.27 kcal/mol |       5 |  -14.78 kcal/mol
         95 |      1971299 |  -13.57 kcal/mol |  -14.39 +/-    0.39 kcal/mol |       2 |  -14.78 kcal/mol
        100 |      2062404 |  -11.43 kcal/mol |  -13.55 +/-    0.64 kcal/mol |       7 |  -14.78 kcal/mol
        105 |      2154070 |  -12.18 kcal/mol |  -14.28 +/-    0.26 kcal/mol |       5 |  -14.78 kcal/mol
        110 |      2245273 |  -13.49 kcal/mol |  -14.36 +/-    0.32 kcal/mol |       3 |  -14.78 kcal/mol
        115 |      2334320 |  -12.73 kcal/mol |  -14.14 +/-    0.36 kcal/mol |       6 |  -14.78 kcal/mol
        120 |      2421443 |  -13.23 kcal/mol |  -14.42 +/-    0.37 kcal/mol |       4 |  -14.78 kcal/mol
        125 |      2506605 |  -13.04 kcal/mol |  -14.44 +/-    0.35 kcal/mol |       6 |  -14.78 kcal/mol
------------+--------------+------------------+------------------------------+---------+-------------------

                                   Finished evaluation after reaching
                       2506605 evaluations. Best inter + intra   -14.78 kcal/mol.


Shutdown time 0.000641s

Job #7 took 1.705 sec after waiting 0.046 sec for setup

(Thread 0 is processing Job #7)
(Thread 0 is setting up Job #8)

Running Job #8:
    Device: NVIDIA A100-SXM4-40GB
    Grid map file: ./protein.maps.fld
    Ligand file: ./ligand_8_8.pdbqt
    Output file: docking_result_8.dlg (+ xml)
    Using heuristics: (capped) number of evaluations set to 7973093
    Overriding heuristics, setting number of evaluations to --nev = 2500000 instead.
    Warning: The set number of evals is 10.52% of the uncapped heuristics estimate of 23759450 evals.
             This means this docking may not be able to converge. Increasing --heurmax may improve
             convergence but will also increase runtime.
             AutoStop will not stop before 76.79% (1919714) of the set number of evaluations.
    Local-search chosen method is: ADADELTA (ad)

Rest of Setup time 0.305156s

Executing docking runs, stopping automatically after either reaching 0.15 kcal/mol standard deviation of
the best molecules of the last 4 * 5 generations, 42000 generations, or 2500000 evaluations:

Generations |  Evaluations |     Threshold    |  Average energy of best 10%  | Samples | Best Inter + Intra
------------+--------------+------------------+------------------------------+---------+-------------------
          0 |          150 |  323.31 kcal/mol |  187.02 +/-   49.68 kcal/mol |       4 |  101.91 kcal/mol
          5 |       120642 |  373.34 kcal/mol |   10.76 +/-   31.58 kcal/mol |    1147 |  -11.15 kcal/mol
         10 |       231732 |   11.17 kcal/mol |  -11.10 +/-    0.30 kcal/mol |       4 |  -11.40 kcal/mol
         15 |       344448 |   -9.96 kcal/mol |  -11.34 +/-    0.49 kcal/mol |       4 |  -11.98 kcal/mol
         20 |       455800 |   -9.50 kcal/mol |  -11.07 +/-    0.66 kcal/mol |       4 |  -11.98 kcal/mol
         25 |       564482 |   -8.60 kcal/mol |  -10.58 +/-    0.63 kcal/mol |       9 |  -11.98 kcal/mol
         30 |       672039 |   -9.52 kcal/mol |  -11.48 +/-    0.40 kcal/mol |       6 |  -11.98 kcal/mol
         35 |       776858 |  -10.47 kcal/mol |  -11.69 +/-    0.24 kcal/mol |       8 |  -11.98 kcal/mol
         40 |       880624 |  -11.24 kcal/mol |  -12.22 +/-    0.26 kcal/mol |       4 |  -12.60 kcal/mol
         45 |       983548 |  -11.25 kcal/mol |  -12.16 +/-    0.66 kcal/mol |       4 |  -13.00 kcal/mol
         50 |      1087052 |   -9.70 kcal/mol |  -12.18 +/-    0.82 kcal/mol |      10 |  -14.00 kcal/mol
         55 |      1191514 |  -10.96 kcal/mol |  -13.47 +/-    0.82 kcal/mol |       4 |  -14.25 kcal/mol
         60 |      1293925 |  -10.39 kcal/mol |  -12.96 +/-    0.81 kcal/mol |       4 |  -14.25 kcal/mol
         65 |      1397866 |   -9.94 kcal/mol |  -12.88 +/-    0.69 kcal/mol |       6 |  -14.25 kcal/mol
         70 |      1498944 |  -11.15 kcal/mol |  -13.20 +/-    0.73 kcal/mol |       4 |  -14.38 kcal/mol
         75 |      1596246 |  -10.45 kcal/mol |  -13.06 +/-    0.85 kcal/mol |       6 |  -14.38 kcal/mol
         80 |      1693026 |  -10.93 kcal/mol |  -13.28 +/-    0.64 kcal/mol |       4 |  -14.38 kcal/mol
         85 |      1788604 |  -10.89 kcal/mol |  -13.08 +/-    0.65 kcal/mol |       6 |  -14.38 kcal/mol
         90 |      1883769 |  -11.46 kcal/mol |  -13.36 +/-    0.51 kcal/mol |       5 |  -14.38 kcal/mol
         95 |      1979867 |  -11.83 kcal/mol |  -13.76 +/-    0.62 kcal/mol |       6 |  -14.38 kcal/mol
        100 |      2074109 |  -12.20 kcal/mol |  -13.40 +/-    0.58 kcal/mol |       4 |  -14.38 kcal/mol
        105 |      2165663 |  -11.24 kcal/mol |  -13.29 +/-    0.58 kcal/mol |       5 |  -14.38 kcal/mol
        110 |      2255867 |  -11.55 kcal/mol |  -13.45 +/-    0.53 kcal/mol |       4 |  -14.38 kcal/mol
        115 |      2345763 |  -11.45 kcal/mol |  -13.20 +/-    0.63 kcal/mol |       5 |  -14.38 kcal/mol
        120 |      2434533 |  -11.31 kcal/mol |  -13.01 +/-    0.53 kcal/mol |       9 |  -14.38 kcal/mol
        124 |      2505823 |  -12.12 kcal/mol |  -13.15 +/-    0.60 kcal/mol |      12 |  -14.38 kcal/mol
------------+--------------+------------------+------------------------------+---------+-------------------

                                   Finished evaluation after reaching
                       2505823 evaluations. Best inter + intra   -14.38 kcal/mol.


Shutdown time 0.000679s

Job #8 took 1.713 sec after waiting 0.062 sec for setup

(Thread 0 is processing Job #8)
(Thread 0 is setting up Job #9)

Running Job #9:
    Device: NVIDIA A100-SXM4-40GB
    Grid map file: ./protein.maps.fld
    Ligand file: ./ligand_9_9.pdbqt
    Output file: docking_result_9.dlg (+ xml)
    Using heuristics: (capped) number of evaluations set to 2068966
    Local-search chosen method is: ADADELTA (ad)

Rest of Setup time 0.305066s

Executing docking runs, stopping automatically after either reaching 0.15 kcal/mol standard deviation of
the best molecules of the last 4 * 5 generations, 42000 generations, or 2068966 evaluations:

Generations |  Evaluations |     Threshold    |  Average energy of best 10%  | Samples | Best Inter + Intra
------------+--------------+------------------+------------------------------+---------+-------------------
          0 |          150 |   -0.83 kcal/mol |   -1.86 +/-    0.29 kcal/mol |      33 |   -3.12 kcal/mol
          5 |       122133 |   -1.73 kcal/mol |   -5.99 +/-    1.92 kcal/mol |     983 |  -12.63 kcal/mol
         10 |       242207 |   -5.96 kcal/mol |  -10.76 +/-    1.00 kcal/mol |      30 |  -13.39 kcal/mol
         15 |       364591 |  -10.26 kcal/mol |  -13.09 +/-    0.25 kcal/mol |       8 |  -13.42 kcal/mol
         20 |       489014 |  -12.62 kcal/mol |  -13.44 +/-    0.21 kcal/mol |       5 |  -13.72 kcal/mol
         25 |       612593 |  -12.80 kcal/mol |  -13.24 +/-    0.20 kcal/mol |       8 |  -13.72 kcal/mol
         30 |       737811 |  -12.86 kcal/mol |  -13.67 +/-    0.31 kcal/mol |       8 |  -14.18 kcal/mol
         35 |       863795 |  -13.08 kcal/mol |  -14.51 +/-    0.71 kcal/mol |       4 |  -15.63 kcal/mol
         40 |       991090 |  -11.86 kcal/mol |  -14.16 +/-    0.58 kcal/mol |      12 |  -15.68 kcal/mol
         45 |      1118623 |  -13.43 kcal/mol |  -15.33 +/-    0.41 kcal/mol |       5 |  -15.70 kcal/mol
         50 |      1244235 |  -14.10 kcal/mol |  -15.43 +/-    0.43 kcal/mol |       4 |  -15.71 kcal/mol
         55 |      1373896 |  -13.84 kcal/mol |  -14.61 +/-    0.59 kcal/mol |       6 |  -15.88 kcal/mol
         60 |      1498930 |  -13.14 kcal/mol |  -15.18 +/-    0.50 kcal/mol |       6 |  -15.90 kcal/mol
         65 |      1629254 |  -13.93 kcal/mol |  -15.64 +/-    0.16 kcal/mol |       5 |  -15.90 kcal/mol
         70 |      1756950 |  -15.15 kcal/mol |  -15.68 +/-    0.22 kcal/mol |       2 |  -15.90 kcal/mol
         75 |      1883415 |  -14.05 kcal/mol |  -15.23 +/-    0.52 kcal/mol |       6 |  -15.90 kcal/mol
         80 |      2011655 |  -13.93 kcal/mol |  -15.65 +/-    0.15 kcal/mol |       4 |  -15.90 kcal/mol
         83 |      2087509 |  -15.09 kcal/mol |  -15.73 +/-    0.17 kcal/mol |       8 |  -15.90 kcal/mol
------------+--------------+------------------+------------------------------+---------+-------------------

                                   Finished evaluation after reaching
                       2087509 evaluations. Best inter + intra   -15.90 kcal/mol.


Shutdown time 0.000637s

Job #9 took 1.267 sec after waiting 0.062 sec for setup

(Thread 0 is processing Job #9)
(Thread 0 is setting up Job #10)

Running Job #10:
    Device: NVIDIA A100-SXM4-40GB
    Grid map file: ./protein.maps.fld
    Ligand file: ./ligand_10_10.pdbqt
    Output file: docking_result_10.dlg (+ xml)
    Using heuristics: (capped) number of evaluations set to 2845257
    Overriding heuristics, setting number of evaluations to --nev = 2500000 instead.
    Local-search chosen method is: ADADELTA (ad)

Rest of Setup time 0.304703s

Executing docking runs, stopping automatically after either reaching 0.15 kcal/mol standard deviation of
the best molecules of the last 4 * 5 generations, 42000 generations, or 2500000 evaluations:

Generations |  Evaluations |     Threshold    |  Average energy of best 10%  | Samples | Best Inter + Intra
------------+--------------+------------------+------------------------------+---------+-------------------
          0 |          150 |   -2.86 kcal/mol |   -3.55 +/-    0.19 kcal/mol |       4 |   -3.69 kcal/mol
          5 |       128828 |   -2.86 kcal/mol |   -6.78 +/-    1.91 kcal/mol |    1025 |  -15.11 kcal/mol
         10 |       261149 |   -6.75 kcal/mol |  -12.27 +/-    1.41 kcal/mol |      49 |  -15.88 kcal/mol
         15 |       395880 |  -11.84 kcal/mol |  -15.34 +/-    0.32 kcal/mol |      10 |  -16.08 kcal/mol
         20 |       530555 |  -14.86 kcal/mol |  -15.90 +/-    0.31 kcal/mol |       4 |  -16.30 kcal/mol
         25 |       665125 |  -14.74 kcal/mol |  -15.91 +/-    0.34 kcal/mol |       4 |  -16.36 kcal/mol
         30 |       801089 |  -14.63 kcal/mol |  -15.83 +/-    0.38 kcal/mol |       6 |  -16.36 kcal/mol
         35 |       935610 |  -14.88 kcal/mol |  -16.06 +/-    0.22 kcal/mol |       4 |  -16.38 kcal/mol
         40 |      1070274 |  -15.25 kcal/mol |  -16.14 +/-    0.25 kcal/mol |       8 |  -16.38 kcal/mol
         45 |      1204484 |  -15.66 kcal/mol |  -15.93 +/-    0.21 kcal/mol |      11 |  -16.50 kcal/mol
         50 |      1337792 |  -15.64 kcal/mol |  -16.31 +/-    0.19 kcal/mol |       4 |  -16.50 kcal/mol
         55 |      1469615 |  -15.61 kcal/mol |  -16.28 +/-    0.22 kcal/mol |       6 |  -16.50 kcal/mol
         60 |      1597745 |  -15.73 kcal/mol |  -16.53 +/-    0.23 kcal/mol |       5 |  -16.93 kcal/mol
         65 |      1729391 |  -15.85 kcal/mol |  -16.53 +/-    0.29 kcal/mol |       5 |  -16.93 kcal/mol
         70 |      1861257 |  -15.66 kcal/mol |  -16.68 +/-    0.36 kcal/mol |       4 |  -17.09 kcal/mol
         75 |      1992146 |  -15.31 kcal/mol |  -16.68 +/-    0.38 kcal/mol |       9 |  -17.14 kcal/mol
         80 |      2121477 |  -16.04 kcal/mol |  -16.65 +/-    0.35 kcal/mol |       5 |  -17.16 kcal/mol
         85 |      2250644 |  -15.58 kcal/mol |  -16.75 +/-    0.33 kcal/mol |       4 |  -17.17 kcal/mol
         90 |      2377502 |  -15.51 kcal/mol |  -16.70 +/-    0.32 kcal/mol |       5 |  -17.17 kcal/mol
         95 |      2507146 |  -15.74 kcal/mol |  -16.74 +/-    0.33 kcal/mol |      11 |  -17.17 kcal/mol
------------+--------------+------------------+------------------------------+---------+-------------------

                                   Finished evaluation after reaching
                       2507146 evaluations. Best inter + intra   -17.17 kcal/mol.


Shutdown time 0.000659s

Job #10 took 1.344 sec after waiting 0.050 sec for setup

(Thread 0 is processing Job #10)
Run time of entire job set (10 files): 20.195 sec
Savings from multithreading: -0.001 sec
Idle time of execution thread: 5.012 sec

All jobs (10) ran without errors.
