AutoDock-GPU version: v1.6-7-ga46ab564d2ac5f1a1523f65239b43505a1c29364-dirty

Using 1 OpenMP threads

Running 8 docking calculations

Cuda device:                              NVIDIA A100-SXM4-40GB
Available memory on device:               39916 MB (total: 40339 MB)

CUDA Setup time 0.239260s
(Thread 0 is setting up Job #1)

Running Job #1:
    Device: NVIDIA A100-SXM4-40GB
    Grid map file: ./protein.maps.fld
    Ligand file: ./ligand_1_1.pdbqt
    Output file: docking_result_1.dlg (+ xml)
    Using heuristics: (capped) number of evaluations set to 2280181
    Local-search chosen method is: ADADELTA (ad)

Rest of Setup time 0.310792s

Executing docking runs, stopping automatically after either reaching 0.15 kcal/mol standard deviation of
the best molecules of the last 4 * 5 generations, 42000 generations, or 2280181 evaluations:

Generations |  Evaluations |     Threshold    |  Average energy of best 10%  | Samples | Best Inter + Intra
------------+--------------+------------------+------------------------------+---------+-------------------
          0 |          150 |   -2.36 kcal/mol |   -2.72 +/-    0.19 kcal/mol |       8 |   -2.99 kcal/mol
          5 |       131890 |   -2.36 kcal/mol |   -5.80 +/-    1.69 kcal/mol |    1057 |  -12.09 kcal/mol
         10 |       264359 |   -5.78 kcal/mol |  -10.16 +/-    0.84 kcal/mol |      52 |  -12.26 kcal/mol
         15 |       401231 |   -9.92 kcal/mol |  -12.71 +/-    0.69 kcal/mol |      10 |  -13.92 kcal/mol
         20 |       537307 |  -11.67 kcal/mol |  -13.54 +/-    0.46 kcal/mol |       4 |  -14.06 kcal/mol
         25 |       670677 |  -11.83 kcal/mol |  -13.26 +/-    0.46 kcal/mol |       4 |  -14.06 kcal/mol
         30 |       802086 |  -11.54 kcal/mol |  -13.94 +/-    0.57 kcal/mol |       8 |  -14.49 kcal/mol
         35 |       930932 |  -12.88 kcal/mol |  -14.22 +/-    0.17 kcal/mol |       4 |  -14.49 kcal/mol
         40 |      1062192 |  -13.59 kcal/mol |  -14.22 +/-    0.17 kcal/mol |       4 |  -14.49 kcal/mol
         45 |      1190512 |  -13.59 kcal/mol |  -14.26 +/-    0.15 kcal/mol |       4 |  -14.49 kcal/mol
         50 |      1318453 |  -13.70 kcal/mol |  -14.26 +/-    0.15 kcal/mol |       4 |  -14.49 kcal/mol
         55 |      1445934 |  -13.71 kcal/mol |  -14.27 +/-    0.12 kcal/mol |       5 |  -14.49 kcal/mol
------------+--------------+------------------+------------------------------+---------+-------------------

                                   Finished evaluation after reaching
                                  -14.25 +/-    0.15 kcal/mol combined.
                             17 samples, best inter + intra   -14.49 kcal/mol.


Shutdown time 0.000688s

Job #1 took 0.920 sec after waiting 4.488 sec for setup

(Thread 0 is processing Job #1)
(Thread 0 is setting up Job #2)

Running Job #2:
    Device: NVIDIA A100-SXM4-40GB
    Grid map file: ./protein.maps.fld
    Ligand file: ./ligand_2_2.pdbqt
    Output file: docking_result_2.dlg (+ xml)
    Using heuristics: (capped) number of evaluations set to 2280181
    Local-search chosen method is: ADADELTA (ad)

Rest of Setup time 0.307168s

Executing docking runs, stopping automatically after either reaching 0.15 kcal/mol standard deviation of
the best molecules of the last 4 * 5 generations, 42000 generations, or 2280181 evaluations:

Generations |  Evaluations |     Threshold    |  Average energy of best 10%  | Samples | Best Inter + Intra
------------+--------------+------------------+------------------------------+---------+-------------------
          0 |          150 |   -1.94 kcal/mol |   -2.21 +/-    0.21 kcal/mol |      12 |   -2.71 kcal/mol
          5 |       128301 |   -1.94 kcal/mol |   -5.42 +/-    1.67 kcal/mol |    1041 |  -10.53 kcal/mol
         10 |       255418 |   -5.40 kcal/mol |   -9.74 +/-    0.66 kcal/mol |      45 |  -11.41 kcal/mol
         15 |       387015 |   -9.52 kcal/mol |  -11.48 +/-    0.46 kcal/mol |       5 |  -12.38 kcal/mol
         20 |       519022 |  -10.09 kcal/mol |  -11.94 +/-    0.76 kcal/mol |      10 |  -12.89 kcal/mol
         25 |       651817 |  -10.81 kcal/mol |  -12.59 +/-    0.49 kcal/mol |       4 |  -12.94 kcal/mol
         30 |       785970 |  -10.75 kcal/mol |  -14.13 +/-    0.86 kcal/mol |       9 |  -14.84 kcal/mol
         35 |       918533 |  -12.69 kcal/mol |  -13.59 +/-    0.89 kcal/mol |       3 |  -14.84 kcal/mol
         40 |      1053905 |   -9.14 kcal/mol |  -11.93 +/-    0.99 kcal/mol |      25 |  -14.84 kcal/mol
         45 |      1186645 |  -11.34 kcal/mol |  -14.40 +/-    0.47 kcal/mol |       4 |  -14.84 kcal/mol
         50 |      1320426 |  -12.62 kcal/mol |  -14.77 +/-    0.05 kcal/mol |       4 |  -14.84 kcal/mol
         55 |      1456888 |  -14.21 kcal/mol |  -14.80 +/-    0.03 kcal/mol |       3 |  -14.84 kcal/mol
         60 |      1589148 |  -14.05 kcal/mol |  -14.81 +/-    0.02 kcal/mol |       4 |  -14.84 kcal/mol
         65 |      1723879 |  -14.25 kcal/mol |  -14.71 +/-    0.21 kcal/mol |       3 |  -14.87 kcal/mol
         70 |      1856565 |  -13.67 kcal/mol |  -14.56 +/-    0.42 kcal/mol |       3 |  -14.87 kcal/mol
         75 |      1988013 |  -12.48 kcal/mol |  -14.59 +/-    0.40 kcal/mol |       5 |  -14.87 kcal/mol
         80 |      2118657 |  -13.40 kcal/mol |  -14.85 +/-    0.01 kcal/mol |       3 |  -14.87 kcal/mol
         85 |      2250268 |  -14.10 kcal/mol |  -14.72 +/-    0.15 kcal/mol |       4 |  -14.87 kcal/mol
         87 |      2302730 |  -14.16 kcal/mol |  -14.75 +/-    0.12 kcal/mol |      10 |  -14.87 kcal/mol
------------+--------------+------------------+------------------------------+---------+-------------------

                                   Finished evaluation after reaching
                       2302730 evaluations. Best inter + intra   -14.87 kcal/mol.


Shutdown time 0.000637s

Job #2 took 1.247 sec after waiting 0.044 sec for setup

(Thread 0 is processing Job #2)
(Thread 0 is setting up Job #3)

Running Job #3:
    Device: NVIDIA A100-SXM4-40GB
    Grid map file: ./protein.maps.fld
    Ligand file: ./ligand_3_3.pdbqt
    Output file: docking_result_3.dlg (+ xml)
    Using heuristics: (capped) number of evaluations set to 2845257
    Overriding heuristics, setting number of evaluations to --nev = 2500000 instead.
    Local-search chosen method is: ADADELTA (ad)

Rest of Setup time 0.305087s

Executing docking runs, stopping automatically after either reaching 0.15 kcal/mol standard deviation of
the best molecules of the last 4 * 5 generations, 42000 generations, or 2500000 evaluations:

Generations |  Evaluations |     Threshold    |  Average energy of best 10%  | Samples | Best Inter + Intra
------------+--------------+------------------+------------------------------+---------+-------------------
          0 |          150 |   -2.16 kcal/mol |   -2.44 +/-    0.19 kcal/mol |      10 |   -2.86 kcal/mol
          5 |       135365 |   -2.16 kcal/mol |   -5.56 +/-    1.60 kcal/mol |    1143 |  -10.57 kcal/mol
         10 |       273324 |   -5.54 kcal/mol |   -9.63 +/-    0.74 kcal/mol |      60 |  -12.51 kcal/mol
         15 |       408813 |   -9.45 kcal/mol |  -11.91 +/-    0.70 kcal/mol |       4 |  -12.62 kcal/mol
         20 |       547785 |   -9.29 kcal/mol |  -11.61 +/-    0.65 kcal/mol |      12 |  -12.64 kcal/mol
         25 |       685651 |  -10.79 kcal/mol |  -12.33 +/-    0.32 kcal/mol |       4 |  -12.64 kcal/mol
         30 |       823440 |  -11.13 kcal/mol |  -12.39 +/-    0.42 kcal/mol |      10 |  -12.92 kcal/mol
         35 |       961634 |  -11.75 kcal/mol |  -12.78 +/-    0.20 kcal/mol |       5 |  -13.06 kcal/mol
         40 |      1097614 |  -12.19 kcal/mol |  -12.91 +/-    0.15 kcal/mol |       7 |  -13.07 kcal/mol
         45 |      1231803 |  -12.59 kcal/mol |  -13.02 +/-    0.22 kcal/mol |       7 |  -13.34 kcal/mol
         50 |      1368361 |  -12.56 kcal/mol |  -13.40 +/-    0.03 kcal/mol |       4 |  -13.42 kcal/mol
         55 |      1503833 |  -12.84 kcal/mol |  -13.24 +/-    0.30 kcal/mol |       6 |  -13.71 kcal/mol
         60 |      1636635 |  -12.50 kcal/mol |  -13.54 +/-    0.34 kcal/mol |       4 |  -13.91 kcal/mol
         65 |      1773170 |  -12.25 kcal/mol |  -13.48 +/-    0.34 kcal/mol |       4 |  -13.91 kcal/mol
         70 |      1909251 |  -12.19 kcal/mol |  -13.61 +/-    0.38 kcal/mol |       4 |  -13.91 kcal/mol
         75 |      2043320 |  -12.19 kcal/mol |  -13.47 +/-    0.31 kcal/mol |       7 |  -13.91 kcal/mol
         80 |      2177338 |  -12.80 kcal/mol |  -13.42 +/-    0.47 kcal/mol |       4 |  -13.91 kcal/mol
         85 |      2312989 |  -11.67 kcal/mol |  -13.24 +/-    0.48 kcal/mol |      14 |  -13.91 kcal/mol
         90 |      2449235 |  -12.73 kcal/mol |  -13.33 +/-    0.42 kcal/mol |       7 |  -13.93 kcal/mol
         92 |      2504675 |  -12.43 kcal/mol |  -13.81 +/-    0.18 kcal/mol |       7 |  -13.96 kcal/mol
------------+--------------+------------------+------------------------------+---------+-------------------

                                   Finished evaluation after reaching
                       2504675 evaluations. Best inter + intra   -13.96 kcal/mol.


Shutdown time 0.000641s

Job #3 took 1.348 sec after waiting 0.045 sec for setup

(Thread 0 is processing Job #3)
(Thread 0 is setting up Job #4)

Running Job #4:
    Device: NVIDIA A100-SXM4-40GB
    Grid map file: ./protein.maps.fld
    Ligand file: ./ligand_4_4.pdbqt
    Output file: docking_result_4.dlg (+ xml)
    Using heuristics: (capped) number of evaluations set to 4195460
    Overriding heuristics, setting number of evaluations to --nev = 2500000 instead.
    Warning: The set number of evals is 38.75% of the uncapped heuristics estimate of 6450800 evals.
             This means this docking may not be able to converge. Increasing --heurmax may improve
             convergence but will also increase runtime.
             AutoStop will not stop before 17.33% (433129) of the set number of evaluations.
    Local-search chosen method is: ADADELTA (ad)

Rest of Setup time 0.301945s

Executing docking runs, stopping automatically after either reaching 0.15 kcal/mol standard deviation of
the best molecules of the last 4 * 5 generations, 42000 generations, or 2500000 evaluations:

Generations |  Evaluations |     Threshold    |  Average energy of best 10%  | Samples | Best Inter + Intra
------------+--------------+------------------+------------------------------+---------+-------------------
          0 |          150 |   -1.88 kcal/mol |   -3.00 +/-    0.37 kcal/mol |       5 |   -3.66 kcal/mol
          5 |       129540 |   -1.89 kcal/mol |   -5.58 +/-    1.70 kcal/mol |    1081 |  -11.35 kcal/mol
         10 |       259870 |   -5.56 kcal/mol |  -10.02 +/-    0.74 kcal/mol |      41 |  -11.84 kcal/mol
         15 |       390771 |   -9.75 kcal/mol |  -11.86 +/-    0.58 kcal/mol |       8 |  -12.86 kcal/mol
         20 |       523712 |  -10.76 kcal/mol |  -12.91 +/-    0.30 kcal/mol |       5 |  -13.39 kcal/mol
         25 |       658887 |  -12.01 kcal/mol |  -12.89 +/-    0.33 kcal/mol |       4 |  -13.39 kcal/mol
         30 |       795490 |  -11.65 kcal/mol |  -12.74 +/-    0.29 kcal/mol |       8 |  -13.39 kcal/mol
         35 |       930535 |  -12.21 kcal/mol |  -12.97 +/-    0.30 kcal/mol |       4 |  -13.47 kcal/mol
         40 |      1065363 |  -11.86 kcal/mol |  -12.78 +/-    0.28 kcal/mol |       9 |  -13.47 kcal/mol
         45 |      1198844 |  -12.32 kcal/mol |  -13.02 +/-    0.23 kcal/mol |       6 |  -13.47 kcal/mol
         50 |      1332063 |  -12.44 kcal/mol |  -13.07 +/-    0.21 kcal/mol |       6 |  -13.47 kcal/mol
         55 |      1466925 |  -12.55 kcal/mol |  -13.25 +/-    0.24 kcal/mol |       4 |  -13.47 kcal/mol
         60 |      1596588 |  -12.33 kcal/mol |  -13.12 +/-    0.23 kcal/mol |      12 |  -13.50 kcal/mol
         65 |      1728752 |  -12.84 kcal/mol |  -13.12 +/-    0.24 kcal/mol |       5 |  -13.54 kcal/mol
         70 |      1862179 |  -12.40 kcal/mol |  -13.24 +/-    0.24 kcal/mol |      10 |  -13.54 kcal/mol
         75 |      1995835 |  -12.89 kcal/mol |  -13.31 +/-    0.22 kcal/mol |       4 |  -13.54 kcal/mol
         80 |      2129358 |  -12.50 kcal/mol |  -13.21 +/-    0.26 kcal/mol |       5 |  -13.54 kcal/mol
         85 |      2261244 |  -12.44 kcal/mol |  -13.27 +/-    0.26 kcal/mol |      12 |  -13.69 kcal/mol
         90 |      2392659 |  -12.94 kcal/mol |  -13.90 +/-    0.21 kcal/mol |       4 |  -14.02 kcal/mol
         95 |      2527148 |  -13.12 kcal/mol |  -13.75 +/-    0.24 kcal/mol |       9 |  -14.02 kcal/mol
------------+--------------+------------------+------------------------------+---------+-------------------

                                   Finished evaluation after reaching
                       2527148 evaluations. Best inter + intra   -14.02 kcal/mol.


Shutdown time 0.000663s

Job #4 took 1.588 sec after waiting 0.049 sec for setup

(Thread 0 is processing Job #4)
(Thread 0 is setting up Job #5)

Running Job #5:
    Device: NVIDIA A100-SXM4-40GB
    Grid map file: ./protein.maps.fld
    Ligand file: ./ligand_5_5.pdbqt
    Output file: docking_result_5.dlg (+ xml)
    Using heuristics: (capped) number of evaluations set to 3487417
    Overriding heuristics, setting number of evaluations to --nev = 2500000 instead.
    Local-search chosen method is: ADADELTA (ad)

Rest of Setup time 0.302145s

Executing docking runs, stopping automatically after either reaching 0.15 kcal/mol standard deviation of
the best molecules of the last 4 * 5 generations, 42000 generations, or 2500000 evaluations:

Generations |  Evaluations |     Threshold    |  Average energy of best 10%  | Samples | Best Inter + Intra
------------+--------------+------------------+------------------------------+---------+-------------------
          0 |          150 |   -1.52 kcal/mol |   -2.47 +/-    0.32 kcal/mol |       7 |   -3.09 kcal/mol
          5 |       130385 |   -1.77 kcal/mol |   -5.40 +/-    1.79 kcal/mol |    1072 |  -13.19 kcal/mol
         10 |       261093 |   -5.37 kcal/mol |  -10.08 +/-    1.01 kcal/mol |      35 |  -13.39 kcal/mol
         15 |       395253 |   -9.65 kcal/mol |  -12.48 +/-    0.56 kcal/mol |       5 |  -13.43 kcal/mol
         20 |       531010 |  -10.79 kcal/mol |  -12.74 +/-    0.77 kcal/mol |       7 |  -14.31 kcal/mol
         25 |       666734 |  -11.09 kcal/mol |  -13.71 +/-    0.74 kcal/mol |       4 |  -14.39 kcal/mol
         30 |       803438 |  -10.96 kcal/mol |  -13.61 +/-    0.42 kcal/mol |       6 |  -14.39 kcal/mol
         35 |       942469 |  -12.56 kcal/mol |  -14.65 +/-    0.65 kcal/mol |       6 |  -15.53 kcal/mol
         40 |      1079712 |  -13.04 kcal/mol |  -13.88 +/-    1.06 kcal/mol |       4 |  -15.69 kcal/mol
         45 |      1214998 |   -9.92 kcal/mol |  -13.88 +/-    1.20 kcal/mol |      17 |  -16.02 kcal/mol
         50 |      1350555 |  -12.82 kcal/mol |  -15.25 +/-    0.98 kcal/mol |       4 |  -16.20 kcal/mol
         55 |      1485704 |  -11.55 kcal/mol |  -15.11 +/-    1.14 kcal/mol |       4 |  -16.22 kcal/mol
         60 |      1618683 |  -10.85 kcal/mol |  -14.37 +/-    1.06 kcal/mol |      13 |  -16.22 kcal/mol
         65 |      1755580 |  -13.15 kcal/mol |  -14.90 +/-    0.94 kcal/mol |       4 |  -16.22 kcal/mol
         70 |      1888951 |  -11.37 kcal/mol |  -14.45 +/-    1.03 kcal/mol |       9 |  -16.47 kcal/mol
         75 |      2019948 |  -12.72 kcal/mol |  -14.79 +/-    1.17 kcal/mol |       4 |  -16.47 kcal/mol
         80 |      2152576 |  -10.39 kcal/mol |  -14.42 +/-    1.07 kcal/mol |      14 |  -16.47 kcal/mol
         85 |      2285386 |  -13.28 kcal/mol |  -15.56 +/-    0.40 kcal/mol |       7 |  -16.47 kcal/mol
         90 |      2419054 |  -14.70 kcal/mol |  -15.82 +/-    0.30 kcal/mol |       6 |  -16.47 kcal/mol
         94 |      2525379 |  -15.06 kcal/mol |  -15.94 +/-    0.34 kcal/mol |      10 |  -16.47 kcal/mol
------------+--------------+------------------+------------------------------+---------+-------------------

                                   Finished evaluation after reaching
                       2525379 evaluations. Best inter + intra   -16.47 kcal/mol.


Shutdown time 0.000675s

Job #5 took 1.482 sec after waiting 0.061 sec for setup

(Thread 0 is processing Job #5)
(Thread 0 is setting up Job #6)

Running Job #6:
    Device: NVIDIA A100-SXM4-40GB
    Grid map file: ./protein.maps.fld
    Ligand file: ./ligand_6_6.pdbqt
    Output file: docking_result_6.dlg (+ xml)
    Using heuristics: (capped) number of evaluations set to 2068966
    Local-search chosen method is: ADADELTA (ad)

Rest of Setup time 0.306836s

Executing docking runs, stopping automatically after either reaching 0.15 kcal/mol standard deviation of
the best molecules of the last 4 * 5 generations, 42000 generations, or 2068966 evaluations:

Generations |  Evaluations |     Threshold    |  Average energy of best 10%  | Samples | Best Inter + Intra
------------+--------------+------------------+------------------------------+---------+-------------------
          0 |          150 |   -1.95 kcal/mol |   -3.17 +/-    0.32 kcal/mol |       4 |   -3.48 kcal/mol
          5 |       122913 |   -1.95 kcal/mol |   -5.49 +/-    1.67 kcal/mol |     984 |  -11.58 kcal/mol
         10 |       242510 |   -5.47 kcal/mol |  -10.02 +/-    0.83 kcal/mol |      43 |  -11.77 kcal/mol
         15 |       362653 |   -9.73 kcal/mol |  -11.78 +/-    0.35 kcal/mol |       7 |  -12.42 kcal/mol
         20 |       486568 |  -11.03 kcal/mol |  -11.93 +/-    0.32 kcal/mol |       9 |  -12.77 kcal/mol
         25 |       610423 |  -11.40 kcal/mol |  -12.67 +/-    0.48 kcal/mol |       4 |  -13.42 kcal/mol
         30 |       735505 |  -10.87 kcal/mol |  -12.56 +/-    0.58 kcal/mol |      16 |  -13.59 kcal/mol
         35 |       859102 |  -12.01 kcal/mol |  -13.78 +/-    0.40 kcal/mol |       6 |  -14.31 kcal/mol
         40 |       984150 |  -12.79 kcal/mol |  -13.90 +/-    0.33 kcal/mol |       5 |  -14.31 kcal/mol
         45 |      1108714 |  -12.90 kcal/mol |  -13.94 +/-    0.35 kcal/mol |       6 |  -14.45 kcal/mol
         50 |      1229001 |  -13.07 kcal/mol |  -13.87 +/-    0.34 kcal/mol |       4 |  -14.45 kcal/mol
         55 |      1352889 |  -12.58 kcal/mol |  -13.76 +/-    0.29 kcal/mol |      10 |  -14.45 kcal/mol
         60 |      1473563 |  -13.32 kcal/mol |  -14.09 +/-    0.23 kcal/mol |       4 |  -14.45 kcal/mol
         65 |      1597863 |  -13.21 kcal/mol |  -14.16 +/-    0.18 kcal/mol |       4 |  -14.45 kcal/mol
         70 |      1722105 |  -13.47 kcal/mol |  -14.24 +/-    0.22 kcal/mol |       4 |  -14.45 kcal/mol
         75 |      1844689 |  -13.42 kcal/mol |  -14.06 +/-    0.29 kcal/mol |       4 |  -14.45 kcal/mol
         80 |      1970163 |  -12.96 kcal/mol |  -14.12 +/-    0.33 kcal/mol |      11 |  -14.45 kcal/mol
         84 |      2070955 |  -13.66 kcal/mol |  -14.11 +/-    0.28 kcal/mol |      21 |  -14.45 kcal/mol
------------+--------------+------------------+------------------------------+---------+-------------------

                                   Finished evaluation after reaching
                       2070955 evaluations. Best inter + intra   -14.45 kcal/mol.


Shutdown time 0.000655s

Job #6 took 1.129 sec after waiting 0.053 sec for setup

(Thread 0 is processing Job #6)
(Thread 0 is setting up Job #7)

Running Job #7:
    Device: NVIDIA A100-SXM4-40GB
    Grid map file: ./protein.maps.fld
    Ligand file: ./ligand_7_7.pdbqt
    Output file: docking_result_7.dlg (+ xml)
    Using heuristics: (capped) number of evaluations set to 2068966
    Local-search chosen method is: ADADELTA (ad)

Rest of Setup time 0.306326s

Executing docking runs, stopping automatically after either reaching 0.15 kcal/mol standard deviation of
the best molecules of the last 4 * 5 generations, 42000 generations, or 2068966 evaluations:

Generations |  Evaluations |     Threshold    |  Average energy of best 10%  | Samples | Best Inter + Intra
------------+--------------+------------------+------------------------------+---------+-------------------
          0 |          150 |   -1.98 kcal/mol |   -2.40 +/-    0.17 kcal/mol |       6 |   -2.65 kcal/mol
          5 |       126311 |   -1.98 kcal/mol |   -5.20 +/-    1.65 kcal/mol |     918 |  -11.66 kcal/mol
         10 |       251569 |   -5.17 kcal/mol |   -9.58 +/-    0.91 kcal/mol |      31 |  -11.66 kcal/mol
         15 |       380086 |   -9.14 kcal/mol |  -11.90 +/-    0.29 kcal/mol |       5 |  -12.10 kcal/mol
         20 |       510930 |  -11.03 kcal/mol |  -11.75 +/-    0.40 kcal/mol |       4 |  -12.22 kcal/mol
         25 |       639280 |  -10.23 kcal/mol |  -11.85 +/-    0.48 kcal/mol |       6 |  -12.54 kcal/mol
         30 |       768852 |  -10.66 kcal/mol |  -12.34 +/-    0.16 kcal/mol |       7 |  -12.54 kcal/mol
         35 |       898486 |  -12.00 kcal/mol |  -12.39 +/-    0.10 kcal/mol |       5 |  -12.54 kcal/mol
         40 |      1027305 |  -12.11 kcal/mol |  -12.55 +/-    0.20 kcal/mol |       8 |  -13.03 kcal/mol
         45 |      1156200 |  -12.18 kcal/mol |  -12.73 +/-    0.24 kcal/mol |       5 |  -13.03 kcal/mol
         50 |      1285508 |  -12.02 kcal/mol |  -12.86 +/-    0.19 kcal/mol |       9 |  -13.03 kcal/mol
         55 |      1415241 |  -12.53 kcal/mol |  -12.90 +/-    0.20 kcal/mol |       4 |  -13.04 kcal/mol
         60 |      1542122 |  -12.13 kcal/mol |  -12.58 +/-    0.17 kcal/mol |       9 |  -13.04 kcal/mol
         65 |      1669871 |  -12.29 kcal/mol |  -12.81 +/-    0.17 kcal/mol |       7 |  -13.04 kcal/mol
         70 |      1798387 |  -12.45 kcal/mol |  -12.73 +/-    0.18 kcal/mol |      14 |  -13.04 kcal/mol
         75 |      1927815 |  -12.54 kcal/mol |  -12.88 +/-    0.13 kcal/mol |       7 |  -13.04 kcal/mol
         80 |      2058069 |  -12.60 kcal/mol |  -12.94 +/-    0.09 kcal/mol |      13 |  -13.04 kcal/mol
         81 |      2083895 |  -12.83 kcal/mol |  -12.95 +/-    0.08 kcal/mol |      22 |  -13.04 kcal/mol
------------+--------------+------------------+------------------------------+---------+-------------------

                                   Finished evaluation after reaching
                       2083895 evaluations. Best inter + intra   -13.04 kcal/mol.


Shutdown time 0.000638s

Job #7 took 1.026 sec after waiting 0.041 sec for setup

(Thread 0 is processing Job #7)
(Thread 0 is setting up Job #8)

Running Job #8:
    Device: NVIDIA A100-SXM4-40GB
    Grid map file: ./protein.maps.fld
    Ligand file: ./ligand_8_8.pdbqt
    Output file: docking_result_8.dlg (+ xml)
    Using heuristics: (capped) number of evaluations set to 2068966
    Local-search chosen method is: ADADELTA (ad)

Rest of Setup time 0.302711s

Executing docking runs, stopping automatically after either reaching 0.15 kcal/mol standard deviation of
the best molecules of the last 4 * 5 generations, 42000 generations, or 2068966 evaluations:

Generations |  Evaluations |     Threshold    |  Average energy of best 10%  | Samples | Best Inter + Intra
------------+--------------+------------------+------------------------------+---------+-------------------
          0 |          150 |   -1.75 kcal/mol |   -2.73 +/-    0.32 kcal/mol |       7 |   -3.29 kcal/mol
          5 |       121095 |   -2.04 kcal/mol |   -5.25 +/-    1.52 kcal/mol |     874 |  -11.37 kcal/mol
         10 |       239569 |   -5.23 kcal/mol |   -9.60 +/-    1.07 kcal/mol |      32 |  -12.86 kcal/mol
         15 |       362172 |   -9.09 kcal/mol |  -12.32 +/-    0.62 kcal/mol |       6 |  -12.87 kcal/mol
         20 |       485771 |  -10.77 kcal/mol |  -12.51 +/-    0.29 kcal/mol |       6 |  -12.90 kcal/mol
         25 |       609333 |  -11.78 kcal/mol |  -12.69 +/-    0.23 kcal/mol |       5 |  -12.90 kcal/mol
         30 |       733525 |  -12.00 kcal/mol |  -12.92 +/-    0.08 kcal/mol |       4 |  -13.06 kcal/mol
         35 |       857912 |  -12.62 kcal/mol |  -12.94 +/-    0.08 kcal/mol |       4 |  -13.06 kcal/mol
         40 |       983208 |  -12.64 kcal/mol |  -12.84 +/-    0.13 kcal/mol |       9 |  -13.06 kcal/mol
         45 |      1106363 |  -12.62 kcal/mol |  -12.94 +/-    0.09 kcal/mol |       7 |  -13.06 kcal/mol
------------+--------------+------------------+------------------------------+---------+-------------------

                                   Finished evaluation after reaching
                                  -12.90 +/-    0.11 kcal/mol combined.
                             24 samples, best inter + intra   -13.06 kcal/mol.


Shutdown time 0.000635s

Job #8 took 0.738 sec after waiting 0.036 sec for setup

(Thread 0 is processing Job #8)
Run time of entire job set (8 files): 14.336 sec
Savings from multithreading: -0.001 sec
Idle time of execution thread: 4.857 sec

All jobs (8) ran without errors.
