AutoDock-GPU version: v1.6-7-ga46ab564d2ac5f1a1523f65239b43505a1c29364-dirty

Using 1 OpenMP threads

Running 10 docking calculations

Cuda device:                              NVIDIA A100-SXM4-40GB
Available memory on device:               39916 MB (total: 40339 MB)

CUDA Setup time 0.231257s
(Thread 0 is setting up Job #1)

Running Job #1:
    Device: NVIDIA A100-SXM4-40GB
    Grid map file: ./protein.maps.fld
    Ligand file: ./ligand_1_1.pdbqt
    Output file: docking_result_1.dlg (+ xml)
    Using heuristics: (capped) number of evaluations set to 7973093
    Overriding heuristics, setting number of evaluations to --nev = 2500000 instead.
    Warning: The set number of evals is 10.52% of the uncapped heuristics estimate of 23759450 evals.
             This means this docking may not be able to converge. Increasing --heurmax may improve
             convergence but will also increase runtime.
             AutoStop will not stop before 76.79% (1919714) of the set number of evaluations.
    Local-search chosen method is: ADADELTA (ad)

Rest of Setup time 0.308871s

Executing docking runs, stopping automatically after either reaching 0.15 kcal/mol standard deviation of
the best molecules of the last 4 * 5 generations, 42000 generations, or 2500000 evaluations:

Generations |  Evaluations |     Threshold    |  Average energy of best 10%  | Samples | Best Inter + Intra
------------+--------------+------------------+------------------------------+---------+-------------------
          0 |          150 |  413.55 kcal/mol |  200.68 +/-   62.21 kcal/mol |       6 |   82.81 kcal/mol
          5 |       120919 |  356.21 kcal/mol |   13.03 +/-   32.70 kcal/mol |    1142 |   -9.99 kcal/mol
         10 |       231440 |   13.46 kcal/mol |  -10.62 +/-    0.73 kcal/mol |       4 |  -11.41 kcal/mol
         15 |       340539 |   -7.87 kcal/mol |  -10.23 +/-    0.87 kcal/mol |       9 |  -12.01 kcal/mol
         20 |       453156 |   -8.77 kcal/mol |  -11.67 +/-    0.40 kcal/mol |       4 |  -12.01 kcal/mol
         25 |       564944 |  -10.16 kcal/mol |  -11.58 +/-    0.79 kcal/mol |       4 |  -12.65 kcal/mol
         30 |       677670 |   -8.60 kcal/mol |  -11.50 +/-    0.89 kcal/mol |      11 |  -12.94 kcal/mol
         35 |       787774 |  -10.28 kcal/mol |  -12.02 +/-    0.70 kcal/mol |       4 |  -12.94 kcal/mol
         40 |       897507 |   -9.39 kcal/mol |  -11.54 +/-    0.62 kcal/mol |      10 |  -12.94 kcal/mol
         45 |      1004381 |  -10.60 kcal/mol |  -12.23 +/-    0.47 kcal/mol |       4 |  -12.94 kcal/mol
         50 |      1110784 |  -10.46 kcal/mol |  -11.85 +/-    0.47 kcal/mol |       9 |  -12.94 kcal/mol
         55 |      1217058 |  -11.06 kcal/mol |  -12.52 +/-    0.27 kcal/mol |       4 |  -12.94 kcal/mol
         60 |      1318730 |  -11.50 kcal/mol |  -12.48 +/-    0.31 kcal/mol |       6 |  -12.94 kcal/mol
         65 |      1418671 |  -11.71 kcal/mol |  -12.64 +/-    0.16 kcal/mol |       5 |  -12.94 kcal/mol
         70 |      1516512 |  -12.14 kcal/mol |  -12.64 +/-    0.13 kcal/mol |       9 |  -12.94 kcal/mol
         75 |      1611902 |  -12.43 kcal/mol |  -12.73 +/-    0.22 kcal/mol |       6 |  -13.04 kcal/mol
         80 |      1706408 |  -12.18 kcal/mol |  -13.04 +/-    0.23 kcal/mol |       5 |  -13.42 kcal/mol
         85 |      1798764 |  -12.34 kcal/mol |  -13.65 +/-    0.75 kcal/mol |       4 |  -14.40 kcal/mol
         90 |      1888419 |  -10.82 kcal/mol |  -12.98 +/-    0.55 kcal/mol |       9 |  -14.40 kcal/mol
         95 |      1976470 |  -12.05 kcal/mol |  -13.59 +/-    0.47 kcal/mol |       4 |  -14.40 kcal/mol
        100 |      2064155 |  -11.85 kcal/mol |  -13.45 +/-    0.51 kcal/mol |       7 |  -14.40 kcal/mol
        105 |      2148612 |  -12.36 kcal/mol |  -13.41 +/-    0.68 kcal/mol |       5 |  -14.40 kcal/mol
        110 |      2231826 |  -11.38 kcal/mol |  -13.55 +/-    0.53 kcal/mol |       5 |  -14.40 kcal/mol
        115 |      2316166 |  -11.95 kcal/mol |  -13.57 +/-    0.52 kcal/mol |       5 |  -14.40 kcal/mol
        120 |      2398832 |  -12.01 kcal/mol |  -13.71 +/-    0.49 kcal/mol |       4 |  -14.40 kcal/mol
        125 |      2482700 |  -11.88 kcal/mol |  -13.63 +/-    0.54 kcal/mol |       5 |  -14.54 kcal/mol
        127 |      2515794 |  -12.02 kcal/mol |  -13.67 +/-    0.50 kcal/mol |      11 |  -14.54 kcal/mol
------------+--------------+------------------+------------------------------+---------+-------------------

                                   Finished evaluation after reaching
                       2515794 evaluations. Best inter + intra   -14.54 kcal/mol.


Shutdown time 0.000653s

Job #1 took 1.788 sec after waiting 4.449 sec for setup

(Thread 0 is processing Job #1)
(Thread 0 is setting up Job #2)

Running Job #2:
    Device: NVIDIA A100-SXM4-40GB
    Grid map file: ./protein.maps.fld
    Ligand file: ./ligand_2_2.pdbqt
    Output file: docking_result_2.dlg (+ xml)
    Using heuristics: (capped) number of evaluations set to 7973093
    Overriding heuristics, setting number of evaluations to --nev = 2500000 instead.
    Warning: The set number of evals is 10.52% of the uncapped heuristics estimate of 23759450 evals.
             This means this docking may not be able to converge. Increasing --heurmax may improve
             convergence but will also increase runtime.
             AutoStop will not stop before 76.79% (1919714) of the set number of evaluations.
    Local-search chosen method is: ADADELTA (ad)

Rest of Setup time 0.303781s

Executing docking runs, stopping automatically after either reaching 0.15 kcal/mol standard deviation of
the best molecules of the last 4 * 5 generations, 42000 generations, or 2500000 evaluations:

Generations |  Evaluations |     Threshold    |  Average energy of best 10%  | Samples | Best Inter + Intra
------------+--------------+------------------+------------------------------+---------+-------------------
          0 |          150 |  264.80 kcal/mol |  196.19 +/-   18.30 kcal/mol |       4 |  167.66 kcal/mol
          5 |       120571 |  264.80 kcal/mol |    8.47 +/-   25.78 kcal/mol |    1129 |   -8.72 kcal/mol
         10 |       228134 |    8.81 kcal/mol |  -10.41 +/-    1.29 kcal/mol |       7 |  -13.42 kcal/mol
         15 |       338835 |   -7.65 kcal/mol |  -11.18 +/-    1.07 kcal/mol |       6 |  -13.42 kcal/mol
         20 |       449657 |   -8.51 kcal/mol |  -11.70 +/-    0.92 kcal/mol |       6 |  -13.42 kcal/mol
         25 |       560211 |   -9.41 kcal/mol |  -12.72 +/-    0.65 kcal/mol |       5 |  -13.42 kcal/mol
         30 |       671605 |  -10.77 kcal/mol |  -13.06 +/-    0.42 kcal/mol |       4 |  -13.45 kcal/mol
         35 |       779900 |  -11.47 kcal/mol |  -12.52 +/-    0.80 kcal/mol |       5 |  -13.45 kcal/mol
         40 |       888480 |  -10.13 kcal/mol |  -12.74 +/-    0.60 kcal/mol |       5 |  -13.45 kcal/mol
         45 |       994844 |  -10.94 kcal/mol |  -12.92 +/-    0.46 kcal/mol |       5 |  -13.45 kcal/mol
         50 |      1098995 |  -11.53 kcal/mol |  -13.35 +/-    0.47 kcal/mol |       4 |  -14.09 kcal/mol
         55 |      1200657 |  -11.61 kcal/mol |  -13.27 +/-    0.39 kcal/mol |       6 |  -14.09 kcal/mol
         60 |      1299986 |  -12.29 kcal/mol |  -13.23 +/-    0.62 kcal/mol |       4 |  -14.09 kcal/mol
         65 |      1397537 |  -10.92 kcal/mol |  -13.08 +/-    0.65 kcal/mol |       6 |  -14.09 kcal/mol
         70 |      1494128 |  -11.44 kcal/mol |  -13.32 +/-    0.40 kcal/mol |       6 |  -14.09 kcal/mol
         75 |      1587277 |  -12.32 kcal/mol |  -13.36 +/-    0.48 kcal/mol |       4 |  -14.09 kcal/mol
         80 |      1681491 |  -11.55 kcal/mol |  -13.34 +/-    0.60 kcal/mol |       6 |  -14.09 kcal/mol
         85 |      1774711 |  -11.84 kcal/mol |  -13.52 +/-    0.34 kcal/mol |       4 |  -14.09 kcal/mol
         90 |      1863539 |  -12.23 kcal/mol |  -13.37 +/-    0.34 kcal/mol |       6 |  -14.09 kcal/mol
         95 |      1953072 |  -12.53 kcal/mol |  -13.48 +/-    0.36 kcal/mol |       4 |  -14.09 kcal/mol
        100 |      2041248 |  -12.12 kcal/mol |  -13.33 +/-    0.37 kcal/mol |       6 |  -14.09 kcal/mol
        105 |      2125809 |  -12.41 kcal/mol |  -13.47 +/-    0.37 kcal/mol |       4 |  -14.09 kcal/mol
        110 |      2210569 |  -12.08 kcal/mol |  -13.33 +/-    0.33 kcal/mol |       7 |  -14.09 kcal/mol
        115 |      2296452 |  -12.63 kcal/mol |  -13.54 +/-    0.33 kcal/mol |       4 |  -14.09 kcal/mol
        120 |      2379858 |  -12.30 kcal/mol |  -13.38 +/-    0.31 kcal/mol |      10 |  -14.24 kcal/mol
        125 |      2463401 |  -12.91 kcal/mol |  -13.58 +/-    0.39 kcal/mol |       4 |  -14.24 kcal/mol
        128 |      2513308 |  -12.10 kcal/mol |  -13.57 +/-    0.42 kcal/mol |      11 |  -14.24 kcal/mol
------------+--------------+------------------+------------------------------+---------+-------------------

                                   Finished evaluation after reaching
                       2513308 evaluations. Best inter + intra   -14.24 kcal/mol.


Shutdown time 0.000649s

Job #2 took 1.694 sec after waiting 0.061 sec for setup

(Thread 0 is processing Job #2)
(Thread 0 is setting up Job #3)

Running Job #3:
    Device: NVIDIA A100-SXM4-40GB
    Grid map file: ./protein.maps.fld
    Ligand file: ./ligand_3_3.pdbqt
    Output file: docking_result_3.dlg (+ xml)
    Using heuristics: (capped) number of evaluations set to 7973093
    Overriding heuristics, setting number of evaluations to --nev = 2500000 instead.
    Warning: The set number of evals is 10.52% of the uncapped heuristics estimate of 23759450 evals.
             This means this docking may not be able to converge. Increasing --heurmax may improve
             convergence but will also increase runtime.
             AutoStop will not stop before 76.79% (1919714) of the set number of evaluations.
    Local-search chosen method is: ADADELTA (ad)

Rest of Setup time 0.304803s

Executing docking runs, stopping automatically after either reaching 0.15 kcal/mol standard deviation of
the best molecules of the last 4 * 5 generations, 42000 generations, or 2500000 evaluations:

Generations |  Evaluations |     Threshold    |  Average energy of best 10%  | Samples | Best Inter + Intra
------------+--------------+------------------+------------------------------+---------+-------------------
          0 |          150 |  281.90 kcal/mol |  234.52 +/-   12.75 kcal/mol |       4 |  212.95 kcal/mol
          5 |       120530 |  282.34 kcal/mol |    9.59 +/-   28.54 kcal/mol |    1120 |  -10.51 kcal/mol
         10 |       231713 |    9.97 kcal/mol |  -10.50 +/-    0.38 kcal/mol |       5 |  -10.91 kcal/mol
         15 |       345737 |   -9.34 kcal/mol |  -10.82 +/-    0.37 kcal/mol |       8 |  -11.37 kcal/mol
         20 |       459493 |  -10.13 kcal/mol |  -11.25 +/-    0.33 kcal/mol |       4 |  -11.73 kcal/mol
         25 |       569963 |  -10.02 kcal/mol |  -11.38 +/-    0.34 kcal/mol |       5 |  -11.75 kcal/mol
         30 |       679649 |  -10.37 kcal/mol |  -12.42 +/-    0.63 kcal/mol |       8 |  -13.30 kcal/mol
         35 |       787636 |  -11.23 kcal/mol |  -12.55 +/-    0.47 kcal/mol |       4 |  -13.30 kcal/mol
         40 |       894535 |  -10.77 kcal/mol |  -12.18 +/-    0.53 kcal/mol |      10 |  -13.30 kcal/mol
         45 |       998615 |  -11.39 kcal/mol |  -12.88 +/-    0.38 kcal/mol |       5 |  -13.30 kcal/mol
         50 |      1099021 |  -11.75 kcal/mol |  -12.81 +/-    0.33 kcal/mol |       4 |  -13.30 kcal/mol
         55 |      1200603 |  -11.59 kcal/mol |  -13.09 +/-    0.27 kcal/mol |       5 |  -13.30 kcal/mol
         60 |      1298987 |  -12.26 kcal/mol |  -12.85 +/-    0.36 kcal/mol |       4 |  -13.42 kcal/mol
         65 |      1396042 |  -11.51 kcal/mol |  -13.11 +/-    0.43 kcal/mol |       5 |  -13.97 kcal/mol
         70 |      1491779 |  -11.82 kcal/mol |  -13.16 +/-    0.47 kcal/mol |       4 |  -13.97 kcal/mol
         75 |      1586574 |  -11.40 kcal/mol |  -13.03 +/-    0.60 kcal/mol |       4 |  -13.97 kcal/mol
         80 |      1680762 |  -10.79 kcal/mol |  -13.15 +/-    0.62 kcal/mol |       4 |  -13.97 kcal/mol
         85 |      1774975 |  -10.83 kcal/mol |  -13.47 +/-    0.60 kcal/mol |       7 |  -13.97 kcal/mol
         90 |      1867811 |  -12.18 kcal/mol |  -13.84 +/-    0.15 kcal/mol |       6 |  -13.97 kcal/mol
         95 |      1960275 |  -13.46 kcal/mol |  -13.95 +/-    0.02 kcal/mol |       2 |  -13.97 kcal/mol
        100 |      2051607 |  -12.83 kcal/mol |  -13.59 +/-    0.52 kcal/mol |       3 |  -13.97 kcal/mol
        105 |      2141865 |  -11.00 kcal/mol |  -12.82 +/-    0.81 kcal/mol |       9 |  -13.97 kcal/mol
        110 |      2231659 |  -11.46 kcal/mol |  -13.67 +/-    0.47 kcal/mol |       4 |  -13.97 kcal/mol
        115 |      2321385 |  -11.90 kcal/mol |  -13.29 +/-    0.72 kcal/mol |       4 |  -14.04 kcal/mol
        120 |      2410507 |  -10.58 kcal/mol |  -12.88 +/-    0.71 kcal/mol |      15 |  -14.04 kcal/mol
        125 |      2496117 |  -12.16 kcal/mol |  -13.67 +/-    0.48 kcal/mol |       4 |  -14.04 kcal/mol
        126 |      2513012 |  -11.89 kcal/mol |  -13.79 +/-    0.39 kcal/mol |       7 |  -14.04 kcal/mol
------------+--------------+------------------+------------------------------+---------+-------------------

                                   Finished evaluation after reaching
                       2513012 evaluations. Best inter + intra   -14.04 kcal/mol.


Shutdown time 0.000668s

Job #3 took 1.691 sec after waiting 0.060 sec for setup

(Thread 0 is processing Job #3)
(Thread 0 is setting up Job #4)

Running Job #4:
    Device: NVIDIA A100-SXM4-40GB
    Grid map file: ./protein.maps.fld
    Ligand file: ./ligand_4_4.pdbqt
    Output file: docking_result_4.dlg (+ xml)
    Using heuristics: (capped) number of evaluations set to 7266276
    Overriding heuristics, setting number of evaluations to --nev = 2500000 instead.
    Warning: The set number of evals is 13.57% of the uncapped heuristics estimate of 18420020 evals.
             This means this docking may not be able to converge. Increasing --heurmax may improve
             convergence but will also increase runtime.
             AutoStop will not stop before 66.37% (1659273) of the set number of evaluations.
    Local-search chosen method is: ADADELTA (ad)

Rest of Setup time 0.305340s

Executing docking runs, stopping automatically after either reaching 0.15 kcal/mol standard deviation of
the best molecules of the last 4 * 5 generations, 42000 generations, or 2500000 evaluations:

Generations |  Evaluations |     Threshold    |  Average energy of best 10%  | Samples | Best Inter + Intra
------------+--------------+------------------+------------------------------+---------+-------------------
          0 |          150 |  163.90 kcal/mol |  131.64 +/-    8.60 kcal/mol |       4 |  119.49 kcal/mol
          5 |       118063 |  163.90 kcal/mol |    7.73 +/-   19.80 kcal/mol |    1121 |  -10.35 kcal/mol
         10 |       227499 |    8.00 kcal/mol |   -9.46 +/-    0.52 kcal/mol |       4 |  -10.35 kcal/mol
         15 |       337839 |   -7.50 kcal/mol |   -9.59 +/-    0.72 kcal/mol |      14 |  -10.78 kcal/mol
         20 |       448554 |   -8.82 kcal/mol |  -10.30 +/-    0.69 kcal/mol |       4 |  -11.29 kcal/mol
         25 |       558887 |   -7.70 kcal/mol |   -9.82 +/-    0.65 kcal/mol |      16 |  -11.29 kcal/mol
         30 |       670179 |   -9.21 kcal/mol |  -11.01 +/-    0.38 kcal/mol |       4 |  -11.29 kcal/mol
         35 |       778554 |   -9.57 kcal/mol |  -11.17 +/-    0.86 kcal/mol |      11 |  -12.87 kcal/mol
         40 |       886363 |  -10.00 kcal/mol |  -11.99 +/-    0.62 kcal/mol |       5 |  -12.87 kcal/mol
         45 |       990393 |  -10.14 kcal/mol |  -12.34 +/-    0.46 kcal/mol |       9 |  -13.15 kcal/mol
         50 |      1092187 |  -11.58 kcal/mol |  -12.73 +/-    0.44 kcal/mol |       4 |  -13.15 kcal/mol
         55 |      1193700 |  -11.10 kcal/mol |  -12.67 +/-    0.30 kcal/mol |       7 |  -13.15 kcal/mol
         60 |      1293064 |  -12.03 kcal/mol |  -12.96 +/-    0.11 kcal/mol |       5 |  -13.15 kcal/mol
         65 |      1391431 |  -12.64 kcal/mol |  -13.20 +/-    0.32 kcal/mol |       5 |  -13.73 kcal/mol
         70 |      1487144 |  -12.25 kcal/mol |  -13.20 +/-    0.27 kcal/mol |       7 |  -13.83 kcal/mol
         75 |      1580827 |  -12.62 kcal/mol |  -13.38 +/-    0.27 kcal/mol |       4 |  -13.83 kcal/mol
         80 |      1673158 |  -12.36 kcal/mol |  -13.22 +/-    0.26 kcal/mol |       8 |  -13.83 kcal/mol
         85 |      1765652 |  -12.74 kcal/mol |  -13.45 +/-    0.27 kcal/mol |       4 |  -13.90 kcal/mol
         90 |      1855698 |  -12.44 kcal/mol |  -13.47 +/-    0.31 kcal/mol |      10 |  -13.90 kcal/mol
         95 |      1946050 |  -13.00 kcal/mol |  -13.85 +/-    0.28 kcal/mol |       4 |  -14.29 kcal/mol
        100 |      2038195 |  -12.79 kcal/mol |  -13.91 +/-    0.33 kcal/mol |       5 |  -14.29 kcal/mol
        105 |      2129202 |  -12.93 kcal/mol |  -13.82 +/-    0.30 kcal/mol |       4 |  -14.29 kcal/mol
        110 |      2218615 |  -12.68 kcal/mol |  -13.72 +/-    0.30 kcal/mol |       7 |  -14.29 kcal/mol
        115 |      2308676 |  -13.09 kcal/mol |  -13.85 +/-    0.28 kcal/mol |       4 |  -14.29 kcal/mol
        120 |      2398660 |  -12.78 kcal/mol |  -13.98 +/-    0.23 kcal/mol |       6 |  -14.29 kcal/mol
        125 |      2487902 |  -13.41 kcal/mol |  -13.93 +/-    0.22 kcal/mol |       4 |  -14.29 kcal/mol
        126 |      2505128 |  -13.09 kcal/mol |  -13.93 +/-    0.22 kcal/mol |       8 |  -14.29 kcal/mol
------------+--------------+------------------+------------------------------+---------+-------------------

                                   Finished evaluation after reaching
                       2505128 evaluations. Best inter + intra   -14.29 kcal/mol.


Shutdown time 0.000671s

Job #4 took 1.711 sec after waiting 0.060 sec for setup

(Thread 0 is processing Job #4)
(Thread 0 is setting up Job #5)

Running Job #5:
    Device: NVIDIA A100-SXM4-40GB
    Grid map file: ./protein.maps.fld
    Ligand file: ./ligand_5_5.pdbqt
    Output file: docking_result_5.dlg (+ xml)
    Using heuristics: (capped) number of evaluations set to 2068966
    Local-search chosen method is: ADADELTA (ad)

Rest of Setup time 0.307591s

Executing docking runs, stopping automatically after either reaching 0.15 kcal/mol standard deviation of
the best molecules of the last 4 * 5 generations, 42000 generations, or 2068966 evaluations:

Generations |  Evaluations |     Threshold    |  Average energy of best 10%  | Samples | Best Inter + Intra
------------+--------------+------------------+------------------------------+---------+-------------------
          0 |          150 |   -2.61 kcal/mol |   -3.31 +/-    0.23 kcal/mol |       5 |   -3.58 kcal/mol
          5 |       123973 |   -2.63 kcal/mol |   -6.32 +/-    1.73 kcal/mol |     997 |  -11.60 kcal/mol
         10 |       247535 |   -6.29 kcal/mol |  -10.69 +/-    0.81 kcal/mol |      51 |  -13.65 kcal/mol
         15 |       375864 |  -10.45 kcal/mol |  -13.58 +/-    0.88 kcal/mol |       7 |  -15.34 kcal/mol
         20 |       503735 |  -11.69 kcal/mol |  -13.88 +/-    0.58 kcal/mol |       8 |  -15.34 kcal/mol
         25 |       633581 |  -12.80 kcal/mol |  -14.52 +/-    0.42 kcal/mol |       5 |  -15.34 kcal/mol
         30 |       762812 |  -13.26 kcal/mol |  -14.51 +/-    0.40 kcal/mol |      10 |  -15.34 kcal/mol
         35 |       893931 |  -13.91 kcal/mol |  -14.79 +/-    0.39 kcal/mol |       4 |  -15.36 kcal/mol
         40 |      1023627 |  -13.33 kcal/mol |  -15.46 +/-    1.27 kcal/mol |       6 |  -17.18 kcal/mol
         45 |      1153204 |  -12.29 kcal/mol |  -15.48 +/-    0.73 kcal/mol |       8 |  -17.41 kcal/mol
         50 |      1284079 |  -14.11 kcal/mol |  -16.38 +/-    1.02 kcal/mol |       4 |  -17.41 kcal/mol
         55 |      1415753 |  -12.56 kcal/mol |  -15.68 +/-    1.05 kcal/mol |       4 |  -17.41 kcal/mol
         60 |      1544421 |  -11.73 kcal/mol |  -14.87 +/-    0.96 kcal/mol |      10 |  -17.41 kcal/mol
         65 |      1679232 |  -13.43 kcal/mol |  -16.45 +/-    1.08 kcal/mol |       4 |  -17.63 kcal/mol
         70 |      1810529 |  -12.41 kcal/mol |  -16.00 +/-    1.37 kcal/mol |       6 |  -17.93 kcal/mol
         75 |      1941807 |  -12.59 kcal/mol |  -17.08 +/-    1.01 kcal/mol |       4 |  -17.94 kcal/mol
         80 |      2075674 |  -13.30 kcal/mol |  -16.71 +/-    1.18 kcal/mol |       7 |  -17.94 kcal/mol
------------+--------------+------------------+------------------------------+---------+-------------------

                                   Finished evaluation after reaching
                       2075674 evaluations. Best inter + intra   -17.94 kcal/mol.


Shutdown time 0.000736s

Job #5 took 1.261 sec after waiting 0.059 sec for setup

(Thread 0 is processing Job #5)
(Thread 0 is setting up Job #6)

Running Job #6:
    Device: NVIDIA A100-SXM4-40GB
    Grid map file: ./protein.maps.fld
    Ligand file: ./ligand_6_6.pdbqt
    Output file: docking_result_6.dlg (+ xml)
    Using heuristics: (capped) number of evaluations set to 2068966
    Local-search chosen method is: ADADELTA (ad)

Rest of Setup time 0.304717s

Executing docking runs, stopping automatically after either reaching 0.15 kcal/mol standard deviation of
the best molecules of the last 4 * 5 generations, 42000 generations, or 2068966 evaluations:

Generations |  Evaluations |     Threshold    |  Average energy of best 10%  | Samples | Best Inter + Intra
------------+--------------+------------------+------------------------------+---------+-------------------
          0 |          150 |   -1.43 kcal/mol |   -2.87 +/-    0.44 kcal/mol |       6 |   -3.60 kcal/mol
          5 |       123060 |   -1.78 kcal/mol |   -5.40 +/-    1.66 kcal/mol |     918 |  -11.80 kcal/mol
         10 |       247934 |   -5.38 kcal/mol |   -9.96 +/-    1.23 kcal/mol |      35 |  -13.15 kcal/mol
         15 |       374011 |   -9.43 kcal/mol |  -12.90 +/-    0.22 kcal/mol |       5 |  -13.15 kcal/mol
         20 |       500866 |  -12.23 kcal/mol |  -13.26 +/-    0.46 kcal/mol |       6 |  -14.04 kcal/mol
         25 |       629019 |  -12.12 kcal/mol |  -13.61 +/-    0.26 kcal/mol |       7 |  -14.21 kcal/mol
         30 |       758365 |  -13.06 kcal/mol |  -14.15 +/-    0.31 kcal/mol |       8 |  -14.68 kcal/mol
         35 |       887916 |  -13.57 kcal/mol |  -14.70 +/-    0.22 kcal/mol |       4 |  -14.96 kcal/mol
         40 |      1016968 |  -13.87 kcal/mol |  -14.86 +/-    0.13 kcal/mol |       5 |  -14.96 kcal/mol
         45 |      1145504 |  -14.48 kcal/mol |  -14.85 +/-    0.11 kcal/mol |       5 |  -14.96 kcal/mol
         50 |      1275134 |  -14.51 kcal/mol |  -14.87 +/-    0.15 kcal/mol |      11 |  -15.11 kcal/mol
         55 |      1405561 |  -14.67 kcal/mol |  -14.92 +/-    0.16 kcal/mol |       8 |  -15.11 kcal/mol
         60 |      1534547 |  -14.61 kcal/mol |  -15.11 +/-    0.13 kcal/mol |       7 |  -15.23 kcal/mol
         65 |      1664633 |  -14.82 kcal/mol |  -15.06 +/-    0.17 kcal/mol |       4 |  -15.30 kcal/mol
         70 |      1794456 |  -14.44 kcal/mol |  -15.08 +/-    0.18 kcal/mol |       8 |  -15.36 kcal/mol
         75 |      1924985 |  -14.74 kcal/mol |  -15.36 +/-    0.25 kcal/mol |       6 |  -15.89 kcal/mol
         80 |      2054826 |  -14.73 kcal/mol |  -15.89 +/-    0.22 kcal/mol |       6 |  -16.01 kcal/mol
         81 |      2080340 |  -15.35 kcal/mol |  -15.92 +/-    0.19 kcal/mol |       8 |  -16.01 kcal/mol
------------+--------------+------------------+------------------------------+---------+-------------------

                                   Finished evaluation after reaching
                       2080340 evaluations. Best inter + intra   -16.01 kcal/mol.


Shutdown time 0.000644s

Job #6 took 1.109 sec after waiting 0.054 sec for setup

(Thread 0 is processing Job #6)
(Thread 0 is setting up Job #7)

Running Job #7:
    Device: NVIDIA A100-SXM4-40GB
    Grid map file: ./protein.maps.fld
    Ligand file: ./ligand_7_7.pdbqt
    Output file: docking_result_7.dlg (+ xml)
    Using heuristics: (capped) number of evaluations set to 7973093
    Overriding heuristics, setting number of evaluations to --nev = 2500000 instead.
    Warning: The set number of evals is 10.52% of the uncapped heuristics estimate of 23759450 evals.
             This means this docking may not be able to converge. Increasing --heurmax may improve
             convergence but will also increase runtime.
             AutoStop will not stop before 76.79% (1919714) of the set number of evaluations.
    Local-search chosen method is: ADADELTA (ad)

Rest of Setup time 0.305756s

Executing docking runs, stopping automatically after either reaching 0.15 kcal/mol standard deviation of
the best molecules of the last 4 * 5 generations, 42000 generations, or 2500000 evaluations:

Generations |  Evaluations |     Threshold    |  Average energy of best 10%  | Samples | Best Inter + Intra
------------+--------------+------------------+------------------------------+---------+-------------------
          0 |          150 |  276.52 kcal/mol |  200.65 +/-   22.03 kcal/mol |       4 |  166.58 kcal/mol
          5 |       120537 |  283.25 kcal/mol |    9.28 +/-   25.98 kcal/mol |    1182 |   -9.24 kcal/mol
         10 |       229085 |    9.61 kcal/mol |  -10.12 +/-    0.59 kcal/mol |       5 |  -11.27 kcal/mol
         15 |       340782 |   -8.36 kcal/mol |  -10.32 +/-    0.62 kcal/mol |       4 |  -11.27 kcal/mol
         20 |       455126 |   -8.01 kcal/mol |  -10.11 +/-    0.60 kcal/mol |       9 |  -11.27 kcal/mol
         25 |       567682 |   -9.11 kcal/mol |  -10.93 +/-    0.29 kcal/mol |       5 |  -11.27 kcal/mol
         30 |       679765 |  -10.07 kcal/mol |  -11.34 +/-    0.50 kcal/mol |       7 |  -12.15 kcal/mol
         35 |       787936 |  -10.27 kcal/mol |  -11.73 +/-    0.40 kcal/mol |       4 |  -12.15 kcal/mol
         40 |       893841 |  -10.22 kcal/mol |  -11.73 +/-    0.38 kcal/mol |       6 |  -12.15 kcal/mol
         45 |       997381 |  -10.79 kcal/mol |  -12.28 +/-    0.35 kcal/mol |       6 |  -12.74 kcal/mol
         50 |      1100194 |  -11.41 kcal/mol |  -12.33 +/-    0.31 kcal/mol |       4 |  -12.79 kcal/mol
         55 |      1203514 |  -11.16 kcal/mol |  -12.24 +/-    0.28 kcal/mol |       5 |  -12.79 kcal/mol
         60 |      1305855 |  -11.39 kcal/mol |  -12.55 +/-    0.49 kcal/mol |       4 |  -13.14 kcal/mol
         65 |      1409458 |  -10.72 kcal/mol |  -12.81 +/-    0.90 kcal/mol |       4 |  -14.19 kcal/mol
         70 |      1508865 |   -9.45 kcal/mol |  -12.27 +/-    0.73 kcal/mol |      11 |  -14.19 kcal/mol
         75 |      1608352 |  -11.27 kcal/mol |  -12.98 +/-    1.14 kcal/mol |       4 |  -14.83 kcal/mol
         80 |      1706504 |   -8.71 kcal/mol |  -12.24 +/-    1.12 kcal/mol |       8 |  -14.83 kcal/mol
         85 |      1805157 |  -10.13 kcal/mol |  -13.47 +/-    0.79 kcal/mol |       4 |  -14.83 kcal/mol
         90 |      1903766 |  -10.52 kcal/mol |  -12.69 +/-    1.11 kcal/mol |       6 |  -15.05 kcal/mol
         95 |      2002709 |   -9.91 kcal/mol |  -13.33 +/-    1.08 kcal/mol |       4 |  -15.05 kcal/mol
        100 |      2101351 |   -9.29 kcal/mol |  -12.88 +/-    1.31 kcal/mol |       8 |  -15.05 kcal/mol
        105 |      2198514 |  -10.42 kcal/mol |  -13.12 +/-    1.22 kcal/mol |       4 |  -15.05 kcal/mol
        110 |      2293340 |   -8.56 kcal/mol |  -12.08 +/-    1.02 kcal/mol |      13 |  -15.05 kcal/mol
        115 |      2387059 |  -10.91 kcal/mol |  -12.86 +/-    1.07 kcal/mol |       6 |  -15.05 kcal/mol
        120 |      2480484 |  -10.18 kcal/mol |  -13.62 +/-    1.05 kcal/mol |       6 |  -15.05 kcal/mol
        122 |      2516977 |  -11.00 kcal/mol |  -13.69 +/-    0.99 kcal/mol |       9 |  -15.05 kcal/mol
------------+--------------+------------------+------------------------------+---------+-------------------

                                   Finished evaluation after reaching
                       2516977 evaluations. Best inter + intra   -15.05 kcal/mol.


Shutdown time 0.000638s

Job #7 took 1.694 sec after waiting 0.047 sec for setup

(Thread 0 is processing Job #7)
(Thread 0 is setting up Job #8)

Running Job #8:
    Device: NVIDIA A100-SXM4-40GB
    Grid map file: ./protein.maps.fld
    Ligand file: ./ligand_8_8.pdbqt
    Output file: docking_result_8.dlg (+ xml)
    Using heuristics: (capped) number of evaluations set to 7973093
    Overriding heuristics, setting number of evaluations to --nev = 2500000 instead.
    Warning: The set number of evals is 10.52% of the uncapped heuristics estimate of 23759450 evals.
             This means this docking may not be able to converge. Increasing --heurmax may improve
             convergence but will also increase runtime.
             AutoStop will not stop before 76.79% (1919714) of the set number of evaluations.
    Local-search chosen method is: ADADELTA (ad)

Rest of Setup time 0.305447s

Executing docking runs, stopping automatically after either reaching 0.15 kcal/mol standard deviation of
the best molecules of the last 4 * 5 generations, 42000 generations, or 2500000 evaluations:

Generations |  Evaluations |     Threshold    |  Average energy of best 10%  | Samples | Best Inter + Intra
------------+--------------+------------------+------------------------------+---------+-------------------
          0 |          150 |  323.31 kcal/mol |  187.02 +/-   49.68 kcal/mol |       4 |  101.91 kcal/mol
          5 |       120667 |  373.34 kcal/mol |   11.17 +/-   33.04 kcal/mol |    1148 |  -11.15 kcal/mol
         10 |       232800 |   11.61 kcal/mol |  -11.10 +/-    0.30 kcal/mol |       4 |  -11.40 kcal/mol
         15 |       345917 |   -9.96 kcal/mol |  -11.29 +/-    0.43 kcal/mol |       5 |  -11.98 kcal/mol
         20 |       459863 |  -10.00 kcal/mol |  -11.36 +/-    0.35 kcal/mol |       5 |  -11.98 kcal/mol
         25 |       572147 |  -10.30 kcal/mol |  -11.45 +/-    0.35 kcal/mol |       4 |  -11.98 kcal/mol
         30 |       684744 |  -10.15 kcal/mol |  -11.45 +/-    0.38 kcal/mol |       7 |  -11.98 kcal/mol
         35 |       793765 |  -10.65 kcal/mol |  -11.85 +/-    0.34 kcal/mol |       6 |  -12.35 kcal/mol
         40 |       900866 |  -10.99 kcal/mol |  -12.02 +/-    0.46 kcal/mol |       4 |  -12.70 kcal/mol
         45 |      1005078 |  -10.29 kcal/mol |  -11.77 +/-    0.62 kcal/mol |      15 |  -13.47 kcal/mol
         50 |      1110058 |  -11.14 kcal/mol |  -12.82 +/-    0.62 kcal/mol |       4 |  -13.59 kcal/mol
         55 |      1213578 |  -10.52 kcal/mol |  -12.44 +/-    0.61 kcal/mol |       8 |  -13.59 kcal/mol
         60 |      1314853 |  -11.29 kcal/mol |  -12.93 +/-    0.48 kcal/mol |       4 |  -13.59 kcal/mol
         65 |      1418177 |  -11.11 kcal/mol |  -12.73 +/-    0.49 kcal/mol |       6 |  -13.59 kcal/mol
         70 |      1520690 |  -11.51 kcal/mol |  -12.98 +/-    0.39 kcal/mol |       5 |  -13.59 kcal/mol
         75 |      1621529 |  -11.81 kcal/mol |  -12.94 +/-    0.47 kcal/mol |       4 |  -13.59 kcal/mol
         80 |      1722703 |  -11.17 kcal/mol |  -12.85 +/-    0.47 kcal/mol |       9 |  -13.59 kcal/mol
         85 |      1824046 |  -12.07 kcal/mol |  -13.18 +/-    0.37 kcal/mol |       4 |  -13.59 kcal/mol
         90 |      1924537 |  -11.79 kcal/mol |  -13.34 +/-    0.30 kcal/mol |       6 |  -13.59 kcal/mol
         95 |      2026278 |  -12.60 kcal/mol |  -13.50 +/-    0.12 kcal/mol |       4 |  -13.59 kcal/mol
        100 |      2126406 |  -13.07 kcal/mol |  -13.49 +/-    0.08 kcal/mol |       4 |  -13.59 kcal/mol
        105 |      2222970 |  -13.19 kcal/mol |  -13.56 +/-    0.02 kcal/mol |       2 |  -13.59 kcal/mol
        110 |      2317914 |  -12.44 kcal/mol |  -13.47 +/-    0.35 kcal/mol |       4 |  -13.89 kcal/mol
        115 |      2412492 |  -12.17 kcal/mol |  -13.19 +/-    0.57 kcal/mol |       4 |  -13.89 kcal/mol
        120 |      2505427 |  -11.05 kcal/mol |  -13.16 +/-    0.57 kcal/mol |      10 |  -13.89 kcal/mol
------------+--------------+------------------+------------------------------+---------+-------------------

                                   Finished evaluation after reaching
                       2505427 evaluations. Best inter + intra   -13.89 kcal/mol.


Shutdown time 0.000655s

Job #8 took 1.687 sec after waiting 0.062 sec for setup

(Thread 0 is processing Job #8)
(Thread 0 is setting up Job #9)

Running Job #9:
    Device: NVIDIA A100-SXM4-40GB
    Grid map file: ./protein.maps.fld
    Ligand file: ./ligand_9_9.pdbqt
    Output file: docking_result_9.dlg (+ xml)
    Using heuristics: (capped) number of evaluations set to 2068966
    Local-search chosen method is: ADADELTA (ad)

Rest of Setup time 0.305886s

Executing docking runs, stopping automatically after either reaching 0.15 kcal/mol standard deviation of
the best molecules of the last 4 * 5 generations, 42000 generations, or 2068966 evaluations:

Generations |  Evaluations |     Threshold    |  Average energy of best 10%  | Samples | Best Inter + Intra
------------+--------------+------------------+------------------------------+---------+-------------------
          0 |          150 |   -1.73 kcal/mol |   -2.42 +/-    0.42 kcal/mol |       4 |   -3.12 kcal/mol
          5 |       122045 |   -0.83 kcal/mol |   -5.56 +/-    2.18 kcal/mol |    1106 |  -12.63 kcal/mol
         10 |       241817 |   -5.53 kcal/mol |  -10.94 +/-    0.98 kcal/mol |      30 |  -13.39 kcal/mol
         15 |       361399 |  -10.45 kcal/mol |  -13.39 +/-    0.33 kcal/mol |       5 |  -13.77 kcal/mol
         20 |       483870 |  -12.40 kcal/mol |  -13.52 +/-    0.24 kcal/mol |       5 |  -13.86 kcal/mol
         25 |       607096 |  -12.79 kcal/mol |  -13.84 +/-    0.10 kcal/mol |       5 |  -13.96 kcal/mol
         30 |       731187 |  -13.53 kcal/mol |  -13.90 +/-    0.25 kcal/mol |       5 |  -14.31 kcal/mol
         35 |       857484 |  -13.16 kcal/mol |  -13.90 +/-    0.28 kcal/mol |       4 |  -14.31 kcal/mol
         40 |       984012 |  -12.83 kcal/mol |  -13.95 +/-    0.38 kcal/mol |       9 |  -14.78 kcal/mol
         45 |      1110345 |  -13.31 kcal/mol |  -14.62 +/-    0.31 kcal/mol |       7 |  -15.00 kcal/mol
         50 |      1236502 |  -13.97 kcal/mol |  -14.99 +/-    0.14 kcal/mol |       6 |  -15.16 kcal/mol
         55 |      1361656 |  -14.64 kcal/mol |  -15.24 +/-    0.11 kcal/mol |       4 |  -15.42 kcal/mol
         60 |      1484272 |  -14.83 kcal/mol |  -15.46 +/-    0.17 kcal/mol |       6 |  -15.63 kcal/mol
         65 |      1609581 |  -15.03 kcal/mol |  -15.57 +/-    0.09 kcal/mol |       4 |  -15.66 kcal/mol
         70 |      1733849 |  -15.22 kcal/mol |  -15.67 +/-    0.04 kcal/mol |       5 |  -15.71 kcal/mol
         75 |      1855814 |  -15.22 kcal/mol |  -15.69 +/-    0.02 kcal/mol |       3 |  -15.71 kcal/mol
         80 |      1980133 |  -14.94 kcal/mol |  -15.55 +/-    0.25 kcal/mol |       4 |  -15.71 kcal/mol
         84 |      2082168 |  -14.62 kcal/mol |  -15.64 +/-    0.16 kcal/mol |      11 |  -15.71 kcal/mol
------------+--------------+------------------+------------------------------+---------+-------------------

                                   Finished evaluation after reaching
                       2082168 evaluations. Best inter + intra   -15.71 kcal/mol.


Shutdown time 0.000645s

Job #9 took 1.271 sec after waiting 0.062 sec for setup

(Thread 0 is processing Job #9)
(Thread 0 is setting up Job #10)

Running Job #10:
    Device: NVIDIA A100-SXM4-40GB
    Grid map file: ./protein.maps.fld
    Ligand file: ./ligand_10_10.pdbqt
    Output file: docking_result_10.dlg (+ xml)
    Using heuristics: (capped) number of evaluations set to 2845257
    Overriding heuristics, setting number of evaluations to --nev = 2500000 instead.
    Local-search chosen method is: ADADELTA (ad)

Rest of Setup time 0.305571s

Executing docking runs, stopping automatically after either reaching 0.15 kcal/mol standard deviation of
the best molecules of the last 4 * 5 generations, 42000 generations, or 2500000 evaluations:

Generations |  Evaluations |     Threshold    |  Average energy of best 10%  | Samples | Best Inter + Intra
------------+--------------+------------------+------------------------------+---------+-------------------
          0 |          150 |   -2.86 kcal/mol |   -3.55 +/-    0.19 kcal/mol |       4 |   -3.69 kcal/mol
          5 |       128726 |   -2.86 kcal/mol |   -6.78 +/-    1.92 kcal/mol |    1031 |  -15.11 kcal/mol
         10 |       260664 |   -6.76 kcal/mol |  -12.49 +/-    1.45 kcal/mol |      48 |  -15.88 kcal/mol
         15 |       393717 |  -12.04 kcal/mol |  -15.56 +/-    0.37 kcal/mol |       7 |  -16.08 kcal/mol
         20 |       526826 |  -14.76 kcal/mol |  -16.20 +/-    0.32 kcal/mol |       9 |  -16.64 kcal/mol
         25 |       658860 |  -15.66 kcal/mol |  -16.40 +/-    0.17 kcal/mol |       3 |  -16.64 kcal/mol
         30 |       794250 |  -15.53 kcal/mol |  -16.14 +/-    0.35 kcal/mol |       5 |  -16.64 kcal/mol
         35 |       925504 |  -15.09 kcal/mol |  -16.29 +/-    0.29 kcal/mol |       4 |  -16.71 kcal/mol
         40 |      1057425 |  -15.19 kcal/mol |  -16.31 +/-    0.25 kcal/mol |      11 |  -16.75 kcal/mol
         45 |      1188872 |  -15.98 kcal/mol |  -16.54 +/-    0.17 kcal/mol |       8 |  -16.75 kcal/mol
         50 |      1318772 |  -16.22 kcal/mol |  -16.50 +/-    0.17 kcal/mol |      10 |  -16.76 kcal/mol
         55 |      1450018 |  -16.25 kcal/mol |  -16.49 +/-    0.12 kcal/mol |       7 |  -16.76 kcal/mol
         60 |      1580096 |  -16.24 kcal/mol |  -16.53 +/-    0.15 kcal/mol |       9 |  -16.77 kcal/mol
         65 |      1713246 |  -16.28 kcal/mol |  -16.50 +/-    0.14 kcal/mol |      11 |  -16.77 kcal/mol
         70 |      1842566 |  -16.31 kcal/mol |  -16.51 +/-    0.11 kcal/mol |       8 |  -16.77 kcal/mol
------------+--------------+------------------+------------------------------+---------+-------------------

                                   Finished evaluation after reaching
                                  -16.51 +/-    0.13 kcal/mol combined.
                             35 samples, best inter + intra   -16.77 kcal/mol.


Shutdown time 0.000663s

Job #10 took 1.071 sec after waiting 0.050 sec for setup

(Thread 0 is processing Job #10)
Run time of entire job set (10 files): 19.988 sec
Savings from multithreading: -0.001 sec
Idle time of execution thread: 5.011 sec

All jobs (10) ran without errors.
