AutoDock-GPU version: v1.6-7-ga46ab564d2ac5f1a1523f65239b43505a1c29364-dirty

Running 1 docking calculation

Cuda device:                              NVIDIA A100-SXM4-40GB
Available memory on device:               39916 MB (total: 40339 MB)

CUDA Setup time 0.231410s
(Thread 0 is setting up Job #1)

Running Job #1
    Using heuristics: (capped) number of evaluations set to 3487417
    Overriding heuristics, setting number of evaluations to --nev = 2500000 instead.
    Local-search chosen method is: ADADELTA (ad)

Rest of Setup time 0.309391s

Executing docking runs, stopping automatically after either reaching 0.15 kcal/mol standard deviation of
the best molecules of the last 4 * 5 generations, 42000 generations, or 2500000 evaluations:

Generations |  Evaluations |     Threshold    |  Average energy of best 10%  | Samples | Best Inter + Intra
------------+--------------+------------------+------------------------------+---------+-------------------
          0 |          150 |   -1.88 kcal/mol |   -2.29 +/-    0.16 kcal/mol |       6 |   -2.54 kcal/mol
          5 |       139602 |   -1.88 kcal/mol |   -5.91 +/-    1.97 kcal/mol |    1189 |  -13.18 kcal/mol
         10 |       279741 |   -5.88 kcal/mol |  -11.17 +/-    1.30 kcal/mol |      42 |  -14.53 kcal/mol
         15 |       422878 |  -10.70 kcal/mol |  -14.04 +/-    0.29 kcal/mol |       9 |  -14.53 kcal/mol
         20 |       567805 |  -13.56 kcal/mol |  -14.39 +/-    0.17 kcal/mol |       6 |  -14.63 kcal/mol
         25 |       709797 |  -13.96 kcal/mol |  -14.59 +/-    0.14 kcal/mol |       5 |  -14.81 kcal/mol
         30 |       852705 |  -14.17 kcal/mol |  -14.39 +/-    0.20 kcal/mol |      13 |  -14.87 kcal/mol
         35 |       993838 |  -14.17 kcal/mol |  -14.59 +/-    0.16 kcal/mol |       7 |  -14.87 kcal/mol
         40 |      1132832 |  -14.24 kcal/mol |  -14.52 +/-    0.21 kcal/mol |      15 |  -14.87 kcal/mol
         45 |      1273364 |  -14.31 kcal/mol |  -14.61 +/-    0.14 kcal/mol |      18 |  -14.87 kcal/mol
         50 |      1413264 |  -14.49 kcal/mol |  -14.68 +/-    0.14 kcal/mol |      10 |  -14.87 kcal/mol
         55 |      1551166 |  -14.48 kcal/mol |  -14.76 +/-    0.20 kcal/mol |      10 |  -15.12 kcal/mol
         60 |      1689578 |  -14.46 kcal/mol |  -14.97 +/-    0.17 kcal/mol |       5 |  -15.18 kcal/mol
         65 |      1828795 |  -14.45 kcal/mol |  -14.76 +/-    0.19 kcal/mol |      10 |  -15.18 kcal/mol
         70 |      1966548 |  -14.47 kcal/mol |  -14.81 +/-    0.18 kcal/mol |      13 |  -15.18 kcal/mol
         75 |      2101580 |  -14.61 kcal/mol |  -15.01 +/-    0.15 kcal/mol |       6 |  -15.18 kcal/mol
         80 |      2235823 |  -14.62 kcal/mol |  -14.92 +/-    0.19 kcal/mol |      13 |  -15.20 kcal/mol
         85 |      2370379 |  -14.71 kcal/mol |  -15.08 +/-    0.15 kcal/mol |      12 |  -15.40 kcal/mol
         90 |      2506099 |  -14.89 kcal/mol |  -15.24 +/-    0.16 kcal/mol |      16 |  -15.48 kcal/mol
------------+--------------+------------------+------------------------------+---------+-------------------

                                   Finished evaluation after reaching
                       2506099 evaluations. Best inter + intra   -15.48 kcal/mol.


Shutdown time 0.000674s

Job #1 took 1.396 sec after waiting 4.470 sec for setup

(Thread 0 is processing Job #1)
Run time of entire job set (1 file): 5.911 sec
Processing time: 0.045 sec

All jobs (1) ran without errors.
