AutoDock-GPU version: v1.6-7-ga46ab564d2ac5f1a1523f65239b43505a1c29364-dirty

Running 1 docking calculation

Cuda device:                              NVIDIA A100-SXM4-40GB
Available memory on device:               39916 MB (total: 40339 MB)

CUDA Setup time 0.231142s
(Thread 0 is setting up Job #1)

Running Job #1
    Using heuristics: (capped) number of evaluations set to 2845257
    Overriding heuristics, setting number of evaluations to --nev = 2500000 instead.
    Local-search chosen method is: ADADELTA (ad)

Rest of Setup time 0.310293s

Executing docking runs, stopping automatically after either reaching 0.15 kcal/mol standard deviation of
the best molecules of the last 4 * 5 generations, 42000 generations, or 2500000 evaluations:

Generations |  Evaluations |     Threshold    |  Average energy of best 10%  | Samples | Best Inter + Intra
------------+--------------+------------------+------------------------------+---------+-------------------
          0 |          150 |   -1.55 kcal/mol |   -2.60 +/-    0.39 kcal/mol |       4 |   -3.23 kcal/mol
          5 |       121189 |   -1.15 kcal/mol |   -5.29 +/-    1.83 kcal/mol |    1007 |  -11.33 kcal/mol
         10 |       243090 |   -5.26 kcal/mol |  -10.16 +/-    0.94 kcal/mol |      29 |  -12.11 kcal/mol
         15 |       369737 |   -9.67 kcal/mol |  -12.31 +/-    0.56 kcal/mol |       5 |  -13.35 kcal/mol
         20 |       499211 |  -10.62 kcal/mol |  -13.09 +/-    0.72 kcal/mol |       4 |  -13.69 kcal/mol
         25 |       628803 |  -10.37 kcal/mol |  -12.69 +/-    0.68 kcal/mol |      10 |  -13.75 kcal/mol
         30 |       759406 |  -11.67 kcal/mol |  -13.59 +/-    0.13 kcal/mol |       5 |  -13.75 kcal/mol
         35 |       888577 |  -13.21 kcal/mol |  -13.59 +/-    0.09 kcal/mol |       4 |  -13.75 kcal/mol
         40 |      1015455 |  -13.24 kcal/mol |  -13.60 +/-    0.09 kcal/mol |       7 |  -13.75 kcal/mol
         45 |      1144260 |  -13.40 kcal/mol |  -13.56 +/-    0.11 kcal/mol |       6 |  -13.75 kcal/mol
------------+--------------+------------------+------------------------------+---------+-------------------

                                   Finished evaluation after reaching
                                  -13.59 +/-    0.11 kcal/mol combined.
                             22 samples, best inter + intra   -13.75 kcal/mol.


Shutdown time 0.000633s

Job #1 took 0.835 sec after waiting 4.464 sec for setup

(Thread 0 is processing Job #1)
Run time of entire job set (1 file): 5.349 sec
Processing time: 0.051 sec

All jobs (1) ran without errors.
