AutoDock-GPU version: v1.6-7-ga46ab564d2ac5f1a1523f65239b43505a1c29364-dirty

Using 1 OpenMP threads

Running 3 docking calculations

Cuda device:                              NVIDIA A100-SXM4-40GB
Available memory on device:               39916 MB (total: 40339 MB)

CUDA Setup time 0.237775s
(Thread 0 is setting up Job #1)

Running Job #1:
    Device: NVIDIA A100-SXM4-40GB
    Grid map file: ./protein.maps.fld
    Ligand file: ./ligand_1_1.pdbqt
    Output file: docking_result_1.dlg (+ xml)
    Using heuristics: (capped) number of evaluations set to 7266276
    Overriding heuristics, setting number of evaluations to --nev = 2500000 instead.
    Warning: The set number of evals is 13.57% of the uncapped heuristics estimate of 18420020 evals.
             This means this docking may not be able to converge. Increasing --heurmax may improve
             convergence but will also increase runtime.
             AutoStop will not stop before 66.37% (1659273) of the set number of evaluations.
    Local-search chosen method is: ADADELTA (ad)

Rest of Setup time 0.308245s

Executing docking runs, stopping automatically after either reaching 0.15 kcal/mol standard deviation of
the best molecules of the last 4 * 5 generations, 42000 generations, or 2500000 evaluations:

Generations |  Evaluations |     Threshold    |  Average energy of best 10%  | Samples | Best Inter + Intra
------------+--------------+------------------+------------------------------+---------+-------------------
          0 |          150 |  163.90 kcal/mol |  131.64 +/-    8.60 kcal/mol |       4 |  119.49 kcal/mol
          5 |       117934 |  163.90 kcal/mol |    7.86 +/-   19.66 kcal/mol |    1116 |  -10.35 kcal/mol
         10 |       228206 |    8.12 kcal/mol |   -9.46 +/-    0.52 kcal/mol |       4 |  -10.35 kcal/mol
         15 |       340255 |   -7.50 kcal/mol |   -9.43 +/-    0.69 kcal/mol |      12 |  -10.48 kcal/mol
         20 |       452578 |   -8.56 kcal/mol |  -10.37 +/-    0.43 kcal/mol |       6 |  -11.25 kcal/mol
         25 |       562561 |   -9.31 kcal/mol |  -10.75 +/-    0.54 kcal/mol |       5 |  -11.82 kcal/mol
         30 |       672716 |   -9.12 kcal/mol |  -10.71 +/-    0.51 kcal/mol |      12 |  -11.82 kcal/mol
         35 |       778806 |  -10.08 kcal/mol |  -11.60 +/-    0.83 kcal/mol |       4 |  -12.98 kcal/mol
         40 |       885548 |   -8.49 kcal/mol |  -11.33 +/-    0.97 kcal/mol |      12 |  -12.98 kcal/mol
         45 |       989965 |  -10.12 kcal/mol |  -12.05 +/-    0.65 kcal/mol |       4 |  -12.98 kcal/mol
         50 |      1093620 |   -9.63 kcal/mol |  -11.82 +/-    0.74 kcal/mol |       5 |  -12.98 kcal/mol
         55 |      1195475 |   -9.59 kcal/mol |  -12.03 +/-    0.53 kcal/mol |       7 |  -12.98 kcal/mol
         60 |      1293940 |  -10.90 kcal/mol |  -12.27 +/-    0.58 kcal/mol |       4 |  -12.98 kcal/mol
         65 |      1391388 |  -10.09 kcal/mol |  -12.67 +/-    0.69 kcal/mol |       6 |  -13.40 kcal/mol
         70 |      1485691 |  -10.96 kcal/mol |  -13.16 +/-    0.26 kcal/mol |       4 |  -13.60 kcal/mol
         75 |      1579508 |  -12.19 kcal/mol |  -13.03 +/-    0.41 kcal/mol |       4 |  -13.60 kcal/mol
         80 |      1671862 |  -11.51 kcal/mol |  -12.99 +/-    0.36 kcal/mol |       6 |  -13.60 kcal/mol
         85 |      1762731 |  -12.08 kcal/mol |  -13.32 +/-    0.29 kcal/mol |       4 |  -13.60 kcal/mol
         90 |      1851194 |  -12.24 kcal/mol |  -13.13 +/-    0.21 kcal/mol |       6 |  -13.60 kcal/mol
         95 |      1939246 |  -12.60 kcal/mol |  -13.22 +/-    0.27 kcal/mol |       3 |  -13.60 kcal/mol
        100 |      2027217 |  -11.86 kcal/mol |  -13.14 +/-    0.28 kcal/mol |       4 |  -13.60 kcal/mol
        105 |      2112660 |  -12.10 kcal/mol |  -13.03 +/-    0.40 kcal/mol |       4 |  -13.60 kcal/mol
        110 |      2196992 |  -11.52 kcal/mol |  -12.98 +/-    0.36 kcal/mol |       6 |  -13.60 kcal/mol
        115 |      2281761 |  -12.08 kcal/mol |  -13.08 +/-    0.34 kcal/mol |       4 |  -13.60 kcal/mol
        120 |      2365522 |  -11.83 kcal/mol |  -13.01 +/-    0.31 kcal/mol |       6 |  -13.60 kcal/mol
        125 |      2449320 |  -12.23 kcal/mol |  -13.08 +/-    0.34 kcal/mol |       4 |  -13.60 kcal/mol
        128 |      2500581 |  -11.83 kcal/mol |  -13.06 +/-    0.32 kcal/mol |       9 |  -13.60 kcal/mol
------------+--------------+------------------+------------------------------+---------+-------------------

                                   Finished evaluation after reaching
                       2500581 evaluations. Best inter + intra   -13.60 kcal/mol.


Shutdown time 0.000671s

Job #1 took 1.755 sec after waiting 4.476 sec for setup

(Thread 0 is processing Job #1)
(Thread 0 is setting up Job #2)

Running Job #2:
    Device: NVIDIA A100-SXM4-40GB
    Grid map file: ./protein.maps.fld
    Ligand file: ./ligand_2_2.pdbqt
    Output file: docking_result_2.dlg (+ xml)
    Using heuristics: (capped) number of evaluations set to 7973093
    Overriding heuristics, setting number of evaluations to --nev = 2500000 instead.
    Warning: The set number of evals is 10.52% of the uncapped heuristics estimate of 23759450 evals.
             This means this docking may not be able to converge. Increasing --heurmax may improve
             convergence but will also increase runtime.
             AutoStop will not stop before 76.79% (1919714) of the set number of evaluations.
    Local-search chosen method is: ADADELTA (ad)

Rest of Setup time 0.303434s

Executing docking runs, stopping automatically after either reaching 0.15 kcal/mol standard deviation of
the best molecules of the last 4 * 5 generations, 42000 generations, or 2500000 evaluations:

Generations |  Evaluations |     Threshold    |  Average energy of best 10%  | Samples | Best Inter + Intra
------------+--------------+------------------+------------------------------+---------+-------------------
          0 |          150 |  206.07 kcal/mol |  168.21 +/-   10.09 kcal/mol |       4 |  156.84 kcal/mol
          5 |       120014 |  206.07 kcal/mol |   10.48 +/-   27.81 kcal/mol |    1131 |   -9.44 kcal/mol
         10 |       227039 |   10.85 kcal/mol |   -9.33 +/-    0.17 kcal/mol |       6 |   -9.58 kcal/mol
         15 |       334704 |   -8.90 kcal/mol |   -9.74 +/-    0.40 kcal/mol |       8 |  -10.45 kcal/mol
         20 |       444210 |   -8.99 kcal/mol |  -10.52 +/-    0.22 kcal/mol |       6 |  -10.80 kcal/mol
         25 |       555698 |   -9.97 kcal/mol |  -11.04 +/-    0.61 kcal/mol |       7 |  -12.24 kcal/mol
         30 |       666899 |   -9.74 kcal/mol |  -11.56 +/-    0.44 kcal/mol |       4 |  -12.24 kcal/mol
         35 |       775823 |   -9.92 kcal/mol |  -11.60 +/-    0.64 kcal/mol |       5 |  -12.24 kcal/mol
         40 |       883567 |   -9.68 kcal/mol |  -11.94 +/-    0.39 kcal/mol |       4 |  -12.24 kcal/mol
         45 |       989107 |  -10.49 kcal/mol |  -11.74 +/-    0.41 kcal/mol |       8 |  -12.24 kcal/mol
         50 |      1095338 |  -10.97 kcal/mol |  -12.11 +/-    0.12 kcal/mol |       4 |  -12.24 kcal/mol
         55 |      1201070 |  -11.67 kcal/mol |  -12.13 +/-    0.10 kcal/mol |       6 |  -12.24 kcal/mol
         60 |      1304653 |  -11.89 kcal/mol |  -12.16 +/-    0.09 kcal/mol |       3 |  -12.24 kcal/mol
         65 |      1409934 |  -11.71 kcal/mol |  -12.05 +/-    0.15 kcal/mol |       5 |  -12.24 kcal/mol
         70 |      1512850 |  -11.59 kcal/mol |  -12.19 +/-    0.08 kcal/mol |       4 |  -12.25 kcal/mol
         75 |      1614946 |  -11.90 kcal/mol |  -12.11 +/-    0.13 kcal/mol |       4 |  -12.25 kcal/mol
         80 |      1715703 |  -11.64 kcal/mol |  -12.26 +/-    0.13 kcal/mol |       9 |  -12.49 kcal/mol
         85 |      1815115 |  -12.05 kcal/mol |  -12.72 +/-    0.32 kcal/mol |       6 |  -13.34 kcal/mol
         90 |      1911991 |  -11.92 kcal/mol |  -13.09 +/-    0.65 kcal/mol |       4 |  -13.74 kcal/mol
         95 |      2010622 |  -10.66 kcal/mol |  -12.53 +/-    0.47 kcal/mol |      11 |  -13.74 kcal/mol
------------+--------------+------------------+------------------------------+---------+-------------------

                                   Finished evaluation after reaching
                                  -12.56 +/-    0.48 kcal/mol combined.
                             30 samples, best inter + intra   -13.74 kcal/mol.


Shutdown time 0.000669s

Job #2 took 1.429 sec after waiting 0.059 sec for setup

(Thread 0 is processing Job #2)
(Thread 0 is setting up Job #3)

Running Job #3:
    Device: NVIDIA A100-SXM4-40GB
    Grid map file: ./protein.maps.fld
    Ligand file: ./ligand_3_3.pdbqt
    Output file: docking_result_3.dlg (+ xml)
    Using heuristics: (capped) number of evaluations set to 7973093
    Overriding heuristics, setting number of evaluations to --nev = 2500000 instead.
    Warning: The set number of evals is 10.52% of the uncapped heuristics estimate of 23759450 evals.
             This means this docking may not be able to converge. Increasing --heurmax may improve
             convergence but will also increase runtime.
             AutoStop will not stop before 76.79% (1919714) of the set number of evaluations.
    Local-search chosen method is: ADADELTA (ad)

Rest of Setup time 0.307349s

Executing docking runs, stopping automatically after either reaching 0.15 kcal/mol standard deviation of
the best molecules of the last 4 * 5 generations, 42000 generations, or 2500000 evaluations:

Generations |  Evaluations |     Threshold    |  Average energy of best 10%  | Samples | Best Inter + Intra
------------+--------------+------------------+------------------------------+---------+-------------------
          0 |          150 |  219.20 kcal/mol |  160.87 +/-   15.56 kcal/mol |       4 |  144.96 kcal/mol
          5 |       117084 |  219.20 kcal/mol |   12.05 +/-   31.73 kcal/mol |    1108 |   -9.61 kcal/mol
         10 |       223838 |   12.48 kcal/mol |   -9.58 +/-    0.17 kcal/mol |      10 |   -9.93 kcal/mol
         15 |       332864 |   -9.33 kcal/mol |  -10.03 +/-    0.39 kcal/mol |       5 |  -10.77 kcal/mol
         20 |       441761 |   -8.85 kcal/mol |  -10.45 +/-    0.50 kcal/mol |      10 |  -11.26 kcal/mol
         25 |       549825 |   -9.70 kcal/mol |  -11.12 +/-    0.20 kcal/mol |       4 |  -11.26 kcal/mol
         30 |       660326 |  -10.35 kcal/mol |  -11.17 +/-    0.31 kcal/mol |       7 |  -11.76 kcal/mol
         35 |       767561 |  -10.50 kcal/mol |  -11.52 +/-    0.28 kcal/mol |       6 |  -11.86 kcal/mol
         40 |       873069 |  -10.81 kcal/mol |  -11.60 +/-    0.50 kcal/mol |       4 |  -12.46 kcal/mol
         45 |       976006 |   -9.71 kcal/mol |  -11.91 +/-    0.78 kcal/mol |       7 |  -12.75 kcal/mol
         50 |      1077803 |  -10.24 kcal/mol |  -12.45 +/-    0.19 kcal/mol |       4 |  -12.75 kcal/mol
         55 |      1176753 |  -11.73 kcal/mol |  -12.45 +/-    0.19 kcal/mol |       4 |  -12.75 kcal/mol
         60 |      1272191 |  -11.74 kcal/mol |  -12.49 +/-    0.22 kcal/mol |       5 |  -12.88 kcal/mol
         65 |      1367430 |  -11.84 kcal/mol |  -12.48 +/-    0.22 kcal/mol |       5 |  -12.88 kcal/mol
         70 |      1462193 |  -11.83 kcal/mol |  -12.98 +/-    0.54 kcal/mol |       7 |  -14.09 kcal/mol
         75 |      1553841 |  -11.83 kcal/mol |  -13.47 +/-    0.39 kcal/mol |       5 |  -14.09 kcal/mol
         80 |      1645737 |  -12.31 kcal/mol |  -13.94 +/-    0.58 kcal/mol |       4 |  -14.37 kcal/mol
         85 |      1738572 |  -11.75 kcal/mol |  -13.73 +/-    0.68 kcal/mol |      13 |  -14.96 kcal/mol
         90 |      1830351 |  -12.95 kcal/mol |  -14.07 +/-    0.60 kcal/mol |       4 |  -14.96 kcal/mol
         95 |      1922115 |  -11.83 kcal/mol |  -13.62 +/-    0.62 kcal/mol |       8 |  -14.96 kcal/mol
        100 |      2011253 |  -12.46 kcal/mol |  -14.01 +/-    0.68 kcal/mol |       4 |  -14.96 kcal/mol
        105 |      2099941 |  -11.46 kcal/mol |  -13.61 +/-    0.71 kcal/mol |       7 |  -14.96 kcal/mol
        110 |      2187601 |  -12.08 kcal/mol |  -14.48 +/-    0.71 kcal/mol |       5 |  -15.63 kcal/mol
        115 |      2274570 |  -12.33 kcal/mol |  -14.49 +/-    0.66 kcal/mol |       5 |  -15.63 kcal/mol
        120 |      2363779 |  -12.51 kcal/mol |  -14.43 +/-    0.60 kcal/mol |       5 |  -15.63 kcal/mol
        125 |      2452117 |  -12.63 kcal/mol |  -14.49 +/-    0.76 kcal/mol |       4 |  -15.78 kcal/mol
        128 |      2504619 |  -11.62 kcal/mol |  -14.52 +/-    0.82 kcal/mol |      11 |  -15.93 kcal/mol
------------+--------------+------------------+------------------------------+---------+-------------------

                                   Finished evaluation after reaching
                       2504619 evaluations. Best inter + intra   -15.93 kcal/mol.


Shutdown time 0.000723s

Job #3 took 1.841 sec after waiting 0.063 sec for setup

(Thread 0 is processing Job #3)
Run time of entire job set (3 files): 9.689 sec
Savings from multithreading: -0.000 sec
Idle time of execution thread: 4.663 sec

All jobs (3) ran without errors.
