AutoDock-GPU version: v1.6-7-ga46ab564d2ac5f1a1523f65239b43505a1c29364-dirty

Using 1 OpenMP threads

Running 10 docking calculations

Cuda device:                              NVIDIA A100-SXM4-40GB
Available memory on device:               39916 MB (total: 40339 MB)

CUDA Setup time 0.238776s
(Thread 0 is setting up Job #1)

Running Job #1:
    Device: NVIDIA A100-SXM4-40GB
    Grid map file: ./protein.maps.fld
    Ligand file: ./ligand_1_1.pdbqt
    Output file: docking_result_1.dlg (+ xml)
    Using heuristics: (capped) number of evaluations set to 2280181
    Local-search chosen method is: ADADELTA (ad)

Rest of Setup time 0.310693s

Executing docking runs, stopping automatically after either reaching 0.15 kcal/mol standard deviation of
the best molecules of the last 4 * 5 generations, 42000 generations, or 2280181 evaluations:

Generations |  Evaluations |     Threshold    |  Average energy of best 10%  | Samples | Best Inter + Intra
------------+--------------+------------------+------------------------------+---------+-------------------
          0 |          150 |   -1.70 kcal/mol |   -3.19 +/-    0.43 kcal/mol |       4 |   -3.80 kcal/mol
          5 |       119723 |   -1.57 kcal/mol |   -6.05 +/-    1.90 kcal/mol |     992 |  -14.84 kcal/mol
         10 |       239840 |   -6.02 kcal/mol |  -11.28 +/-    1.30 kcal/mol |      41 |  -15.94 kcal/mol
         15 |       362476 |  -10.81 kcal/mol |  -14.24 +/-    0.75 kcal/mol |       8 |  -15.95 kcal/mol
         20 |       486862 |  -12.84 kcal/mol |  -15.19 +/-    0.61 kcal/mol |       5 |  -16.10 kcal/mol
         25 |       613342 |  -13.37 kcal/mol |  -15.02 +/-    0.56 kcal/mol |       5 |  -16.13 kcal/mol
         30 |       740984 |  -13.35 kcal/mol |  -15.19 +/-    0.55 kcal/mol |       4 |  -16.13 kcal/mol
         35 |       866482 |  -13.13 kcal/mol |  -15.04 +/-    0.55 kcal/mol |      11 |  -16.13 kcal/mol
         40 |       993190 |  -14.28 kcal/mol |  -15.56 +/-    0.42 kcal/mol |       4 |  -16.14 kcal/mol
         45 |      1118988 |  -13.99 kcal/mol |  -15.85 +/-    0.46 kcal/mol |      12 |  -16.22 kcal/mol
         50 |      1243663 |  -15.28 kcal/mol |  -16.21 +/-    0.02 kcal/mol |       4 |  -16.23 kcal/mol
         55 |      1371006 |  -15.65 kcal/mol |  -16.25 +/-    0.04 kcal/mol |       4 |  -16.31 kcal/mol
         60 |      1495876 |  -15.68 kcal/mol |  -16.29 +/-    0.09 kcal/mol |       4 |  -16.40 kcal/mol
         65 |      1623521 |  -15.96 kcal/mol |  -16.30 +/-    0.09 kcal/mol |       2 |  -16.40 kcal/mol
         70 |      1749431 |  -15.61 kcal/mol |  -16.32 +/-    0.07 kcal/mol |       5 |  -16.40 kcal/mol
         75 |      1875908 |  -15.87 kcal/mol |  -16.23 +/-    0.12 kcal/mol |       5 |  -16.40 kcal/mol
         80 |      2003906 |  -15.89 kcal/mol |  -16.23 +/-    0.11 kcal/mol |       4 |  -16.40 kcal/mol
         85 |      2131740 |  -15.83 kcal/mol |  -16.23 +/-    0.13 kcal/mol |       8 |  -16.40 kcal/mol
------------+--------------+------------------+------------------------------+---------+-------------------

                                   Finished evaluation after reaching
                                  -16.25 +/-    0.12 kcal/mol combined.
                             22 samples, best inter + intra   -16.40 kcal/mol.


Shutdown time 0.000722s

Job #1 took 1.373 sec after waiting 4.484 sec for setup

(Thread 0 is processing Job #1)
(Thread 0 is setting up Job #2)

Running Job #2:
    Device: NVIDIA A100-SXM4-40GB
    Grid map file: ./protein.maps.fld
    Ligand file: ./ligand_2_2.pdbqt
    Output file: docking_result_2.dlg (+ xml)
    Using heuristics: (capped) number of evaluations set to 2280181
    Local-search chosen method is: ADADELTA (ad)

Rest of Setup time 0.306414s

Executing docking runs, stopping automatically after either reaching 0.15 kcal/mol standard deviation of
the best molecules of the last 4 * 5 generations, 42000 generations, or 2280181 evaluations:

Generations |  Evaluations |     Threshold    |  Average energy of best 10%  | Samples | Best Inter + Intra
------------+--------------+------------------+------------------------------+---------+-------------------
          0 |          150 |    0.11 kcal/mol |   -1.40 +/-    0.52 kcal/mol |      14 |   -2.95 kcal/mol
          5 |       131960 |   -0.85 kcal/mol |   -4.68 +/-    1.82 kcal/mol |    1011 |  -11.73 kcal/mol
         10 |       266979 |   -4.65 kcal/mol |   -9.45 +/-    1.01 kcal/mol |      38 |  -11.73 kcal/mol
         15 |       405511 |   -9.06 kcal/mol |  -11.43 +/-    0.22 kcal/mol |      11 |  -11.79 kcal/mol
         20 |       546757 |  -11.13 kcal/mol |  -11.77 +/-    0.11 kcal/mol |       8 |  -11.94 kcal/mol
         25 |       686559 |  -11.56 kcal/mol |  -11.88 +/-    0.15 kcal/mol |       7 |  -12.12 kcal/mol
         30 |       826955 |  -11.57 kcal/mol |  -11.92 +/-    0.15 kcal/mol |      11 |  -12.15 kcal/mol
         35 |       966736 |  -11.71 kcal/mol |  -12.32 +/-    0.21 kcal/mol |       6 |  -12.61 kcal/mol
         40 |      1106845 |  -11.79 kcal/mol |  -12.48 +/-    0.12 kcal/mol |       5 |  -12.61 kcal/mol
         45 |      1244002 |  -12.12 kcal/mol |  -12.48 +/-    0.13 kcal/mol |       7 |  -12.61 kcal/mol
         50 |      1378237 |  -12.21 kcal/mol |  -12.46 +/-    0.16 kcal/mol |       5 |  -12.61 kcal/mol
         55 |      1516310 |  -11.97 kcal/mol |  -12.33 +/-    0.18 kcal/mol |      10 |  -12.61 kcal/mol
         60 |      1651719 |  -12.06 kcal/mol |  -12.49 +/-    0.18 kcal/mol |       9 |  -12.79 kcal/mol
         65 |      1788706 |  -12.19 kcal/mol |  -12.53 +/-    0.14 kcal/mol |       8 |  -12.79 kcal/mol
         70 |      1923731 |  -12.27 kcal/mol |  -12.68 +/-    0.12 kcal/mol |       8 |  -12.79 kcal/mol
         75 |      2057099 |  -12.47 kcal/mol |  -12.76 +/-    0.11 kcal/mol |       6 |  -12.91 kcal/mol
         80 |      2191798 |  -12.48 kcal/mol |  -12.73 +/-    0.10 kcal/mol |       9 |  -12.91 kcal/mol
         84 |      2299437 |  -12.57 kcal/mol |  -12.74 +/-    0.10 kcal/mol |      18 |  -12.91 kcal/mol
------------+--------------+------------------+------------------------------+---------+-------------------

                                   Finished evaluation after reaching
                       2299437 evaluations. Best inter + intra   -12.91 kcal/mol.


Shutdown time 0.000694s

Job #2 took 1.084 sec after waiting 0.056 sec for setup

(Thread 0 is processing Job #2)
(Thread 0 is setting up Job #3)

Running Job #3:
    Device: NVIDIA A100-SXM4-40GB
    Grid map file: ./protein.maps.fld
    Ligand file: ./ligand_3_3.pdbqt
    Output file: docking_result_3.dlg (+ xml)
    Using heuristics: (capped) number of evaluations set to 2068966
    Local-search chosen method is: ADADELTA (ad)

Rest of Setup time 0.307469s

Executing docking runs, stopping automatically after either reaching 0.15 kcal/mol standard deviation of
the best molecules of the last 4 * 5 generations, 42000 generations, or 2068966 evaluations:

Generations |  Evaluations |     Threshold    |  Average energy of best 10%  | Samples | Best Inter + Intra
------------+--------------+------------------+------------------------------+---------+-------------------
          0 |          150 |   -1.76 kcal/mol |   -1.99 +/-    0.17 kcal/mol |      11 |   -2.31 kcal/mol
          5 |       142950 |   -1.76 kcal/mol |   -4.77 +/-    1.65 kcal/mol |    1170 |   -9.66 kcal/mol
         10 |       280634 |   -4.75 kcal/mol |   -8.76 +/-    0.48 kcal/mol |      47 |  -10.42 kcal/mol
         15 |       423335 |   -8.60 kcal/mol |  -10.22 +/-    0.51 kcal/mol |      10 |  -11.52 kcal/mol
         20 |       562059 |   -9.45 kcal/mol |  -10.89 +/-    0.33 kcal/mol |       7 |  -11.64 kcal/mol
         25 |       698608 |  -10.17 kcal/mol |  -11.02 +/-    0.30 kcal/mol |       6 |  -11.64 kcal/mol
         30 |       836842 |  -10.28 kcal/mol |  -11.33 +/-    0.21 kcal/mol |       9 |  -11.64 kcal/mol
         35 |       974985 |  -10.98 kcal/mol |  -11.73 +/-    0.29 kcal/mol |       5 |  -12.26 kcal/mol
         40 |      1111235 |  -10.84 kcal/mol |  -11.83 +/-    0.30 kcal/mol |       7 |  -12.30 kcal/mol
         45 |      1245599 |  -11.19 kcal/mol |  -11.99 +/-    0.33 kcal/mol |       4 |  -12.32 kcal/mol
         50 |      1379602 |  -10.75 kcal/mol |  -11.73 +/-    0.25 kcal/mol |       9 |  -12.32 kcal/mol
         55 |      1516818 |  -11.32 kcal/mol |  -11.89 +/-    0.25 kcal/mol |       4 |  -12.32 kcal/mol
         60 |      1651205 |  -10.94 kcal/mol |  -11.94 +/-    0.25 kcal/mol |       4 |  -12.32 kcal/mol
         65 |      1788505 |  -10.99 kcal/mol |  -12.16 +/-    0.24 kcal/mol |       7 |  -12.33 kcal/mol
         70 |      1924133 |  -11.65 kcal/mol |  -12.29 +/-    0.05 kcal/mol |       6 |  -12.33 kcal/mol
         75 |      2057127 |  -11.92 kcal/mol |  -12.31 +/-    0.03 kcal/mol |       5 |  -12.33 kcal/mol
         76 |      2083507 |  -11.86 kcal/mol |  -12.26 +/-    0.11 kcal/mol |      14 |  -12.33 kcal/mol
------------+--------------+------------------+------------------------------+---------+-------------------

                                   Finished evaluation after reaching
                       2083507 evaluations. Best inter + intra   -12.33 kcal/mol.


Shutdown time 0.000668s

Job #3 took 0.977 sec after waiting 0.035 sec for setup

(Thread 0 is processing Job #3)
(Thread 0 is setting up Job #4)

Running Job #4:
    Device: NVIDIA A100-SXM4-40GB
    Grid map file: ./protein.maps.fld
    Ligand file: ./ligand_4_4.pdbqt
    Output file: docking_result_4.dlg (+ xml)
    Using heuristics: (capped) number of evaluations set to 2068966
    Local-search chosen method is: ADADELTA (ad)

Rest of Setup time 0.305018s

Executing docking runs, stopping automatically after either reaching 0.15 kcal/mol standard deviation of
the best molecules of the last 4 * 5 generations, 42000 generations, or 2068966 evaluations:

Generations |  Evaluations |     Threshold    |  Average energy of best 10%  | Samples | Best Inter + Intra
------------+--------------+------------------+------------------------------+---------+-------------------
          0 |          150 |   -1.49 kcal/mol |   -2.27 +/-    0.27 kcal/mol |       6 |   -2.68 kcal/mol
          5 |       135415 |   -1.60 kcal/mol |   -4.73 +/-    1.42 kcal/mol |     948 |  -10.22 kcal/mol
         10 |       267310 |   -4.71 kcal/mol |   -8.57 +/-    0.95 kcal/mol |      66 |  -10.80 kcal/mol
         15 |       401142 |   -8.35 kcal/mol |  -10.66 +/-    0.16 kcal/mol |      11 |  -10.90 kcal/mol
         20 |       534935 |  -10.45 kcal/mol |  -10.94 +/-    0.20 kcal/mol |       9 |  -11.23 kcal/mol
         25 |       669319 |  -10.61 kcal/mol |  -10.81 +/-    0.15 kcal/mol |      11 |  -11.23 kcal/mol
         30 |       804719 |  -10.59 kcal/mol |  -10.94 +/-    0.18 kcal/mol |      11 |  -11.24 kcal/mol
         35 |       937394 |  -10.69 kcal/mol |  -11.20 +/-    0.07 kcal/mol |       4 |  -11.24 kcal/mol
         40 |      1070549 |  -10.64 kcal/mol |  -11.18 +/-    0.06 kcal/mol |       7 |  -11.24 kcal/mol
         45 |      1201468 |  -10.86 kcal/mol |  -11.19 +/-    0.06 kcal/mol |      10 |  -11.24 kcal/mol
         50 |      1330318 |  -10.96 kcal/mol |  -11.18 +/-    0.07 kcal/mol |      13 |  -11.24 kcal/mol
------------+--------------+------------------+------------------------------+---------+-------------------

                                   Finished evaluation after reaching
                                  -11.19 +/-    0.06 kcal/mol combined.
                             34 samples, best inter + intra   -11.24 kcal/mol.


Shutdown time 0.000637s

Job #4 took 0.663 sec after waiting 0.031 sec for setup

(Thread 0 is processing Job #4)
(Thread 0 is setting up Job #5)

Running Job #5:
    Device: NVIDIA A100-SXM4-40GB
    Grid map file: ./protein.maps.fld
    Ligand file: ./ligand_5_5.pdbqt
    Output file: docking_result_5.dlg (+ xml)
    Using heuristics: (capped) number of evaluations set to 2068966
    Local-search chosen method is: ADADELTA (ad)

Rest of Setup time 0.303827s

Executing docking runs, stopping automatically after either reaching 0.15 kcal/mol standard deviation of
the best molecules of the last 4 * 5 generations, 42000 generations, or 2068966 evaluations:

Generations |  Evaluations |     Threshold    |  Average energy of best 10%  | Samples | Best Inter + Intra
------------+--------------+------------------+------------------------------+---------+-------------------
          0 |          150 |   -1.74 kcal/mol |   -1.98 +/-    0.15 kcal/mol |       9 |   -2.25 kcal/mol
          5 |       115891 |   -1.74 kcal/mol |   -4.07 +/-    1.32 kcal/mol |     757 |   -9.12 kcal/mol
         10 |       239912 |   -4.05 kcal/mol |   -7.86 +/-    0.84 kcal/mol |      41 |   -9.61 kcal/mol
         15 |       365402 |   -7.56 kcal/mol |   -9.54 +/-    0.12 kcal/mol |       6 |   -9.65 kcal/mol
         20 |       491361 |   -9.24 kcal/mol |   -9.52 +/-    0.15 kcal/mol |       3 |   -9.65 kcal/mol
         25 |       618112 |   -8.78 kcal/mol |   -9.42 +/-    0.19 kcal/mol |      10 |   -9.65 kcal/mol
         30 |       745133 |   -9.14 kcal/mol |   -9.53 +/-    0.11 kcal/mol |      15 |   -9.65 kcal/mol
         35 |       868929 |   -9.41 kcal/mol |   -9.60 +/-    0.08 kcal/mol |      10 |   -9.71 kcal/mol
         40 |       993588 |   -9.48 kcal/mol |   -9.64 +/-    0.05 kcal/mol |      21 |   -9.72 kcal/mol
         45 |      1116437 |   -9.54 kcal/mol |   -9.66 +/-    0.05 kcal/mol |      22 |   -9.74 kcal/mol
         50 |      1238853 |   -9.56 kcal/mol |   -9.67 +/-    0.04 kcal/mol |      19 |   -9.74 kcal/mol
         55 |      1363089 |   -9.55 kcal/mol |   -9.68 +/-    0.04 kcal/mol |      19 |   -9.74 kcal/mol
         60 |      1482724 |   -9.56 kcal/mol |   -9.71 +/-    0.02 kcal/mol |      17 |   -9.74 kcal/mol
------------+--------------+------------------+------------------------------+---------+-------------------

                                   Finished evaluation after reaching
                                   -9.68 +/-    0.04 kcal/mol combined.
                             77 samples, best inter + intra    -9.74 kcal/mol.


Shutdown time 0.000664s

Job #5 took 0.691 sec after waiting 0.026 sec for setup

(Thread 0 is processing Job #5)
(Thread 0 is setting up Job #6)

Running Job #6:
    Device: NVIDIA A100-SXM4-40GB
    Grid map file: ./protein.maps.fld
    Ligand file: ./ligand_6_6.pdbqt
    Output file: docking_result_6.dlg (+ xml)
    Using heuristics: (capped) number of evaluations set to 7266276
    Overriding heuristics, setting number of evaluations to --nev = 2500000 instead.
    Warning: The set number of evals is 13.57% of the uncapped heuristics estimate of 18420020 evals.
             This means this docking may not be able to converge. Increasing --heurmax may improve
             convergence but will also increase runtime.
             AutoStop will not stop before 66.37% (1659273) of the set number of evaluations.
    Local-search chosen method is: ADADELTA (ad)

Rest of Setup time 0.304034s

Executing docking runs, stopping automatically after either reaching 0.15 kcal/mol standard deviation of
the best molecules of the last 4 * 5 generations, 42000 generations, or 2500000 evaluations:

Generations |  Evaluations |     Threshold    |  Average energy of best 10%  | Samples | Best Inter + Intra
------------+--------------+------------------+------------------------------+---------+-------------------
          0 |          150 |  278.12 kcal/mol |  144.21 +/-   44.64 kcal/mol |       5 |   56.78 kcal/mol
          5 |       114315 |  278.12 kcal/mol |   12.83 +/-   32.25 kcal/mol |    1115 |  -10.87 kcal/mol
         10 |       222104 |   13.26 kcal/mol |  -11.48 +/-    0.92 kcal/mol |       4 |  -13.06 kcal/mol
         15 |       332310 |   -8.03 kcal/mol |  -11.66 +/-    1.30 kcal/mol |      11 |  -14.08 kcal/mol
         20 |       442902 |   -9.89 kcal/mol |  -13.26 +/-    0.56 kcal/mol |       4 |  -14.08 kcal/mol
         25 |       553541 |  -11.15 kcal/mol |  -13.46 +/-    0.59 kcal/mol |       8 |  -14.37 kcal/mol
         30 |       664652 |  -12.36 kcal/mol |  -14.32 +/-    0.20 kcal/mol |       4 |  -14.63 kcal/mol
         35 |       773880 |  -13.58 kcal/mol |  -14.42 +/-    0.37 kcal/mol |       4 |  -15.05 kcal/mol
         40 |       881489 |  -13.04 kcal/mol |  -14.42 +/-    0.37 kcal/mol |       4 |  -15.05 kcal/mol
         45 |       984850 |  -13.04 kcal/mol |  -14.49 +/-    0.46 kcal/mol |       7 |  -15.29 kcal/mol
         50 |      1088686 |  -13.50 kcal/mol |  -14.76 +/-    0.46 kcal/mol |       4 |  -15.29 kcal/mol
         55 |      1191575 |  -13.04 kcal/mol |  -14.60 +/-    0.53 kcal/mol |       6 |  -15.29 kcal/mol
         60 |      1290878 |  -13.28 kcal/mol |  -14.55 +/-    0.63 kcal/mol |       4 |  -15.29 kcal/mol
         65 |      1392996 |  -12.18 kcal/mol |  -14.33 +/-    0.73 kcal/mol |       8 |  -15.37 kcal/mol
         70 |      1494239 |  -12.96 kcal/mol |  -15.10 +/-    0.31 kcal/mol |       6 |  -15.37 kcal/mol
         75 |      1593726 |  -14.32 kcal/mol |  -15.30 +/-    0.14 kcal/mol |       4 |  -15.48 kcal/mol
         80 |      1692417 |  -14.76 kcal/mol |  -15.54 +/-    0.22 kcal/mol |       6 |  -15.84 kcal/mol
         85 |      1791319 |  -15.00 kcal/mol |  -15.60 +/-    0.30 kcal/mol |       4 |  -16.11 kcal/mol
         90 |      1888272 |  -14.48 kcal/mol |  -15.38 +/-    0.30 kcal/mol |       8 |  -16.11 kcal/mol
         95 |      1985622 |  -14.82 kcal/mol |  -15.59 +/-    0.26 kcal/mol |       5 |  -16.11 kcal/mol
        100 |      2079405 |  -14.80 kcal/mol |  -15.62 +/-    0.27 kcal/mol |       6 |  -16.11 kcal/mol
        105 |      2173434 |  -14.94 kcal/mol |  -15.63 +/-    0.27 kcal/mol |       5 |  -16.11 kcal/mol
        110 |      2267125 |  -14.81 kcal/mol |  -15.68 +/-    0.27 kcal/mol |       5 |  -16.11 kcal/mol
        115 |      2361078 |  -14.88 kcal/mol |  -15.73 +/-    0.24 kcal/mol |       4 |  -16.11 kcal/mol
        120 |      2451377 |  -14.83 kcal/mol |  -15.79 +/-    0.21 kcal/mol |       4 |  -16.11 kcal/mol
        123 |      2505026 |  -15.01 kcal/mol |  -15.99 +/-    0.52 kcal/mol |      10 |  -17.37 kcal/mol
------------+--------------+------------------+------------------------------+---------+-------------------

                                   Finished evaluation after reaching
                       2505026 evaluations. Best inter + intra   -17.37 kcal/mol.


Shutdown time 0.000685s

Job #6 took 1.875 sec after waiting 0.021 sec for setup

(Thread 0 is processing Job #6)
(Thread 0 is setting up Job #7)

Running Job #7:
    Device: NVIDIA A100-SXM4-40GB
    Grid map file: ./protein.maps.fld
    Ligand file: ./ligand_7_7.pdbqt
    Output file: docking_result_7.dlg (+ xml)
    Using heuristics: (capped) number of evaluations set to 7266276
    Overriding heuristics, setting number of evaluations to --nev = 2500000 instead.
    Warning: The set number of evals is 13.57% of the uncapped heuristics estimate of 18420020 evals.
             This means this docking may not be able to converge. Increasing --heurmax may improve
             convergence but will also increase runtime.
             AutoStop will not stop before 66.37% (1659273) of the set number of evaluations.
    Local-search chosen method is: ADADELTA (ad)

Rest of Setup time 0.310253s

Executing docking runs, stopping automatically after either reaching 0.15 kcal/mol standard deviation of
the best molecules of the last 4 * 5 generations, 42000 generations, or 2500000 evaluations:

Generations |  Evaluations |     Threshold    |  Average energy of best 10%  | Samples | Best Inter + Intra
------------+--------------+------------------+------------------------------+---------+-------------------
          0 |          150 |  239.82 kcal/mol |  152.76 +/-   26.68 kcal/mol |       5 |  109.75 kcal/mol
          5 |       117529 |  232.80 kcal/mol |    8.29 +/-   21.88 kcal/mol |    1090 |   -8.66 kcal/mol
         10 |       227048 |    8.59 kcal/mol |  -10.59 +/-    0.53 kcal/mol |       5 |  -11.50 kcal/mol
         15 |       336901 |   -9.00 kcal/mol |  -11.48 +/-    0.96 kcal/mol |       5 |  -12.51 kcal/mol
         20 |       446834 |   -8.61 kcal/mol |  -11.56 +/-    0.59 kcal/mol |       4 |  -12.51 kcal/mol
         25 |       552855 |   -9.33 kcal/mol |  -11.73 +/-    0.54 kcal/mol |       6 |  -12.51 kcal/mol
         30 |       657781 |  -10.38 kcal/mol |  -12.47 +/-    0.19 kcal/mol |       4 |  -12.68 kcal/mol
         35 |       760095 |  -11.77 kcal/mol |  -12.61 +/-    0.26 kcal/mol |       4 |  -12.99 kcal/mol
         40 |       862795 |  -11.63 kcal/mol |  -12.83 +/-    0.47 kcal/mol |       9 |  -13.97 kcal/mol
         45 |       962212 |  -12.04 kcal/mol |  -12.97 +/-    0.66 kcal/mol |       4 |  -13.97 kcal/mol
         50 |      1061592 |  -10.49 kcal/mol |  -12.52 +/-    0.64 kcal/mol |      11 |  -13.97 kcal/mol
         55 |      1160901 |  -11.65 kcal/mol |  -13.56 +/-    0.41 kcal/mol |       4 |  -13.97 kcal/mol
         60 |      1257311 |  -12.01 kcal/mol |  -13.26 +/-    0.43 kcal/mol |       4 |  -13.97 kcal/mol
         65 |      1352341 |  -11.65 kcal/mol |  -13.07 +/-    0.51 kcal/mol |       5 |  -13.97 kcal/mol
         70 |      1445786 |  -11.53 kcal/mol |  -13.23 +/-    0.50 kcal/mol |       6 |  -13.97 kcal/mol
         75 |      1538148 |  -11.97 kcal/mol |  -13.57 +/-    0.46 kcal/mol |       4 |  -14.20 kcal/mol
         80 |      1630597 |  -11.83 kcal/mol |  -13.54 +/-    0.50 kcal/mol |       5 |  -14.20 kcal/mol
         85 |      1721497 |  -12.03 kcal/mol |  -13.64 +/-    0.35 kcal/mol |       8 |  -14.20 kcal/mol
         90 |      1811717 |  -12.97 kcal/mol |  -13.85 +/-    0.16 kcal/mol |       6 |  -14.20 kcal/mol
         95 |      1902610 |  -13.45 kcal/mol |  -14.14 +/-    0.08 kcal/mol |       5 |  -14.20 kcal/mol
        100 |      1994135 |  -13.91 kcal/mol |  -14.06 +/-    0.10 kcal/mol |       4 |  -14.20 kcal/mol
        105 |      2084573 |  -13.69 kcal/mol |  -13.93 +/-    0.17 kcal/mol |       6 |  -14.20 kcal/mol
        110 |      2174026 |  -13.49 kcal/mol |  -14.20 +/-    0.29 kcal/mol |       6 |  -14.59 kcal/mol
        115 |      2263472 |  -13.49 kcal/mol |  -14.28 +/-    0.42 kcal/mol |       4 |  -14.77 kcal/mol
        120 |      2352905 |  -12.72 kcal/mol |  -14.09 +/-    0.49 kcal/mol |       8 |  -14.77 kcal/mol
        125 |      2441515 |  -13.17 kcal/mol |  -14.17 +/-    0.42 kcal/mol |       5 |  -14.77 kcal/mol
        129 |      2511340 |  -12.90 kcal/mol |  -14.39 +/-    0.37 kcal/mol |       9 |  -14.77 kcal/mol
------------+--------------+------------------+------------------------------+---------+-------------------

                                   Finished evaluation after reaching
                       2511340 evaluations. Best inter + intra   -14.77 kcal/mol.


Shutdown time 0.000703s

Job #7 took 1.719 sec after waiting 0.067 sec for setup

(Thread 0 is processing Job #7)
(Thread 0 is setting up Job #8)

Running Job #8:
    Device: NVIDIA A100-SXM4-40GB
    Grid map file: ./protein.maps.fld
    Ligand file: ./ligand_8_8.pdbqt
    Output file: docking_result_8.dlg (+ xml)
    Using heuristics: (capped) number of evaluations set to 2280181
    Local-search chosen method is: ADADELTA (ad)

Rest of Setup time 0.303728s

Executing docking runs, stopping automatically after either reaching 0.15 kcal/mol standard deviation of
the best molecules of the last 4 * 5 generations, 42000 generations, or 2280181 evaluations:

Generations |  Evaluations |     Threshold    |  Average energy of best 10%  | Samples | Best Inter + Intra
------------+--------------+------------------+------------------------------+---------+-------------------
          0 |          150 |   -1.50 kcal/mol |   -1.75 +/-    0.24 kcal/mol |      15 |   -2.49 kcal/mol
          5 |       141078 |   -1.50 kcal/mol |   -4.67 +/-    1.31 kcal/mol |     940 |   -9.37 kcal/mol
         10 |       279004 |   -4.65 kcal/mol |   -8.14 +/-    0.71 kcal/mol |      56 |   -9.80 kcal/mol
         15 |       418858 |   -7.95 kcal/mol |   -9.75 +/-    0.16 kcal/mol |       8 |   -9.90 kcal/mol
         20 |       557413 |   -9.46 kcal/mol |  -10.14 +/-    0.29 kcal/mol |       7 |  -10.66 kcal/mol
         25 |       694898 |   -9.52 kcal/mol |  -10.40 +/-    0.23 kcal/mol |       4 |  -10.72 kcal/mol
         30 |       832449 |   -9.53 kcal/mol |  -10.40 +/-    0.14 kcal/mol |       9 |  -10.72 kcal/mol
         35 |       969859 |  -10.17 kcal/mol |  -10.70 +/-    0.13 kcal/mol |      10 |  -10.91 kcal/mol
         40 |      1103578 |  -10.50 kcal/mol |  -10.79 +/-    0.11 kcal/mol |      16 |  -11.00 kcal/mol
         45 |      1235431 |  -10.69 kcal/mol |  -10.96 +/-    0.22 kcal/mol |      16 |  -11.38 kcal/mol
         50 |      1366552 |  -10.76 kcal/mol |  -11.25 +/-    0.12 kcal/mol |       8 |  -11.38 kcal/mol
         55 |      1498075 |  -11.02 kcal/mol |  -11.36 +/-    0.01 kcal/mol |       6 |  -11.38 kcal/mol
         60 |      1627749 |  -10.98 kcal/mol |  -11.22 +/-    0.14 kcal/mol |       7 |  -11.39 kcal/mol
         65 |      1762618 |  -10.91 kcal/mol |  -11.34 +/-    0.09 kcal/mol |       4 |  -11.40 kcal/mol
         70 |      1894304 |  -11.00 kcal/mol |  -11.22 +/-    0.15 kcal/mol |      12 |  -11.40 kcal/mol
         75 |      2026046 |  -11.02 kcal/mol |  -11.29 +/-    0.08 kcal/mol |      17 |  -11.40 kcal/mol
------------+--------------+------------------+------------------------------+---------+-------------------

                                   Finished evaluation after reaching
                                  -11.26 +/-    0.13 kcal/mol combined.
                             40 samples, best inter + intra   -11.40 kcal/mol.


Shutdown time 0.000649s

Job #8 took 0.896 sec after waiting 0.056 sec for setup

(Thread 0 is processing Job #8)
(Thread 0 is setting up Job #9)

Running Job #9:
    Device: NVIDIA A100-SXM4-40GB
    Grid map file: ./protein.maps.fld
    Ligand file: ./ligand_9_9.pdbqt
    Output file: docking_result_9.dlg (+ xml)
    Using heuristics: (capped) number of evaluations set to 2068966
    Local-search chosen method is: ADADELTA (ad)

Rest of Setup time 0.303035s

Executing docking runs, stopping automatically after either reaching 0.15 kcal/mol standard deviation of
the best molecules of the last 4 * 5 generations, 42000 generations, or 2068966 evaluations:

Generations |  Evaluations |     Threshold    |  Average energy of best 10%  | Samples | Best Inter + Intra
------------+--------------+------------------+------------------------------+---------+-------------------
          0 |          150 |   -1.72 kcal/mol |   -2.40 +/-    0.23 kcal/mol |       5 |   -2.82 kcal/mol
          5 |       135061 |   -1.72 kcal/mol |   -4.88 +/-    1.42 kcal/mol |     926 |  -10.84 kcal/mol
         10 |       265769 |   -4.85 kcal/mol |   -8.78 +/-    0.85 kcal/mol |      50 |  -10.86 kcal/mol
         15 |       400211 |   -8.52 kcal/mol |  -10.71 +/-    0.21 kcal/mol |      13 |  -10.99 kcal/mol
         20 |       534109 |  -10.47 kcal/mol |  -11.26 +/-    0.29 kcal/mol |      12 |  -11.69 kcal/mol
         25 |       664588 |  -10.89 kcal/mol |  -11.18 +/-    0.19 kcal/mol |      11 |  -11.70 kcal/mol
         30 |       796931 |  -10.92 kcal/mol |  -11.58 +/-    0.14 kcal/mol |       5 |  -11.70 kcal/mol
         35 |       924797 |  -11.18 kcal/mol |  -11.69 +/-    0.21 kcal/mol |       5 |  -12.06 kcal/mol
         40 |      1051190 |  -11.06 kcal/mol |  -11.86 +/-    0.29 kcal/mol |       9 |  -12.31 kcal/mol
         45 |      1176078 |  -11.37 kcal/mol |  -12.28 +/-    0.03 kcal/mol |       4 |  -12.31 kcal/mol
         50 |      1302287 |  -11.72 kcal/mol |  -12.25 +/-    0.07 kcal/mol |       5 |  -12.31 kcal/mol
         55 |      1428733 |  -11.80 kcal/mol |  -12.25 +/-    0.05 kcal/mol |       7 |  -12.33 kcal/mol
         60 |      1551890 |  -11.93 kcal/mol |  -12.27 +/-    0.04 kcal/mol |       7 |  -12.33 kcal/mol
         65 |      1678248 |  -11.95 kcal/mol |  -12.19 +/-    0.10 kcal/mol |       8 |  -12.33 kcal/mol
         70 |      1803156 |  -12.00 kcal/mol |  -12.22 +/-    0.10 kcal/mol |      10 |  -12.33 kcal/mol
------------+--------------+------------------+------------------------------+---------+-------------------

                                   Finished evaluation after reaching
                                  -12.23 +/-    0.09 kcal/mol combined.
                             32 samples, best inter + intra   -12.33 kcal/mol.


Shutdown time 0.000650s

Job #9 took 0.817 sec after waiting 0.029 sec for setup

(Thread 0 is processing Job #9)
(Thread 0 is setting up Job #10)

Running Job #10:
    Device: NVIDIA A100-SXM4-40GB
    Grid map file: ./protein.maps.fld
    Ligand file: ./ligand_10_10.pdbqt
    Output file: docking_result_10.dlg (+ xml)
    Using heuristics: (capped) number of evaluations set to 2280181
    Local-search chosen method is: ADADELTA (ad)

Rest of Setup time 0.307049s

Executing docking runs, stopping automatically after either reaching 0.15 kcal/mol standard deviation of
the best molecules of the last 4 * 5 generations, 42000 generations, or 2280181 evaluations:

Generations |  Evaluations |     Threshold    |  Average energy of best 10%  | Samples | Best Inter + Intra
------------+--------------+------------------+------------------------------+---------+-------------------
          0 |          150 |   -2.16 kcal/mol |   -2.50 +/-    0.13 kcal/mol |       6 |   -2.69 kcal/mol
          5 |       138503 |   -2.16 kcal/mol |   -4.94 +/-    1.45 kcal/mol |    1049 |  -10.32 kcal/mol
         10 |       276389 |   -4.92 kcal/mol |   -8.63 +/-    0.73 kcal/mol |      56 |  -10.78 kcal/mol
         15 |       415985 |   -8.43 kcal/mol |  -10.71 +/-    0.20 kcal/mol |       6 |  -10.99 kcal/mol
         20 |       555648 |  -10.20 kcal/mol |  -10.99 +/-    0.17 kcal/mol |       6 |  -11.21 kcal/mol
         25 |       694908 |  -10.56 kcal/mol |  -11.04 +/-    0.12 kcal/mol |       6 |  -11.21 kcal/mol
         30 |       834000 |  -10.74 kcal/mol |  -11.36 +/-    0.28 kcal/mol |       8 |  -11.82 kcal/mol
         35 |       969770 |  -10.85 kcal/mol |  -11.18 +/-    0.25 kcal/mol |      10 |  -11.85 kcal/mol
         40 |      1106201 |  -10.80 kcal/mol |  -11.70 +/-    0.22 kcal/mol |       4 |  -11.85 kcal/mol
         45 |      1241368 |  -10.87 kcal/mol |  -11.86 +/-    0.35 kcal/mol |       9 |  -12.42 kcal/mol
         50 |      1373976 |  -11.27 kcal/mol |  -12.80 +/-    0.37 kcal/mol |       6 |  -13.42 kcal/mol
         55 |      1507463 |  -11.88 kcal/mol |  -13.42 +/-    0.00 kcal/mol |       1 |  -13.42 kcal/mol
         60 |      1638549 |  -11.17 kcal/mol |  -12.05 +/-    0.53 kcal/mol |       8 |  -13.43 kcal/mol
         65 |      1770505 |  -11.05 kcal/mol |  -12.41 +/-    0.65 kcal/mol |       4 |  -13.43 kcal/mol
         70 |      1901174 |   -9.98 kcal/mol |  -11.91 +/-    0.61 kcal/mol |      21 |  -13.43 kcal/mol
         75 |      2030392 |  -11.47 kcal/mol |  -12.91 +/-    0.60 kcal/mol |       4 |  -13.43 kcal/mol
         80 |      2158380 |  -10.68 kcal/mol |  -12.61 +/-    0.54 kcal/mol |      18 |  -13.48 kcal/mol
         85 |      2286702 |  -12.16 kcal/mol |  -12.85 +/-    0.55 kcal/mol |      30 |  -13.48 kcal/mol
------------+--------------+------------------+------------------------------+---------+-------------------

                                   Finished evaluation after reaching
                       2286702 evaluations. Best inter + intra   -13.48 kcal/mol.


Shutdown time 0.000685s

Job #10 took 1.061 sec after waiting 0.029 sec for setup

(Thread 0 is processing Job #10)
Run time of entire job set (10 files): 16.023 sec
Savings from multithreading: -0.001 sec
Idle time of execution thread: 4.867 sec

All jobs (10) ran without errors.
