AutoDock-GPU version: v1.6-7-ga46ab564d2ac5f1a1523f65239b43505a1c29364-dirty

Running 1 docking calculation

Cuda device:                              NVIDIA A100-SXM4-40GB
Available memory on device:               39916 MB (total: 40339 MB)

CUDA Setup time 0.238686s
(Thread 0 is setting up Job #1)

Running Job #1
    Using heuristics: (capped) number of evaluations set to 2068966
    Local-search chosen method is: ADADELTA (ad)

Rest of Setup time 0.308025s

Executing docking runs, stopping automatically after either reaching 0.15 kcal/mol standard deviation of
the best molecules of the last 4 * 5 generations, 42000 generations, or 2068966 evaluations:

Generations |  Evaluations |     Threshold    |  Average energy of best 10%  | Samples | Best Inter + Intra
------------+--------------+------------------+------------------------------+---------+-------------------
          0 |          150 |   -2.11 kcal/mol |   -2.73 +/-    0.16 kcal/mol |       4 |   -2.93 kcal/mol
          5 |       129300 |   -2.11 kcal/mol |   -4.98 +/-    1.55 kcal/mol |     896 |  -11.90 kcal/mol
         10 |       256321 |   -4.95 kcal/mol |   -9.44 +/-    1.11 kcal/mol |      39 |  -12.49 kcal/mol
         15 |       387882 |   -9.01 kcal/mol |  -12.18 +/-    0.36 kcal/mol |       7 |  -12.53 kcal/mol
         20 |       516608 |  -11.40 kcal/mol |  -12.40 +/-    0.14 kcal/mol |       5 |  -12.54 kcal/mol
         25 |       646985 |  -11.99 kcal/mol |  -12.50 +/-    0.06 kcal/mol |       4 |  -12.54 kcal/mol
         30 |       778854 |  -11.94 kcal/mol |  -12.35 +/-    0.16 kcal/mol |      12 |  -12.55 kcal/mol
         35 |       909573 |  -12.15 kcal/mol |  -12.58 +/-    0.04 kcal/mol |       6 |  -12.61 kcal/mol
         40 |      1039437 |  -12.20 kcal/mol |  -12.54 +/-    0.10 kcal/mol |       6 |  -12.62 kcal/mol
         45 |      1168577 |  -12.30 kcal/mol |  -12.52 +/-    0.08 kcal/mol |      15 |  -12.62 kcal/mol
         50 |      1297083 |  -12.44 kcal/mol |  -12.57 +/-    0.04 kcal/mol |      10 |  -12.62 kcal/mol
         55 |      1424690 |  -12.35 kcal/mol |  -12.53 +/-    0.08 kcal/mol |      16 |  -12.62 kcal/mol
         60 |      1550125 |  -12.45 kcal/mol |  -12.55 +/-    0.05 kcal/mol |      15 |  -12.62 kcal/mol
------------+--------------+------------------+------------------------------+---------+-------------------

                                   Finished evaluation after reaching
                                  -12.54 +/-    0.07 kcal/mol combined.
                             56 samples, best inter + intra   -12.62 kcal/mol.


Shutdown time 0.000709s

Job #1 took 0.839 sec after waiting 4.482 sec for setup

(Thread 0 is processing Job #1)
Run time of entire job set (1 file): 5.351 sec
Processing time: 0.030 sec

All jobs (1) ran without errors.
