AutoDock-GPU version: v1.6-7-ga46ab564d2ac5f1a1523f65239b43505a1c29364-dirty

Using 1 OpenMP threads

Running 2 docking calculations

Cuda device:                              NVIDIA A100-SXM4-40GB
Available memory on device:               36560 MB (total: 40339 MB)

CUDA Setup time 0.203571s
(Thread 0 is setting up Job #1)

Running Job #1:
    Device: NVIDIA A100-SXM4-40GB
    Grid map file: ./protein.maps.fld
    Ligand file: ./ligand_1_1.pdbqt
    Output file: docking_result_1.dlg (+ xml)
    Using heuristics: (capped) number of evaluations set to 2280181
    Local-search chosen method is: ADADELTA (ad)

Rest of Setup time 0.311525s

Executing docking runs, stopping automatically after either reaching 0.15 kcal/mol standard deviation of
the best molecules of the last 4 * 5 generations, 42000 generations, or 2280181 evaluations:

Generations |  Evaluations |     Threshold    |  Average energy of best 10%  | Samples | Best Inter + Intra
------------+--------------+------------------+------------------------------+---------+-------------------
          0 |          150 |   -2.25 kcal/mol |   -2.64 +/-    0.13 kcal/mol |       5 |   -2.83 kcal/mol
          5 |       105604 |   -2.25 kcal/mol |   -5.51 +/-    1.76 kcal/mol |     863 |  -12.29 kcal/mol
         10 |       212666 |   -5.48 kcal/mol |  -10.25 +/-    1.15 kcal/mol |      45 |  -12.82 kcal/mol
         15 |       325417 |   -9.86 kcal/mol |  -12.74 +/-    0.24 kcal/mol |       6 |  -13.24 kcal/mol
         20 |       440939 |  -12.14 kcal/mol |  -13.22 +/-    0.09 kcal/mol |       5 |  -13.36 kcal/mol
         25 |       554599 |  -12.95 kcal/mol |  -13.42 +/-    0.18 kcal/mol |       4 |  -13.70 kcal/mol
         30 |       672158 |  -12.75 kcal/mol |  -13.53 +/-    0.21 kcal/mol |       7 |  -13.88 kcal/mol
         35 |       790253 |  -13.08 kcal/mol |  -13.48 +/-    0.24 kcal/mol |       4 |  -13.88 kcal/mol
         40 |       908406 |  -12.57 kcal/mol |  -13.48 +/-    0.20 kcal/mol |       6 |  -13.88 kcal/mol
         45 |      1026790 |  -12.98 kcal/mol |  -13.48 +/-    0.30 kcal/mol |       4 |  -13.96 kcal/mol
         50 |      1143777 |  -12.37 kcal/mol |  -13.41 +/-    0.35 kcal/mol |      10 |  -14.16 kcal/mol
         55 |      1263427 |  -12.88 kcal/mol |  -13.85 +/-    0.44 kcal/mol |       4 |  -14.31 kcal/mol
         60 |      1379798 |  -12.21 kcal/mol |  -13.53 +/-    0.45 kcal/mol |       6 |  -14.31 kcal/mol
         65 |      1498506 |  -12.40 kcal/mol |  -13.80 +/-    0.49 kcal/mol |       4 |  -14.31 kcal/mol
         70 |      1617521 |  -11.96 kcal/mol |  -13.91 +/-    0.91 kcal/mol |      12 |  -15.53 kcal/mol
         75 |      1737624 |  -12.77 kcal/mol |  -14.48 +/-    0.84 kcal/mol |       4 |  -15.68 kcal/mol
         80 |      1858861 |  -11.35 kcal/mol |  -14.32 +/-    1.05 kcal/mol |      13 |  -15.84 kcal/mol
         85 |      1978311 |  -13.11 kcal/mol |  -15.12 +/-    0.80 kcal/mol |       4 |  -15.92 kcal/mol
         90 |      2098015 |  -12.12 kcal/mol |  -14.80 +/-    0.86 kcal/mol |       6 |  -16.01 kcal/mol
         95 |      2219185 |  -12.66 kcal/mol |  -15.55 +/-    0.69 kcal/mol |       4 |  -16.01 kcal/mol
         98 |      2293316 |  -12.95 kcal/mol |  -15.64 +/-    0.65 kcal/mol |       5 |  -16.01 kcal/mol
------------+--------------+------------------+------------------------------+---------+-------------------

                                   Finished evaluation after reaching
                       2293316 evaluations. Best inter + intra   -16.01 kcal/mol.


Shutdown time 0.000711s

Job #1 took 1.501 sec after waiting 4.538 sec for setup

(Thread 0 is processing Job #1)
(Thread 0 is setting up Job #2)

Running Job #2:
    Device: NVIDIA A100-SXM4-40GB
    Grid map file: ./protein.maps.fld
    Ligand file: ./ligand_2_2.pdbqt
    Output file: docking_result_2.dlg (+ xml)
    Using heuristics: (capped) number of evaluations set to 2280181
    Local-search chosen method is: ADADELTA (ad)

Rest of Setup time 0.303160s

Executing docking runs, stopping automatically after either reaching 0.15 kcal/mol standard deviation of
the best molecules of the last 4 * 5 generations, 42000 generations, or 2280181 evaluations:

Generations |  Evaluations |     Threshold    |  Average energy of best 10%  | Samples | Best Inter + Intra
------------+--------------+------------------+------------------------------+---------+-------------------
          0 |          150 |   -1.87 kcal/mol |   -2.60 +/-    0.26 kcal/mol |       6 |   -3.02 kcal/mol
          5 |       105519 |   -1.95 kcal/mol |   -5.69 +/-    1.74 kcal/mol |     849 |  -12.89 kcal/mol
         10 |       212419 |   -5.66 kcal/mol |  -10.21 +/-    0.91 kcal/mol |      49 |  -12.95 kcal/mol
         15 |       323663 |   -9.93 kcal/mol |  -12.51 +/-    0.54 kcal/mol |      11 |  -13.29 kcal/mol
         20 |       438041 |  -11.78 kcal/mol |  -13.19 +/-    0.35 kcal/mol |       4 |  -13.72 kcal/mol
         25 |       554335 |  -11.87 kcal/mol |  -13.14 +/-    0.42 kcal/mol |       5 |  -13.72 kcal/mol
         30 |       672322 |  -11.87 kcal/mol |  -13.24 +/-    0.33 kcal/mol |       7 |  -13.72 kcal/mol
         35 |       789158 |  -12.54 kcal/mol |  -13.48 +/-    0.18 kcal/mol |       4 |  -13.72 kcal/mol
         40 |       907448 |  -12.81 kcal/mol |  -13.69 +/-    0.27 kcal/mol |       8 |  -14.11 kcal/mol
         45 |      1025480 |  -13.17 kcal/mol |  -13.60 +/-    0.29 kcal/mol |       5 |  -14.16 kcal/mol
         50 |      1143786 |  -12.74 kcal/mol |  -13.68 +/-    0.29 kcal/mol |      11 |  -14.16 kcal/mol
         55 |      1264593 |  -13.29 kcal/mol |  -14.29 +/-    0.20 kcal/mol |       6 |  -14.72 kcal/mol
         60 |      1383303 |  -13.78 kcal/mol |  -14.29 +/-    0.25 kcal/mol |       6 |  -14.84 kcal/mol
         65 |      1502670 |  -13.67 kcal/mol |  -14.52 +/-    0.32 kcal/mol |       6 |  -15.03 kcal/mol
         70 |      1624552 |  -13.72 kcal/mol |  -14.67 +/-    0.57 kcal/mol |       4 |  -15.63 kcal/mol
         75 |      1744306 |  -12.54 kcal/mol |  -14.41 +/-    0.48 kcal/mol |       8 |  -15.63 kcal/mol
         80 |      1865862 |  -13.52 kcal/mol |  -14.92 +/-    0.58 kcal/mol |       5 |  -15.63 kcal/mol
         85 |      1988108 |  -13.18 kcal/mol |  -14.89 +/-    0.51 kcal/mol |       6 |  -15.63 kcal/mol
         90 |      2109549 |  -13.61 kcal/mol |  -14.78 +/-    0.43 kcal/mol |       5 |  -15.64 kcal/mol
         95 |      2230467 |  -13.48 kcal/mol |  -14.91 +/-    0.49 kcal/mol |      11 |  -15.65 kcal/mol
         98 |      2303671 |  -14.25 kcal/mol |  -14.99 +/-    0.50 kcal/mol |      13 |  -15.67 kcal/mol
------------+--------------+------------------+------------------------------+---------+-------------------

                                   Finished evaluation after reaching
                       2303671 evaluations. Best inter + intra   -15.67 kcal/mol.


Shutdown time 0.000671s

Job #2 took 1.507 sec after waiting 0.056 sec for setup

(Thread 0 is processing Job #2)
Run time of entire job set (2 files): 7.657 sec
Savings from multithreading: -0.000 sec
Idle time of execution thread: 4.649 sec

All jobs (2) ran without errors.
