AutoDock-GPU version: v1.6-7-ga46ab564d2ac5f1a1523f65239b43505a1c29364-dirty

Using 1 OpenMP threads

Running 3 docking calculations

Cuda device:                              NVIDIA A100-SXM4-40GB
Available memory on device:               39916 MB (total: 40339 MB)

CUDA Setup time 0.235512s
(Thread 0 is setting up Job #1)

Running Job #1:
    Device: NVIDIA A100-SXM4-40GB
    Grid map file: ./protein.maps.fld
    Ligand file: ./ligand_1_1.pdbqt
    Output file: docking_result_1.dlg (+ xml)
    Using heuristics: (capped) number of evaluations set to 2845257
    Overriding heuristics, setting number of evaluations to --nev = 2500000 instead.
    Local-search chosen method is: ADADELTA (ad)

Rest of Setup time 0.309686s

Executing docking runs, stopping automatically after either reaching 0.15 kcal/mol standard deviation of
the best molecules of the last 4 * 5 generations, 42000 generations, or 2500000 evaluations:

Generations |  Evaluations |     Threshold    |  Average energy of best 10%  | Samples | Best Inter + Intra
------------+--------------+------------------+------------------------------+---------+-------------------
          0 |          150 |   -1.96 kcal/mol |   -2.52 +/-    0.22 kcal/mol |       6 |   -2.92 kcal/mol
          5 |       113180 |   -1.96 kcal/mol |   -6.35 +/-    2.03 kcal/mol |     958 |  -12.82 kcal/mol
         10 |       229985 |   -6.32 kcal/mol |  -11.45 +/-    1.09 kcal/mol |      45 |  -15.28 kcal/mol
         15 |       349182 |  -11.08 kcal/mol |  -14.52 +/-    0.60 kcal/mol |       5 |  -15.28 kcal/mol
         20 |       472628 |  -12.73 kcal/mol |  -15.13 +/-    0.51 kcal/mol |       7 |  -15.78 kcal/mol
         25 |       595990 |  -14.04 kcal/mol |  -15.47 +/-    0.46 kcal/mol |       4 |  -16.23 kcal/mol
         30 |       721997 |  -13.74 kcal/mol |  -15.42 +/-    0.48 kcal/mol |       7 |  -16.23 kcal/mol
         35 |       849335 |  -14.39 kcal/mol |  -15.80 +/-    0.31 kcal/mol |       6 |  -16.23 kcal/mol
         40 |       975118 |  -15.02 kcal/mol |  -15.77 +/-    0.33 kcal/mol |       5 |  -16.23 kcal/mol
         45 |      1103002 |  -14.77 kcal/mol |  -15.92 +/-    0.26 kcal/mol |       6 |  -16.23 kcal/mol
         50 |      1228037 |  -15.26 kcal/mol |  -15.89 +/-    0.26 kcal/mol |       4 |  -16.23 kcal/mol
         55 |      1355643 |  -14.90 kcal/mol |  -15.74 +/-    0.26 kcal/mol |       8 |  -16.23 kcal/mol
         60 |      1480309 |  -15.26 kcal/mol |  -15.92 +/-    0.31 kcal/mol |       4 |  -16.36 kcal/mol
         65 |      1608742 |  -14.78 kcal/mol |  -15.92 +/-    0.41 kcal/mol |       7 |  -16.40 kcal/mol
         70 |      1734557 |  -15.04 kcal/mol |  -16.41 +/-    0.67 kcal/mol |       4 |  -17.52 kcal/mol
         75 |      1862228 |  -13.89 kcal/mol |  -16.15 +/-    0.61 kcal/mol |       7 |  -17.52 kcal/mol
         80 |      1988338 |  -14.84 kcal/mol |  -17.06 +/-    0.80 kcal/mol |       4 |  -18.09 kcal/mol
         85 |      2115090 |  -14.05 kcal/mol |  -16.62 +/-    1.02 kcal/mol |       9 |  -18.10 kcal/mol
         90 |      2242333 |  -14.92 kcal/mol |  -16.81 +/-    0.78 kcal/mol |       4 |  -18.15 kcal/mol
         95 |      2370790 |  -13.90 kcal/mol |  -16.57 +/-    1.00 kcal/mol |       7 |  -18.15 kcal/mol
        100 |      2501076 |  -14.42 kcal/mol |  -16.77 +/-    1.07 kcal/mol |       8 |  -18.16 kcal/mol
------------+--------------+------------------+------------------------------+---------+-------------------

                                   Finished evaluation after reaching
                       2501076 evaluations. Best inter + intra   -18.16 kcal/mol.


Shutdown time 0.000745s

Job #1 took 1.861 sec after waiting 4.497 sec for setup

(Thread 0 is processing Job #1)
(Thread 0 is setting up Job #2)

Running Job #2:
    Device: NVIDIA A100-SXM4-40GB
    Grid map file: ./protein.maps.fld
    Ligand file: ./ligand_2_2.pdbqt
    Output file: docking_result_2.dlg (+ xml)
    Using heuristics: (capped) number of evaluations set to 2845257
    Overriding heuristics, setting number of evaluations to --nev = 2500000 instead.
    Local-search chosen method is: ADADELTA (ad)

Rest of Setup time 0.306398s

Executing docking runs, stopping automatically after either reaching 0.15 kcal/mol standard deviation of
the best molecules of the last 4 * 5 generations, 42000 generations, or 2500000 evaluations:

Generations |  Evaluations |     Threshold    |  Average energy of best 10%  | Samples | Best Inter + Intra
------------+--------------+------------------+------------------------------+---------+-------------------
          0 |          150 |   -1.31 kcal/mol |   -2.24 +/-    0.25 kcal/mol |       4 |   -2.58 kcal/mol
          5 |       124458 |   -1.31 kcal/mol |   -5.00 +/-    1.80 kcal/mol |    1054 |  -11.75 kcal/mol
         10 |       247343 |   -4.97 kcal/mol |   -9.75 +/-    1.12 kcal/mol |      50 |  -13.47 kcal/mol
         15 |       376074 |   -9.41 kcal/mol |  -13.01 +/-    0.53 kcal/mol |       6 |  -13.68 kcal/mol
         20 |       506581 |  -11.68 kcal/mol |  -13.58 +/-    0.13 kcal/mol |       5 |  -13.68 kcal/mol
         25 |       638583 |  -13.18 kcal/mol |  -13.68 +/-    0.00 kcal/mol |       3 |  -13.68 kcal/mol
         30 |       771125 |  -12.93 kcal/mol |  -13.67 +/-    0.03 kcal/mol |       4 |  -13.71 kcal/mol
         35 |       902675 |  -13.11 kcal/mol |  -13.76 +/-    0.12 kcal/mol |       4 |  -13.96 kcal/mol
         40 |      1032351 |  -13.31 kcal/mol |  -13.74 +/-    0.12 kcal/mol |       5 |  -13.96 kcal/mol
         45 |      1161206 |  -13.39 kcal/mol |  -13.74 +/-    0.13 kcal/mol |       7 |  -14.04 kcal/mol
         50 |      1291403 |  -13.46 kcal/mol |  -13.84 +/-    0.13 kcal/mol |       4 |  -14.04 kcal/mol
         55 |      1424404 |  -13.36 kcal/mol |  -13.80 +/-    0.13 kcal/mol |       5 |  -14.04 kcal/mol
         60 |      1553565 |  -13.41 kcal/mol |  -13.85 +/-    0.11 kcal/mol |       5 |  -14.04 kcal/mol
------------+--------------+------------------+------------------------------+---------+-------------------

                                   Finished evaluation after reaching
                                  -13.80 +/-    0.13 kcal/mol combined.
                             21 samples, best inter + intra   -14.04 kcal/mol.


Shutdown time 0.000672s

Job #2 took 0.986 sec after waiting 0.068 sec for setup

(Thread 0 is processing Job #2)
(Thread 0 is setting up Job #3)

Running Job #3:
    Device: NVIDIA A100-SXM4-40GB
    Grid map file: ./protein.maps.fld
    Ligand file: ./ligand_3_3.pdbqt
    Output file: docking_result_3.dlg (+ xml)
    Using heuristics: (capped) number of evaluations set to 2845257
    Overriding heuristics, setting number of evaluations to --nev = 2500000 instead.
    Local-search chosen method is: ADADELTA (ad)

Rest of Setup time 0.301325s

Executing docking runs, stopping automatically after either reaching 0.15 kcal/mol standard deviation of
the best molecules of the last 4 * 5 generations, 42000 generations, or 2500000 evaluations:

Generations |  Evaluations |     Threshold    |  Average energy of best 10%  | Samples | Best Inter + Intra
------------+--------------+------------------+------------------------------+---------+-------------------
          0 |          150 |   -2.37 kcal/mol |   -2.86 +/-    0.20 kcal/mol |       6 |   -3.16 kcal/mol
          5 |       117885 |   -2.37 kcal/mol |   -6.62 +/-    2.02 kcal/mol |    1005 |  -14.07 kcal/mol
         10 |       237803 |   -6.59 kcal/mol |  -11.86 +/-    1.12 kcal/mol |      34 |  -15.46 kcal/mol
         15 |       362466 |  -11.36 kcal/mol |  -14.48 +/-    0.82 kcal/mol |       8 |  -16.09 kcal/mol
         20 |       489440 |  -12.94 kcal/mol |  -15.57 +/-    0.52 kcal/mol |       5 |  -16.09 kcal/mol
         25 |       617390 |  -14.00 kcal/mol |  -15.24 +/-    0.64 kcal/mol |       4 |  -16.09 kcal/mol
         30 |       746394 |  -12.86 kcal/mol |  -14.96 +/-    0.53 kcal/mol |      11 |  -16.09 kcal/mol
         35 |       874996 |  -14.23 kcal/mol |  -15.86 +/-    0.55 kcal/mol |       4 |  -16.79 kcal/mol
         40 |      1003370 |  -13.81 kcal/mol |  -15.49 +/-    0.52 kcal/mol |      11 |  -16.79 kcal/mol
         45 |      1130795 |  -14.78 kcal/mol |  -16.77 +/-    0.44 kcal/mol |       9 |  -17.36 kcal/mol
         50 |      1257486 |  -16.04 kcal/mol |  -17.19 +/-    0.20 kcal/mol |       5 |  -17.43 kcal/mol
         55 |      1386707 |  -16.59 kcal/mol |  -17.28 +/-    0.24 kcal/mol |       4 |  -17.59 kcal/mol
         60 |      1513942 |  -16.38 kcal/mol |  -17.36 +/-    0.39 kcal/mol |       7 |  -17.82 kcal/mol
         65 |      1644216 |  -16.52 kcal/mol |  -17.88 +/-    0.24 kcal/mol |       6 |  -18.05 kcal/mol
         70 |      1771464 |  -17.29 kcal/mol |  -18.05 +/-    0.01 kcal/mol |       2 |  -18.06 kcal/mol
         75 |      1901914 |  -16.93 kcal/mol |  -17.94 +/-    0.13 kcal/mol |       6 |  -18.06 kcal/mol
         80 |      2029261 |  -17.62 kcal/mol |  -18.06 +/-    0.01 kcal/mol |       2 |  -18.07 kcal/mol
         85 |      2157758 |  -16.94 kcal/mol |  -17.82 +/-    0.42 kcal/mol |       4 |  -18.07 kcal/mol
         90 |      2287958 |  -16.24 kcal/mol |  -17.87 +/-    0.39 kcal/mol |       5 |  -18.12 kcal/mol
         95 |      2419405 |  -16.69 kcal/mol |  -17.58 +/-    0.51 kcal/mol |       4 |  -18.12 kcal/mol
         99 |      2524429 |  -15.65 kcal/mol |  -17.65 +/-    0.50 kcal/mol |      12 |  -18.12 kcal/mol
------------+--------------+------------------+------------------------------+---------+-------------------

                                   Finished evaluation after reaching
                       2524429 evaluations. Best inter + intra   -18.12 kcal/mol.


Shutdown time 0.000651s

Job #3 took 1.705 sec after waiting 0.047 sec for setup

(Thread 0 is processing Job #3)
Run time of entire job set (3 files): 9.226 sec
Savings from multithreading: -0.000 sec
Idle time of execution thread: 4.674 sec

All jobs (3) ran without errors.
