AutoDock-GPU version: v1.6-7-ga46ab564d2ac5f1a1523f65239b43505a1c29364-dirty

Using 1 OpenMP threads

Running 10 docking calculations

Cuda device:                              NVIDIA A100-SXM4-40GB
Available memory on device:               39916 MB (total: 40339 MB)

CUDA Setup time 0.230891s
(Thread 0 is setting up Job #1)

Running Job #1:
    Device: NVIDIA A100-SXM4-40GB
    Grid map file: ./protein.maps.fld
    Ligand file: ./ligand_1_1.pdbqt
    Output file: docking_result_1.dlg (+ xml)
    Using heuristics: (capped) number of evaluations set to 2068966
    Local-search chosen method is: ADADELTA (ad)

Rest of Setup time 0.308497s

Executing docking runs, stopping automatically after either reaching 0.15 kcal/mol standard deviation of
the best molecules of the last 4 * 5 generations, 42000 generations, or 2068966 evaluations:

Generations |  Evaluations |     Threshold    |  Average energy of best 10%  | Samples | Best Inter + Intra
------------+--------------+------------------+------------------------------+---------+-------------------
          0 |          150 |   -0.78 kcal/mol |   -2.53 +/-    0.54 kcal/mol |       5 |   -3.26 kcal/mol
          5 |       125919 |   -0.91 kcal/mol |   -4.59 +/-    1.45 kcal/mol |     900 |  -10.05 kcal/mol
         10 |       252474 |   -4.57 kcal/mol |   -8.57 +/-    0.86 kcal/mol |      47 |  -10.85 kcal/mol
         15 |       380540 |   -8.29 kcal/mol |  -10.60 +/-    0.16 kcal/mol |       7 |  -10.85 kcal/mol
         20 |       509245 |  -10.26 kcal/mol |  -10.96 +/-    0.28 kcal/mol |       6 |  -11.53 kcal/mol
         25 |       637126 |  -10.26 kcal/mol |  -11.27 +/-    0.26 kcal/mol |       7 |  -11.67 kcal/mol
         30 |       767086 |  -10.71 kcal/mol |  -11.58 +/-    0.13 kcal/mol |       5 |  -11.67 kcal/mol
         35 |       895479 |  -11.19 kcal/mol |  -11.43 +/-    0.16 kcal/mol |      11 |  -11.72 kcal/mol
         40 |      1023029 |  -11.21 kcal/mol |  -11.43 +/-    0.13 kcal/mol |      11 |  -11.72 kcal/mol
         45 |      1152137 |  -11.26 kcal/mol |  -11.42 +/-    0.14 kcal/mol |      16 |  -11.72 kcal/mol
         50 |      1280137 |  -11.29 kcal/mol |  -11.43 +/-    0.14 kcal/mol |      11 |  -11.77 kcal/mol
         55 |      1408545 |  -11.25 kcal/mol |  -11.48 +/-    0.17 kcal/mol |      14 |  -11.77 kcal/mol
         60 |      1535942 |  -11.31 kcal/mol |  -11.50 +/-    0.13 kcal/mol |      12 |  -11.77 kcal/mol
         65 |      1663624 |  -11.33 kcal/mol |  -11.53 +/-    0.13 kcal/mol |      11 |  -11.79 kcal/mol
         70 |      1791337 |  -11.36 kcal/mol |  -11.52 +/-    0.12 kcal/mol |      16 |  -11.79 kcal/mol
         75 |      1917206 |  -11.41 kcal/mol |  -11.56 +/-    0.13 kcal/mol |       9 |  -11.79 kcal/mol
         80 |      2044948 |  -11.34 kcal/mol |  -11.50 +/-    0.13 kcal/mol |      19 |  -11.79 kcal/mol
------------+--------------+------------------+------------------------------+---------+-------------------

                                   Finished evaluation after reaching
                                  -11.52 +/-    0.13 kcal/mol combined.
                             55 samples, best inter + intra   -11.79 kcal/mol.


Shutdown time 0.000751s

Job #1 took 1.006 sec after waiting 4.465 sec for setup

(Thread 0 is processing Job #1)
(Thread 0 is setting up Job #2)

Running Job #2:
    Device: NVIDIA A100-SXM4-40GB
    Grid map file: ./protein.maps.fld
    Ligand file: ./ligand_2_2.pdbqt
    Output file: docking_result_2.dlg (+ xml)
    Using heuristics: (capped) number of evaluations set to 2068966
    Local-search chosen method is: ADADELTA (ad)

Rest of Setup time 0.304890s

Executing docking runs, stopping automatically after either reaching 0.15 kcal/mol standard deviation of
the best molecules of the last 4 * 5 generations, 42000 generations, or 2068966 evaluations:

Generations |  Evaluations |     Threshold    |  Average energy of best 10%  | Samples | Best Inter + Intra
------------+--------------+------------------+------------------------------+---------+-------------------
          0 |          150 |   -1.02 kcal/mol |   -2.01 +/-    0.32 kcal/mol |      10 |   -2.86 kcal/mol
          5 |       128344 |   -1.54 kcal/mol |   -4.71 +/-    1.44 kcal/mol |     872 |  -10.29 kcal/mol
         10 |       255992 |   -4.69 kcal/mol |   -8.33 +/-    0.69 kcal/mol |      52 |  -10.39 kcal/mol
         15 |       386916 |   -8.13 kcal/mol |  -10.16 +/-    0.34 kcal/mol |      11 |  -10.82 kcal/mol
         20 |       517096 |   -9.70 kcal/mol |  -10.98 +/-    0.48 kcal/mol |       7 |  -11.85 kcal/mol
         25 |       646438 |   -9.96 kcal/mol |  -11.39 +/-    0.31 kcal/mol |      10 |  -11.92 kcal/mol
         30 |       775426 |  -10.92 kcal/mol |  -11.83 +/-    0.11 kcal/mol |       4 |  -11.94 kcal/mol
         35 |       905433 |  -11.42 kcal/mol |  -11.77 +/-    0.10 kcal/mol |       4 |  -11.94 kcal/mol
         40 |      1033366 |  -11.40 kcal/mol |  -11.67 +/-    0.19 kcal/mol |       5 |  -11.94 kcal/mol
         45 |      1163122 |  -11.10 kcal/mol |  -11.78 +/-    0.10 kcal/mol |       4 |  -11.95 kcal/mol
         50 |      1293329 |  -11.41 kcal/mol |  -11.67 +/-    0.17 kcal/mol |       5 |  -11.95 kcal/mol
         55 |      1420868 |  -11.17 kcal/mol |  -11.68 +/-    0.15 kcal/mol |       6 |  -11.95 kcal/mol
         60 |      1545120 |  -11.31 kcal/mol |  -11.67 +/-    0.13 kcal/mol |      12 |  -11.95 kcal/mol
------------+--------------+------------------+------------------------------+---------+-------------------

                                   Finished evaluation after reaching
                                  -11.69 +/-    0.14 kcal/mol combined.
                             27 samples, best inter + intra   -11.95 kcal/mol.


Shutdown time 0.000658s

Job #2 took 0.800 sec after waiting 0.029 sec for setup

(Thread 0 is processing Job #2)
(Thread 0 is setting up Job #3)

Running Job #3:
    Device: NVIDIA A100-SXM4-40GB
    Grid map file: ./protein.maps.fld
    Ligand file: ./ligand_3_3.pdbqt
    Output file: docking_result_3.dlg (+ xml)
    Using heuristics: (capped) number of evaluations set to 2068966
    Local-search chosen method is: ADADELTA (ad)

Rest of Setup time 0.305515s

Executing docking runs, stopping automatically after either reaching 0.15 kcal/mol standard deviation of
the best molecules of the last 4 * 5 generations, 42000 generations, or 2068966 evaluations:

Generations |  Evaluations |     Threshold    |  Average energy of best 10%  | Samples | Best Inter + Intra
------------+--------------+------------------+------------------------------+---------+-------------------
          0 |          150 |   -1.86 kcal/mol |   -2.36 +/-    0.13 kcal/mol |       4 |   -2.48 kcal/mol
          5 |       128641 |   -1.86 kcal/mol |   -4.74 +/-    1.49 kcal/mol |     878 |  -10.46 kcal/mol
         10 |       253257 |   -4.71 kcal/mol |   -8.60 +/-    0.76 kcal/mol |      47 |  -10.58 kcal/mol
         15 |       384012 |   -8.36 kcal/mol |  -10.33 +/-    0.19 kcal/mol |      10 |  -10.58 kcal/mol
         20 |       514754 |  -10.04 kcal/mol |  -10.73 +/-    0.24 kcal/mol |       6 |  -11.10 kcal/mol
         25 |       643970 |  -10.13 kcal/mol |  -11.02 +/-    0.19 kcal/mol |       7 |  -11.20 kcal/mol
         30 |       774236 |  -10.61 kcal/mol |  -11.11 +/-    0.11 kcal/mol |       5 |  -11.22 kcal/mol
         35 |       902702 |  -10.78 kcal/mol |  -11.08 +/-    0.13 kcal/mol |       9 |  -11.22 kcal/mol
         40 |      1030653 |  -10.87 kcal/mol |  -11.18 +/-    0.12 kcal/mol |      10 |  -11.36 kcal/mol
         45 |      1157009 |  -11.01 kcal/mol |  -11.22 +/-    0.14 kcal/mol |      11 |  -11.44 kcal/mol
         50 |      1283345 |  -11.04 kcal/mol |  -11.28 +/-    0.16 kcal/mol |      12 |  -11.49 kcal/mol
         55 |      1411036 |  -11.08 kcal/mol |  -11.46 +/-    0.13 kcal/mol |       9 |  -11.70 kcal/mol
         60 |      1535831 |  -11.25 kcal/mol |  -11.55 +/-    0.10 kcal/mol |       5 |  -11.72 kcal/mol
         65 |      1661095 |  -11.25 kcal/mol |  -11.50 +/-    0.12 kcal/mol |       7 |  -11.72 kcal/mol
         70 |      1788363 |  -11.23 kcal/mol |  -11.51 +/-    0.14 kcal/mol |      12 |  -11.73 kcal/mol
         75 |      1912767 |  -11.34 kcal/mol |  -11.53 +/-    0.13 kcal/mol |       9 |  -11.77 kcal/mol
         80 |      2039513 |  -11.31 kcal/mol |  -11.56 +/-    0.11 kcal/mol |      11 |  -11.77 kcal/mol
         82 |      2090240 |  -11.41 kcal/mol |  -11.56 +/-    0.11 kcal/mol |      20 |  -11.77 kcal/mol
------------+--------------+------------------+------------------------------+---------+-------------------

                                   Finished evaluation after reaching
                       2090240 evaluations. Best inter + intra   -11.77 kcal/mol.


Shutdown time 0.000648s

Job #3 took 0.978 sec after waiting 0.029 sec for setup

(Thread 0 is processing Job #3)
(Thread 0 is setting up Job #4)

Running Job #4:
    Device: NVIDIA A100-SXM4-40GB
    Grid map file: ./protein.maps.fld
    Ligand file: ./ligand_4_4.pdbqt
    Output file: docking_result_4.dlg (+ xml)
    Using heuristics: (capped) number of evaluations set to 2068966
    Local-search chosen method is: ADADELTA (ad)

Rest of Setup time 0.306037s

Executing docking runs, stopping automatically after either reaching 0.15 kcal/mol standard deviation of
the best molecules of the last 4 * 5 generations, 42000 generations, or 2068966 evaluations:

Generations |  Evaluations |     Threshold    |  Average energy of best 10%  | Samples | Best Inter + Intra
------------+--------------+------------------+------------------------------+---------+-------------------
          0 |          150 |   -0.98 kcal/mol |   -2.48 +/-    0.47 kcal/mol |      11 |   -3.80 kcal/mol
          5 |       130290 |   -1.84 kcal/mol |   -4.88 +/-    1.33 kcal/mol |     806 |   -9.88 kcal/mol
         10 |       256901 |   -4.85 kcal/mol |   -8.47 +/-    0.79 kcal/mol |      46 |  -10.13 kcal/mol
         15 |       386597 |   -8.21 kcal/mol |  -10.20 +/-    0.30 kcal/mol |       9 |  -10.91 kcal/mol
         20 |       516282 |   -9.70 kcal/mol |  -10.83 +/-    0.34 kcal/mol |      10 |  -11.43 kcal/mol
         25 |       646190 |  -10.32 kcal/mol |  -11.17 +/-    0.55 kcal/mol |       4 |  -11.94 kcal/mol
         30 |       776387 |   -9.12 kcal/mol |  -10.91 +/-    0.51 kcal/mol |      18 |  -12.01 kcal/mol
         35 |       901914 |  -10.49 kcal/mol |  -11.69 +/-    0.22 kcal/mol |       4 |  -12.01 kcal/mol
         40 |      1028020 |  -10.86 kcal/mol |  -11.69 +/-    0.26 kcal/mol |      13 |  -12.04 kcal/mol
         45 |      1155680 |  -11.38 kcal/mol |  -12.02 +/-    0.03 kcal/mol |       5 |  -12.05 kcal/mol
         50 |      1282149 |  -11.57 kcal/mol |  -12.01 +/-    0.06 kcal/mol |       5 |  -12.06 kcal/mol
         55 |      1409400 |  -11.56 kcal/mol |  -12.02 +/-    0.07 kcal/mol |       7 |  -12.06 kcal/mol
         60 |      1531883 |  -11.70 kcal/mol |  -11.97 +/-    0.08 kcal/mol |      11 |  -12.07 kcal/mol
         65 |      1658875 |  -11.86 kcal/mol |  -12.04 +/-    0.04 kcal/mol |       5 |  -12.07 kcal/mol
------------+--------------+------------------+------------------------------+---------+-------------------

                                   Finished evaluation after reaching
                                  -12.00 +/-    0.07 kcal/mol combined.
                             28 samples, best inter + intra   -12.07 kcal/mol.


Shutdown time 0.000781s

Job #4 took 0.839 sec after waiting 0.030 sec for setup

(Thread 0 is processing Job #4)
(Thread 0 is setting up Job #5)

Running Job #5:
    Device: NVIDIA A100-SXM4-40GB
    Grid map file: ./protein.maps.fld
    Ligand file: ./ligand_5_5.pdbqt
    Output file: docking_result_5.dlg (+ xml)
    Using heuristics: (capped) number of evaluations set to 2068966
    Local-search chosen method is: ADADELTA (ad)

Rest of Setup time 0.305950s

Executing docking runs, stopping automatically after either reaching 0.15 kcal/mol standard deviation of
the best molecules of the last 4 * 5 generations, 42000 generations, or 2068966 evaluations:

Generations |  Evaluations |     Threshold    |  Average energy of best 10%  | Samples | Best Inter + Intra
------------+--------------+------------------+------------------------------+---------+-------------------
          0 |          150 |   -0.66 kcal/mol |   -1.99 +/-    0.44 kcal/mol |       6 |   -2.82 kcal/mol
          5 |       127107 |   -0.89 kcal/mol |   -4.65 +/-    1.57 kcal/mol |     906 |  -11.59 kcal/mol
         10 |       250524 |   -4.63 kcal/mol |   -8.75 +/-    0.95 kcal/mol |      53 |  -11.60 kcal/mol
         15 |       376429 |   -8.48 kcal/mol |  -11.28 +/-    0.38 kcal/mol |       6 |  -11.61 kcal/mol
         20 |       501622 |  -10.33 kcal/mol |  -11.37 +/-    0.16 kcal/mol |       4 |  -11.61 kcal/mol
         25 |       624885 |  -10.76 kcal/mol |  -11.45 +/-    0.13 kcal/mol |       6 |  -11.61 kcal/mol
         30 |       750028 |  -11.14 kcal/mol |  -11.46 +/-    0.14 kcal/mol |      10 |  -11.61 kcal/mol
         35 |       877259 |  -11.24 kcal/mol |  -11.77 +/-    0.20 kcal/mol |       6 |  -12.13 kcal/mol
         40 |      1003264 |  -11.27 kcal/mol |  -12.06 +/-    0.08 kcal/mol |       4 |  -12.16 kcal/mol
         45 |      1127558 |  -11.76 kcal/mol |  -12.17 +/-    0.20 kcal/mol |       9 |  -12.45 kcal/mol
         50 |      1252122 |  -11.83 kcal/mol |  -12.31 +/-    0.14 kcal/mol |       4 |  -12.45 kcal/mol
         55 |      1376928 |  -11.79 kcal/mol |  -12.33 +/-    0.19 kcal/mol |       4 |  -12.45 kcal/mol
         60 |      1499876 |  -11.63 kcal/mol |  -12.38 +/-    0.16 kcal/mol |       7 |  -12.52 kcal/mol
         65 |      1626251 |  -12.03 kcal/mol |  -12.39 +/-    0.11 kcal/mol |       4 |  -12.52 kcal/mol
         70 |      1751621 |  -11.98 kcal/mol |  -12.46 +/-    0.04 kcal/mol |       5 |  -12.52 kcal/mol
         75 |      1876221 |  -12.01 kcal/mol |  -12.45 +/-    0.05 kcal/mol |       5 |  -12.52 kcal/mol
------------+--------------+------------------+------------------------------+---------+-------------------

                                   Finished evaluation after reaching
                                  -12.42 +/-    0.12 kcal/mol combined.
                             21 samples, best inter + intra   -12.52 kcal/mol.


Shutdown time 0.000637s

Job #5 took 0.927 sec after waiting 0.030 sec for setup

(Thread 0 is processing Job #5)
(Thread 0 is setting up Job #6)

Running Job #6:
    Device: NVIDIA A100-SXM4-40GB
    Grid map file: ./protein.maps.fld
    Ligand file: ./ligand_6_6.pdbqt
    Output file: docking_result_6.dlg (+ xml)
    Using heuristics: (capped) number of evaluations set to 2280181
    Local-search chosen method is: ADADELTA (ad)

Rest of Setup time 0.304560s

Executing docking runs, stopping automatically after either reaching 0.15 kcal/mol standard deviation of
the best molecules of the last 4 * 5 generations, 42000 generations, or 2280181 evaluations:

Generations |  Evaluations |     Threshold    |  Average energy of best 10%  | Samples | Best Inter + Intra
------------+--------------+------------------+------------------------------+---------+-------------------
          0 |          150 |   -0.97 kcal/mol |   -2.34 +/-    0.43 kcal/mol |       5 |   -2.92 kcal/mol
          5 |       129636 |   -1.04 kcal/mol |   -4.57 +/-    1.66 kcal/mol |     954 |  -10.20 kcal/mol
         10 |       253461 |   -4.54 kcal/mol |   -8.77 +/-    0.71 kcal/mol |      52 |  -11.24 kcal/mol
         15 |       379650 |   -8.56 kcal/mol |  -10.31 +/-    0.39 kcal/mol |       7 |  -11.25 kcal/mol
         20 |       506499 |   -9.47 kcal/mol |  -10.79 +/-    0.39 kcal/mol |       5 |  -11.41 kcal/mol
         25 |       634310 |   -9.62 kcal/mol |  -10.95 +/-    0.23 kcal/mol |       6 |  -11.42 kcal/mol
         30 |       762736 |  -10.38 kcal/mol |  -11.37 +/-    0.40 kcal/mol |       8 |  -11.71 kcal/mol
         35 |       888723 |  -10.63 kcal/mol |  -11.66 +/-    0.26 kcal/mol |       6 |  -12.18 kcal/mol
         40 |      1018213 |  -11.00 kcal/mol |  -11.71 +/-    0.34 kcal/mol |       4 |  -12.19 kcal/mol
         45 |      1144259 |  -10.43 kcal/mol |  -11.51 +/-    0.28 kcal/mol |       9 |  -12.19 kcal/mol
         50 |      1269514 |  -11.05 kcal/mol |  -11.92 +/-    0.32 kcal/mol |       4 |  -12.27 kcal/mol
         55 |      1397407 |  -10.72 kcal/mol |  -11.75 +/-    0.33 kcal/mol |      11 |  -12.50 kcal/mol
         60 |      1521670 |  -11.30 kcal/mol |  -12.12 +/-    0.26 kcal/mol |       4 |  -12.50 kcal/mol
         65 |      1648995 |  -11.16 kcal/mol |  -12.17 +/-    0.24 kcal/mol |      13 |  -12.57 kcal/mol
         70 |      1773643 |  -11.89 kcal/mol |  -12.42 +/-    0.09 kcal/mol |       6 |  -12.57 kcal/mol
         75 |      1900518 |  -12.19 kcal/mol |  -12.37 +/-    0.13 kcal/mol |      10 |  -12.62 kcal/mol
         80 |      2024754 |  -12.17 kcal/mol |  -12.65 +/-    0.22 kcal/mol |       4 |  -12.78 kcal/mol
         85 |      2149642 |  -11.82 kcal/mol |  -12.55 +/-    0.18 kcal/mol |      15 |  -12.78 kcal/mol
         90 |      2275717 |  -12.38 kcal/mol |  -12.66 +/-    0.13 kcal/mol |      17 |  -12.78 kcal/mol
         91 |      2300891 |  -12.54 kcal/mol |  -12.73 +/-    0.05 kcal/mol |      24 |  -12.78 kcal/mol
------------+--------------+------------------+------------------------------+---------+-------------------

                                   Finished evaluation after reaching
                       2300891 evaluations. Best inter + intra   -12.78 kcal/mol.


Shutdown time 0.000735s

Job #6 took 1.090 sec after waiting 0.031 sec for setup

(Thread 0 is processing Job #6)
(Thread 0 is setting up Job #7)

Running Job #7:
    Device: NVIDIA A100-SXM4-40GB
    Grid map file: ./protein.maps.fld
    Ligand file: ./ligand_7_7.pdbqt
    Output file: docking_result_7.dlg (+ xml)
    Using heuristics: (capped) number of evaluations set to 2068966
    Local-search chosen method is: ADADELTA (ad)

Rest of Setup time 0.307744s

Executing docking runs, stopping automatically after either reaching 0.15 kcal/mol standard deviation of
the best molecules of the last 4 * 5 generations, 42000 generations, or 2068966 evaluations:

Generations |  Evaluations |     Threshold    |  Average energy of best 10%  | Samples | Best Inter + Intra
------------+--------------+------------------+------------------------------+---------+-------------------
          0 |          150 |   -1.66 kcal/mol |   -2.12 +/-    0.15 kcal/mol |       5 |   -2.28 kcal/mol
          5 |       133180 |   -1.66 kcal/mol |   -4.62 +/-    1.42 kcal/mol |     890 |   -9.41 kcal/mol
         10 |       262575 |   -4.60 kcal/mol |   -8.35 +/-    0.90 kcal/mol |      55 |  -12.07 kcal/mol
         15 |       396214 |   -8.11 kcal/mol |  -11.24 +/-    0.73 kcal/mol |       9 |  -12.20 kcal/mol
         20 |       526701 |  -10.02 kcal/mol |  -11.38 +/-    0.47 kcal/mol |       4 |  -12.20 kcal/mol
         25 |       655068 |   -9.60 kcal/mol |  -11.36 +/-    0.51 kcal/mol |       8 |  -12.20 kcal/mol
         30 |       783774 |  -10.41 kcal/mol |  -11.97 +/-    0.39 kcal/mol |       4 |  -12.20 kcal/mol
         35 |       914010 |  -10.51 kcal/mol |  -11.68 +/-    0.42 kcal/mol |       5 |  -12.20 kcal/mol
         40 |      1043078 |  -10.43 kcal/mol |  -11.53 +/-    0.39 kcal/mol |       8 |  -12.20 kcal/mol
         45 |      1168179 |  -10.80 kcal/mol |  -11.52 +/-    0.31 kcal/mol |       6 |  -12.20 kcal/mol
         50 |      1295031 |  -10.74 kcal/mol |  -11.88 +/-    0.30 kcal/mol |       9 |  -12.23 kcal/mol
         55 |      1420669 |  -11.39 kcal/mol |  -11.94 +/-    0.24 kcal/mol |       5 |  -12.23 kcal/mol
         60 |      1543835 |  -11.24 kcal/mol |  -11.71 +/-    0.22 kcal/mol |       8 |  -12.23 kcal/mol
         65 |      1670339 |  -11.29 kcal/mol |  -11.99 +/-    0.23 kcal/mol |       4 |  -12.23 kcal/mol
         70 |      1797581 |  -11.13 kcal/mol |  -11.54 +/-    0.22 kcal/mol |      21 |  -12.23 kcal/mol
         75 |      1923087 |  -11.38 kcal/mol |  -11.88 +/-    0.22 kcal/mol |       7 |  -12.23 kcal/mol
         80 |      2050689 |  -11.41 kcal/mol |  -11.93 +/-    0.23 kcal/mol |       8 |  -12.24 kcal/mol
         81 |      2075867 |  -11.49 kcal/mol |  -12.22 +/-    0.03 kcal/mol |       6 |  -12.24 kcal/mol
------------+--------------+------------------+------------------------------+---------+-------------------

                                   Finished evaluation after reaching
                       2075867 evaluations. Best inter + intra   -12.24 kcal/mol.


Shutdown time 0.000719s

Job #7 took 0.989 sec after waiting 0.033 sec for setup

(Thread 0 is processing Job #7)
(Thread 0 is setting up Job #8)

Running Job #8:
    Device: NVIDIA A100-SXM4-40GB
    Grid map file: ./protein.maps.fld
    Ligand file: ./ligand_8_8.pdbqt
    Output file: docking_result_8.dlg (+ xml)
    Using heuristics: (capped) number of evaluations set to 2068966
    Local-search chosen method is: ADADELTA (ad)

Rest of Setup time 0.307917s

Executing docking runs, stopping automatically after either reaching 0.15 kcal/mol standard deviation of
the best molecules of the last 4 * 5 generations, 42000 generations, or 2068966 evaluations:

Generations |  Evaluations |     Threshold    |  Average energy of best 10%  | Samples | Best Inter + Intra
------------+--------------+------------------+------------------------------+---------+-------------------
          0 |          150 |   -1.79 kcal/mol |   -2.25 +/-    0.18 kcal/mol |       6 |   -2.55 kcal/mol
          5 |       126718 |   -1.79 kcal/mol |   -4.45 +/-    1.34 kcal/mol |     820 |   -9.57 kcal/mol
         10 |       252517 |   -4.42 kcal/mol |   -8.08 +/-    0.77 kcal/mol |      47 |  -10.00 kcal/mol
         15 |       380804 |   -7.84 kcal/mol |   -9.56 +/-    0.25 kcal/mol |      11 |  -10.00 kcal/mol
         20 |       509283 |   -9.22 kcal/mol |   -9.95 +/-    0.17 kcal/mol |      11 |  -10.26 kcal/mol
         25 |       635121 |   -9.72 kcal/mol |  -10.12 +/-    0.17 kcal/mol |       8 |  -10.36 kcal/mol
         30 |       762664 |   -9.79 kcal/mol |  -10.05 +/-    0.18 kcal/mol |      14 |  -10.36 kcal/mol
         35 |       888781 |   -9.86 kcal/mol |  -10.11 +/-    0.16 kcal/mol |      11 |  -10.36 kcal/mol
         40 |      1014546 |   -9.90 kcal/mol |  -10.12 +/-    0.15 kcal/mol |      13 |  -10.36 kcal/mol
         45 |      1139792 |   -9.95 kcal/mol |  -10.20 +/-    0.10 kcal/mol |      13 |  -10.36 kcal/mol
         50 |      1264964 |  -10.08 kcal/mol |  -10.20 +/-    0.08 kcal/mol |      10 |  -10.36 kcal/mol
------------+--------------+------------------+------------------------------+---------+-------------------

                                   Finished evaluation after reaching
                                  -10.16 +/-    0.13 kcal/mol combined.
                             47 samples, best inter + intra   -10.36 kcal/mol.


Shutdown time 0.000656s

Job #8 took 0.646 sec after waiting 0.032 sec for setup

(Thread 0 is processing Job #8)
(Thread 0 is setting up Job #9)

Running Job #9:
    Device: NVIDIA A100-SXM4-40GB
    Grid map file: ./protein.maps.fld
    Ligand file: ./ligand_9_9.pdbqt
    Output file: docking_result_9.dlg (+ xml)
    Using heuristics: (capped) number of evaluations set to 2068966
    Local-search chosen method is: ADADELTA (ad)

Rest of Setup time 0.304754s

Executing docking runs, stopping automatically after either reaching 0.15 kcal/mol standard deviation of
the best molecules of the last 4 * 5 generations, 42000 generations, or 2068966 evaluations:

Generations |  Evaluations |     Threshold    |  Average energy of best 10%  | Samples | Best Inter + Intra
------------+--------------+------------------+------------------------------+---------+-------------------
          0 |          150 |   -1.53 kcal/mol |   -2.60 +/-    0.33 kcal/mol |       4 |   -3.14 kcal/mol
          5 |       126740 |   -1.37 kcal/mol |   -4.30 +/-    1.32 kcal/mol |     851 |   -8.61 kcal/mol
         10 |       250690 |   -4.28 kcal/mol |   -8.00 +/-    0.76 kcal/mol |      29 |   -9.96 kcal/mol
         15 |       377923 |   -7.61 kcal/mol |   -9.49 +/-    0.23 kcal/mol |       7 |   -9.96 kcal/mol
         20 |       503882 |   -9.00 kcal/mol |   -9.83 +/-    0.19 kcal/mol |       6 |  -10.07 kcal/mol
         25 |       628962 |   -9.35 kcal/mol |  -10.03 +/-    0.16 kcal/mol |       6 |  -10.30 kcal/mol
         30 |       755828 |   -9.64 kcal/mol |  -10.18 +/-    0.08 kcal/mol |      10 |  -10.33 kcal/mol
         35 |       882049 |  -10.06 kcal/mol |  -10.24 +/-    0.05 kcal/mol |       6 |  -10.33 kcal/mol
         40 |      1007267 |   -9.87 kcal/mol |  -10.26 +/-    0.06 kcal/mol |      11 |  -10.36 kcal/mol
         45 |      1135411 |  -10.05 kcal/mol |  -10.23 +/-    0.10 kcal/mol |      14 |  -10.41 kcal/mol
         50 |      1261212 |  -10.12 kcal/mol |  -10.27 +/-    0.09 kcal/mol |      17 |  -10.43 kcal/mol
         55 |      1386334 |  -10.19 kcal/mol |  -10.30 +/-    0.09 kcal/mol |      13 |  -10.43 kcal/mol
         60 |      1511218 |  -10.20 kcal/mol |  -10.31 +/-    0.07 kcal/mol |      15 |  -10.43 kcal/mol
         65 |      1638538 |  -10.16 kcal/mol |  -10.26 +/-    0.08 kcal/mol |      13 |  -10.45 kcal/mol
         70 |      1764647 |  -10.17 kcal/mol |  -10.33 +/-    0.09 kcal/mol |      23 |  -10.45 kcal/mol
         75 |      1890122 |  -10.27 kcal/mol |  -10.36 +/-    0.06 kcal/mol |       9 |  -10.45 kcal/mol
         80 |      2014258 |  -10.11 kcal/mol |  -10.28 +/-    0.09 kcal/mol |      14 |  -10.45 kcal/mol
------------+--------------+------------------+------------------------------+---------+-------------------

                                   Finished evaluation after reaching
                                  -10.31 +/-    0.09 kcal/mol combined.
                             59 samples, best inter + intra   -10.45 kcal/mol.


Shutdown time 0.000644s

Job #9 took 0.844 sec after waiting 0.025 sec for setup

(Thread 0 is processing Job #9)
(Thread 0 is setting up Job #10)

Running Job #10:
    Device: NVIDIA A100-SXM4-40GB
    Grid map file: ./protein.maps.fld
    Ligand file: ./ligand_10_10.pdbqt
    Output file: docking_result_10.dlg (+ xml)
    Using heuristics: (capped) number of evaluations set to 2068966
    Local-search chosen method is: ADADELTA (ad)

Rest of Setup time 0.304811s

Executing docking runs, stopping automatically after either reaching 0.15 kcal/mol standard deviation of
the best molecules of the last 4 * 5 generations, 42000 generations, or 2068966 evaluations:

Generations |  Evaluations |     Threshold    |  Average energy of best 10%  | Samples | Best Inter + Intra
------------+--------------+------------------+------------------------------+---------+-------------------
          0 |          150 |   -1.17 kcal/mol |   -2.08 +/-    0.30 kcal/mol |       6 |   -2.68 kcal/mol
          5 |       128345 |   -1.32 kcal/mol |   -4.42 +/-    1.44 kcal/mol |     907 |   -9.33 kcal/mol
         10 |       253072 |   -4.39 kcal/mol |   -8.62 +/-    0.87 kcal/mol |      50 |  -10.46 kcal/mol
         15 |       380359 |   -8.36 kcal/mol |  -10.41 +/-    0.13 kcal/mol |       7 |  -10.54 kcal/mol
         20 |       506040 |  -10.14 kcal/mol |  -10.78 +/-    0.21 kcal/mol |       4 |  -11.03 kcal/mol
         25 |       633107 |   -9.97 kcal/mol |  -10.90 +/-    0.25 kcal/mol |       4 |  -11.13 kcal/mol
         30 |       761754 |   -9.95 kcal/mol |  -10.95 +/-    0.25 kcal/mol |       5 |  -11.15 kcal/mol
         35 |       889295 |  -10.21 kcal/mol |  -11.04 +/-    0.17 kcal/mol |       6 |  -11.23 kcal/mol
         40 |      1017204 |  -10.61 kcal/mol |  -11.18 +/-    0.12 kcal/mol |      10 |  -11.35 kcal/mol
         45 |      1143645 |  -11.00 kcal/mol |  -11.15 +/-    0.11 kcal/mol |      11 |  -11.35 kcal/mol
         50 |      1270325 |  -11.00 kcal/mol |  -11.23 +/-    0.11 kcal/mol |       9 |  -11.39 kcal/mol
         55 |      1398511 |  -11.06 kcal/mol |  -11.27 +/-    0.07 kcal/mol |      10 |  -11.40 kcal/mol
         60 |      1523275 |  -11.05 kcal/mol |  -11.29 +/-    0.08 kcal/mol |       9 |  -11.40 kcal/mol
         65 |      1650137 |  -11.17 kcal/mol |  -11.30 +/-    0.08 kcal/mol |       8 |  -11.40 kcal/mol
         70 |      1776421 |  -11.15 kcal/mol |  -11.32 +/-    0.09 kcal/mol |      18 |  -11.47 kcal/mol
         75 |      1904353 |  -11.24 kcal/mol |  -11.40 +/-    0.10 kcal/mol |       8 |  -11.54 kcal/mol
         80 |      2030909 |  -11.21 kcal/mol |  -11.38 +/-    0.10 kcal/mol |      14 |  -11.61 kcal/mol
         82 |      2081370 |  -11.28 kcal/mol |  -11.40 +/-    0.09 kcal/mol |      24 |  -11.61 kcal/mol
------------+--------------+------------------+------------------------------+---------+-------------------

                                   Finished evaluation after reaching
                       2081370 evaluations. Best inter + intra   -11.61 kcal/mol.


Shutdown time 0.000708s

Job #10 took 0.999 sec after waiting 0.024 sec for setup

(Thread 0 is processing Job #10)
Run time of entire job set (10 files): 13.878 sec
Savings from multithreading: -0.001 sec
Idle time of execution thread: 4.759 sec

All jobs (10) ran without errors.
