AutoDock-GPU version: v1.6-7-ga46ab564d2ac5f1a1523f65239b43505a1c29364-dirty

Using 1 OpenMP threads

Running 3 docking calculations

Cuda device:                              NVIDIA A100-SXM4-40GB
Available memory on device:               39916 MB (total: 40339 MB)

CUDA Setup time 0.228237s
(Thread 0 is setting up Job #1)

Running Job #1:
    Device: NVIDIA A100-SXM4-40GB
    Grid map file: ./protein.maps.fld
    Ligand file: ./ligand_1_1.pdbqt
    Output file: docking_result_1.dlg (+ xml)
    Using heuristics: (capped) number of evaluations set to 2068966
    Local-search chosen method is: ADADELTA (ad)

Rest of Setup time 0.308394s

Executing docking runs, stopping automatically after either reaching 0.15 kcal/mol standard deviation of
the best molecules of the last 4 * 5 generations, 42000 generations, or 2068966 evaluations:

Generations |  Evaluations |     Threshold    |  Average energy of best 10%  | Samples | Best Inter + Intra
------------+--------------+------------------+------------------------------+---------+-------------------
          0 |          150 |   -2.51 kcal/mol |   -2.85 +/-    0.09 kcal/mol |       4 |   -3.01 kcal/mol
          5 |       126045 |   -2.51 kcal/mol |   -5.33 +/-    1.59 kcal/mol |     924 |  -12.41 kcal/mol
         10 |       251400 |   -5.31 kcal/mol |   -9.67 +/-    1.14 kcal/mol |      32 |  -12.47 kcal/mol
         15 |       380825 |   -9.14 kcal/mol |  -12.49 +/-    0.72 kcal/mol |       4 |  -13.39 kcal/mol
         20 |       509828 |   -9.79 kcal/mol |  -12.46 +/-    0.77 kcal/mol |       7 |  -13.39 kcal/mol
         25 |       637446 |  -10.80 kcal/mol |  -13.08 +/-    0.39 kcal/mol |       5 |  -13.41 kcal/mol
         30 |       765898 |  -11.92 kcal/mol |  -12.77 +/-    0.33 kcal/mol |       5 |  -13.43 kcal/mol
         35 |       897032 |  -11.79 kcal/mol |  -12.65 +/-    0.36 kcal/mol |       6 |  -13.43 kcal/mol
         40 |      1025139 |  -11.76 kcal/mol |  -12.59 +/-    0.33 kcal/mol |       8 |  -13.43 kcal/mol
         45 |      1153269 |  -11.97 kcal/mol |  -12.58 +/-    0.28 kcal/mol |      11 |  -13.43 kcal/mol
         50 |      1283051 |  -12.20 kcal/mol |  -13.45 +/-    0.11 kcal/mol |       5 |  -13.53 kcal/mol
         55 |      1413761 |  -13.13 kcal/mol |  -13.52 +/-    0.08 kcal/mol |       3 |  -13.62 kcal/mol
         60 |      1542106 |  -13.13 kcal/mol |  -13.48 +/-    0.11 kcal/mol |       4 |  -13.62 kcal/mol
         65 |      1671172 |  -13.08 kcal/mol |  -13.44 +/-    0.10 kcal/mol |      11 |  -13.63 kcal/mol
         70 |      1798647 |  -13.30 kcal/mol |  -13.52 +/-    0.11 kcal/mol |       9 |  -13.66 kcal/mol
         75 |      1923688 |  -13.34 kcal/mol |  -13.59 +/-    0.08 kcal/mol |       6 |  -13.68 kcal/mol
         80 |      2049610 |  -13.39 kcal/mol |  -13.60 +/-    0.08 kcal/mol |       8 |  -13.68 kcal/mol
         81 |      2075012 |  -13.44 kcal/mol |  -13.60 +/-    0.07 kcal/mol |      15 |  -13.68 kcal/mol
------------+--------------+------------------+------------------------------+---------+-------------------

                                   Finished evaluation after reaching
                       2075012 evaluations. Best inter + intra   -13.68 kcal/mol.


Shutdown time 0.000759s

Job #1 took 1.018 sec after waiting 4.441 sec for setup

(Thread 0 is processing Job #1)
(Thread 0 is setting up Job #2)

Running Job #2:
    Device: NVIDIA A100-SXM4-40GB
    Grid map file: ./protein.maps.fld
    Ligand file: ./ligand_2_2.pdbqt
    Output file: docking_result_2.dlg (+ xml)
    Using heuristics: (capped) number of evaluations set to 2068966
    Local-search chosen method is: ADADELTA (ad)

Rest of Setup time 0.307009s

Executing docking runs, stopping automatically after either reaching 0.15 kcal/mol standard deviation of
the best molecules of the last 4 * 5 generations, 42000 generations, or 2068966 evaluations:

Generations |  Evaluations |     Threshold    |  Average energy of best 10%  | Samples | Best Inter + Intra
------------+--------------+------------------+------------------------------+---------+-------------------
          0 |          150 |   -2.04 kcal/mol |   -2.44 +/-    0.21 kcal/mol |       8 |   -2.95 kcal/mol
          5 |       125698 |   -2.04 kcal/mol |   -4.86 +/-    1.49 kcal/mol |     826 |  -12.23 kcal/mol
         10 |       252906 |   -4.83 kcal/mol |   -8.87 +/-    1.09 kcal/mol |      35 |  -12.28 kcal/mol
         15 |       385255 |   -8.40 kcal/mol |  -11.69 +/-    0.63 kcal/mol |       8 |  -12.28 kcal/mol
         20 |       519366 |  -10.51 kcal/mol |  -12.10 +/-    0.21 kcal/mol |       5 |  -12.28 kcal/mol
         25 |       653959 |  -11.46 kcal/mol |  -12.18 +/-    0.15 kcal/mol |       7 |  -12.28 kcal/mol
         30 |       787568 |  -11.86 kcal/mol |  -12.41 +/-    0.08 kcal/mol |       4 |  -12.47 kcal/mol
         35 |       919572 |  -12.11 kcal/mol |  -12.37 +/-    0.14 kcal/mol |       5 |  -12.51 kcal/mol
         40 |      1050671 |  -11.96 kcal/mol |  -12.41 +/-    0.16 kcal/mol |       8 |  -12.64 kcal/mol
         45 |      1181209 |  -12.11 kcal/mol |  -12.60 +/-    0.16 kcal/mol |       9 |  -12.98 kcal/mol
         50 |      1311394 |  -12.33 kcal/mol |  -12.94 +/-    0.20 kcal/mol |       4 |  -13.08 kcal/mol
         55 |      1443940 |  -12.19 kcal/mol |  -12.94 +/-    0.20 kcal/mol |       4 |  -13.08 kcal/mol
         60 |      1574640 |  -12.19 kcal/mol |  -13.03 +/-    0.19 kcal/mol |       6 |  -13.16 kcal/mol
         65 |      1706677 |  -12.54 kcal/mol |  -12.98 +/-    0.22 kcal/mol |       4 |  -13.16 kcal/mol
         70 |      1839528 |  -12.14 kcal/mol |  -12.96 +/-    0.23 kcal/mol |       7 |  -13.16 kcal/mol
         75 |      1970668 |  -12.46 kcal/mol |  -13.12 +/-    0.04 kcal/mol |       4 |  -13.16 kcal/mol
         79 |      2075229 |  -12.56 kcal/mol |  -13.13 +/-    0.04 kcal/mol |      10 |  -13.16 kcal/mol
------------+--------------+------------------+------------------------------+---------+-------------------

                                   Finished evaluation after reaching
                       2075229 evaluations. Best inter + intra   -13.16 kcal/mol.


Shutdown time 0.000642s

Job #2 took 0.969 sec after waiting 0.031 sec for setup

(Thread 0 is processing Job #2)
(Thread 0 is setting up Job #3)

Running Job #3:
    Device: NVIDIA A100-SXM4-40GB
    Grid map file: ./protein.maps.fld
    Ligand file: ./ligand_3_3.pdbqt
    Output file: docking_result_3.dlg (+ xml)
    Using heuristics: (capped) number of evaluations set to 2280181
    Local-search chosen method is: ADADELTA (ad)

Rest of Setup time 0.305726s

Executing docking runs, stopping automatically after either reaching 0.15 kcal/mol standard deviation of
the best molecules of the last 4 * 5 generations, 42000 generations, or 2280181 evaluations:

Generations |  Evaluations |     Threshold    |  Average energy of best 10%  | Samples | Best Inter + Intra
------------+--------------+------------------+------------------------------+---------+-------------------
          0 |          150 |   -1.23 kcal/mol |   -2.18 +/-    0.29 kcal/mol |      16 |   -3.11 kcal/mol
          5 |       130208 |   -1.90 kcal/mol |   -5.79 +/-    1.70 kcal/mol |    1032 |  -10.88 kcal/mol
         10 |       253954 |   -5.77 kcal/mol |  -10.13 +/-    0.83 kcal/mol |      55 |  -12.03 kcal/mol
         15 |       379355 |   -9.90 kcal/mol |  -12.32 +/-    0.55 kcal/mol |      13 |  -13.51 kcal/mol
         20 |       504485 |  -11.69 kcal/mol |  -13.23 +/-    0.37 kcal/mol |       6 |  -13.88 kcal/mol
         25 |       629213 |  -12.29 kcal/mol |  -13.58 +/-    0.28 kcal/mol |       7 |  -13.89 kcal/mol
         30 |       756252 |  -12.98 kcal/mol |  -13.86 +/-    0.15 kcal/mol |       6 |  -14.01 kcal/mol
         35 |       879998 |  -13.49 kcal/mol |  -13.98 +/-    0.07 kcal/mol |       5 |  -14.07 kcal/mol
         40 |      1004128 |  -13.53 kcal/mol |  -14.24 +/-    0.18 kcal/mol |       7 |  -14.43 kcal/mol
         45 |      1127035 |  -13.86 kcal/mol |  -14.69 +/-    0.25 kcal/mol |       5 |  -15.00 kcal/mol
         50 |      1251290 |  -13.93 kcal/mol |  -14.79 +/-    0.19 kcal/mol |       6 |  -15.01 kcal/mol
         55 |      1375905 |  -14.32 kcal/mol |  -14.77 +/-    0.17 kcal/mol |       6 |  -15.01 kcal/mol
         60 |      1498115 |  -14.34 kcal/mol |  -14.73 +/-    0.12 kcal/mol |      13 |  -15.01 kcal/mol
         65 |      1621291 |  -14.58 kcal/mol |  -14.84 +/-    0.11 kcal/mol |       5 |  -15.01 kcal/mol
         70 |      1742535 |  -14.53 kcal/mol |  -14.72 +/-    0.13 kcal/mol |      10 |  -15.01 kcal/mol
------------+--------------+------------------+------------------------------+---------+-------------------

                                   Finished evaluation after reaching
                                  -14.75 +/-    0.14 kcal/mol combined.
                             34 samples, best inter + intra   -15.01 kcal/mol.


Shutdown time 0.000646s

Job #3 took 0.964 sec after waiting 0.033 sec for setup

(Thread 0 is processing Job #3)
Run time of entire job set (3 files): 7.492 sec
Savings from multithreading: -0.000 sec
Idle time of execution thread: 4.540 sec

All jobs (3) ran without errors.
