AutoDock-GPU version: v1.6-7-ga46ab564d2ac5f1a1523f65239b43505a1c29364-dirty

Using 1 OpenMP threads

Running 2 docking calculations

Cuda device:                              NVIDIA A100-SXM4-40GB
Available memory on device:               39916 MB (total: 40339 MB)

CUDA Setup time 0.232077s
(Thread 0 is setting up Job #1)

Running Job #1:
    Device: NVIDIA A100-SXM4-40GB
    Grid map file: ./protein.maps.fld
    Ligand file: ./ligand_1_1.pdbqt
    Output file: docking_result_1.dlg (+ xml)
    Using heuristics: (capped) number of evaluations set to 2068966
    Local-search chosen method is: ADADELTA (ad)

Rest of Setup time 0.308724s

Executing docking runs, stopping automatically after either reaching 0.15 kcal/mol standard deviation of
the best molecules of the last 4 * 5 generations, 42000 generations, or 2068966 evaluations:

Generations |  Evaluations |     Threshold    |  Average energy of best 10%  | Samples | Best Inter + Intra
------------+--------------+------------------+------------------------------+---------+-------------------
          0 |          150 |   -1.77 kcal/mol |   -2.50 +/-    0.19 kcal/mol |       4 |   -2.71 kcal/mol
          5 |       130842 |   -1.77 kcal/mol |   -5.19 +/-    1.83 kcal/mol |    1078 |  -12.83 kcal/mol
         10 |       260977 |   -5.17 kcal/mol |   -9.93 +/-    1.16 kcal/mol |      35 |  -13.02 kcal/mol
         15 |       393802 |   -9.43 kcal/mol |  -12.75 +/-    0.44 kcal/mol |       4 |  -13.02 kcal/mol
         20 |       526716 |  -11.12 kcal/mol |  -12.17 +/-    0.51 kcal/mol |       4 |  -13.02 kcal/mol
         25 |       658095 |  -10.28 kcal/mol |  -11.87 +/-    0.61 kcal/mol |      11 |  -13.02 kcal/mol
         30 |       789295 |  -11.04 kcal/mol |  -12.81 +/-    0.41 kcal/mol |       7 |  -13.43 kcal/mol
         35 |       924225 |  -11.93 kcal/mol |  -13.21 +/-    0.14 kcal/mol |       5 |  -13.48 kcal/mol
         40 |      1058168 |  -12.80 kcal/mol |  -13.18 +/-    0.12 kcal/mol |       8 |  -13.48 kcal/mol
         45 |      1191972 |  -12.95 kcal/mol |  -13.31 +/-    0.14 kcal/mol |       5 |  -13.48 kcal/mol
         50 |      1322895 |  -12.88 kcal/mol |  -13.21 +/-    0.15 kcal/mol |      10 |  -13.55 kcal/mol
         55 |      1456124 |  -12.98 kcal/mol |  -13.24 +/-    0.15 kcal/mol |       6 |  -13.56 kcal/mol
         60 |      1588441 |  -12.86 kcal/mol |  -13.26 +/-    0.17 kcal/mol |       6 |  -13.57 kcal/mol
         65 |      1721763 |  -12.83 kcal/mol |  -13.33 +/-    0.12 kcal/mol |       7 |  -13.57 kcal/mol
         70 |      1855766 |  -13.07 kcal/mol |  -13.49 +/-    0.21 kcal/mol |      10 |  -13.88 kcal/mol
         75 |      1988118 |  -13.18 kcal/mol |  -13.97 +/-    0.26 kcal/mol |       4 |  -14.25 kcal/mol
         79 |      2093352 |  -12.98 kcal/mol |  -13.93 +/-    0.28 kcal/mol |       8 |  -14.25 kcal/mol
------------+--------------+------------------+------------------------------+---------+-------------------

                                   Finished evaluation after reaching
                       2093352 evaluations. Best inter + intra   -14.25 kcal/mol.


Shutdown time 0.000749s

Job #1 took 1.056 sec after waiting 4.476 sec for setup

(Thread 0 is processing Job #1)
(Thread 0 is setting up Job #2)

Running Job #2:
    Device: NVIDIA A100-SXM4-40GB
    Grid map file: ./protein.maps.fld
    Ligand file: ./ligand_2_2.pdbqt
    Output file: docking_result_2.dlg (+ xml)
    Using heuristics: (capped) number of evaluations set to 2068966
    Local-search chosen method is: ADADELTA (ad)

Rest of Setup time 0.306087s

Executing docking runs, stopping automatically after either reaching 0.15 kcal/mol standard deviation of
the best molecules of the last 4 * 5 generations, 42000 generations, or 2068966 evaluations:

Generations |  Evaluations |     Threshold    |  Average energy of best 10%  | Samples | Best Inter + Intra
------------+--------------+------------------+------------------------------+---------+-------------------
          0 |          150 |   -1.67 kcal/mol |   -2.55 +/-    0.28 kcal/mol |       5 |   -2.99 kcal/mol
          5 |       137450 |   -1.71 kcal/mol |   -4.77 +/-    1.37 kcal/mol |     907 |  -10.01 kcal/mol
         10 |       271286 |   -4.75 kcal/mol |   -8.58 +/-    0.75 kcal/mol |      53 |  -10.38 kcal/mol
         15 |       405507 |   -8.37 kcal/mol |  -10.41 +/-    0.19 kcal/mol |      13 |  -10.70 kcal/mol
         20 |       539406 |  -10.19 kcal/mol |  -10.81 +/-    0.22 kcal/mol |      10 |  -11.19 kcal/mol
         25 |       672303 |  -10.48 kcal/mol |  -10.85 +/-    0.27 kcal/mol |       8 |  -11.54 kcal/mol
         30 |       805659 |  -10.35 kcal/mol |  -10.81 +/-    0.21 kcal/mol |      18 |  -11.54 kcal/mol
         35 |       937609 |  -10.64 kcal/mol |  -11.35 +/-    0.24 kcal/mol |       8 |  -11.61 kcal/mol
         40 |      1067789 |  -10.90 kcal/mol |  -11.53 +/-    0.07 kcal/mol |       8 |  -11.61 kcal/mol
         45 |      1195342 |  -11.25 kcal/mol |  -11.43 +/-    0.14 kcal/mol |       8 |  -11.61 kcal/mol
         50 |      1321904 |  -11.16 kcal/mol |  -11.38 +/-    0.15 kcal/mol |      13 |  -11.61 kcal/mol
         55 |      1446746 |  -11.22 kcal/mol |  -11.43 +/-    0.13 kcal/mol |      13 |  -11.61 kcal/mol
------------+--------------+------------------+------------------------------+---------+-------------------

                                   Finished evaluation after reaching
                                  -11.43 +/-    0.14 kcal/mol combined.
                             42 samples, best inter + intra   -11.61 kcal/mol.


Shutdown time 0.000679s

Job #2 took 0.708 sec after waiting 0.037 sec for setup

(Thread 0 is processing Job #2)
Run time of entire job set (2 files): 6.304 sec
Savings from multithreading: -0.000 sec
Idle time of execution thread: 4.539 sec

All jobs (2) ran without errors.
