AutoDock-GPU version: v1.6-7-ga46ab564d2ac5f1a1523f65239b43505a1c29364-dirty

Using 1 OpenMP threads

Running 2 docking calculations

Cuda device:                              NVIDIA A100-SXM4-40GB
Available memory on device:               39916 MB (total: 40339 MB)

CUDA Setup time 0.232845s
(Thread 0 is setting up Job #1)

Running Job #1:
    Device: NVIDIA A100-SXM4-40GB
    Grid map file: ./protein.maps.fld
    Ligand file: ./ligand_1_1.pdbqt
    Output file: docking_result_1.dlg (+ xml)
    Using heuristics: (capped) number of evaluations set to 7973093
    Overriding heuristics, setting number of evaluations to --nev = 2500000 instead.
    Warning: The set number of evals is 10.52% of the uncapped heuristics estimate of 23759450 evals.
             This means this docking may not be able to converge. Increasing --heurmax may improve
             convergence but will also increase runtime.
             AutoStop will not stop before 76.79% (1919714) of the set number of evaluations.
    Local-search chosen method is: ADADELTA (ad)

Rest of Setup time 0.304189s

Executing docking runs, stopping automatically after either reaching 0.15 kcal/mol standard deviation of
the best molecules of the last 4 * 5 generations, 42000 generations, or 2500000 evaluations:

Generations |  Evaluations |     Threshold    |  Average energy of best 10%  | Samples | Best Inter + Intra
------------+--------------+------------------+------------------------------+---------+-------------------
          0 |          150 |  328.17 kcal/mol |  238.63 +/-   28.09 kcal/mol |       5 |  204.76 kcal/mol
          5 |       115821 |  322.90 kcal/mol |   14.72 +/-   38.17 kcal/mol |    1106 |  -10.41 kcal/mol
         10 |       222604 |   15.24 kcal/mol |  -11.37 +/-    1.44 kcal/mol |       4 |  -13.85 kcal/mol
         15 |       330404 |   -5.97 kcal/mol |  -10.18 +/-    1.29 kcal/mol |      22 |  -13.85 kcal/mol
         20 |       441294 |   -9.30 kcal/mol |  -12.43 +/-    1.41 kcal/mol |       4 |  -13.85 kcal/mol
         25 |       550560 |   -7.15 kcal/mol |  -11.23 +/-    1.15 kcal/mol |      17 |  -14.20 kcal/mol
         30 |       663763 |  -10.22 kcal/mol |  -13.66 +/-    0.57 kcal/mol |       6 |  -14.20 kcal/mol
         35 |       773705 |  -12.23 kcal/mol |  -13.70 +/-    0.54 kcal/mol |       4 |  -14.20 kcal/mol
         40 |       885887 |  -11.66 kcal/mol |  -13.70 +/-    0.54 kcal/mol |       4 |  -14.20 kcal/mol
         45 |       998952 |  -11.66 kcal/mol |  -13.61 +/-    0.64 kcal/mol |       5 |  -14.20 kcal/mol
         50 |      1109813 |  -11.69 kcal/mol |  -13.99 +/-    0.83 kcal/mol |       4 |  -15.24 kcal/mol
         55 |      1220753 |  -10.89 kcal/mol |  -13.56 +/-    0.90 kcal/mol |       7 |  -15.24 kcal/mol
         60 |      1330990 |  -11.63 kcal/mol |  -14.01 +/-    0.88 kcal/mol |       4 |  -15.24 kcal/mol
         65 |      1441570 |  -10.70 kcal/mol |  -13.39 +/-    0.89 kcal/mol |       8 |  -15.24 kcal/mol
         70 |      1549852 |  -11.73 kcal/mol |  -14.34 +/-    0.58 kcal/mol |       5 |  -15.36 kcal/mol
         75 |      1657759 |  -12.61 kcal/mol |  -14.10 +/-    0.85 kcal/mol |       4 |  -15.36 kcal/mol
         80 |      1764314 |  -10.91 kcal/mol |  -13.75 +/-    0.76 kcal/mol |       9 |  -15.36 kcal/mol
         85 |      1869934 |  -12.49 kcal/mol |  -14.44 +/-    0.43 kcal/mol |       6 |  -15.36 kcal/mol
         90 |      1974609 |  -13.37 kcal/mol |  -15.11 +/-    0.45 kcal/mol |       4 |  -15.36 kcal/mol
         95 |      2080241 |  -13.43 kcal/mol |  -14.57 +/-    0.46 kcal/mol |       4 |  -15.36 kcal/mol
        100 |      2183944 |  -12.84 kcal/mol |  -14.43 +/-    0.57 kcal/mol |       4 |  -15.36 kcal/mol
        105 |      2283068 |  -12.27 kcal/mol |  -14.20 +/-    0.59 kcal/mol |       6 |  -15.36 kcal/mol
        110 |      2379694 |  -12.74 kcal/mol |  -14.71 +/-    0.54 kcal/mol |       5 |  -15.36 kcal/mol
        115 |      2474228 |  -13.09 kcal/mol |  -14.43 +/-    0.57 kcal/mol |       4 |  -15.36 kcal/mol
        117 |      2511847 |  -12.27 kcal/mol |  -14.32 +/-    0.68 kcal/mol |      12 |  -15.36 kcal/mol
------------+--------------+------------------+------------------------------+---------+-------------------

                                   Finished evaluation after reaching
                       2511847 evaluations. Best inter + intra   -15.36 kcal/mol.


Shutdown time 0.000667s

Job #1 took 1.836 sec after waiting 4.474 sec for setup

(Thread 0 is processing Job #1)
(Thread 0 is setting up Job #2)

Running Job #2:
    Device: NVIDIA A100-SXM4-40GB
    Grid map file: ./protein.maps.fld
    Ligand file: ./ligand_2_2.pdbqt
    Output file: docking_result_2.dlg (+ xml)
    Using heuristics: (capped) number of evaluations set to 7266276
    Overriding heuristics, setting number of evaluations to --nev = 2500000 instead.
    Warning: The set number of evals is 13.57% of the uncapped heuristics estimate of 18420020 evals.
             This means this docking may not be able to converge. Increasing --heurmax may improve
             convergence but will also increase runtime.
             AutoStop will not stop before 66.37% (1659273) of the set number of evaluations.
    Local-search chosen method is: ADADELTA (ad)

Rest of Setup time 0.302811s

Executing docking runs, stopping automatically after either reaching 0.15 kcal/mol standard deviation of
the best molecules of the last 4 * 5 generations, 42000 generations, or 2500000 evaluations:

Generations |  Evaluations |     Threshold    |  Average energy of best 10%  | Samples | Best Inter + Intra
------------+--------------+------------------+------------------------------+---------+-------------------
          0 |          150 |  234.92 kcal/mol |  161.39 +/-   19.61 kcal/mol |       4 |  138.55 kcal/mol
          5 |       118362 |  234.92 kcal/mol |    9.49 +/-   25.55 kcal/mol |    1137 |   -9.61 kcal/mol
         10 |       227130 |    9.83 kcal/mol |  -10.38 +/-    0.39 kcal/mol |       4 |  -10.90 kcal/mol
         15 |       339269 |   -8.92 kcal/mol |  -10.10 +/-    0.41 kcal/mol |       5 |  -10.90 kcal/mol
         20 |       451469 |   -8.86 kcal/mol |  -10.36 +/-    0.50 kcal/mol |       8 |  -11.05 kcal/mol
         25 |       563327 |   -9.42 kcal/mol |  -11.06 +/-    0.26 kcal/mol |       4 |  -11.35 kcal/mol
         30 |       673243 |  -10.09 kcal/mol |  -11.28 +/-    0.38 kcal/mol |       9 |  -12.05 kcal/mol
         35 |       781109 |  -10.64 kcal/mol |  -12.03 +/-    0.37 kcal/mol |       7 |  -12.47 kcal/mol
         40 |       888877 |  -11.25 kcal/mol |  -12.52 +/-    0.44 kcal/mol |       7 |  -13.02 kcal/mol
         45 |       994702 |  -11.58 kcal/mol |  -12.38 +/-    0.42 kcal/mol |       4 |  -13.02 kcal/mol
         50 |      1099703 |  -10.82 kcal/mol |  -12.15 +/-    0.34 kcal/mol |      10 |  -13.02 kcal/mol
         55 |      1202796 |  -11.63 kcal/mol |  -12.54 +/-    0.33 kcal/mol |       4 |  -13.02 kcal/mol
         60 |      1303591 |  -11.32 kcal/mol |  -12.42 +/-    0.62 kcal/mol |       8 |  -13.99 kcal/mol
         65 |      1403652 |  -11.25 kcal/mol |  -13.11 +/-    0.65 kcal/mol |       4 |  -13.99 kcal/mol
         70 |      1500630 |  -10.69 kcal/mol |  -12.80 +/-    0.68 kcal/mol |      13 |  -13.99 kcal/mol
         75 |      1596957 |  -12.01 kcal/mol |  -13.49 +/-    0.36 kcal/mol |       4 |  -14.08 kcal/mol
         80 |      1691449 |  -12.15 kcal/mol |  -13.38 +/-    0.45 kcal/mol |       6 |  -14.08 kcal/mol
         85 |      1786534 |  -12.26 kcal/mol |  -13.73 +/-    0.25 kcal/mol |       5 |  -14.08 kcal/mol
         90 |      1879671 |  -12.99 kcal/mol |  -14.02 +/-    0.11 kcal/mol |       4 |  -14.08 kcal/mol
         95 |      1973004 |  -13.59 kcal/mol |  -13.85 +/-    0.17 kcal/mol |       3 |  -14.08 kcal/mol
        100 |      2067030 |  -12.99 kcal/mol |  -13.76 +/-    0.21 kcal/mol |       5 |  -14.08 kcal/mol
        105 |      2159332 |  -13.12 kcal/mol |  -13.68 +/-    0.24 kcal/mol |       5 |  -14.08 kcal/mol
        110 |      2250468 |  -12.96 kcal/mol |  -13.87 +/-    0.21 kcal/mol |       8 |  -14.08 kcal/mol
        115 |      2340984 |  -13.48 kcal/mol |  -13.89 +/-    0.19 kcal/mol |       4 |  -14.08 kcal/mol
        120 |      2430911 |  -13.19 kcal/mol |  -13.91 +/-    0.14 kcal/mol |      11 |  -14.08 kcal/mol
        124 |      2501472 |  -13.72 kcal/mol |  -13.93 +/-    0.15 kcal/mol |      16 |  -14.08 kcal/mol
------------+--------------+------------------+------------------------------+---------+-------------------

                                   Finished evaluation after reaching
                       2501472 evaluations. Best inter + intra   -14.08 kcal/mol.


Shutdown time 0.000686s

Job #2 took 1.774 sec after waiting 0.069 sec for setup

(Thread 0 is processing Job #2)
Run time of entire job set (2 files): 8.215 sec
Savings from multithreading: -0.000 sec
Idle time of execution thread: 4.604 sec

All jobs (2) ran without errors.
