AutoDock-GPU version: v1.6-7-ga46ab564d2ac5f1a1523f65239b43505a1c29364-dirty

Using 1 OpenMP threads

Running 9 docking calculations

Cuda device:                              NVIDIA A100-SXM4-40GB
Available memory on device:               39916 MB (total: 40339 MB)

CUDA Setup time 0.230414s
(Thread 0 is setting up Job #1)

Running Job #1:
    Device: NVIDIA A100-SXM4-40GB
    Grid map file: ./protein.maps.fld
    Ligand file: ./ligand_1_1.pdbqt
    Output file: docking_result_1.dlg (+ xml)
    Using heuristics: (capped) number of evaluations set to 2068966
    Local-search chosen method is: ADADELTA (ad)

Rest of Setup time 0.303650s

Executing docking runs, stopping automatically after either reaching 0.15 kcal/mol standard deviation of
the best molecules of the last 4 * 5 generations, 42000 generations, or 2068966 evaluations:

Generations |  Evaluations |     Threshold    |  Average energy of best 10%  | Samples | Best Inter + Intra
------------+--------------+------------------+------------------------------+---------+-------------------
          0 |          150 |   -0.35 kcal/mol |   -1.45 +/-    0.30 kcal/mol |      56 |   -3.07 kcal/mol
          5 |       135628 |   -1.37 kcal/mol |   -4.91 +/-    1.69 kcal/mol |    1081 |  -11.87 kcal/mol
         10 |       269477 |   -4.89 kcal/mol |   -9.72 +/-    1.10 kcal/mol |      38 |  -12.10 kcal/mol
         15 |       406764 |   -9.29 kcal/mol |  -11.94 +/-    0.11 kcal/mol |       5 |  -12.14 kcal/mol
         20 |       543776 |  -11.62 kcal/mol |  -12.03 +/-    0.09 kcal/mol |       7 |  -12.14 kcal/mol
         25 |       677780 |  -11.83 kcal/mol |  -12.15 +/-    0.07 kcal/mol |       7 |  -12.23 kcal/mol
         30 |       813544 |  -11.82 kcal/mol |  -12.21 +/-    0.14 kcal/mol |       8 |  -12.42 kcal/mol
         35 |       949546 |  -11.94 kcal/mol |  -12.26 +/-    0.23 kcal/mol |       6 |  -12.58 kcal/mol
         40 |      1084980 |  -11.69 kcal/mol |  -12.34 +/-    0.26 kcal/mol |       5 |  -12.66 kcal/mol
         45 |      1217503 |  -11.57 kcal/mol |  -12.02 +/-    0.22 kcal/mol |      14 |  -12.66 kcal/mol
         50 |      1348338 |  -11.78 kcal/mol |  -12.17 +/-    0.24 kcal/mol |      12 |  -12.68 kcal/mol
         55 |      1482422 |  -11.87 kcal/mol |  -12.18 +/-    0.22 kcal/mol |      14 |  -12.70 kcal/mol
         60 |      1614270 |  -11.95 kcal/mol |  -12.18 +/-    0.18 kcal/mol |      12 |  -12.70 kcal/mol
         65 |      1747269 |  -11.95 kcal/mol |  -12.23 +/-    0.23 kcal/mol |      12 |  -12.70 kcal/mol
         70 |      1879367 |  -11.94 kcal/mol |  -12.60 +/-    0.18 kcal/mol |       4 |  -12.72 kcal/mol
         75 |      2008642 |  -11.94 kcal/mol |  -12.44 +/-    0.18 kcal/mol |       9 |  -12.74 kcal/mol
         78 |      2087333 |  -12.14 kcal/mol |  -12.58 +/-    0.17 kcal/mol |      10 |  -12.80 kcal/mol
------------+--------------+------------------+------------------------------+---------+-------------------

                                   Finished evaluation after reaching
                       2087333 evaluations. Best inter + intra   -12.80 kcal/mol.


Shutdown time 0.000712s

Job #1 took 1.032 sec after waiting 4.452 sec for setup

(Thread 0 is processing Job #1)
(Thread 0 is setting up Job #2)

Running Job #2:
    Device: NVIDIA A100-SXM4-40GB
    Grid map file: ./protein.maps.fld
    Ligand file: ./ligand_2_2.pdbqt
    Output file: docking_result_2.dlg (+ xml)
    Using heuristics: (capped) number of evaluations set to 2068966
    Local-search chosen method is: ADADELTA (ad)

Rest of Setup time 0.302293s

Executing docking runs, stopping automatically after either reaching 0.15 kcal/mol standard deviation of
the best molecules of the last 4 * 5 generations, 42000 generations, or 2068966 evaluations:

Generations |  Evaluations |     Threshold    |  Average energy of best 10%  | Samples | Best Inter + Intra
------------+--------------+------------------+------------------------------+---------+-------------------
          0 |          150 |   -1.55 kcal/mol |   -2.55 +/-    0.34 kcal/mol |       5 |   -3.19 kcal/mol
          5 |       132349 |   -1.55 kcal/mol |   -5.26 +/-    1.42 kcal/mol |     950 |  -10.80 kcal/mol
         10 |       263891 |   -5.23 kcal/mol |   -9.03 +/-    0.90 kcal/mol |      35 |  -12.21 kcal/mol
         15 |       393737 |   -8.65 kcal/mol |  -11.12 +/-    0.71 kcal/mol |      10 |  -12.49 kcal/mol
         20 |       524905 |  -10.05 kcal/mol |  -11.70 +/-    0.56 kcal/mol |       4 |  -12.49 kcal/mol
         25 |       657814 |   -9.62 kcal/mol |  -11.38 +/-    0.57 kcal/mol |      10 |  -12.50 kcal/mol
         30 |       792909 |  -10.52 kcal/mol |  -12.16 +/-    0.28 kcal/mol |       5 |  -12.50 kcal/mol
         35 |       927953 |  -11.32 kcal/mol |  -12.04 +/-    0.29 kcal/mol |       4 |  -12.50 kcal/mol
         40 |      1063433 |  -10.97 kcal/mol |  -11.87 +/-    0.30 kcal/mol |       7 |  -12.50 kcal/mol
         45 |      1195893 |  -11.22 kcal/mol |  -12.53 +/-    0.39 kcal/mol |      11 |  -13.01 kcal/mol
         50 |      1327350 |  -11.99 kcal/mol |  -12.59 +/-    0.26 kcal/mol |       4 |  -13.01 kcal/mol
         55 |      1459758 |  -11.61 kcal/mol |  -12.57 +/-    0.34 kcal/mol |       6 |  -13.01 kcal/mol
         60 |      1590337 |  -11.71 kcal/mol |  -12.71 +/-    0.26 kcal/mol |       7 |  -13.01 kcal/mol
         65 |      1724967 |  -12.16 kcal/mol |  -12.76 +/-    0.18 kcal/mol |       9 |  -13.01 kcal/mol
         70 |      1856592 |  -12.46 kcal/mol |  -12.67 +/-    0.14 kcal/mol |      13 |  -13.01 kcal/mol
         75 |      1989163 |  -12.52 kcal/mol |  -12.74 +/-    0.17 kcal/mol |       6 |  -13.01 kcal/mol
         78 |      2069535 |  -12.31 kcal/mol |  -12.67 +/-    0.16 kcal/mol |      17 |  -13.01 kcal/mol
------------+--------------+------------------+------------------------------+---------+-------------------

                                   Finished evaluation after reaching
                       2069535 evaluations. Best inter + intra   -13.01 kcal/mol.


Shutdown time 0.000679s

Job #2 took 1.006 sec after waiting 0.035 sec for setup

(Thread 0 is processing Job #2)
(Thread 0 is setting up Job #3)

Running Job #3:
    Device: NVIDIA A100-SXM4-40GB
    Grid map file: ./protein.maps.fld
    Ligand file: ./ligand_3_3.pdbqt
    Output file: docking_result_3.dlg (+ xml)
    Using heuristics: (capped) number of evaluations set to 2068966
    Local-search chosen method is: ADADELTA (ad)

Rest of Setup time 0.305464s

Executing docking runs, stopping automatically after either reaching 0.15 kcal/mol standard deviation of
the best molecules of the last 4 * 5 generations, 42000 generations, or 2068966 evaluations:

Generations |  Evaluations |     Threshold    |  Average energy of best 10%  | Samples | Best Inter + Intra
------------+--------------+------------------+------------------------------+---------+-------------------
          0 |          150 |   -1.57 kcal/mol |   -2.64 +/-    0.36 kcal/mol |       5 |   -3.26 kcal/mol
          5 |       133091 |   -1.57 kcal/mol |   -5.48 +/-    1.59 kcal/mol |     976 |  -12.12 kcal/mol
         10 |       262603 |   -5.45 kcal/mol |  -10.06 +/-    1.00 kcal/mol |      46 |  -12.46 kcal/mol
         15 |       396320 |   -9.73 kcal/mol |  -12.37 +/-    0.28 kcal/mol |       8 |  -13.01 kcal/mol
         20 |       530360 |  -11.84 kcal/mol |  -12.68 +/-    0.22 kcal/mol |       7 |  -13.01 kcal/mol
         25 |       661973 |  -12.22 kcal/mol |  -12.85 +/-    0.28 kcal/mol |       4 |  -13.22 kcal/mol
         30 |       795935 |  -11.81 kcal/mol |  -12.80 +/-    0.35 kcal/mol |      10 |  -13.32 kcal/mol
         35 |       927116 |  -12.27 kcal/mol |  -13.26 +/-    0.09 kcal/mol |       6 |  -13.33 kcal/mol
         40 |      1059307 |  -13.03 kcal/mol |  -13.27 +/-    0.08 kcal/mol |       7 |  -13.33 kcal/mol
         45 |      1190358 |  -13.09 kcal/mol |  -13.37 +/-    0.12 kcal/mol |      10 |  -13.59 kcal/mol
         50 |      1321383 |  -13.19 kcal/mol |  -13.38 +/-    0.13 kcal/mol |       9 |  -13.68 kcal/mol
         55 |      1454048 |  -13.17 kcal/mol |  -13.40 +/-    0.16 kcal/mol |       9 |  -13.70 kcal/mol
         60 |      1582723 |  -13.13 kcal/mol |  -13.46 +/-    0.19 kcal/mol |       8 |  -13.71 kcal/mol
         65 |      1714667 |  -13.10 kcal/mol |  -13.36 +/-    0.16 kcal/mol |       8 |  -13.71 kcal/mol
         70 |      1843999 |  -13.06 kcal/mol |  -13.44 +/-    0.15 kcal/mol |       8 |  -13.71 kcal/mol
         75 |      1973732 |  -13.16 kcal/mol |  -13.41 +/-    0.19 kcal/mol |       9 |  -13.71 kcal/mol
         79 |      2078461 |  -13.10 kcal/mol |  -13.66 +/-    0.06 kcal/mol |       5 |  -13.71 kcal/mol
------------+--------------+------------------+------------------------------+---------+-------------------

                                   Finished evaluation after reaching
                       2078461 evaluations. Best inter + intra   -13.71 kcal/mol.


Shutdown time 0.000715s

Job #3 took 1.011 sec after waiting 0.034 sec for setup

(Thread 0 is processing Job #3)
(Thread 0 is setting up Job #4)

Running Job #4:
    Device: NVIDIA A100-SXM4-40GB
    Grid map file: ./protein.maps.fld
    Ligand file: ./ligand_4_4.pdbqt
    Output file: docking_result_4.dlg (+ xml)
    Using heuristics: (capped) number of evaluations set to 2280181
    Local-search chosen method is: ADADELTA (ad)

Rest of Setup time 0.305754s

Executing docking runs, stopping automatically after either reaching 0.15 kcal/mol standard deviation of
the best molecules of the last 4 * 5 generations, 42000 generations, or 2280181 evaluations:

Generations |  Evaluations |     Threshold    |  Average energy of best 10%  | Samples | Best Inter + Intra
------------+--------------+------------------+------------------------------+---------+-------------------
          0 |          150 |   -0.64 kcal/mol |   -2.82 +/-    0.66 kcal/mol |       5 |   -3.92 kcal/mol
          5 |       127029 |   -0.86 kcal/mol |   -5.01 +/-    1.61 kcal/mol |     932 |  -12.32 kcal/mol
         10 |       251657 |   -4.99 kcal/mol |   -9.40 +/-    1.25 kcal/mol |      32 |  -12.75 kcal/mol
         15 |       378108 |   -8.82 kcal/mol |  -12.40 +/-    0.79 kcal/mol |       4 |  -12.86 kcal/mol
         20 |       506347 |   -9.43 kcal/mol |  -11.99 +/-    0.83 kcal/mol |       9 |  -12.92 kcal/mol
         25 |       635578 |  -10.61 kcal/mol |  -12.31 +/-    0.61 kcal/mol |       4 |  -12.93 kcal/mol
         30 |       764202 |  -10.01 kcal/mol |  -12.20 +/-    0.66 kcal/mol |       9 |  -13.03 kcal/mol
         35 |       891135 |  -11.10 kcal/mol |  -12.38 +/-    0.49 kcal/mol |       5 |  -13.04 kcal/mol
         40 |      1018993 |  -10.92 kcal/mol |  -12.38 +/-    0.40 kcal/mol |      10 |  -13.04 kcal/mol
         45 |      1145408 |  -11.78 kcal/mol |  -12.99 +/-    0.14 kcal/mol |       6 |  -13.09 kcal/mol
         50 |      1273982 |  -12.65 kcal/mol |  -12.91 +/-    0.16 kcal/mol |       3 |  -13.09 kcal/mol
         55 |      1402777 |  -12.13 kcal/mol |  -12.71 +/-    0.23 kcal/mol |       6 |  -13.09 kcal/mol
         60 |      1529993 |  -12.13 kcal/mol |  -12.96 +/-    0.18 kcal/mol |       5 |  -13.11 kcal/mol
         65 |      1657638 |  -12.43 kcal/mol |  -12.77 +/-    0.25 kcal/mol |       4 |  -13.11 kcal/mol
         70 |      1784198 |  -11.83 kcal/mol |  -12.66 +/-    0.27 kcal/mol |       8 |  -13.11 kcal/mol
         75 |      1911412 |  -12.16 kcal/mol |  -12.88 +/-    0.13 kcal/mol |       6 |  -13.11 kcal/mol
         80 |      2037894 |  -12.55 kcal/mol |  -12.93 +/-    0.12 kcal/mol |       8 |  -13.11 kcal/mol
         85 |      2166548 |  -12.71 kcal/mol |  -12.92 +/-    0.10 kcal/mol |       6 |  -13.11 kcal/mol
         90 |      2296908 |  -12.68 kcal/mol |  -12.90 +/-    0.10 kcal/mol |      14 |  -13.11 kcal/mol
------------+--------------+------------------+------------------------------+---------+-------------------

                                   Finished evaluation after reaching
                       2296908 evaluations. Best inter + intra   -13.11 kcal/mol.


Shutdown time 0.000688s

Job #4 took 1.137 sec after waiting 0.034 sec for setup

(Thread 0 is processing Job #4)
(Thread 0 is setting up Job #5)

Running Job #5:
    Device: NVIDIA A100-SXM4-40GB
    Grid map file: ./protein.maps.fld
    Ligand file: ./ligand_5_5.pdbqt
    Output file: docking_result_5.dlg (+ xml)
    Using heuristics: (capped) number of evaluations set to 2280181
    Local-search chosen method is: ADADELTA (ad)

Rest of Setup time 0.305335s

Executing docking runs, stopping automatically after either reaching 0.15 kcal/mol standard deviation of
the best molecules of the last 4 * 5 generations, 42000 generations, or 2280181 evaluations:

Generations |  Evaluations |     Threshold    |  Average energy of best 10%  | Samples | Best Inter + Intra
------------+--------------+------------------+------------------------------+---------+-------------------
          0 |          150 |   -1.88 kcal/mol |   -2.37 +/-    0.19 kcal/mol |       6 |   -2.73 kcal/mol
          5 |       128232 |   -1.88 kcal/mol |   -5.06 +/-    1.48 kcal/mol |     916 |  -10.59 kcal/mol
         10 |       255601 |   -5.04 kcal/mol |   -9.34 +/-    1.36 kcal/mol |      59 |  -12.47 kcal/mol
         15 |       383612 |   -8.99 kcal/mol |  -12.33 +/-    0.43 kcal/mol |      11 |  -12.99 kcal/mol
         20 |       511049 |  -11.75 kcal/mol |  -12.69 +/-    0.32 kcal/mol |       4 |  -13.01 kcal/mol
         25 |       639714 |  -11.49 kcal/mol |  -12.62 +/-    0.28 kcal/mol |       9 |  -13.01 kcal/mol
         30 |       768913 |  -12.16 kcal/mol |  -12.93 +/-    0.11 kcal/mol |       4 |  -13.01 kcal/mol
         35 |       895830 |  -12.51 kcal/mol |  -12.93 +/-    0.12 kcal/mol |       3 |  -13.01 kcal/mol
         40 |      1023446 |  -12.31 kcal/mol |  -12.81 +/-    0.23 kcal/mol |       4 |  -13.01 kcal/mol
         45 |      1149526 |  -11.96 kcal/mol |  -12.59 +/-    0.19 kcal/mol |       9 |  -13.01 kcal/mol
         50 |      1275124 |  -12.27 kcal/mol |  -12.79 +/-    0.15 kcal/mol |       5 |  -13.01 kcal/mol
         55 |      1403374 |  -12.34 kcal/mol |  -12.83 +/-    0.12 kcal/mol |       6 |  -13.01 kcal/mol
         60 |      1527762 |  -12.54 kcal/mol |  -12.78 +/-    0.14 kcal/mol |       7 |  -13.01 kcal/mol
         65 |      1655679 |  -12.48 kcal/mol |  -12.90 +/-    0.10 kcal/mol |       7 |  -13.01 kcal/mol
------------+--------------+------------------+------------------------------+---------+-------------------

                                   Finished evaluation after reaching
                                  -12.83 +/-    0.14 kcal/mol combined.
                             25 samples, best inter + intra   -13.01 kcal/mol.


Shutdown time 0.000682s

Job #5 took 0.916 sec after waiting 0.036 sec for setup

(Thread 0 is processing Job #5)
(Thread 0 is setting up Job #6)

Running Job #6:
    Device: NVIDIA A100-SXM4-40GB
    Grid map file: ./protein.maps.fld
    Ligand file: ./ligand_6_6.pdbqt
    Output file: docking_result_6.dlg (+ xml)
    Using heuristics: (capped) number of evaluations set to 2068966
    Local-search chosen method is: ADADELTA (ad)

Rest of Setup time 0.305824s

Executing docking runs, stopping automatically after either reaching 0.15 kcal/mol standard deviation of
the best molecules of the last 4 * 5 generations, 42000 generations, or 2068966 evaluations:

Generations |  Evaluations |     Threshold    |  Average energy of best 10%  | Samples | Best Inter + Intra
------------+--------------+------------------+------------------------------+---------+-------------------
          0 |          150 |    0.12 kcal/mol |   -1.95 +/-    0.66 kcal/mol |      13 |   -3.85 kcal/mol
          5 |       123105 |   -1.19 kcal/mol |   -4.88 +/-    1.58 kcal/mol |     852 |  -11.21 kcal/mol
         10 |       245926 |   -4.85 kcal/mol |   -9.11 +/-    1.15 kcal/mol |      47 |  -11.86 kcal/mol
         15 |       369922 |   -8.75 kcal/mol |  -11.52 +/-    0.36 kcal/mol |       7 |  -12.23 kcal/mol
         20 |       493977 |  -10.74 kcal/mol |  -11.87 +/-    0.33 kcal/mol |       6 |  -12.54 kcal/mol
         25 |       617783 |  -11.04 kcal/mol |  -12.00 +/-    0.37 kcal/mol |       4 |  -12.62 kcal/mol
         30 |       743184 |  -10.61 kcal/mol |  -11.89 +/-    0.38 kcal/mol |      11 |  -12.67 kcal/mol
         35 |       865971 |  -11.37 kcal/mol |  -12.03 +/-    0.33 kcal/mol |       6 |  -12.76 kcal/mol
         40 |       989710 |  -11.20 kcal/mol |  -12.11 +/-    0.27 kcal/mol |       7 |  -12.76 kcal/mol
         45 |      1111133 |  -11.53 kcal/mol |  -11.98 +/-    0.27 kcal/mol |      12 |  -12.79 kcal/mol
         50 |      1231135 |  -11.64 kcal/mol |  -12.38 +/-    0.36 kcal/mol |       4 |  -12.79 kcal/mol
         55 |      1352951 |  -11.04 kcal/mol |  -11.94 +/-    0.25 kcal/mol |      14 |  -12.79 kcal/mol
         60 |      1473264 |  -11.67 kcal/mol |  -11.96 +/-    0.27 kcal/mol |      11 |  -12.79 kcal/mol
         65 |      1595715 |  -11.59 kcal/mol |  -12.54 +/-    0.29 kcal/mol |       4 |  -12.79 kcal/mol
         70 |      1718903 |  -11.45 kcal/mol |  -12.48 +/-    0.36 kcal/mol |       5 |  -12.85 kcal/mol
         75 |      1842047 |  -11.40 kcal/mol |  -12.43 +/-    0.44 kcal/mol |       4 |  -13.02 kcal/mol
         80 |      1963306 |  -10.79 kcal/mol |  -12.12 +/-    0.39 kcal/mol |      21 |  -13.02 kcal/mol
         85 |      2086419 |  -11.85 kcal/mol |  -12.18 +/-    0.44 kcal/mol |      38 |  -13.27 kcal/mol
------------+--------------+------------------+------------------------------+---------+-------------------

                                   Finished evaluation after reaching
                       2086419 evaluations. Best inter + intra   -13.27 kcal/mol.


Shutdown time 0.000630s

Job #6 took 1.074 sec after waiting 0.035 sec for setup

(Thread 0 is processing Job #6)
(Thread 0 is setting up Job #7)

Running Job #7:
    Device: NVIDIA A100-SXM4-40GB
    Grid map file: ./protein.maps.fld
    Ligand file: ./ligand_7_7.pdbqt
    Output file: docking_result_7.dlg (+ xml)
    Using heuristics: (capped) number of evaluations set to 5732309
    Overriding heuristics, setting number of evaluations to --nev = 2500000 instead.
    Warning: The set number of evals is 22.78% of the uncapped heuristics estimate of 10974965 evals.
             This means this docking may not be able to converge. Increasing --heurmax may improve
             convergence but will also increase runtime.
             AutoStop will not stop before 40.36% (1009012) of the set number of evaluations.
    Local-search chosen method is: ADADELTA (ad)

Rest of Setup time 0.304936s

Executing docking runs, stopping automatically after either reaching 0.15 kcal/mol standard deviation of
the best molecules of the last 4 * 5 generations, 42000 generations, or 2500000 evaluations:

Generations |  Evaluations |     Threshold    |  Average energy of best 10%  | Samples | Best Inter + Intra
------------+--------------+------------------+------------------------------+---------+-------------------
          0 |          150 |  184.84 kcal/mol |  139.78 +/-   12.02 kcal/mol |       4 |  131.33 kcal/mol
          5 |       118517 |  184.84 kcal/mol |   10.80 +/-   23.07 kcal/mol |    1157 |   -7.85 kcal/mol
         10 |       223291 |   11.10 kcal/mol |   -8.55 +/-    0.98 kcal/mol |       4 |  -10.24 kcal/mol
         15 |       331171 |   -4.89 kcal/mol |   -7.62 +/-    0.66 kcal/mol |      21 |  -10.24 kcal/mol
         20 |       440088 |   -7.14 kcal/mol |   -8.92 +/-    0.81 kcal/mol |       4 |  -10.24 kcal/mol
         25 |       547233 |   -5.88 kcal/mol |   -8.38 +/-    0.75 kcal/mol |      15 |  -10.24 kcal/mol
         30 |       652738 |   -7.64 kcal/mol |   -9.53 +/-    0.48 kcal/mol |       4 |  -10.24 kcal/mol
         35 |       754065 |   -7.75 kcal/mol |   -9.32 +/-    0.49 kcal/mol |       6 |  -10.24 kcal/mol
         40 |       853485 |   -8.09 kcal/mol |   -9.58 +/-    0.49 kcal/mol |       6 |  -10.44 kcal/mol
         45 |       952330 |   -8.34 kcal/mol |  -10.12 +/-    0.33 kcal/mol |       4 |  -10.44 kcal/mol
         50 |      1050426 |   -8.88 kcal/mol |   -9.89 +/-    0.35 kcal/mol |       4 |  -10.44 kcal/mol
         55 |      1146073 |   -8.56 kcal/mol |   -9.91 +/-    0.46 kcal/mol |       7 |  -10.67 kcal/mol
         60 |      1237809 |   -8.93 kcal/mol |  -10.34 +/-    0.24 kcal/mol |       4 |  -10.67 kcal/mol
         65 |      1329971 |   -9.45 kcal/mol |  -10.36 +/-    0.23 kcal/mol |       4 |  -10.67 kcal/mol
         70 |      1422712 |   -9.52 kcal/mol |  -10.30 +/-    0.24 kcal/mol |       5 |  -10.67 kcal/mol
         75 |      1511271 |   -9.59 kcal/mol |  -10.75 +/-    0.42 kcal/mol |       7 |  -11.32 kcal/mol
         80 |      1598858 |   -9.84 kcal/mol |  -11.08 +/-    0.54 kcal/mol |       4 |  -11.62 kcal/mol
         85 |      1686850 |   -9.05 kcal/mol |  -10.87 +/-    0.52 kcal/mol |       9 |  -11.91 kcal/mol
         90 |      1772657 |  -10.01 kcal/mol |  -10.86 +/-    0.61 kcal/mol |       4 |  -11.91 kcal/mol
         95 |      1858329 |   -8.56 kcal/mol |  -10.98 +/-    0.68 kcal/mol |       7 |  -12.03 kcal/mol
        100 |      1944282 |   -9.53 kcal/mol |  -11.44 +/-    0.50 kcal/mol |       4 |  -12.03 kcal/mol
        105 |      2027942 |   -9.57 kcal/mol |  -10.85 +/-    0.69 kcal/mol |       4 |  -12.03 kcal/mol
        110 |      2113305 |   -8.25 kcal/mol |  -10.75 +/-    0.86 kcal/mol |       8 |  -12.03 kcal/mol
        115 |      2195883 |   -9.13 kcal/mol |  -10.85 +/-    0.69 kcal/mol |       4 |  -12.03 kcal/mol
        120 |      2277014 |   -8.25 kcal/mol |  -10.42 +/-    0.57 kcal/mol |      13 |  -12.03 kcal/mol
        125 |      2358669 |   -9.76 kcal/mol |  -10.97 +/-    0.61 kcal/mol |       4 |  -12.03 kcal/mol
        130 |      2440887 |   -8.68 kcal/mol |  -10.61 +/-    0.74 kcal/mol |      13 |  -12.35 kcal/mol
        134 |      2506086 |   -9.76 kcal/mol |  -10.70 +/-    0.77 kcal/mol |      17 |  -12.35 kcal/mol
------------+--------------+------------------+------------------------------+---------+-------------------

                                   Finished evaluation after reaching
                       2506086 evaluations. Best inter + intra   -12.35 kcal/mol.


Shutdown time 0.000745s

Job #7 took 1.517 sec after waiting 0.034 sec for setup

(Thread 0 is processing Job #7)
(Thread 0 is setting up Job #8)

Running Job #8:
    Device: NVIDIA A100-SXM4-40GB
    Grid map file: ./protein.maps.fld
    Ligand file: ./ligand_8_8.pdbqt
    Output file: docking_result_8.dlg (+ xml)
    Using heuristics: (capped) number of evaluations set to 2068966
    Local-search chosen method is: ADADELTA (ad)

Rest of Setup time 0.305100s

Executing docking runs, stopping automatically after either reaching 0.15 kcal/mol standard deviation of
the best molecules of the last 4 * 5 generations, 42000 generations, or 2068966 evaluations:

Generations |  Evaluations |     Threshold    |  Average energy of best 10%  | Samples | Best Inter + Intra
------------+--------------+------------------+------------------------------+---------+-------------------
          0 |          150 |   -0.42 kcal/mol |   -1.76 +/-    0.48 kcal/mol |       7 |   -2.50 kcal/mol
          5 |       139008 |   -0.74 kcal/mol |   -4.21 +/-    1.39 kcal/mol |     964 |   -9.91 kcal/mol
         10 |       271731 |   -4.19 kcal/mol |   -8.07 +/-    0.81 kcal/mol |      49 |   -9.91 kcal/mol
         15 |       406786 |   -7.82 kcal/mol |   -9.86 +/-    0.18 kcal/mol |       8 |  -10.18 kcal/mol
         20 |       541398 |   -9.52 kcal/mol |  -10.02 +/-    0.18 kcal/mol |       6 |  -10.28 kcal/mol
         25 |       676106 |   -9.57 kcal/mol |  -10.26 +/-    0.09 kcal/mol |       7 |  -10.41 kcal/mol
         30 |       811073 |  -10.06 kcal/mol |  -10.30 +/-    0.07 kcal/mol |       7 |  -10.41 kcal/mol
         35 |       945176 |   -9.98 kcal/mol |  -10.31 +/-    0.06 kcal/mol |       8 |  -10.41 kcal/mol
         40 |      1076474 |  -10.03 kcal/mol |  -10.27 +/-    0.16 kcal/mol |      13 |  -10.52 kcal/mol
         45 |      1206410 |  -10.08 kcal/mol |  -10.35 +/-    0.17 kcal/mol |      17 |  -10.76 kcal/mol
         50 |      1335106 |  -10.20 kcal/mol |  -10.40 +/-    0.21 kcal/mol |      14 |  -10.88 kcal/mol
         55 |      1464439 |  -10.18 kcal/mol |  -10.35 +/-    0.16 kcal/mol |      16 |  -10.90 kcal/mol
         60 |      1591531 |  -10.20 kcal/mol |  -10.36 +/-    0.15 kcal/mol |      19 |  -10.90 kcal/mol
         65 |      1719326 |  -10.25 kcal/mol |  -10.40 +/-    0.16 kcal/mol |      13 |  -10.90 kcal/mol
         70 |      1844915 |  -10.22 kcal/mol |  -10.39 +/-    0.13 kcal/mol |      26 |  -10.90 kcal/mol
------------+--------------+------------------+------------------------------+---------+-------------------

                                   Finished evaluation after reaching
                                  -10.38 +/-    0.15 kcal/mol combined.
                             74 samples, best inter + intra   -10.90 kcal/mol.


Shutdown time 0.000661s

Job #8 took 0.786 sec after waiting 0.042 sec for setup

(Thread 0 is processing Job #8)
(Thread 0 is setting up Job #9)

Running Job #9:
    Device: NVIDIA A100-SXM4-40GB
    Grid map file: ./protein.maps.fld
    Ligand file: ./ligand_9_9.pdbqt
    Output file: docking_result_9.dlg (+ xml)
    Using heuristics: (capped) number of evaluations set to 2280181
    Local-search chosen method is: ADADELTA (ad)

Rest of Setup time 0.305148s

Executing docking runs, stopping automatically after either reaching 0.15 kcal/mol standard deviation of
the best molecules of the last 4 * 5 generations, 42000 generations, or 2280181 evaluations:

Generations |  Evaluations |     Threshold    |  Average energy of best 10%  | Samples | Best Inter + Intra
------------+--------------+------------------+------------------------------+---------+-------------------
          0 |          150 |   -1.73 kcal/mol |   -2.10 +/-    0.19 kcal/mol |       8 |   -2.56 kcal/mol
          5 |       124857 |   -1.73 kcal/mol |   -4.84 +/-    1.50 kcal/mol |     966 |   -9.85 kcal/mol
         10 |       252902 |   -4.82 kcal/mol |   -8.76 +/-    0.70 kcal/mol |      62 |  -10.86 kcal/mol
         15 |       383022 |   -8.59 kcal/mol |  -10.46 +/-    0.31 kcal/mol |      12 |  -11.21 kcal/mol
         20 |       513240 |  -10.07 kcal/mol |  -11.15 +/-    0.25 kcal/mol |       7 |  -11.46 kcal/mol
         25 |       643039 |  -10.62 kcal/mol |  -11.53 +/-    0.36 kcal/mol |       7 |  -12.07 kcal/mol
         30 |       772264 |  -10.76 kcal/mol |  -11.56 +/-    0.29 kcal/mol |       5 |  -12.13 kcal/mol
         35 |       900883 |  -10.69 kcal/mol |  -11.80 +/-    0.30 kcal/mol |      10 |  -12.14 kcal/mol
         40 |      1027801 |  -11.35 kcal/mol |  -11.89 +/-    0.22 kcal/mol |       4 |  -12.14 kcal/mol
         45 |      1154834 |  -11.05 kcal/mol |  -12.01 +/-    0.18 kcal/mol |      12 |  -12.21 kcal/mol
         50 |      1282043 |  -11.78 kcal/mol |  -12.10 +/-    0.13 kcal/mol |      14 |  -12.23 kcal/mol
         55 |      1411996 |  -11.96 kcal/mol |  -12.22 +/-    0.04 kcal/mol |       4 |  -12.25 kcal/mol
         60 |      1541370 |  -11.66 kcal/mol |  -12.06 +/-    0.14 kcal/mol |      13 |  -12.25 kcal/mol
         65 |      1671191 |  -11.90 kcal/mol |  -12.10 +/-    0.11 kcal/mol |      10 |  -12.25 kcal/mol
         70 |      1801261 |  -11.93 kcal/mol |  -12.17 +/-    0.07 kcal/mol |       8 |  -12.25 kcal/mol
------------+--------------+------------------+------------------------------+---------+-------------------

                                   Finished evaluation after reaching
                                  -12.11 +/-    0.12 kcal/mol combined.
                             35 samples, best inter + intra   -12.25 kcal/mol.


Shutdown time 0.000628s

Job #9 took 0.905 sec after waiting 0.023 sec for setup

(Thread 0 is processing Job #9)
Run time of entire job set (9 files): 14.140 sec
Savings from multithreading: -0.001 sec
Idle time of execution thread: 4.756 sec

All jobs (9) ran without errors.
