AutoDock-GPU version: v1.6-7-ga46ab564d2ac5f1a1523f65239b43505a1c29364-dirty

Running 1 docking calculation

Cuda device:                              NVIDIA A100-SXM4-40GB
Available memory on device:               39916 MB (total: 40339 MB)

CUDA Setup time 0.232425s
(Thread 0 is setting up Job #1)

Running Job #1
    Using heuristics: (capped) number of evaluations set to 4951475
    Overriding heuristics, setting number of evaluations to --nev = 2500000 instead.
    Warning: The set number of evals is 29.66% of the uncapped heuristics estimate of 8429805 evals.
             This means this docking may not be able to converge. Increasing --heurmax may improve
             convergence but will also increase runtime.
             AutoStop will not stop before 27.75% (693732) of the set number of evaluations.
    Local-search chosen method is: ADADELTA (ad)

Rest of Setup time 0.309017s

Executing docking runs, stopping automatically after either reaching 0.15 kcal/mol standard deviation of
the best molecules of the last 4 * 5 generations, 42000 generations, or 2500000 evaluations:

Generations |  Evaluations |     Threshold    |  Average energy of best 10%  | Samples | Best Inter + Intra
------------+--------------+------------------+------------------------------+---------+-------------------
          0 |          150 |    0.05 kcal/mol |   -1.92 +/-    0.69 kcal/mol |       7 |   -3.31 kcal/mol
          5 |       134671 |   -0.45 kcal/mol |   -6.00 +/-    1.81 kcal/mol |    1135 |  -12.57 kcal/mol
         10 |       272540 |   -5.97 kcal/mol |  -10.43 +/-    0.79 kcal/mol |      49 |  -12.72 kcal/mol
         15 |       413586 |  -10.18 kcal/mol |  -12.14 +/-    0.49 kcal/mol |       8 |  -13.41 kcal/mol
         20 |       556049 |  -11.22 kcal/mol |  -13.02 +/-    0.44 kcal/mol |       7 |  -13.78 kcal/mol
         25 |       697953 |  -12.09 kcal/mol |  -13.56 +/-    0.30 kcal/mol |       4 |  -13.93 kcal/mol
         30 |       841059 |  -12.44 kcal/mol |  -13.48 +/-    0.27 kcal/mol |       6 |  -13.93 kcal/mol
         35 |       981155 |  -12.81 kcal/mol |  -13.64 +/-    0.22 kcal/mol |       7 |  -13.97 kcal/mol
         40 |      1124047 |  -13.18 kcal/mol |  -13.91 +/-    0.24 kcal/mol |       5 |  -14.15 kcal/mol
         45 |      1263578 |  -13.18 kcal/mol |  -13.94 +/-    0.28 kcal/mol |       4 |  -14.15 kcal/mol
         50 |      1403356 |  -12.88 kcal/mol |  -13.85 +/-    0.39 kcal/mol |       6 |  -14.50 kcal/mol
         55 |      1546678 |  -12.87 kcal/mol |  -14.09 +/-    0.25 kcal/mol |       5 |  -14.50 kcal/mol
         60 |      1685659 |  -13.32 kcal/mol |  -14.08 +/-    0.20 kcal/mol |       6 |  -14.50 kcal/mol
         65 |      1830996 |  -13.58 kcal/mol |  -14.13 +/-    0.18 kcal/mol |       6 |  -14.50 kcal/mol
         70 |      1972713 |  -13.68 kcal/mol |  -14.40 +/-    0.29 kcal/mol |       4 |  -14.69 kcal/mol
         75 |      2114360 |  -13.32 kcal/mol |  -14.23 +/-    0.27 kcal/mol |       4 |  -14.69 kcal/mol
         80 |      2255500 |  -13.23 kcal/mol |  -14.30 +/-    0.34 kcal/mol |      10 |  -14.71 kcal/mol
         85 |      2395586 |  -13.78 kcal/mol |  -14.44 +/-    0.31 kcal/mol |       5 |  -14.82 kcal/mol
         89 |      2508392 |  -13.51 kcal/mol |  -14.39 +/-    0.30 kcal/mol |       9 |  -14.82 kcal/mol
------------+--------------+------------------+------------------------------+---------+-------------------

                                   Finished evaluation after reaching
                       2508392 evaluations. Best inter + intra   -14.82 kcal/mol.


Shutdown time 0.000710s

Job #1 took 1.534 sec after waiting 4.460 sec for setup

(Thread 0 is processing Job #1)
Run time of entire job set (1 file): 6.052 sec
Processing time: 0.058 sec

All jobs (1) ran without errors.
