AutoDock-GPU version: v1.6-7-ga46ab564d2ac5f1a1523f65239b43505a1c29364-dirty

Using 1 OpenMP threads

Running 4 docking calculations

Cuda device:                              NVIDIA A100-SXM4-40GB
Available memory on device:               39916 MB (total: 40339 MB)

CUDA Setup time 0.234250s
(Thread 0 is setting up Job #1)

Running Job #1:
    Device: NVIDIA A100-SXM4-40GB
    Grid map file: ./protein.maps.fld
    Ligand file: ./ligand_1_1.pdbqt
    Output file: docking_result_1.dlg (+ xml)
    Using heuristics: (capped) number of evaluations set to 3487417
    Overriding heuristics, setting number of evaluations to --nev = 2500000 instead.
    Local-search chosen method is: ADADELTA (ad)

Rest of Setup time 0.308855s

Executing docking runs, stopping automatically after either reaching 0.15 kcal/mol standard deviation of
the best molecules of the last 4 * 5 generations, 42000 generations, or 2500000 evaluations:

Generations |  Evaluations |     Threshold    |  Average energy of best 10%  | Samples | Best Inter + Intra
------------+--------------+------------------+------------------------------+---------+-------------------
          0 |          150 |   -1.97 kcal/mol |   -2.26 +/-    0.23 kcal/mol |      12 |   -2.84 kcal/mol
          5 |       111037 |   -1.97 kcal/mol |   -5.75 +/-    1.77 kcal/mol |     838 |  -13.30 kcal/mol
         10 |       222620 |   -5.72 kcal/mol |  -10.19 +/-    0.85 kcal/mol |      53 |  -13.30 kcal/mol
         15 |       339649 |   -9.95 kcal/mol |  -12.51 +/-    0.54 kcal/mol |      11 |  -13.36 kcal/mol
         20 |       458705 |  -11.78 kcal/mol |  -12.83 +/-    0.23 kcal/mol |       9 |  -13.43 kcal/mol
         25 |       578509 |  -12.45 kcal/mol |  -13.38 +/-    0.29 kcal/mol |       4 |  -13.63 kcal/mol
         30 |       698133 |  -12.30 kcal/mol |  -13.24 +/-    0.35 kcal/mol |      11 |  -13.91 kcal/mol
         35 |       818433 |  -12.76 kcal/mol |  -13.82 +/-    0.19 kcal/mol |       4 |  -13.98 kcal/mol
         40 |       940383 |  -13.11 kcal/mol |  -13.88 +/-    0.15 kcal/mol |       5 |  -14.05 kcal/mol
         45 |      1062741 |  -13.44 kcal/mol |  -14.00 +/-    0.24 kcal/mol |       5 |  -14.44 kcal/mol
         50 |      1184234 |  -13.27 kcal/mol |  -14.12 +/-    0.26 kcal/mol |       5 |  -14.49 kcal/mol
         55 |      1308837 |  -13.33 kcal/mol |  -14.15 +/-    0.23 kcal/mol |       6 |  -14.56 kcal/mol
         60 |      1432209 |  -13.59 kcal/mol |  -14.14 +/-    0.28 kcal/mol |       4 |  -14.56 kcal/mol
         65 |      1557932 |  -13.10 kcal/mol |  -14.09 +/-    0.31 kcal/mol |       7 |  -14.56 kcal/mol
         70 |      1683347 |  -13.43 kcal/mol |  -14.43 +/-    0.17 kcal/mol |       5 |  -14.61 kcal/mol
         75 |      1808377 |  -13.92 kcal/mol |  -14.49 +/-    0.42 kcal/mol |       4 |  -14.90 kcal/mol
         80 |      1934020 |  -12.90 kcal/mol |  -14.26 +/-    0.42 kcal/mol |       8 |  -14.93 kcal/mol
         85 |      2060107 |  -13.46 kcal/mol |  -14.90 +/-    0.18 kcal/mol |       4 |  -15.00 kcal/mol
         90 |      2186746 |  -14.23 kcal/mol |  -14.42 +/-    0.30 kcal/mol |       5 |  -15.03 kcal/mol
         95 |      2315304 |  -13.51 kcal/mol |  -14.45 +/-    0.34 kcal/mol |       7 |  -15.03 kcal/mol
        100 |      2443543 |  -13.72 kcal/mol |  -14.68 +/-    0.28 kcal/mol |       5 |  -15.03 kcal/mol
        103 |      2521136 |  -13.85 kcal/mol |  -14.82 +/-    0.23 kcal/mol |       5 |  -15.03 kcal/mol
------------+--------------+------------------+------------------------------+---------+-------------------

                                   Finished evaluation after reaching
                       2521136 evaluations. Best inter + intra   -15.03 kcal/mol.


Shutdown time 0.000679s

Job #1 took 1.748 sec after waiting 4.460 sec for setup

(Thread 0 is processing Job #1)
(Thread 0 is setting up Job #2)

Running Job #2:
    Device: NVIDIA A100-SXM4-40GB
    Grid map file: ./protein.maps.fld
    Ligand file: ./ligand_2_2.pdbqt
    Output file: docking_result_2.dlg (+ xml)
    Using heuristics: (capped) number of evaluations set to 2845257
    Overriding heuristics, setting number of evaluations to --nev = 2500000 instead.
    Local-search chosen method is: ADADELTA (ad)

Rest of Setup time 0.303212s

Executing docking runs, stopping automatically after either reaching 0.15 kcal/mol standard deviation of
the best molecules of the last 4 * 5 generations, 42000 generations, or 2500000 evaluations:

Generations |  Evaluations |     Threshold    |  Average energy of best 10%  | Samples | Best Inter + Intra
------------+--------------+------------------+------------------------------+---------+-------------------
          0 |          150 |   -2.45 kcal/mol |   -2.81 +/-    0.14 kcal/mol |       6 |   -3.09 kcal/mol
          5 |       121473 |   -2.45 kcal/mol |   -5.70 +/-    1.66 kcal/mol |     933 |  -13.58 kcal/mol
         10 |       241470 |   -5.67 kcal/mol |  -10.22 +/-    1.23 kcal/mol |      30 |  -13.75 kcal/mol
         15 |       363262 |   -9.60 kcal/mol |  -12.67 +/-    0.96 kcal/mol |       4 |  -13.75 kcal/mol
         20 |       487482 |   -9.07 kcal/mol |  -12.56 +/-    0.87 kcal/mol |      14 |  -13.78 kcal/mol
         25 |       612781 |  -11.63 kcal/mol |  -13.75 +/-    0.14 kcal/mol |       4 |  -13.89 kcal/mol
         30 |       739582 |  -13.23 kcal/mol |  -13.81 +/-    0.06 kcal/mol |       5 |  -13.89 kcal/mol
         35 |       867250 |  -13.36 kcal/mol |  -14.25 +/-    0.48 kcal/mol |       5 |  -14.88 kcal/mol
         40 |       993042 |  -12.82 kcal/mol |  -14.15 +/-    0.49 kcal/mol |       4 |  -14.99 kcal/mol
         45 |      1118194 |  -12.31 kcal/mol |  -14.06 +/-    0.44 kcal/mol |      10 |  -14.99 kcal/mol
         50 |      1243947 |  -13.41 kcal/mol |  -14.56 +/-    0.38 kcal/mol |       4 |  -15.02 kcal/mol
         55 |      1372766 |  -13.13 kcal/mol |  -14.30 +/-    0.46 kcal/mol |       5 |  -15.02 kcal/mol
         60 |      1498889 |  -12.92 kcal/mol |  -14.40 +/-    0.41 kcal/mol |       9 |  -15.02 kcal/mol
         65 |      1626852 |  -13.72 kcal/mol |  -14.83 +/-    0.12 kcal/mol |       5 |  -15.02 kcal/mol
         70 |      1756591 |  -14.46 kcal/mol |  -14.88 +/-    0.13 kcal/mol |       2 |  -15.02 kcal/mol
         75 |      1886560 |  -13.89 kcal/mol |  -14.73 +/-    0.25 kcal/mol |       8 |  -15.03 kcal/mol
         80 |      2016499 |  -14.26 kcal/mol |  -14.89 +/-    0.14 kcal/mol |       4 |  -15.03 kcal/mol
         85 |      2145637 |  -14.37 kcal/mol |  -14.94 +/-    0.13 kcal/mol |       3 |  -15.03 kcal/mol
         90 |      2274077 |  -14.29 kcal/mol |  -14.84 +/-    0.16 kcal/mol |       5 |  -15.03 kcal/mol
         95 |      2402703 |  -14.37 kcal/mol |  -14.97 +/-    0.10 kcal/mol |       6 |  -15.03 kcal/mol
------------+--------------+------------------+------------------------------+---------+-------------------

                                   Finished evaluation after reaching
                                  -14.91 +/-    0.14 kcal/mol combined.
                             18 samples, best inter + intra   -15.03 kcal/mol.


Shutdown time 0.000661s

Job #2 took 1.546 sec after waiting 0.062 sec for setup

(Thread 0 is processing Job #2)
(Thread 0 is setting up Job #3)

Running Job #3:
    Device: NVIDIA A100-SXM4-40GB
    Grid map file: ./protein.maps.fld
    Ligand file: ./ligand_3_3.pdbqt
    Output file: docking_result_3.dlg (+ xml)
    Using heuristics: (capped) number of evaluations set to 7266276
    Overriding heuristics, setting number of evaluations to --nev = 2500000 instead.
    Warning: The set number of evals is 13.57% of the uncapped heuristics estimate of 18420020 evals.
             This means this docking may not be able to converge. Increasing --heurmax may improve
             convergence but will also increase runtime.
             AutoStop will not stop before 66.37% (1659273) of the set number of evaluations.
    Local-search chosen method is: ADADELTA (ad)

Rest of Setup time 0.301986s

Executing docking runs, stopping automatically after either reaching 0.15 kcal/mol standard deviation of
the best molecules of the last 4 * 5 generations, 42000 generations, or 2500000 evaluations:

Generations |  Evaluations |     Threshold    |  Average energy of best 10%  | Samples | Best Inter + Intra
------------+--------------+------------------+------------------------------+---------+-------------------
          0 |          150 |  240.35 kcal/mol |  180.85 +/-   18.89 kcal/mol |       5 |  153.16 kcal/mol
          5 |       118398 |  237.51 kcal/mol |    9.63 +/-   23.80 kcal/mol |    1088 |   -9.18 kcal/mol
         10 |       235505 |    9.96 kcal/mol |  -10.83 +/-    0.36 kcal/mol |       4 |  -11.45 kcal/mol
         15 |       352091 |   -9.49 kcal/mol |  -11.11 +/-    0.65 kcal/mol |       8 |  -12.50 kcal/mol
         20 |       469801 |   -9.89 kcal/mol |  -12.53 +/-    0.80 kcal/mol |       7 |  -13.74 kcal/mol
         25 |       584389 |  -10.81 kcal/mol |  -12.98 +/-    1.25 kcal/mol |       4 |  -14.86 kcal/mol
         30 |       697109 |   -8.31 kcal/mol |  -12.14 +/-    1.44 kcal/mol |      11 |  -14.86 kcal/mol
         35 |       806626 |  -10.18 kcal/mol |  -13.13 +/-    1.10 kcal/mol |       4 |  -14.86 kcal/mol
         40 |       915685 |   -9.01 kcal/mol |  -12.84 +/-    1.10 kcal/mol |       7 |  -14.86 kcal/mol
         45 |      1024007 |  -10.48 kcal/mol |  -13.73 +/-    0.72 kcal/mol |       7 |  -14.86 kcal/mol
         50 |      1128232 |  -12.19 kcal/mol |  -13.81 +/-    0.74 kcal/mol |       3 |  -14.86 kcal/mol
         55 |      1230868 |  -10.11 kcal/mol |  -13.26 +/-    1.20 kcal/mol |      12 |  -14.86 kcal/mol
         60 |      1330197 |  -11.76 kcal/mol |  -13.50 +/-    0.84 kcal/mol |       4 |  -14.86 kcal/mol
         65 |      1428295 |  -10.36 kcal/mol |  -13.50 +/-    0.81 kcal/mol |       8 |  -15.40 kcal/mol
         70 |      1526126 |  -11.98 kcal/mol |  -13.89 +/-    0.88 kcal/mol |       4 |  -15.40 kcal/mol
         75 |      1621020 |  -10.59 kcal/mol |  -13.66 +/-    0.90 kcal/mol |       5 |  -15.40 kcal/mol
         80 |      1712519 |  -10.97 kcal/mol |  -13.79 +/-    0.86 kcal/mol |       7 |  -15.40 kcal/mol
         85 |      1805113 |  -11.96 kcal/mol |  -14.94 +/-    0.79 kcal/mol |       4 |  -15.40 kcal/mol
         90 |      1895952 |  -11.99 kcal/mol |  -14.33 +/-    0.73 kcal/mol |       4 |  -15.40 kcal/mol
         95 |      1987212 |  -11.58 kcal/mol |  -13.79 +/-    0.76 kcal/mol |       6 |  -15.40 kcal/mol
        100 |      2077270 |  -11.88 kcal/mol |  -14.23 +/-    0.71 kcal/mol |       4 |  -15.40 kcal/mol
        105 |      2165957 |  -11.56 kcal/mol |  -14.18 +/-    0.99 kcal/mol |       7 |  -15.86 kcal/mol
        110 |      2255950 |  -12.07 kcal/mol |  -14.02 +/-    1.07 kcal/mol |       4 |  -15.86 kcal/mol
        115 |      2343133 |  -10.00 kcal/mol |  -14.10 +/-    1.03 kcal/mol |       9 |  -15.86 kcal/mol
        120 |      2429996 |  -12.39 kcal/mol |  -14.79 +/-    0.99 kcal/mol |       5 |  -15.86 kcal/mol
        125 |      2516446 |  -11.81 kcal/mol |  -15.04 +/-    0.89 kcal/mol |       6 |  -15.86 kcal/mol
------------+--------------+------------------+------------------------------+---------+-------------------

                                   Finished evaluation after reaching
                       2516446 evaluations. Best inter + intra   -15.86 kcal/mol.


Shutdown time 0.000757s

Job #3 took 1.888 sec after waiting 0.056 sec for setup

(Thread 0 is processing Job #3)
(Thread 0 is setting up Job #4)

Running Job #4:
    Device: NVIDIA A100-SXM4-40GB
    Grid map file: ./protein.maps.fld
    Ligand file: ./ligand_4_4.pdbqt
    Output file: docking_result_4.dlg (+ xml)
    Using heuristics: (capped) number of evaluations set to 3487417
    Overriding heuristics, setting number of evaluations to --nev = 2500000 instead.
    Local-search chosen method is: ADADELTA (ad)

Rest of Setup time 0.304969s

Executing docking runs, stopping automatically after either reaching 0.15 kcal/mol standard deviation of
the best molecules of the last 4 * 5 generations, 42000 generations, or 2500000 evaluations:

Generations |  Evaluations |     Threshold    |  Average energy of best 10%  | Samples | Best Inter + Intra
------------+--------------+------------------+------------------------------+---------+-------------------
          0 |          150 |   -1.34 kcal/mol |   -2.41 +/-    0.31 kcal/mol |       8 |   -3.18 kcal/mol
          5 |       120659 |   -1.83 kcal/mol |   -5.83 +/-    1.97 kcal/mol |     984 |  -13.82 kcal/mol
         10 |       239040 |   -5.80 kcal/mol |  -11.31 +/-    1.28 kcal/mol |      52 |  -13.93 kcal/mol
         15 |       362594 |  -10.94 kcal/mol |  -14.06 +/-    0.32 kcal/mol |       7 |  -14.63 kcal/mol
         20 |       488154 |  -13.37 kcal/mol |  -14.32 +/-    0.28 kcal/mol |       6 |  -14.90 kcal/mol
         25 |       613844 |  -13.63 kcal/mol |  -14.50 +/-    0.20 kcal/mol |       8 |  -14.96 kcal/mol
         30 |       739854 |  -14.12 kcal/mol |  -14.83 +/-    0.19 kcal/mol |       7 |  -15.06 kcal/mol
         35 |       866505 |  -14.42 kcal/mol |  -14.68 +/-    0.22 kcal/mol |       6 |  -15.06 kcal/mol
         40 |       992112 |  -14.12 kcal/mol |  -14.94 +/-    0.14 kcal/mol |       4 |  -15.06 kcal/mol
         45 |      1118247 |  -14.43 kcal/mol |  -14.65 +/-    0.20 kcal/mol |       8 |  -15.06 kcal/mol
         50 |      1244916 |  -14.28 kcal/mol |  -14.86 +/-    0.14 kcal/mol |       4 |  -15.06 kcal/mol
         55 |      1374730 |  -14.36 kcal/mol |  -14.89 +/-    0.09 kcal/mol |       6 |  -15.06 kcal/mol
         60 |      1500854 |  -14.68 kcal/mol |  -14.94 +/-    0.12 kcal/mol |       9 |  -15.23 kcal/mol
         65 |      1629671 |  -14.73 kcal/mol |  -15.03 +/-    0.13 kcal/mol |       8 |  -15.23 kcal/mol
         70 |      1758923 |  -14.78 kcal/mol |  -15.25 +/-    0.18 kcal/mol |       9 |  -15.54 kcal/mol
         75 |      1887986 |  -14.95 kcal/mol |  -15.25 +/-    0.19 kcal/mol |       6 |  -15.54 kcal/mol
         80 |      2016945 |  -14.77 kcal/mol |  -15.48 +/-    0.04 kcal/mol |       4 |  -15.54 kcal/mol
         85 |      2144720 |  -14.92 kcal/mol |  -15.22 +/-    0.19 kcal/mol |      12 |  -15.54 kcal/mol
         90 |      2272523 |  -14.98 kcal/mol |  -15.21 +/-    0.16 kcal/mol |      12 |  -15.55 kcal/mol
         95 |      2401334 |  -15.01 kcal/mol |  -15.50 +/-    0.07 kcal/mol |       6 |  -15.63 kcal/mol
         99 |      2504750 |  -15.13 kcal/mol |  -15.52 +/-    0.07 kcal/mol |      10 |  -15.63 kcal/mol
------------+--------------+------------------+------------------------------+---------+-------------------

                                   Finished evaluation after reaching
                       2504750 evaluations. Best inter + intra   -15.63 kcal/mol.


Shutdown time 0.000722s

Job #4 took 1.695 sec after waiting 0.069 sec for setup

(Thread 0 is processing Job #4)
Run time of entire job set (4 files): 11.586 sec
Savings from multithreading: -0.000 sec
Idle time of execution thread: 4.710 sec

All jobs (4) ran without errors.
