AutoDock-GPU version: v1.6-7-ga46ab564d2ac5f1a1523f65239b43505a1c29364-dirty

Using 1 OpenMP threads

Running 5 docking calculations

Cuda device:                              NVIDIA A100-SXM4-40GB
Available memory on device:               39916 MB (total: 40339 MB)

CUDA Setup time 0.229952s
(Thread 0 is setting up Job #1)

Running Job #1:
    Device: NVIDIA A100-SXM4-40GB
    Grid map file: ./protein.maps.fld
    Ligand file: ./ligand_1_1.pdbqt
    Output file: docking_result_1.dlg (+ xml)
    Using heuristics: (capped) number of evaluations set to 3487417
    Overriding heuristics, setting number of evaluations to --nev = 2500000 instead.
    Local-search chosen method is: ADADELTA (ad)

Rest of Setup time 0.308626s

Executing docking runs, stopping automatically after either reaching 0.15 kcal/mol standard deviation of
the best molecules of the last 4 * 5 generations, 42000 generations, or 2500000 evaluations:

Generations |  Evaluations |     Threshold    |  Average energy of best 10%  | Samples | Best Inter + Intra
------------+--------------+------------------+------------------------------+---------+-------------------
          0 |          150 |   -2.12 kcal/mol |   -3.74 +/-    0.43 kcal/mol |       4 |   -4.08 kcal/mol
          5 |       112463 |   -2.12 kcal/mol |   -6.36 +/-    1.79 kcal/mol |     941 |  -12.43 kcal/mol
         10 |       226027 |   -6.33 kcal/mol |  -11.08 +/-    0.95 kcal/mol |      32 |  -14.52 kcal/mol
         15 |       345230 |  -10.64 kcal/mol |  -13.12 +/-    0.81 kcal/mol |       4 |  -14.52 kcal/mol
         20 |       466288 |  -10.08 kcal/mol |  -12.38 +/-    0.67 kcal/mol |      16 |  -14.52 kcal/mol
         25 |       591419 |  -11.75 kcal/mol |  -13.63 +/-    0.46 kcal/mol |       9 |  -14.60 kcal/mol
         30 |       714434 |  -12.87 kcal/mol |  -14.20 +/-    0.28 kcal/mol |       7 |  -14.60 kcal/mol
         35 |       835443 |  -13.59 kcal/mol |  -14.34 +/-    0.23 kcal/mol |       4 |  -14.70 kcal/mol
         40 |       954613 |  -13.49 kcal/mol |  -14.55 +/-    0.39 kcal/mol |       8 |  -15.44 kcal/mol
         45 |      1078277 |  -13.82 kcal/mol |  -15.08 +/-    0.35 kcal/mol |       4 |  -15.48 kcal/mol
         50 |      1201025 |  -13.75 kcal/mol |  -15.00 +/-    0.44 kcal/mol |       5 |  -15.58 kcal/mol
         55 |      1323195 |  -13.68 kcal/mol |  -15.04 +/-    0.39 kcal/mol |       8 |  -15.58 kcal/mol
         60 |      1446881 |  -14.31 kcal/mol |  -15.55 +/-    0.04 kcal/mol |       4 |  -15.58 kcal/mol
         65 |      1570600 |  -14.98 kcal/mol |  -15.41 +/-    0.21 kcal/mol |       4 |  -15.68 kcal/mol
         70 |      1695324 |  -14.62 kcal/mol |  -15.26 +/-    0.37 kcal/mol |       4 |  -15.72 kcal/mol
         75 |      1819473 |  -13.87 kcal/mol |  -15.40 +/-    0.34 kcal/mol |       8 |  -15.75 kcal/mol
         80 |      1943424 |  -14.75 kcal/mol |  -15.45 +/-    0.23 kcal/mol |       4 |  -15.75 kcal/mol
         85 |      2070138 |  -14.57 kcal/mol |  -15.44 +/-    0.24 kcal/mol |       4 |  -15.76 kcal/mol
         90 |      2198335 |  -14.55 kcal/mol |  -15.32 +/-    0.33 kcal/mol |       4 |  -15.76 kcal/mol
         95 |      2327354 |  -14.10 kcal/mol |  -15.39 +/-    0.30 kcal/mol |      10 |  -15.76 kcal/mol
        100 |      2457928 |  -14.94 kcal/mol |  -15.60 +/-    0.14 kcal/mol |       6 |  -15.76 kcal/mol
        102 |      2510362 |  -15.25 kcal/mol |  -15.61 +/-    0.14 kcal/mol |      12 |  -15.76 kcal/mol
------------+--------------+------------------+------------------------------+---------+-------------------

                                   Finished evaluation after reaching
                       2510362 evaluations. Best inter + intra   -15.76 kcal/mol.


Shutdown time 0.000708s

Job #1 took 1.933 sec after waiting 4.462 sec for setup

(Thread 0 is processing Job #1)
(Thread 0 is setting up Job #2)

Running Job #2:
    Device: NVIDIA A100-SXM4-40GB
    Grid map file: ./protein.maps.fld
    Ligand file: ./ligand_2_2.pdbqt
    Output file: docking_result_2.dlg (+ xml)
    Using heuristics: (capped) number of evaluations set to 3487417
    Overriding heuristics, setting number of evaluations to --nev = 2500000 instead.
    Local-search chosen method is: ADADELTA (ad)

Rest of Setup time 0.300977s

Executing docking runs, stopping automatically after either reaching 0.15 kcal/mol standard deviation of
the best molecules of the last 4 * 5 generations, 42000 generations, or 2500000 evaluations:

Generations |  Evaluations |     Threshold    |  Average energy of best 10%  | Samples | Best Inter + Intra
------------+--------------+------------------+------------------------------+---------+-------------------
          0 |          150 |   -2.26 kcal/mol |   -2.60 +/-    0.20 kcal/mol |       9 |   -3.01 kcal/mol
          5 |       117873 |   -2.26 kcal/mol |   -5.77 +/-    1.75 kcal/mol |     924 |  -11.50 kcal/mol
         10 |       235959 |   -5.74 kcal/mol |  -10.31 +/-    0.68 kcal/mol |      37 |  -12.31 kcal/mol
         15 |       358779 |  -10.04 kcal/mol |  -12.01 +/-    0.72 kcal/mol |       8 |  -13.72 kcal/mol
         20 |       481030 |  -10.67 kcal/mol |  -12.93 +/-    0.64 kcal/mol |       5 |  -14.00 kcal/mol
         25 |       603991 |  -11.01 kcal/mol |  -13.03 +/-    0.72 kcal/mol |       9 |  -14.56 kcal/mol
         30 |       728531 |  -11.83 kcal/mol |  -13.91 +/-    0.39 kcal/mol |       6 |  -14.56 kcal/mol
         35 |       855105 |  -12.94 kcal/mol |  -14.33 +/-    0.33 kcal/mol |       5 |  -14.96 kcal/mol
         40 |       982183 |  -13.34 kcal/mol |  -14.39 +/-    0.39 kcal/mol |       7 |  -15.30 kcal/mol
         45 |      1106641 |  -13.57 kcal/mol |  -14.98 +/-    0.38 kcal/mol |       6 |  -15.30 kcal/mol
         50 |      1232283 |  -14.02 kcal/mol |  -15.02 +/-    0.27 kcal/mol |       4 |  -15.30 kcal/mol
         55 |      1358058 |  -14.02 kcal/mol |  -14.88 +/-    0.35 kcal/mol |       4 |  -15.34 kcal/mol
         60 |      1480255 |  -13.56 kcal/mol |  -14.97 +/-    0.38 kcal/mol |       8 |  -15.38 kcal/mol
         65 |      1608323 |  -14.26 kcal/mol |  -15.15 +/-    0.30 kcal/mol |       4 |  -15.50 kcal/mol
         70 |      1734026 |  -14.01 kcal/mol |  -15.20 +/-    0.22 kcal/mol |       5 |  -15.50 kcal/mol
         75 |      1857723 |  -14.54 kcal/mol |  -15.34 +/-    0.17 kcal/mol |       4 |  -15.57 kcal/mol
         80 |      1982624 |  -14.69 kcal/mol |  -15.37 +/-    0.17 kcal/mol |       5 |  -15.57 kcal/mol
         85 |      2107311 |  -14.87 kcal/mol |  -15.51 +/-    0.06 kcal/mol |       5 |  -15.58 kcal/mol
         90 |      2232573 |  -15.06 kcal/mol |  -15.49 +/-    0.07 kcal/mol |       5 |  -15.58 kcal/mol
------------+--------------+------------------+------------------------------+---------+-------------------

                                   Finished evaluation after reaching
                                  -15.43 +/-    0.15 kcal/mol combined.
                             19 samples, best inter + intra   -15.58 kcal/mol.


Shutdown time 0.000667s

Job #2 took 1.532 sec after waiting 0.073 sec for setup

(Thread 0 is processing Job #2)
(Thread 0 is setting up Job #3)

Running Job #3:
    Device: NVIDIA A100-SXM4-40GB
    Grid map file: ./protein.maps.fld
    Ligand file: ./ligand_3_3.pdbqt
    Output file: docking_result_3.dlg (+ xml)
    Using heuristics: (capped) number of evaluations set to 3487417
    Overriding heuristics, setting number of evaluations to --nev = 2500000 instead.
    Local-search chosen method is: ADADELTA (ad)

Rest of Setup time 0.306879s

Executing docking runs, stopping automatically after either reaching 0.15 kcal/mol standard deviation of
the best molecules of the last 4 * 5 generations, 42000 generations, or 2500000 evaluations:

Generations |  Evaluations |     Threshold    |  Average energy of best 10%  | Samples | Best Inter + Intra
------------+--------------+------------------+------------------------------+---------+-------------------
          0 |          150 |   -0.81 kcal/mol |   -2.56 +/-    0.58 kcal/mol |      12 |   -4.21 kcal/mol
          5 |       107896 |   -1.83 kcal/mol |   -5.93 +/-    1.86 kcal/mol |     785 |  -12.32 kcal/mol
         10 |       218982 |   -5.89 kcal/mol |  -10.83 +/-    1.06 kcal/mol |      48 |  -13.61 kcal/mol
         15 |       335418 |  -10.50 kcal/mol |  -13.66 +/-    0.09 kcal/mol |       5 |  -13.78 kcal/mol
         20 |       455648 |  -13.37 kcal/mol |  -13.77 +/-    0.16 kcal/mol |       4 |  -13.99 kcal/mol
         25 |       576941 |  -13.18 kcal/mol |  -13.92 +/-    0.05 kcal/mol |       3 |  -13.99 kcal/mol
         30 |       699506 |  -13.17 kcal/mol |  -13.86 +/-    0.13 kcal/mol |       6 |  -13.99 kcal/mol
         35 |       821982 |  -13.53 kcal/mol |  -14.48 +/-    0.43 kcal/mol |       6 |  -14.93 kcal/mol
         40 |       944317 |  -13.41 kcal/mol |  -14.37 +/-    0.51 kcal/mol |       5 |  -15.03 kcal/mol
         45 |      1065815 |  -12.83 kcal/mol |  -14.49 +/-    0.51 kcal/mol |       6 |  -15.03 kcal/mol
         50 |      1189342 |  -13.21 kcal/mol |  -14.88 +/-    0.18 kcal/mol |       5 |  -15.10 kcal/mol
         55 |      1313861 |  -14.35 kcal/mol |  -15.16 +/-    0.15 kcal/mol |       3 |  -15.28 kcal/mol
         60 |      1437883 |  -14.41 kcal/mol |  -15.19 +/-    0.14 kcal/mol |       4 |  -15.31 kcal/mol
         65 |      1562127 |  -14.65 kcal/mol |  -15.11 +/-    0.26 kcal/mol |       4 |  -15.55 kcal/mol
         70 |      1684695 |  -14.15 kcal/mol |  -15.48 +/-    0.58 kcal/mol |       7 |  -16.06 kcal/mol
         75 |      1807853 |  -14.24 kcal/mol |  -15.44 +/-    0.47 kcal/mol |       4 |  -16.06 kcal/mol
         80 |      1933695 |  -13.67 kcal/mol |  -15.46 +/-    0.49 kcal/mol |       6 |  -16.19 kcal/mol
         85 |      2059228 |  -14.23 kcal/mol |  -15.79 +/-    0.58 kcal/mol |       4 |  -16.19 kcal/mol
         90 |      2183570 |  -13.62 kcal/mol |  -15.62 +/-    0.55 kcal/mol |       6 |  -16.19 kcal/mol
         95 |      2309430 |  -14.25 kcal/mol |  -15.79 +/-    0.58 kcal/mol |       4 |  -16.19 kcal/mol
        100 |      2432724 |  -13.63 kcal/mol |  -15.56 +/-    0.62 kcal/mol |       5 |  -16.19 kcal/mol
        103 |      2505773 |  -13.69 kcal/mol |  -15.76 +/-    0.52 kcal/mol |       9 |  -16.19 kcal/mol
------------+--------------+------------------+------------------------------+---------+-------------------

                                   Finished evaluation after reaching
                       2505773 evaluations. Best inter + intra   -16.19 kcal/mol.


Shutdown time 0.000676s

Job #3 took 1.821 sec after waiting 0.065 sec for setup

(Thread 0 is processing Job #3)
(Thread 0 is setting up Job #4)

Running Job #4:
    Device: NVIDIA A100-SXM4-40GB
    Grid map file: ./protein.maps.fld
    Ligand file: ./ligand_4_4.pdbqt
    Output file: docking_result_4.dlg (+ xml)
    Using heuristics: (capped) number of evaluations set to 3487417
    Overriding heuristics, setting number of evaluations to --nev = 2500000 instead.
    Local-search chosen method is: ADADELTA (ad)

Rest of Setup time 0.305251s

Executing docking runs, stopping automatically after either reaching 0.15 kcal/mol standard deviation of
the best molecules of the last 4 * 5 generations, 42000 generations, or 2500000 evaluations:

Generations |  Evaluations |     Threshold    |  Average energy of best 10%  | Samples | Best Inter + Intra
------------+--------------+------------------+------------------------------+---------+-------------------
          0 |          150 |   -1.88 kcal/mol |   -2.99 +/-    0.29 kcal/mol |       4 |   -3.28 kcal/mol
          5 |       117236 |   -1.88 kcal/mol |   -5.68 +/-    1.81 kcal/mol |     986 |  -13.21 kcal/mol
         10 |       233490 |   -5.65 kcal/mol |  -10.49 +/-    1.16 kcal/mol |      50 |  -13.93 kcal/mol
         15 |       354879 |  -10.14 kcal/mol |  -13.71 +/-    0.68 kcal/mol |       7 |  -14.65 kcal/mol
         20 |       478835 |  -12.24 kcal/mol |  -13.65 +/-    0.61 kcal/mol |       4 |  -14.65 kcal/mol
         25 |       605504 |  -11.37 kcal/mol |  -13.68 +/-    0.82 kcal/mol |      11 |  -14.88 kcal/mol
         30 |       729407 |  -12.56 kcal/mol |  -14.56 +/-    0.41 kcal/mol |       4 |  -14.95 kcal/mol
         35 |       852503 |  -13.01 kcal/mol |  -14.55 +/-    0.38 kcal/mol |       5 |  -14.95 kcal/mol
         40 |       976870 |  -13.41 kcal/mol |  -14.67 +/-    0.17 kcal/mol |       8 |  -14.95 kcal/mol
         45 |      1100084 |  -14.35 kcal/mol |  -15.05 +/-    0.40 kcal/mol |       5 |  -15.72 kcal/mol
         50 |      1222948 |  -13.86 kcal/mol |  -15.42 +/-    0.42 kcal/mol |       7 |  -15.80 kcal/mol
         55 |      1348021 |  -14.53 kcal/mol |  -15.05 +/-    0.47 kcal/mol |       4 |  -15.82 kcal/mol
         60 |      1471185 |  -13.30 kcal/mol |  -14.94 +/-    0.47 kcal/mol |       7 |  -15.82 kcal/mol
         65 |      1598597 |  -13.94 kcal/mol |  -15.22 +/-    0.32 kcal/mol |       5 |  -15.82 kcal/mol
         70 |      1724946 |  -14.25 kcal/mol |  -15.40 +/-    0.18 kcal/mol |       7 |  -15.82 kcal/mol
         75 |      1852590 |  -15.02 kcal/mol |  -15.38 +/-    0.22 kcal/mol |       6 |  -15.82 kcal/mol
         80 |      1981079 |  -14.84 kcal/mol |  -15.35 +/-    0.18 kcal/mol |       9 |  -15.82 kcal/mol
         85 |      2110390 |  -15.04 kcal/mol |  -15.66 +/-    0.30 kcal/mol |       4 |  -16.07 kcal/mol
         90 |      2236668 |  -14.53 kcal/mol |  -15.52 +/-    0.29 kcal/mol |      11 |  -16.07 kcal/mol
         95 |      2365183 |  -15.13 kcal/mol |  -15.67 +/-    0.29 kcal/mol |       4 |  -16.07 kcal/mol
        100 |      2492414 |  -14.59 kcal/mol |  -15.62 +/-    0.31 kcal/mol |       8 |  -16.07 kcal/mol
        101 |      2518448 |  -15.04 kcal/mol |  -15.61 +/-    0.28 kcal/mol |      18 |  -16.07 kcal/mol
------------+--------------+------------------+------------------------------+---------+-------------------

                                   Finished evaluation after reaching
                       2518448 evaluations. Best inter + intra   -16.07 kcal/mol.


Shutdown time 0.000666s

Job #4 took 1.702 sec after waiting 0.070 sec for setup

(Thread 0 is processing Job #4)
(Thread 0 is setting up Job #5)

Running Job #5:
    Device: NVIDIA A100-SXM4-40GB
    Grid map file: ./protein.maps.fld
    Ligand file: ./ligand_5_5.pdbqt
    Output file: docking_result_5.dlg (+ xml)
    Using heuristics: (capped) number of evaluations set to 2280181
    Local-search chosen method is: ADADELTA (ad)

Rest of Setup time 0.304600s

Executing docking runs, stopping automatically after either reaching 0.15 kcal/mol standard deviation of
the best molecules of the last 4 * 5 generations, 42000 generations, or 2280181 evaluations:

Generations |  Evaluations |     Threshold    |  Average energy of best 10%  | Samples | Best Inter + Intra
------------+--------------+------------------+------------------------------+---------+-------------------
          0 |          150 |   -1.80 kcal/mol |   -2.77 +/-    0.32 kcal/mol |       4 |   -3.23 kcal/mol
          5 |       117278 |   -1.56 kcal/mol |   -6.34 +/-    2.23 kcal/mol |    1010 |  -15.10 kcal/mol
         10 |       240858 |   -6.31 kcal/mol |  -12.11 +/-    1.06 kcal/mol |      29 |  -15.40 kcal/mol
         15 |       369491 |  -11.57 kcal/mol |  -14.87 +/-    0.30 kcal/mol |       4 |  -15.40 kcal/mol
         20 |       497715 |  -13.73 kcal/mol |  -14.76 +/-    0.48 kcal/mol |       4 |  -15.40 kcal/mol
         25 |       627192 |  -12.97 kcal/mol |  -14.94 +/-    0.46 kcal/mol |       7 |  -15.41 kcal/mol
         30 |       757778 |  -13.95 kcal/mol |  -15.42 +/-    0.07 kcal/mol |       4 |  -15.48 kcal/mol
         35 |       889223 |  -14.86 kcal/mol |  -15.39 +/-    0.11 kcal/mol |       4 |  -15.48 kcal/mol
         40 |      1020128 |  -14.97 kcal/mol |  -15.95 +/-    0.37 kcal/mol |       4 |  -16.44 kcal/mol
         45 |      1150614 |  -14.57 kcal/mol |  -15.48 +/-    0.75 kcal/mol |       3 |  -16.44 kcal/mol
         50 |      1281147 |  -11.72 kcal/mol |  -14.23 +/-    0.92 kcal/mol |      22 |  -16.71 kcal/mol
         55 |      1412240 |  -13.60 kcal/mol |  -15.94 +/-    0.80 kcal/mol |       4 |  -16.73 kcal/mol
         60 |      1541244 |  -12.95 kcal/mol |  -15.33 +/-    0.62 kcal/mol |      11 |  -16.73 kcal/mol
         65 |      1672675 |  -14.49 kcal/mol |  -16.68 +/-    0.08 kcal/mol |       5 |  -16.78 kcal/mol
         70 |      1802893 |  -16.44 kcal/mol |  -16.76 +/-    0.10 kcal/mol |       2 |  -16.85 kcal/mol
         75 |      1934550 |  -16.03 kcal/mol |  -16.69 +/-    0.14 kcal/mol |       4 |  -16.85 kcal/mol
         80 |      2064545 |  -16.18 kcal/mol |  -16.80 +/-    0.06 kcal/mol |       2 |  -16.85 kcal/mol
         85 |      2196205 |  -15.67 kcal/mol |  -16.54 +/-    0.45 kcal/mol |       4 |  -16.85 kcal/mol
         89 |      2301824 |  -14.86 kcal/mol |  -16.67 +/-    0.28 kcal/mol |       8 |  -16.85 kcal/mol
------------+--------------+------------------+------------------------------+---------+-------------------

                                   Finished evaluation after reaching
                       2301824 evaluations. Best inter + intra   -16.85 kcal/mol.


Shutdown time 0.000662s

Job #5 took 1.628 sec after waiting 0.066 sec for setup

(Thread 0 is processing Job #5)
Run time of entire job set (5 files): 13.421 sec
Savings from multithreading: -0.000 sec
Idle time of execution thread: 4.805 sec

All jobs (5) ran without errors.
