AutoDock-GPU version: v1.6-7-ga46ab564d2ac5f1a1523f65239b43505a1c29364-dirty

Running 1 docking calculation

Cuda device:                              NVIDIA A100-SXM4-40GB
Available memory on device:               39916 MB (total: 40339 MB)

CUDA Setup time 0.235505s
(Thread 0 is setting up Job #1)

Running Job #1
    Using heuristics: (capped) number of evaluations set to 2068966
    Local-search chosen method is: ADADELTA (ad)

Rest of Setup time 0.312737s

Executing docking runs, stopping automatically after either reaching 0.15 kcal/mol standard deviation of
the best molecules of the last 4 * 5 generations, 42000 generations, or 2068966 evaluations:

Generations |  Evaluations |     Threshold    |  Average energy of best 10%  | Samples | Best Inter + Intra
------------+--------------+------------------+------------------------------+---------+-------------------
          0 |          150 |    0.20 kcal/mol |   -2.61 +/-    0.88 kcal/mol |       7 |   -4.56 kcal/mol
          5 |       129829 |   -0.72 kcal/mol |   -4.71 +/-    1.40 kcal/mol |     810 |   -9.87 kcal/mol
         10 |       257446 |   -4.69 kcal/mol |   -8.85 +/-    1.21 kcal/mol |      50 |  -11.86 kcal/mol
         15 |       388790 |   -8.48 kcal/mol |  -11.54 +/-    0.25 kcal/mol |       7 |  -11.90 kcal/mol
         20 |       523789 |  -11.00 kcal/mol |  -11.80 +/-    0.09 kcal/mol |       7 |  -11.94 kcal/mol
         25 |       658426 |  -11.61 kcal/mol |  -11.81 +/-    0.11 kcal/mol |       8 |  -12.00 kcal/mol
         30 |       792314 |  -11.61 kcal/mol |  -11.87 +/-    0.15 kcal/mol |      14 |  -12.09 kcal/mol
         35 |       926820 |  -11.71 kcal/mol |  -11.92 +/-    0.15 kcal/mol |      11 |  -12.15 kcal/mol
         40 |      1059685 |  -11.72 kcal/mol |  -12.11 +/-    0.20 kcal/mol |      15 |  -12.55 kcal/mol
         45 |      1191363 |  -11.92 kcal/mol |  -12.13 +/-    0.22 kcal/mol |      13 |  -12.68 kcal/mol
         50 |      1322581 |  -11.88 kcal/mol |  -12.64 +/-    0.18 kcal/mol |       7 |  -13.05 kcal/mol
         55 |      1454355 |  -12.26 kcal/mol |  -12.76 +/-    0.17 kcal/mol |       7 |  -13.05 kcal/mol
         60 |      1582102 |  -12.40 kcal/mol |  -12.75 +/-    0.17 kcal/mol |       8 |  -13.08 kcal/mol
         65 |      1711748 |  -12.44 kcal/mol |  -12.71 +/-    0.19 kcal/mol |       9 |  -13.08 kcal/mol
         70 |      1841354 |  -12.39 kcal/mol |  -13.02 +/-    0.06 kcal/mol |       4 |  -13.09 kcal/mol
         75 |      1970415 |  -12.46 kcal/mol |  -12.93 +/-    0.12 kcal/mol |       9 |  -13.09 kcal/mol
         79 |      2073152 |  -12.73 kcal/mol |  -12.95 +/-    0.12 kcal/mol |      11 |  -13.09 kcal/mol
------------+--------------+------------------+------------------------------+---------+-------------------

                                   Finished evaluation after reaching
                       2073152 evaluations. Best inter + intra   -13.09 kcal/mol.


Shutdown time 0.000714s

Job #1 took 1.003 sec after waiting 4.517 sec for setup

(Thread 0 is processing Job #1)
Run time of entire job set (1 file): 5.555 sec
Processing time: 0.035 sec

All jobs (1) ran without errors.
