AutoDock-GPU version: v1.6-7-ga46ab564d2ac5f1a1523f65239b43505a1c29364-dirty

Using 1 OpenMP threads

Running 3 docking calculations

Cuda device:                              NVIDIA A100-SXM4-40GB
Available memory on device:               39916 MB (total: 40339 MB)

CUDA Setup time 0.232440s
(Thread 0 is setting up Job #1)

Running Job #1:
    Device: NVIDIA A100-SXM4-40GB
    Grid map file: ./protein.maps.fld
    Ligand file: ./ligand_1_1.pdbqt
    Output file: docking_result_1.dlg (+ xml)
    Using heuristics: (capped) number of evaluations set to 2845257
    Overriding heuristics, setting number of evaluations to --nev = 2500000 instead.
    Local-search chosen method is: ADADELTA (ad)

Rest of Setup time 0.307561s

Executing docking runs, stopping automatically after either reaching 0.15 kcal/mol standard deviation of
the best molecules of the last 4 * 5 generations, 42000 generations, or 2500000 evaluations:

Generations |  Evaluations |     Threshold    |  Average energy of best 10%  | Samples | Best Inter + Intra
------------+--------------+------------------+------------------------------+---------+-------------------
          0 |          150 |   -2.01 kcal/mol |   -2.70 +/-    0.19 kcal/mol |       4 |   -2.88 kcal/mol
          5 |       113333 |   -2.01 kcal/mol |   -6.47 +/-    2.09 kcal/mol |     978 |  -12.84 kcal/mol
         10 |       228918 |   -6.44 kcal/mol |  -11.92 +/-    1.13 kcal/mol |      36 |  -14.85 kcal/mol
         15 |       348735 |  -11.45 kcal/mol |  -14.67 +/-    0.48 kcal/mol |       5 |  -15.24 kcal/mol
         20 |       469384 |  -13.22 kcal/mol |  -15.21 +/-    0.67 kcal/mol |       4 |  -16.30 kcal/mol
         25 |       592352 |  -12.70 kcal/mol |  -15.24 +/-    0.78 kcal/mol |       7 |  -16.30 kcal/mol
         30 |       714686 |  -13.57 kcal/mol |  -15.85 +/-    0.43 kcal/mol |       6 |  -16.30 kcal/mol
         35 |       838839 |  -14.77 kcal/mol |  -16.06 +/-    0.21 kcal/mol |       6 |  -16.30 kcal/mol
         40 |       963610 |  -15.53 kcal/mol |  -16.27 +/-    0.15 kcal/mol |       5 |  -16.39 kcal/mol
         45 |      1087606 |  -15.81 kcal/mol |  -16.45 +/-    0.27 kcal/mol |       4 |  -16.87 kcal/mol
         50 |      1212337 |  -15.43 kcal/mol |  -16.54 +/-    0.24 kcal/mol |      11 |  -16.92 kcal/mol
         55 |      1341259 |  -16.21 kcal/mol |  -16.86 +/-    0.15 kcal/mol |       5 |  -17.03 kcal/mol
         60 |      1466628 |  -16.41 kcal/mol |  -16.74 +/-    0.21 kcal/mol |       5 |  -17.05 kcal/mol
         65 |      1592152 |  -16.10 kcal/mol |  -16.81 +/-    0.21 kcal/mol |       4 |  -17.05 kcal/mol
         70 |      1718353 |  -16.03 kcal/mol |  -16.84 +/-    0.23 kcal/mol |       8 |  -17.11 kcal/mol
         75 |      1845731 |  -16.40 kcal/mol |  -17.12 +/-    0.04 kcal/mol |       4 |  -17.16 kcal/mol
         80 |      1973227 |  -16.56 kcal/mol |  -17.11 +/-    0.10 kcal/mol |       5 |  -17.24 kcal/mol
         85 |      2102291 |  -16.82 kcal/mol |  -17.28 +/-    0.15 kcal/mol |       5 |  -17.41 kcal/mol
         90 |      2231420 |  -16.82 kcal/mol |  -17.07 +/-    0.14 kcal/mol |       9 |  -17.41 kcal/mol
         95 |      2361687 |  -16.84 kcal/mol |  -17.17 +/-    0.13 kcal/mol |       9 |  -17.41 kcal/mol
        100 |      2492909 |  -16.96 kcal/mol |  -17.21 +/-    0.13 kcal/mol |       8 |  -17.41 kcal/mol
        101 |      2519037 |  -16.97 kcal/mol |  -17.19 +/-    0.15 kcal/mol |      18 |  -17.41 kcal/mol
------------+--------------+------------------+------------------------------+---------+-------------------

                                   Finished evaluation after reaching
                       2519037 evaluations. Best inter + intra   -17.41 kcal/mol.


Shutdown time 0.000657s

Job #1 took 1.817 sec after waiting 4.464 sec for setup

(Thread 0 is processing Job #1)
(Thread 0 is setting up Job #2)

Running Job #2:
    Device: NVIDIA A100-SXM4-40GB
    Grid map file: ./protein.maps.fld
    Ligand file: ./ligand_2_2.pdbqt
    Output file: docking_result_2.dlg (+ xml)
    Using heuristics: (capped) number of evaluations set to 2845257
    Overriding heuristics, setting number of evaluations to --nev = 2500000 instead.
    Local-search chosen method is: ADADELTA (ad)

Rest of Setup time 0.305232s

Executing docking runs, stopping automatically after either reaching 0.15 kcal/mol standard deviation of
the best molecules of the last 4 * 5 generations, 42000 generations, or 2500000 evaluations:

Generations |  Evaluations |     Threshold    |  Average energy of best 10%  | Samples | Best Inter + Intra
------------+--------------+------------------+------------------------------+---------+-------------------
          0 |          150 |   -1.35 kcal/mol |   -1.62 +/-    0.16 kcal/mol |       9 |   -1.91 kcal/mol
          5 |       141024 |   -1.35 kcal/mol |   -4.62 +/-    1.83 kcal/mol |    1118 |  -11.34 kcal/mol
         10 |       280001 |   -4.60 kcal/mol |   -9.38 +/-    0.95 kcal/mol |      41 |  -11.54 kcal/mol
         15 |       417624 |   -9.03 kcal/mol |  -11.31 +/-    0.22 kcal/mol |       4 |  -11.57 kcal/mol
         20 |       557126 |  -10.49 kcal/mol |  -11.48 +/-    0.22 kcal/mol |       6 |  -11.69 kcal/mol
         25 |       697431 |  -10.92 kcal/mol |  -12.01 +/-    0.29 kcal/mol |       5 |  -12.30 kcal/mol
         30 |       837665 |  -11.15 kcal/mol |  -12.04 +/-    0.38 kcal/mol |       4 |  -12.47 kcal/mol
         35 |       977532 |  -10.61 kcal/mol |  -12.04 +/-    0.33 kcal/mol |      10 |  -12.47 kcal/mol
         40 |      1118850 |  -11.56 kcal/mol |  -12.27 +/-    0.56 kcal/mol |       5 |  -13.16 kcal/mol
         45 |      1256729 |  -10.58 kcal/mol |  -12.34 +/-    0.38 kcal/mol |      12 |  -13.16 kcal/mol
         50 |      1393532 |  -11.86 kcal/mol |  -12.87 +/-    0.18 kcal/mol |       4 |  -13.16 kcal/mol
         55 |      1531115 |  -12.21 kcal/mol |  -12.79 +/-    0.25 kcal/mol |       4 |  -13.16 kcal/mol
         60 |      1668385 |  -11.85 kcal/mol |  -12.67 +/-    0.24 kcal/mol |       8 |  -13.16 kcal/mol
         65 |      1808149 |  -12.22 kcal/mol |  -12.92 +/-    0.18 kcal/mol |       6 |  -13.16 kcal/mol
         70 |      1946985 |  -12.46 kcal/mol |  -12.93 +/-    0.18 kcal/mol |       7 |  -13.24 kcal/mol
         75 |      2084541 |  -12.55 kcal/mol |  -13.02 +/-    0.28 kcal/mol |       4 |  -13.51 kcal/mol
         80 |      2222208 |  -11.97 kcal/mol |  -13.02 +/-    0.23 kcal/mol |       6 |  -13.51 kcal/mol
         85 |      2360973 |  -12.45 kcal/mol |  -13.19 +/-    0.31 kcal/mol |       4 |  -13.51 kcal/mol
         90 |      2497437 |  -12.03 kcal/mol |  -12.96 +/-    0.23 kcal/mol |       7 |  -13.51 kcal/mol
         91 |      2524785 |  -12.48 kcal/mol |  -12.97 +/-    0.24 kcal/mol |      12 |  -13.51 kcal/mol
------------+--------------+------------------+------------------------------+---------+-------------------

                                   Finished evaluation after reaching
                       2524785 evaluations. Best inter + intra   -13.51 kcal/mol.


Shutdown time 0.000665s

Job #2 took 1.179 sec after waiting 0.070 sec for setup

(Thread 0 is processing Job #2)
(Thread 0 is setting up Job #3)

Running Job #3:
    Device: NVIDIA A100-SXM4-40GB
    Grid map file: ./protein.maps.fld
    Ligand file: ./ligand_3_3.pdbqt
    Output file: docking_result_3.dlg (+ xml)
    Using heuristics: (capped) number of evaluations set to 3487417
    Overriding heuristics, setting number of evaluations to --nev = 2500000 instead.
    Local-search chosen method is: ADADELTA (ad)

Rest of Setup time 0.305549s

Executing docking runs, stopping automatically after either reaching 0.15 kcal/mol standard deviation of
the best molecules of the last 4 * 5 generations, 42000 generations, or 2500000 evaluations:

Generations |  Evaluations |     Threshold    |  Average energy of best 10%  | Samples | Best Inter + Intra
------------+--------------+------------------+------------------------------+---------+-------------------
          0 |          150 |   -2.22 kcal/mol |   -2.89 +/-    0.18 kcal/mol |       4 |   -3.07 kcal/mol
          5 |       133736 |   -2.22 kcal/mol |   -6.58 +/-    1.87 kcal/mol |    1092 |  -12.92 kcal/mol
         10 |       269038 |   -6.55 kcal/mol |  -11.20 +/-    0.74 kcal/mol |      53 |  -13.84 kcal/mol
         15 |       406943 |  -10.99 kcal/mol |  -14.31 +/-    0.88 kcal/mol |       6 |  -15.62 kcal/mol
         20 |       545464 |  -12.11 kcal/mol |  -14.79 +/-    0.56 kcal/mol |       5 |  -15.62 kcal/mol
         25 |       684854 |  -13.09 kcal/mol |  -15.04 +/-    0.46 kcal/mol |       6 |  -15.62 kcal/mol
         30 |       827022 |  -13.90 kcal/mol |  -15.36 +/-    0.28 kcal/mol |       4 |  -15.62 kcal/mol
         35 |       969574 |  -14.32 kcal/mol |  -15.27 +/-    0.31 kcal/mol |       7 |  -15.62 kcal/mol
         40 |      1110499 |  -14.60 kcal/mol |  -15.60 +/-    0.02 kcal/mol |       5 |  -15.62 kcal/mol
         45 |      1251476 |  -15.15 kcal/mol |  -15.82 +/-    0.10 kcal/mol |       6 |  -15.90 kcal/mol
         50 |      1391272 |  -15.58 kcal/mol |  -15.73 +/-    0.14 kcal/mol |       3 |  -15.92 kcal/mol
         55 |      1530688 |  -15.05 kcal/mol |  -15.66 +/-    0.19 kcal/mol |       3 |  -15.92 kcal/mol
         60 |      1666752 |  -14.69 kcal/mol |  -15.48 +/-    0.29 kcal/mol |       5 |  -15.96 kcal/mol
         65 |      1803381 |  -14.59 kcal/mol |  -15.53 +/-    0.22 kcal/mol |       8 |  -15.96 kcal/mol
         70 |      1938508 |  -15.11 kcal/mol |  -15.84 +/-    0.20 kcal/mol |       4 |  -15.96 kcal/mol
         75 |      2072005 |  -15.07 kcal/mol |  -15.77 +/-    0.20 kcal/mol |       4 |  -15.97 kcal/mol
         80 |      2206918 |  -15.02 kcal/mol |  -15.81 +/-    0.20 kcal/mol |       5 |  -15.98 kcal/mol
         85 |      2342347 |  -15.22 kcal/mol |  -16.13 +/-    0.33 kcal/mol |       6 |  -16.56 kcal/mol
         90 |      2477955 |  -15.32 kcal/mol |  -16.16 +/-    0.21 kcal/mol |       5 |  -16.56 kcal/mol
         91 |      2504799 |  -15.54 kcal/mol |  -16.18 +/-    0.23 kcal/mol |       8 |  -16.56 kcal/mol
------------+--------------+------------------+------------------------------+---------+-------------------

                                   Finished evaluation after reaching
                       2504799 evaluations. Best inter + intra   -16.56 kcal/mol.


Shutdown time 0.000705s

Job #3 took 1.501 sec after waiting 0.036 sec for setup

(Thread 0 is processing Job #3)
Run time of entire job set (3 files): 9.124 sec
Savings from multithreading: -0.000 sec
Idle time of execution thread: 4.627 sec

All jobs (3) ran without errors.
