AutoDock-GPU version: v1.6-7-ga46ab564d2ac5f1a1523f65239b43505a1c29364-dirty

Using 1 OpenMP threads

Running 6 docking calculations

Cuda device:                              NVIDIA A100-SXM4-40GB
Available memory on device:               39916 MB (total: 40339 MB)

CUDA Setup time 0.229311s
(Thread 0 is setting up Job #1)

Running Job #1:
    Device: NVIDIA A100-SXM4-40GB
    Grid map file: ./protein.maps.fld
    Ligand file: ./ligand_1_1.pdbqt
    Output file: docking_result_1.dlg (+ xml)
    Using heuristics: (capped) number of evaluations set to 2845257
    Overriding heuristics, setting number of evaluations to --nev = 2500000 instead.
    Local-search chosen method is: ADADELTA (ad)

Rest of Setup time 0.307701s

Executing docking runs, stopping automatically after either reaching 0.15 kcal/mol standard deviation of
the best molecules of the last 4 * 5 generations, 42000 generations, or 2500000 evaluations:

Generations |  Evaluations |     Threshold    |  Average energy of best 10%  | Samples | Best Inter + Intra
------------+--------------+------------------+------------------------------+---------+-------------------
          0 |          150 |   -1.76 kcal/mol |   -2.30 +/-    0.29 kcal/mol |       8 |   -3.03 kcal/mol
          5 |       136504 |   -1.76 kcal/mol |   -5.63 +/-    1.65 kcal/mol |     937 |  -12.61 kcal/mol
         10 |       268808 |   -5.60 kcal/mol |  -10.24 +/-    1.10 kcal/mol |      32 |  -12.66 kcal/mol
         15 |       402071 |   -9.73 kcal/mol |  -12.43 +/-    0.24 kcal/mol |       6 |  -12.66 kcal/mol
         20 |       534484 |  -11.83 kcal/mol |  -12.50 +/-    0.13 kcal/mol |       9 |  -12.69 kcal/mol
         25 |       663158 |  -12.28 kcal/mol |  -12.76 +/-    0.16 kcal/mol |      12 |  -13.13 kcal/mol
         30 |       793716 |  -12.57 kcal/mol |  -13.06 +/-    0.17 kcal/mol |       4 |  -13.22 kcal/mol
         35 |       924321 |  -12.42 kcal/mol |  -13.01 +/-    0.19 kcal/mol |       5 |  -13.23 kcal/mol
         40 |      1053116 |  -12.45 kcal/mol |  -13.12 +/-    0.15 kcal/mol |       4 |  -13.23 kcal/mol
         45 |      1182841 |  -12.55 kcal/mol |  -13.05 +/-    0.18 kcal/mol |       5 |  -13.27 kcal/mol
         50 |      1311947 |  -12.52 kcal/mol |  -13.05 +/-    0.16 kcal/mol |       6 |  -13.27 kcal/mol
         55 |      1442299 |  -12.64 kcal/mol |  -13.13 +/-    0.17 kcal/mol |       5 |  -13.27 kcal/mol
         60 |      1569278 |  -12.61 kcal/mol |  -13.44 +/-    0.47 kcal/mol |       7 |  -14.17 kcal/mol
         65 |      1696457 |  -12.44 kcal/mol |  -13.99 +/-    0.44 kcal/mol |       4 |  -14.41 kcal/mol
         70 |      1824073 |  -12.36 kcal/mol |  -13.64 +/-    0.42 kcal/mol |      10 |  -14.44 kcal/mol
         75 |      1949483 |  -13.02 kcal/mol |  -13.97 +/-    0.40 kcal/mol |       4 |  -14.44 kcal/mol
         80 |      2071006 |  -12.46 kcal/mol |  -13.71 +/-    0.34 kcal/mol |      11 |  -14.44 kcal/mol
         85 |      2191797 |  -13.25 kcal/mol |  -14.20 +/-    0.21 kcal/mol |       7 |  -14.44 kcal/mol
         90 |      2309776 |  -13.76 kcal/mol |  -14.44 +/-    0.01 kcal/mol |       4 |  -14.44 kcal/mol
         95 |      2427823 |  -13.88 kcal/mol |  -14.37 +/-    0.09 kcal/mol |       8 |  -14.46 kcal/mol
         99 |      2522649 |  -14.20 kcal/mol |  -14.37 +/-    0.08 kcal/mol |      14 |  -14.47 kcal/mol
------------+--------------+------------------+------------------------------+---------+-------------------

                                   Finished evaluation after reaching
                       2522649 evaluations. Best inter + intra   -14.47 kcal/mol.


Shutdown time 0.000689s

Job #1 took 1.176 sec after waiting 4.738 sec for setup

(Thread 0 is processing Job #1)
(Thread 0 is setting up Job #2)

Running Job #2:
    Device: NVIDIA A100-SXM4-40GB
    Grid map file: ./protein.maps.fld
    Ligand file: ./ligand_2_2.pdbqt
    Output file: docking_result_2.dlg (+ xml)
    Using heuristics: (capped) number of evaluations set to 3487417
    Overriding heuristics, setting number of evaluations to --nev = 2500000 instead.
    Local-search chosen method is: ADADELTA (ad)

Rest of Setup time 0.305440s

Executing docking runs, stopping automatically after either reaching 0.15 kcal/mol standard deviation of
the best molecules of the last 4 * 5 generations, 42000 generations, or 2500000 evaluations:

Generations |  Evaluations |     Threshold    |  Average energy of best 10%  | Samples | Best Inter + Intra
------------+--------------+------------------+------------------------------+---------+-------------------
          0 |          150 |   -1.76 kcal/mol |   -3.06 +/-    0.39 kcal/mol |       5 |   -3.66 kcal/mol
          5 |       126031 |   -1.89 kcal/mol |   -7.12 +/-    2.08 kcal/mol |    1116 |  -15.61 kcal/mol
         10 |       257566 |   -7.09 kcal/mol |  -12.17 +/-    0.98 kcal/mol |      60 |  -15.87 kcal/mol
         15 |       395071 |  -11.93 kcal/mol |  -14.91 +/-    0.82 kcal/mol |       9 |  -15.87 kcal/mol
         20 |       533982 |  -13.54 kcal/mol |  -15.79 +/-    0.05 kcal/mol |       5 |  -15.87 kcal/mol
         25 |       673949 |  -15.34 kcal/mol |  -16.24 +/-    0.60 kcal/mol |       3 |  -17.08 kcal/mol
         30 |       815922 |  -13.26 kcal/mol |  -15.18 +/-    0.76 kcal/mol |      13 |  -17.12 kcal/mol
         35 |       956024 |  -14.30 kcal/mol |  -15.98 +/-    0.71 kcal/mol |       4 |  -17.12 kcal/mol
         40 |      1097606 |  -13.30 kcal/mol |  -15.34 +/-    0.73 kcal/mol |      18 |  -17.26 kcal/mol
         45 |      1238184 |  -14.73 kcal/mol |  -16.96 +/-    0.49 kcal/mol |       4 |  -17.26 kcal/mol
         50 |      1378382 |  -15.13 kcal/mol |  -16.93 +/-    0.37 kcal/mol |       7 |  -17.41 kcal/mol
         55 |      1520918 |  -16.14 kcal/mol |  -17.24 +/-    0.29 kcal/mol |       4 |  -17.52 kcal/mol
         60 |      1660157 |  -16.15 kcal/mol |  -17.08 +/-    0.35 kcal/mol |       4 |  -17.52 kcal/mol
         65 |      1803006 |  -15.79 kcal/mol |  -17.16 +/-    0.40 kcal/mol |       5 |  -17.59 kcal/mol
         70 |      1945398 |  -15.96 kcal/mol |  -17.22 +/-    0.30 kcal/mol |       8 |  -17.59 kcal/mol
         75 |      2084454 |  -16.66 kcal/mol |  -17.45 +/-    0.11 kcal/mol |       4 |  -17.59 kcal/mol
         80 |      2223943 |  -17.04 kcal/mol |  -17.38 +/-    0.16 kcal/mol |       5 |  -17.59 kcal/mol
         85 |      2363577 |  -16.92 kcal/mol |  -17.32 +/-    0.18 kcal/mol |       9 |  -17.59 kcal/mol
         90 |      2501604 |  -17.03 kcal/mol |  -17.47 +/-    0.15 kcal/mol |      12 |  -17.65 kcal/mol
------------+--------------+------------------+------------------------------+---------+-------------------

                                   Finished evaluation after reaching
                       2501604 evaluations. Best inter + intra   -17.65 kcal/mol.


Shutdown time 0.000668s

Job #2 took 1.506 sec after waiting 0.032 sec for setup

(Thread 0 is processing Job #2)
(Thread 0 is setting up Job #3)

Running Job #3:
    Device: NVIDIA A100-SXM4-40GB
    Grid map file: ./protein.maps.fld
    Ligand file: ./ligand_3_3.pdbqt
    Output file: docking_result_3.dlg (+ xml)
    Using heuristics: (capped) number of evaluations set to 3487417
    Overriding heuristics, setting number of evaluations to --nev = 2500000 instead.
    Local-search chosen method is: ADADELTA (ad)

Rest of Setup time 0.305339s

Executing docking runs, stopping automatically after either reaching 0.15 kcal/mol standard deviation of
the best molecules of the last 4 * 5 generations, 42000 generations, or 2500000 evaluations:

Generations |  Evaluations |     Threshold    |  Average energy of best 10%  | Samples | Best Inter + Intra
------------+--------------+------------------+------------------------------+---------+-------------------
          0 |          150 |   -2.24 kcal/mol |   -2.50 +/-    0.15 kcal/mol |       9 |   -2.80 kcal/mol
          5 |       126220 |   -2.24 kcal/mol |   -5.48 +/-    1.74 kcal/mol |    1041 |  -12.19 kcal/mol
         10 |       252952 |   -5.45 kcal/mol |  -10.07 +/-    0.94 kcal/mol |      33 |  -12.30 kcal/mol
         15 |       382317 |   -9.64 kcal/mol |  -12.03 +/-    0.32 kcal/mol |       7 |  -12.46 kcal/mol
         20 |       511673 |  -11.35 kcal/mol |  -12.33 +/-    0.12 kcal/mol |       4 |  -12.46 kcal/mol
         25 |       640173 |  -11.89 kcal/mol |  -12.25 +/-    0.15 kcal/mol |       4 |  -12.46 kcal/mol
         30 |       770530 |  -11.68 kcal/mol |  -12.46 +/-    0.46 kcal/mol |       6 |  -13.41 kcal/mol
         35 |       899157 |  -11.31 kcal/mol |  -12.78 +/-    0.58 kcal/mol |       4 |  -13.68 kcal/mol
         40 |      1030465 |  -10.59 kcal/mol |  -12.34 +/-    0.46 kcal/mol |      15 |  -13.68 kcal/mol
         45 |      1159514 |  -11.88 kcal/mol |  -13.35 +/-    0.35 kcal/mol |       6 |  -13.68 kcal/mol
         50 |      1291763 |  -12.47 kcal/mol |  -13.47 +/-    0.15 kcal/mol |       6 |  -13.68 kcal/mol
         55 |      1425159 |  -13.10 kcal/mol |  -13.62 +/-    0.07 kcal/mol |       2 |  -13.68 kcal/mol
         60 |      1556247 |  -12.49 kcal/mol |  -13.29 +/-    0.39 kcal/mol |       6 |  -13.68 kcal/mol
         65 |      1690313 |  -12.32 kcal/mol |  -13.56 +/-    0.31 kcal/mol |       5 |  -13.89 kcal/mol
         70 |      1821175 |  -12.62 kcal/mol |  -13.76 +/-    0.17 kcal/mol |       4 |  -13.89 kcal/mol
         75 |      1953328 |  -13.14 kcal/mol |  -13.82 +/-    0.05 kcal/mol |       3 |  -13.89 kcal/mol
         80 |      2086044 |  -13.07 kcal/mol |  -13.57 +/-    0.31 kcal/mol |       4 |  -13.89 kcal/mol
         85 |      2220463 |  -12.41 kcal/mol |  -13.65 +/-    0.28 kcal/mol |       6 |  -13.89 kcal/mol
         90 |      2354198 |  -12.96 kcal/mol |  -13.40 +/-    0.38 kcal/mol |       5 |  -13.89 kcal/mol
         95 |      2488733 |  -12.25 kcal/mol |  -13.35 +/-    0.30 kcal/mol |      12 |  -13.89 kcal/mol
         96 |      2515304 |  -12.98 kcal/mol |  -13.44 +/-    0.31 kcal/mol |      22 |  -13.89 kcal/mol
------------+--------------+------------------+------------------------------+---------+-------------------

                                   Finished evaluation after reaching
                       2515304 evaluations. Best inter + intra   -13.89 kcal/mol.


Shutdown time 0.000709s

Job #3 took 1.358 sec after waiting 0.058 sec for setup

(Thread 0 is processing Job #3)
(Thread 0 is setting up Job #4)

Running Job #4:
    Device: NVIDIA A100-SXM4-40GB
    Grid map file: ./protein.maps.fld
    Ligand file: ./ligand_4_4.pdbqt
    Output file: docking_result_4.dlg (+ xml)
    Using heuristics: (capped) number of evaluations set to 2280181
    Local-search chosen method is: ADADELTA (ad)

Rest of Setup time 0.301081s

Executing docking runs, stopping automatically after either reaching 0.15 kcal/mol standard deviation of
the best molecules of the last 4 * 5 generations, 42000 generations, or 2280181 evaluations:

Generations |  Evaluations |     Threshold    |  Average energy of best 10%  | Samples | Best Inter + Intra
------------+--------------+------------------+------------------------------+---------+-------------------
          0 |          150 |   -2.15 kcal/mol |   -3.03 +/-    0.24 kcal/mol |       4 |   -3.25 kcal/mol
          5 |       136116 |   -2.14 kcal/mol |   -5.72 +/-    1.57 kcal/mol |     917 |  -12.06 kcal/mol
         10 |       267784 |   -5.70 kcal/mol |  -10.16 +/-    1.18 kcal/mol |      42 |  -13.33 kcal/mol
         15 |       400454 |   -9.74 kcal/mol |  -13.13 +/-    0.33 kcal/mol |       4 |  -13.35 kcal/mol
         20 |       533424 |  -11.91 kcal/mol |  -12.64 +/-    0.46 kcal/mol |       4 |  -13.35 kcal/mol
         25 |       664566 |  -10.93 kcal/mol |  -12.63 +/-    0.49 kcal/mol |       9 |  -13.35 kcal/mol
         30 |       797041 |  -11.82 kcal/mol |  -13.22 +/-    0.18 kcal/mol |       7 |  -13.41 kcal/mol
         35 |       926128 |  -12.84 kcal/mol |  -13.38 +/-    0.23 kcal/mol |       4 |  -13.75 kcal/mol
         40 |      1054903 |  -12.50 kcal/mol |  -13.50 +/-    0.36 kcal/mol |       7 |  -13.83 kcal/mol
         45 |      1182829 |  -12.73 kcal/mol |  -13.51 +/-    0.31 kcal/mol |       4 |  -13.83 kcal/mol
         50 |      1309463 |  -12.34 kcal/mol |  -13.35 +/-    0.28 kcal/mol |      18 |  -13.83 kcal/mol
         55 |      1438018 |  -13.11 kcal/mol |  -13.60 +/-    0.22 kcal/mol |       4 |  -13.83 kcal/mol
         60 |      1563018 |  -12.78 kcal/mol |  -13.48 +/-    0.34 kcal/mol |       4 |  -13.83 kcal/mol
         65 |      1689270 |  -12.19 kcal/mol |  -13.30 +/-    0.46 kcal/mol |      19 |  -14.30 kcal/mol
         70 |      1812125 |  -12.94 kcal/mol |  -13.85 +/-    0.20 kcal/mol |      13 |  -14.37 kcal/mol
         75 |      1934390 |  -13.62 kcal/mol |  -14.16 +/-    0.21 kcal/mol |       4 |  -14.38 kcal/mol
         80 |      2055669 |  -13.37 kcal/mol |  -13.93 +/-    0.22 kcal/mol |       7 |  -14.38 kcal/mol
         85 |      2178361 |  -13.45 kcal/mol |  -14.29 +/-    0.09 kcal/mol |       4 |  -14.38 kcal/mol
         90 |      2301383 |  -13.95 kcal/mol |  -14.30 +/-    0.08 kcal/mol |       7 |  -14.38 kcal/mol
------------+--------------+------------------+------------------------------+---------+-------------------

                                   Finished evaluation after reaching
                       2301383 evaluations. Best inter + intra   -14.38 kcal/mol.


Shutdown time 0.000685s

Job #4 took 1.081 sec after waiting 0.046 sec for setup

(Thread 0 is processing Job #4)
(Thread 0 is setting up Job #5)

Running Job #5:
    Device: NVIDIA A100-SXM4-40GB
    Grid map file: ./protein.maps.fld
    Ligand file: ./ligand_5_5.pdbqt
    Output file: docking_result_5.dlg (+ xml)
    Using heuristics: (capped) number of evaluations set to 3487417
    Overriding heuristics, setting number of evaluations to --nev = 2500000 instead.
    Local-search chosen method is: ADADELTA (ad)

Rest of Setup time 0.305102s

Executing docking runs, stopping automatically after either reaching 0.15 kcal/mol standard deviation of
the best molecules of the last 4 * 5 generations, 42000 generations, or 2500000 evaluations:

Generations |  Evaluations |     Threshold    |  Average energy of best 10%  | Samples | Best Inter + Intra
------------+--------------+------------------+------------------------------+---------+-------------------
          0 |          150 |    0.21 kcal/mol |   -1.62 +/-    0.46 kcal/mol |      36 |   -3.80 kcal/mol
          5 |       140009 |   -1.43 kcal/mol |   -5.29 +/-    1.75 kcal/mol |    1091 |  -12.18 kcal/mol
         10 |       279093 |   -5.27 kcal/mol |   -9.87 +/-    0.93 kcal/mol |      56 |  -12.23 kcal/mol
         15 |       421306 |   -9.62 kcal/mol |  -11.88 +/-    0.26 kcal/mol |       8 |  -12.23 kcal/mol
         20 |       562656 |  -11.39 kcal/mol |  -12.15 +/-    0.13 kcal/mol |       6 |  -12.34 kcal/mol
         25 |       702000 |  -11.84 kcal/mol |  -12.71 +/-    0.54 kcal/mol |       4 |  -13.61 kcal/mol
         30 |       841811 |  -10.70 kcal/mol |  -12.53 +/-    0.64 kcal/mol |      12 |  -13.62 kcal/mol
         35 |       979473 |  -11.73 kcal/mol |  -13.02 +/-    0.59 kcal/mol |       4 |  -13.62 kcal/mol
         40 |      1117598 |  -10.79 kcal/mol |  -12.50 +/-    0.62 kcal/mol |       9 |  -13.62 kcal/mol
         45 |      1253643 |  -11.47 kcal/mol |  -12.95 +/-    0.34 kcal/mol |      10 |  -13.62 kcal/mol
         50 |      1391087 |  -12.45 kcal/mol |  -13.43 +/-    0.18 kcal/mol |       4 |  -13.62 kcal/mol
         55 |      1532915 |  -12.76 kcal/mol |  -13.47 +/-    0.14 kcal/mol |       4 |  -13.62 kcal/mol
         60 |      1669931 |  -12.93 kcal/mol |  -13.47 +/-    0.11 kcal/mol |       6 |  -13.62 kcal/mol
         65 |      1809788 |  -13.20 kcal/mol |  -13.55 +/-    0.08 kcal/mol |       5 |  -13.62 kcal/mol
------------+--------------+------------------+------------------------------+---------+-------------------

                                   Finished evaluation after reaching
                                  -13.48 +/-    0.14 kcal/mol combined.
                             19 samples, best inter + intra   -13.62 kcal/mol.


Shutdown time 0.000641s

Job #5 took 1.003 sec after waiting 0.032 sec for setup

(Thread 0 is processing Job #5)
(Thread 0 is setting up Job #6)

Running Job #6:
    Device: NVIDIA A100-SXM4-40GB
    Grid map file: ./protein.maps.fld
    Ligand file: ./ligand_6_6.pdbqt
    Output file: docking_result_6.dlg (+ xml)
    Using heuristics: (capped) number of evaluations set to 2280181
    Local-search chosen method is: ADADELTA (ad)

Rest of Setup time 0.305201s

Executing docking runs, stopping automatically after either reaching 0.15 kcal/mol standard deviation of
the best molecules of the last 4 * 5 generations, 42000 generations, or 2280181 evaluations:

Generations |  Evaluations |     Threshold    |  Average energy of best 10%  | Samples | Best Inter + Intra
------------+--------------+------------------+------------------------------+---------+-------------------
          0 |          150 |   -1.45 kcal/mol |   -2.47 +/-    0.35 kcal/mol |       9 |   -3.27 kcal/mol
          5 |       135201 |   -1.88 kcal/mol |   -5.66 +/-    1.61 kcal/mol |     932 |  -11.85 kcal/mol
         10 |       266207 |   -5.64 kcal/mol |  -10.18 +/-    1.04 kcal/mol |      55 |  -12.26 kcal/mol
         15 |       394055 |   -9.89 kcal/mol |  -12.48 +/-    0.20 kcal/mol |       6 |  -12.79 kcal/mol
         20 |       523767 |  -11.99 kcal/mol |  -12.85 +/-    0.69 kcal/mol |       5 |  -14.19 kcal/mol
         25 |       652275 |  -10.78 kcal/mol |  -12.62 +/-    0.60 kcal/mol |       9 |  -14.25 kcal/mol
         30 |       781695 |  -11.62 kcal/mol |  -13.72 +/-    0.51 kcal/mol |       8 |  -14.39 kcal/mol
         35 |       907652 |  -12.76 kcal/mol |  -14.18 +/-    0.29 kcal/mol |       4 |  -14.41 kcal/mol
         40 |      1033317 |  -13.09 kcal/mol |  -14.30 +/-    0.22 kcal/mol |      10 |  -14.55 kcal/mol
         45 |      1159706 |  -13.97 kcal/mol |  -14.71 +/-    0.19 kcal/mol |       8 |  -14.95 kcal/mol
         50 |      1285225 |  -14.35 kcal/mol |  -14.81 +/-    0.12 kcal/mol |      11 |  -14.95 kcal/mol
         55 |      1407404 |  -14.65 kcal/mol |  -14.88 +/-    0.05 kcal/mol |       8 |  -14.95 kcal/mol
         60 |      1524975 |  -14.59 kcal/mol |  -14.86 +/-    0.06 kcal/mol |       8 |  -14.97 kcal/mol
         65 |      1646886 |  -14.58 kcal/mol |  -14.82 +/-    0.11 kcal/mol |      10 |  -14.97 kcal/mol
         70 |      1770954 |  -14.66 kcal/mol |  -14.86 +/-    0.08 kcal/mol |      19 |  -14.97 kcal/mol
         75 |      1891361 |  -14.80 kcal/mol |  -14.91 +/-    0.05 kcal/mol |      19 |  -15.00 kcal/mol
         80 |      2012017 |  -14.79 kcal/mol |  -14.93 +/-    0.03 kcal/mol |      20 |  -15.00 kcal/mol
         85 |      2130733 |  -14.81 kcal/mol |  -14.95 +/-    0.04 kcal/mol |      19 |  -15.00 kcal/mol
         90 |      2248045 |  -14.83 kcal/mol |  -14.96 +/-    0.03 kcal/mol |      23 |  -15.01 kcal/mol
         92 |      2294004 |  -14.86 kcal/mol |  -14.98 +/-    0.02 kcal/mol |      31 |  -15.01 kcal/mol
------------+--------------+------------------+------------------------------+---------+-------------------

                                   Finished evaluation after reaching
                       2294004 evaluations. Best inter + intra   -15.01 kcal/mol.


Shutdown time 0.000739s

Job #6 took 1.079 sec after waiting 0.039 sec for setup

(Thread 0 is processing Job #6)
Run time of entire job set (6 files): 12.179 sec
Savings from multithreading: -0.001 sec
Idle time of execution thread: 4.975 sec

All jobs (6) ran without errors.
