AutoDock-GPU version: v1.6-7-ga46ab564d2ac5f1a1523f65239b43505a1c29364-dirty

Using 1 OpenMP threads

Running 3 docking calculations

Cuda device:                              NVIDIA A100-SXM4-40GB
Available memory on device:               39916 MB (total: 40339 MB)

CUDA Setup time 0.234360s
(Thread 0 is setting up Job #1)

Running Job #1:
    Device: NVIDIA A100-SXM4-40GB
    Grid map file: ./protein.maps.fld
    Ligand file: ./ligand_1_1.pdbqt
    Output file: docking_result_1.dlg (+ xml)
    Using heuristics: (capped) number of evaluations set to 2280181
    Local-search chosen method is: ADADELTA (ad)

Rest of Setup time 0.308432s

Executing docking runs, stopping automatically after either reaching 0.15 kcal/mol standard deviation of
the best molecules of the last 4 * 5 generations, 42000 generations, or 2280181 evaluations:

Generations |  Evaluations |     Threshold    |  Average energy of best 10%  | Samples | Best Inter + Intra
------------+--------------+------------------+------------------------------+---------+-------------------
          0 |          150 |   -1.70 kcal/mol |   -3.19 +/-    0.43 kcal/mol |       4 |   -3.80 kcal/mol
          5 |       119765 |   -1.57 kcal/mol |   -6.05 +/-    1.91 kcal/mol |     982 |  -14.84 kcal/mol
         10 |       240230 |   -6.02 kcal/mol |  -11.23 +/-    1.36 kcal/mol |      39 |  -15.94 kcal/mol
         15 |       364235 |  -10.71 kcal/mol |  -14.18 +/-    0.69 kcal/mol |      13 |  -15.95 kcal/mol
         20 |       489250 |  -13.39 kcal/mol |  -15.58 +/-    0.43 kcal/mol |       4 |  -16.10 kcal/mol
         25 |       613919 |  -13.97 kcal/mol |  -15.36 +/-    0.57 kcal/mol |       5 |  -16.10 kcal/mol
         30 |       740699 |  -13.67 kcal/mol |  -15.42 +/-    0.61 kcal/mol |       5 |  -16.10 kcal/mol
         35 |       866946 |  -13.60 kcal/mol |  -15.89 +/-    0.46 kcal/mol |       6 |  -16.36 kcal/mol
         40 |       994187 |  -14.75 kcal/mol |  -15.99 +/-    0.32 kcal/mol |       4 |  -16.38 kcal/mol
         45 |      1122190 |  -14.78 kcal/mol |  -15.92 +/-    0.32 kcal/mol |      11 |  -16.38 kcal/mol
         50 |      1250079 |  -15.49 kcal/mol |  -16.22 +/-    0.13 kcal/mol |       7 |  -16.38 kcal/mol
         55 |      1380075 |  -15.95 kcal/mol |  -16.29 +/-    0.10 kcal/mol |       4 |  -16.38 kcal/mol
         60 |      1506963 |  -15.93 kcal/mol |  -16.24 +/-    0.09 kcal/mol |       4 |  -16.39 kcal/mol
         65 |      1636170 |  -15.91 kcal/mol |  -16.21 +/-    0.11 kcal/mol |       7 |  -16.39 kcal/mol
         70 |      1766699 |  -15.98 kcal/mol |  -16.25 +/-    0.08 kcal/mol |       9 |  -16.39 kcal/mol
------------+--------------+------------------+------------------------------+---------+-------------------

                                   Finished evaluation after reaching
                                  -16.24 +/-    0.10 kcal/mol combined.
                             24 samples, best inter + intra   -16.39 kcal/mol.


Shutdown time 0.000639s

Job #1 took 1.171 sec after waiting 4.487 sec for setup

(Thread 0 is processing Job #1)
(Thread 0 is setting up Job #2)

Running Job #2:
    Device: NVIDIA A100-SXM4-40GB
    Grid map file: ./protein.maps.fld
    Ligand file: ./ligand_2_2.pdbqt
    Output file: docking_result_2.dlg (+ xml)
    Using heuristics: (capped) number of evaluations set to 2280181
    Local-search chosen method is: ADADELTA (ad)

Rest of Setup time 0.305763s

Executing docking runs, stopping automatically after either reaching 0.15 kcal/mol standard deviation of
the best molecules of the last 4 * 5 generations, 42000 generations, or 2280181 evaluations:

Generations |  Evaluations |     Threshold    |  Average energy of best 10%  | Samples | Best Inter + Intra
------------+--------------+------------------+------------------------------+---------+-------------------
          0 |          150 |   -1.80 kcal/mol |   -2.77 +/-    0.32 kcal/mol |       4 |   -3.23 kcal/mol
          5 |       117219 |   -1.56 kcal/mol |   -6.35 +/-    2.23 kcal/mol |    1005 |  -15.10 kcal/mol
         10 |       242356 |   -6.32 kcal/mol |  -12.25 +/-    1.06 kcal/mol |      27 |  -15.40 kcal/mol
         15 |       371797 |  -11.66 kcal/mol |  -14.87 +/-    0.30 kcal/mol |       4 |  -15.40 kcal/mol
         20 |       503756 |  -13.73 kcal/mol |  -14.78 +/-    0.44 kcal/mol |       4 |  -15.40 kcal/mol
         25 |       634847 |  -13.14 kcal/mol |  -14.88 +/-    0.38 kcal/mol |       7 |  -15.41 kcal/mol
         30 |       767236 |  -14.07 kcal/mol |  -15.35 +/-    0.13 kcal/mol |       5 |  -15.47 kcal/mol
         35 |       898933 |  -14.96 kcal/mol |  -15.58 +/-    0.39 kcal/mol |       5 |  -16.12 kcal/mol
         40 |      1031448 |  -14.41 kcal/mol |  -15.58 +/-    0.55 kcal/mol |       4 |  -16.52 kcal/mol
         45 |      1163339 |  -13.53 kcal/mol |  -15.67 +/-    0.53 kcal/mol |       7 |  -16.52 kcal/mol
         50 |      1293974 |  -14.54 kcal/mol |  -16.15 +/-    0.44 kcal/mol |       4 |  -16.52 kcal/mol
         55 |      1424895 |  -14.52 kcal/mol |  -16.02 +/-    0.49 kcal/mol |       5 |  -16.52 kcal/mol
         60 |      1552659 |  -14.56 kcal/mol |  -16.04 +/-    0.43 kcal/mol |       4 |  -16.52 kcal/mol
         65 |      1685830 |  -14.44 kcal/mol |  -15.75 +/-    0.49 kcal/mol |       6 |  -16.52 kcal/mol
         70 |      1818846 |  -14.52 kcal/mol |  -16.25 +/-    0.26 kcal/mol |       8 |  -16.52 kcal/mol
         75 |      1951243 |  -15.77 kcal/mol |  -16.23 +/-    0.31 kcal/mol |       3 |  -16.52 kcal/mol
         80 |      2084472 |  -14.68 kcal/mol |  -16.21 +/-    0.45 kcal/mol |       6 |  -16.64 kcal/mol
         85 |      2219506 |  -15.09 kcal/mol |  -16.47 +/-    0.13 kcal/mol |       6 |  -16.73 kcal/mol
         88 |      2300872 |  -16.14 kcal/mol |  -16.44 +/-    0.15 kcal/mol |      13 |  -16.73 kcal/mol
------------+--------------+------------------+------------------------------+---------+-------------------

                                   Finished evaluation after reaching
                       2300872 evaluations. Best inter + intra   -16.73 kcal/mol.


Shutdown time 0.000661s

Job #2 took 1.621 sec after waiting 0.056 sec for setup

(Thread 0 is processing Job #2)
(Thread 0 is setting up Job #3)

Running Job #3:
    Device: NVIDIA A100-SXM4-40GB
    Grid map file: ./protein.maps.fld
    Ligand file: ./ligand_3_3.pdbqt
    Output file: docking_result_3.dlg (+ xml)
    Using heuristics: (capped) number of evaluations set to 2280181
    Local-search chosen method is: ADADELTA (ad)

Rest of Setup time 0.305448s

Executing docking runs, stopping automatically after either reaching 0.15 kcal/mol standard deviation of
the best molecules of the last 4 * 5 generations, 42000 generations, or 2280181 evaluations:

Generations |  Evaluations |     Threshold    |  Average energy of best 10%  | Samples | Best Inter + Intra
------------+--------------+------------------+------------------------------+---------+-------------------
          0 |          150 |   -1.90 kcal/mol |   -3.22 +/-    0.50 kcal/mol |       8 |   -4.14 kcal/mol
          5 |       116229 |   -2.29 kcal/mol |   -6.92 +/-    1.95 kcal/mol |     967 |  -14.71 kcal/mol
         10 |       235771 |   -6.89 kcal/mol |  -11.70 +/-    0.89 kcal/mol |      49 |  -14.71 kcal/mol
         15 |       361093 |  -11.43 kcal/mol |  -14.30 +/-    0.76 kcal/mol |       4 |  -15.33 kcal/mol
         20 |       490516 |  -11.43 kcal/mol |  -14.00 +/-    0.78 kcal/mol |      14 |  -15.33 kcal/mol
         25 |       622464 |  -13.17 kcal/mol |  -14.87 +/-    1.06 kcal/mol |       4 |  -16.38 kcal/mol
         30 |       754233 |  -10.90 kcal/mol |  -13.73 +/-    0.89 kcal/mol |      18 |  -16.49 kcal/mol
         35 |       884277 |  -12.99 kcal/mol |  -15.45 +/-    0.62 kcal/mol |       4 |  -16.49 kcal/mol
         40 |      1015013 |  -13.11 kcal/mol |  -16.03 +/-    0.62 kcal/mol |       6 |  -16.49 kcal/mol
         45 |      1144666 |  -14.49 kcal/mol |  -15.44 +/-    0.55 kcal/mol |       5 |  -16.49 kcal/mol
         50 |      1274818 |  -13.79 kcal/mol |  -16.04 +/-    0.57 kcal/mol |       4 |  -16.49 kcal/mol
         55 |      1406892 |  -13.90 kcal/mol |  -15.72 +/-    0.64 kcal/mol |       6 |  -16.49 kcal/mol
         60 |      1538105 |  -14.11 kcal/mol |  -16.34 +/-    0.42 kcal/mol |       6 |  -16.64 kcal/mol
         65 |      1673008 |  -15.30 kcal/mol |  -16.64 +/-    0.96 kcal/mol |       4 |  -18.08 kcal/mol
         70 |      1808119 |  -13.05 kcal/mol |  -16.15 +/-    0.99 kcal/mol |       6 |  -18.12 kcal/mol
         75 |      1941603 |  -13.66 kcal/mol |  -16.79 +/-    1.15 kcal/mol |       6 |  -18.45 kcal/mol
         80 |      2077263 |  -13.91 kcal/mol |  -17.37 +/-    1.11 kcal/mol |       4 |  -18.67 kcal/mol
         85 |      2213234 |  -13.21 kcal/mol |  -16.58 +/-    0.96 kcal/mol |       6 |  -18.67 kcal/mol
         88 |      2294680 |  -14.19 kcal/mol |  -16.67 +/-    0.97 kcal/mol |      11 |  -18.67 kcal/mol
------------+--------------+------------------+------------------------------+---------+-------------------

                                   Finished evaluation after reaching
                       2294680 evaluations. Best inter + intra   -18.67 kcal/mol.


Shutdown time 0.000705s

Job #3 took 1.673 sec after waiting 0.070 sec for setup

(Thread 0 is processing Job #3)
Run time of entire job set (3 files): 9.150 sec
Savings from multithreading: -0.000 sec
Idle time of execution thread: 4.685 sec

All jobs (3) ran without errors.
