AutoDock-GPU version: v1.6-7-ga46ab564d2ac5f1a1523f65239b43505a1c29364-dirty

Using 1 OpenMP threads

Running 5 docking calculations

Cuda device:                              NVIDIA A100-SXM4-40GB
Available memory on device:               39916 MB (total: 40339 MB)

CUDA Setup time 0.239556s
(Thread 0 is setting up Job #1)

Running Job #1:
    Device: NVIDIA A100-SXM4-40GB
    Grid map file: ./protein.maps.fld
    Ligand file: ./ligand_1_1.pdbqt
    Output file: docking_result_1.dlg (+ xml)
    Using heuristics: (capped) number of evaluations set to 4951475
    Overriding heuristics, setting number of evaluations to --nev = 2500000 instead.
    Warning: The set number of evals is 29.66% of the uncapped heuristics estimate of 8429805 evals.
             This means this docking may not be able to converge. Increasing --heurmax may improve
             convergence but will also increase runtime.
             AutoStop will not stop before 27.75% (693732) of the set number of evaluations.
    Local-search chosen method is: ADADELTA (ad)

Rest of Setup time 0.309514s

Executing docking runs, stopping automatically after either reaching 0.15 kcal/mol standard deviation of
the best molecules of the last 4 * 5 generations, 42000 generations, or 2500000 evaluations:

Generations |  Evaluations |     Threshold    |  Average energy of best 10%  | Samples | Best Inter + Intra
------------+--------------+------------------+------------------------------+---------+-------------------
          0 |          150 |   -1.96 kcal/mol |   -2.37 +/-    0.22 kcal/mol |       8 |   -2.82 kcal/mol
          5 |       138977 |   -1.96 kcal/mol |   -5.88 +/-    1.76 kcal/mol |    1138 |  -11.85 kcal/mol
         10 |       280153 |   -5.86 kcal/mol |  -10.30 +/-    0.76 kcal/mol |      47 |  -11.96 kcal/mol
         15 |       422816 |  -10.06 kcal/mol |  -12.08 +/-    0.28 kcal/mol |      11 |  -12.76 kcal/mol
         20 |       563697 |  -11.70 kcal/mol |  -13.30 +/-    0.67 kcal/mol |       5 |  -14.32 kcal/mol
         25 |       702544 |  -11.30 kcal/mol |  -13.44 +/-    0.53 kcal/mol |      10 |  -14.69 kcal/mol
         30 |       841794 |  -12.65 kcal/mol |  -14.12 +/-    0.35 kcal/mol |       4 |  -14.72 kcal/mol
         35 |       978384 |  -12.79 kcal/mol |  -14.13 +/-    0.48 kcal/mol |       6 |  -15.11 kcal/mol
         40 |      1114943 |  -12.93 kcal/mol |  -14.23 +/-    0.46 kcal/mol |       5 |  -15.11 kcal/mol
         45 |      1250434 |  -12.84 kcal/mol |  -14.43 +/-    0.49 kcal/mol |       7 |  -15.11 kcal/mol
         50 |      1385842 |  -13.38 kcal/mol |  -14.62 +/-    0.39 kcal/mol |       4 |  -15.11 kcal/mol
         55 |      1523642 |  -13.17 kcal/mol |  -14.50 +/-    0.37 kcal/mol |       4 |  -15.11 kcal/mol
         60 |      1658448 |  -13.13 kcal/mol |  -14.51 +/-    0.49 kcal/mol |       6 |  -15.23 kcal/mol
         65 |      1794711 |  -13.28 kcal/mol |  -14.57 +/-    0.47 kcal/mol |       4 |  -15.23 kcal/mol
         70 |      1932039 |  -12.83 kcal/mol |  -14.20 +/-    0.44 kcal/mol |      10 |  -15.23 kcal/mol
         75 |      2069020 |  -13.54 kcal/mol |  -14.82 +/-    0.42 kcal/mol |       4 |  -15.23 kcal/mol
         80 |      2206242 |  -13.24 kcal/mol |  -14.49 +/-    0.45 kcal/mol |       9 |  -15.23 kcal/mol
         85 |      2341539 |  -13.74 kcal/mol |  -14.70 +/-    0.38 kcal/mol |       4 |  -15.23 kcal/mol
         90 |      2477405 |  -13.29 kcal/mol |  -14.42 +/-    0.37 kcal/mol |       8 |  -15.23 kcal/mol
         91 |      2504349 |  -13.73 kcal/mol |  -14.59 +/-    0.43 kcal/mol |      12 |  -15.23 kcal/mol
------------+--------------+------------------+------------------------------+---------+-------------------

                                   Finished evaluation after reaching
                       2504349 evaluations. Best inter + intra   -15.23 kcal/mol.


Shutdown time 0.000673s

Job #1 took 1.412 sec after waiting 4.549 sec for setup

(Thread 0 is processing Job #1)
(Thread 0 is setting up Job #2)

Running Job #2:
    Device: NVIDIA A100-SXM4-40GB
    Grid map file: ./protein.maps.fld
    Ligand file: ./ligand_2_2.pdbqt
    Output file: docking_result_2.dlg (+ xml)
    Using heuristics: (capped) number of evaluations set to 2068966
    Local-search chosen method is: ADADELTA (ad)

Rest of Setup time 0.305586s

Executing docking runs, stopping automatically after either reaching 0.15 kcal/mol standard deviation of
the best molecules of the last 4 * 5 generations, 42000 generations, or 2068966 evaluations:

Generations |  Evaluations |     Threshold    |  Average energy of best 10%  | Samples | Best Inter + Intra
------------+--------------+------------------+------------------------------+---------+-------------------
          0 |          150 |   -1.53 kcal/mol |   -1.83 +/-    0.10 kcal/mol |       5 |   -2.00 kcal/mol
          5 |       133917 |   -1.53 kcal/mol |   -3.65 +/-    1.18 kcal/mol |     771 |   -9.10 kcal/mol
         10 |       266406 |   -3.62 kcal/mol |   -7.12 +/-    0.79 kcal/mol |      52 |   -9.10 kcal/mol
         15 |       400322 |   -6.89 kcal/mol |   -8.94 +/-    0.20 kcal/mol |       7 |   -9.10 kcal/mol
         20 |       532979 |   -8.52 kcal/mol |   -9.12 +/-    0.09 kcal/mol |      11 |   -9.23 kcal/mol
         25 |       664039 |   -9.00 kcal/mol |   -9.18 +/-    0.06 kcal/mol |      18 |   -9.23 kcal/mol
         30 |       794470 |   -9.05 kcal/mol |   -9.19 +/-    0.05 kcal/mol |      18 |   -9.23 kcal/mol
         35 |       925462 |   -9.06 kcal/mol |   -9.19 +/-    0.05 kcal/mol |      20 |   -9.23 kcal/mol
------------+--------------+------------------+------------------------------+---------+-------------------

                                   Finished evaluation after reaching
                                   -9.17 +/-    0.07 kcal/mol combined.
                             67 samples, best inter + intra    -9.23 kcal/mol.


Shutdown time 0.000686s

Job #2 took 0.515 sec after waiting 0.043 sec for setup

(Thread 0 is processing Job #2)
(Thread 0 is setting up Job #3)

Running Job #3:
    Device: NVIDIA A100-SXM4-40GB
    Grid map file: ./protein.maps.fld
    Ligand file: ./ligand_3_3.pdbqt
    Output file: docking_result_3.dlg (+ xml)
    Using heuristics: (capped) number of evaluations set to 4195460
    Overriding heuristics, setting number of evaluations to --nev = 2500000 instead.
    Warning: The set number of evals is 38.75% of the uncapped heuristics estimate of 6450800 evals.
             This means this docking may not be able to converge. Increasing --heurmax may improve
             convergence but will also increase runtime.
             AutoStop will not stop before 17.33% (433129) of the set number of evaluations.
    Local-search chosen method is: ADADELTA (ad)

Rest of Setup time 0.306179s

Executing docking runs, stopping automatically after either reaching 0.15 kcal/mol standard deviation of
the best molecules of the last 4 * 5 generations, 42000 generations, or 2500000 evaluations:

Generations |  Evaluations |     Threshold    |  Average energy of best 10%  | Samples | Best Inter + Intra
------------+--------------+------------------+------------------------------+---------+-------------------
          0 |          150 |   -1.23 kcal/mol |   -1.97 +/-    0.23 kcal/mol |       5 |   -2.31 kcal/mol
          5 |       136331 |   -1.29 kcal/mol |   -5.49 +/-    1.83 kcal/mol |    1158 |  -11.07 kcal/mol
         10 |       272635 |   -5.46 kcal/mol |  -10.02 +/-    0.82 kcal/mol |      45 |  -12.51 kcal/mol
         15 |       411565 |   -9.74 kcal/mol |  -12.08 +/-    0.36 kcal/mol |       5 |  -12.65 kcal/mol
         20 |       549326 |  -11.00 kcal/mol |  -12.30 +/-    0.43 kcal/mol |      10 |  -13.01 kcal/mol
         25 |       685030 |  -11.65 kcal/mol |  -13.11 +/-    0.47 kcal/mol |       5 |  -13.68 kcal/mol
         30 |       822075 |  -11.70 kcal/mol |  -13.22 +/-    0.29 kcal/mol |       9 |  -13.68 kcal/mol
         35 |       954984 |  -12.74 kcal/mol |  -13.27 +/-    0.21 kcal/mol |       9 |  -13.69 kcal/mol
         40 |      1088544 |  -12.91 kcal/mol |  -13.58 +/-    0.12 kcal/mol |       8 |  -13.69 kcal/mol
         45 |      1220153 |  -13.35 kcal/mol |  -13.67 +/-    0.13 kcal/mol |       9 |  -13.83 kcal/mol
         50 |      1349167 |  -13.46 kcal/mol |  -13.76 +/-    0.11 kcal/mol |      10 |  -13.98 kcal/mol
         55 |      1480446 |  -13.59 kcal/mol |  -13.94 +/-    0.18 kcal/mol |      10 |  -14.29 kcal/mol
         60 |      1610066 |  -13.67 kcal/mol |  -13.95 +/-    0.15 kcal/mol |       8 |  -14.29 kcal/mol
         65 |      1743052 |  -13.67 kcal/mol |  -14.03 +/-    0.13 kcal/mol |      11 |  -14.29 kcal/mol
         70 |      1876304 |  -13.85 kcal/mol |  -14.38 +/-    0.16 kcal/mol |       4 |  -14.50 kcal/mol
         75 |      2008776 |  -13.76 kcal/mol |  -14.11 +/-    0.20 kcal/mol |       5 |  -14.50 kcal/mol
         80 |      2141619 |  -13.52 kcal/mol |  -14.08 +/-    0.17 kcal/mol |      10 |  -14.50 kcal/mol
         85 |      2273983 |  -13.84 kcal/mol |  -14.13 +/-    0.19 kcal/mol |      11 |  -14.50 kcal/mol
         90 |      2406324 |  -13.87 kcal/mol |  -14.42 +/-    0.13 kcal/mol |       4 |  -14.50 kcal/mol
         94 |      2511586 |  -13.95 kcal/mol |  -14.40 +/-    0.13 kcal/mol |       7 |  -14.50 kcal/mol
------------+--------------+------------------+------------------------------+---------+-------------------

                                   Finished evaluation after reaching
                       2511586 evaluations. Best inter + intra   -14.50 kcal/mol.


Shutdown time 0.000676s

Job #3 took 1.352 sec after waiting 0.017 sec for setup

(Thread 0 is processing Job #3)
(Thread 0 is setting up Job #4)

Running Job #4:
    Device: NVIDIA A100-SXM4-40GB
    Grid map file: ./protein.maps.fld
    Ligand file: ./ligand_4_4.pdbqt
    Output file: docking_result_4.dlg (+ xml)
    Using heuristics: (capped) number of evaluations set to 2068966
    Local-search chosen method is: ADADELTA (ad)

Rest of Setup time 0.305776s

Executing docking runs, stopping automatically after either reaching 0.15 kcal/mol standard deviation of
the best molecules of the last 4 * 5 generations, 42000 generations, or 2068966 evaluations:

Generations |  Evaluations |     Threshold    |  Average energy of best 10%  | Samples | Best Inter + Intra
------------+--------------+------------------+------------------------------+---------+-------------------
          0 |          150 |   -0.90 kcal/mol |   -2.13 +/-    0.42 kcal/mol |       9 |   -2.95 kcal/mol
          5 |       116178 |   -1.43 kcal/mol |   -5.28 +/-    1.77 kcal/mol |     850 |  -12.06 kcal/mol
         10 |       234280 |   -5.24 kcal/mol |  -10.32 +/-    1.45 kcal/mol |      32 |  -14.43 kcal/mol
         15 |       353766 |   -9.64 kcal/mol |  -13.34 +/-    0.70 kcal/mol |       4 |  -14.52 kcal/mol
         20 |       474686 |  -10.72 kcal/mol |  -13.34 +/-    0.79 kcal/mol |       4 |  -14.54 kcal/mol
         25 |       595804 |  -10.37 kcal/mol |  -13.10 +/-    0.80 kcal/mol |       6 |  -14.54 kcal/mol
         30 |       717240 |  -11.11 kcal/mol |  -13.28 +/-    0.43 kcal/mol |      12 |  -14.54 kcal/mol
         35 |       838757 |  -12.74 kcal/mol |  -13.85 +/-    0.40 kcal/mol |       4 |  -14.54 kcal/mol
         40 |       960277 |  -12.35 kcal/mol |  -13.85 +/-    0.40 kcal/mol |       4 |  -14.54 kcal/mol
         45 |      1081311 |  -12.35 kcal/mol |  -13.97 +/-    0.51 kcal/mol |       7 |  -14.54 kcal/mol
         50 |      1202880 |  -12.88 kcal/mol |  -14.05 +/-    0.34 kcal/mol |       4 |  -14.65 kcal/mol
         55 |      1324303 |  -12.76 kcal/mol |  -13.94 +/-    0.29 kcal/mol |       8 |  -14.68 kcal/mol
         60 |      1443604 |  -13.39 kcal/mol |  -14.20 +/-    0.34 kcal/mol |       4 |  -14.68 kcal/mol
         65 |      1566773 |  -12.94 kcal/mol |  -14.01 +/-    0.41 kcal/mol |       4 |  -14.68 kcal/mol
         70 |      1690141 |  -12.48 kcal/mol |  -13.78 +/-    0.38 kcal/mol |       8 |  -14.68 kcal/mol
         75 |      1814866 |  -13.07 kcal/mol |  -14.20 +/-    0.40 kcal/mol |       5 |  -14.71 kcal/mol
         80 |      1938095 |  -13.01 kcal/mol |  -14.24 +/-    0.34 kcal/mol |       8 |  -14.74 kcal/mol
         85 |      2060548 |  -13.59 kcal/mol |  -14.37 +/-    0.40 kcal/mol |       4 |  -14.80 kcal/mol
         86 |      2084788 |  -12.87 kcal/mol |  -14.40 +/-    0.43 kcal/mol |       7 |  -14.80 kcal/mol
------------+--------------+------------------+------------------------------+---------+-------------------

                                   Finished evaluation after reaching
                       2084788 evaluations. Best inter + intra   -14.80 kcal/mol.


Shutdown time 0.000714s

Job #4 took 1.254 sec after waiting 0.043 sec for setup

(Thread 0 is processing Job #4)
(Thread 0 is setting up Job #5)

Running Job #5:
    Device: NVIDIA A100-SXM4-40GB
    Grid map file: ./protein.maps.fld
    Ligand file: ./ligand_5_5.pdbqt
    Output file: docking_result_5.dlg (+ xml)
    Using heuristics: (capped) number of evaluations set to 3487417
    Overriding heuristics, setting number of evaluations to --nev = 2500000 instead.
    Local-search chosen method is: ADADELTA (ad)

Rest of Setup time 0.306680s

Executing docking runs, stopping automatically after either reaching 0.15 kcal/mol standard deviation of
the best molecules of the last 4 * 5 generations, 42000 generations, or 2500000 evaluations:

Generations |  Evaluations |     Threshold    |  Average energy of best 10%  | Samples | Best Inter + Intra
------------+--------------+------------------+------------------------------+---------+-------------------
          0 |          150 |   -2.36 kcal/mol |   -3.30 +/-    0.25 kcal/mol |       4 |   -3.57 kcal/mol
          5 |       138615 |   -2.36 kcal/mol |   -6.01 +/-    1.61 kcal/mol |    1026 |  -12.09 kcal/mol
         10 |       272283 |   -5.99 kcal/mol |  -10.47 +/-    1.01 kcal/mol |      50 |  -13.01 kcal/mol
         15 |       408073 |  -10.17 kcal/mol |  -12.42 +/-    0.29 kcal/mol |       6 |  -13.07 kcal/mol
         20 |       543693 |  -11.70 kcal/mol |  -12.61 +/-    0.28 kcal/mol |       8 |  -13.07 kcal/mol
         25 |       683003 |  -12.08 kcal/mol |  -13.11 +/-    0.70 kcal/mol |       4 |  -14.31 kcal/mol
         30 |       820467 |  -10.47 kcal/mol |  -12.67 +/-    0.54 kcal/mol |      19 |  -14.34 kcal/mol
         35 |       958945 |  -12.25 kcal/mol |  -14.30 +/-    0.28 kcal/mol |       5 |  -14.51 kcal/mol
         40 |      1096455 |  -13.47 kcal/mol |  -14.39 +/-    0.34 kcal/mol |       4 |  -14.62 kcal/mol
         45 |      1232497 |  -13.12 kcal/mol |  -14.34 +/-    0.38 kcal/mol |       6 |  -14.96 kcal/mol
         50 |      1366844 |  -13.40 kcal/mol |  -14.58 +/-    0.14 kcal/mol |      12 |  -14.96 kcal/mol
         55 |      1503821 |  -14.40 kcal/mol |  -14.63 +/-    0.17 kcal/mol |      14 |  -14.96 kcal/mol
         60 |      1635384 |  -14.45 kcal/mol |  -14.69 +/-    0.15 kcal/mol |      11 |  -14.96 kcal/mol
         65 |      1769108 |  -14.48 kcal/mol |  -14.72 +/-    0.15 kcal/mol |      10 |  -14.96 kcal/mol
         70 |      1902528 |  -14.49 kcal/mol |  -14.74 +/-    0.13 kcal/mol |      21 |  -14.96 kcal/mol
         75 |      2032614 |  -14.64 kcal/mol |  -14.84 +/-    0.09 kcal/mol |       7 |  -14.96 kcal/mol
------------+--------------+------------------+------------------------------+---------+-------------------

                                   Finished evaluation after reaching
                                  -14.74 +/-    0.14 kcal/mol combined.
                             49 samples, best inter + intra   -14.96 kcal/mol.


Shutdown time 0.000694s

Job #5 took 1.011 sec after waiting 0.050 sec for setup

(Thread 0 is processing Job #5)
Run time of entire job set (5 files): 10.282 sec
Savings from multithreading: -0.001 sec
Idle time of execution thread: 4.736 sec

All jobs (5) ran without errors.
