AutoDock-GPU version: v1.6-7-ga46ab564d2ac5f1a1523f65239b43505a1c29364-dirty

Using 1 OpenMP threads

Running 4 docking calculations

Cuda device:                              NVIDIA A100-SXM4-40GB
Available memory on device:               39916 MB (total: 40339 MB)

CUDA Setup time 0.232521s
(Thread 0 is setting up Job #1)

Running Job #1:
    Device: NVIDIA A100-SXM4-40GB
    Grid map file: ./protein.maps.fld
    Ligand file: ./ligand_1_1.pdbqt
    Output file: docking_result_1.dlg (+ xml)
    Using heuristics: (capped) number of evaluations set to 2280181
    Local-search chosen method is: ADADELTA (ad)

Rest of Setup time 0.313485s

Executing docking runs, stopping automatically after either reaching 0.15 kcal/mol standard deviation of
the best molecules of the last 4 * 5 generations, 42000 generations, or 2280181 evaluations:

Generations |  Evaluations |     Threshold    |  Average energy of best 10%  | Samples | Best Inter + Intra
------------+--------------+------------------+------------------------------+---------+-------------------
          0 |          150 |   -1.70 kcal/mol |   -2.83 +/-    0.30 kcal/mol |       4 |   -3.25 kcal/mol
          5 |       114808 |   -1.70 kcal/mol |   -5.44 +/-    1.83 kcal/mol |     924 |  -13.29 kcal/mol
         10 |       225632 |   -5.41 kcal/mol |  -10.77 +/-    1.57 kcal/mol |      35 |  -14.33 kcal/mol
         15 |       338333 |  -10.09 kcal/mol |  -13.77 +/-    0.44 kcal/mol |       7 |  -14.37 kcal/mol
         20 |       450420 |  -12.81 kcal/mol |  -14.27 +/-    0.24 kcal/mol |       5 |  -14.50 kcal/mol
         25 |       563269 |  -13.56 kcal/mol |  -14.40 +/-    0.18 kcal/mol |       3 |  -14.53 kcal/mol
         30 |       675679 |  -13.49 kcal/mol |  -14.41 +/-    0.16 kcal/mol |       4 |  -14.53 kcal/mol
         35 |       790645 |  -13.81 kcal/mol |  -14.41 +/-    0.16 kcal/mol |       5 |  -14.54 kcal/mol
         40 |       906445 |  -13.95 kcal/mol |  -14.53 +/-    0.01 kcal/mol |       4 |  -14.54 kcal/mol
         45 |      1020707 |  -13.97 kcal/mol |  -14.59 +/-    0.15 kcal/mol |      11 |  -14.85 kcal/mol
         50 |      1136761 |  -14.39 kcal/mol |  -14.72 +/-    0.12 kcal/mol |       8 |  -14.92 kcal/mol
         55 |      1255051 |  -14.49 kcal/mol |  -14.93 +/-    0.16 kcal/mol |       5 |  -15.06 kcal/mol
         60 |      1370577 |  -14.46 kcal/mol |  -14.67 +/-    0.17 kcal/mol |      10 |  -15.06 kcal/mol
         65 |      1487922 |  -14.41 kcal/mol |  -14.68 +/-    0.21 kcal/mol |       5 |  -15.06 kcal/mol
         70 |      1606324 |  -14.04 kcal/mol |  -14.76 +/-    0.19 kcal/mol |       8 |  -15.06 kcal/mol
         75 |      1723321 |  -14.41 kcal/mol |  -14.65 +/-    0.19 kcal/mol |       8 |  -15.06 kcal/mol
         80 |      1840239 |  -14.29 kcal/mol |  -14.76 +/-    0.16 kcal/mol |      12 |  -15.06 kcal/mol
         85 |      1956823 |  -14.55 kcal/mol |  -14.97 +/-    0.10 kcal/mol |      10 |  -15.06 kcal/mol
         90 |      2073989 |  -14.82 kcal/mol |  -15.00 +/-    0.05 kcal/mol |       6 |  -15.06 kcal/mol
         95 |      2194304 |  -14.63 kcal/mol |  -14.86 +/-    0.12 kcal/mol |      14 |  -15.06 kcal/mol
         99 |      2290243 |  -14.73 kcal/mol |  -14.88 +/-    0.12 kcal/mol |      20 |  -15.06 kcal/mol
------------+--------------+------------------+------------------------------+---------+-------------------

                                   Finished evaluation after reaching
                       2290243 evaluations. Best inter + intra   -15.06 kcal/mol.


Shutdown time 0.000692s

Job #1 took 1.546 sec after waiting 4.498 sec for setup

(Thread 0 is processing Job #1)
(Thread 0 is setting up Job #2)

Running Job #2:
    Device: NVIDIA A100-SXM4-40GB
    Grid map file: ./protein.maps.fld
    Ligand file: ./ligand_2_2.pdbqt
    Output file: docking_result_2.dlg (+ xml)
    Using heuristics: (capped) number of evaluations set to 2280181
    Local-search chosen method is: ADADELTA (ad)

Rest of Setup time 0.309207s

Executing docking runs, stopping automatically after either reaching 0.15 kcal/mol standard deviation of
the best molecules of the last 4 * 5 generations, 42000 generations, or 2280181 evaluations:

Generations |  Evaluations |     Threshold    |  Average energy of best 10%  | Samples | Best Inter + Intra
------------+--------------+------------------+------------------------------+---------+-------------------
          0 |          150 |    0.33 kcal/mol |   -2.10 +/-    0.75 kcal/mol |      18 |   -4.55 kcal/mol
          5 |       113301 |   -1.47 kcal/mol |   -5.84 +/-    1.86 kcal/mol |     833 |  -15.39 kcal/mol
         10 |       226765 |   -5.81 kcal/mol |  -11.13 +/-    1.26 kcal/mol |      43 |  -15.43 kcal/mol
         15 |       345917 |  -10.69 kcal/mol |  -14.01 +/-    0.73 kcal/mol |       5 |  -15.43 kcal/mol
         20 |       468045 |  -11.83 kcal/mol |  -14.06 +/-    0.80 kcal/mol |       4 |  -15.43 kcal/mol
         25 |       588643 |  -11.05 kcal/mol |  -13.86 +/-    0.87 kcal/mol |      17 |  -15.43 kcal/mol
         30 |       710900 |  -13.09 kcal/mol |  -14.76 +/-    0.45 kcal/mol |       4 |  -15.45 kcal/mol
         35 |       831962 |  -13.09 kcal/mol |  -14.46 +/-    0.44 kcal/mol |       8 |  -15.45 kcal/mol
         40 |       951642 |  -13.64 kcal/mol |  -14.97 +/-    0.24 kcal/mol |       5 |  -15.45 kcal/mol
         45 |      1070627 |  -14.25 kcal/mol |  -15.01 +/-    0.19 kcal/mol |       7 |  -15.45 kcal/mol
         50 |      1189457 |  -14.59 kcal/mol |  -15.42 +/-    0.03 kcal/mol |       4 |  -15.45 kcal/mol
         55 |      1314108 |  -14.86 kcal/mol |  -15.40 +/-    0.05 kcal/mol |      11 |  -15.45 kcal/mol
         60 |      1434947 |  -15.20 kcal/mol |  -15.38 +/-    0.07 kcal/mol |      11 |  -15.45 kcal/mol
         65 |      1558061 |  -15.18 kcal/mol |  -15.41 +/-    0.06 kcal/mol |       8 |  -15.45 kcal/mol
         70 |      1681336 |  -15.13 kcal/mol |  -15.43 +/-    0.03 kcal/mol |      13 |  -15.46 kcal/mol
         75 |      1803286 |  -15.26 kcal/mol |  -15.41 +/-    0.05 kcal/mol |      10 |  -15.46 kcal/mol
------------+--------------+------------------+------------------------------+---------+-------------------

                                   Finished evaluation after reaching
                                  -15.41 +/-    0.06 kcal/mol combined.
                             42 samples, best inter + intra   -15.46 kcal/mol.


Shutdown time 0.000666s

Job #2 took 1.229 sec after waiting 0.059 sec for setup

(Thread 0 is processing Job #2)
(Thread 0 is setting up Job #3)

Running Job #3:
    Device: NVIDIA A100-SXM4-40GB
    Grid map file: ./protein.maps.fld
    Ligand file: ./ligand_3_3.pdbqt
    Output file: docking_result_3.dlg (+ xml)
    Using heuristics: (capped) number of evaluations set to 4195460
    Overriding heuristics, setting number of evaluations to --nev = 2500000 instead.
    Warning: The set number of evals is 38.75% of the uncapped heuristics estimate of 6450800 evals.
             This means this docking may not be able to converge. Increasing --heurmax may improve
             convergence but will also increase runtime.
             AutoStop will not stop before 17.33% (433129) of the set number of evaluations.
    Local-search chosen method is: ADADELTA (ad)

Rest of Setup time 0.305679s

Executing docking runs, stopping automatically after either reaching 0.15 kcal/mol standard deviation of
the best molecules of the last 4 * 5 generations, 42000 generations, or 2500000 evaluations:

Generations |  Evaluations |     Threshold    |  Average energy of best 10%  | Samples | Best Inter + Intra
------------+--------------+------------------+------------------------------+---------+-------------------
          0 |          150 |   -0.67 kcal/mol |   -2.26 +/-    0.56 kcal/mol |      11 |   -3.60 kcal/mol
          5 |       125189 |   -1.50 kcal/mol |   -6.09 +/-    1.89 kcal/mol |    1075 |  -12.29 kcal/mol
         10 |       255242 |   -6.07 kcal/mol |  -10.88 +/-    0.95 kcal/mol |      45 |  -13.68 kcal/mol
         15 |       385967 |  -10.57 kcal/mol |  -13.37 +/-    0.87 kcal/mol |      10 |  -14.87 kcal/mol
         20 |       515895 |  -12.07 kcal/mol |  -14.57 +/-    0.29 kcal/mol |       4 |  -14.89 kcal/mol
         25 |       648480 |  -13.50 kcal/mol |  -14.79 +/-    0.35 kcal/mol |       7 |  -15.21 kcal/mol
         30 |       780388 |  -14.03 kcal/mol |  -15.19 +/-    0.20 kcal/mol |       6 |  -15.44 kcal/mol
         35 |       910660 |  -14.70 kcal/mol |  -15.26 +/-    0.13 kcal/mol |       3 |  -15.44 kcal/mol
         40 |      1041182 |  -14.60 kcal/mol |  -15.31 +/-    0.26 kcal/mol |       8 |  -15.65 kcal/mol
         45 |      1170546 |  -14.83 kcal/mol |  -15.35 +/-    0.22 kcal/mol |       7 |  -15.79 kcal/mol
         50 |      1300135 |  -14.88 kcal/mol |  -15.51 +/-    0.30 kcal/mol |       4 |  -15.79 kcal/mol
         55 |      1433058 |  -14.37 kcal/mol |  -15.41 +/-    0.28 kcal/mol |      16 |  -15.79 kcal/mol
         60 |      1561865 |  -15.15 kcal/mol |  -15.68 +/-    0.09 kcal/mol |       9 |  -15.82 kcal/mol
         65 |      1691871 |  -15.53 kcal/mol |  -15.75 +/-    0.07 kcal/mol |       4 |  -15.82 kcal/mol
         70 |      1822383 |  -15.19 kcal/mol |  -15.68 +/-    0.15 kcal/mol |      11 |  -15.82 kcal/mol
         75 |      1952861 |  -15.47 kcal/mol |  -15.77 +/-    0.07 kcal/mol |       7 |  -15.84 kcal/mol
         80 |      2082764 |  -15.45 kcal/mol |  -15.79 +/-    0.06 kcal/mol |      11 |  -15.84 kcal/mol
         85 |      2212236 |  -15.58 kcal/mol |  -15.79 +/-    0.07 kcal/mol |      11 |  -15.84 kcal/mol
         90 |      2343468 |  -15.59 kcal/mol |  -15.79 +/-    0.05 kcal/mol |      11 |  -15.87 kcal/mol
         95 |      2474621 |  -15.58 kcal/mol |  -15.80 +/-    0.08 kcal/mol |       6 |  -15.87 kcal/mol
         97 |      2525486 |  -15.60 kcal/mol |  -15.81 +/-    0.07 kcal/mol |      12 |  -15.87 kcal/mol
------------+--------------+------------------+------------------------------+---------+-------------------

                                   Finished evaluation after reaching
                       2525486 evaluations. Best inter + intra   -15.87 kcal/mol.


Shutdown time 0.000716s

Job #3 took 1.663 sec after waiting 0.058 sec for setup

(Thread 0 is processing Job #3)
(Thread 0 is setting up Job #4)

Running Job #4:
    Device: NVIDIA A100-SXM4-40GB
    Grid map file: ./protein.maps.fld
    Ligand file: ./ligand_4_4.pdbqt
    Output file: docking_result_4.dlg (+ xml)
    Using heuristics: (capped) number of evaluations set to 2280181
    Local-search chosen method is: ADADELTA (ad)

Rest of Setup time 0.311233s

Executing docking runs, stopping automatically after either reaching 0.15 kcal/mol standard deviation of
the best molecules of the last 4 * 5 generations, 42000 generations, or 2280181 evaluations:

Generations |  Evaluations |     Threshold    |  Average energy of best 10%  | Samples | Best Inter + Intra
------------+--------------+------------------+------------------------------+---------+-------------------
          0 |          150 |   -2.04 kcal/mol |   -2.93 +/-    0.24 kcal/mol |       4 |   -3.19 kcal/mol
          5 |       111551 |   -2.04 kcal/mol |   -5.43 +/-    1.75 kcal/mol |     884 |  -11.71 kcal/mol
         10 |       223911 |   -5.40 kcal/mol |  -10.09 +/-    1.32 kcal/mol |      40 |  -14.58 kcal/mol
         15 |       338904 |   -9.59 kcal/mol |  -13.67 +/-    0.99 kcal/mol |       9 |  -15.02 kcal/mol
         20 |       454739 |  -12.02 kcal/mol |  -14.07 +/-    0.55 kcal/mol |       4 |  -15.02 kcal/mol
         25 |       571637 |  -12.01 kcal/mol |  -14.25 +/-    0.70 kcal/mol |       5 |  -15.02 kcal/mol
         30 |       688370 |  -12.14 kcal/mol |  -14.19 +/-    0.49 kcal/mol |       9 |  -15.02 kcal/mol
         35 |       804350 |  -13.37 kcal/mol |  -14.58 +/-    0.45 kcal/mol |       4 |  -15.02 kcal/mol
         40 |       919791 |  -12.89 kcal/mol |  -14.35 +/-    0.43 kcal/mol |       8 |  -15.02 kcal/mol
         45 |      1039312 |  -13.55 kcal/mol |  -14.76 +/-    0.22 kcal/mol |       6 |  -15.07 kcal/mol
         50 |      1158501 |  -14.21 kcal/mol |  -14.74 +/-    0.22 kcal/mol |       4 |  -15.07 kcal/mol
         55 |      1278720 |  -13.92 kcal/mol |  -14.71 +/-    0.22 kcal/mol |       7 |  -15.07 kcal/mol
         60 |      1396169 |  -14.24 kcal/mol |  -14.66 +/-    0.24 kcal/mol |       4 |  -15.07 kcal/mol
         65 |      1519435 |  -13.77 kcal/mol |  -14.38 +/-    0.24 kcal/mol |      15 |  -15.07 kcal/mol
         70 |      1642131 |  -14.14 kcal/mol |  -14.56 +/-    0.19 kcal/mol |       8 |  -15.07 kcal/mol
         75 |      1763976 |  -14.20 kcal/mol |  -14.57 +/-    0.23 kcal/mol |       6 |  -15.07 kcal/mol
         80 |      1887760 |  -13.99 kcal/mol |  -14.57 +/-    0.18 kcal/mol |       9 |  -15.07 kcal/mol
         85 |      2010591 |  -14.27 kcal/mol |  -14.58 +/-    0.18 kcal/mol |      13 |  -15.07 kcal/mol
         90 |      2129582 |  -14.38 kcal/mol |  -14.66 +/-    0.26 kcal/mol |      11 |  -15.07 kcal/mol
         95 |      2250386 |  -14.31 kcal/mol |  -14.56 +/-    0.19 kcal/mol |      13 |  -15.07 kcal/mol
         97 |      2298371 |  -14.34 kcal/mol |  -14.55 +/-    0.19 kcal/mol |      23 |  -15.07 kcal/mol
------------+--------------+------------------+------------------------------+---------+-------------------

                                   Finished evaluation after reaching
                       2298371 evaluations. Best inter + intra   -15.07 kcal/mol.


Shutdown time 0.000689s

Job #4 took 1.551 sec after waiting 0.063 sec for setup

(Thread 0 is processing Job #4)
Run time of entire job set (4 files): 10.729 sec
Savings from multithreading: -0.000 sec
Idle time of execution thread: 4.740 sec

All jobs (4) ran without errors.
