AutoDock-GPU version: v1.6-7-ga46ab564d2ac5f1a1523f65239b43505a1c29364-dirty

Using 1 OpenMP threads

Running 3 docking calculations

Cuda device:                              NVIDIA A100-SXM4-40GB
Available memory on device:               39916 MB (total: 40339 MB)

CUDA Setup time 0.235044s
(Thread 0 is setting up Job #1)

Running Job #1:
    Device: NVIDIA A100-SXM4-40GB
    Grid map file: ./protein.maps.fld
    Ligand file: ./ligand_1_1.pdbqt
    Output file: docking_result_1.dlg (+ xml)
    Using heuristics: (capped) number of evaluations set to 2068966
    Local-search chosen method is: ADADELTA (ad)

Rest of Setup time 0.306226s

Executing docking runs, stopping automatically after either reaching 0.15 kcal/mol standard deviation of
the best molecules of the last 4 * 5 generations, 42000 generations, or 2068966 evaluations:

Generations |  Evaluations |     Threshold    |  Average energy of best 10%  | Samples | Best Inter + Intra
------------+--------------+------------------+------------------------------+---------+-------------------
          0 |          150 |   -0.33 kcal/mol |   -1.62 +/-    0.41 kcal/mol |      14 |   -2.94 kcal/mol
          5 |       133809 |   -1.18 kcal/mol |   -3.81 +/-    1.11 kcal/mol |     752 |   -7.97 kcal/mol
         10 |       267111 |   -3.78 kcal/mol |   -6.98 +/-    0.78 kcal/mol |      55 |   -8.97 kcal/mol
         15 |       404032 |   -6.77 kcal/mol |   -8.85 +/-    0.10 kcal/mol |       6 |   -8.97 kcal/mol
         20 |       539509 |   -8.61 kcal/mol |   -8.87 +/-    0.13 kcal/mol |      12 |   -9.03 kcal/mol
         25 |       673967 |   -8.70 kcal/mol |   -8.94 +/-    0.10 kcal/mol |      12 |   -9.05 kcal/mol
         30 |       808628 |   -8.81 kcal/mol |   -8.96 +/-    0.06 kcal/mol |      15 |   -9.05 kcal/mol
         35 |       942821 |   -8.81 kcal/mol |   -8.97 +/-    0.05 kcal/mol |      12 |   -9.05 kcal/mol
         40 |      1076383 |   -8.79 kcal/mol |   -9.01 +/-    0.04 kcal/mol |      12 |   -9.05 kcal/mol
------------+--------------+------------------+------------------------------+---------+-------------------

                                   Finished evaluation after reaching
                                   -8.97 +/-    0.07 kcal/mol combined.
                             51 samples, best inter + intra    -9.05 kcal/mol.


Shutdown time 0.000670s

Job #1 took 0.608 sec after waiting 4.466 sec for setup

(Thread 0 is processing Job #1)
(Thread 0 is setting up Job #2)

Running Job #2:
    Device: NVIDIA A100-SXM4-40GB
    Grid map file: ./protein.maps.fld
    Ligand file: ./ligand_2_2.pdbqt
    Output file: docking_result_2.dlg (+ xml)
    Using heuristics: (capped) number of evaluations set to 2068966
    Local-search chosen method is: ADADELTA (ad)

Rest of Setup time 0.302648s

Executing docking runs, stopping automatically after either reaching 0.15 kcal/mol standard deviation of
the best molecules of the last 4 * 5 generations, 42000 generations, or 2068966 evaluations:

Generations |  Evaluations |     Threshold    |  Average energy of best 10%  | Samples | Best Inter + Intra
------------+--------------+------------------+------------------------------+---------+-------------------
          0 |          150 |   -2.19 kcal/mol |   -2.61 +/-    0.11 kcal/mol |       4 |   -2.77 kcal/mol
          5 |       134842 |   -2.19 kcal/mol |   -5.13 +/-    1.36 kcal/mol |     957 |   -9.88 kcal/mol
         10 |       264405 |   -5.11 kcal/mol |   -8.75 +/-    0.70 kcal/mol |      40 |  -10.13 kcal/mol
         15 |       398655 |   -8.48 kcal/mol |  -10.33 +/-    0.38 kcal/mol |      10 |  -10.77 kcal/mol
         20 |       532753 |   -9.76 kcal/mol |  -11.43 +/-    0.02 kcal/mol |       4 |  -11.44 kcal/mol
         25 |       665467 |  -10.87 kcal/mol |  -11.43 +/-    0.04 kcal/mol |       7 |  -11.52 kcal/mol
         30 |       801156 |  -11.11 kcal/mol |  -11.55 +/-    0.15 kcal/mol |       6 |  -11.76 kcal/mol
         35 |       938069 |  -11.17 kcal/mol |  -11.53 +/-    0.14 kcal/mol |       8 |  -11.76 kcal/mol
         40 |      1073666 |  -11.26 kcal/mol |  -11.53 +/-    0.13 kcal/mol |       9 |  -11.76 kcal/mol
         45 |      1204817 |  -11.32 kcal/mol |  -11.59 +/-    0.13 kcal/mol |       8 |  -11.76 kcal/mol
------------+--------------+------------------+------------------------------+---------+-------------------

                                   Finished evaluation after reaching
                                  -11.55 +/-    0.14 kcal/mol combined.
                             31 samples, best inter + intra   -11.76 kcal/mol.


Shutdown time 0.000645s

Job #2 took 0.705 sec after waiting 0.021 sec for setup

(Thread 0 is processing Job #2)
(Thread 0 is setting up Job #3)

Running Job #3:
    Device: NVIDIA A100-SXM4-40GB
    Grid map file: ./protein.maps.fld
    Ligand file: ./ligand_3_3.pdbqt
    Output file: docking_result_3.dlg (+ xml)
    Using heuristics: (capped) number of evaluations set to 2068966
    Local-search chosen method is: ADADELTA (ad)

Rest of Setup time 0.304810s

Executing docking runs, stopping automatically after either reaching 0.15 kcal/mol standard deviation of
the best molecules of the last 4 * 5 generations, 42000 generations, or 2068966 evaluations:

Generations |  Evaluations |     Threshold    |  Average energy of best 10%  | Samples | Best Inter + Intra
------------+--------------+------------------+------------------------------+---------+-------------------
          0 |          150 |   -1.28 kcal/mol |   -2.06 +/-    0.28 kcal/mol |      14 |   -2.91 kcal/mol
          5 |       125811 |   -1.76 kcal/mol |   -4.36 +/-    1.23 kcal/mol |     790 |  -10.98 kcal/mol
         10 |       253792 |   -4.33 kcal/mol |   -8.14 +/-    1.05 kcal/mol |      34 |  -10.98 kcal/mol
         15 |       387470 |   -7.68 kcal/mol |  -10.06 +/-    0.49 kcal/mol |       5 |  -10.98 kcal/mol
         20 |       520436 |   -8.59 kcal/mol |  -10.09 +/-    0.53 kcal/mol |      12 |  -11.01 kcal/mol
         25 |       656213 |   -9.43 kcal/mol |  -10.99 +/-    0.01 kcal/mol |       4 |  -11.01 kcal/mol
         30 |       791706 |  -10.42 kcal/mol |  -10.99 +/-    0.02 kcal/mol |       2 |  -11.01 kcal/mol
         35 |       928667 |   -9.87 kcal/mol |  -11.00 +/-    0.02 kcal/mol |       4 |  -11.03 kcal/mol
         40 |      1061937 |  -10.43 kcal/mol |  -10.93 +/-    0.09 kcal/mol |       7 |  -11.04 kcal/mol
         45 |      1194230 |  -10.74 kcal/mol |  -10.96 +/-    0.06 kcal/mol |      14 |  -11.04 kcal/mol
         50 |      1325678 |  -10.80 kcal/mol |  -10.97 +/-    0.04 kcal/mol |      17 |  -11.04 kcal/mol
------------+--------------+------------------+------------------------------+---------+-------------------

                                   Finished evaluation after reaching
                                  -10.97 +/-    0.06 kcal/mol combined.
                             42 samples, best inter + intra   -11.04 kcal/mol.


Shutdown time 0.000655s

Job #3 took 0.675 sec after waiting 0.034 sec for setup

(Thread 0 is processing Job #3)
Run time of entire job set (3 files): 6.535 sec
Savings from multithreading: -0.000 sec
Idle time of execution thread: 4.547 sec

All jobs (3) ran without errors.
