AutoDock-GPU version: v1.6-7-ga46ab564d2ac5f1a1523f65239b43505a1c29364-dirty

Using 1 OpenMP threads

Running 8 docking calculations

Cuda device:                              NVIDIA A100-SXM4-40GB
Available memory on device:               39916 MB (total: 40339 MB)

CUDA Setup time 0.232433s
(Thread 0 is setting up Job #1)

Running Job #1:
    Device: NVIDIA A100-SXM4-40GB
    Grid map file: ./protein.maps.fld
    Ligand file: ./ligand_1_1.pdbqt
    Output file: docking_result_1.dlg (+ xml)
    Using heuristics: (capped) number of evaluations set to 2280181
    Local-search chosen method is: ADADELTA (ad)

Rest of Setup time 0.306441s

Executing docking runs, stopping automatically after either reaching 0.15 kcal/mol standard deviation of
the best molecules of the last 4 * 5 generations, 42000 generations, or 2280181 evaluations:

Generations |  Evaluations |     Threshold    |  Average energy of best 10%  | Samples | Best Inter + Intra
------------+--------------+------------------+------------------------------+---------+-------------------
          0 |          150 |   -2.17 kcal/mol |   -2.66 +/-    0.19 kcal/mol |       6 |   -2.97 kcal/mol
          5 |       128842 |   -2.17 kcal/mol |   -5.35 +/-    1.56 kcal/mol |     912 |  -11.97 kcal/mol
         10 |       256630 |   -5.33 kcal/mol |   -9.55 +/-    1.10 kcal/mol |      42 |  -12.24 kcal/mol
         15 |       386860 |   -9.16 kcal/mol |  -12.22 +/-    0.39 kcal/mol |      12 |  -12.68 kcal/mol
         20 |       515791 |  -11.73 kcal/mol |  -12.53 +/-    0.15 kcal/mol |       9 |  -12.80 kcal/mol
         25 |       645446 |  -12.28 kcal/mol |  -12.70 +/-    0.06 kcal/mol |       5 |  -12.80 kcal/mol
         30 |       774171 |  -12.25 kcal/mol |  -12.53 +/-    0.17 kcal/mol |      15 |  -12.81 kcal/mol
         35 |       901162 |  -12.36 kcal/mol |  -12.60 +/-    0.15 kcal/mol |      13 |  -12.81 kcal/mol
         40 |      1030655 |  -12.43 kcal/mol |  -12.74 +/-    0.13 kcal/mol |      15 |  -12.94 kcal/mol
         45 |      1156814 |  -12.62 kcal/mol |  -12.79 +/-    0.17 kcal/mol |       9 |  -13.11 kcal/mol
         50 |      1284281 |  -12.51 kcal/mol |  -12.67 +/-    0.15 kcal/mol |      18 |  -13.11 kcal/mol
         55 |      1412629 |  -12.55 kcal/mol |  -12.84 +/-    0.18 kcal/mol |      11 |  -13.12 kcal/mol
         60 |      1536801 |  -12.60 kcal/mol |  -12.77 +/-    0.15 kcal/mol |      11 |  -13.12 kcal/mol
         65 |      1665159 |  -12.57 kcal/mol |  -12.71 +/-    0.14 kcal/mol |      18 |  -13.12 kcal/mol
         70 |      1791729 |  -12.59 kcal/mol |  -12.77 +/-    0.15 kcal/mol |      26 |  -13.12 kcal/mol
         75 |      1918306 |  -12.69 kcal/mol |  -12.82 +/-    0.13 kcal/mol |      17 |  -13.12 kcal/mol
------------+--------------+------------------+------------------------------+---------+-------------------

                                   Finished evaluation after reaching
                                  -12.77 +/-    0.15 kcal/mol combined.
                             72 samples, best inter + intra   -13.12 kcal/mol.


Shutdown time 0.000637s

Job #1 took 0.980 sec after waiting 4.458 sec for setup

(Thread 0 is processing Job #1)
(Thread 0 is setting up Job #2)

Running Job #2:
    Device: NVIDIA A100-SXM4-40GB
    Grid map file: ./protein.maps.fld
    Ligand file: ./ligand_2_2.pdbqt
    Output file: docking_result_2.dlg (+ xml)
    Using heuristics: (capped) number of evaluations set to 2068966
    Local-search chosen method is: ADADELTA (ad)

Rest of Setup time 0.305935s

Executing docking runs, stopping automatically after either reaching 0.15 kcal/mol standard deviation of
the best molecules of the last 4 * 5 generations, 42000 generations, or 2068966 evaluations:

Generations |  Evaluations |     Threshold    |  Average energy of best 10%  | Samples | Best Inter + Intra
------------+--------------+------------------+------------------------------+---------+-------------------
          0 |          150 |   -1.99 kcal/mol |   -2.85 +/-    0.23 kcal/mol |       4 |   -3.04 kcal/mol
          5 |       142372 |   -1.99 kcal/mol |   -5.10 +/-    1.38 kcal/mol |     983 |  -10.79 kcal/mol
         10 |       281555 |   -5.08 kcal/mol |   -8.97 +/-    0.77 kcal/mol |      51 |  -10.82 kcal/mol
         15 |       418687 |   -8.75 kcal/mol |  -10.61 +/-    0.20 kcal/mol |       8 |  -10.83 kcal/mol
         20 |       552918 |  -10.23 kcal/mol |  -11.13 +/-    0.24 kcal/mol |       7 |  -11.41 kcal/mol
         25 |       686227 |  -10.62 kcal/mol |  -11.11 +/-    0.16 kcal/mol |      12 |  -11.42 kcal/mol
         30 |       820384 |  -10.90 kcal/mol |  -11.17 +/-    0.15 kcal/mol |       9 |  -11.42 kcal/mol
         35 |       952328 |  -10.91 kcal/mol |  -11.13 +/-    0.15 kcal/mol |      11 |  -11.42 kcal/mol
         40 |      1084732 |  -10.92 kcal/mol |  -11.19 +/-    0.14 kcal/mol |      17 |  -11.42 kcal/mol
         45 |      1212706 |  -11.07 kcal/mol |  -11.26 +/-    0.10 kcal/mol |      20 |  -11.42 kcal/mol
------------+--------------+------------------+------------------------------+---------+-------------------

                                   Finished evaluation after reaching
                                  -11.20 +/-    0.14 kcal/mol combined.
                             57 samples, best inter + intra   -11.42 kcal/mol.


Shutdown time 0.000588s

Job #2 took 0.620 sec after waiting 0.029 sec for setup

(Thread 0 is processing Job #2)
(Thread 0 is setting up Job #3)

Running Job #3:
    Device: NVIDIA A100-SXM4-40GB
    Grid map file: ./protein.maps.fld
    Ligand file: ./ligand_3_3.pdbqt
    Output file: docking_result_3.dlg (+ xml)
    Using heuristics: (capped) number of evaluations set to 2068966
    Local-search chosen method is: ADADELTA (ad)

Rest of Setup time 0.305778s

Executing docking runs, stopping automatically after either reaching 0.15 kcal/mol standard deviation of
the best molecules of the last 4 * 5 generations, 42000 generations, or 2068966 evaluations:

Generations |  Evaluations |     Threshold    |  Average energy of best 10%  | Samples | Best Inter + Intra
------------+--------------+------------------+------------------------------+---------+-------------------
          0 |          150 |   -1.56 kcal/mol |   -1.72 +/-    0.13 kcal/mol |      12 |   -2.00 kcal/mol
          5 |       131063 |   -1.56 kcal/mol |   -4.13 +/-    1.26 kcal/mol |     896 |   -9.12 kcal/mol
         10 |       258571 |   -4.11 kcal/mol |   -7.75 +/-    0.78 kcal/mol |      66 |   -9.61 kcal/mol
         15 |       385441 |   -7.57 kcal/mol |   -9.64 +/-    0.19 kcal/mol |      11 |   -9.90 kcal/mol
         20 |       510487 |   -9.38 kcal/mol |   -9.82 +/-    0.14 kcal/mol |       8 |  -10.04 kcal/mol
         25 |       639192 |   -9.55 kcal/mol |   -9.94 +/-    0.08 kcal/mol |       9 |  -10.06 kcal/mol
         30 |       768027 |   -9.81 kcal/mol |  -10.00 +/-    0.08 kcal/mol |      10 |  -10.06 kcal/mol
         35 |       894858 |   -9.88 kcal/mol |  -10.01 +/-    0.09 kcal/mol |       9 |  -10.21 kcal/mol
         40 |      1021914 |   -9.86 kcal/mol |  -10.02 +/-    0.11 kcal/mol |       9 |  -10.21 kcal/mol
         45 |      1146631 |   -9.84 kcal/mol |  -10.05 +/-    0.10 kcal/mol |      18 |  -10.21 kcal/mol
         50 |      1269808 |   -9.97 kcal/mol |  -10.06 +/-    0.07 kcal/mol |      14 |  -10.21 kcal/mol
------------+--------------+------------------+------------------------------+---------+-------------------

                                   Finished evaluation after reaching
                                  -10.04 +/-    0.10 kcal/mol combined.
                             50 samples, best inter + intra   -10.21 kcal/mol.


Shutdown time 0.000648s

Job #3 took 0.633 sec after waiting 0.023 sec for setup

(Thread 0 is processing Job #3)
(Thread 0 is setting up Job #4)

Running Job #4:
    Device: NVIDIA A100-SXM4-40GB
    Grid map file: ./protein.maps.fld
    Ligand file: ./ligand_4_4.pdbqt
    Output file: docking_result_4.dlg (+ xml)
    Using heuristics: (capped) number of evaluations set to 2280181
    Local-search chosen method is: ADADELTA (ad)

Rest of Setup time 0.305476s

Executing docking runs, stopping automatically after either reaching 0.15 kcal/mol standard deviation of
the best molecules of the last 4 * 5 generations, 42000 generations, or 2280181 evaluations:

Generations |  Evaluations |     Threshold    |  Average energy of best 10%  | Samples | Best Inter + Intra
------------+--------------+------------------+------------------------------+---------+-------------------
          0 |          150 |   -1.91 kcal/mol |   -2.49 +/-    0.15 kcal/mol |       4 |   -2.69 kcal/mol
          5 |       137342 |   -1.91 kcal/mol |   -4.90 +/-    1.56 kcal/mol |     945 |  -11.14 kcal/mol
         10 |       266372 |   -4.87 kcal/mol |   -9.44 +/-    0.94 kcal/mol |      60 |  -11.14 kcal/mol
         15 |       394938 |   -9.21 kcal/mol |  -11.38 +/-    0.37 kcal/mol |       4 |  -12.01 kcal/mol
         20 |       524792 |  -10.00 kcal/mol |  -11.47 +/-    0.45 kcal/mol |      12 |  -12.07 kcal/mol
         25 |       654238 |  -10.90 kcal/mol |  -11.92 +/-    0.26 kcal/mol |       4 |  -12.09 kcal/mol
         30 |       784467 |  -10.96 kcal/mol |  -12.02 +/-    0.17 kcal/mol |       7 |  -12.10 kcal/mol
         35 |       913942 |  -11.65 kcal/mol |  -12.11 +/-    0.05 kcal/mol |       7 |  -12.16 kcal/mol
         40 |      1041997 |  -11.79 kcal/mol |  -12.13 +/-    0.03 kcal/mol |       7 |  -12.17 kcal/mol
         45 |      1167130 |  -11.81 kcal/mol |  -12.07 +/-    0.08 kcal/mol |       8 |  -12.17 kcal/mol
         50 |      1290291 |  -11.92 kcal/mol |  -12.07 +/-    0.08 kcal/mol |       8 |  -12.17 kcal/mol
         55 |      1414203 |  -11.92 kcal/mol |  -12.09 +/-    0.06 kcal/mol |       9 |  -12.17 kcal/mol
------------+--------------+------------------+------------------------------+---------+-------------------

                                   Finished evaluation after reaching
                                  -12.09 +/-    0.07 kcal/mol combined.
                             32 samples, best inter + intra   -12.17 kcal/mol.


Shutdown time 0.000607s

Job #4 took 0.703 sec after waiting 0.021 sec for setup

(Thread 0 is processing Job #4)
(Thread 0 is setting up Job #5)

Running Job #5:
    Device: NVIDIA A100-SXM4-40GB
    Grid map file: ./protein.maps.fld
    Ligand file: ./ligand_5_5.pdbqt
    Output file: docking_result_5.dlg (+ xml)
    Using heuristics: (capped) number of evaluations set to 2845257
    Overriding heuristics, setting number of evaluations to --nev = 2500000 instead.
    Local-search chosen method is: ADADELTA (ad)

Rest of Setup time 0.305991s

Executing docking runs, stopping automatically after either reaching 0.15 kcal/mol standard deviation of
the best molecules of the last 4 * 5 generations, 42000 generations, or 2500000 evaluations:

Generations |  Evaluations |     Threshold    |  Average energy of best 10%  | Samples | Best Inter + Intra
------------+--------------+------------------+------------------------------+---------+-------------------
          0 |          150 |   -0.47 kcal/mol |   -2.29 +/-    0.56 kcal/mol |      16 |   -4.17 kcal/mol
          5 |       127198 |   -1.76 kcal/mol |   -5.37 +/-    1.56 kcal/mol |     909 |  -12.06 kcal/mol
         10 |       251008 |   -5.35 kcal/mol |   -9.76 +/-    0.98 kcal/mol |      43 |  -12.86 kcal/mol
         15 |       376663 |   -9.42 kcal/mol |  -12.23 +/-    0.58 kcal/mol |       7 |  -12.93 kcal/mol
         20 |       502018 |  -10.99 kcal/mol |  -12.63 +/-    0.31 kcal/mol |       6 |  -12.93 kcal/mol
         25 |       626228 |  -11.86 kcal/mol |  -12.84 +/-    0.12 kcal/mol |       5 |  -12.95 kcal/mol
         30 |       750291 |  -12.48 kcal/mol |  -12.72 +/-    0.17 kcal/mol |      11 |  -12.95 kcal/mol
         35 |       874730 |  -12.49 kcal/mol |  -12.92 +/-    0.16 kcal/mol |       8 |  -13.13 kcal/mol
         40 |       998092 |  -12.61 kcal/mol |  -12.88 +/-    0.17 kcal/mol |      16 |  -13.16 kcal/mol
         45 |      1119480 |  -12.72 kcal/mol |  -13.00 +/-    0.11 kcal/mol |      18 |  -13.16 kcal/mol
         50 |      1241916 |  -12.90 kcal/mol |  -13.04 +/-    0.11 kcal/mol |      15 |  -13.29 kcal/mol
         55 |      1364877 |  -12.93 kcal/mol |  -13.12 +/-    0.07 kcal/mol |      13 |  -13.32 kcal/mol
         60 |      1484445 |  -12.95 kcal/mol |  -13.16 +/-    0.11 kcal/mol |      12 |  -13.32 kcal/mol
         65 |      1607332 |  -13.03 kcal/mol |  -13.15 +/-    0.10 kcal/mol |       9 |  -13.32 kcal/mol
         70 |      1728442 |  -12.99 kcal/mol |  -13.11 +/-    0.09 kcal/mol |      10 |  -13.32 kcal/mol
------------+--------------+------------------+------------------------------+---------+-------------------

                                   Finished evaluation after reaching
                                  -13.14 +/-    0.09 kcal/mol combined.
                             44 samples, best inter + intra   -13.32 kcal/mol.


Shutdown time 0.000627s

Job #5 took 0.897 sec after waiting 0.025 sec for setup

(Thread 0 is processing Job #5)
(Thread 0 is setting up Job #6)

Running Job #6:
    Device: NVIDIA A100-SXM4-40GB
    Grid map file: ./protein.maps.fld
    Ligand file: ./ligand_6_6.pdbqt
    Output file: docking_result_6.dlg (+ xml)
    Using heuristics: (capped) number of evaluations set to 2068966
    Local-search chosen method is: ADADELTA (ad)

Rest of Setup time 0.304795s

Executing docking runs, stopping automatically after either reaching 0.15 kcal/mol standard deviation of
the best molecules of the last 4 * 5 generations, 42000 generations, or 2068966 evaluations:

Generations |  Evaluations |     Threshold    |  Average energy of best 10%  | Samples | Best Inter + Intra
------------+--------------+------------------+------------------------------+---------+-------------------
          0 |          150 |   -1.68 kcal/mol |   -2.58 +/-    0.32 kcal/mol |       7 |   -3.19 kcal/mol
          5 |       135498 |   -1.91 kcal/mol |   -4.72 +/-    1.21 kcal/mol |     870 |   -8.81 kcal/mol
         10 |       266372 |   -4.70 kcal/mol |   -8.03 +/-    0.71 kcal/mol |      67 |   -9.74 kcal/mol
         15 |       397643 |   -7.87 kcal/mol |   -9.71 +/-    0.28 kcal/mol |      14 |  -10.10 kcal/mol
         20 |       525628 |   -9.41 kcal/mol |  -10.45 +/-    0.43 kcal/mol |      11 |  -11.35 kcal/mol
         25 |       654880 |   -9.86 kcal/mol |  -11.26 +/-    0.17 kcal/mol |       5 |  -11.37 kcal/mol
         30 |       785578 |  -10.75 kcal/mol |  -11.38 +/-    0.10 kcal/mol |       8 |  -11.52 kcal/mol
         35 |       913662 |  -11.20 kcal/mol |  -11.39 +/-    0.12 kcal/mol |       5 |  -11.52 kcal/mol
         40 |      1039044 |  -11.03 kcal/mol |  -11.39 +/-    0.12 kcal/mol |       5 |  -11.52 kcal/mol
         45 |      1163083 |  -11.02 kcal/mol |  -11.31 +/-    0.14 kcal/mol |       7 |  -11.52 kcal/mol
------------+--------------+------------------+------------------------------+---------+-------------------

                                   Finished evaluation after reaching
                                  -11.36 +/-    0.12 kcal/mol combined.
                             25 samples, best inter + intra   -11.52 kcal/mol.


Shutdown time 0.000599s

Job #6 took 0.620 sec after waiting 0.030 sec for setup

(Thread 0 is processing Job #6)
(Thread 0 is setting up Job #7)

Running Job #7:
    Device: NVIDIA A100-SXM4-40GB
    Grid map file: ./protein.maps.fld
    Ligand file: ./ligand_7_7.pdbqt
    Output file: docking_result_7.dlg (+ xml)
    Using heuristics: (capped) number of evaluations set to 2845257
    Overriding heuristics, setting number of evaluations to --nev = 2500000 instead.
    Local-search chosen method is: ADADELTA (ad)

Rest of Setup time 0.302792s

Executing docking runs, stopping automatically after either reaching 0.15 kcal/mol standard deviation of
the best molecules of the last 4 * 5 generations, 42000 generations, or 2500000 evaluations:

Generations |  Evaluations |     Threshold    |  Average energy of best 10%  | Samples | Best Inter + Intra
------------+--------------+------------------+------------------------------+---------+-------------------
          0 |          150 |   -1.94 kcal/mol |   -2.96 +/-    0.45 kcal/mol |       4 |   -3.65 kcal/mol
          5 |       129166 |   -1.28 kcal/mol |   -5.33 +/-    1.66 kcal/mol |     945 |  -11.19 kcal/mol
         10 |       257726 |   -5.30 kcal/mol |   -9.95 +/-    0.98 kcal/mol |      55 |  -12.27 kcal/mol
         15 |       384822 |   -9.69 kcal/mol |  -12.16 +/-    0.13 kcal/mol |       9 |  -12.48 kcal/mol
         20 |       510379 |  -11.94 kcal/mol |  -12.35 +/-    0.21 kcal/mol |      12 |  -12.96 kcal/mol
         25 |       635384 |  -12.09 kcal/mol |  -12.82 +/-    0.12 kcal/mol |       6 |  -12.98 kcal/mol
         30 |       763182 |  -12.51 kcal/mol |  -13.05 +/-    0.24 kcal/mol |      12 |  -13.42 kcal/mol
         35 |       889885 |  -12.74 kcal/mol |  -13.07 +/-    0.19 kcal/mol |      13 |  -13.42 kcal/mol
         40 |      1017639 |  -12.85 kcal/mol |  -13.29 +/-    0.13 kcal/mol |       6 |  -13.42 kcal/mol
         45 |      1144407 |  -12.97 kcal/mol |  -13.24 +/-    0.13 kcal/mol |      10 |  -13.42 kcal/mol
         50 |      1270375 |  -13.05 kcal/mol |  -13.23 +/-    0.10 kcal/mol |      13 |  -13.42 kcal/mol
         55 |      1396475 |  -13.12 kcal/mol |  -13.29 +/-    0.11 kcal/mol |      14 |  -13.42 kcal/mol
------------+--------------+------------------+------------------------------+---------+-------------------

                                   Finished evaluation after reaching
                                  -13.26 +/-    0.12 kcal/mol combined.
                             43 samples, best inter + intra   -13.42 kcal/mol.


Shutdown time 0.000611s

Job #7 took 0.783 sec after waiting 0.023 sec for setup

(Thread 0 is processing Job #7)
(Thread 0 is setting up Job #8)

Running Job #8:
    Device: NVIDIA A100-SXM4-40GB
    Grid map file: ./protein.maps.fld
    Ligand file: ./ligand_8_8.pdbqt
    Output file: docking_result_8.dlg (+ xml)
    Using heuristics: (capped) number of evaluations set to 2280181
    Local-search chosen method is: ADADELTA (ad)

Rest of Setup time 0.301158s

Executing docking runs, stopping automatically after either reaching 0.15 kcal/mol standard deviation of
the best molecules of the last 4 * 5 generations, 42000 generations, or 2280181 evaluations:

Generations |  Evaluations |     Threshold    |  Average energy of best 10%  | Samples | Best Inter + Intra
------------+--------------+------------------+------------------------------+---------+-------------------
          0 |          150 |   -1.93 kcal/mol |   -2.13 +/-    0.20 kcal/mol |      15 |   -2.66 kcal/mol
          5 |       130536 |   -1.93 kcal/mol |   -5.24 +/-    1.69 kcal/mol |     916 |  -11.54 kcal/mol
         10 |       257156 |   -5.22 kcal/mol |   -9.97 +/-    0.93 kcal/mol |      48 |  -11.99 kcal/mol
         15 |       382385 |   -9.68 kcal/mol |  -11.89 +/-    0.19 kcal/mol |       7 |  -12.23 kcal/mol
         20 |       508078 |  -11.49 kcal/mol |  -12.09 +/-    0.14 kcal/mol |       7 |  -12.29 kcal/mol
         25 |       631119 |  -11.79 kcal/mol |  -12.12 +/-    0.17 kcal/mol |       7 |  -12.31 kcal/mol
         30 |       756544 |  -11.76 kcal/mol |  -12.10 +/-    0.17 kcal/mol |      17 |  -12.54 kcal/mol
         35 |       881213 |  -11.95 kcal/mol |  -12.47 +/-    0.18 kcal/mol |       8 |  -12.79 kcal/mol
         40 |      1004770 |  -12.13 kcal/mol |  -12.42 +/-    0.21 kcal/mol |      12 |  -12.79 kcal/mol
         45 |      1127517 |  -12.16 kcal/mol |  -12.53 +/-    0.17 kcal/mol |      16 |  -12.79 kcal/mol
         50 |      1248498 |  -12.36 kcal/mol |  -12.63 +/-    0.11 kcal/mol |      21 |  -12.80 kcal/mol
         55 |      1370501 |  -12.55 kcal/mol |  -12.68 +/-    0.11 kcal/mol |      12 |  -12.80 kcal/mol
         60 |      1490113 |  -12.54 kcal/mol |  -12.68 +/-    0.10 kcal/mol |      24 |  -12.89 kcal/mol
         65 |      1610830 |  -12.62 kcal/mol |  -12.77 +/-    0.08 kcal/mol |       8 |  -12.90 kcal/mol
         70 |      1732245 |  -12.62 kcal/mol |  -12.75 +/-    0.07 kcal/mol |      20 |  -12.90 kcal/mol
         75 |      1849152 |  -12.64 kcal/mol |  -12.77 +/-    0.05 kcal/mol |      17 |  -12.90 kcal/mol
------------+--------------+------------------+------------------------------+---------+-------------------

                                   Finished evaluation after reaching
                                  -12.73 +/-    0.09 kcal/mol combined.
                             69 samples, best inter + intra   -12.90 kcal/mol.


Shutdown time 0.000622s

Job #8 took 0.852 sec after waiting 0.031 sec for setup

(Thread 0 is processing Job #8)
Run time of entire job set (8 files): 10.756 sec
Savings from multithreading: -0.001 sec
Idle time of execution thread: 4.666 sec

All jobs (8) ran without errors.
