AutoDock-GPU version: v1.6-7-ga46ab564d2ac5f1a1523f65239b43505a1c29364-dirty

Using 1 OpenMP threads

Running 10 docking calculations

Cuda device:                              NVIDIA A100-SXM4-40GB
Available memory on device:               36750 MB (total: 40339 MB)

CUDA Setup time 0.170145s
(Thread 0 is setting up Job #1)

Running Job #1:
    Device: NVIDIA A100-SXM4-40GB
    Grid map file: ./protein.maps.fld
    Ligand file: ./ligand_1_1.pdbqt
    Output file: docking_result_1.dlg (+ xml)
    Using heuristics: (capped) number of evaluations set to 2068966
    Local-search chosen method is: ADADELTA (ad)

Rest of Setup time 0.321690s

Executing docking runs, stopping automatically after either reaching 0.15 kcal/mol standard deviation of
the best molecules of the last 4 * 5 generations, 42000 generations, or 2068966 evaluations:

Generations |  Evaluations |     Threshold    |  Average energy of best 10%  | Samples | Best Inter + Intra
------------+--------------+------------------+------------------------------+---------+-------------------
          0 |          150 |   -1.45 kcal/mol |   -1.67 +/-    0.18 kcal/mol |      12 |   -2.08 kcal/mol
          5 |       127826 |   -1.45 kcal/mol |   -4.35 +/-    1.45 kcal/mol |     864 |   -9.58 kcal/mol
         10 |       253416 |   -4.33 kcal/mol |   -8.28 +/-    0.82 kcal/mol |      40 |  -10.11 kcal/mol
         15 |       384929 |   -7.97 kcal/mol |  -10.00 +/-    0.13 kcal/mol |       6 |  -10.11 kcal/mol
         20 |       517313 |   -9.67 kcal/mol |   -9.97 +/-    0.13 kcal/mol |       3 |  -10.11 kcal/mol
         25 |       647630 |   -9.35 kcal/mol |   -9.96 +/-    0.12 kcal/mol |       9 |  -10.11 kcal/mol
         30 |       778353 |   -9.76 kcal/mol |  -10.04 +/-    0.08 kcal/mol |       7 |  -10.11 kcal/mol
------------+--------------+------------------+------------------------------+---------+-------------------

                                   Finished evaluation after reaching
                                   -9.99 +/-    0.12 kcal/mol combined.
                             25 samples, best inter + intra   -10.11 kcal/mol.


Shutdown time 0.000655s

Job #1 took 0.739 sec after waiting 4.390 sec for setup

(Thread 0 is processing Job #1)
(Thread 0 is setting up Job #2)

Running Job #2:
    Device: NVIDIA A100-SXM4-40GB
    Grid map file: ./protein.maps.fld
    Ligand file: ./ligand_2_2.pdbqt
    Output file: docking_result_2.dlg (+ xml)
    Using heuristics: (capped) number of evaluations set to 4195460
    Overriding heuristics, setting number of evaluations to --nev = 2500000 instead.
    Warning: The set number of evals is 38.75% of the uncapped heuristics estimate of 6450800 evals.
             This means this docking may not be able to converge. Increasing --heurmax may improve
             convergence but will also increase runtime.
             AutoStop will not stop before 17.33% (433129) of the set number of evaluations.
    Local-search chosen method is: ADADELTA (ad)

Rest of Setup time 0.307171s

Executing docking runs, stopping automatically after either reaching 0.15 kcal/mol standard deviation of
the best molecules of the last 4 * 5 generations, 42000 generations, or 2500000 evaluations:

Generations |  Evaluations |     Threshold    |  Average energy of best 10%  | Samples | Best Inter + Intra
------------+--------------+------------------+------------------------------+---------+-------------------
          0 |          150 |  312.17 kcal/mol |  243.40 +/-   22.92 kcal/mol |       5 |  197.90 kcal/mol
          5 |       118617 |  312.17 kcal/mol |    8.11 +/-   21.91 kcal/mol |    1186 |   -7.91 kcal/mol
         10 |       224584 |    8.38 kcal/mol |   -7.63 +/-    0.37 kcal/mol |       5 |   -8.10 kcal/mol
         15 |       332063 |   -6.52 kcal/mol |   -7.70 +/-    0.27 kcal/mol |       7 |   -8.10 kcal/mol
         20 |       434239 |   -7.12 kcal/mol |   -8.02 +/-    0.23 kcal/mol |       6 |   -8.50 kcal/mol
         25 |       533457 |   -7.44 kcal/mol |   -8.47 +/-    0.60 kcal/mol |       5 |   -9.21 kcal/mol
         30 |       629399 |   -6.66 kcal/mol |   -8.34 +/-    0.55 kcal/mol |       7 |   -9.21 kcal/mol
         35 |       721319 |   -7.17 kcal/mol |   -8.62 +/-    0.59 kcal/mol |       4 |   -9.21 kcal/mol
         40 |       809460 |   -6.39 kcal/mol |   -8.17 +/-    0.51 kcal/mol |      11 |   -9.21 kcal/mol
         45 |       896301 |   -7.47 kcal/mol |   -8.53 +/-    0.52 kcal/mol |       4 |   -9.39 kcal/mol
         50 |       981127 |   -6.57 kcal/mol |   -8.18 +/-    0.45 kcal/mol |      10 |   -9.39 kcal/mol
         55 |      1066122 |   -7.50 kcal/mol |   -8.60 +/-    0.46 kcal/mol |       4 |   -9.39 kcal/mol
         60 |      1150172 |   -6.89 kcal/mol |   -8.52 +/-    0.58 kcal/mol |      12 |   -9.67 kcal/mol
         65 |      1232993 |   -7.80 kcal/mol |   -9.53 +/-    0.25 kcal/mol |       4 |   -9.78 kcal/mol
         70 |      1314715 |   -8.59 kcal/mol |   -9.76 +/-    0.02 kcal/mol |       2 |   -9.78 kcal/mol
         75 |      1396945 |   -8.63 kcal/mol |   -9.45 +/-    0.29 kcal/mol |       5 |   -9.78 kcal/mol
         80 |      1478334 |   -8.58 kcal/mol |   -9.40 +/-    0.50 kcal/mol |       3 |   -9.78 kcal/mol
         85 |      1559764 |   -6.89 kcal/mol |   -8.55 +/-    0.54 kcal/mol |      13 |   -9.78 kcal/mol
         90 |      1642254 |   -7.93 kcal/mol |   -9.57 +/-    0.28 kcal/mol |       6 |   -9.78 kcal/mol
         95 |      1724898 |   -8.88 kcal/mol |   -9.50 +/-    0.29 kcal/mol |       4 |   -9.80 kcal/mol
        100 |      1805788 |   -8.40 kcal/mol |   -9.51 +/-    0.27 kcal/mol |       7 |   -9.98 kcal/mol
        105 |      1884474 |   -8.93 kcal/mol |   -9.98 +/-    0.14 kcal/mol |       4 |  -10.17 kcal/mol
        110 |      1963588 |   -9.47 kcal/mol |   -9.94 +/-    0.19 kcal/mol |       6 |  -10.17 kcal/mol
        115 |      2041989 |   -9.47 kcal/mol |   -9.84 +/-    0.25 kcal/mol |       3 |  -10.17 kcal/mol
        120 |      2121517 |   -8.57 kcal/mol |   -9.80 +/-    0.30 kcal/mol |       6 |  -10.17 kcal/mol
        125 |      2199721 |   -9.04 kcal/mol |   -9.92 +/-    0.26 kcal/mol |       4 |  -10.17 kcal/mol
        130 |      2278670 |   -8.93 kcal/mol |   -9.81 +/-    0.20 kcal/mol |       5 |  -10.17 kcal/mol
        135 |      2359625 |   -9.20 kcal/mol |   -9.71 +/-    0.22 kcal/mol |       7 |  -10.17 kcal/mol
        140 |      2439802 |   -9.24 kcal/mol |   -9.92 +/-    0.16 kcal/mol |       4 |  -10.17 kcal/mol
        144 |      2503456 |   -9.31 kcal/mol |   -9.94 +/-    0.16 kcal/mol |       7 |  -10.17 kcal/mol
------------+--------------+------------------+------------------------------+---------+-------------------

                                   Finished evaluation after reaching
                       2503456 evaluations. Best inter + intra   -10.17 kcal/mol.


Shutdown time 0.000700s

Job #2 took 2.597 sec after waiting 0.028 sec for setup

(Thread 0 is processing Job #2)
(Thread 0 is setting up Job #3)

Running Job #3:
    Device: NVIDIA A100-SXM4-40GB
    Grid map file: ./protein.maps.fld
    Ligand file: ./ligand_3_3.pdbqt
    Output file: docking_result_3.dlg (+ xml)
    Using heuristics: (capped) number of evaluations set to 5732309
    Overriding heuristics, setting number of evaluations to --nev = 2500000 instead.
    Warning: The set number of evals is 22.78% of the uncapped heuristics estimate of 10974965 evals.
             This means this docking may not be able to converge. Increasing --heurmax may improve
             convergence but will also increase runtime.
             AutoStop will not stop before 40.36% (1009012) of the set number of evaluations.
    Local-search chosen method is: ADADELTA (ad)

Rest of Setup time 0.308805s

Executing docking runs, stopping automatically after either reaching 0.15 kcal/mol standard deviation of
the best molecules of the last 4 * 5 generations, 42000 generations, or 2500000 evaluations:

Generations |  Evaluations |     Threshold    |  Average energy of best 10%  | Samples | Best Inter + Intra
------------+--------------+------------------+------------------------------+---------+-------------------
          0 |          150 |   -1.60 kcal/mol |   -3.06 +/-    0.50 kcal/mol |       6 |   -3.87 kcal/mol
          5 |       135018 |   -1.81 kcal/mol |   -8.88 +/-    1.96 kcal/mol |    1135 |  -14.44 kcal/mol
         10 |       271524 |   -8.85 kcal/mol |  -13.57 +/-    0.70 kcal/mol |      51 |  -15.61 kcal/mol
         15 |       409490 |  -13.37 kcal/mol |  -15.39 +/-    0.64 kcal/mol |      10 |  -16.66 kcal/mol
         20 |       549477 |  -14.42 kcal/mol |  -16.29 +/-    0.64 kcal/mol |       9 |  -17.45 kcal/mol
         25 |       690646 |  -15.22 kcal/mol |  -16.65 +/-    0.71 kcal/mol |       4 |  -17.85 kcal/mol
         30 |       834373 |  -13.99 kcal/mol |  -16.05 +/-    0.67 kcal/mol |      24 |  -18.19 kcal/mol
         35 |       976600 |  -15.63 kcal/mol |  -17.31 +/-    0.54 kcal/mol |       4 |  -18.23 kcal/mol
         40 |      1118210 |  -15.28 kcal/mol |  -16.93 +/-    0.59 kcal/mol |      18 |  -18.23 kcal/mol
         45 |      1258084 |  -16.44 kcal/mol |  -18.07 +/-    0.19 kcal/mol |       9 |  -18.23 kcal/mol
         50 |      1396629 |  -17.75 kcal/mol |  -18.07 +/-    0.14 kcal/mol |       6 |  -18.24 kcal/mol
         55 |      1536493 |  -17.72 kcal/mol |  -18.22 +/-    0.03 kcal/mol |       2 |  -18.24 kcal/mol
         60 |      1675082 |  -17.09 kcal/mol |  -17.90 +/-    0.28 kcal/mol |       5 |  -18.24 kcal/mol
         65 |      1815452 |  -17.05 kcal/mol |  -18.00 +/-    0.22 kcal/mol |       5 |  -18.24 kcal/mol
         70 |      1954191 |  -17.34 kcal/mol |  -18.13 +/-    0.09 kcal/mol |       8 |  -18.24 kcal/mol
         75 |      2093405 |  -17.95 kcal/mol |  -18.17 +/-    0.16 kcal/mol |       5 |  -18.46 kcal/mol
         80 |      2231301 |  -17.69 kcal/mol |  -18.26 +/-    0.18 kcal/mol |       5 |  -18.47 kcal/mol
         85 |      2369666 |  -17.72 kcal/mol |  -18.15 +/-    0.16 kcal/mol |       9 |  -18.47 kcal/mol
         90 |      2506100 |  -17.89 kcal/mol |  -18.17 +/-    0.16 kcal/mol |      13 |  -18.47 kcal/mol
------------+--------------+------------------+------------------------------+---------+-------------------

                                   Finished evaluation after reaching
                       2506100 evaluations. Best inter + intra   -18.47 kcal/mol.


Shutdown time 0.000665s

Job #3 took 1.708 sec after waiting 0.038 sec for setup

(Thread 0 is processing Job #3)
(Thread 0 is setting up Job #4)

Running Job #4:
    Device: NVIDIA A100-SXM4-40GB
    Grid map file: ./protein.maps.fld
    Ligand file: ./ligand_4_4.pdbqt
    Output file: docking_result_4.dlg (+ xml)
    Using heuristics: (capped) number of evaluations set to 4195460
    Overriding heuristics, setting number of evaluations to --nev = 2500000 instead.
    Warning: The set number of evals is 38.75% of the uncapped heuristics estimate of 6450800 evals.
             This means this docking may not be able to converge. Increasing --heurmax may improve
             convergence but will also increase runtime.
             AutoStop will not stop before 17.33% (433129) of the set number of evaluations.
    Local-search chosen method is: ADADELTA (ad)

Rest of Setup time 0.308629s

Executing docking runs, stopping automatically after either reaching 0.15 kcal/mol standard deviation of
the best molecules of the last 4 * 5 generations, 42000 generations, or 2500000 evaluations:

Generations |  Evaluations |     Threshold    |  Average energy of best 10%  | Samples | Best Inter + Intra
------------+--------------+------------------+------------------------------+---------+-------------------
          0 |          150 |   -0.80 kcal/mol |   -2.23 +/-    0.41 kcal/mol |      10 |   -3.33 kcal/mol
          5 |       127452 |   -1.62 kcal/mol |   -5.45 +/-    1.76 kcal/mol |    1065 |  -12.53 kcal/mol
         10 |       255819 |   -5.42 kcal/mol |  -10.01 +/-    1.03 kcal/mol |      44 |  -12.83 kcal/mol
         15 |       388905 |   -9.66 kcal/mol |  -12.29 +/-    0.43 kcal/mol |       9 |  -13.20 kcal/mol
         20 |       521408 |  -11.58 kcal/mol |  -13.17 +/-    0.47 kcal/mol |       5 |  -13.74 kcal/mol
         25 |       654891 |  -11.76 kcal/mol |  -13.52 +/-    0.39 kcal/mol |       4 |  -13.80 kcal/mol
         30 |       789734 |  -12.06 kcal/mol |  -13.48 +/-    0.40 kcal/mol |       9 |  -13.82 kcal/mol
         35 |       925626 |  -12.81 kcal/mol |  -13.66 +/-    0.14 kcal/mol |       7 |  -13.84 kcal/mol
         40 |      1060938 |  -13.36 kcal/mol |  -13.93 +/-    0.24 kcal/mol |       7 |  -14.25 kcal/mol
         45 |      1195446 |  -13.42 kcal/mol |  -14.39 +/-    0.40 kcal/mol |       4 |  -15.05 kcal/mol
         50 |      1330649 |  -12.88 kcal/mol |  -14.29 +/-    0.34 kcal/mol |       7 |  -15.05 kcal/mol
         55 |      1466503 |  -13.55 kcal/mol |  -14.59 +/-    0.20 kcal/mol |       7 |  -15.05 kcal/mol
         60 |      1600295 |  -14.15 kcal/mol |  -14.58 +/-    0.32 kcal/mol |       4 |  -15.05 kcal/mol
         65 |      1737213 |  -13.37 kcal/mol |  -14.48 +/-    0.36 kcal/mol |       5 |  -15.05 kcal/mol
         70 |      1873556 |  -13.41 kcal/mol |  -14.67 +/-    0.22 kcal/mol |       7 |  -15.05 kcal/mol
         75 |      2008982 |  -14.19 kcal/mol |  -14.79 +/-    0.20 kcal/mol |       4 |  -15.05 kcal/mol
         80 |      2145355 |  -14.06 kcal/mol |  -14.79 +/-    0.23 kcal/mol |      11 |  -15.18 kcal/mol
         85 |      2282868 |  -14.48 kcal/mol |  -14.83 +/-    0.20 kcal/mol |      11 |  -15.19 kcal/mol
         90 |      2418590 |  -14.56 kcal/mol |  -14.82 +/-    0.19 kcal/mol |       9 |  -15.24 kcal/mol
         93 |      2500463 |  -14.51 kcal/mol |  -15.14 +/-    0.10 kcal/mol |       4 |  -15.24 kcal/mol
------------+--------------+------------------+------------------------------+---------+-------------------

                                   Finished evaluation after reaching
                       2500463 evaluations. Best inter + intra   -15.24 kcal/mol.


Shutdown time 0.000706s

Job #4 took 1.500 sec after waiting 0.069 sec for setup

(Thread 0 is processing Job #4)
(Thread 0 is setting up Job #5)

Running Job #5:
    Device: NVIDIA A100-SXM4-40GB
    Grid map file: ./protein.maps.fld
    Ligand file: ./ligand_5_5.pdbqt
    Output file: docking_result_5.dlg (+ xml)
    Using heuristics: (capped) number of evaluations set to 3487417
    Overriding heuristics, setting number of evaluations to --nev = 2500000 instead.
    Local-search chosen method is: ADADELTA (ad)

Rest of Setup time 0.305514s

Executing docking runs, stopping automatically after either reaching 0.15 kcal/mol standard deviation of
the best molecules of the last 4 * 5 generations, 42000 generations, or 2500000 evaluations:

Generations |  Evaluations |     Threshold    |  Average energy of best 10%  | Samples | Best Inter + Intra
------------+--------------+------------------+------------------------------+---------+-------------------
          0 |          150 |   -2.13 kcal/mol |   -2.34 +/-    0.15 kcal/mol |      11 |   -2.61 kcal/mol
          5 |       134025 |   -2.13 kcal/mol |   -5.47 +/-    1.68 kcal/mol |     961 |  -10.80 kcal/mol
         10 |       262891 |   -5.45 kcal/mol |   -9.76 +/-    0.75 kcal/mol |      54 |  -11.44 kcal/mol
         15 |       393560 |   -9.55 kcal/mol |  -11.40 +/-    0.15 kcal/mol |       7 |  -11.64 kcal/mol
         20 |       524051 |  -11.08 kcal/mol |  -11.72 +/-    0.25 kcal/mol |      11 |  -12.25 kcal/mol
         25 |       656133 |  -11.38 kcal/mol |  -12.03 +/-    0.26 kcal/mol |       9 |  -12.68 kcal/mol
         30 |       787603 |  -11.60 kcal/mol |  -12.31 +/-    0.25 kcal/mol |       4 |  -12.72 kcal/mol
         35 |       916629 |  -11.38 kcal/mol |  -12.20 +/-    0.30 kcal/mol |      10 |  -12.84 kcal/mol
         40 |      1044635 |  -11.75 kcal/mol |  -12.69 +/-    0.10 kcal/mol |       4 |  -12.84 kcal/mol
         45 |      1171588 |  -12.32 kcal/mol |  -12.88 +/-    0.21 kcal/mol |       7 |  -13.08 kcal/mol
         50 |      1300343 |  -12.44 kcal/mol |  -12.99 +/-    0.07 kcal/mol |       6 |  -13.08 kcal/mol
         55 |      1429819 |  -12.61 kcal/mol |  -13.06 +/-    0.04 kcal/mol |       6 |  -13.08 kcal/mol
         60 |      1552567 |  -12.68 kcal/mol |  -13.03 +/-    0.09 kcal/mol |       5 |  -13.08 kcal/mol
------------+--------------+------------------+------------------------------+---------+-------------------

                                   Finished evaluation after reaching
                                  -12.98 +/-    0.14 kcal/mol combined.
                             24 samples, best inter + intra   -13.08 kcal/mol.


Shutdown time 0.000639s

Job #5 took 0.823 sec after waiting 0.054 sec for setup

(Thread 0 is processing Job #5)
(Thread 0 is setting up Job #6)

Running Job #6:
    Device: NVIDIA A100-SXM4-40GB
    Grid map file: ./protein.maps.fld
    Ligand file: ./ligand_6_6.pdbqt
    Output file: docking_result_6.dlg (+ xml)
    Using heuristics: (capped) number of evaluations set to 2068966
    Local-search chosen method is: ADADELTA (ad)

Rest of Setup time 0.303644s

Executing docking runs, stopping automatically after either reaching 0.15 kcal/mol standard deviation of
the best molecules of the last 4 * 5 generations, 42000 generations, or 2068966 evaluations:

Generations |  Evaluations |     Threshold    |  Average energy of best 10%  | Samples | Best Inter + Intra
------------+--------------+------------------+------------------------------+---------+-------------------
          0 |          150 |   -1.27 kcal/mol |   -2.25 +/-    0.39 kcal/mol |       5 |   -3.02 kcal/mol
          5 |       117499 |   -1.08 kcal/mol |   -4.60 +/-    1.52 kcal/mol |     870 |  -10.15 kcal/mol
         10 |       236032 |   -4.58 kcal/mol |   -8.48 +/-    0.82 kcal/mol |      43 |  -11.00 kcal/mol
         15 |       354770 |   -8.19 kcal/mol |  -10.54 +/-    0.60 kcal/mol |      10 |  -11.94 kcal/mol
         20 |       476560 |   -9.65 kcal/mol |  -11.45 +/-    0.36 kcal/mol |       6 |  -11.94 kcal/mol
         25 |       597464 |  -10.55 kcal/mol |  -11.69 +/-    0.30 kcal/mol |       5 |  -11.95 kcal/mol
         30 |       715967 |  -10.79 kcal/mol |  -11.59 +/-    0.27 kcal/mol |       4 |  -11.96 kcal/mol
         35 |       833484 |  -10.57 kcal/mol |  -11.58 +/-    0.29 kcal/mol |      10 |  -11.96 kcal/mol
         40 |       949704 |  -11.15 kcal/mol |  -11.73 +/-    0.17 kcal/mol |       7 |  -11.99 kcal/mol
         45 |      1066317 |  -11.37 kcal/mol |  -11.90 +/-    0.13 kcal/mol |       6 |  -12.03 kcal/mol
         50 |      1181096 |  -11.58 kcal/mol |  -11.85 +/-    0.15 kcal/mol |       5 |  -12.03 kcal/mol
         55 |      1297889 |  -11.40 kcal/mol |  -11.87 +/-    0.13 kcal/mol |      15 |  -12.03 kcal/mol
         60 |      1413323 |  -11.74 kcal/mol |  -11.96 +/-    0.06 kcal/mol |       8 |  -12.08 kcal/mol
         65 |      1532860 |  -11.68 kcal/mol |  -12.00 +/-    0.06 kcal/mol |       6 |  -12.08 kcal/mol
         70 |      1653200 |  -11.62 kcal/mol |  -11.88 +/-    0.14 kcal/mol |       7 |  -12.08 kcal/mol
         75 |      1774052 |  -11.58 kcal/mol |  -12.00 +/-    0.05 kcal/mol |       4 |  -12.08 kcal/mol
------------+--------------+------------------+------------------------------+---------+-------------------

                                   Finished evaluation after reaching
                                  -11.95 +/-    0.10 kcal/mol combined.
                             25 samples, best inter + intra   -12.08 kcal/mol.


Shutdown time 0.000659s

Job #6 took 0.914 sec after waiting 0.030 sec for setup

(Thread 0 is processing Job #6)
(Thread 0 is setting up Job #7)

Running Job #7:
    Device: NVIDIA A100-SXM4-40GB
    Grid map file: ./protein.maps.fld
    Ligand file: ./ligand_7_7.pdbqt
    Output file: docking_result_7.dlg (+ xml)
    Using heuristics: (capped) number of evaluations set to 2068966
    Local-search chosen method is: ADADELTA (ad)

Rest of Setup time 0.307110s

Executing docking runs, stopping automatically after either reaching 0.15 kcal/mol standard deviation of
the best molecules of the last 4 * 5 generations, 42000 generations, or 2068966 evaluations:

Generations |  Evaluations |     Threshold    |  Average energy of best 10%  | Samples | Best Inter + Intra
------------+--------------+------------------+------------------------------+---------+-------------------
          0 |          150 |   -0.53 kcal/mol |   -1.52 +/-    0.28 kcal/mol |      48 |   -2.88 kcal/mol
          5 |       132326 |   -1.43 kcal/mol |   -4.07 +/-    1.20 kcal/mol |     913 |   -8.62 kcal/mol
         10 |       265895 |   -4.05 kcal/mol |   -7.44 +/-    0.75 kcal/mol |      50 |   -9.21 kcal/mol
         15 |       402451 |   -7.22 kcal/mol |   -9.11 +/-    0.19 kcal/mol |       4 |   -9.21 kcal/mol
         20 |       539777 |   -8.41 kcal/mol |   -8.75 +/-    0.16 kcal/mol |      20 |   -9.21 kcal/mol
         25 |       676200 |   -8.64 kcal/mol |   -9.08 +/-    0.17 kcal/mol |       4 |   -9.21 kcal/mol
         30 |       811805 |   -8.44 kcal/mol |   -9.06 +/-    0.16 kcal/mol |      22 |   -9.21 kcal/mol
         35 |       946804 |   -8.96 kcal/mol |   -9.18 +/-    0.03 kcal/mol |      13 |   -9.21 kcal/mol
         40 |      1081181 |   -9.01 kcal/mol |   -9.16 +/-    0.05 kcal/mol |      17 |   -9.21 kcal/mol
------------+--------------+------------------+------------------------------+---------+-------------------

                                   Finished evaluation after reaching
                                   -9.12 +/-    0.12 kcal/mol combined.
                             56 samples, best inter + intra    -9.21 kcal/mol.


Shutdown time 0.000637s

Job #7 took 0.585 sec after waiting 0.032 sec for setup

(Thread 0 is processing Job #7)
(Thread 0 is setting up Job #8)

Running Job #8:
    Device: NVIDIA A100-SXM4-40GB
    Grid map file: ./protein.maps.fld
    Ligand file: ./ligand_8_8.pdbqt
    Output file: docking_result_8.dlg (+ xml)
    Using heuristics: (capped) number of evaluations set to 2068966
    Local-search chosen method is: ADADELTA (ad)

Rest of Setup time 0.302740s

Executing docking runs, stopping automatically after either reaching 0.15 kcal/mol standard deviation of
the best molecules of the last 4 * 5 generations, 42000 generations, or 2068966 evaluations:

Generations |  Evaluations |     Threshold    |  Average energy of best 10%  | Samples | Best Inter + Intra
------------+--------------+------------------+------------------------------+---------+-------------------
          0 |          150 |   -1.88 kcal/mol |   -2.26 +/-    0.20 kcal/mol |       8 |   -2.65 kcal/mol
          5 |       129918 |   -1.88 kcal/mol |   -4.78 +/-    1.39 kcal/mol |     926 |  -10.94 kcal/mol
         10 |       257300 |   -4.76 kcal/mol |   -8.47 +/-    0.78 kcal/mol |      46 |  -11.01 kcal/mol
         15 |       387204 |   -8.22 kcal/mol |  -10.79 +/-    0.40 kcal/mol |       5 |  -11.10 kcal/mol
         20 |       516199 |   -9.59 kcal/mol |  -10.74 +/-    0.34 kcal/mol |       4 |  -11.11 kcal/mol
         25 |       646602 |   -9.48 kcal/mol |  -10.84 +/-    0.27 kcal/mol |      12 |  -11.31 kcal/mol
         30 |       779533 |  -10.50 kcal/mol |  -11.13 +/-    0.14 kcal/mol |       8 |  -11.31 kcal/mol
         35 |       912087 |  -10.87 kcal/mol |  -11.21 +/-    0.06 kcal/mol |       4 |  -11.31 kcal/mol
         40 |      1044570 |  -10.64 kcal/mol |  -10.99 +/-    0.17 kcal/mol |      12 |  -11.31 kcal/mol
         45 |      1176541 |  -10.77 kcal/mol |  -11.17 +/-    0.13 kcal/mol |      10 |  -11.31 kcal/mol
         50 |      1308592 |  -10.99 kcal/mol |  -11.18 +/-    0.08 kcal/mol |      11 |  -11.31 kcal/mol
         55 |      1442362 |  -11.07 kcal/mol |  -11.27 +/-    0.06 kcal/mol |       7 |  -11.31 kcal/mol
         60 |      1573452 |  -10.95 kcal/mol |  -11.17 +/-    0.10 kcal/mol |      10 |  -11.31 kcal/mol
------------+--------------+------------------+------------------------------+---------+-------------------

                                   Finished evaluation after reaching
                                  -11.19 +/-    0.10 kcal/mol combined.
                             38 samples, best inter + intra   -11.31 kcal/mol.


Shutdown time 0.000648s

Job #8 took 0.816 sec after waiting 0.022 sec for setup

(Thread 0 is processing Job #8)
(Thread 0 is setting up Job #9)

Running Job #9:
    Device: NVIDIA A100-SXM4-40GB
    Grid map file: ./protein.maps.fld
    Ligand file: ./ligand_9_9.pdbqt
    Output file: docking_result_9.dlg (+ xml)
    Using heuristics: (capped) number of evaluations set to 2068966
    Local-search chosen method is: ADADELTA (ad)

Rest of Setup time 0.303538s

Executing docking runs, stopping automatically after either reaching 0.15 kcal/mol standard deviation of
the best molecules of the last 4 * 5 generations, 42000 generations, or 2068966 evaluations:

Generations |  Evaluations |     Threshold    |  Average energy of best 10%  | Samples | Best Inter + Intra
------------+--------------+------------------+------------------------------+---------+-------------------
          0 |          150 |   -1.54 kcal/mol |   -2.44 +/-    0.32 kcal/mol |       8 |   -2.99 kcal/mol
          5 |       121473 |   -1.84 kcal/mol |   -4.89 +/-    1.42 kcal/mol |     910 |  -11.36 kcal/mol
         10 |       242878 |   -4.87 kcal/mol |   -8.68 +/-    0.91 kcal/mol |      52 |  -11.49 kcal/mol
         15 |       369402 |   -8.42 kcal/mol |  -11.14 +/-    0.28 kcal/mol |       4 |  -11.49 kcal/mol
         20 |       496600 |  -10.10 kcal/mol |  -11.26 +/-    0.25 kcal/mol |       6 |  -11.55 kcal/mol
         25 |       623897 |  -10.63 kcal/mol |  -11.42 +/-    0.20 kcal/mol |       8 |  -11.85 kcal/mol
         30 |       752747 |  -11.04 kcal/mol |  -11.66 +/-    0.27 kcal/mol |       5 |  -11.92 kcal/mol
         35 |       880053 |  -10.85 kcal/mol |  -11.84 +/-    0.11 kcal/mol |       5 |  -11.97 kcal/mol
         40 |      1006296 |  -11.52 kcal/mol |  -11.89 +/-    0.08 kcal/mol |       2 |  -11.97 kcal/mol
         45 |      1133708 |  -11.32 kcal/mol |  -11.86 +/-    0.25 kcal/mol |       6 |  -12.26 kcal/mol
         50 |      1258699 |  -11.24 kcal/mol |  -11.88 +/-    0.17 kcal/mol |       8 |  -12.26 kcal/mol
         55 |      1383024 |  -11.57 kcal/mol |  -11.85 +/-    0.17 kcal/mol |      11 |  -12.26 kcal/mol
         60 |      1505565 |  -11.61 kcal/mol |  -12.00 +/-    0.17 kcal/mol |       7 |  -12.29 kcal/mol
         65 |      1630817 |  -11.63 kcal/mol |  -11.83 +/-    0.17 kcal/mol |      12 |  -12.29 kcal/mol
         70 |      1755773 |  -11.61 kcal/mol |  -11.88 +/-    0.15 kcal/mol |      12 |  -12.29 kcal/mol
         75 |      1879850 |  -11.69 kcal/mol |  -11.97 +/-    0.16 kcal/mol |       6 |  -12.29 kcal/mol
         80 |      2003864 |  -11.58 kcal/mol |  -11.96 +/-    0.17 kcal/mol |      10 |  -12.29 kcal/mol
         83 |      2077592 |  -11.70 kcal/mol |  -11.97 +/-    0.20 kcal/mol |      20 |  -12.29 kcal/mol
------------+--------------+------------------+------------------------------+---------+-------------------

                                   Finished evaluation after reaching
                       2077592 evaluations. Best inter + intra   -12.29 kcal/mol.


Shutdown time 0.000655s

Job #9 took 0.899 sec after waiting 0.034 sec for setup

(Thread 0 is processing Job #9)
(Thread 0 is setting up Job #10)

Running Job #10:
    Device: NVIDIA A100-SXM4-40GB
    Grid map file: ./protein.maps.fld
    Ligand file: ./ligand_10_10.pdbqt
    Output file: docking_result_10.dlg (+ xml)
    Using heuristics: (capped) number of evaluations set to 3487417
    Overriding heuristics, setting number of evaluations to --nev = 2500000 instead.
    Local-search chosen method is: ADADELTA (ad)

Rest of Setup time 0.307609s

Executing docking runs, stopping automatically after either reaching 0.15 kcal/mol standard deviation of
the best molecules of the last 4 * 5 generations, 42000 generations, or 2500000 evaluations:

Generations |  Evaluations |     Threshold    |  Average energy of best 10%  | Samples | Best Inter + Intra
------------+--------------+------------------+------------------------------+---------+-------------------
          0 |          150 |   -2.01 kcal/mol |   -2.82 +/-    0.27 kcal/mol |       5 |   -3.35 kcal/mol
          5 |       156959 |   -2.01 kcal/mol |   -6.19 +/-    1.75 kcal/mol |    1298 |  -12.37 kcal/mol
         10 |       307606 |   -6.17 kcal/mol |  -10.54 +/-    0.75 kcal/mol |      34 |  -12.65 kcal/mol
         15 |       458573 |  -10.21 kcal/mol |  -12.22 +/-    0.32 kcal/mol |       8 |  -12.66 kcal/mol
         20 |       609379 |  -11.62 kcal/mol |  -12.44 +/-    0.16 kcal/mol |       5 |  -12.72 kcal/mol
         25 |       757470 |  -11.97 kcal/mol |  -12.63 +/-    0.31 kcal/mol |       6 |  -13.26 kcal/mol
         30 |       904056 |  -11.85 kcal/mol |  -12.82 +/-    0.27 kcal/mol |      10 |  -13.29 kcal/mol
         35 |      1048835 |  -12.42 kcal/mol |  -13.05 +/-    0.11 kcal/mol |       7 |  -13.29 kcal/mol
         40 |      1192683 |  -12.81 kcal/mol |  -13.16 +/-    0.11 kcal/mol |       5 |  -13.29 kcal/mol
         45 |      1335286 |  -12.83 kcal/mol |  -13.09 +/-    0.13 kcal/mol |       7 |  -13.34 kcal/mol
         50 |      1476720 |  -12.81 kcal/mol |  -13.28 +/-    0.13 kcal/mol |       7 |  -13.48 kcal/mol
         55 |      1617022 |  -13.00 kcal/mol |  -13.45 +/-    0.05 kcal/mol |       4 |  -13.48 kcal/mol
         60 |      1754485 |  -12.89 kcal/mol |  -13.35 +/-    0.13 kcal/mol |       6 |  -13.51 kcal/mol
         65 |      1895487 |  -13.04 kcal/mol |  -13.30 +/-    0.17 kcal/mol |       8 |  -13.51 kcal/mol
         70 |      2033978 |  -12.99 kcal/mol |  -13.31 +/-    0.19 kcal/mol |      13 |  -13.63 kcal/mol
         75 |      2169737 |  -13.09 kcal/mol |  -13.50 +/-    0.16 kcal/mol |       9 |  -13.86 kcal/mol
         80 |      2302908 |  -13.23 kcal/mol |  -13.71 +/-    0.20 kcal/mol |       6 |  -13.92 kcal/mol
         85 |      2435568 |  -13.20 kcal/mol |  -13.50 +/-    0.18 kcal/mol |      19 |  -13.93 kcal/mol
         88 |      2514520 |  -13.35 kcal/mol |  -13.83 +/-    0.08 kcal/mol |       8 |  -13.93 kcal/mol
------------+--------------+------------------+------------------------------+---------+-------------------

                                   Finished evaluation after reaching
                       2514520 evaluations. Best inter + intra   -13.93 kcal/mol.


Shutdown time 0.000719s

Job #10 took 1.051 sec after waiting 0.027 sec for setup

(Thread 0 is processing Job #10)
Run time of entire job set (10 files): 16.386 sec
Savings from multithreading: -0.001 sec
Idle time of execution thread: 4.754 sec

All jobs (10) ran without errors.
