AutoDock-GPU version: v1.6-7-ga46ab564d2ac5f1a1523f65239b43505a1c29364-dirty

Using 1 OpenMP threads

Running 4 docking calculations

Cuda device:                              NVIDIA A100-SXM4-40GB
Available memory on device:               39916 MB (total: 40339 MB)

CUDA Setup time 0.234385s
(Thread 0 is setting up Job #1)

Running Job #1:
    Device: NVIDIA A100-SXM4-40GB
    Grid map file: ./protein.maps.fld
    Ligand file: ./ligand_1_1.pdbqt
    Output file: docking_result_1.dlg (+ xml)
    Using heuristics: (capped) number of evaluations set to 7266276
    Overriding heuristics, setting number of evaluations to --nev = 2500000 instead.
    Warning: The set number of evals is 13.57% of the uncapped heuristics estimate of 18420020 evals.
             This means this docking may not be able to converge. Increasing --heurmax may improve
             convergence but will also increase runtime.
             AutoStop will not stop before 66.37% (1659273) of the set number of evaluations.
    Local-search chosen method is: ADADELTA (ad)

Rest of Setup time 0.307758s

Executing docking runs, stopping automatically after either reaching 0.15 kcal/mol standard deviation of
the best molecules of the last 4 * 5 generations, 42000 generations, or 2500000 evaluations:

Generations |  Evaluations |     Threshold    |  Average energy of best 10%  | Samples | Best Inter + Intra
------------+--------------+------------------+------------------------------+---------+-------------------
          0 |          150 |  163.90 kcal/mol |  131.64 +/-    8.60 kcal/mol |       4 |  119.49 kcal/mol
          5 |       118144 |  163.90 kcal/mol |    7.85 +/-   19.91 kcal/mol |    1126 |  -10.35 kcal/mol
         10 |       228304 |    8.12 kcal/mol |  -10.05 +/-    0.34 kcal/mol |       4 |  -10.40 kcal/mol
         15 |       339300 |   -8.76 kcal/mol |  -10.18 +/-    0.43 kcal/mol |       6 |  -10.93 kcal/mol
         20 |       450583 |   -9.10 kcal/mol |  -10.62 +/-    0.31 kcal/mol |       5 |  -11.06 kcal/mol
         25 |       559151 |   -9.68 kcal/mol |  -11.18 +/-    0.90 kcal/mol |       6 |  -12.70 kcal/mol
         30 |       666273 |   -8.93 kcal/mol |  -11.82 +/-    0.67 kcal/mol |       8 |  -12.70 kcal/mol
         35 |       768792 |  -10.57 kcal/mol |  -12.56 +/-    0.57 kcal/mol |       5 |  -13.24 kcal/mol
         40 |       871818 |  -10.86 kcal/mol |  -12.43 +/-    0.57 kcal/mol |       4 |  -13.24 kcal/mol
         45 |       972483 |  -10.30 kcal/mol |  -12.43 +/-    0.57 kcal/mol |       4 |  -13.24 kcal/mol
         50 |      1071682 |  -10.29 kcal/mol |  -12.66 +/-    0.73 kcal/mol |       5 |  -13.73 kcal/mol
         55 |      1168838 |  -10.47 kcal/mol |  -12.63 +/-    0.60 kcal/mol |       7 |  -13.73 kcal/mol
         60 |      1267594 |  -11.35 kcal/mol |  -13.48 +/-    0.36 kcal/mol |       4 |  -13.92 kcal/mol
         65 |      1362879 |  -12.15 kcal/mol |  -13.64 +/-    0.28 kcal/mol |       6 |  -14.16 kcal/mol
         70 |      1456073 |  -12.93 kcal/mol |  -13.92 +/-    0.32 kcal/mol |       5 |  -14.42 kcal/mol
         75 |      1548340 |  -12.96 kcal/mol |  -14.10 +/-    0.28 kcal/mol |       3 |  -14.42 kcal/mol
         80 |      1640399 |  -12.69 kcal/mol |  -14.08 +/-    0.32 kcal/mol |       5 |  -14.57 kcal/mol
         85 |      1733519 |  -13.13 kcal/mol |  -14.26 +/-    0.35 kcal/mol |       4 |  -14.57 kcal/mol
         90 |      1824880 |  -12.95 kcal/mol |  -14.16 +/-    0.27 kcal/mol |       5 |  -14.57 kcal/mol
         95 |      1914794 |  -13.36 kcal/mol |  -14.33 +/-    0.19 kcal/mol |       5 |  -14.57 kcal/mol
        100 |      2005513 |  -13.76 kcal/mol |  -14.40 +/-    0.15 kcal/mol |       4 |  -14.57 kcal/mol
        105 |      2092316 |  -13.83 kcal/mol |  -14.31 +/-    0.21 kcal/mol |       4 |  -14.57 kcal/mol
        110 |      2179596 |  -13.53 kcal/mol |  -14.31 +/-    0.20 kcal/mol |       6 |  -14.57 kcal/mol
        115 |      2264220 |  -13.82 kcal/mol |  -14.31 +/-    0.21 kcal/mol |       4 |  -14.57 kcal/mol
        120 |      2347667 |  -13.53 kcal/mol |  -14.30 +/-    0.19 kcal/mol |       6 |  -14.57 kcal/mol
        125 |      2430644 |  -13.84 kcal/mol |  -14.30 +/-    0.19 kcal/mol |       5 |  -14.57 kcal/mol
        130 |      2511676 |  -13.74 kcal/mol |  -14.33 +/-    0.17 kcal/mol |      10 |  -14.57 kcal/mol
------------+--------------+------------------+------------------------------+---------+-------------------

                                   Finished evaluation after reaching
                       2511676 evaluations. Best inter + intra   -14.57 kcal/mol.


Shutdown time 0.000664s

Job #1 took 1.778 sec after waiting 4.506 sec for setup

(Thread 0 is processing Job #1)
(Thread 0 is setting up Job #2)

Running Job #2:
    Device: NVIDIA A100-SXM4-40GB
    Grid map file: ./protein.maps.fld
    Ligand file: ./ligand_2_2.pdbqt
    Output file: docking_result_2.dlg (+ xml)
    Using heuristics: (capped) number of evaluations set to 7266276
    Overriding heuristics, setting number of evaluations to --nev = 2500000 instead.
    Warning: The set number of evals is 13.57% of the uncapped heuristics estimate of 18420020 evals.
             This means this docking may not be able to converge. Increasing --heurmax may improve
             convergence but will also increase runtime.
             AutoStop will not stop before 66.37% (1659273) of the set number of evaluations.
    Local-search chosen method is: ADADELTA (ad)

Rest of Setup time 0.301869s

Executing docking runs, stopping automatically after either reaching 0.15 kcal/mol standard deviation of
the best molecules of the last 4 * 5 generations, 42000 generations, or 2500000 evaluations:

Generations |  Evaluations |     Threshold    |  Average energy of best 10%  | Samples | Best Inter + Intra
------------+--------------+------------------+------------------------------+---------+-------------------
          0 |          150 |  206.11 kcal/mol |  158.96 +/-   12.57 kcal/mol |       4 |  146.31 kcal/mol
          5 |       118324 |  206.11 kcal/mol |   10.95 +/-   26.09 kcal/mol |    1103 |   -9.34 kcal/mol
         10 |       229902 |   11.31 kcal/mol |  -11.01 +/-    0.71 kcal/mol |       4 |  -12.18 kcal/mol
         15 |       343076 |   -8.34 kcal/mol |  -10.68 +/-    0.71 kcal/mol |       9 |  -12.35 kcal/mol
         20 |       455735 |   -9.50 kcal/mol |  -11.96 +/-    0.47 kcal/mol |       5 |  -12.35 kcal/mol
         25 |       566158 |  -10.55 kcal/mol |  -12.08 +/-    0.30 kcal/mol |       5 |  -12.35 kcal/mol
         30 |       674845 |  -11.19 kcal/mol |  -12.33 +/-    0.19 kcal/mol |       6 |  -12.53 kcal/mol
         35 |       781214 |  -11.86 kcal/mol |  -12.49 +/-    0.25 kcal/mol |       5 |  -12.97 kcal/mol
         40 |       886260 |  -11.73 kcal/mol |  -12.48 +/-    0.24 kcal/mol |       6 |  -12.97 kcal/mol
         45 |       987107 |  -11.89 kcal/mol |  -12.46 +/-    0.22 kcal/mol |       8 |  -12.97 kcal/mol
         50 |      1088323 |  -12.05 kcal/mol |  -12.60 +/-    0.23 kcal/mol |       4 |  -12.97 kcal/mol
         55 |      1186909 |  -11.74 kcal/mol |  -12.51 +/-    0.22 kcal/mol |       7 |  -12.97 kcal/mol
         60 |      1282796 |  -12.05 kcal/mol |  -12.67 +/-    0.24 kcal/mol |       4 |  -12.97 kcal/mol
         65 |      1380035 |  -11.75 kcal/mol |  -12.69 +/-    0.32 kcal/mol |       6 |  -13.06 kcal/mol
         70 |      1474577 |  -11.89 kcal/mol |  -12.92 +/-    0.17 kcal/mol |       4 |  -13.09 kcal/mol
         75 |      1566688 |  -12.30 kcal/mol |  -13.12 +/-    0.21 kcal/mol |       4 |  -13.40 kcal/mol
         80 |      1659338 |  -12.34 kcal/mol |  -13.04 +/-    0.20 kcal/mol |       6 |  -13.40 kcal/mol
         85 |      1751416 |  -12.53 kcal/mol |  -13.32 +/-    0.32 kcal/mol |       5 |  -13.81 kcal/mol
         90 |      1841148 |  -12.37 kcal/mol |  -13.80 +/-    0.23 kcal/mol |       4 |  -13.93 kcal/mol
         95 |      1929540 |  -12.93 kcal/mol |  -13.49 +/-    0.21 kcal/mol |       6 |  -13.93 kcal/mol
        100 |      2018939 |  -12.97 kcal/mol |  -13.63 +/-    0.20 kcal/mol |       4 |  -13.93 kcal/mol
        105 |      2107309 |  -12.88 kcal/mol |  -13.63 +/-    0.18 kcal/mol |       5 |  -13.93 kcal/mol
        110 |      2196333 |  -13.09 kcal/mol |  -13.74 +/-    0.17 kcal/mol |       5 |  -13.93 kcal/mol
        115 |      2286938 |  -13.23 kcal/mol |  -13.63 +/-    0.18 kcal/mol |       5 |  -13.93 kcal/mol
        120 |      2375771 |  -13.09 kcal/mol |  -13.71 +/-    0.15 kcal/mol |       7 |  -13.93 kcal/mol
        125 |      2464834 |  -13.40 kcal/mol |  -13.63 +/-    0.18 kcal/mol |       5 |  -13.93 kcal/mol
        128 |      2517316 |  -13.09 kcal/mol |  -13.66 +/-    0.16 kcal/mol |      11 |  -13.93 kcal/mol
------------+--------------+------------------+------------------------------+---------+-------------------

                                   Finished evaluation after reaching
                       2517316 evaluations. Best inter + intra   -13.93 kcal/mol.


Shutdown time 0.000687s

Job #2 took 1.807 sec after waiting 0.059 sec for setup

(Thread 0 is processing Job #2)
(Thread 0 is setting up Job #3)

Running Job #3:
    Device: NVIDIA A100-SXM4-40GB
    Grid map file: ./protein.maps.fld
    Ligand file: ./ligand_3_3.pdbqt
    Output file: docking_result_3.dlg (+ xml)
    Using heuristics: (capped) number of evaluations set to 7266276
    Overriding heuristics, setting number of evaluations to --nev = 2500000 instead.
    Warning: The set number of evals is 13.57% of the uncapped heuristics estimate of 18420020 evals.
             This means this docking may not be able to converge. Increasing --heurmax may improve
             convergence but will also increase runtime.
             AutoStop will not stop before 66.37% (1659273) of the set number of evaluations.
    Local-search chosen method is: ADADELTA (ad)

Rest of Setup time 0.305879s

Executing docking runs, stopping automatically after either reaching 0.15 kcal/mol standard deviation of
the best molecules of the last 4 * 5 generations, 42000 generations, or 2500000 evaluations:

Generations |  Evaluations |     Threshold    |  Average energy of best 10%  | Samples | Best Inter + Intra
------------+--------------+------------------+------------------------------+---------+-------------------
          0 |          150 |  206.11 kcal/mol |  158.96 +/-   12.57 kcal/mol |       4 |  146.31 kcal/mol
          5 |       118349 |  206.11 kcal/mol |   11.04 +/-   25.95 kcal/mol |    1103 |   -9.34 kcal/mol
         10 |       230436 |   11.39 kcal/mol |  -10.37 +/-    0.21 kcal/mol |       5 |  -10.65 kcal/mol
         15 |       343292 |   -9.73 kcal/mol |  -11.14 +/-    0.61 kcal/mol |       7 |  -11.80 kcal/mol
         20 |       456226 |   -9.82 kcal/mol |  -12.44 +/-    1.04 kcal/mol |       9 |  -14.29 kcal/mol
         25 |       565469 |  -10.70 kcal/mol |  -12.72 +/-    1.10 kcal/mol |       4 |  -14.60 kcal/mol
         30 |       671715 |   -8.61 kcal/mol |  -11.98 +/-    1.29 kcal/mol |      13 |  -14.60 kcal/mol
         35 |       774587 |  -10.50 kcal/mol |  -13.34 +/-    0.99 kcal/mol |       4 |  -14.60 kcal/mol
         40 |       875454 |   -9.64 kcal/mol |  -12.87 +/-    0.77 kcal/mol |      11 |  -14.60 kcal/mol
         45 |       972935 |  -11.81 kcal/mol |  -14.27 +/-    0.28 kcal/mol |       5 |  -14.60 kcal/mol
         50 |      1069842 |  -13.43 kcal/mol |  -14.25 +/-    0.26 kcal/mol |       3 |  -14.60 kcal/mol
         55 |      1166440 |  -12.95 kcal/mol |  -14.41 +/-    0.25 kcal/mol |       6 |  -14.60 kcal/mol
         60 |      1262634 |  -13.79 kcal/mol |  -14.25 +/-    0.26 kcal/mol |       3 |  -14.60 kcal/mol
         65 |      1357433 |  -12.95 kcal/mol |  -14.34 +/-    0.26 kcal/mol |       3 |  -14.60 kcal/mol
         70 |      1448297 |  -13.06 kcal/mol |  -14.36 +/-    0.23 kcal/mol |       4 |  -14.60 kcal/mol
         75 |      1541236 |  -13.52 kcal/mol |  -14.33 +/-    0.58 kcal/mol |       4 |  -15.12 kcal/mol
         80 |      1635170 |  -12.17 kcal/mol |  -14.21 +/-    0.75 kcal/mol |       4 |  -15.12 kcal/mol
         85 |      1729298 |  -11.40 kcal/mol |  -14.17 +/-    0.73 kcal/mol |       8 |  -15.12 kcal/mol
         90 |      1821919 |  -12.80 kcal/mol |  -14.53 +/-    0.40 kcal/mol |       4 |  -15.12 kcal/mol
         95 |      1915025 |  -13.02 kcal/mol |  -14.49 +/-    0.33 kcal/mol |       6 |  -15.12 kcal/mol
        100 |      2007779 |  -13.65 kcal/mol |  -14.79 +/-    0.28 kcal/mol |       5 |  -15.12 kcal/mol
        105 |      2096561 |  -13.94 kcal/mol |  -14.78 +/-    0.20 kcal/mol |       4 |  -15.12 kcal/mol
        110 |      2183341 |  -14.02 kcal/mol |  -14.75 +/-    0.22 kcal/mol |       4 |  -15.12 kcal/mol
        115 |      2270213 |  -13.92 kcal/mol |  -14.69 +/-    0.30 kcal/mol |       4 |  -15.12 kcal/mol
        120 |      2355312 |  -13.55 kcal/mol |  -14.77 +/-    0.21 kcal/mol |       4 |  -15.12 kcal/mol
        125 |      2441867 |  -13.99 kcal/mol |  -14.68 +/-    0.24 kcal/mol |       5 |  -15.12 kcal/mol
        129 |      2509700 |  -13.96 kcal/mol |  -14.71 +/-    0.23 kcal/mol |      10 |  -15.12 kcal/mol
------------+--------------+------------------+------------------------------+---------+-------------------

                                   Finished evaluation after reaching
                       2509700 evaluations. Best inter + intra   -15.12 kcal/mol.


Shutdown time 0.000645s

Job #3 took 1.817 sec after waiting 0.062 sec for setup

(Thread 0 is processing Job #3)
(Thread 0 is setting up Job #4)

Running Job #4:
    Device: NVIDIA A100-SXM4-40GB
    Grid map file: ./protein.maps.fld
    Ligand file: ./ligand_4_4.pdbqt
    Output file: docking_result_4.dlg (+ xml)
    Using heuristics: (capped) number of evaluations set to 7266276
    Overriding heuristics, setting number of evaluations to --nev = 2500000 instead.
    Warning: The set number of evals is 13.57% of the uncapped heuristics estimate of 18420020 evals.
             This means this docking may not be able to converge. Increasing --heurmax may improve
             convergence but will also increase runtime.
             AutoStop will not stop before 66.37% (1659273) of the set number of evaluations.
    Local-search chosen method is: ADADELTA (ad)

Rest of Setup time 0.305024s

Executing docking runs, stopping automatically after either reaching 0.15 kcal/mol standard deviation of
the best molecules of the last 4 * 5 generations, 42000 generations, or 2500000 evaluations:

Generations |  Evaluations |     Threshold    |  Average energy of best 10%  | Samples | Best Inter + Intra
------------+--------------+------------------+------------------------------+---------+-------------------
          0 |          150 |  268.71 kcal/mol |  164.24 +/-   28.09 kcal/mol |       4 |  123.20 kcal/mol
          5 |       117925 |  269.59 kcal/mol |   11.28 +/-   27.86 kcal/mol |    1089 |   -9.58 kcal/mol
         10 |       225605 |   11.67 kcal/mol |   -9.99 +/-    0.07 kcal/mol |       4 |  -10.12 kcal/mol
         15 |       336705 |   -9.43 kcal/mol |  -10.07 +/-    0.10 kcal/mol |       5 |  -10.20 kcal/mol
         20 |       448822 |   -9.77 kcal/mol |  -10.08 +/-    0.14 kcal/mol |       6 |  -10.20 kcal/mol
         25 |       557406 |   -9.73 kcal/mol |  -10.45 +/-    0.30 kcal/mol |       7 |  -10.98 kcal/mol
         30 |       663501 |   -9.82 kcal/mol |  -10.89 +/-    0.10 kcal/mol |       5 |  -10.98 kcal/mol
         35 |       764886 |  -10.58 kcal/mol |  -11.25 +/-    0.27 kcal/mol |       5 |  -11.69 kcal/mol
         40 |       867877 |  -10.44 kcal/mol |  -11.39 +/-    0.37 kcal/mol |       7 |  -12.12 kcal/mol
         45 |       969724 |  -10.59 kcal/mol |  -11.95 +/-    0.27 kcal/mol |       4 |  -12.34 kcal/mol
         50 |      1071565 |  -10.93 kcal/mol |  -11.84 +/-    0.42 kcal/mol |       4 |  -12.34 kcal/mol
         55 |      1172770 |  -10.25 kcal/mol |  -12.24 +/-    0.53 kcal/mol |       9 |  -12.93 kcal/mol
         60 |      1272136 |  -11.36 kcal/mol |  -12.65 +/-    0.21 kcal/mol |       4 |  -12.93 kcal/mol
         65 |      1371509 |  -11.86 kcal/mol |  -12.62 +/-    0.20 kcal/mol |       5 |  -12.93 kcal/mol
         70 |      1468149 |  -12.03 kcal/mol |  -13.20 +/-    0.51 kcal/mol |       4 |  -13.66 kcal/mol
         75 |      1565204 |  -11.29 kcal/mol |  -12.89 +/-    0.51 kcal/mol |       4 |  -13.66 kcal/mol
         80 |      1663399 |  -10.99 kcal/mol |  -12.89 +/-    0.64 kcal/mol |      10 |  -13.66 kcal/mol
         85 |      1759930 |  -11.93 kcal/mol |  -13.35 +/-    0.21 kcal/mol |       5 |  -13.71 kcal/mol
         90 |      1854743 |  -12.72 kcal/mol |  -13.43 +/-    0.29 kcal/mol |       4 |  -13.71 kcal/mol
         95 |      1947829 |  -12.33 kcal/mol |  -13.21 +/-    0.28 kcal/mol |       5 |  -13.71 kcal/mol
        100 |      2041060 |  -12.38 kcal/mol |  -13.49 +/-    0.36 kcal/mol |       4 |  -13.95 kcal/mol
        105 |      2131733 |  -12.13 kcal/mol |  -13.30 +/-    0.33 kcal/mol |       8 |  -13.95 kcal/mol
        110 |      2221095 |  -12.68 kcal/mol |  -13.53 +/-    0.31 kcal/mol |       4 |  -13.95 kcal/mol
        115 |      2310396 |  -12.36 kcal/mol |  -13.52 +/-    0.24 kcal/mol |       7 |  -13.95 kcal/mol
        120 |      2399218 |  -13.00 kcal/mol |  -13.82 +/-    0.16 kcal/mol |       5 |  -14.07 kcal/mol
        125 |      2486793 |  -13.34 kcal/mol |  -13.83 +/-    0.15 kcal/mol |       5 |  -14.07 kcal/mol
        126 |      2504098 |  -13.38 kcal/mol |  -13.87 +/-    0.15 kcal/mol |       8 |  -14.07 kcal/mol
------------+--------------+------------------+------------------------------+---------+-------------------

                                   Finished evaluation after reaching
                       2504098 evaluations. Best inter + intra   -14.07 kcal/mol.


Shutdown time 0.000635s

Job #4 took 1.804 sec after waiting 0.061 sec for setup

(Thread 0 is processing Job #4)
Run time of entire job set (4 files): 11.955 sec
Savings from multithreading: -0.001 sec
Idle time of execution thread: 4.749 sec

All jobs (4) ran without errors.
