AutoDock-GPU version: v1.6-7-ga46ab564d2ac5f1a1523f65239b43505a1c29364-dirty

Using 1 OpenMP threads

Running 3 docking calculations

Cuda device:                              NVIDIA A100-SXM4-40GB
Available memory on device:               39916 MB (total: 40339 MB)

CUDA Setup time 0.232533s
(Thread 0 is setting up Job #1)

Running Job #1:
    Device: NVIDIA A100-SXM4-40GB
    Grid map file: ./protein.maps.fld
    Ligand file: ./ligand_1_1.pdbqt
    Output file: docking_result_1.dlg (+ xml)
    Using heuristics: (capped) number of evaluations set to 2068966
    Local-search chosen method is: ADADELTA (ad)

Rest of Setup time 0.308537s

Executing docking runs, stopping automatically after either reaching 0.15 kcal/mol standard deviation of
the best molecules of the last 4 * 5 generations, 42000 generations, or 2068966 evaluations:

Generations |  Evaluations |     Threshold    |  Average energy of best 10%  | Samples | Best Inter + Intra
------------+--------------+------------------+------------------------------+---------+-------------------
          0 |          150 |   -0.78 kcal/mol |   -1.77 +/-    0.32 kcal/mol |       7 |   -2.48 kcal/mol
          5 |       137826 |   -1.09 kcal/mol |   -4.67 +/-    1.47 kcal/mol |     935 |  -10.27 kcal/mol
         10 |       271079 |   -4.65 kcal/mol |   -8.75 +/-    1.04 kcal/mol |      37 |  -11.00 kcal/mol
         15 |       404122 |   -8.33 kcal/mol |  -11.50 +/-    0.29 kcal/mol |       5 |  -11.83 kcal/mol
         20 |       541619 |  -10.64 kcal/mol |  -11.54 +/-    0.22 kcal/mol |       5 |  -11.89 kcal/mol
         25 |       677248 |  -10.89 kcal/mol |  -11.59 +/-    0.17 kcal/mol |      10 |  -11.89 kcal/mol
         30 |       813240 |  -11.34 kcal/mol |  -11.91 +/-    0.07 kcal/mol |      10 |  -12.01 kcal/mol
         35 |       950143 |  -11.68 kcal/mol |  -11.95 +/-    0.08 kcal/mol |       4 |  -12.05 kcal/mol
         40 |      1082464 |  -11.65 kcal/mol |  -11.99 +/-    0.13 kcal/mol |       6 |  -12.23 kcal/mol
         45 |      1214395 |  -11.66 kcal/mol |  -12.19 +/-    0.13 kcal/mol |       6 |  -12.33 kcal/mol
         50 |      1347117 |  -11.86 kcal/mol |  -12.04 +/-    0.15 kcal/mol |       6 |  -12.33 kcal/mol
         55 |      1479886 |  -11.67 kcal/mol |  -12.08 +/-    0.16 kcal/mol |       6 |  -12.33 kcal/mol
         60 |      1610558 |  -11.67 kcal/mol |  -11.95 +/-    0.18 kcal/mol |       9 |  -12.33 kcal/mol
         65 |      1742812 |  -11.66 kcal/mol |  -12.09 +/-    0.13 kcal/mol |       5 |  -12.33 kcal/mol
         70 |      1874781 |  -11.70 kcal/mol |  -12.11 +/-    0.17 kcal/mol |      11 |  -12.33 kcal/mol
         75 |      2005184 |  -11.87 kcal/mol |  -12.12 +/-    0.18 kcal/mol |       8 |  -12.34 kcal/mol
         78 |      2082967 |  -11.78 kcal/mol |  -12.14 +/-    0.18 kcal/mol |      22 |  -12.35 kcal/mol
------------+--------------+------------------+------------------------------+---------+-------------------

                                   Finished evaluation after reaching
                       2082967 evaluations. Best inter + intra   -12.35 kcal/mol.


Shutdown time 0.000674s

Job #1 took 0.969 sec after waiting 4.461 sec for setup

(Thread 0 is processing Job #1)
(Thread 0 is setting up Job #2)

Running Job #2:
    Device: NVIDIA A100-SXM4-40GB
    Grid map file: ./protein.maps.fld
    Ligand file: ./ligand_2_2.pdbqt
    Output file: docking_result_2.dlg (+ xml)
    Using heuristics: (capped) number of evaluations set to 2068966
    Local-search chosen method is: ADADELTA (ad)

Rest of Setup time 0.307852s

Executing docking runs, stopping automatically after either reaching 0.15 kcal/mol standard deviation of
the best molecules of the last 4 * 5 generations, 42000 generations, or 2068966 evaluations:

Generations |  Evaluations |     Threshold    |  Average energy of best 10%  | Samples | Best Inter + Intra
------------+--------------+------------------+------------------------------+---------+-------------------
          0 |          150 |   -0.55 kcal/mol |   -1.98 +/-    0.41 kcal/mol |      14 |   -3.32 kcal/mol
          5 |       128667 |   -1.54 kcal/mol |   -4.73 +/-    1.42 kcal/mol |     837 |  -10.85 kcal/mol
         10 |       255956 |   -4.71 kcal/mol |   -8.52 +/-    0.77 kcal/mol |      36 |  -10.85 kcal/mol
         15 |       382982 |   -8.20 kcal/mol |  -10.14 +/-    0.43 kcal/mol |       9 |  -10.85 kcal/mol
         20 |       512491 |   -9.43 kcal/mol |  -11.01 +/-    0.27 kcal/mol |       4 |  -11.33 kcal/mol
         25 |       638552 |  -10.00 kcal/mol |  -11.03 +/-    0.34 kcal/mol |      10 |  -11.71 kcal/mol
         30 |       767742 |  -10.52 kcal/mol |  -11.49 +/-    0.14 kcal/mol |       5 |  -11.71 kcal/mol
         35 |       895879 |  -11.07 kcal/mol |  -11.45 +/-    0.19 kcal/mol |       6 |  -11.80 kcal/mol
         40 |      1024889 |  -10.97 kcal/mol |  -11.30 +/-    0.23 kcal/mol |       7 |  -11.80 kcal/mol
         45 |      1152176 |  -10.81 kcal/mol |  -11.55 +/-    0.20 kcal/mol |       6 |  -11.80 kcal/mol
         50 |      1280446 |  -11.05 kcal/mol |  -11.55 +/-    0.17 kcal/mol |       7 |  -11.80 kcal/mol
         55 |      1409155 |  -11.19 kcal/mol |  -11.65 +/-    0.14 kcal/mol |       9 |  -11.80 kcal/mol
         60 |      1536832 |  -11.41 kcal/mol |  -11.74 +/-    0.07 kcal/mol |       4 |  -11.82 kcal/mol
         65 |      1664085 |  -11.18 kcal/mol |  -11.78 +/-    0.12 kcal/mol |       5 |  -11.91 kcal/mol
         70 |      1790430 |  -11.43 kcal/mol |  -11.81 +/-    0.11 kcal/mol |       7 |  -11.92 kcal/mol
         75 |      1916503 |  -11.58 kcal/mol |  -11.76 +/-    0.10 kcal/mol |       9 |  -11.93 kcal/mol
         80 |      2041887 |  -11.60 kcal/mol |  -11.84 +/-    0.05 kcal/mol |       6 |  -11.93 kcal/mol
         82 |      2090974 |  -11.47 kcal/mol |  -11.81 +/-    0.09 kcal/mol |      19 |  -11.93 kcal/mol
------------+--------------+------------------+------------------------------+---------+-------------------

                                   Finished evaluation after reaching
                       2090974 evaluations. Best inter + intra   -11.93 kcal/mol.


Shutdown time 0.000713s

Job #2 took 0.996 sec after waiting 0.029 sec for setup

(Thread 0 is processing Job #2)
(Thread 0 is setting up Job #3)

Running Job #3:
    Device: NVIDIA A100-SXM4-40GB
    Grid map file: ./protein.maps.fld
    Ligand file: ./ligand_3_3.pdbqt
    Output file: docking_result_3.dlg (+ xml)
    Using heuristics: (capped) number of evaluations set to 2280181
    Local-search chosen method is: ADADELTA (ad)

Rest of Setup time 0.307724s

Executing docking runs, stopping automatically after either reaching 0.15 kcal/mol standard deviation of
the best molecules of the last 4 * 5 generations, 42000 generations, or 2280181 evaluations:

Generations |  Evaluations |     Threshold    |  Average energy of best 10%  | Samples | Best Inter + Intra
------------+--------------+------------------+------------------------------+---------+-------------------
          0 |          150 |   -1.87 kcal/mol |   -3.06 +/-    0.32 kcal/mol |       4 |   -3.57 kcal/mol
          5 |       119505 |   -1.87 kcal/mol |   -5.86 +/-    1.85 kcal/mol |     942 |  -13.00 kcal/mol
         10 |       239861 |   -5.83 kcal/mol |  -10.94 +/-    1.42 kcal/mol |      52 |  -15.05 kcal/mol
         15 |       363770 |  -10.53 kcal/mol |  -14.26 +/-    0.65 kcal/mol |       4 |  -15.15 kcal/mol
         20 |       488592 |  -11.84 kcal/mol |  -14.14 +/-    0.74 kcal/mol |      13 |  -15.59 kcal/mol
         25 |       616896 |  -13.29 kcal/mol |  -15.15 +/-    0.31 kcal/mol |       4 |  -15.66 kcal/mol
         30 |       746921 |  -13.97 kcal/mol |  -15.24 +/-    0.32 kcal/mol |       6 |  -15.66 kcal/mol
         35 |       877807 |  -14.45 kcal/mol |  -15.34 +/-    0.20 kcal/mol |       4 |  -15.66 kcal/mol
         40 |      1008601 |  -14.60 kcal/mol |  -15.34 +/-    0.27 kcal/mol |       5 |  -15.66 kcal/mol
         45 |      1139849 |  -14.53 kcal/mol |  -15.34 +/-    0.22 kcal/mol |       8 |  -15.69 kcal/mol
         50 |      1270494 |  -14.92 kcal/mol |  -15.53 +/-    0.19 kcal/mol |       4 |  -15.72 kcal/mol
         55 |      1401946 |  -14.82 kcal/mol |  -15.52 +/-    0.22 kcal/mol |      10 |  -15.80 kcal/mol
         60 |      1532508 |  -15.19 kcal/mol |  -15.72 +/-    0.15 kcal/mol |       7 |  -16.08 kcal/mol
         65 |      1666175 |  -15.38 kcal/mol |  -15.77 +/-    0.25 kcal/mol |       4 |  -16.18 kcal/mol
         70 |      1797271 |  -14.84 kcal/mol |  -15.85 +/-    0.32 kcal/mol |       5 |  -16.22 kcal/mol
         75 |      1930296 |  -14.89 kcal/mol |  -15.74 +/-    0.31 kcal/mol |       4 |  -16.22 kcal/mol
         80 |      2061052 |  -14.58 kcal/mol |  -15.65 +/-    0.33 kcal/mol |       9 |  -16.22 kcal/mol
         85 |      2194266 |  -15.10 kcal/mol |  -16.11 +/-    0.09 kcal/mol |       4 |  -16.22 kcal/mol
         89 |      2299152 |  -15.79 kcal/mol |  -16.12 +/-    0.07 kcal/mol |      10 |  -16.22 kcal/mol
------------+--------------+------------------+------------------------------+---------+-------------------

                                   Finished evaluation after reaching
                       2299152 evaluations. Best inter + intra   -16.22 kcal/mol.


Shutdown time 0.000641s

Job #3 took 1.402 sec after waiting 0.032 sec for setup

(Thread 0 is processing Job #3)
Run time of entire job set (3 files): 7.944 sec
Savings from multithreading: -0.000 sec
Idle time of execution thread: 4.577 sec

All jobs (3) ran without errors.
