AutoDock-GPU version: v1.6-7-ga46ab564d2ac5f1a1523f65239b43505a1c29364-dirty

Using 1 OpenMP threads

Running 4 docking calculations

Cuda device:                              NVIDIA A100-SXM4-40GB
Available memory on device:               39916 MB (total: 40339 MB)

CUDA Setup time 0.234516s
(Thread 0 is setting up Job #1)

Running Job #1:
    Device: NVIDIA A100-SXM4-40GB
    Grid map file: ./protein.maps.fld
    Ligand file: ./ligand_1_1.pdbqt
    Output file: docking_result_1.dlg (+ xml)
    Using heuristics: (capped) number of evaluations set to 2280181
    Local-search chosen method is: ADADELTA (ad)

Rest of Setup time 0.305835s

Executing docking runs, stopping automatically after either reaching 0.15 kcal/mol standard deviation of
the best molecules of the last 4 * 5 generations, 42000 generations, or 2280181 evaluations:

Generations |  Evaluations |     Threshold    |  Average energy of best 10%  | Samples | Best Inter + Intra
------------+--------------+------------------+------------------------------+---------+-------------------
          0 |          150 |   -2.17 kcal/mol |   -2.88 +/-    0.19 kcal/mol |       4 |   -3.20 kcal/mol
          5 |       126106 |   -2.17 kcal/mol |   -5.23 +/-    1.49 kcal/mol |     866 |  -12.04 kcal/mol
         10 |       252699 |   -5.20 kcal/mol |   -9.54 +/-    1.15 kcal/mol |      58 |  -12.39 kcal/mol
         15 |       381346 |   -9.25 kcal/mol |  -12.13 +/-    0.22 kcal/mol |       9 |  -12.47 kcal/mol
         20 |       508535 |  -11.76 kcal/mol |  -12.16 +/-    0.33 kcal/mol |       4 |  -12.50 kcal/mol
         25 |       633519 |  -10.93 kcal/mol |  -12.09 +/-    0.32 kcal/mol |      14 |  -12.50 kcal/mol
         30 |       759688 |  -11.74 kcal/mol |  -12.49 +/-    0.11 kcal/mol |       7 |  -12.63 kcal/mol
         35 |       883868 |  -12.25 kcal/mol |  -12.58 +/-    0.05 kcal/mol |       4 |  -12.64 kcal/mol
         40 |      1010563 |  -12.01 kcal/mol |  -12.24 +/-    0.17 kcal/mol |      20 |  -12.64 kcal/mol
         45 |      1134167 |  -12.11 kcal/mol |  -12.29 +/-    0.17 kcal/mol |      20 |  -12.64 kcal/mol
         50 |      1258108 |  -12.16 kcal/mol |  -12.37 +/-    0.17 kcal/mol |      22 |  -12.64 kcal/mol
         55 |      1383430 |  -12.25 kcal/mol |  -12.44 +/-    0.14 kcal/mol |      23 |  -12.68 kcal/mol
         60 |      1504003 |  -12.35 kcal/mol |  -12.53 +/-    0.11 kcal/mol |      11 |  -12.68 kcal/mol
         65 |      1626091 |  -12.38 kcal/mol |  -12.57 +/-    0.11 kcal/mol |      16 |  -12.78 kcal/mol
         70 |      1747287 |  -12.47 kcal/mol |  -12.61 +/-    0.11 kcal/mol |      19 |  -12.78 kcal/mol
         75 |      1865836 |  -12.53 kcal/mol |  -12.62 +/-    0.09 kcal/mol |      16 |  -12.78 kcal/mol
         80 |      1985677 |  -12.53 kcal/mol |  -12.67 +/-    0.10 kcal/mol |      19 |  -12.78 kcal/mol
------------+--------------+------------------+------------------------------+---------+-------------------

                                   Finished evaluation after reaching
                                  -12.62 +/-    0.11 kcal/mol combined.
                             70 samples, best inter + intra   -12.78 kcal/mol.


Shutdown time 0.000677s

Job #1 took 0.997 sec after waiting 4.472 sec for setup

(Thread 0 is processing Job #1)
(Thread 0 is setting up Job #2)

Running Job #2:
    Device: NVIDIA A100-SXM4-40GB
    Grid map file: ./protein.maps.fld
    Ligand file: ./ligand_2_2.pdbqt
    Output file: docking_result_2.dlg (+ xml)
    Using heuristics: (capped) number of evaluations set to 2280181
    Local-search chosen method is: ADADELTA (ad)

Rest of Setup time 0.307443s

Executing docking runs, stopping automatically after either reaching 0.15 kcal/mol standard deviation of
the best molecules of the last 4 * 5 generations, 42000 generations, or 2280181 evaluations:

Generations |  Evaluations |     Threshold    |  Average energy of best 10%  | Samples | Best Inter + Intra
------------+--------------+------------------+------------------------------+---------+-------------------
          0 |          150 |   -1.90 kcal/mol |   -2.40 +/-    0.17 kcal/mol |       5 |   -2.58 kcal/mol
          5 |       126001 |   -1.90 kcal/mol |   -5.00 +/-    1.65 kcal/mol |     921 |  -11.36 kcal/mol
         10 |       247938 |   -4.98 kcal/mol |   -9.51 +/-    0.94 kcal/mol |      47 |  -11.69 kcal/mol
         15 |       369797 |   -9.21 kcal/mol |  -11.71 +/-    0.27 kcal/mol |       8 |  -12.22 kcal/mol
         20 |       491038 |  -11.21 kcal/mol |  -12.08 +/-    0.19 kcal/mol |       6 |  -12.27 kcal/mol
         25 |       611604 |  -11.60 kcal/mol |  -12.21 +/-    0.12 kcal/mol |       6 |  -12.42 kcal/mol
         30 |       733363 |  -11.89 kcal/mol |  -12.22 +/-    0.13 kcal/mol |      11 |  -12.43 kcal/mol
         35 |       853925 |  -12.04 kcal/mol |  -12.62 +/-    0.19 kcal/mol |       8 |  -12.89 kcal/mol
         40 |       973348 |  -12.27 kcal/mol |  -12.50 +/-    0.22 kcal/mol |       9 |  -12.90 kcal/mol
         45 |      1092186 |  -12.14 kcal/mol |  -12.66 +/-    0.23 kcal/mol |       4 |  -12.90 kcal/mol
         50 |      1208828 |  -11.80 kcal/mol |  -12.59 +/-    0.25 kcal/mol |      12 |  -12.93 kcal/mol
         55 |      1326232 |  -12.27 kcal/mol |  -12.80 +/-    0.11 kcal/mol |       4 |  -12.93 kcal/mol
         60 |      1441441 |  -12.38 kcal/mol |  -12.53 +/-    0.21 kcal/mol |       5 |  -12.93 kcal/mol
         65 |      1561012 |  -11.91 kcal/mol |  -12.40 +/-    0.24 kcal/mol |      26 |  -12.93 kcal/mol
         70 |      1677717 |  -12.26 kcal/mol |  -12.56 +/-    0.20 kcal/mol |      10 |  -12.93 kcal/mol
         75 |      1795378 |  -12.27 kcal/mol |  -12.77 +/-    0.15 kcal/mol |       9 |  -12.93 kcal/mol
         80 |      1913753 |  -12.53 kcal/mol |  -12.74 +/-    0.15 kcal/mol |       7 |  -12.94 kcal/mol
         85 |      2029354 |  -12.43 kcal/mol |  -12.91 +/-    0.03 kcal/mol |       6 |  -12.94 kcal/mol
         90 |      2145349 |  -12.54 kcal/mol |  -12.77 +/-    0.15 kcal/mol |      14 |  -12.94 kcal/mol
------------+--------------+------------------+------------------------------+---------+-------------------

                                   Finished evaluation after reaching
                                  -12.79 +/-    0.15 kcal/mol combined.
                             36 samples, best inter + intra   -12.94 kcal/mol.


Shutdown time 0.000675s

Job #2 took 1.008 sec after waiting 0.028 sec for setup

(Thread 0 is processing Job #2)
(Thread 0 is setting up Job #3)

Running Job #3:
    Device: NVIDIA A100-SXM4-40GB
    Grid map file: ./protein.maps.fld
    Ligand file: ./ligand_3_3.pdbqt
    Output file: docking_result_3.dlg (+ xml)
    Using heuristics: (capped) number of evaluations set to 2280181
    Local-search chosen method is: ADADELTA (ad)

Rest of Setup time 0.309520s

Executing docking runs, stopping automatically after either reaching 0.15 kcal/mol standard deviation of
the best molecules of the last 4 * 5 generations, 42000 generations, or 2280181 evaluations:

Generations |  Evaluations |     Threshold    |  Average energy of best 10%  | Samples | Best Inter + Intra
------------+--------------+------------------+------------------------------+---------+-------------------
          0 |          150 |   -1.65 kcal/mol |   -2.73 +/-    0.29 kcal/mol |       4 |   -3.06 kcal/mol
          5 |       125863 |   -1.65 kcal/mol |   -5.01 +/-    1.59 kcal/mol |     890 |  -11.93 kcal/mol
         10 |       251018 |   -4.98 kcal/mol |   -9.30 +/-    1.04 kcal/mol |      52 |  -12.29 kcal/mol
         15 |       377092 |   -9.00 kcal/mol |  -11.98 +/-    0.32 kcal/mol |      10 |  -12.34 kcal/mol
         20 |       502621 |  -11.50 kcal/mol |  -12.19 +/-    0.11 kcal/mol |       5 |  -12.38 kcal/mol
         25 |       627014 |  -11.85 kcal/mol |  -12.17 +/-    0.18 kcal/mol |       9 |  -12.48 kcal/mol
         30 |       752897 |  -11.87 kcal/mol |  -12.17 +/-    0.17 kcal/mol |       7 |  -12.48 kcal/mol
         35 |       875308 |  -11.81 kcal/mol |  -12.06 +/-    0.18 kcal/mol |      12 |  -12.48 kcal/mol
         40 |       999030 |  -11.84 kcal/mol |  -12.19 +/-    0.13 kcal/mol |      14 |  -12.48 kcal/mol
         45 |      1122719 |  -12.05 kcal/mol |  -12.29 +/-    0.10 kcal/mol |      13 |  -12.48 kcal/mol
         50 |      1245874 |  -12.17 kcal/mol |  -12.30 +/-    0.10 kcal/mol |      17 |  -12.48 kcal/mol
         55 |      1366902 |  -12.21 kcal/mol |  -12.35 +/-    0.10 kcal/mol |      10 |  -12.48 kcal/mol
------------+--------------+------------------+------------------------------+---------+-------------------

                                   Finished evaluation after reaching
                                  -12.28 +/-    0.12 kcal/mol combined.
                             54 samples, best inter + intra   -12.48 kcal/mol.


Shutdown time 0.000632s

Job #3 took 0.765 sec after waiting 0.029 sec for setup

(Thread 0 is processing Job #3)
(Thread 0 is setting up Job #4)

Running Job #4:
    Device: NVIDIA A100-SXM4-40GB
    Grid map file: ./protein.maps.fld
    Ligand file: ./ligand_4_4.pdbqt
    Output file: docking_result_4.dlg (+ xml)
    Using heuristics: (capped) number of evaluations set to 2068966
    Local-search chosen method is: ADADELTA (ad)

Rest of Setup time 0.307037s

Executing docking runs, stopping automatically after either reaching 0.15 kcal/mol standard deviation of
the best molecules of the last 4 * 5 generations, 42000 generations, or 2068966 evaluations:

Generations |  Evaluations |     Threshold    |  Average energy of best 10%  | Samples | Best Inter + Intra
------------+--------------+------------------+------------------------------+---------+-------------------
          0 |          150 |   -2.62 kcal/mol |   -3.01 +/-    0.13 kcal/mol |       5 |   -3.16 kcal/mol
          5 |       123006 |   -2.62 kcal/mol |   -4.96 +/-    1.28 kcal/mol |     769 |  -10.42 kcal/mol
         10 |       244737 |   -4.94 kcal/mol |   -8.96 +/-    0.94 kcal/mol |      55 |  -10.57 kcal/mol
         15 |       367001 |   -8.71 kcal/mol |  -10.59 +/-    0.14 kcal/mol |       8 |  -10.81 kcal/mol
         20 |       491536 |  -10.33 kcal/mol |  -10.89 +/-    0.21 kcal/mol |       7 |  -11.14 kcal/mol
         25 |       614978 |  -10.43 kcal/mol |  -10.93 +/-    0.16 kcal/mol |       7 |  -11.14 kcal/mol
         30 |       737471 |  -10.59 kcal/mol |  -11.05 +/-    0.16 kcal/mol |      11 |  -11.36 kcal/mol
         35 |       858807 |  -10.83 kcal/mol |  -11.20 +/-    0.10 kcal/mol |       6 |  -11.37 kcal/mol
         40 |       981052 |  -10.94 kcal/mol |  -11.25 +/-    0.10 kcal/mol |       6 |  -11.38 kcal/mol
         45 |      1102368 |  -11.01 kcal/mol |  -11.29 +/-    0.13 kcal/mol |       8 |  -11.39 kcal/mol
         50 |      1221545 |  -11.05 kcal/mol |  -11.30 +/-    0.10 kcal/mol |       8 |  -11.40 kcal/mol
         55 |      1339575 |  -11.11 kcal/mol |  -11.33 +/-    0.09 kcal/mol |      21 |  -11.43 kcal/mol
         60 |      1453502 |  -11.26 kcal/mol |  -11.39 +/-    0.03 kcal/mol |       5 |  -11.44 kcal/mol
         65 |      1569050 |  -10.94 kcal/mol |  -11.26 +/-    0.13 kcal/mol |      21 |  -11.44 kcal/mol
         70 |      1683341 |  -11.17 kcal/mol |  -11.40 +/-    0.02 kcal/mol |      20 |  -11.44 kcal/mol
         75 |      1797289 |  -11.29 kcal/mol |  -11.41 +/-    0.02 kcal/mol |      26 |  -11.45 kcal/mol
------------+--------------+------------------+------------------------------+---------+-------------------

                                   Finished evaluation after reaching
                                  -11.36 +/-    0.10 kcal/mol combined.
                             72 samples, best inter + intra   -11.45 kcal/mol.


Shutdown time 0.000663s

Job #4 took 0.788 sec after waiting 0.030 sec for setup

(Thread 0 is processing Job #4)
Run time of entire job set (4 files): 8.138 sec
Savings from multithreading: -0.001 sec
Idle time of execution thread: 4.580 sec

All jobs (4) ran without errors.
