AutoDock-GPU version: v1.6-7-ga46ab564d2ac5f1a1523f65239b43505a1c29364-dirty

Using 1 OpenMP threads

Running 5 docking calculations

Cuda device:                              NVIDIA A100-SXM4-40GB
Available memory on device:               39916 MB (total: 40339 MB)

CUDA Setup time 0.249457s
(Thread 0 is setting up Job #1)

Running Job #1:
    Device: NVIDIA A100-SXM4-40GB
    Grid map file: ./protein.maps.fld
    Ligand file: ./ligand_1_1.pdbqt
    Output file: docking_result_1.dlg (+ xml)
    Using heuristics: (capped) number of evaluations set to 2845257
    Overriding heuristics, setting number of evaluations to --nev = 2500000 instead.
    Local-search chosen method is: ADADELTA (ad)

Rest of Setup time 0.308570s

Executing docking runs, stopping automatically after either reaching 0.15 kcal/mol standard deviation of
the best molecules of the last 4 * 5 generations, 42000 generations, or 2500000 evaluations:

Generations |  Evaluations |     Threshold    |  Average energy of best 10%  | Samples | Best Inter + Intra
------------+--------------+------------------+------------------------------+---------+-------------------
          0 |          150 |   -2.42 kcal/mol |   -3.26 +/-    0.28 kcal/mol |       6 |   -3.82 kcal/mol
          5 |       135770 |   -2.55 kcal/mol |   -6.35 +/-    1.71 kcal/mol |    1113 |  -11.86 kcal/mol
         10 |       268216 |   -6.33 kcal/mol |  -10.72 +/-    0.81 kcal/mol |      63 |  -12.81 kcal/mol
         15 |       403571 |  -10.53 kcal/mol |  -12.92 +/-    0.14 kcal/mol |       4 |  -13.16 kcal/mol
         20 |       538888 |  -12.41 kcal/mol |  -13.15 +/-    0.18 kcal/mol |       4 |  -13.29 kcal/mol
         25 |       674564 |  -12.49 kcal/mol |  -13.44 +/-    0.20 kcal/mol |       4 |  -13.69 kcal/mol
         30 |       807524 |  -12.69 kcal/mol |  -13.45 +/-    0.25 kcal/mol |       5 |  -13.78 kcal/mol
         35 |       939035 |  -12.70 kcal/mol |  -13.39 +/-    0.27 kcal/mol |       5 |  -13.78 kcal/mol
         40 |      1070810 |  -12.58 kcal/mol |  -13.96 +/-    0.23 kcal/mol |       5 |  -14.32 kcal/mol
         45 |      1202025 |  -13.26 kcal/mol |  -14.68 +/-    0.20 kcal/mol |       4 |  -14.84 kcal/mol
         50 |      1331538 |  -13.94 kcal/mol |  -14.59 +/-    0.25 kcal/mol |       2 |  -14.84 kcal/mol
         55 |      1460647 |  -12.70 kcal/mol |  -14.13 +/-    0.48 kcal/mol |      12 |  -14.84 kcal/mol
         60 |      1588407 |  -13.53 kcal/mol |  -14.40 +/-    0.38 kcal/mol |       4 |  -14.93 kcal/mol
         65 |      1718510 |  -12.97 kcal/mol |  -14.16 +/-    0.37 kcal/mol |       7 |  -14.93 kcal/mol
         70 |      1847239 |  -13.38 kcal/mol |  -14.50 +/-    0.28 kcal/mol |       6 |  -14.93 kcal/mol
         75 |      1974955 |  -13.81 kcal/mol |  -14.73 +/-    0.19 kcal/mol |       4 |  -14.93 kcal/mol
         80 |      2102711 |  -14.01 kcal/mol |  -14.82 +/-    0.15 kcal/mol |       5 |  -14.99 kcal/mol
         85 |      2229443 |  -14.36 kcal/mol |  -14.96 +/-    0.07 kcal/mol |       6 |  -14.99 kcal/mol
         90 |      2355271 |  -14.58 kcal/mol |  -14.87 +/-    0.08 kcal/mol |       5 |  -14.99 kcal/mol
         95 |      2480385 |  -14.62 kcal/mol |  -14.99 +/-    0.17 kcal/mol |       6 |  -15.29 kcal/mol
         96 |      2504971 |  -14.56 kcal/mol |  -15.06 +/-    0.19 kcal/mol |      10 |  -15.50 kcal/mol
------------+--------------+------------------+------------------------------+---------+-------------------

                                   Finished evaluation after reaching
                       2504971 evaluations. Best inter + intra   -15.50 kcal/mol.


Shutdown time 0.000689s

Job #1 took 1.420 sec after waiting 5.313 sec for setup

(Thread 0 is processing Job #1)
(Thread 0 is setting up Job #2)

Running Job #2:
    Device: NVIDIA A100-SXM4-40GB
    Grid map file: ./protein.maps.fld
    Ligand file: ./ligand_2_2.pdbqt
    Output file: docking_result_2.dlg (+ xml)
    Using heuristics: (capped) number of evaluations set to 2068966
    Local-search chosen method is: ADADELTA (ad)

Rest of Setup time 0.304413s

Executing docking runs, stopping automatically after either reaching 0.15 kcal/mol standard deviation of
the best molecules of the last 4 * 5 generations, 42000 generations, or 2068966 evaluations:

Generations |  Evaluations |     Threshold    |  Average energy of best 10%  | Samples | Best Inter + Intra
------------+--------------+------------------+------------------------------+---------+-------------------
          0 |          150 |   -1.88 kcal/mol |   -3.51 +/-    0.43 kcal/mol |       4 |   -3.95 kcal/mol
          5 |       122000 |   -1.88 kcal/mol |   -5.42 +/-    1.58 kcal/mol |     900 |  -12.34 kcal/mol
         10 |       241846 |   -5.40 kcal/mol |  -10.10 +/-    1.14 kcal/mol |      30 |  -13.06 kcal/mol
         15 |       365241 |   -9.53 kcal/mol |  -12.85 +/-    0.31 kcal/mol |       4 |  -13.09 kcal/mol
         20 |       488663 |  -11.70 kcal/mol |  -12.54 +/-    0.57 kcal/mol |       4 |  -13.49 kcal/mol
         25 |       612350 |  -10.39 kcal/mol |  -12.56 +/-    0.87 kcal/mol |       8 |  -14.01 kcal/mol
         30 |       735490 |  -10.93 kcal/mol |  -13.24 +/-    0.67 kcal/mol |       5 |  -14.02 kcal/mol
         35 |       858804 |  -11.24 kcal/mol |  -13.38 +/-    0.65 kcal/mol |       4 |  -14.02 kcal/mol
         40 |       983471 |  -10.96 kcal/mol |  -13.11 +/-    0.60 kcal/mol |       7 |  -14.02 kcal/mol
         45 |      1106793 |  -11.82 kcal/mol |  -13.13 +/-    0.53 kcal/mol |       4 |  -14.02 kcal/mol
         50 |      1227060 |  -11.16 kcal/mol |  -12.96 +/-    0.70 kcal/mol |      11 |  -14.02 kcal/mol
         55 |      1351358 |  -12.01 kcal/mol |  -13.60 +/-    0.35 kcal/mol |       5 |  -14.02 kcal/mol
         60 |      1475541 |  -12.56 kcal/mol |  -13.28 +/-    0.25 kcal/mol |      10 |  -14.02 kcal/mol
         65 |      1599392 |  -12.90 kcal/mol |  -13.52 +/-    0.27 kcal/mol |       5 |  -14.02 kcal/mol
         70 |      1723454 |  -12.72 kcal/mol |  -13.50 +/-    0.35 kcal/mol |       4 |  -14.02 kcal/mol
         75 |      1847218 |  -12.20 kcal/mol |  -13.28 +/-    0.33 kcal/mol |       8 |  -14.02 kcal/mol
         80 |      1968694 |  -12.65 kcal/mol |  -13.32 +/-    0.26 kcal/mol |      11 |  -14.02 kcal/mol
         85 |      2094007 |  -12.97 kcal/mol |  -13.85 +/-    0.17 kcal/mol |       4 |  -14.02 kcal/mol
------------+--------------+------------------+------------------------------+---------+-------------------

                                   Finished evaluation after reaching
                       2094007 evaluations. Best inter + intra   -14.02 kcal/mol.


Shutdown time 0.000660s

Job #2 took 1.136 sec after waiting 0.050 sec for setup

(Thread 0 is processing Job #2)
(Thread 0 is setting up Job #3)

Running Job #3:
    Device: NVIDIA A100-SXM4-40GB
    Grid map file: ./protein.maps.fld
    Ligand file: ./ligand_3_3.pdbqt
    Output file: docking_result_3.dlg (+ xml)
    Using heuristics: (capped) number of evaluations set to 2280181
    Local-search chosen method is: ADADELTA (ad)

Rest of Setup time 0.304214s

Executing docking runs, stopping automatically after either reaching 0.15 kcal/mol standard deviation of
the best molecules of the last 4 * 5 generations, 42000 generations, or 2280181 evaluations:

Generations |  Evaluations |     Threshold    |  Average energy of best 10%  | Samples | Best Inter + Intra
------------+--------------+------------------+------------------------------+---------+-------------------
          0 |          150 |   -2.03 kcal/mol |   -3.02 +/-    0.26 kcal/mol |       4 |   -3.42 kcal/mol
          5 |       130724 |   -2.03 kcal/mol |   -5.84 +/-    1.75 kcal/mol |    1080 |  -11.56 kcal/mol
         10 |       259476 |   -5.82 kcal/mol |  -10.08 +/-    0.75 kcal/mol |      60 |  -12.46 kcal/mol
         15 |       389831 |   -9.89 kcal/mol |  -11.85 +/-    0.51 kcal/mol |      13 |  -13.22 kcal/mol
         20 |       520290 |  -11.26 kcal/mol |  -12.87 +/-    0.52 kcal/mol |       9 |  -13.63 kcal/mol
         25 |       647745 |  -12.00 kcal/mol |  -13.44 +/-    0.33 kcal/mol |       5 |  -13.87 kcal/mol
         30 |       776927 |  -12.46 kcal/mol |  -13.54 +/-    0.29 kcal/mol |       4 |  -13.88 kcal/mol
         35 |       906212 |  -12.46 kcal/mol |  -13.53 +/-    0.30 kcal/mol |       7 |  -13.88 kcal/mol
         40 |      1035632 |  -12.88 kcal/mol |  -13.69 +/-    0.11 kcal/mol |       8 |  -13.88 kcal/mol
         45 |      1163879 |  -13.49 kcal/mol |  -13.76 +/-    0.11 kcal/mol |       5 |  -13.88 kcal/mol
         50 |      1291130 |  -13.43 kcal/mol |  -13.70 +/-    0.14 kcal/mol |       9 |  -13.88 kcal/mol
         55 |      1418808 |  -13.46 kcal/mol |  -13.76 +/-    0.07 kcal/mol |      13 |  -13.88 kcal/mol
------------+--------------+------------------+------------------------------+---------+-------------------

                                   Finished evaluation after reaching
                                  -13.73 +/-    0.11 kcal/mol combined.
                             35 samples, best inter + intra   -13.88 kcal/mol.


Shutdown time 0.000594s

Job #3 took 0.908 sec after waiting 0.040 sec for setup

(Thread 0 is processing Job #3)
(Thread 0 is setting up Job #4)

Running Job #4:
    Device: NVIDIA A100-SXM4-40GB
    Grid map file: ./protein.maps.fld
    Ligand file: ./ligand_4_4.pdbqt
    Output file: docking_result_4.dlg (+ xml)
    Using heuristics: (capped) number of evaluations set to 2845257
    Overriding heuristics, setting number of evaluations to --nev = 2500000 instead.
    Local-search chosen method is: ADADELTA (ad)

Rest of Setup time 0.310267s

Executing docking runs, stopping automatically after either reaching 0.15 kcal/mol standard deviation of
the best molecules of the last 4 * 5 generations, 42000 generations, or 2500000 evaluations:

Generations |  Evaluations |     Threshold    |  Average energy of best 10%  | Samples | Best Inter + Intra
------------+--------------+------------------+------------------------------+---------+-------------------
          0 |          150 |   -1.91 kcal/mol |   -2.93 +/-    0.29 kcal/mol |       4 |   -3.31 kcal/mol
          5 |       121101 |   -1.84 kcal/mol |   -5.65 +/-    1.79 kcal/mol |     953 |  -11.62 kcal/mol
         10 |       240455 |   -5.62 kcal/mol |  -10.18 +/-    0.78 kcal/mol |      40 |  -12.15 kcal/mol
         15 |       363828 |   -9.89 kcal/mol |  -12.18 +/-    0.54 kcal/mol |       8 |  -13.05 kcal/mol
         20 |       489575 |  -11.18 kcal/mol |  -12.78 +/-    0.33 kcal/mol |       6 |  -13.46 kcal/mol
         25 |       614934 |  -11.96 kcal/mol |  -13.23 +/-    0.42 kcal/mol |       6 |  -13.70 kcal/mol
         30 |       743276 |  -12.17 kcal/mol |  -13.47 +/-    0.20 kcal/mol |       6 |  -13.70 kcal/mol
         35 |       870587 |  -12.96 kcal/mol |  -13.68 +/-    0.29 kcal/mol |       4 |  -14.06 kcal/mol
         40 |       997434 |  -12.61 kcal/mol |  -13.68 +/-    0.29 kcal/mol |       4 |  -14.06 kcal/mol
         45 |      1121746 |  -12.61 kcal/mol |  -13.67 +/-    0.43 kcal/mol |       8 |  -14.16 kcal/mol
         50 |      1247154 |  -12.86 kcal/mol |  -14.34 +/-    0.46 kcal/mol |       7 |  -15.05 kcal/mol
         55 |      1375833 |  -13.36 kcal/mol |  -14.61 +/-    0.43 kcal/mol |       4 |  -15.05 kcal/mol
         60 |      1498648 |  -12.99 kcal/mol |  -14.45 +/-    0.35 kcal/mol |      13 |  -15.05 kcal/mol
         65 |      1625677 |  -14.04 kcal/mol |  -14.54 +/-    0.42 kcal/mol |       5 |  -15.06 kcal/mol
         70 |      1750627 |  -13.27 kcal/mol |  -14.36 +/-    0.35 kcal/mol |       5 |  -15.06 kcal/mol
         75 |      1874906 |  -13.30 kcal/mol |  -14.42 +/-    0.35 kcal/mol |       8 |  -15.06 kcal/mol
         80 |      1998747 |  -13.76 kcal/mol |  -14.35 +/-    0.32 kcal/mol |       7 |  -15.06 kcal/mol
         85 |      2123454 |  -13.67 kcal/mol |  -14.72 +/-    0.16 kcal/mol |       6 |  -15.06 kcal/mol
         90 |      2248073 |  -14.31 kcal/mol |  -15.09 +/-    0.21 kcal/mol |       5 |  -15.32 kcal/mol
         95 |      2372565 |  -14.47 kcal/mol |  -15.05 +/-    0.20 kcal/mol |       5 |  -15.37 kcal/mol
        100 |      2500438 |  -14.45 kcal/mol |  -15.18 +/-    0.15 kcal/mol |       7 |  -15.37 kcal/mol
------------+--------------+------------------+------------------------------+---------+-------------------

                                   Finished evaluation after reaching
                       2500438 evaluations. Best inter + intra   -15.37 kcal/mol.


Shutdown time 0.000633s

Job #4 took 1.370 sec after waiting 0.051 sec for setup

(Thread 0 is processing Job #4)
(Thread 0 is setting up Job #5)

Running Job #5:
    Device: NVIDIA A100-SXM4-40GB
    Grid map file: ./protein.maps.fld
    Ligand file: ./ligand_5_5.pdbqt
    Output file: docking_result_5.dlg (+ xml)
    Using heuristics: (capped) number of evaluations set to 2068966
    Local-search chosen method is: ADADELTA (ad)

Rest of Setup time 0.304843s

Executing docking runs, stopping automatically after either reaching 0.15 kcal/mol standard deviation of
the best molecules of the last 4 * 5 generations, 42000 generations, or 2068966 evaluations:

Generations |  Evaluations |     Threshold    |  Average energy of best 10%  | Samples | Best Inter + Intra
------------+--------------+------------------+------------------------------+---------+-------------------
          0 |          150 |   -1.28 kcal/mol |   -2.35 +/-    0.33 kcal/mol |       8 |   -3.09 kcal/mol
          5 |       121189 |   -1.73 kcal/mol |   -5.36 +/-    1.71 kcal/mol |     978 |  -11.74 kcal/mol
         10 |       242128 |   -5.33 kcal/mol |   -9.59 +/-    0.81 kcal/mol |      40 |  -11.75 kcal/mol
         15 |       363218 |   -9.29 kcal/mol |  -11.56 +/-    0.69 kcal/mol |      11 |  -13.05 kcal/mol
         20 |       485726 |  -10.62 kcal/mol |  -12.27 +/-    0.56 kcal/mol |       5 |  -13.09 kcal/mol
         25 |       608105 |  -10.59 kcal/mol |  -12.50 +/-    0.60 kcal/mol |       8 |  -13.13 kcal/mol
         30 |       733478 |  -11.37 kcal/mol |  -12.96 +/-    0.32 kcal/mol |       4 |  -13.19 kcal/mol
         35 |       856049 |  -11.75 kcal/mol |  -13.16 +/-    0.30 kcal/mol |       7 |  -13.71 kcal/mol
         40 |       979500 |  -12.53 kcal/mol |  -13.48 +/-    0.23 kcal/mol |       7 |  -13.71 kcal/mol
         45 |      1101769 |  -13.00 kcal/mol |  -13.21 +/-    0.19 kcal/mol |      15 |  -13.71 kcal/mol
         50 |      1223811 |  -13.02 kcal/mol |  -13.29 +/-    0.19 kcal/mol |      15 |  -13.71 kcal/mol
         55 |      1342892 |  -13.09 kcal/mol |  -13.40 +/-    0.18 kcal/mol |      10 |  -13.71 kcal/mol
         60 |      1463992 |  -13.13 kcal/mol |  -13.43 +/-    0.18 kcal/mol |      12 |  -13.71 kcal/mol
         65 |      1587147 |  -13.20 kcal/mol |  -13.48 +/-    0.16 kcal/mol |       8 |  -13.71 kcal/mol
         70 |      1710953 |  -13.17 kcal/mol |  -13.66 +/-    0.11 kcal/mol |       4 |  -13.83 kcal/mol
         75 |      1835680 |  -13.24 kcal/mol |  -13.78 +/-    0.15 kcal/mol |       4 |  -13.92 kcal/mol
         80 |      1960718 |  -13.21 kcal/mol |  -13.69 +/-    0.16 kcal/mol |       5 |  -13.98 kcal/mol
         85 |      2087219 |  -13.22 kcal/mol |  -13.68 +/-    0.16 kcal/mol |      10 |  -13.98 kcal/mol
------------+--------------+------------------+------------------------------+---------+-------------------

                                   Finished evaluation after reaching
                       2087219 evaluations. Best inter + intra   -13.98 kcal/mol.


Shutdown time 0.000673s

Job #5 took 1.130 sec after waiting 0.045 sec for setup

(Thread 0 is processing Job #5)
Run time of entire job set (5 files): 11.504 sec
Savings from multithreading: -0.001 sec
Idle time of execution thread: 5.539 sec

All jobs (5) ran without errors.
