AutoDock-GPU version: v1.6-7-ga46ab564d2ac5f1a1523f65239b43505a1c29364-dirty

Running 1 docking calculation

Cuda device:                              NVIDIA A100-SXM4-40GB
Available memory on device:               39916 MB (total: 40339 MB)

CUDA Setup time 0.235774s
(Thread 0 is setting up Job #1)

Running Job #1
    Using heuristics: (capped) number of evaluations set to 2068966
    Local-search chosen method is: ADADELTA (ad)

Rest of Setup time 0.308941s

Executing docking runs, stopping automatically after either reaching 0.15 kcal/mol standard deviation of
the best molecules of the last 4 * 5 generations, 42000 generations, or 2068966 evaluations:

Generations |  Evaluations |     Threshold    |  Average energy of best 10%  | Samples | Best Inter + Intra
------------+--------------+------------------+------------------------------+---------+-------------------
          0 |          150 |   -1.56 kcal/mol |   -1.88 +/-    0.21 kcal/mol |      10 |   -2.45 kcal/mol
          5 |       119610 |   -1.56 kcal/mol |   -5.43 +/-    1.96 kcal/mol |     980 |  -11.63 kcal/mol
         10 |       236255 |   -5.40 kcal/mol |  -10.51 +/-    0.94 kcal/mol |      34 |  -13.19 kcal/mol
         15 |       356869 |  -10.09 kcal/mol |  -12.61 +/-    0.67 kcal/mol |       4 |  -13.70 kcal/mol
         20 |       481114 |  -10.08 kcal/mol |  -12.36 +/-    0.68 kcal/mol |      13 |  -13.76 kcal/mol
         25 |       607759 |  -11.57 kcal/mol |  -13.77 +/-    0.08 kcal/mol |       4 |  -13.84 kcal/mol
         30 |       735982 |  -13.48 kcal/mol |  -13.72 +/-    0.11 kcal/mol |       6 |  -13.84 kcal/mol
         35 |       860984 |  -13.45 kcal/mol |  -14.03 +/-    0.28 kcal/mol |       5 |  -14.52 kcal/mol
         40 |       988992 |  -13.18 kcal/mol |  -14.09 +/-    0.27 kcal/mol |       5 |  -14.59 kcal/mol
         45 |      1117397 |  -13.27 kcal/mol |  -14.33 +/-    0.30 kcal/mol |       7 |  -14.59 kcal/mol
         50 |      1242720 |  -13.68 kcal/mol |  -14.69 +/-    0.13 kcal/mol |       4 |  -14.88 kcal/mol
         55 |      1370157 |  -14.21 kcal/mol |  -14.78 +/-    0.14 kcal/mol |       3 |  -14.88 kcal/mol
         60 |      1495022 |  -14.06 kcal/mol |  -14.64 +/-    0.12 kcal/mol |       5 |  -14.88 kcal/mol
         65 |      1624446 |  -14.27 kcal/mol |  -14.63 +/-    0.18 kcal/mol |       3 |  -14.88 kcal/mol
         70 |      1753062 |  -13.71 kcal/mol |  -14.76 +/-    0.11 kcal/mol |       5 |  -14.88 kcal/mol
         75 |      1880078 |  -14.44 kcal/mol |  -14.73 +/-    0.15 kcal/mol |       2 |  -14.88 kcal/mol
------------+--------------+------------------+------------------------------+---------+-------------------

                                   Finished evaluation after reaching
                                  -14.69 +/-    0.15 kcal/mol combined.
                             15 samples, best inter + intra   -14.88 kcal/mol.


Shutdown time 0.000730s

Job #1 took 1.211 sec after waiting 4.478 sec for setup

(Thread 0 is processing Job #1)
Run time of entire job set (1 file): 5.743 sec
Processing time: 0.054 sec

All jobs (1) ran without errors.
