AutoDock-GPU version: v1.6-7-ga46ab564d2ac5f1a1523f65239b43505a1c29364-dirty

Using 1 OpenMP threads

Running 3 docking calculations

Cuda device:                              NVIDIA A100-SXM4-40GB
Available memory on device:               39916 MB (total: 40339 MB)

CUDA Setup time 0.235335s
(Thread 0 is setting up Job #1)

Running Job #1:
    Device: NVIDIA A100-SXM4-40GB
    Grid map file: ./protein.maps.fld
    Ligand file: ./ligand_1_1.pdbqt
    Output file: docking_result_1.dlg (+ xml)
    Using heuristics: (capped) number of evaluations set to 6512245
    Overriding heuristics, setting number of evaluations to --nev = 2500000 instead.
    Warning: The set number of evals is 17.56% of the uncapped heuristics estimate of 14240240 evals.
             This means this docking may not be able to converge. Increasing --heurmax may improve
             convergence but will also increase runtime.
             AutoStop will not stop before 53.80% (1345079) of the set number of evaluations.
    Local-search chosen method is: ADADELTA (ad)

Rest of Setup time 0.309201s

Executing docking runs, stopping automatically after either reaching 0.15 kcal/mol standard deviation of
the best molecules of the last 4 * 5 generations, 42000 generations, or 2500000 evaluations:

Generations |  Evaluations |     Threshold    |  Average energy of best 10%  | Samples | Best Inter + Intra
------------+--------------+------------------+------------------------------+---------+-------------------
          0 |          150 |  327.40 kcal/mol |  188.72 +/-   36.98 kcal/mol |       4 |  152.42 kcal/mol
          5 |       119892 |  327.40 kcal/mol |   10.20 +/-   28.05 kcal/mol |    1139 |   -9.00 kcal/mol
         10 |       234198 |   10.57 kcal/mol |  -10.20 +/-    1.18 kcal/mol |       5 |  -12.23 kcal/mol
         15 |       348141 |   -6.64 kcal/mol |  -10.71 +/-    1.16 kcal/mol |      12 |  -12.99 kcal/mol
         20 |       461627 |   -9.26 kcal/mol |  -12.53 +/-    0.34 kcal/mol |       4 |  -12.99 kcal/mol
         25 |       571819 |  -11.24 kcal/mol |  -12.54 +/-    0.33 kcal/mol |       4 |  -12.99 kcal/mol
         30 |       679787 |  -11.32 kcal/mol |  -12.73 +/-    0.66 kcal/mol |       8 |  -14.27 kcal/mol
         35 |       784660 |  -11.49 kcal/mol |  -12.93 +/-    0.73 kcal/mol |       5 |  -14.27 kcal/mol
         40 |       885896 |  -10.73 kcal/mol |  -12.93 +/-    0.73 kcal/mol |       5 |  -14.27 kcal/mol
         45 |       985244 |  -10.73 kcal/mol |  -12.83 +/-    0.64 kcal/mol |       7 |  -14.27 kcal/mol
         50 |      1084697 |  -11.46 kcal/mol |  -13.36 +/-    0.56 kcal/mol |       4 |  -14.31 kcal/mol
         55 |      1181996 |  -11.25 kcal/mol |  -13.20 +/-    0.50 kcal/mol |       6 |  -14.31 kcal/mol
         60 |      1282102 |  -11.94 kcal/mol |  -13.37 +/-    0.55 kcal/mol |       4 |  -14.31 kcal/mol
         65 |      1381957 |  -11.31 kcal/mol |  -13.27 +/-    0.45 kcal/mol |       7 |  -14.31 kcal/mol
         70 |      1479333 |  -12.31 kcal/mol |  -13.68 +/-    0.49 kcal/mol |       4 |  -14.31 kcal/mol
         75 |      1574647 |  -11.83 kcal/mol |  -13.48 +/-    0.64 kcal/mol |       6 |  -14.43 kcal/mol
         80 |      1668989 |  -11.89 kcal/mol |  -14.03 +/-    0.56 kcal/mol |       4 |  -14.43 kcal/mol
         85 |      1764717 |  -11.91 kcal/mol |  -13.55 +/-    0.67 kcal/mol |       5 |  -14.43 kcal/mol
         90 |      1859046 |  -11.55 kcal/mol |  -13.43 +/-    0.60 kcal/mol |       8 |  -14.43 kcal/mol
         95 |      1953147 |  -12.31 kcal/mol |  -14.21 +/-    0.29 kcal/mol |       7 |  -14.43 kcal/mol
        100 |      2047344 |  -13.59 kcal/mol |  -14.20 +/-    0.20 kcal/mol |       4 |  -14.43 kcal/mol
        105 |      2137795 |  -13.44 kcal/mol |  -14.58 +/-    0.27 kcal/mol |       2 |  -14.84 kcal/mol
        110 |      2227816 |  -12.58 kcal/mol |  -14.32 +/-    0.62 kcal/mol |       4 |  -14.84 kcal/mol
        115 |      2318665 |  -11.98 kcal/mol |  -13.89 +/-    0.72 kcal/mol |       4 |  -14.84 kcal/mol
        120 |      2407579 |  -11.19 kcal/mol |  -13.55 +/-    0.66 kcal/mol |       8 |  -14.84 kcal/mol
        125 |      2497615 |  -12.31 kcal/mol |  -13.91 +/-    0.70 kcal/mol |       4 |  -14.84 kcal/mol
        126 |      2515462 |  -11.29 kcal/mol |  -13.65 +/-    0.80 kcal/mol |      10 |  -14.84 kcal/mol
------------+--------------+------------------+------------------------------+---------+-------------------

                                   Finished evaluation after reaching
                       2515462 evaluations. Best inter + intra   -14.84 kcal/mol.


Shutdown time 0.000673s

Job #1 took 1.778 sec after waiting 4.460 sec for setup

(Thread 0 is processing Job #1)
(Thread 0 is setting up Job #2)

Running Job #2:
    Device: NVIDIA A100-SXM4-40GB
    Grid map file: ./protein.maps.fld
    Ligand file: ./ligand_2_2.pdbqt
    Output file: docking_result_2.dlg (+ xml)
    Using heuristics: (capped) number of evaluations set to 7266276
    Overriding heuristics, setting number of evaluations to --nev = 2500000 instead.
    Warning: The set number of evals is 13.57% of the uncapped heuristics estimate of 18420020 evals.
             This means this docking may not be able to converge. Increasing --heurmax may improve
             convergence but will also increase runtime.
             AutoStop will not stop before 66.37% (1659273) of the set number of evaluations.
    Local-search chosen method is: ADADELTA (ad)

Rest of Setup time 0.304991s

Executing docking runs, stopping automatically after either reaching 0.15 kcal/mol standard deviation of
the best molecules of the last 4 * 5 generations, 42000 generations, or 2500000 evaluations:

Generations |  Evaluations |     Threshold    |  Average energy of best 10%  | Samples | Best Inter + Intra
------------+--------------+------------------+------------------------------+---------+-------------------
          0 |          150 |  348.93 kcal/mol |  159.77 +/-   50.44 kcal/mol |       4 |   74.07 kcal/mol
          5 |       113141 |  348.93 kcal/mol |   18.81 +/-   39.07 kcal/mol |    1040 |  -11.01 kcal/mol
         10 |       217863 |   19.37 kcal/mol |  -10.96 +/-    0.71 kcal/mol |       4 |  -12.02 kcal/mol
         15 |       326254 |   -8.29 kcal/mol |  -10.97 +/-    1.09 kcal/mol |      12 |  -13.38 kcal/mol
         20 |       434279 |   -9.61 kcal/mol |  -12.20 +/-    0.75 kcal/mol |       4 |  -13.38 kcal/mol
         25 |       543562 |   -9.40 kcal/mol |  -11.96 +/-    0.81 kcal/mol |       5 |  -13.38 kcal/mol
         30 |       651114 |   -9.52 kcal/mol |  -12.25 +/-    0.73 kcal/mol |       8 |  -13.38 kcal/mol
         35 |       757391 |  -10.87 kcal/mol |  -13.13 +/-    0.32 kcal/mol |       4 |  -13.38 kcal/mol
         40 |       861763 |  -11.94 kcal/mol |  -13.06 +/-    0.33 kcal/mol |       6 |  -13.38 kcal/mol
         45 |       963852 |  -12.23 kcal/mol |  -13.10 +/-    0.37 kcal/mol |       3 |  -13.49 kcal/mol
         50 |      1065728 |  -11.24 kcal/mol |  -12.90 +/-    0.48 kcal/mol |       4 |  -13.49 kcal/mol
         55 |      1168623 |  -11.09 kcal/mol |  -12.88 +/-    0.37 kcal/mol |       6 |  -13.49 kcal/mol
         60 |      1269175 |  -11.96 kcal/mol |  -13.07 +/-    0.31 kcal/mol |       4 |  -13.49 kcal/mol
         65 |      1370208 |  -11.91 kcal/mol |  -13.30 +/-    0.34 kcal/mol |       6 |  -13.58 kcal/mol
         70 |      1469436 |  -12.45 kcal/mol |  -13.72 +/-    0.33 kcal/mol |       5 |  -14.10 kcal/mol
         75 |      1564132 |  -12.75 kcal/mol |  -13.63 +/-    0.29 kcal/mol |       4 |  -14.10 kcal/mol
         80 |      1658640 |  -12.52 kcal/mol |  -13.79 +/-    0.33 kcal/mol |       6 |  -14.10 kcal/mol
         85 |      1753061 |  -12.96 kcal/mol |  -13.88 +/-    0.28 kcal/mol |       4 |  -14.16 kcal/mol
         90 |      1842713 |  -12.84 kcal/mol |  -13.73 +/-    0.30 kcal/mol |       6 |  -14.16 kcal/mol
         95 |      1932123 |  -12.98 kcal/mol |  -13.54 +/-    0.29 kcal/mol |       6 |  -14.16 kcal/mol
        100 |      2022073 |  -12.81 kcal/mol |  -13.91 +/-    0.30 kcal/mol |       5 |  -14.24 kcal/mol
        105 |      2109209 |  -13.00 kcal/mol |  -14.04 +/-    0.31 kcal/mol |       4 |  -14.46 kcal/mol
        110 |      2196500 |  -12.86 kcal/mol |  -13.80 +/-    0.37 kcal/mol |       6 |  -14.46 kcal/mol
        115 |      2282467 |  -12.88 kcal/mol |  -14.17 +/-    0.25 kcal/mol |       5 |  -14.46 kcal/mol
        120 |      2368788 |  -13.42 kcal/mol |  -13.98 +/-    0.35 kcal/mol |       4 |  -14.46 kcal/mol
        125 |      2455684 |  -12.67 kcal/mol |  -13.96 +/-    0.37 kcal/mol |       4 |  -14.46 kcal/mol
        128 |      2507218 |  -12.56 kcal/mol |  -13.96 +/-    0.37 kcal/mol |       8 |  -14.46 kcal/mol
------------+--------------+------------------+------------------------------+---------+-------------------

                                   Finished evaluation after reaching
                       2507218 evaluations. Best inter + intra   -14.46 kcal/mol.


Shutdown time 0.000638s

Job #2 took 1.984 sec after waiting 0.061 sec for setup

(Thread 0 is processing Job #2)
(Thread 0 is setting up Job #3)

Running Job #3:
    Device: NVIDIA A100-SXM4-40GB
    Grid map file: ./protein.maps.fld
    Ligand file: ./ligand_3_3.pdbqt
    Output file: docking_result_3.dlg (+ xml)
    Using heuristics: (capped) number of evaluations set to 2280181
    Local-search chosen method is: ADADELTA (ad)

Rest of Setup time 0.302024s

Executing docking runs, stopping automatically after either reaching 0.15 kcal/mol standard deviation of
the best molecules of the last 4 * 5 generations, 42000 generations, or 2280181 evaluations:

Generations |  Evaluations |     Threshold    |  Average energy of best 10%  | Samples | Best Inter + Intra
------------+--------------+------------------+------------------------------+---------+-------------------
          0 |          150 |   -2.08 kcal/mol |   -2.94 +/-    0.26 kcal/mol |       4 |   -3.19 kcal/mol
          5 |       119469 |   -1.97 kcal/mol |   -6.35 +/-    1.97 kcal/mol |     997 |  -12.78 kcal/mol
         10 |       242497 |   -6.32 kcal/mol |  -11.50 +/-    0.97 kcal/mol |      38 |  -13.43 kcal/mol
         15 |       369215 |  -11.12 kcal/mol |  -14.37 +/-    0.66 kcal/mol |       8 |  -15.37 kcal/mol
         20 |       499586 |  -13.14 kcal/mol |  -14.46 +/-    0.49 kcal/mol |       6 |  -15.37 kcal/mol
         25 |       628438 |  -13.23 kcal/mol |  -14.64 +/-    0.60 kcal/mol |       5 |  -15.37 kcal/mol
         30 |       758156 |  -12.83 kcal/mol |  -15.01 +/-    1.03 kcal/mol |      12 |  -16.95 kcal/mol
         35 |       891165 |  -13.73 kcal/mol |  -15.54 +/-    0.77 kcal/mol |       5 |  -17.03 kcal/mol
         40 |      1027150 |  -13.23 kcal/mol |  -15.80 +/-    0.64 kcal/mol |      10 |  -17.03 kcal/mol
         45 |      1163125 |  -14.84 kcal/mol |  -15.95 +/-    0.66 kcal/mol |       4 |  -17.03 kcal/mol
         50 |      1298487 |  -13.48 kcal/mol |  -15.87 +/-    0.74 kcal/mol |       8 |  -17.10 kcal/mol
         55 |      1433838 |  -14.50 kcal/mol |  -16.09 +/-    0.60 kcal/mol |       5 |  -17.29 kcal/mol
         60 |      1567680 |  -14.29 kcal/mol |  -16.01 +/-    0.59 kcal/mol |       6 |  -17.29 kcal/mol
         65 |      1703874 |  -14.54 kcal/mol |  -16.19 +/-    0.64 kcal/mol |       4 |  -17.29 kcal/mol
         70 |      1839341 |  -13.79 kcal/mol |  -16.23 +/-    0.69 kcal/mol |       7 |  -17.29 kcal/mol
         75 |      1972463 |  -14.75 kcal/mol |  -16.20 +/-    0.63 kcal/mol |       4 |  -17.29 kcal/mol
         80 |      2106145 |  -13.82 kcal/mol |  -15.86 +/-    0.65 kcal/mol |       7 |  -17.29 kcal/mol
         85 |      2241224 |  -14.48 kcal/mol |  -16.25 +/-    0.61 kcal/mol |       4 |  -17.29 kcal/mol
         87 |      2294965 |  -13.98 kcal/mol |  -15.90 +/-    0.58 kcal/mol |      23 |  -17.32 kcal/mol
------------+--------------+------------------+------------------------------+---------+-------------------

                                   Finished evaluation after reaching
                       2294965 evaluations. Best inter + intra   -17.32 kcal/mol.


Shutdown time 0.000670s

Job #3 took 1.596 sec after waiting 0.075 sec for setup

(Thread 0 is processing Job #3)
Run time of entire job set (3 files): 10.021 sec
Savings from multithreading: -0.000 sec
Idle time of execution thread: 4.663 sec

All jobs (3) ran without errors.
