AutoDock-GPU version: v1.6-7-ga46ab564d2ac5f1a1523f65239b43505a1c29364-dirty

Running 1 docking calculation

Cuda device:                              NVIDIA A100-SXM4-40GB
Available memory on device:               39916 MB (total: 40339 MB)

CUDA Setup time 0.229862s
(Thread 0 is setting up Job #1)

Running Job #1
    Using heuristics: (capped) number of evaluations set to 2068966
    Local-search chosen method is: ADADELTA (ad)

Rest of Setup time 0.304844s

Executing docking runs, stopping automatically after either reaching 0.15 kcal/mol standard deviation of
the best molecules of the last 4 * 5 generations, 42000 generations, or 2068966 evaluations:

Generations |  Evaluations |     Threshold    |  Average energy of best 10%  | Samples | Best Inter + Intra
------------+--------------+------------------+------------------------------+---------+-------------------
          0 |          150 |   -2.01 kcal/mol |   -2.25 +/-    0.21 kcal/mol |      13 |   -2.75 kcal/mol
          5 |       119800 |   -2.01 kcal/mol |   -5.14 +/-    1.64 kcal/mol |     893 |  -11.35 kcal/mol
         10 |       238270 |   -5.11 kcal/mol |   -9.40 +/-    0.93 kcal/mol |      45 |  -11.35 kcal/mol
         15 |       362424 |   -9.10 kcal/mol |  -11.35 +/-    0.22 kcal/mol |       8 |  -11.84 kcal/mol
         20 |       486896 |  -10.94 kcal/mol |  -11.75 +/-    0.17 kcal/mol |       5 |  -12.00 kcal/mol
         25 |       611432 |  -11.25 kcal/mol |  -11.92 +/-    0.15 kcal/mol |       6 |  -12.10 kcal/mol
         30 |       739295 |  -11.54 kcal/mol |  -12.09 +/-    0.03 kcal/mol |       6 |  -12.11 kcal/mol
         35 |       867034 |  -11.71 kcal/mol |  -12.14 +/-    0.19 kcal/mol |       8 |  -12.54 kcal/mol
         40 |       996872 |  -11.78 kcal/mol |  -12.58 +/-    0.29 kcal/mol |       7 |  -13.01 kcal/mol
         45 |      1124238 |  -11.95 kcal/mol |  -12.87 +/-    0.19 kcal/mol |       4 |  -13.02 kcal/mol
         50 |      1252712 |  -12.17 kcal/mol |  -12.83 +/-    0.17 kcal/mol |       8 |  -13.04 kcal/mol
         55 |      1379961 |  -12.51 kcal/mol |  -12.94 +/-    0.13 kcal/mol |      10 |  -13.04 kcal/mol
         60 |      1508040 |  -12.75 kcal/mol |  -12.98 +/-    0.09 kcal/mol |       7 |  -13.17 kcal/mol
         65 |      1636853 |  -12.79 kcal/mol |  -13.01 +/-    0.08 kcal/mol |       7 |  -13.17 kcal/mol
         70 |      1766008 |  -12.83 kcal/mol |  -13.09 +/-    0.10 kcal/mol |       9 |  -13.32 kcal/mol
         75 |      1892986 |  -12.93 kcal/mol |  -13.12 +/-    0.13 kcal/mol |       6 |  -13.37 kcal/mol
         80 |      2021110 |  -12.80 kcal/mol |  -13.13 +/-    0.10 kcal/mol |      11 |  -13.37 kcal/mol
         82 |      2073855 |  -12.99 kcal/mol |  -13.13 +/-    0.11 kcal/mol |      22 |  -13.37 kcal/mol
------------+--------------+------------------+------------------------------+---------+-------------------

                                   Finished evaluation after reaching
                       2073855 evaluations. Best inter + intra   -13.37 kcal/mol.


Shutdown time 0.000775s

Job #1 took 1.168 sec after waiting 4.464 sec for setup

(Thread 0 is processing Job #1)
Run time of entire job set (1 file): 5.674 sec
Processing time: 0.043 sec

All jobs (1) ran without errors.
