AutoDock-GPU version: v1.6-7-ga46ab564d2ac5f1a1523f65239b43505a1c29364-dirty

Using 1 OpenMP threads

Running 5 docking calculations

Cuda device:                              NVIDIA A100-SXM4-40GB
Available memory on device:               39916 MB (total: 40339 MB)

CUDA Setup time 0.234475s
(Thread 0 is setting up Job #1)

Running Job #1:
    Device: NVIDIA A100-SXM4-40GB
    Grid map file: ./protein.maps.fld
    Ligand file: ./ligand_1_1.pdbqt
    Output file: docking_result_1.dlg (+ xml)
    Using heuristics: (capped) number of evaluations set to 2068966
    Local-search chosen method is: ADADELTA (ad)

Rest of Setup time 0.307832s

Executing docking runs, stopping automatically after either reaching 0.15 kcal/mol standard deviation of
the best molecules of the last 4 * 5 generations, 42000 generations, or 2068966 evaluations:

Generations |  Evaluations |     Threshold    |  Average energy of best 10%  | Samples | Best Inter + Intra
------------+--------------+------------------+------------------------------+---------+-------------------
          0 |          150 |   -0.89 kcal/mol |   -2.36 +/-    0.47 kcal/mol |      17 |   -4.00 kcal/mol
          5 |       122723 |   -1.94 kcal/mol |   -5.93 +/-    1.71 kcal/mol |     879 |  -11.62 kcal/mol
         10 |       239531 |   -5.90 kcal/mol |  -10.39 +/-    0.99 kcal/mol |      30 |  -13.34 kcal/mol
         15 |       361590 |   -9.90 kcal/mol |  -12.68 +/-    0.64 kcal/mol |       7 |  -13.34 kcal/mol
         20 |       485629 |  -11.31 kcal/mol |  -13.00 +/-    0.48 kcal/mol |       4 |  -13.49 kcal/mol
         25 |       607264 |  -11.20 kcal/mol |  -12.83 +/-    0.60 kcal/mol |      12 |  -13.90 kcal/mol
         30 |       730897 |  -12.08 kcal/mol |  -13.74 +/-    0.32 kcal/mol |       9 |  -14.11 kcal/mol
         35 |       852846 |  -13.20 kcal/mol |  -13.80 +/-    0.18 kcal/mol |      11 |  -14.14 kcal/mol
         40 |       972859 |  -13.55 kcal/mol |  -14.03 +/-    0.17 kcal/mol |       7 |  -14.30 kcal/mol
         45 |      1090123 |  -13.67 kcal/mol |  -14.23 +/-    0.10 kcal/mol |       6 |  -14.33 kcal/mol
         50 |      1208184 |  -13.97 kcal/mol |  -14.50 +/-    0.26 kcal/mol |       5 |  -14.87 kcal/mol
         55 |      1324540 |  -13.72 kcal/mol |  -14.62 +/-    0.41 kcal/mol |       8 |  -15.33 kcal/mol
         60 |      1441892 |  -13.86 kcal/mol |  -14.64 +/-    0.40 kcal/mol |       4 |  -15.33 kcal/mol
         65 |      1560722 |  -13.14 kcal/mol |  -14.82 +/-    0.42 kcal/mol |       5 |  -15.33 kcal/mol
         70 |      1679650 |  -13.56 kcal/mol |  -14.71 +/-    0.37 kcal/mol |       7 |  -15.33 kcal/mol
         75 |      1799729 |  -13.91 kcal/mol |  -14.80 +/-    0.32 kcal/mol |       4 |  -15.33 kcal/mol
         80 |      1920249 |  -13.60 kcal/mol |  -14.74 +/-    0.35 kcal/mol |      12 |  -15.33 kcal/mol
         85 |      2040197 |  -14.31 kcal/mol |  -15.24 +/-    0.11 kcal/mol |       6 |  -15.35 kcal/mol
         87 |      2086701 |  -14.96 kcal/mol |  -15.25 +/-    0.11 kcal/mol |       9 |  -15.35 kcal/mol
------------+--------------+------------------+------------------------------+---------+-------------------

                                   Finished evaluation after reaching
                       2086701 evaluations. Best inter + intra   -15.35 kcal/mol.


Shutdown time 0.000729s

Job #1 took 1.178 sec after waiting 4.460 sec for setup

(Thread 0 is processing Job #1)
(Thread 0 is setting up Job #2)

Running Job #2:
    Device: NVIDIA A100-SXM4-40GB
    Grid map file: ./protein.maps.fld
    Ligand file: ./ligand_2_2.pdbqt
    Output file: docking_result_2.dlg (+ xml)
    Using heuristics: (capped) number of evaluations set to 2068966
    Local-search chosen method is: ADADELTA (ad)

Rest of Setup time 0.311354s

Executing docking runs, stopping automatically after either reaching 0.15 kcal/mol standard deviation of
the best molecules of the last 4 * 5 generations, 42000 generations, or 2068966 evaluations:

Generations |  Evaluations |     Threshold    |  Average energy of best 10%  | Samples | Best Inter + Intra
------------+--------------+------------------+------------------------------+---------+-------------------
          0 |          150 |   -3.92 kcal/mol |   -4.73 +/-    0.21 kcal/mol |       4 |   -4.97 kcal/mol
          5 |       133648 |   -3.92 kcal/mol |   -7.75 +/-    1.79 kcal/mol |     989 |  -14.00 kcal/mol
         10 |       268578 |   -7.72 kcal/mol |  -12.16 +/-    0.71 kcal/mol |      39 |  -14.00 kcal/mol
         15 |       405447 |  -11.88 kcal/mol |  -13.85 +/-    0.44 kcal/mol |       6 |  -14.74 kcal/mol
         20 |       544601 |  -12.75 kcal/mol |  -14.29 +/-    0.37 kcal/mol |       7 |  -14.76 kcal/mol
         25 |       682927 |  -13.49 kcal/mol |  -14.65 +/-    0.16 kcal/mol |       9 |  -14.76 kcal/mol
         30 |       822791 |  -14.39 kcal/mol |  -14.58 +/-    0.13 kcal/mol |       6 |  -14.76 kcal/mol
         35 |       961549 |  -14.25 kcal/mol |  -14.58 +/-    0.14 kcal/mol |       7 |  -14.76 kcal/mol
         40 |      1101941 |  -14.29 kcal/mol |  -14.69 +/-    0.08 kcal/mol |       4 |  -14.76 kcal/mol
         45 |      1241220 |  -14.37 kcal/mol |  -14.76 +/-    0.12 kcal/mol |       8 |  -15.05 kcal/mol
         50 |      1378934 |  -14.54 kcal/mol |  -14.76 +/-    0.14 kcal/mol |       7 |  -15.05 kcal/mol
         55 |      1519088 |  -14.45 kcal/mol |  -14.86 +/-    0.24 kcal/mol |       7 |  -15.36 kcal/mol
         60 |      1655205 |  -14.35 kcal/mol |  -14.81 +/-    0.20 kcal/mol |      11 |  -15.44 kcal/mol
         65 |      1792532 |  -14.54 kcal/mol |  -15.14 +/-    0.28 kcal/mol |       5 |  -15.44 kcal/mol
         70 |      1930878 |  -14.28 kcal/mol |  -15.43 +/-    0.01 kcal/mol |       4 |  -15.44 kcal/mol
         75 |      2066753 |  -14.87 kcal/mol |  -15.41 +/-    0.03 kcal/mol |       3 |  -15.44 kcal/mol
         76 |      2093684 |  -14.66 kcal/mol |  -15.36 +/-    0.13 kcal/mol |       9 |  -15.44 kcal/mol
------------+--------------+------------------+------------------------------+---------+-------------------

                                   Finished evaluation after reaching
                       2093684 evaluations. Best inter + intra   -15.44 kcal/mol.


Shutdown time 0.000659s

Job #2 took 1.215 sec after waiting 0.043 sec for setup

(Thread 0 is processing Job #2)
(Thread 0 is setting up Job #3)

Running Job #3:
    Device: NVIDIA A100-SXM4-40GB
    Grid map file: ./protein.maps.fld
    Ligand file: ./ligand_3_3.pdbqt
    Output file: docking_result_3.dlg (+ xml)
    Using heuristics: (capped) number of evaluations set to 2068966
    Local-search chosen method is: ADADELTA (ad)

Rest of Setup time 0.306337s

Executing docking runs, stopping automatically after either reaching 0.15 kcal/mol standard deviation of
the best molecules of the last 4 * 5 generations, 42000 generations, or 2068966 evaluations:

Generations |  Evaluations |     Threshold    |  Average energy of best 10%  | Samples | Best Inter + Intra
------------+--------------+------------------+------------------------------+---------+-------------------
          0 |          150 |   -1.89 kcal/mol |   -2.69 +/-    0.21 kcal/mol |       4 |   -2.98 kcal/mol
          5 |       126652 |   -1.89 kcal/mol |   -4.77 +/-    1.50 kcal/mol |     878 |  -12.09 kcal/mol
         10 |       250507 |   -4.75 kcal/mol |   -8.98 +/-    1.21 kcal/mol |      41 |  -12.14 kcal/mol
         15 |       376681 |   -8.54 kcal/mol |  -11.95 +/-    0.31 kcal/mol |       6 |  -12.14 kcal/mol
         20 |       501332 |  -11.17 kcal/mol |  -11.91 +/-    0.35 kcal/mol |       4 |  -12.18 kcal/mol
         25 |       624610 |  -10.60 kcal/mol |  -12.13 +/-    0.40 kcal/mol |       6 |  -12.50 kcal/mol
         30 |       747170 |  -11.12 kcal/mol |  -12.36 +/-    0.40 kcal/mol |       8 |  -13.03 kcal/mol
         35 |       870278 |  -11.60 kcal/mol |  -12.73 +/-    0.32 kcal/mol |       4 |  -13.03 kcal/mol
         40 |       992474 |  -11.55 kcal/mol |  -12.61 +/-    0.28 kcal/mol |       7 |  -13.03 kcal/mol
         45 |      1114345 |  -12.01 kcal/mol |  -12.67 +/-    0.41 kcal/mol |       4 |  -13.03 kcal/mol
         50 |      1235899 |  -11.11 kcal/mol |  -12.58 +/-    0.41 kcal/mol |       5 |  -13.04 kcal/mol
         55 |      1360416 |  -11.36 kcal/mol |  -12.82 +/-    0.28 kcal/mol |       8 |  -13.04 kcal/mol
         60 |      1483812 |  -12.30 kcal/mol |  -12.97 +/-    0.09 kcal/mol |      13 |  -13.06 kcal/mol
         65 |      1607041 |  -12.86 kcal/mol |  -13.00 +/-    0.03 kcal/mol |      11 |  -13.06 kcal/mol
         70 |      1730850 |  -12.79 kcal/mol |  -13.00 +/-    0.06 kcal/mol |      16 |  -13.06 kcal/mol
         75 |      1854246 |  -12.86 kcal/mol |  -13.02 +/-    0.03 kcal/mol |      11 |  -13.06 kcal/mol
------------+--------------+------------------+------------------------------+---------+-------------------

                                   Finished evaluation after reaching
                                  -13.00 +/-    0.06 kcal/mol combined.
                             51 samples, best inter + intra   -13.06 kcal/mol.


Shutdown time 0.000609s

Job #3 took 1.033 sec after waiting 0.054 sec for setup

(Thread 0 is processing Job #3)
(Thread 0 is setting up Job #4)

Running Job #4:
    Device: NVIDIA A100-SXM4-40GB
    Grid map file: ./protein.maps.fld
    Ligand file: ./ligand_4_4.pdbqt
    Output file: docking_result_4.dlg (+ xml)
    Using heuristics: (capped) number of evaluations set to 2068966
    Local-search chosen method is: ADADELTA (ad)

Rest of Setup time 0.306501s

Executing docking runs, stopping automatically after either reaching 0.15 kcal/mol standard deviation of
the best molecules of the last 4 * 5 generations, 42000 generations, or 2068966 evaluations:

Generations |  Evaluations |     Threshold    |  Average energy of best 10%  | Samples | Best Inter + Intra
------------+--------------+------------------+------------------------------+---------+-------------------
          0 |          150 |   -1.63 kcal/mol |   -2.59 +/-    0.34 kcal/mol |       6 |   -3.17 kcal/mol
          5 |       117312 |   -1.74 kcal/mol |   -5.11 +/-    1.64 kcal/mol |     861 |  -13.37 kcal/mol
         10 |       233584 |   -5.08 kcal/mol |   -9.46 +/-    1.17 kcal/mol |      45 |  -13.37 kcal/mol
         15 |       356125 |   -9.07 kcal/mol |  -13.02 +/-    0.43 kcal/mol |       7 |  -13.37 kcal/mol
         20 |       481445 |  -12.10 kcal/mol |  -13.32 +/-    0.04 kcal/mol |       4 |  -13.37 kcal/mol
         25 |       608922 |  -12.76 kcal/mol |  -13.38 +/-    0.06 kcal/mol |       5 |  -13.44 kcal/mol
         30 |       737259 |  -12.93 kcal/mol |  -13.31 +/-    0.11 kcal/mol |      12 |  -13.44 kcal/mol
         35 |       862492 |  -13.16 kcal/mol |  -13.47 +/-    0.16 kcal/mol |      10 |  -13.74 kcal/mol
         40 |       985643 |  -13.23 kcal/mol |  -13.63 +/-    0.12 kcal/mol |      10 |  -13.84 kcal/mol
         45 |      1107824 |  -13.45 kcal/mol |  -13.67 +/-    0.10 kcal/mol |       8 |  -13.84 kcal/mol
         50 |      1231249 |  -13.48 kcal/mol |  -13.63 +/-    0.09 kcal/mol |      15 |  -13.84 kcal/mol
         55 |      1354140 |  -13.54 kcal/mol |  -13.73 +/-    0.10 kcal/mol |      11 |  -13.84 kcal/mol
------------+--------------+------------------+------------------------------+---------+-------------------

                                   Finished evaluation after reaching
                                  -13.66 +/-    0.11 kcal/mol combined.
                             44 samples, best inter + intra   -13.84 kcal/mol.


Shutdown time 0.000725s

Job #4 took 0.834 sec after waiting 0.041 sec for setup

(Thread 0 is processing Job #4)
(Thread 0 is setting up Job #5)

Running Job #5:
    Device: NVIDIA A100-SXM4-40GB
    Grid map file: ./protein.maps.fld
    Ligand file: ./ligand_5_5.pdbqt
    Output file: docking_result_5.dlg (+ xml)
    Using heuristics: (capped) number of evaluations set to 2068966
    Local-search chosen method is: ADADELTA (ad)

Rest of Setup time 0.306461s

Executing docking runs, stopping automatically after either reaching 0.15 kcal/mol standard deviation of
the best molecules of the last 4 * 5 generations, 42000 generations, or 2068966 evaluations:

Generations |  Evaluations |     Threshold    |  Average energy of best 10%  | Samples | Best Inter + Intra
------------+--------------+------------------+------------------------------+---------+-------------------
          0 |          150 |   -1.51 kcal/mol |   -2.34 +/-    0.23 kcal/mol |       4 |   -2.69 kcal/mol
          5 |       129327 |   -1.47 kcal/mol |   -4.90 +/-    1.73 kcal/mol |    1093 |  -11.91 kcal/mol
         10 |       257012 |   -4.88 kcal/mol |   -9.64 +/-    1.05 kcal/mol |      42 |  -12.05 kcal/mol
         15 |       386019 |   -9.27 kcal/mol |  -11.81 +/-    0.25 kcal/mol |       6 |  -12.16 kcal/mol
         20 |       515223 |  -11.19 kcal/mol |  -11.86 +/-    0.28 kcal/mol |       5 |  -12.31 kcal/mol
         25 |       645215 |  -11.02 kcal/mol |  -12.19 +/-    0.21 kcal/mol |       9 |  -12.53 kcal/mol
         30 |       774539 |  -11.84 kcal/mol |  -12.54 +/-    0.13 kcal/mol |       4 |  -12.73 kcal/mol
         35 |       903361 |  -12.03 kcal/mol |  -12.67 +/-    0.05 kcal/mol |       5 |  -12.74 kcal/mol
         40 |      1030609 |  -12.22 kcal/mol |  -12.72 +/-    0.05 kcal/mol |       7 |  -12.83 kcal/mol
         45 |      1158506 |  -12.40 kcal/mol |  -12.80 +/-    0.08 kcal/mol |       8 |  -12.90 kcal/mol
         50 |      1281346 |  -12.65 kcal/mol |  -12.87 +/-    0.09 kcal/mol |       6 |  -12.98 kcal/mol
         55 |      1404065 |  -12.64 kcal/mol |  -12.85 +/-    0.13 kcal/mol |       8 |  -13.02 kcal/mol
         60 |      1523806 |  -12.62 kcal/mol |  -12.87 +/-    0.12 kcal/mol |       8 |  -13.02 kcal/mol
         65 |      1647715 |  -12.64 kcal/mol |  -12.87 +/-    0.14 kcal/mol |       7 |  -13.09 kcal/mol
         70 |      1771136 |  -12.57 kcal/mol |  -12.87 +/-    0.22 kcal/mol |      11 |  -13.42 kcal/mol
         75 |      1894055 |  -12.57 kcal/mol |  -13.07 +/-    0.21 kcal/mol |       5 |  -13.49 kcal/mol
         80 |      2019130 |  -12.43 kcal/mol |  -13.12 +/-    0.24 kcal/mol |       6 |  -13.49 kcal/mol
         83 |      2093650 |  -12.51 kcal/mol |  -13.07 +/-    0.22 kcal/mol |      14 |  -13.51 kcal/mol
------------+--------------+------------------+------------------------------+---------+-------------------

                                   Finished evaluation after reaching
                       2093650 evaluations. Best inter + intra   -13.51 kcal/mol.


Shutdown time 0.000737s

Job #5 took 1.042 sec after waiting 0.037 sec for setup

(Thread 0 is processing Job #5)
Run time of entire job set (5 files): 9.970 sec
Savings from multithreading: -0.001 sec
Idle time of execution thread: 4.667 sec

All jobs (5) ran without errors.
