AutoDock-GPU version: v1.6-7-ga46ab564d2ac5f1a1523f65239b43505a1c29364-dirty

Using 1 OpenMP threads

Running 4 docking calculations

Cuda device:                              NVIDIA A100-SXM4-40GB
Available memory on device:               39916 MB (total: 40339 MB)

CUDA Setup time 0.236217s
(Thread 0 is setting up Job #1)

Running Job #1:
    Device: NVIDIA A100-SXM4-40GB
    Grid map file: ./protein.maps.fld
    Ligand file: ./ligand_1_1.pdbqt
    Output file: docking_result_1.dlg (+ xml)
    Using heuristics: (capped) number of evaluations set to 3487417
    Overriding heuristics, setting number of evaluations to --nev = 2500000 instead.
    Local-search chosen method is: ADADELTA (ad)

Rest of Setup time 0.309449s

Executing docking runs, stopping automatically after either reaching 0.15 kcal/mol standard deviation of
the best molecules of the last 4 * 5 generations, 42000 generations, or 2500000 evaluations:

Generations |  Evaluations |     Threshold    |  Average energy of best 10%  | Samples | Best Inter + Intra
------------+--------------+------------------+------------------------------+---------+-------------------
          0 |          150 |   -1.49 kcal/mol |   -1.88 +/-    0.10 kcal/mol |       4 |   -1.99 kcal/mol
          5 |       155145 |   -1.49 kcal/mol |   -4.48 +/-    1.56 kcal/mol |    1108 |   -8.76 kcal/mol
         10 |       302603 |   -4.45 kcal/mol |   -8.23 +/-    0.45 kcal/mol |      59 |   -9.36 kcal/mol
         15 |       448226 |   -8.11 kcal/mol |   -9.52 +/-    0.40 kcal/mol |       9 |  -10.37 kcal/mol
         20 |       591235 |   -8.86 kcal/mol |  -10.42 +/-    0.37 kcal/mol |       7 |  -10.91 kcal/mol
         25 |       731381 |   -9.63 kcal/mol |  -10.64 +/-    0.15 kcal/mol |       5 |  -10.91 kcal/mol
         30 |       873249 |  -10.19 kcal/mol |  -10.70 +/-    0.12 kcal/mol |       4 |  -10.91 kcal/mol
         35 |      1014257 |  -10.25 kcal/mol |  -10.70 +/-    0.12 kcal/mol |       4 |  -10.91 kcal/mol
         40 |      1154561 |  -10.25 kcal/mol |  -10.68 +/-    0.12 kcal/mol |       5 |  -10.91 kcal/mol
------------+--------------+------------------+------------------------------+---------+-------------------

                                   Finished evaluation after reaching
                                  -10.68 +/-    0.13 kcal/mol combined.
                             18 samples, best inter + intra   -10.91 kcal/mol.


Shutdown time 0.000665s

Job #1 took 0.627 sec after waiting 4.548 sec for setup

(Thread 0 is processing Job #1)
(Thread 0 is setting up Job #2)

Running Job #2:
    Device: NVIDIA A100-SXM4-40GB
    Grid map file: ./protein.maps.fld
    Ligand file: ./ligand_2_2.pdbqt
    Output file: docking_result_2.dlg (+ xml)
    Using heuristics: (capped) number of evaluations set to 2068966
    Local-search chosen method is: ADADELTA (ad)

Rest of Setup time 0.306106s

Executing docking runs, stopping automatically after either reaching 0.15 kcal/mol standard deviation of
the best molecules of the last 4 * 5 generations, 42000 generations, or 2068966 evaluations:

Generations |  Evaluations |     Threshold    |  Average energy of best 10%  | Samples | Best Inter + Intra
------------+--------------+------------------+------------------------------+---------+-------------------
          0 |          150 |   -1.13 kcal/mol |   -2.93 +/-    0.63 kcal/mol |       4 |   -3.97 kcal/mol
          5 |       144904 |   -0.57 kcal/mol |   -4.89 +/-    1.30 kcal/mol |    1002 |   -9.57 kcal/mol
         10 |       287540 |   -4.87 kcal/mol |   -8.22 +/-    0.63 kcal/mol |      66 |  -10.89 kcal/mol
         15 |       431713 |   -8.08 kcal/mol |  -10.49 +/-    0.52 kcal/mol |       5 |  -10.91 kcal/mol
         20 |       574886 |   -8.93 kcal/mol |  -10.71 +/-    0.15 kcal/mol |       7 |  -10.91 kcal/mol
         25 |       714665 |  -10.38 kcal/mol |  -10.82 +/-    0.16 kcal/mol |      11 |  -11.02 kcal/mol
         30 |       854552 |  -10.60 kcal/mol |  -10.88 +/-    0.15 kcal/mol |       7 |  -11.05 kcal/mol
         35 |       992818 |  -10.55 kcal/mol |  -10.81 +/-    0.17 kcal/mol |       7 |  -11.06 kcal/mol
         40 |      1132563 |  -10.45 kcal/mol |  -10.77 +/-    0.18 kcal/mol |       8 |  -11.06 kcal/mol
         45 |      1272669 |  -10.44 kcal/mol |  -10.73 +/-    0.15 kcal/mol |       7 |  -11.06 kcal/mol
         50 |      1411618 |  -10.41 kcal/mol |  -10.95 +/-    0.10 kcal/mol |       9 |  -11.06 kcal/mol
         55 |      1552373 |  -10.79 kcal/mol |  -10.99 +/-    0.09 kcal/mol |      10 |  -11.08 kcal/mol
         60 |      1689911 |  -10.86 kcal/mol |  -11.04 +/-    0.03 kcal/mol |       5 |  -11.08 kcal/mol
         65 |      1828719 |  -10.59 kcal/mol |  -10.90 +/-    0.13 kcal/mol |       9 |  -11.09 kcal/mol
         70 |      1967238 |  -10.68 kcal/mol |  -10.95 +/-    0.11 kcal/mol |      10 |  -11.09 kcal/mol
------------+--------------+------------------+------------------------------+---------+-------------------

                                   Finished evaluation after reaching
                                  -10.96 +/-    0.11 kcal/mol combined.
                             34 samples, best inter + intra   -11.09 kcal/mol.


Shutdown time 0.000678s

Job #2 took 0.849 sec after waiting 0.023 sec for setup

(Thread 0 is processing Job #2)
(Thread 0 is setting up Job #3)

Running Job #3:
    Device: NVIDIA A100-SXM4-40GB
    Grid map file: ./protein.maps.fld
    Ligand file: ./ligand_3_3.pdbqt
    Output file: docking_result_3.dlg (+ xml)
    Using heuristics: (capped) number of evaluations set to 8617129
    Overriding heuristics, setting number of evaluations to --nev = 2500000 instead.
    Warning: The set number of evals is 8.18% of the uncapped heuristics estimate of 30567396 evals.
             This means this docking may not be able to converge. Increasing --heurmax may improve
             convergence but will also increase runtime.
             AutoStop will not stop before 84.62% (2115382) of the set number of evaluations.
    Local-search chosen method is: ADADELTA (ad)

Rest of Setup time 0.305402s

Executing docking runs, stopping automatically after either reaching 0.15 kcal/mol standard deviation of
the best molecules of the last 4 * 5 generations, 42000 generations, or 2500000 evaluations:

Generations |  Evaluations |     Threshold    |  Average energy of best 10%  | Samples | Best Inter + Intra
------------+--------------+------------------+------------------------------+---------+-------------------
          0 |          150 |  441.32 kcal/mol |  336.97 +/-   31.52 kcal/mol |       5 |  283.60 kcal/mol
          5 |       133828 |  431.55 kcal/mol |    6.15 +/-   26.36 kcal/mol |    1216 |   -9.45 kcal/mol
         10 |       244345 |    6.48 kcal/mol |  -10.13 +/-    0.69 kcal/mol |       4 |  -11.18 kcal/mol
         15 |       357105 |   -7.56 kcal/mol |  -10.12 +/-    0.76 kcal/mol |       9 |  -11.18 kcal/mol
         20 |       469956 |   -8.87 kcal/mol |  -10.77 +/-    0.25 kcal/mol |       5 |  -11.18 kcal/mol
         25 |       580540 |  -10.03 kcal/mol |  -10.82 +/-    0.26 kcal/mol |       4 |  -11.18 kcal/mol
         30 |       690759 |   -9.84 kcal/mol |  -10.98 +/-    0.17 kcal/mol |       5 |  -11.18 kcal/mol
         35 |       798788 |  -10.48 kcal/mol |  -11.24 +/-    0.21 kcal/mol |       6 |  -11.57 kcal/mol
         40 |       906582 |  -10.72 kcal/mol |  -11.19 +/-    0.22 kcal/mol |       6 |  -11.57 kcal/mol
         45 |      1013068 |  -10.65 kcal/mol |  -11.41 +/-    0.15 kcal/mol |       5 |  -11.57 kcal/mol
         50 |      1118333 |  -10.96 kcal/mol |  -11.33 +/-    0.18 kcal/mol |       6 |  -11.57 kcal/mol
         55 |      1222093 |  -10.88 kcal/mol |  -11.22 +/-    0.21 kcal/mol |       8 |  -11.57 kcal/mol
         60 |      1321632 |  -10.83 kcal/mol |  -11.48 +/-    0.20 kcal/mol |       4 |  -11.76 kcal/mol
         65 |      1423361 |  -10.74 kcal/mol |  -11.36 +/-    0.23 kcal/mol |       6 |  -11.76 kcal/mol
         70 |      1524236 |  -10.79 kcal/mol |  -11.65 +/-    0.19 kcal/mol |       6 |  -11.89 kcal/mol
         75 |      1621736 |  -11.17 kcal/mol |  -11.71 +/-    0.13 kcal/mol |       4 |  -11.89 kcal/mol
         80 |      1720730 |  -11.21 kcal/mol |  -11.71 +/-    0.13 kcal/mol |       4 |  -11.89 kcal/mol
         85 |      1818771 |  -11.22 kcal/mol |  -11.60 +/-    0.14 kcal/mol |      13 |  -11.89 kcal/mol
         90 |      1915549 |  -11.44 kcal/mol |  -11.66 +/-    0.15 kcal/mol |      12 |  -12.06 kcal/mol
         95 |      2012644 |  -11.47 kcal/mol |  -11.81 +/-    0.19 kcal/mol |      10 |  -12.09 kcal/mol
        100 |      2109653 |  -11.52 kcal/mol |  -11.80 +/-    0.22 kcal/mol |       8 |  -12.24 kcal/mol
        105 |      2203557 |  -11.39 kcal/mol |  -11.76 +/-    0.19 kcal/mol |       8 |  -12.24 kcal/mol
        110 |      2298920 |  -11.40 kcal/mol |  -11.68 +/-    0.20 kcal/mol |      11 |  -12.24 kcal/mol
        115 |      2390936 |  -11.40 kcal/mol |  -11.75 +/-    0.20 kcal/mol |      10 |  -12.24 kcal/mol
        120 |      2481693 |  -11.46 kcal/mol |  -11.80 +/-    0.21 kcal/mol |       9 |  -12.24 kcal/mol
        122 |      2517355 |  -11.45 kcal/mol |  -12.20 +/-    0.06 kcal/mol |       6 |  -12.24 kcal/mol
------------+--------------+------------------+------------------------------+---------+-------------------

                                   Finished evaluation after reaching
                       2517355 evaluations. Best inter + intra   -12.24 kcal/mol.


Shutdown time 0.000649s

Job #3 took 1.508 sec after waiting 0.025 sec for setup

(Thread 0 is processing Job #3)
(Thread 0 is setting up Job #4)

Running Job #4:
    Device: NVIDIA A100-SXM4-40GB
    Grid map file: ./protein.maps.fld
    Ligand file: ./ligand_4_4.pdbqt
    Output file: docking_result_4.dlg (+ xml)
    Using heuristics: (capped) number of evaluations set to 2068966
    Local-search chosen method is: ADADELTA (ad)

Rest of Setup time 0.305571s

Executing docking runs, stopping automatically after either reaching 0.15 kcal/mol standard deviation of
the best molecules of the last 4 * 5 generations, 42000 generations, or 2068966 evaluations:

Generations |  Evaluations |     Threshold    |  Average energy of best 10%  | Samples | Best Inter + Intra
------------+--------------+------------------+------------------------------+---------+-------------------
          0 |          150 |   -1.47 kcal/mol |   -1.62 +/-    0.13 kcal/mol |      13 |   -1.89 kcal/mol
          5 |       131186 |   -1.47 kcal/mol |   -4.02 +/-    1.32 kcal/mol |     847 |   -9.06 kcal/mol
         10 |       260901 |   -4.00 kcal/mol |   -7.61 +/-    0.64 kcal/mol |      34 |   -9.11 kcal/mol
         15 |       396265 |   -7.32 kcal/mol |   -8.94 +/-    0.36 kcal/mol |       6 |   -9.66 kcal/mol
         20 |       532334 |   -8.05 kcal/mol |   -9.19 +/-    0.35 kcal/mol |       6 |   -9.69 kcal/mol
         25 |       667628 |   -8.33 kcal/mol |   -9.57 +/-    0.21 kcal/mol |       4 |   -9.69 kcal/mol
         30 |       803577 |   -8.80 kcal/mol |   -9.30 +/-    0.19 kcal/mol |       5 |   -9.69 kcal/mol
         35 |       939556 |   -8.72 kcal/mol |   -9.37 +/-    0.17 kcal/mol |      11 |   -9.69 kcal/mol
         40 |      1074394 |   -9.13 kcal/mol |   -9.58 +/-    0.11 kcal/mol |      10 |   -9.69 kcal/mol
         45 |      1206997 |   -9.41 kcal/mol |   -9.57 +/-    0.10 kcal/mol |      11 |   -9.69 kcal/mol
         50 |      1339922 |   -9.44 kcal/mol |   -9.59 +/-    0.09 kcal/mol |      23 |   -9.69 kcal/mol
------------+--------------+------------------+------------------------------+---------+-------------------

                                   Finished evaluation after reaching
                                   -9.54 +/-    0.15 kcal/mol combined.
                             55 samples, best inter + intra    -9.69 kcal/mol.


Shutdown time 0.000621s

Job #4 took 0.650 sec after waiting 0.047 sec for setup

(Thread 0 is processing Job #4)
Run time of entire job set (4 files): 8.300 sec
Savings from multithreading: -0.000 sec
Idle time of execution thread: 4.665 sec

All jobs (4) ran without errors.
