AutoDock-GPU version: v1.6-7-ga46ab564d2ac5f1a1523f65239b43505a1c29364-dirty

Using 1 OpenMP threads

Running 3 docking calculations

Cuda device:                              NVIDIA A100-SXM4-40GB
Available memory on device:               39916 MB (total: 40339 MB)

CUDA Setup time 0.230182s
(Thread 0 is setting up Job #1)

Running Job #1:
    Device: NVIDIA A100-SXM4-40GB
    Grid map file: ./protein.maps.fld
    Ligand file: ./ligand_1_1.pdbqt
    Output file: docking_result_1.dlg (+ xml)
    Using heuristics: (capped) number of evaluations set to 2068966
    Local-search chosen method is: ADADELTA (ad)

Rest of Setup time 0.308808s

Executing docking runs, stopping automatically after either reaching 0.15 kcal/mol standard deviation of
the best molecules of the last 4 * 5 generations, 42000 generations, or 2068966 evaluations:

Generations |  Evaluations |     Threshold    |  Average energy of best 10%  | Samples | Best Inter + Intra
------------+--------------+------------------+------------------------------+---------+-------------------
          0 |          150 |   -1.09 kcal/mol |   -2.22 +/-    0.37 kcal/mol |       5 |   -2.78 kcal/mol
          5 |       128438 |   -1.11 kcal/mol |   -4.53 +/-    1.47 kcal/mol |     925 |  -11.17 kcal/mol
         10 |       251839 |   -4.50 kcal/mol |   -8.56 +/-    1.03 kcal/mol |      43 |  -11.87 kcal/mol
         15 |       380514 |   -8.20 kcal/mol |  -11.62 +/-    0.30 kcal/mol |       5 |  -11.87 kcal/mol
         20 |       504540 |  -10.72 kcal/mol |  -11.67 +/-    0.38 kcal/mol |       4 |  -12.30 kcal/mol
         25 |       628830 |  -10.24 kcal/mol |  -11.86 +/-    0.38 kcal/mol |       9 |  -12.30 kcal/mol
         30 |       755404 |  -11.22 kcal/mol |  -12.15 +/-    0.14 kcal/mol |       4 |  -12.30 kcal/mol
         35 |       881007 |  -11.62 kcal/mol |  -12.29 +/-    0.02 kcal/mol |       3 |  -12.30 kcal/mol
         40 |      1006897 |  -11.54 kcal/mol |  -12.11 +/-    0.30 kcal/mol |       4 |  -12.30 kcal/mol
         45 |      1131215 |  -10.97 kcal/mol |  -11.89 +/-    0.36 kcal/mol |       5 |  -12.39 kcal/mol
         50 |      1254401 |  -10.80 kcal/mol |  -12.13 +/-    0.30 kcal/mol |       5 |  -12.39 kcal/mol
         55 |      1379086 |  -11.23 kcal/mol |  -12.22 +/-    0.18 kcal/mol |       5 |  -12.39 kcal/mol
         60 |      1500576 |  -11.67 kcal/mol |  -12.19 +/-    0.21 kcal/mol |       3 |  -12.39 kcal/mol
         65 |      1624756 |  -11.16 kcal/mol |  -12.16 +/-    0.23 kcal/mol |       9 |  -12.39 kcal/mol
         70 |      1748658 |  -11.78 kcal/mol |  -12.27 +/-    0.13 kcal/mol |       6 |  -12.39 kcal/mol
         75 |      1869568 |  -11.95 kcal/mol |  -12.27 +/-    0.12 kcal/mol |       7 |  -12.39 kcal/mol
         80 |      1988962 |  -12.02 kcal/mol |  -12.27 +/-    0.13 kcal/mol |       9 |  -12.41 kcal/mol
         84 |      2085888 |  -12.05 kcal/mol |  -12.27 +/-    0.12 kcal/mol |      20 |  -12.41 kcal/mol
------------+--------------+------------------+------------------------------+---------+-------------------

                                   Finished evaluation after reaching
                       2085888 evaluations. Best inter + intra   -12.41 kcal/mol.


Shutdown time 0.000698s

Job #1 took 1.043 sec after waiting 4.461 sec for setup

(Thread 0 is processing Job #1)
(Thread 0 is setting up Job #2)

Running Job #2:
    Device: NVIDIA A100-SXM4-40GB
    Grid map file: ./protein.maps.fld
    Ligand file: ./ligand_2_2.pdbqt
    Output file: docking_result_2.dlg (+ xml)
    Using heuristics: (capped) number of evaluations set to 2068966
    Local-search chosen method is: ADADELTA (ad)

Rest of Setup time 0.306767s

Executing docking runs, stopping automatically after either reaching 0.15 kcal/mol standard deviation of
the best molecules of the last 4 * 5 generations, 42000 generations, or 2068966 evaluations:

Generations |  Evaluations |     Threshold    |  Average energy of best 10%  | Samples | Best Inter + Intra
------------+--------------+------------------+------------------------------+---------+-------------------
          0 |          150 |   -1.34 kcal/mol |   -1.93 +/-    0.32 kcal/mol |       4 |   -2.40 kcal/mol
          5 |       134379 |   -0.72 kcal/mol |   -4.19 +/-    1.80 kcal/mol |    1095 |  -11.15 kcal/mol
         10 |       264092 |   -4.17 kcal/mol |   -8.98 +/-    1.01 kcal/mol |      53 |  -11.52 kcal/mol
         15 |       395907 |   -8.70 kcal/mol |  -11.07 +/-    0.22 kcal/mol |       7 |  -11.52 kcal/mol
         20 |       528103 |  -10.60 kcal/mol |  -11.18 +/-    0.19 kcal/mol |       5 |  -11.52 kcal/mol
         25 |       659644 |  -10.63 kcal/mol |  -11.34 +/-    0.13 kcal/mol |       6 |  -11.52 kcal/mol
         30 |       792396 |  -11.00 kcal/mol |  -11.41 +/-    0.10 kcal/mol |       6 |  -11.52 kcal/mol
         35 |       922583 |  -11.15 kcal/mol |  -11.54 +/-    0.03 kcal/mol |       5 |  -11.58 kcal/mol
         40 |      1055626 |  -11.09 kcal/mol |  -11.53 +/-    0.06 kcal/mol |       6 |  -11.59 kcal/mol
         45 |      1188455 |  -11.15 kcal/mol |  -11.44 +/-    0.11 kcal/mol |       9 |  -11.60 kcal/mol
         50 |      1319542 |  -11.26 kcal/mol |  -11.50 +/-    0.06 kcal/mol |       7 |  -11.60 kcal/mol
------------+--------------+------------------+------------------------------+---------+-------------------

                                   Finished evaluation after reaching
                                  -11.50 +/-    0.09 kcal/mol combined.
                             27 samples, best inter + intra   -11.60 kcal/mol.


Shutdown time 0.000691s

Job #2 took 0.680 sec after waiting 0.030 sec for setup

(Thread 0 is processing Job #2)
(Thread 0 is setting up Job #3)

Running Job #3:
    Device: NVIDIA A100-SXM4-40GB
    Grid map file: ./protein.maps.fld
    Ligand file: ./ligand_3_3.pdbqt
    Output file: docking_result_3.dlg (+ xml)
    Using heuristics: (capped) number of evaluations set to 2068966
    Local-search chosen method is: ADADELTA (ad)

Rest of Setup time 0.301848s

Executing docking runs, stopping automatically after either reaching 0.15 kcal/mol standard deviation of
the best molecules of the last 4 * 5 generations, 42000 generations, or 2068966 evaluations:

Generations |  Evaluations |     Threshold    |  Average energy of best 10%  | Samples | Best Inter + Intra
------------+--------------+------------------+------------------------------+---------+-------------------
          0 |          150 |   -1.19 kcal/mol |   -2.36 +/-    0.31 kcal/mol |       4 |   -2.89 kcal/mol
          5 |       131201 |   -1.19 kcal/mol |   -4.50 +/-    1.45 kcal/mol |     925 |   -9.25 kcal/mol
         10 |       259247 |   -4.48 kcal/mol |   -8.59 +/-    0.86 kcal/mol |      35 |  -10.31 kcal/mol
         15 |       390231 |   -8.22 kcal/mol |  -10.13 +/-    0.37 kcal/mol |       5 |  -10.69 kcal/mol
         20 |       519883 |   -9.02 kcal/mol |  -10.31 +/-    0.39 kcal/mol |      16 |  -10.96 kcal/mol
         25 |       649696 |   -9.94 kcal/mol |  -10.86 +/-    0.14 kcal/mol |       4 |  -10.98 kcal/mol
         30 |       779843 |  -10.32 kcal/mol |  -11.03 +/-    0.34 kcal/mol |       9 |  -11.69 kcal/mol
         35 |       908416 |  -10.46 kcal/mol |  -11.23 +/-    0.29 kcal/mol |       4 |  -11.69 kcal/mol
         40 |      1036421 |  -10.14 kcal/mol |  -11.12 +/-    0.27 kcal/mol |      15 |  -11.69 kcal/mol
         45 |      1163398 |  -10.85 kcal/mol |  -11.47 +/-    0.17 kcal/mol |       9 |  -11.69 kcal/mol
         50 |      1292358 |  -11.18 kcal/mol |  -11.51 +/-    0.16 kcal/mol |       7 |  -11.69 kcal/mol
         55 |      1421959 |  -11.16 kcal/mol |  -11.41 +/-    0.19 kcal/mol |      17 |  -11.69 kcal/mol
         60 |      1548996 |  -11.25 kcal/mol |  -11.48 +/-    0.14 kcal/mol |       9 |  -11.69 kcal/mol
         65 |      1678717 |  -11.26 kcal/mol |  -11.44 +/-    0.15 kcal/mol |       9 |  -11.69 kcal/mol
         70 |      1806451 |  -11.19 kcal/mol |  -11.46 +/-    0.11 kcal/mol |      21 |  -11.69 kcal/mol
------------+--------------+------------------+------------------------------+---------+-------------------

                                   Finished evaluation after reaching
                                  -11.45 +/-    0.15 kcal/mol combined.
                             56 samples, best inter + intra   -11.69 kcal/mol.


Shutdown time 0.000668s

Job #3 took 0.892 sec after waiting 0.028 sec for setup

(Thread 0 is processing Job #3)
Run time of entire job set (3 files): 7.165 sec
Savings from multithreading: -0.001 sec
Idle time of execution thread: 4.549 sec

All jobs (3) ran without errors.
