AutoDock-GPU version: v1.6-7-ga46ab564d2ac5f1a1523f65239b43505a1c29364-dirty

Using 1 OpenMP threads

Running 10 docking calculations

Cuda device:                              NVIDIA A100-SXM4-40GB
Available memory on device:               39916 MB (total: 40339 MB)

CUDA Setup time 0.232045s
(Thread 0 is setting up Job #1)

Running Job #1:
    Device: NVIDIA A100-SXM4-40GB
    Grid map file: ./protein.maps.fld
    Ligand file: ./ligand_1_1.pdbqt
    Output file: docking_result_1.dlg (+ xml)
    Using heuristics: (capped) number of evaluations set to 2845257
    Overriding heuristics, setting number of evaluations to --nev = 2500000 instead.
    Local-search chosen method is: ADADELTA (ad)

Rest of Setup time 0.304408s

Executing docking runs, stopping automatically after either reaching 0.15 kcal/mol standard deviation of
the best molecules of the last 4 * 5 generations, 42000 generations, or 2500000 evaluations:

Generations |  Evaluations |     Threshold    |  Average energy of best 10%  | Samples | Best Inter + Intra
------------+--------------+------------------+------------------------------+---------+-------------------
          0 |          150 |   -2.33 kcal/mol |   -3.30 +/-    0.32 kcal/mol |       5 |   -3.79 kcal/mol
          5 |       122786 |   -2.33 kcal/mol |   -6.23 +/-    1.89 kcal/mol |    1011 |  -13.64 kcal/mol
         10 |       248656 |   -6.20 kcal/mol |  -11.19 +/-    1.24 kcal/mol |      46 |  -14.21 kcal/mol
         15 |       378512 |  -10.78 kcal/mol |  -14.29 +/-    0.38 kcal/mol |       6 |  -14.98 kcal/mol
         20 |       510328 |  -13.33 kcal/mol |  -14.80 +/-    0.49 kcal/mol |       5 |  -15.53 kcal/mol
         25 |       645928 |  -13.32 kcal/mol |  -14.68 +/-    0.52 kcal/mol |       5 |  -15.53 kcal/mol
         30 |       784977 |  -13.13 kcal/mol |  -15.00 +/-    0.42 kcal/mol |      10 |  -15.58 kcal/mol
         35 |       920648 |  -14.37 kcal/mol |  -15.15 +/-    0.30 kcal/mol |       5 |  -15.61 kcal/mol
         40 |      1054635 |  -14.26 kcal/mol |  -15.46 +/-    0.14 kcal/mol |       8 |  -15.61 kcal/mol
         45 |      1187156 |  -15.19 kcal/mol |  -15.56 +/-    0.09 kcal/mol |       9 |  -15.70 kcal/mol
         50 |      1318909 |  -15.41 kcal/mol |  -15.63 +/-    0.09 kcal/mol |      11 |  -15.86 kcal/mol
         55 |      1450039 |  -15.50 kcal/mol |  -15.64 +/-    0.09 kcal/mol |      12 |  -15.86 kcal/mol
         60 |      1575754 |  -15.53 kcal/mol |  -15.66 +/-    0.10 kcal/mol |       8 |  -15.88 kcal/mol
         65 |      1703496 |  -15.47 kcal/mol |  -15.66 +/-    0.12 kcal/mol |      17 |  -15.88 kcal/mol
         70 |      1831838 |  -15.55 kcal/mol |  -15.69 +/-    0.11 kcal/mol |      19 |  -15.90 kcal/mol
         75 |      1961221 |  -15.60 kcal/mol |  -15.72 +/-    0.11 kcal/mol |       9 |  -15.90 kcal/mol
         80 |      2090158 |  -15.54 kcal/mol |  -15.72 +/-    0.12 kcal/mol |      16 |  -15.90 kcal/mol
         85 |      2219817 |  -15.61 kcal/mol |  -15.74 +/-    0.08 kcal/mol |      10 |  -15.90 kcal/mol
------------+--------------+------------------+------------------------------+---------+-------------------

                                   Finished evaluation after reaching
                                  -15.71 +/-    0.11 kcal/mol combined.
                             54 samples, best inter + intra   -15.90 kcal/mol.


Shutdown time 0.000663s

Job #1 took 1.266 sec after waiting 4.463 sec for setup

(Thread 0 is processing Job #1)
(Thread 0 is setting up Job #2)

Running Job #2:
    Device: NVIDIA A100-SXM4-40GB
    Grid map file: ./protein.maps.fld
    Ligand file: ./ligand_2_2.pdbqt
    Output file: docking_result_2.dlg (+ xml)
    Using heuristics: (capped) number of evaluations set to 2068966
    Local-search chosen method is: ADADELTA (ad)

Rest of Setup time 0.302030s

Executing docking runs, stopping automatically after either reaching 0.15 kcal/mol standard deviation of
the best molecules of the last 4 * 5 generations, 42000 generations, or 2068966 evaluations:

Generations |  Evaluations |     Threshold    |  Average energy of best 10%  | Samples | Best Inter + Intra
------------+--------------+------------------+------------------------------+---------+-------------------
          0 |          150 |   -1.21 kcal/mol |   -2.51 +/-    0.44 kcal/mol |      12 |   -3.75 kcal/mol
          5 |       137492 |   -1.96 kcal/mol |   -5.75 +/-    1.51 kcal/mol |     961 |  -12.06 kcal/mol
         10 |       275216 |   -5.73 kcal/mol |   -9.92 +/-    0.93 kcal/mol |      40 |  -12.08 kcal/mol
         15 |       412429 |   -9.57 kcal/mol |  -11.94 +/-    0.22 kcal/mol |      13 |  -12.41 kcal/mol
         20 |       547946 |  -11.69 kcal/mol |  -12.23 +/-    0.17 kcal/mol |       9 |  -12.49 kcal/mol
         25 |       680818 |  -11.95 kcal/mol |  -12.66 +/-    0.28 kcal/mol |       7 |  -13.10 kcal/mol
         30 |       814046 |  -12.06 kcal/mol |  -12.85 +/-    0.20 kcal/mol |       5 |  -13.10 kcal/mol
         35 |       947320 |  -12.24 kcal/mol |  -12.86 +/-    0.20 kcal/mol |       5 |  -13.10 kcal/mol
         40 |      1078425 |  -12.27 kcal/mol |  -12.88 +/-    0.18 kcal/mol |       5 |  -13.10 kcal/mol
         45 |      1209334 |  -12.33 kcal/mol |  -12.95 +/-    0.19 kcal/mol |       8 |  -13.22 kcal/mol
         50 |      1339538 |  -12.59 kcal/mol |  -13.24 +/-    0.19 kcal/mol |       4 |  -13.56 kcal/mol
         55 |      1470632 |  -12.52 kcal/mol |  -13.16 +/-    0.17 kcal/mol |       8 |  -13.56 kcal/mol
         60 |      1598920 |  -12.84 kcal/mol |  -13.24 +/-    0.18 kcal/mol |       5 |  -13.56 kcal/mol
         65 |      1728633 |  -12.70 kcal/mol |  -13.25 +/-    0.21 kcal/mol |       7 |  -13.56 kcal/mol
         70 |      1859759 |  -12.80 kcal/mol |  -13.50 +/-    0.10 kcal/mol |       6 |  -13.62 kcal/mol
         75 |      1991816 |  -13.23 kcal/mol |  -13.52 +/-    0.08 kcal/mol |       3 |  -13.62 kcal/mol
         78 |      2072115 |  -13.10 kcal/mol |  -13.49 +/-    0.10 kcal/mol |       9 |  -13.62 kcal/mol
------------+--------------+------------------+------------------------------+---------+-------------------

                                   Finished evaluation after reaching
                       2072115 evaluations. Best inter + intra   -13.62 kcal/mol.


Shutdown time 0.000653s

Job #2 took 0.983 sec after waiting 0.048 sec for setup

(Thread 0 is processing Job #2)
(Thread 0 is setting up Job #3)

Running Job #3:
    Device: NVIDIA A100-SXM4-40GB
    Grid map file: ./protein.maps.fld
    Ligand file: ./ligand_3_3.pdbqt
    Output file: docking_result_3.dlg (+ xml)
    Using heuristics: (capped) number of evaluations set to 2068966
    Local-search chosen method is: ADADELTA (ad)

Rest of Setup time 0.302435s

Executing docking runs, stopping automatically after either reaching 0.15 kcal/mol standard deviation of
the best molecules of the last 4 * 5 generations, 42000 generations, or 2068966 evaluations:

Generations |  Evaluations |     Threshold    |  Average energy of best 10%  | Samples | Best Inter + Intra
------------+--------------+------------------+------------------------------+---------+-------------------
          0 |          150 |   -2.00 kcal/mol |   -2.56 +/-    0.15 kcal/mol |       4 |   -2.81 kcal/mol
          5 |       119468 |   -2.00 kcal/mol |   -4.67 +/-    1.47 kcal/mol |     862 |  -10.67 kcal/mol
         10 |       239400 |   -4.65 kcal/mol |   -8.60 +/-    0.85 kcal/mol |      45 |  -10.67 kcal/mol
         15 |       365500 |   -8.31 kcal/mol |  -10.64 +/-    0.13 kcal/mol |       8 |  -10.88 kcal/mol
         20 |       490271 |  -10.40 kcal/mol |  -10.81 +/-    0.15 kcal/mol |       6 |  -11.14 kcal/mol
         25 |       614977 |  -10.43 kcal/mol |  -11.15 +/-    0.25 kcal/mol |       7 |  -11.70 kcal/mol
         30 |       741429 |  -10.62 kcal/mol |  -11.25 +/-    0.21 kcal/mol |       7 |  -11.74 kcal/mol
         35 |       867451 |  -10.81 kcal/mol |  -11.27 +/-    0.24 kcal/mol |       5 |  -11.74 kcal/mol
         40 |       996221 |  -10.55 kcal/mol |  -11.26 +/-    0.18 kcal/mol |       8 |  -11.74 kcal/mol
         45 |      1122576 |  -10.92 kcal/mol |  -11.54 +/-    0.30 kcal/mol |       4 |  -11.84 kcal/mol
         50 |      1248860 |  -10.41 kcal/mol |  -11.38 +/-    0.29 kcal/mol |       7 |  -11.84 kcal/mol
         55 |      1376005 |  -10.76 kcal/mol |  -11.33 +/-    0.23 kcal/mol |       6 |  -11.85 kcal/mol
         60 |      1503184 |  -10.76 kcal/mol |  -11.22 +/-    0.23 kcal/mol |      10 |  -11.85 kcal/mol
         65 |      1631661 |  -10.87 kcal/mol |  -11.28 +/-    0.22 kcal/mol |       8 |  -11.85 kcal/mol
         70 |      1760760 |  -10.87 kcal/mol |  -11.34 +/-    0.24 kcal/mol |      11 |  -11.85 kcal/mol
         75 |      1888140 |  -11.00 kcal/mol |  -11.25 +/-    0.20 kcal/mol |      12 |  -11.85 kcal/mol
         80 |      2016799 |  -10.99 kcal/mol |  -11.24 +/-    0.20 kcal/mol |      14 |  -11.85 kcal/mol
         83 |      2092542 |  -11.02 kcal/mol |  -11.32 +/-    0.19 kcal/mol |      20 |  -11.85 kcal/mol
------------+--------------+------------------+------------------------------+---------+-------------------

                                   Finished evaluation after reaching
                       2092542 evaluations. Best inter + intra   -11.85 kcal/mol.


Shutdown time 0.000679s

Job #3 took 0.891 sec after waiting 0.034 sec for setup

(Thread 0 is processing Job #3)
(Thread 0 is setting up Job #4)

Running Job #4:
    Device: NVIDIA A100-SXM4-40GB
    Grid map file: ./protein.maps.fld
    Ligand file: ./ligand_4_4.pdbqt
    Output file: docking_result_4.dlg (+ xml)
    Using heuristics: (capped) number of evaluations set to 2068966
    Local-search chosen method is: ADADELTA (ad)

Rest of Setup time 0.302352s

Executing docking runs, stopping automatically after either reaching 0.15 kcal/mol standard deviation of
the best molecules of the last 4 * 5 generations, 42000 generations, or 2068966 evaluations:

Generations |  Evaluations |     Threshold    |  Average energy of best 10%  | Samples | Best Inter + Intra
------------+--------------+------------------+------------------------------+---------+-------------------
          0 |          150 |   -0.92 kcal/mol |   -1.27 +/-    0.24 kcal/mol |      10 |   -1.83 kcal/mol
          5 |       136439 |   -0.92 kcal/mol |   -3.53 +/-    1.18 kcal/mol |     899 |   -8.40 kcal/mol
         10 |       268322 |   -3.51 kcal/mol |   -6.81 +/-    0.74 kcal/mol |      56 |   -8.40 kcal/mol
         15 |       402011 |   -6.62 kcal/mol |   -8.32 +/-    0.12 kcal/mol |       6 |   -8.41 kcal/mol
         20 |       537452 |   -8.02 kcal/mol |   -8.59 +/-    0.18 kcal/mol |       5 |   -8.89 kcal/mol
         25 |       671225 |   -8.04 kcal/mol |   -8.71 +/-    0.12 kcal/mol |       6 |   -8.91 kcal/mol
         30 |       804544 |   -8.40 kcal/mol |   -8.88 +/-    0.10 kcal/mol |       9 |   -9.05 kcal/mol
         35 |       936765 |   -8.71 kcal/mol |   -8.95 +/-    0.07 kcal/mol |       6 |   -9.05 kcal/mol
         40 |      1070162 |   -8.57 kcal/mol |   -8.86 +/-    0.13 kcal/mol |      12 |   -9.05 kcal/mol
         45 |      1201745 |   -8.70 kcal/mol |   -8.89 +/-    0.11 kcal/mol |      17 |   -9.09 kcal/mol
         50 |      1332007 |   -8.79 kcal/mol |   -8.95 +/-    0.13 kcal/mol |      14 |   -9.21 kcal/mol
         55 |      1461570 |   -8.81 kcal/mol |   -8.97 +/-    0.14 kcal/mol |      13 |   -9.23 kcal/mol
         60 |      1588145 |   -8.82 kcal/mol |   -9.05 +/-    0.15 kcal/mol |      19 |   -9.42 kcal/mol
         65 |      1716142 |   -8.93 kcal/mol |   -9.34 +/-    0.07 kcal/mol |       7 |   -9.43 kcal/mol
         70 |      1841032 |   -9.02 kcal/mol |   -9.25 +/-    0.15 kcal/mol |      10 |   -9.43 kcal/mol
         75 |      1963923 |   -9.03 kcal/mol |   -9.21 +/-    0.12 kcal/mol |      11 |   -9.43 kcal/mol
         80 |      2086537 |   -9.05 kcal/mol |   -9.24 +/-    0.12 kcal/mol |      20 |   -9.43 kcal/mol
------------+--------------+------------------+------------------------------+---------+-------------------

                                   Finished evaluation after reaching
                       2086537 evaluations. Best inter + intra    -9.43 kcal/mol.


Shutdown time 0.000678s

Job #4 took 0.788 sec after waiting 0.025 sec for setup

(Thread 0 is processing Job #4)
(Thread 0 is setting up Job #5)

Running Job #5:
    Device: NVIDIA A100-SXM4-40GB
    Grid map file: ./protein.maps.fld
    Ligand file: ./ligand_5_5.pdbqt
    Output file: docking_result_5.dlg (+ xml)
    Using heuristics: (capped) number of evaluations set to 2280181
    Local-search chosen method is: ADADELTA (ad)

Rest of Setup time 0.306542s

Executing docking runs, stopping automatically after either reaching 0.15 kcal/mol standard deviation of
the best molecules of the last 4 * 5 generations, 42000 generations, or 2280181 evaluations:

Generations |  Evaluations |     Threshold    |  Average energy of best 10%  | Samples | Best Inter + Intra
------------+--------------+------------------+------------------------------+---------+-------------------
          0 |          150 |   -1.70 kcal/mol |   -2.77 +/-    0.28 kcal/mol |       4 |   -3.10 kcal/mol
          5 |       134392 |   -1.70 kcal/mol |   -5.31 +/-    1.63 kcal/mol |    1059 |  -11.16 kcal/mol
         10 |       266377 |   -5.29 kcal/mol |   -9.61 +/-    0.94 kcal/mol |      41 |  -11.92 kcal/mol
         15 |       399891 |   -9.26 kcal/mol |  -11.64 +/-    0.29 kcal/mol |       4 |  -11.94 kcal/mol
         20 |       532044 |  -10.56 kcal/mol |  -11.91 +/-    0.13 kcal/mol |       5 |  -12.08 kcal/mol
         25 |       663972 |  -11.53 kcal/mol |  -12.27 +/-    0.14 kcal/mol |      10 |  -12.60 kcal/mol
         30 |       795499 |  -12.06 kcal/mol |  -12.72 +/-    0.13 kcal/mol |       5 |  -12.95 kcal/mol
         35 |       925118 |  -12.33 kcal/mol |  -12.82 +/-    0.08 kcal/mol |       8 |  -12.96 kcal/mol
         40 |      1054394 |  -12.67 kcal/mol |  -12.80 +/-    0.10 kcal/mol |       6 |  -12.96 kcal/mol
         45 |      1181175 |  -12.56 kcal/mol |  -12.84 +/-    0.10 kcal/mol |      13 |  -12.97 kcal/mol
         50 |      1309713 |  -12.72 kcal/mol |  -12.94 +/-    0.12 kcal/mol |       9 |  -13.20 kcal/mol
         55 |      1437196 |  -12.73 kcal/mol |  -13.04 +/-    0.22 kcal/mol |      13 |  -13.49 kcal/mol
         60 |      1563470 |  -12.79 kcal/mol |  -13.11 +/-    0.21 kcal/mol |       5 |  -13.53 kcal/mol
         65 |      1692260 |  -12.46 kcal/mol |  -13.14 +/-    0.22 kcal/mol |       8 |  -13.53 kcal/mol
         70 |      1823303 |  -12.73 kcal/mol |  -13.17 +/-    0.23 kcal/mol |      10 |  -13.53 kcal/mol
         75 |      1952525 |  -12.83 kcal/mol |  -13.41 +/-    0.13 kcal/mol |       5 |  -13.57 kcal/mol
         80 |      2080313 |  -13.01 kcal/mol |  -13.47 +/-    0.11 kcal/mol |      10 |  -13.58 kcal/mol
         85 |      2207778 |  -13.30 kcal/mol |  -13.51 +/-    0.10 kcal/mol |      10 |  -13.63 kcal/mol
         88 |      2284007 |  -13.37 kcal/mol |  -13.53 +/-    0.10 kcal/mol |      17 |  -13.65 kcal/mol
------------+--------------+------------------+------------------------------+---------+-------------------

                                   Finished evaluation after reaching
                       2284007 evaluations. Best inter + intra   -13.65 kcal/mol.


Shutdown time 0.000689s

Job #5 took 1.070 sec after waiting 0.017 sec for setup

(Thread 0 is processing Job #5)
(Thread 0 is setting up Job #6)

Running Job #6:
    Device: NVIDIA A100-SXM4-40GB
    Grid map file: ./protein.maps.fld
    Ligand file: ./ligand_6_6.pdbqt
    Output file: docking_result_6.dlg (+ xml)
    Using heuristics: (capped) number of evaluations set to 4951475
    Overriding heuristics, setting number of evaluations to --nev = 2500000 instead.
    Warning: The set number of evals is 29.66% of the uncapped heuristics estimate of 8429805 evals.
             This means this docking may not be able to converge. Increasing --heurmax may improve
             convergence but will also increase runtime.
             AutoStop will not stop before 27.75% (693732) of the set number of evaluations.
    Local-search chosen method is: ADADELTA (ad)

Rest of Setup time 0.305090s

Executing docking runs, stopping automatically after either reaching 0.15 kcal/mol standard deviation of
the best molecules of the last 4 * 5 generations, 42000 generations, or 2500000 evaluations:

Generations |  Evaluations |     Threshold    |  Average energy of best 10%  | Samples | Best Inter + Intra
------------+--------------+------------------+------------------------------+---------+-------------------
          0 |          150 |  306.24 kcal/mol |  179.61 +/-   62.42 kcal/mol |       4 |   72.75 kcal/mol
          5 |       125761 |  413.67 kcal/mol |    6.28 +/-   24.56 kcal/mol |    1283 |   -8.08 kcal/mol
         10 |       235071 |    6.56 kcal/mol |   -8.23 +/-    0.61 kcal/mol |       7 |   -9.36 kcal/mol
         15 |       346802 |   -6.93 kcal/mol |   -9.13 +/-    0.40 kcal/mol |      10 |   -9.81 kcal/mol
         20 |       457211 |   -8.52 kcal/mol |   -9.64 +/-    0.28 kcal/mol |       8 |  -10.19 kcal/mol
         25 |       566193 |   -9.12 kcal/mol |  -10.02 +/-    0.22 kcal/mol |       4 |  -10.28 kcal/mol
         30 |       674967 |   -9.19 kcal/mol |  -10.11 +/-    0.18 kcal/mol |       5 |  -10.28 kcal/mol
         35 |       782757 |   -9.55 kcal/mol |  -10.13 +/-    0.21 kcal/mol |       4 |  -10.40 kcal/mol
         40 |       888981 |   -9.33 kcal/mol |  -10.32 +/-    0.39 kcal/mol |       6 |  -10.82 kcal/mol
         45 |       992861 |   -9.33 kcal/mol |  -10.49 +/-    0.24 kcal/mol |       5 |  -10.82 kcal/mol
         50 |      1096707 |   -9.79 kcal/mol |  -10.67 +/-    0.25 kcal/mol |       4 |  -10.91 kcal/mol
         55 |      1200127 |   -9.75 kcal/mol |  -10.95 +/-    0.31 kcal/mol |       6 |  -11.60 kcal/mol
         60 |      1299020 |  -10.17 kcal/mol |  -10.98 +/-    0.52 kcal/mol |       4 |  -11.60 kcal/mol
         65 |      1396821 |   -9.04 kcal/mol |  -10.82 +/-    0.63 kcal/mol |       7 |  -11.76 kcal/mol
         70 |      1492701 |   -9.47 kcal/mol |  -11.25 +/-    0.43 kcal/mol |       4 |  -11.76 kcal/mol
         75 |      1587547 |   -9.62 kcal/mol |  -11.27 +/-    0.42 kcal/mol |       4 |  -11.76 kcal/mol
         80 |      1680448 |   -9.71 kcal/mol |  -11.07 +/-    0.44 kcal/mol |       6 |  -11.76 kcal/mol
         85 |      1773553 |   -9.97 kcal/mol |  -11.73 +/-    0.07 kcal/mol |       5 |  -11.76 kcal/mol
         90 |      1867008 |  -11.28 kcal/mol |  -11.68 +/-    0.08 kcal/mol |       2 |  -11.76 kcal/mol
         95 |      1959692 |  -11.07 kcal/mol |  -11.68 +/-    0.08 kcal/mol |       2 |  -11.76 kcal/mol
        100 |      2051942 |  -11.07 kcal/mol |  -11.65 +/-    0.08 kcal/mol |       3 |  -11.76 kcal/mol
------------+--------------+------------------+------------------------------+---------+-------------------

                                   Finished evaluation after reaching
                                  -11.69 +/-    0.08 kcal/mol combined.
                             12 samples, best inter + intra   -11.76 kcal/mol.


Shutdown time 0.000681s

Job #6 took 0.988 sec after waiting 0.036 sec for setup

(Thread 0 is processing Job #6)
(Thread 0 is setting up Job #7)

Running Job #7:
    Device: NVIDIA A100-SXM4-40GB
    Grid map file: ./protein.maps.fld
    Ligand file: ./ligand_7_7.pdbqt
    Output file: docking_result_7.dlg (+ xml)
    Using heuristics: (capped) number of evaluations set to 7266276
    Overriding heuristics, setting number of evaluations to --nev = 2500000 instead.
    Warning: The set number of evals is 13.57% of the uncapped heuristics estimate of 18420020 evals.
             This means this docking may not be able to converge. Increasing --heurmax may improve
             convergence but will also increase runtime.
             AutoStop will not stop before 66.37% (1659273) of the set number of evaluations.
    Local-search chosen method is: ADADELTA (ad)

Rest of Setup time 0.304357s

Executing docking runs, stopping automatically after either reaching 0.15 kcal/mol standard deviation of
the best molecules of the last 4 * 5 generations, 42000 generations, or 2500000 evaluations:

Generations |  Evaluations |     Threshold    |  Average energy of best 10%  | Samples | Best Inter + Intra
------------+--------------+------------------+------------------------------+---------+-------------------
          0 |          150 |  364.38 kcal/mol |  213.33 +/-   53.36 kcal/mol |       6 |  119.15 kcal/mol
          5 |       116681 |  346.74 kcal/mol |    9.96 +/-   27.48 kcal/mol |    1155 |  -10.13 kcal/mol
         10 |       224207 |   10.32 kcal/mol |   -9.82 +/-    0.32 kcal/mol |       4 |  -10.13 kcal/mol
         15 |       330634 |   -8.62 kcal/mol |   -9.81 +/-    0.27 kcal/mol |       9 |  -10.13 kcal/mol
         20 |       440727 |   -9.36 kcal/mol |  -10.57 +/-    0.58 kcal/mol |       8 |  -11.86 kcal/mol
         25 |       549862 |   -9.48 kcal/mol |  -11.29 +/-    0.43 kcal/mol |       4 |  -11.86 kcal/mol
         30 |       656302 |   -9.65 kcal/mol |  -11.25 +/-    0.38 kcal/mol |       6 |  -11.86 kcal/mol
         35 |       758429 |  -10.29 kcal/mol |  -11.41 +/-    0.27 kcal/mol |       4 |  -11.86 kcal/mol
         40 |       859202 |  -10.39 kcal/mol |  -11.92 +/-    0.64 kcal/mol |       5 |  -13.13 kcal/mol
         45 |       958213 |  -10.01 kcal/mol |  -12.06 +/-    0.65 kcal/mol |       8 |  -13.13 kcal/mol
         50 |      1054502 |  -10.84 kcal/mol |  -12.12 +/-    0.59 kcal/mol |       4 |  -13.13 kcal/mol
         55 |      1151769 |   -9.91 kcal/mol |  -11.99 +/-    0.50 kcal/mol |       7 |  -13.13 kcal/mol
         60 |      1248512 |  -10.92 kcal/mol |  -12.43 +/-    0.51 kcal/mol |       4 |  -13.13 kcal/mol
         65 |      1344687 |  -10.51 kcal/mol |  -12.11 +/-    0.49 kcal/mol |       7 |  -13.13 kcal/mol
         70 |      1437115 |  -11.06 kcal/mol |  -12.52 +/-    0.39 kcal/mol |       4 |  -13.13 kcal/mol
         75 |      1526788 |  -11.04 kcal/mol |  -12.47 +/-    0.48 kcal/mol |       5 |  -13.13 kcal/mol
         80 |      1616772 |  -11.03 kcal/mol |  -12.48 +/-    0.36 kcal/mol |       5 |  -13.13 kcal/mol
         85 |      1707421 |  -11.40 kcal/mol |  -12.41 +/-    0.45 kcal/mol |       4 |  -13.13 kcal/mol
         90 |      1796646 |  -10.72 kcal/mol |  -12.11 +/-    0.49 kcal/mol |      11 |  -13.13 kcal/mol
         95 |      1885393 |  -11.44 kcal/mol |  -13.17 +/-    0.47 kcal/mol |       4 |  -13.63 kcal/mol
        100 |      1975201 |  -11.42 kcal/mol |  -13.05 +/-    0.59 kcal/mol |       4 |  -13.63 kcal/mol
        105 |      2063002 |  -10.85 kcal/mol |  -12.58 +/-    0.63 kcal/mol |       4 |  -13.63 kcal/mol
        110 |      2150667 |  -10.24 kcal/mol |  -12.10 +/-    0.62 kcal/mol |       9 |  -13.71 kcal/mol
        115 |      2237188 |  -11.07 kcal/mol |  -12.58 +/-    0.67 kcal/mol |       4 |  -13.71 kcal/mol
        120 |      2323839 |  -10.06 kcal/mol |  -12.33 +/-    0.68 kcal/mol |      11 |  -13.71 kcal/mol
        125 |      2409703 |  -11.40 kcal/mol |  -12.85 +/-    0.62 kcal/mol |       4 |  -13.71 kcal/mol
        130 |      2496136 |  -10.53 kcal/mol |  -12.51 +/-    0.71 kcal/mol |       8 |  -13.71 kcal/mol
        131 |      2513870 |  -11.18 kcal/mol |  -12.61 +/-    0.70 kcal/mol |      11 |  -13.71 kcal/mol
------------+--------------+------------------+------------------------------+---------+-------------------

                                   Finished evaluation after reaching
                       2513870 evaluations. Best inter + intra   -13.71 kcal/mol.


Shutdown time 0.000721s

Job #7 took 1.818 sec after waiting 0.032 sec for setup

(Thread 0 is processing Job #7)
(Thread 0 is setting up Job #8)

Running Job #8:
    Device: NVIDIA A100-SXM4-40GB
    Grid map file: ./protein.maps.fld
    Ligand file: ./ligand_8_8.pdbqt
    Output file: docking_result_8.dlg (+ xml)
    Using heuristics: (capped) number of evaluations set to 2068966
    Local-search chosen method is: ADADELTA (ad)

Rest of Setup time 0.305638s

Executing docking runs, stopping automatically after either reaching 0.15 kcal/mol standard deviation of
the best molecules of the last 4 * 5 generations, 42000 generations, or 2068966 evaluations:

Generations |  Evaluations |     Threshold    |  Average energy of best 10%  | Samples | Best Inter + Intra
------------+--------------+------------------+------------------------------+---------+-------------------
          0 |          150 |   -1.43 kcal/mol |   -3.29 +/-    0.62 kcal/mol |       5 |   -4.16 kcal/mol
          5 |       125395 |   -1.45 kcal/mol |   -6.01 +/-    1.90 kcal/mol |    1041 |  -12.62 kcal/mol
         10 |       253406 |   -5.99 kcal/mol |  -11.25 +/-    1.36 kcal/mol |      42 |  -14.83 kcal/mol
         15 |       388773 |  -10.76 kcal/mol |  -15.30 +/-    1.20 kcal/mol |       5 |  -16.93 kcal/mol
         20 |       521775 |  -11.70 kcal/mol |  -15.69 +/-    1.15 kcal/mol |       5 |  -16.93 kcal/mol
         25 |       655121 |  -12.25 kcal/mol |  -15.66 +/-    0.87 kcal/mol |       4 |  -16.93 kcal/mol
         30 |       791117 |  -12.40 kcal/mol |  -15.64 +/-    1.10 kcal/mol |       8 |  -17.55 kcal/mol
         35 |       924260 |  -13.57 kcal/mol |  -15.64 +/-    1.22 kcal/mol |       4 |  -17.55 kcal/mol
         40 |      1057286 |  -11.09 kcal/mol |  -14.67 +/-    1.29 kcal/mol |      20 |  -17.55 kcal/mol
         45 |      1189650 |  -13.70 kcal/mol |  -16.09 +/-    1.25 kcal/mol |       5 |  -17.55 kcal/mol
         50 |      1322091 |  -12.34 kcal/mol |  -17.16 +/-    0.21 kcal/mol |       5 |  -17.55 kcal/mol
         55 |      1453688 |  -16.54 kcal/mol |  -17.36 +/-    0.16 kcal/mol |       4 |  -17.55 kcal/mol
         60 |      1581306 |  -16.74 kcal/mol |  -17.29 +/-    0.35 kcal/mol |       3 |  -17.55 kcal/mol
         65 |      1714788 |  -15.52 kcal/mol |  -17.32 +/-    0.26 kcal/mol |       4 |  -17.57 kcal/mol
         70 |      1845081 |  -16.35 kcal/mol |  -17.40 +/-    0.21 kcal/mol |       8 |  -17.57 kcal/mol
         75 |      1977694 |  -17.02 kcal/mol |  -17.49 +/-    0.13 kcal/mol |       4 |  -17.57 kcal/mol
         79 |      2084485 |  -16.98 kcal/mol |  -17.49 +/-    0.10 kcal/mol |      10 |  -17.58 kcal/mol
------------+--------------+------------------+------------------------------+---------+-------------------

                                   Finished evaluation after reaching
                       2084485 evaluations. Best inter + intra   -17.58 kcal/mol.


Shutdown time 0.000690s

Job #8 took 1.269 sec after waiting 0.061 sec for setup

(Thread 0 is processing Job #8)
(Thread 0 is setting up Job #9)

Running Job #9:
    Device: NVIDIA A100-SXM4-40GB
    Grid map file: ./protein.maps.fld
    Ligand file: ./ligand_9_9.pdbqt
    Output file: docking_result_9.dlg (+ xml)
    Using heuristics: (capped) number of evaluations set to 2068966
    Local-search chosen method is: ADADELTA (ad)

Rest of Setup time 0.301446s

Executing docking runs, stopping automatically after either reaching 0.15 kcal/mol standard deviation of
the best molecules of the last 4 * 5 generations, 42000 generations, or 2068966 evaluations:

Generations |  Evaluations |     Threshold    |  Average energy of best 10%  | Samples | Best Inter + Intra
------------+--------------+------------------+------------------------------+---------+-------------------
          0 |          150 |   -1.50 kcal/mol |   -2.45 +/-    0.27 kcal/mol |       4 |   -2.92 kcal/mol
          5 |       121374 |   -1.42 kcal/mol |   -4.21 +/-    1.45 kcal/mol |     838 |  -10.61 kcal/mol
         10 |       247909 |   -4.18 kcal/mol |   -8.06 +/-    0.89 kcal/mol |      39 |  -10.68 kcal/mol
         15 |       377894 |   -7.72 kcal/mol |  -10.58 +/-    0.46 kcal/mol |       8 |  -11.02 kcal/mol
         20 |       508866 |   -9.73 kcal/mol |  -10.69 +/-    0.39 kcal/mol |       4 |  -11.08 kcal/mol
         25 |       639542 |   -9.21 kcal/mol |  -10.98 +/-    0.25 kcal/mol |      14 |  -11.33 kcal/mol
         30 |       771133 |  -10.71 kcal/mol |  -11.11 +/-    0.15 kcal/mol |      19 |  -11.38 kcal/mol
         35 |       902413 |  -10.99 kcal/mol |  -11.26 +/-    0.14 kcal/mol |      11 |  -11.38 kcal/mol
         40 |      1033228 |  -11.06 kcal/mol |  -11.28 +/-    0.12 kcal/mol |      18 |  -11.38 kcal/mol
         45 |      1163936 |  -11.17 kcal/mol |  -11.35 +/-    0.04 kcal/mol |      16 |  -11.38 kcal/mol
         50 |      1292425 |  -11.21 kcal/mol |  -11.34 +/-    0.05 kcal/mol |      20 |  -11.38 kcal/mol
------------+--------------+------------------+------------------------------+---------+-------------------

                                   Finished evaluation after reaching
                                  -11.31 +/-    0.10 kcal/mol combined.
                             65 samples, best inter + intra   -11.38 kcal/mol.


Shutdown time 0.000667s

Job #9 took 0.651 sec after waiting 0.055 sec for setup

(Thread 0 is processing Job #9)
(Thread 0 is setting up Job #10)

Running Job #10:
    Device: NVIDIA A100-SXM4-40GB
    Grid map file: ./protein.maps.fld
    Ligand file: ./ligand_10_10.pdbqt
    Output file: docking_result_10.dlg (+ xml)
    Using heuristics: (capped) number of evaluations set to 2068966
    Local-search chosen method is: ADADELTA (ad)

Rest of Setup time 0.305909s

Executing docking runs, stopping automatically after either reaching 0.15 kcal/mol standard deviation of
the best molecules of the last 4 * 5 generations, 42000 generations, or 2068966 evaluations:

Generations |  Evaluations |     Threshold    |  Average energy of best 10%  | Samples | Best Inter + Intra
------------+--------------+------------------+------------------------------+---------+-------------------
          0 |          150 |   -0.83 kcal/mol |   -1.80 +/-    0.34 kcal/mol |       8 |   -2.53 kcal/mol
          5 |       140599 |   -1.17 kcal/mol |   -4.53 +/-    1.54 kcal/mol |    1010 |  -11.22 kcal/mol
         10 |       274633 |   -4.50 kcal/mol |   -8.69 +/-    1.12 kcal/mol |      47 |  -11.57 kcal/mol
         15 |       408419 |   -8.33 kcal/mol |  -11.36 +/-    0.21 kcal/mol |      10 |  -11.67 kcal/mol
         20 |       540893 |  -11.05 kcal/mol |  -11.50 +/-    0.10 kcal/mol |       5 |  -11.67 kcal/mol
         25 |       672505 |  -11.21 kcal/mol |  -11.55 +/-    0.09 kcal/mol |      11 |  -11.69 kcal/mol
         30 |       802884 |  -11.43 kcal/mol |  -11.57 +/-    0.12 kcal/mol |      12 |  -11.94 kcal/mol
         35 |       933365 |  -11.42 kcal/mol |  -11.58 +/-    0.14 kcal/mol |      10 |  -11.99 kcal/mol
         40 |      1059912 |  -11.37 kcal/mol |  -11.59 +/-    0.10 kcal/mol |      23 |  -11.99 kcal/mol
         45 |      1184140 |  -11.53 kcal/mol |  -11.62 +/-    0.09 kcal/mol |      19 |  -11.99 kcal/mol
         50 |      1306145 |  -11.55 kcal/mol |  -11.63 +/-    0.09 kcal/mol |      21 |  -11.99 kcal/mol
------------+--------------+------------------+------------------------------+---------+-------------------

                                   Finished evaluation after reaching
                                  -11.61 +/-    0.10 kcal/mol combined.
                             73 samples, best inter + intra   -11.99 kcal/mol.


Shutdown time 0.000652s

Job #10 took 0.653 sec after waiting 0.026 sec for setup

(Thread 0 is processing Job #10)
Run time of entire job set (10 files): 15.199 sec
Savings from multithreading: -0.001 sec
Idle time of execution thread: 4.822 sec

All jobs (10) ran without errors.
