AutoDock-GPU version: v1.6-7-ga46ab564d2ac5f1a1523f65239b43505a1c29364-dirty

Using 1 OpenMP threads

Running 4 docking calculations

Cuda device:                              NVIDIA A100-SXM4-40GB
Available memory on device:               39916 MB (total: 40339 MB)

CUDA Setup time 0.232812s
(Thread 0 is setting up Job #1)

Running Job #1:
    Device: NVIDIA A100-SXM4-40GB
    Grid map file: ./protein.maps.fld
    Ligand file: ./ligand_1_1.pdbqt
    Output file: docking_result_1.dlg (+ xml)
    Using heuristics: (capped) number of evaluations set to 2280181
    Local-search chosen method is: ADADELTA (ad)

Rest of Setup time 0.307416s

Executing docking runs, stopping automatically after either reaching 0.15 kcal/mol standard deviation of
the best molecules of the last 4 * 5 generations, 42000 generations, or 2280181 evaluations:

Generations |  Evaluations |     Threshold    |  Average energy of best 10%  | Samples | Best Inter + Intra
------------+--------------+------------------+------------------------------+---------+-------------------
          0 |          150 |   -1.55 kcal/mol |   -2.77 +/-    0.40 kcal/mol |       5 |   -3.39 kcal/mol
          5 |       121860 |   -1.55 kcal/mol |   -5.98 +/-    1.92 kcal/mol |    1031 |  -12.98 kcal/mol
         10 |       243077 |   -5.95 kcal/mol |  -10.85 +/-    0.94 kcal/mol |      34 |  -14.08 kcal/mol
         15 |       369899 |  -10.43 kcal/mol |  -13.00 +/-    0.60 kcal/mol |      13 |  -14.27 kcal/mol
         20 |       497462 |  -12.31 kcal/mol |  -13.99 +/-    0.43 kcal/mol |       4 |  -14.40 kcal/mol
         25 |       625536 |  -12.38 kcal/mol |  -14.18 +/-    0.45 kcal/mol |       8 |  -14.73 kcal/mol
         30 |       756688 |  -13.33 kcal/mol |  -14.57 +/-    0.13 kcal/mol |       6 |  -14.73 kcal/mol
         35 |       885740 |  -14.25 kcal/mol |  -14.66 +/-    0.17 kcal/mol |       6 |  -14.96 kcal/mol
         40 |      1015496 |  -14.22 kcal/mol |  -14.84 +/-    0.21 kcal/mol |       4 |  -15.02 kcal/mol
         45 |      1144802 |  -14.04 kcal/mol |  -15.06 +/-    0.06 kcal/mol |       6 |  -15.13 kcal/mol
         50 |      1273494 |  -14.68 kcal/mol |  -15.04 +/-    0.11 kcal/mol |       8 |  -15.16 kcal/mol
         55 |      1406170 |  -14.83 kcal/mol |  -15.08 +/-    0.07 kcal/mol |      10 |  -15.16 kcal/mol
         60 |      1533738 |  -14.86 kcal/mol |  -15.11 +/-    0.13 kcal/mol |      10 |  -15.34 kcal/mol
         65 |      1664010 |  -14.92 kcal/mol |  -15.09 +/-    0.13 kcal/mol |       8 |  -15.34 kcal/mol
         70 |      1793838 |  -14.84 kcal/mol |  -15.11 +/-    0.12 kcal/mol |       8 |  -15.38 kcal/mol
         75 |      1921349 |  -14.88 kcal/mol |  -15.17 +/-    0.16 kcal/mol |      10 |  -15.49 kcal/mol
         80 |      2047404 |  -14.92 kcal/mol |  -15.24 +/-    0.17 kcal/mol |      14 |  -15.49 kcal/mol
         85 |      2175030 |  -15.06 kcal/mol |  -15.47 +/-    0.06 kcal/mol |       7 |  -15.52 kcal/mol
         90 |      2302178 |  -15.15 kcal/mol |  -15.46 +/-    0.06 kcal/mol |      13 |  -15.52 kcal/mol
------------+--------------+------------------+------------------------------+---------+-------------------

                                   Finished evaluation after reaching
                       2302178 evaluations. Best inter + intra   -15.52 kcal/mol.


Shutdown time 0.000709s

Job #1 took 1.454 sec after waiting 4.528 sec for setup

(Thread 0 is processing Job #1)
(Thread 0 is setting up Job #2)

Running Job #2:
    Device: NVIDIA A100-SXM4-40GB
    Grid map file: ./protein.maps.fld
    Ligand file: ./ligand_2_2.pdbqt
    Output file: docking_result_2.dlg (+ xml)
    Using heuristics: (capped) number of evaluations set to 2280181
    Local-search chosen method is: ADADELTA (ad)

Rest of Setup time 0.307328s

Executing docking runs, stopping automatically after either reaching 0.15 kcal/mol standard deviation of
the best molecules of the last 4 * 5 generations, 42000 generations, or 2280181 evaluations:

Generations |  Evaluations |     Threshold    |  Average energy of best 10%  | Samples | Best Inter + Intra
------------+--------------+------------------+------------------------------+---------+-------------------
          0 |          150 |   -1.87 kcal/mol |   -3.06 +/-    0.32 kcal/mol |       4 |   -3.57 kcal/mol
          5 |       119419 |   -1.87 kcal/mol |   -5.83 +/-    1.86 kcal/mol |     942 |  -13.00 kcal/mol
         10 |       240148 |   -5.80 kcal/mol |  -10.73 +/-    1.31 kcal/mol |      57 |  -15.05 kcal/mol
         15 |       368072 |  -10.38 kcal/mol |  -13.48 +/-    1.10 kcal/mol |       5 |  -15.14 kcal/mol
         20 |       498299 |  -10.19 kcal/mol |  -13.40 +/-    1.04 kcal/mol |       8 |  -15.16 kcal/mol
         25 |       627580 |  -11.45 kcal/mol |  -14.29 +/-    0.74 kcal/mol |       5 |  -15.18 kcal/mol
         30 |       757967 |  -12.08 kcal/mol |  -14.58 +/-    0.53 kcal/mol |       8 |  -15.18 kcal/mol
         35 |       887396 |  -13.57 kcal/mol |  -14.89 +/-    0.38 kcal/mol |       4 |  -15.18 kcal/mol
         40 |      1015661 |  -13.48 kcal/mol |  -14.55 +/-    0.35 kcal/mol |       9 |  -15.18 kcal/mol
         45 |      1145275 |  -13.97 kcal/mol |  -15.17 +/-    0.04 kcal/mol |       6 |  -15.22 kcal/mol
         50 |      1275155 |  -14.80 kcal/mol |  -15.16 +/-    0.09 kcal/mol |       5 |  -15.26 kcal/mol
         55 |      1406653 |  -14.90 kcal/mol |  -15.08 +/-    0.13 kcal/mol |       5 |  -15.26 kcal/mol
         60 |      1533934 |  -14.69 kcal/mol |  -15.45 +/-    0.28 kcal/mol |       7 |  -15.78 kcal/mol
         65 |      1665173 |  -14.84 kcal/mol |  -15.33 +/-    0.25 kcal/mol |       5 |  -15.78 kcal/mol
         70 |      1797328 |  -14.59 kcal/mol |  -15.38 +/-    0.26 kcal/mol |       7 |  -15.78 kcal/mol
         75 |      1928453 |  -14.82 kcal/mol |  -15.83 +/-    0.19 kcal/mol |       4 |  -16.15 kcal/mol
         80 |      2058320 |  -15.11 kcal/mol |  -15.84 +/-    0.20 kcal/mol |       4 |  -16.18 kcal/mol
         85 |      2188923 |  -15.09 kcal/mol |  -15.96 +/-    0.23 kcal/mol |       6 |  -16.21 kcal/mol
         89 |      2293123 |  -15.39 kcal/mol |  -15.96 +/-    0.22 kcal/mol |      13 |  -16.24 kcal/mol
------------+--------------+------------------+------------------------------+---------+-------------------

                                   Finished evaluation after reaching
                       2293123 evaluations. Best inter + intra   -16.24 kcal/mol.


Shutdown time 0.000664s

Job #2 took 1.401 sec after waiting 0.056 sec for setup

(Thread 0 is processing Job #2)
(Thread 0 is setting up Job #3)

Running Job #3:
    Device: NVIDIA A100-SXM4-40GB
    Grid map file: ./protein.maps.fld
    Ligand file: ./ligand_3_3.pdbqt
    Output file: docking_result_3.dlg (+ xml)
    Using heuristics: (capped) number of evaluations set to 2845257
    Overriding heuristics, setting number of evaluations to --nev = 2500000 instead.
    Local-search chosen method is: ADADELTA (ad)

Rest of Setup time 0.308951s

Executing docking runs, stopping automatically after either reaching 0.15 kcal/mol standard deviation of
the best molecules of the last 4 * 5 generations, 42000 generations, or 2500000 evaluations:

Generations |  Evaluations |     Threshold    |  Average energy of best 10%  | Samples | Best Inter + Intra
------------+--------------+------------------+------------------------------+---------+-------------------
          0 |          150 |   -0.69 kcal/mol |   -1.98 +/-    0.36 kcal/mol |      15 |   -3.16 kcal/mol
          5 |       130075 |   -1.62 kcal/mol |   -5.98 +/-    1.89 kcal/mol |    1083 |  -12.44 kcal/mol
         10 |       258040 |   -5.96 kcal/mol |  -10.82 +/-    0.92 kcal/mol |      43 |  -13.66 kcal/mol
         15 |       388095 |  -10.50 kcal/mol |  -13.12 +/-    0.62 kcal/mol |       4 |  -14.09 kcal/mol
         20 |       519606 |  -10.80 kcal/mol |  -13.13 +/-    0.79 kcal/mol |      14 |  -14.42 kcal/mol
         25 |       651758 |  -12.28 kcal/mol |  -13.64 +/-    0.49 kcal/mol |       5 |  -14.47 kcal/mol
         30 |       786168 |  -12.18 kcal/mol |  -13.67 +/-    0.72 kcal/mol |       7 |  -15.35 kcal/mol
         35 |       920217 |  -12.11 kcal/mol |  -14.14 +/-    0.76 kcal/mol |       4 |  -15.42 kcal/mol
         40 |      1051926 |  -11.28 kcal/mol |  -13.70 +/-    0.55 kcal/mol |      12 |  -15.42 kcal/mol
         45 |      1183189 |  -13.01 kcal/mol |  -15.22 +/-    0.37 kcal/mol |       4 |  -15.44 kcal/mol
         50 |      1313977 |  -13.83 kcal/mol |  -14.50 +/-    0.55 kcal/mol |       4 |  -15.44 kcal/mol
         55 |      1447861 |  -12.42 kcal/mol |  -14.32 +/-    0.53 kcal/mol |       7 |  -15.44 kcal/mol
         60 |      1578303 |  -13.20 kcal/mol |  -14.93 +/-    0.49 kcal/mol |       4 |  -15.46 kcal/mol
         65 |      1710982 |  -13.08 kcal/mol |  -14.49 +/-    0.58 kcal/mol |       4 |  -15.46 kcal/mol
         70 |      1842540 |  -12.31 kcal/mol |  -14.15 +/-    0.66 kcal/mol |      13 |  -15.46 kcal/mol
         75 |      1975807 |  -13.39 kcal/mol |  -14.81 +/-    0.57 kcal/mol |       4 |  -15.46 kcal/mol
         80 |      2111280 |  -12.68 kcal/mol |  -14.53 +/-    0.63 kcal/mol |       7 |  -15.46 kcal/mol
         85 |      2246534 |  -13.18 kcal/mol |  -15.13 +/-    0.36 kcal/mol |       6 |  -15.46 kcal/mol
         90 |      2380527 |  -14.24 kcal/mol |  -15.25 +/-    0.16 kcal/mol |       4 |  -15.46 kcal/mol
         95 |      2515937 |  -14.65 kcal/mol |  -15.24 +/-    0.16 kcal/mol |       9 |  -15.46 kcal/mol
------------+--------------+------------------+------------------------------+---------+-------------------

                                   Finished evaluation after reaching
                       2515937 evaluations. Best inter + intra   -15.46 kcal/mol.


Shutdown time 0.000753s

Job #3 took 1.470 sec after waiting 0.055 sec for setup

(Thread 0 is processing Job #3)
(Thread 0 is setting up Job #4)

Running Job #4:
    Device: NVIDIA A100-SXM4-40GB
    Grid map file: ./protein.maps.fld
    Ligand file: ./ligand_4_4.pdbqt
    Output file: docking_result_4.dlg (+ xml)
    Using heuristics: (capped) number of evaluations set to 2068966
    Local-search chosen method is: ADADELTA (ad)

Rest of Setup time 0.306013s

Executing docking runs, stopping automatically after either reaching 0.15 kcal/mol standard deviation of
the best molecules of the last 4 * 5 generations, 42000 generations, or 2068966 evaluations:

Generations |  Evaluations |     Threshold    |  Average energy of best 10%  | Samples | Best Inter + Intra
------------+--------------+------------------+------------------------------+---------+-------------------
          0 |          150 |   -1.84 kcal/mol |   -2.69 +/-    0.28 kcal/mol |       5 |   -3.23 kcal/mol
          5 |       124713 |   -1.84 kcal/mol |   -5.27 +/-    1.68 kcal/mol |     849 |  -12.29 kcal/mol
         10 |       245589 |   -5.24 kcal/mol |   -9.52 +/-    1.01 kcal/mol |      39 |  -12.29 kcal/mol
         15 |       372128 |   -9.13 kcal/mol |  -11.78 +/-    0.42 kcal/mol |       8 |  -12.29 kcal/mol
         20 |       499827 |  -10.98 kcal/mol |  -11.94 +/-    0.34 kcal/mol |       4 |  -12.34 kcal/mol
         25 |       627666 |  -10.67 kcal/mol |  -12.23 +/-    0.77 kcal/mol |      11 |  -13.72 kcal/mol
         30 |       756504 |  -11.19 kcal/mol |  -13.34 +/-    0.38 kcal/mol |       4 |  -13.72 kcal/mol
         35 |       883828 |  -11.90 kcal/mol |  -13.37 +/-    0.31 kcal/mol |       6 |  -13.74 kcal/mol
         40 |      1012990 |  -12.60 kcal/mol |  -13.31 +/-    0.44 kcal/mol |       4 |  -13.74 kcal/mol
         45 |      1141213 |  -11.68 kcal/mol |  -13.17 +/-    0.37 kcal/mol |       7 |  -13.74 kcal/mol
         50 |      1267062 |  -12.38 kcal/mol |  -13.43 +/-    0.27 kcal/mol |       5 |  -13.74 kcal/mol
         55 |      1395090 |  -12.62 kcal/mol |  -13.42 +/-    0.31 kcal/mol |       4 |  -13.74 kcal/mol
         60 |      1521454 |  -12.27 kcal/mol |  -13.11 +/-    0.20 kcal/mol |      12 |  -13.74 kcal/mol
         65 |      1648490 |  -12.86 kcal/mol |  -13.58 +/-    0.26 kcal/mol |       4 |  -13.74 kcal/mol
         70 |      1772411 |  -12.59 kcal/mol |  -13.42 +/-    0.28 kcal/mol |       6 |  -13.74 kcal/mol
         75 |      1896854 |  -12.73 kcal/mol |  -13.50 +/-    0.23 kcal/mol |       4 |  -13.74 kcal/mol
         80 |      2020577 |  -12.62 kcal/mol |  -13.55 +/-    0.21 kcal/mol |       6 |  -13.74 kcal/mol
         82 |      2070012 |  -13.03 kcal/mol |  -13.61 +/-    0.18 kcal/mol |      11 |  -13.74 kcal/mol
------------+--------------+------------------+------------------------------+---------+-------------------

                                   Finished evaluation after reaching
                       2070012 evaluations. Best inter + intra   -13.74 kcal/mol.


Shutdown time 0.000674s

Job #4 took 0.972 sec after waiting 0.053 sec for setup

(Thread 0 is processing Job #4)
Run time of entire job set (4 files): 10.021 sec
Savings from multithreading: -0.000 sec
Idle time of execution thread: 4.723 sec

All jobs (4) ran without errors.
