AutoDock-GPU version: v1.6-7-ga46ab564d2ac5f1a1523f65239b43505a1c29364-dirty

Using 1 OpenMP threads

Running 9 docking calculations

Cuda device:                              NVIDIA A100-SXM4-40GB
Available memory on device:               39916 MB (total: 40339 MB)

CUDA Setup time 0.239833s
(Thread 0 is setting up Job #1)

Running Job #1:
    Device: NVIDIA A100-SXM4-40GB
    Grid map file: ./protein.maps.fld
    Ligand file: ./ligand_1_1.pdbqt
    Output file: docking_result_1.dlg (+ xml)
    Using heuristics: (capped) number of evaluations set to 2068966
    Local-search chosen method is: ADADELTA (ad)

Rest of Setup time 0.328803s

Executing docking runs, stopping automatically after either reaching 0.15 kcal/mol standard deviation of
the best molecules of the last 4 * 5 generations, 42000 generations, or 2068966 evaluations:

Generations |  Evaluations |     Threshold    |  Average energy of best 10%  | Samples | Best Inter + Intra
------------+--------------+------------------+------------------------------+---------+-------------------
          0 |          150 |   -1.50 kcal/mol |   -2.19 +/-    0.26 kcal/mol |       9 |   -2.84 kcal/mol
          5 |       136800 |   -1.75 kcal/mol |   -5.10 +/-    1.57 kcal/mol |     901 |  -11.91 kcal/mol
         10 |       269383 |   -5.08 kcal/mol |   -9.43 +/-    0.96 kcal/mol |      44 |  -12.10 kcal/mol
         15 |       405542 |   -9.10 kcal/mol |  -11.38 +/-    0.25 kcal/mol |      15 |  -12.10 kcal/mol
         20 |       540831 |  -11.13 kcal/mol |  -11.61 +/-    0.21 kcal/mol |      11 |  -12.10 kcal/mol
         25 |       674583 |  -11.32 kcal/mol |  -11.71 +/-    0.28 kcal/mol |      11 |  -12.35 kcal/mol
         30 |       806649 |  -11.34 kcal/mol |  -12.24 +/-    0.09 kcal/mol |       4 |  -12.35 kcal/mol
         35 |       939291 |  -11.90 kcal/mol |  -12.34 +/-    0.01 kcal/mol |       4 |  -12.35 kcal/mol
         40 |      1072186 |  -11.78 kcal/mol |  -12.32 +/-    0.05 kcal/mol |      11 |  -12.35 kcal/mol
         45 |      1200254 |  -12.11 kcal/mol |  -12.32 +/-    0.03 kcal/mol |      18 |  -12.35 kcal/mol
------------+--------------+------------------+------------------------------+---------+-------------------

                                   Finished evaluation after reaching
                                  -12.31 +/-    0.05 kcal/mol combined.
                             37 samples, best inter + intra   -12.35 kcal/mol.


Shutdown time 0.000664s

Job #1 took 0.690 sec after waiting 4.685 sec for setup

(Thread 0 is processing Job #1)
(Thread 0 is setting up Job #2)

Running Job #2:
    Device: NVIDIA A100-SXM4-40GB
    Grid map file: ./protein.maps.fld
    Ligand file: ./ligand_2_2.pdbqt
    Output file: docking_result_2.dlg (+ xml)
    Using heuristics: (capped) number of evaluations set to 2068966
    Local-search chosen method is: ADADELTA (ad)

Rest of Setup time 0.310565s

Executing docking runs, stopping automatically after either reaching 0.15 kcal/mol standard deviation of
the best molecules of the last 4 * 5 generations, 42000 generations, or 2068966 evaluations:

Generations |  Evaluations |     Threshold    |  Average energy of best 10%  | Samples | Best Inter + Intra
------------+--------------+------------------+------------------------------+---------+-------------------
          0 |          150 |   -0.13 kcal/mol |   -1.54 +/-    0.38 kcal/mol |      27 |   -3.19 kcal/mol
          5 |       141664 |   -1.33 kcal/mol |   -4.83 +/-    1.33 kcal/mol |     937 |   -9.79 kcal/mol
         10 |       279802 |   -4.81 kcal/mol |   -8.50 +/-    0.71 kcal/mol |      55 |  -10.62 kcal/mol
         15 |       419315 |   -8.30 kcal/mol |  -10.33 +/-    0.40 kcal/mol |       5 |  -10.77 kcal/mol
         20 |       558140 |   -9.14 kcal/mol |  -10.47 +/-    0.33 kcal/mol |      12 |  -10.89 kcal/mol
         25 |       695697 |  -10.06 kcal/mol |  -10.77 +/-    0.15 kcal/mol |      13 |  -11.02 kcal/mol
         30 |       831619 |  -10.59 kcal/mol |  -10.82 +/-    0.14 kcal/mol |      15 |  -11.02 kcal/mol
         35 |       965897 |  -10.68 kcal/mol |  -10.88 +/-    0.10 kcal/mol |      18 |  -11.02 kcal/mol
         40 |      1101146 |  -10.80 kcal/mol |  -10.95 +/-    0.07 kcal/mol |      16 |  -11.02 kcal/mol
------------+--------------+------------------+------------------------------+---------+-------------------

                                   Finished evaluation after reaching
                                  -10.86 +/-    0.13 kcal/mol combined.
                             62 samples, best inter + intra   -11.02 kcal/mol.


Shutdown time 0.000660s

Job #2 took 0.617 sec after waiting 0.027 sec for setup

(Thread 0 is processing Job #2)
(Thread 0 is setting up Job #3)

Running Job #3:
    Device: NVIDIA A100-SXM4-40GB
    Grid map file: ./protein.maps.fld
    Ligand file: ./ligand_3_3.pdbqt
    Output file: docking_result_3.dlg (+ xml)
    Using heuristics: (capped) number of evaluations set to 2068966
    Local-search chosen method is: ADADELTA (ad)

Rest of Setup time 0.306629s

Executing docking runs, stopping automatically after either reaching 0.15 kcal/mol standard deviation of
the best molecules of the last 4 * 5 generations, 42000 generations, or 2068966 evaluations:

Generations |  Evaluations |     Threshold    |  Average energy of best 10%  | Samples | Best Inter + Intra
------------+--------------+------------------+------------------------------+---------+-------------------
          0 |          150 |   -0.97 kcal/mol |   -2.68 +/-    0.57 kcal/mol |       7 |   -3.94 kcal/mol
          5 |       138967 |   -1.46 kcal/mol |   -5.22 +/-    1.53 kcal/mol |     911 |  -11.08 kcal/mol
         10 |       278551 |   -5.20 kcal/mol |   -9.44 +/-    0.86 kcal/mol |      67 |  -11.45 kcal/mol
         15 |       421075 |   -9.25 kcal/mol |  -11.22 +/-    0.24 kcal/mol |       9 |  -11.64 kcal/mol
         20 |       560947 |  -10.82 kcal/mol |  -11.55 +/-    0.11 kcal/mol |       6 |  -11.72 kcal/mol
         25 |       701254 |  -11.27 kcal/mol |  -11.69 +/-    0.10 kcal/mol |       8 |  -11.76 kcal/mol
         30 |       839784 |  -11.49 kcal/mol |  -11.85 +/-    0.13 kcal/mol |       4 |  -12.07 kcal/mol
         35 |       978880 |  -11.38 kcal/mol |  -11.78 +/-    0.18 kcal/mol |      10 |  -12.16 kcal/mol
         40 |      1118424 |  -11.51 kcal/mol |  -12.09 +/-    0.11 kcal/mol |       9 |  -12.23 kcal/mol
         45 |      1254213 |  -11.91 kcal/mol |  -12.13 +/-    0.12 kcal/mol |      13 |  -12.30 kcal/mol
         50 |      1390991 |  -11.99 kcal/mol |  -12.19 +/-    0.10 kcal/mol |      14 |  -12.32 kcal/mol
         55 |      1527265 |  -12.08 kcal/mol |  -12.29 +/-    0.06 kcal/mol |      10 |  -12.33 kcal/mol
         60 |      1661233 |  -12.06 kcal/mol |  -12.30 +/-    0.03 kcal/mol |       8 |  -12.34 kcal/mol
         65 |      1795473 |  -12.02 kcal/mol |  -12.24 +/-    0.11 kcal/mol |      13 |  -12.34 kcal/mol
         70 |      1928450 |  -12.11 kcal/mol |  -12.28 +/-    0.06 kcal/mol |      18 |  -12.34 kcal/mol
------------+--------------+------------------+------------------------------+---------+-------------------

                                   Finished evaluation after reaching
                                  -12.27 +/-    0.08 kcal/mol combined.
                             49 samples, best inter + intra   -12.34 kcal/mol.


Shutdown time 0.000648s

Job #3 took 0.840 sec after waiting 0.028 sec for setup

(Thread 0 is processing Job #3)
(Thread 0 is setting up Job #4)

Running Job #4:
    Device: NVIDIA A100-SXM4-40GB
    Grid map file: ./protein.maps.fld
    Ligand file: ./ligand_4_4.pdbqt
    Output file: docking_result_4.dlg (+ xml)
    Using heuristics: (capped) number of evaluations set to 2280181
    Local-search chosen method is: ADADELTA (ad)

Rest of Setup time 0.303868s

Executing docking runs, stopping automatically after either reaching 0.15 kcal/mol standard deviation of
the best molecules of the last 4 * 5 generations, 42000 generations, or 2280181 evaluations:

Generations |  Evaluations |     Threshold    |  Average energy of best 10%  | Samples | Best Inter + Intra
------------+--------------+------------------+------------------------------+---------+-------------------
          0 |          150 |   -1.90 kcal/mol |   -2.42 +/-    0.17 kcal/mol |       5 |   -2.68 kcal/mol
          5 |       135509 |   -1.90 kcal/mol |   -4.86 +/-    1.52 kcal/mol |     917 |  -10.42 kcal/mol
         10 |       268272 |   -4.83 kcal/mol |   -9.03 +/-    0.84 kcal/mol |      37 |  -10.63 kcal/mol
         15 |       400994 |   -8.69 kcal/mol |  -10.43 +/-    0.13 kcal/mol |       7 |  -10.74 kcal/mol
         20 |       532613 |  -10.14 kcal/mol |  -10.51 +/-    0.16 kcal/mol |      14 |  -10.74 kcal/mol
         25 |       662516 |  -10.34 kcal/mol |  -10.59 +/-    0.20 kcal/mol |      15 |  -11.11 kcal/mol
         30 |       790971 |  -10.39 kcal/mol |  -10.71 +/-    0.18 kcal/mol |      23 |  -11.12 kcal/mol
         35 |       916694 |  -10.59 kcal/mol |  -10.84 +/-    0.14 kcal/mol |      19 |  -11.12 kcal/mol
         40 |      1043905 |  -10.74 kcal/mol |  -10.91 +/-    0.08 kcal/mol |      18 |  -11.12 kcal/mol
         45 |      1167724 |  -10.84 kcal/mol |  -11.00 +/-    0.11 kcal/mol |      15 |  -11.15 kcal/mol
         50 |      1292672 |  -10.89 kcal/mol |  -11.04 +/-    0.10 kcal/mol |      16 |  -11.17 kcal/mol
         55 |      1417315 |  -10.95 kcal/mol |  -11.13 +/-    0.05 kcal/mol |       6 |  -11.17 kcal/mol
         60 |      1537882 |  -10.75 kcal/mol |  -10.99 +/-    0.10 kcal/mol |      20 |  -11.17 kcal/mol
         65 |      1660727 |  -10.92 kcal/mol |  -11.08 +/-    0.11 kcal/mol |      16 |  -11.37 kcal/mol
         70 |      1781568 |  -10.98 kcal/mol |  -11.13 +/-    0.12 kcal/mol |      17 |  -11.42 kcal/mol
         75 |      1902320 |  -11.02 kcal/mol |  -11.14 +/-    0.12 kcal/mol |      14 |  -11.42 kcal/mol
         80 |      2021222 |  -11.01 kcal/mol |  -11.21 +/-    0.15 kcal/mol |      13 |  -11.42 kcal/mol
         85 |      2142315 |  -11.04 kcal/mol |  -11.19 +/-    0.08 kcal/mol |      21 |  -11.42 kcal/mol
         90 |      2260232 |  -11.13 kcal/mol |  -11.24 +/-    0.13 kcal/mol |      12 |  -11.50 kcal/mol
         91 |      2283409 |  -11.07 kcal/mol |  -11.24 +/-    0.14 kcal/mol |      24 |  -11.50 kcal/mol
------------+--------------+------------------+------------------------------+---------+-------------------

                                   Finished evaluation after reaching
                       2283409 evaluations. Best inter + intra   -11.50 kcal/mol.


Shutdown time 0.000682s

Job #4 took 0.938 sec after waiting 0.026 sec for setup

(Thread 0 is processing Job #4)
(Thread 0 is setting up Job #5)

Running Job #5:
    Device: NVIDIA A100-SXM4-40GB
    Grid map file: ./protein.maps.fld
    Ligand file: ./ligand_5_5.pdbqt
    Output file: docking_result_5.dlg (+ xml)
    Using heuristics: (capped) number of evaluations set to 5732309
    Overriding heuristics, setting number of evaluations to --nev = 2500000 instead.
    Warning: The set number of evals is 22.78% of the uncapped heuristics estimate of 10974965 evals.
             This means this docking may not be able to converge. Increasing --heurmax may improve
             convergence but will also increase runtime.
             AutoStop will not stop before 40.36% (1009012) of the set number of evaluations.
    Local-search chosen method is: ADADELTA (ad)

Rest of Setup time 0.307905s

Executing docking runs, stopping automatically after either reaching 0.15 kcal/mol standard deviation of
the best molecules of the last 4 * 5 generations, 42000 generations, or 2500000 evaluations:

Generations |  Evaluations |     Threshold    |  Average energy of best 10%  | Samples | Best Inter + Intra
------------+--------------+------------------+------------------------------+---------+-------------------
          0 |          150 |   -1.87 kcal/mol |   -3.02 +/-    0.32 kcal/mol |       4 |   -3.32 kcal/mol
          5 |       142812 |   -1.84 kcal/mol |   -6.32 +/-    1.82 kcal/mol |    1189 |  -13.07 kcal/mol
         10 |       282385 |   -6.29 kcal/mol |  -10.90 +/-    0.73 kcal/mol |      44 |  -13.38 kcal/mol
         15 |       423199 |  -10.65 kcal/mol |  -12.86 +/-    0.89 kcal/mol |       6 |  -14.50 kcal/mol
         20 |       563760 |  -10.64 kcal/mol |  -13.43 +/-    0.65 kcal/mol |       8 |  -14.50 kcal/mol
         25 |       705125 |  -12.20 kcal/mol |  -14.11 +/-    0.25 kcal/mol |       6 |  -14.50 kcal/mol
         30 |       849662 |  -13.49 kcal/mol |  -14.33 +/-    0.30 kcal/mol |       4 |  -14.50 kcal/mol
         35 |       992641 |  -13.19 kcal/mol |  -14.34 +/-    0.16 kcal/mol |       4 |  -14.50 kcal/mol
         40 |      1133966 |  -13.73 kcal/mol |  -14.43 +/-    0.09 kcal/mol |       8 |  -14.50 kcal/mol
         45 |      1274292 |  -14.26 kcal/mol |  -14.77 +/-    0.19 kcal/mol |       5 |  -14.94 kcal/mol
         50 |      1413898 |  -14.19 kcal/mol |  -14.97 +/-    0.23 kcal/mol |       4 |  -15.15 kcal/mol
         55 |      1554363 |  -14.10 kcal/mol |  -14.84 +/-    0.20 kcal/mol |       7 |  -15.19 kcal/mol
         60 |      1690463 |  -14.41 kcal/mol |  -15.04 +/-    0.13 kcal/mol |       9 |  -15.20 kcal/mol
         65 |      1827833 |  -14.82 kcal/mol |  -15.12 +/-    0.12 kcal/mol |       3 |  -15.22 kcal/mol
         70 |      1965569 |  -14.54 kcal/mol |  -15.04 +/-    0.27 kcal/mol |       4 |  -15.22 kcal/mol
         75 |      2105019 |  -14.04 kcal/mol |  -14.89 +/-    0.25 kcal/mol |       6 |  -15.22 kcal/mol
         80 |      2243287 |  -14.25 kcal/mol |  -15.11 +/-    0.10 kcal/mol |       4 |  -15.22 kcal/mol
         85 |      2382438 |  -14.73 kcal/mol |  -15.18 +/-    0.03 kcal/mol |       4 |  -15.22 kcal/mol
         90 |      2520466 |  -14.62 kcal/mol |  -15.19 +/-    0.05 kcal/mol |       8 |  -15.24 kcal/mol
------------+--------------+------------------+------------------------------+---------+-------------------

                                   Finished evaluation after reaching
                       2520466 evaluations. Best inter + intra   -15.24 kcal/mol.


Shutdown time 0.000680s

Job #5 took 1.858 sec after waiting 0.023 sec for setup

(Thread 0 is processing Job #5)
(Thread 0 is setting up Job #6)

Running Job #6:
    Device: NVIDIA A100-SXM4-40GB
    Grid map file: ./protein.maps.fld
    Ligand file: ./ligand_6_6.pdbqt
    Output file: docking_result_6.dlg (+ xml)
    Using heuristics: (capped) number of evaluations set to 2068966
    Local-search chosen method is: ADADELTA (ad)

Rest of Setup time 0.320016s

Executing docking runs, stopping automatically after either reaching 0.15 kcal/mol standard deviation of
the best molecules of the last 4 * 5 generations, 42000 generations, or 2068966 evaluations:

Generations |  Evaluations |     Threshold    |  Average energy of best 10%  | Samples | Best Inter + Intra
------------+--------------+------------------+------------------------------+---------+-------------------
          0 |          150 |   -1.26 kcal/mol |   -2.31 +/-    0.64 kcal/mol |       4 |   -3.41 kcal/mol
          5 |       136520 |    0.10 kcal/mol |   -3.87 +/-    1.40 kcal/mol |     922 |   -9.49 kcal/mol
         10 |       273285 |   -3.84 kcal/mol |   -7.76 +/-    0.80 kcal/mol |      45 |   -9.54 kcal/mol
         15 |       410350 |   -7.50 kcal/mol |   -9.53 +/-    0.04 kcal/mol |       6 |   -9.56 kcal/mol
         20 |       546478 |   -9.15 kcal/mol |   -9.55 +/-    0.12 kcal/mol |      11 |   -9.75 kcal/mol
         25 |       684204 |   -9.39 kcal/mol |   -9.63 +/-    0.14 kcal/mol |      15 |   -9.89 kcal/mol
         30 |       820159 |   -9.50 kcal/mol |   -9.74 +/-    0.11 kcal/mol |      16 |   -9.91 kcal/mol
         35 |       957656 |   -9.64 kcal/mol |   -9.88 +/-    0.14 kcal/mol |      12 |  -10.19 kcal/mol
         40 |      1094381 |   -9.70 kcal/mol |   -9.99 +/-    0.11 kcal/mol |      14 |  -10.22 kcal/mol
         45 |      1229009 |   -9.88 kcal/mol |   -9.99 +/-    0.09 kcal/mol |      12 |  -10.25 kcal/mol
         50 |      1361130 |   -9.88 kcal/mol |   -9.99 +/-    0.07 kcal/mol |      18 |  -10.26 kcal/mol
         55 |      1495192 |   -9.87 kcal/mol |  -10.01 +/-    0.11 kcal/mol |      20 |  -10.34 kcal/mol
         60 |      1623571 |   -9.93 kcal/mol |  -10.05 +/-    0.09 kcal/mol |      13 |  -10.35 kcal/mol
         65 |      1751712 |   -9.94 kcal/mol |  -10.04 +/-    0.08 kcal/mol |      16 |  -10.35 kcal/mol
         70 |      1880891 |   -9.96 kcal/mol |  -10.08 +/-    0.10 kcal/mol |      23 |  -10.35 kcal/mol
------------+--------------+------------------+------------------------------+---------+-------------------

                                   Finished evaluation after reaching
                                  -10.05 +/-    0.10 kcal/mol combined.
                             72 samples, best inter + intra   -10.35 kcal/mol.


Shutdown time 0.000694s

Job #6 took 1.217 sec after waiting 0.035 sec for setup

(Thread 0 is processing Job #6)
(Thread 0 is setting up Job #7)

Running Job #7:
    Device: NVIDIA A100-SXM4-40GB
    Grid map file: ./protein.maps.fld
    Ligand file: ./ligand_7_7.pdbqt
    Output file: docking_result_7.dlg (+ xml)
    Using heuristics: (capped) number of evaluations set to 5732309
    Overriding heuristics, setting number of evaluations to --nev = 2500000 instead.
    Warning: The set number of evals is 22.78% of the uncapped heuristics estimate of 10974965 evals.
             This means this docking may not be able to converge. Increasing --heurmax may improve
             convergence but will also increase runtime.
             AutoStop will not stop before 40.36% (1009012) of the set number of evaluations.
    Local-search chosen method is: ADADELTA (ad)

Rest of Setup time 0.312010s

Executing docking runs, stopping automatically after either reaching 0.15 kcal/mol standard deviation of
the best molecules of the last 4 * 5 generations, 42000 generations, or 2500000 evaluations:

Generations |  Evaluations |     Threshold    |  Average energy of best 10%  | Samples | Best Inter + Intra
------------+--------------+------------------+------------------------------+---------+-------------------
          0 |          150 |  253.52 kcal/mol |  168.48 +/-   25.41 kcal/mol |       7 |  111.58 kcal/mol
          5 |       128058 |  222.93 kcal/mol |    5.87 +/-   18.25 kcal/mol |    1257 |   -8.38 kcal/mol
         10 |       247823 |    6.09 kcal/mol |   -8.59 +/-    0.22 kcal/mol |       4 |   -8.88 kcal/mol
         15 |       369239 |   -7.78 kcal/mol |   -8.80 +/-    0.84 kcal/mol |      14 |  -11.63 kcal/mol
         20 |       487374 |   -7.90 kcal/mol |  -10.05 +/-    0.61 kcal/mol |       8 |  -11.63 kcal/mol
         25 |       605472 |   -8.90 kcal/mol |  -10.63 +/-    0.62 kcal/mol |       4 |  -11.63 kcal/mol
         30 |       722779 |   -8.29 kcal/mol |  -10.13 +/-    0.53 kcal/mol |      11 |  -11.63 kcal/mol
         35 |       837351 |   -9.40 kcal/mol |  -10.86 +/-    0.46 kcal/mol |       4 |  -11.63 kcal/mol
         40 |       950046 |   -9.13 kcal/mol |  -10.62 +/-    0.52 kcal/mol |      12 |  -11.63 kcal/mol
         45 |      1061602 |   -9.96 kcal/mol |  -11.48 +/-    0.37 kcal/mol |       6 |  -12.15 kcal/mol
         50 |      1172122 |  -10.54 kcal/mol |  -11.56 +/-    0.40 kcal/mol |       4 |  -12.15 kcal/mol
         55 |      1282026 |  -10.08 kcal/mol |  -11.42 +/-    0.38 kcal/mol |      10 |  -12.15 kcal/mol
         60 |      1388924 |  -10.84 kcal/mol |  -11.61 +/-    0.34 kcal/mol |       4 |  -12.15 kcal/mol
         65 |      1492643 |  -10.34 kcal/mol |  -11.72 +/-    0.53 kcal/mol |       6 |  -12.88 kcal/mol
         70 |      1595539 |  -10.39 kcal/mol |  -12.28 +/-    0.76 kcal/mol |       6 |  -13.32 kcal/mol
         75 |      1699397 |  -10.38 kcal/mol |  -12.16 +/-    0.69 kcal/mol |       4 |  -13.32 kcal/mol
         80 |      1801922 |   -9.57 kcal/mol |  -12.00 +/-    0.82 kcal/mol |      12 |  -13.32 kcal/mol
         85 |      1902983 |  -10.98 kcal/mol |  -12.89 +/-    0.44 kcal/mol |       4 |  -13.32 kcal/mol
         90 |      2002182 |  -11.23 kcal/mol |  -12.77 +/-    0.55 kcal/mol |       4 |  -13.32 kcal/mol
         95 |      2102808 |  -10.70 kcal/mol |  -12.21 +/-    0.45 kcal/mol |       8 |  -13.32 kcal/mol
        100 |      2203290 |  -11.37 kcal/mol |  -12.55 +/-    0.45 kcal/mol |       4 |  -13.32 kcal/mol
        105 |      2299313 |  -10.85 kcal/mol |  -12.73 +/-    0.46 kcal/mol |       4 |  -13.32 kcal/mol
        110 |      2396229 |  -10.99 kcal/mol |  -12.47 +/-    0.47 kcal/mol |       5 |  -13.32 kcal/mol
        115 |      2491738 |  -11.06 kcal/mol |  -12.60 +/-    0.38 kcal/mol |       5 |  -13.32 kcal/mol
        116 |      2510730 |  -11.45 kcal/mol |  -12.60 +/-    0.40 kcal/mol |       9 |  -13.32 kcal/mol
------------+--------------+------------------+------------------------------+---------+-------------------

                                   Finished evaluation after reaching
                       2510730 evaluations. Best inter + intra   -13.32 kcal/mol.


Shutdown time 0.000725s

Job #7 took 1.850 sec after waiting 0.021 sec for setup

(Thread 0 is processing Job #7)
(Thread 0 is setting up Job #8)

Running Job #8:
    Device: NVIDIA A100-SXM4-40GB
    Grid map file: ./protein.maps.fld
    Ligand file: ./ligand_8_8.pdbqt
    Output file: docking_result_8.dlg (+ xml)
    Using heuristics: (capped) number of evaluations set to 7973093
    Overriding heuristics, setting number of evaluations to --nev = 2500000 instead.
    Warning: The set number of evals is 10.52% of the uncapped heuristics estimate of 23759450 evals.
             This means this docking may not be able to converge. Increasing --heurmax may improve
             convergence but will also increase runtime.
             AutoStop will not stop before 76.79% (1919714) of the set number of evaluations.
    Local-search chosen method is: ADADELTA (ad)

Rest of Setup time 0.320118s

Executing docking runs, stopping automatically after either reaching 0.15 kcal/mol standard deviation of
the best molecules of the last 4 * 5 generations, 42000 generations, or 2500000 evaluations:

Generations |  Evaluations |     Threshold    |  Average energy of best 10%  | Samples | Best Inter + Intra
------------+--------------+------------------+------------------------------+---------+-------------------
          0 |          150 |  276.41 kcal/mol |  196.85 +/-   26.52 kcal/mol |       5 |  151.01 kcal/mol
          5 |       112530 |  276.41 kcal/mol |    4.92 +/-   17.53 kcal/mol |    1189 |   -8.94 kcal/mol
         10 |       214700 |    5.15 kcal/mol |   -9.94 +/-    0.74 kcal/mol |       5 |  -11.25 kcal/mol
         15 |       320533 |   -7.73 kcal/mol |   -9.95 +/-    0.84 kcal/mol |       5 |  -11.25 kcal/mol
         20 |       428422 |   -7.44 kcal/mol |  -10.28 +/-    0.98 kcal/mol |      11 |  -12.39 kcal/mol
         25 |       533890 |   -8.95 kcal/mol |  -11.02 +/-    0.90 kcal/mol |       4 |  -12.39 kcal/mol
         30 |       641379 |   -7.62 kcal/mol |  -10.60 +/-    0.81 kcal/mol |       9 |  -12.39 kcal/mol
         35 |       746995 |   -9.25 kcal/mol |  -11.18 +/-    0.94 kcal/mol |       4 |  -12.70 kcal/mol
         40 |       851465 |   -7.65 kcal/mol |  -10.51 +/-    0.74 kcal/mol |      15 |  -12.70 kcal/mol
         45 |       956392 |   -9.77 kcal/mol |  -11.98 +/-    0.71 kcal/mol |       4 |  -12.70 kcal/mol
         50 |      1059720 |   -9.31 kcal/mol |  -11.60 +/-    0.60 kcal/mol |       8 |  -12.70 kcal/mol
         55 |      1161646 |  -10.47 kcal/mol |  -12.40 +/-    0.50 kcal/mol |       7 |  -12.95 kcal/mol
         60 |      1263288 |  -11.33 kcal/mol |  -12.65 +/-    0.37 kcal/mol |       4 |  -13.04 kcal/mol
         65 |      1364788 |  -11.25 kcal/mol |  -12.37 +/-    0.51 kcal/mol |       4 |  -13.04 kcal/mol
         70 |      1463416 |  -10.45 kcal/mol |  -12.25 +/-    0.71 kcal/mol |       4 |  -13.04 kcal/mol
         75 |      1562905 |   -9.59 kcal/mol |  -12.00 +/-    0.57 kcal/mol |       8 |  -13.04 kcal/mol
         80 |      1662507 |  -10.94 kcal/mol |  -12.52 +/-    0.27 kcal/mol |       5 |  -13.04 kcal/mol
         85 |      1762241 |  -11.71 kcal/mol |  -12.79 +/-    0.31 kcal/mol |       5 |  -13.04 kcal/mol
         90 |      1860284 |  -11.86 kcal/mol |  -12.45 +/-    0.41 kcal/mol |       4 |  -13.04 kcal/mol
         95 |      1959021 |  -10.92 kcal/mol |  -12.24 +/-    0.40 kcal/mol |       7 |  -13.04 kcal/mol
        100 |      2057666 |  -11.37 kcal/mol |  -12.70 +/-    0.24 kcal/mol |       5 |  -13.04 kcal/mol
        105 |      2154903 |  -11.99 kcal/mol |  -12.80 +/-    0.20 kcal/mol |       4 |  -13.04 kcal/mol
        110 |      2251460 |  -12.04 kcal/mol |  -12.64 +/-    0.34 kcal/mol |       4 |  -13.04 kcal/mol
        115 |      2347371 |  -11.37 kcal/mol |  -12.54 +/-    0.31 kcal/mol |       9 |  -13.04 kcal/mol
        120 |      2442814 |  -12.02 kcal/mol |  -12.88 +/-    0.12 kcal/mol |       7 |  -13.04 kcal/mol
        124 |      2516784 |  -12.62 kcal/mol |  -12.92 +/-    0.11 kcal/mol |      12 |  -13.04 kcal/mol
------------+--------------+------------------+------------------------------+---------+-------------------

                                   Finished evaluation after reaching
                       2516784 evaluations. Best inter + intra   -13.04 kcal/mol.


Shutdown time 0.000670s

Job #8 took 2.629 sec after waiting 0.033 sec for setup

(Thread 0 is processing Job #8)
(Thread 0 is setting up Job #9)

Running Job #9:
    Device: NVIDIA A100-SXM4-40GB
    Grid map file: ./protein.maps.fld
    Ligand file: ./ligand_9_9.pdbqt
    Output file: docking_result_9.dlg (+ xml)
    Using heuristics: (capped) number of evaluations set to 2845257
    Overriding heuristics, setting number of evaluations to --nev = 2500000 instead.
    Local-search chosen method is: ADADELTA (ad)

Rest of Setup time 0.321648s

Executing docking runs, stopping automatically after either reaching 0.15 kcal/mol standard deviation of
the best molecules of the last 4 * 5 generations, 42000 generations, or 2500000 evaluations:

Generations |  Evaluations |     Threshold    |  Average energy of best 10%  | Samples | Best Inter + Intra
------------+--------------+------------------+------------------------------+---------+-------------------
          0 |          150 |   -1.69 kcal/mol |   -2.41 +/-    0.19 kcal/mol |       4 |   -2.56 kcal/mol
          5 |       135412 |   -1.69 kcal/mol |   -5.03 +/-    1.67 kcal/mol |    1022 |  -11.18 kcal/mol
         10 |       266090 |   -5.01 kcal/mol |   -9.58 +/-    0.81 kcal/mol |      38 |  -11.44 kcal/mol
         15 |       396461 |   -9.26 kcal/mol |  -11.46 +/-    0.11 kcal/mol |       4 |  -11.62 kcal/mol
         20 |       526642 |  -11.05 kcal/mol |  -11.50 +/-    0.13 kcal/mol |       7 |  -11.66 kcal/mol
         25 |       656632 |  -11.23 kcal/mol |  -11.56 +/-    0.08 kcal/mol |       5 |  -11.66 kcal/mol
         30 |       786642 |  -11.32 kcal/mol |  -11.54 +/-    0.11 kcal/mol |       8 |  -11.71 kcal/mol
         35 |       912558 |  -11.33 kcal/mol |  -11.58 +/-    0.12 kcal/mol |      11 |  -11.78 kcal/mol
         40 |      1038516 |  -11.41 kcal/mol |  -11.67 +/-    0.14 kcal/mol |      10 |  -11.88 kcal/mol
         45 |      1163183 |  -11.45 kcal/mol |  -11.63 +/-    0.19 kcal/mol |      14 |  -12.03 kcal/mol
         50 |      1286521 |  -11.43 kcal/mol |  -11.88 +/-    0.11 kcal/mol |       8 |  -12.03 kcal/mol
         55 |      1412012 |  -11.67 kcal/mol |  -11.86 +/-    0.13 kcal/mol |       5 |  -12.03 kcal/mol
         60 |      1537202 |  -11.49 kcal/mol |  -11.74 +/-    0.18 kcal/mol |      12 |  -12.06 kcal/mol
         65 |      1663922 |  -11.51 kcal/mol |  -11.95 +/-    0.11 kcal/mol |       6 |  -12.06 kcal/mol
         70 |      1791127 |  -11.68 kcal/mol |  -11.93 +/-    0.12 kcal/mol |      13 |  -12.06 kcal/mol
         75 |      1917415 |  -11.79 kcal/mol |  -11.99 +/-    0.08 kcal/mol |       7 |  -12.06 kcal/mol
         80 |      2042435 |  -11.81 kcal/mol |  -12.01 +/-    0.11 kcal/mol |      10 |  -12.16 kcal/mol
         85 |      2168750 |  -11.84 kcal/mol |  -12.00 +/-    0.12 kcal/mol |      15 |  -12.30 kcal/mol
         90 |      2295279 |  -11.88 kcal/mol |  -12.16 +/-    0.15 kcal/mol |       9 |  -12.51 kcal/mol
         95 |      2422275 |  -11.91 kcal/mol |  -12.34 +/-    0.12 kcal/mol |       6 |  -12.51 kcal/mol
         99 |      2521181 |  -12.04 kcal/mol |  -12.35 +/-    0.12 kcal/mol |      11 |  -12.51 kcal/mol
------------+--------------+------------------+------------------------------+---------+-------------------

                                   Finished evaluation after reaching
                       2521181 evaluations. Best inter + intra   -12.51 kcal/mol.


Shutdown time 0.000658s

Job #9 took 1.646 sec after waiting 0.047 sec for setup

(Thread 0 is processing Job #9)
Run time of entire job set (9 files): 17.241 sec
Savings from multithreading: -0.001 sec
Idle time of execution thread: 4.955 sec

All jobs (9) ran without errors.
