AutoDock-GPU version: v1.6-7-ga46ab564d2ac5f1a1523f65239b43505a1c29364-dirty

Using 1 OpenMP threads

Running 3 docking calculations

Cuda device:                              NVIDIA A100-SXM4-40GB
Available memory on device:               39916 MB (total: 40339 MB)

CUDA Setup time 0.234212s
(Thread 0 is setting up Job #1)

Running Job #1:
    Device: NVIDIA A100-SXM4-40GB
    Grid map file: ./protein.maps.fld
    Ligand file: ./ligand_1_1.pdbqt
    Output file: docking_result_1.dlg (+ xml)
    Using heuristics: (capped) number of evaluations set to 2068966
    Local-search chosen method is: ADADELTA (ad)

Rest of Setup time 0.310477s

Executing docking runs, stopping automatically after either reaching 0.15 kcal/mol standard deviation of
the best molecules of the last 4 * 5 generations, 42000 generations, or 2068966 evaluations:

Generations |  Evaluations |     Threshold    |  Average energy of best 10%  | Samples | Best Inter + Intra
------------+--------------+------------------+------------------------------+---------+-------------------
          0 |          150 |   -0.90 kcal/mol |   -2.34 +/-    0.46 kcal/mol |       9 |   -3.52 kcal/mol
          5 |       124101 |   -1.58 kcal/mol |   -4.90 +/-    1.45 kcal/mol |     828 |  -10.35 kcal/mol
         10 |       240824 |   -4.87 kcal/mol |   -8.67 +/-    0.85 kcal/mol |      54 |  -11.60 kcal/mol
         15 |       357809 |   -8.44 kcal/mol |  -10.64 +/-    0.38 kcal/mol |      12 |  -11.69 kcal/mol
         20 |       477040 |  -10.16 kcal/mol |  -11.44 +/-    0.34 kcal/mol |       4 |  -11.70 kcal/mol
         25 |       597134 |  -10.17 kcal/mol |  -10.90 +/-    0.48 kcal/mol |       4 |  -11.70 kcal/mol
         30 |       719815 |   -9.11 kcal/mol |  -10.85 +/-    0.46 kcal/mol |      11 |  -11.70 kcal/mol
         35 |       841261 |  -10.23 kcal/mol |  -11.72 +/-    0.05 kcal/mol |       4 |  -11.79 kcal/mol
         40 |       963754 |  -11.15 kcal/mol |  -11.57 +/-    0.19 kcal/mol |       4 |  -11.80 kcal/mol
         45 |      1084169 |  -10.87 kcal/mol |  -11.69 +/-    0.15 kcal/mol |      11 |  -11.85 kcal/mol
         50 |      1203773 |  -11.48 kcal/mol |  -11.76 +/-    0.07 kcal/mol |       5 |  -11.85 kcal/mol
         55 |      1323588 |  -11.31 kcal/mol |  -11.79 +/-    0.06 kcal/mol |       7 |  -11.85 kcal/mol
         60 |      1440774 |  -11.47 kcal/mol |  -11.68 +/-    0.10 kcal/mol |      11 |  -11.85 kcal/mol
------------+--------------+------------------+------------------------------+---------+-------------------

                                   Finished evaluation after reaching
                                  -11.72 +/-    0.12 kcal/mol combined.
                             34 samples, best inter + intra   -11.85 kcal/mol.


Shutdown time 0.000678s

Job #1 took 0.823 sec after waiting 4.518 sec for setup

(Thread 0 is processing Job #1)
(Thread 0 is setting up Job #2)

Running Job #2:
    Device: NVIDIA A100-SXM4-40GB
    Grid map file: ./protein.maps.fld
    Ligand file: ./ligand_2_2.pdbqt
    Output file: docking_result_2.dlg (+ xml)
    Using heuristics: (capped) number of evaluations set to 2068966
    Local-search chosen method is: ADADELTA (ad)

Rest of Setup time 0.308444s

Executing docking runs, stopping automatically after either reaching 0.15 kcal/mol standard deviation of
the best molecules of the last 4 * 5 generations, 42000 generations, or 2068966 evaluations:

Generations |  Evaluations |     Threshold    |  Average energy of best 10%  | Samples | Best Inter + Intra
------------+--------------+------------------+------------------------------+---------+-------------------
          0 |          150 |   -1.31 kcal/mol |   -2.08 +/-    0.21 kcal/mol |       4 |   -2.33 kcal/mol
          5 |       130256 |   -1.31 kcal/mol |   -3.88 +/-    1.25 kcal/mol |     900 |   -9.24 kcal/mol
         10 |       260639 |   -3.86 kcal/mol |   -7.27 +/-    0.83 kcal/mol |      65 |   -9.46 kcal/mol
         15 |       393542 |   -7.08 kcal/mol |   -9.36 +/-    0.23 kcal/mol |      10 |   -9.64 kcal/mol
         20 |       529072 |   -9.01 kcal/mol |   -9.47 +/-    0.16 kcal/mol |      13 |   -9.80 kcal/mol
         25 |       663319 |   -9.28 kcal/mol |   -9.55 +/-    0.17 kcal/mol |      12 |   -9.83 kcal/mol
         30 |       799799 |   -9.34 kcal/mol |   -9.57 +/-    0.16 kcal/mol |      19 |   -9.83 kcal/mol
         35 |       933958 |   -9.44 kcal/mol |   -9.65 +/-    0.11 kcal/mol |      13 |   -9.83 kcal/mol
         40 |      1066832 |   -9.52 kcal/mol |   -9.72 +/-    0.09 kcal/mol |      20 |   -9.83 kcal/mol
         45 |      1195282 |   -9.65 kcal/mol |   -9.80 +/-    0.03 kcal/mol |      15 |   -9.83 kcal/mol
------------+--------------+------------------+------------------------------+---------+-------------------

                                   Finished evaluation after reaching
                                   -9.68 +/-    0.14 kcal/mol combined.
                             67 samples, best inter + intra    -9.83 kcal/mol.


Shutdown time 0.000662s

Job #2 took 0.584 sec after waiting 0.032 sec for setup

(Thread 0 is processing Job #2)
(Thread 0 is setting up Job #3)

Running Job #3:
    Device: NVIDIA A100-SXM4-40GB
    Grid map file: ./protein.maps.fld
    Ligand file: ./ligand_3_3.pdbqt
    Output file: docking_result_3.dlg (+ xml)
    Using heuristics: (capped) number of evaluations set to 2068966
    Local-search chosen method is: ADADELTA (ad)

Rest of Setup time 0.308439s

Executing docking runs, stopping automatically after either reaching 0.15 kcal/mol standard deviation of
the best molecules of the last 4 * 5 generations, 42000 generations, or 2068966 evaluations:

Generations |  Evaluations |     Threshold    |  Average energy of best 10%  | Samples | Best Inter + Intra
------------+--------------+------------------+------------------------------+---------+-------------------
          0 |          150 |   -1.97 kcal/mol |   -2.99 +/-    0.34 kcal/mol |       5 |   -3.62 kcal/mol
          5 |       130387 |   -1.97 kcal/mol |   -5.06 +/-    1.48 kcal/mol |     841 |  -12.87 kcal/mol
         10 |       261471 |   -5.03 kcal/mol |   -9.69 +/-    1.29 kcal/mol |      47 |  -12.96 kcal/mol
         15 |       395648 |   -9.27 kcal/mol |  -12.54 +/-    0.23 kcal/mol |       5 |  -12.96 kcal/mol
         20 |       532198 |  -11.84 kcal/mol |  -12.56 +/-    0.25 kcal/mol |       4 |  -12.96 kcal/mol
         25 |       669088 |  -11.63 kcal/mol |  -12.67 +/-    0.28 kcal/mol |      12 |  -12.98 kcal/mol
         30 |       806524 |  -12.31 kcal/mol |  -12.97 +/-    0.02 kcal/mol |       4 |  -12.98 kcal/mol
         35 |       944514 |  -12.40 kcal/mol |  -12.91 +/-    0.11 kcal/mol |       5 |  -13.02 kcal/mol
         40 |      1080979 |  -12.57 kcal/mol |  -12.97 +/-    0.04 kcal/mol |       5 |  -13.02 kcal/mol
         45 |      1215956 |  -12.52 kcal/mol |  -12.88 +/-    0.18 kcal/mol |       4 |  -13.02 kcal/mol
         50 |      1349107 |  -12.20 kcal/mol |  -12.54 +/-    0.23 kcal/mol |      17 |  -13.02 kcal/mol
         55 |      1484324 |  -12.34 kcal/mol |  -12.94 +/-    0.07 kcal/mol |       6 |  -13.02 kcal/mol
         60 |      1616971 |  -12.57 kcal/mol |  -12.93 +/-    0.09 kcal/mol |       6 |  -13.02 kcal/mol
         65 |      1751302 |  -12.71 kcal/mol |  -12.98 +/-    0.07 kcal/mol |       8 |  -13.08 kcal/mol
         70 |      1881965 |  -12.69 kcal/mol |  -12.95 +/-    0.10 kcal/mol |      16 |  -13.08 kcal/mol
         75 |      2010983 |  -12.86 kcal/mol |  -13.01 +/-    0.07 kcal/mol |       9 |  -13.09 kcal/mol
         78 |      2089780 |  -12.76 kcal/mol |  -13.01 +/-    0.08 kcal/mol |      20 |  -13.10 kcal/mol
------------+--------------+------------------+------------------------------+---------+-------------------

                                   Finished evaluation after reaching
                       2089780 evaluations. Best inter + intra   -13.10 kcal/mol.


Shutdown time 0.000752s

Job #3 took 1.031 sec after waiting 0.017 sec for setup

(Thread 0 is processing Job #3)
Run time of entire job set (3 files): 7.040 sec
Savings from multithreading: -0.000 sec
Idle time of execution thread: 4.602 sec

All jobs (3) ran without errors.
