AutoDock-GPU version: v1.6-7-ga46ab564d2ac5f1a1523f65239b43505a1c29364-dirty

Using 1 OpenMP threads

Running 3 docking calculations

Cuda device:                              NVIDIA A100-SXM4-40GB
Available memory on device:               39916 MB (total: 40339 MB)

CUDA Setup time 0.234463s
(Thread 0 is setting up Job #1)

Running Job #1:
    Device: NVIDIA A100-SXM4-40GB
    Grid map file: ./protein.maps.fld
    Ligand file: ./ligand_1_1.pdbqt
    Output file: docking_result_1.dlg (+ xml)
    Using heuristics: (capped) number of evaluations set to 2068966
    Local-search chosen method is: ADADELTA (ad)

Rest of Setup time 0.309072s

Executing docking runs, stopping automatically after either reaching 0.15 kcal/mol standard deviation of
the best molecules of the last 4 * 5 generations, 42000 generations, or 2068966 evaluations:

Generations |  Evaluations |     Threshold    |  Average energy of best 10%  | Samples | Best Inter + Intra
------------+--------------+------------------+------------------------------+---------+-------------------
          0 |          150 |   -1.35 kcal/mol |   -2.28 +/-    0.30 kcal/mol |      10 |   -3.05 kcal/mol
          5 |       121685 |   -1.83 kcal/mol |   -5.96 +/-    1.81 kcal/mol |     930 |  -13.80 kcal/mol
         10 |       244989 |   -5.93 kcal/mol |  -11.10 +/-    1.41 kcal/mol |      49 |  -15.46 kcal/mol
         15 |       372455 |  -10.67 kcal/mol |  -14.58 +/-    0.72 kcal/mol |       6 |  -15.46 kcal/mol
         20 |       500774 |  -12.77 kcal/mol |  -15.11 +/-    0.32 kcal/mol |       4 |  -15.46 kcal/mol
         25 |       626407 |  -13.89 kcal/mol |  -14.99 +/-    0.58 kcal/mol |       4 |  -15.46 kcal/mol
         30 |       753397 |  -12.80 kcal/mol |  -15.04 +/-    0.51 kcal/mol |      10 |  -15.46 kcal/mol
         35 |       881848 |  -14.28 kcal/mol |  -15.12 +/-    0.37 kcal/mol |       4 |  -15.47 kcal/mol
         40 |      1012564 |  -13.73 kcal/mol |  -15.25 +/-    0.16 kcal/mol |       7 |  -15.47 kcal/mol
         45 |      1144414 |  -14.91 kcal/mol |  -15.25 +/-    0.11 kcal/mol |       9 |  -15.47 kcal/mol
         50 |      1275396 |  -15.07 kcal/mol |  -15.28 +/-    0.11 kcal/mol |       6 |  -15.47 kcal/mol
         55 |      1409438 |  -15.01 kcal/mol |  -15.26 +/-    0.11 kcal/mol |       8 |  -15.47 kcal/mol
------------+--------------+------------------+------------------------------+---------+-------------------

                                   Finished evaluation after reaching
                                  -15.26 +/-    0.12 kcal/mol combined.
                             30 samples, best inter + intra   -15.47 kcal/mol.


Shutdown time 0.000704s

Job #1 took 0.980 sec after waiting 4.502 sec for setup

(Thread 0 is processing Job #1)
(Thread 0 is setting up Job #2)

Running Job #2:
    Device: NVIDIA A100-SXM4-40GB
    Grid map file: ./protein.maps.fld
    Ligand file: ./ligand_2_2.pdbqt
    Output file: docking_result_2.dlg (+ xml)
    Using heuristics: (capped) number of evaluations set to 2068966
    Local-search chosen method is: ADADELTA (ad)

Rest of Setup time 0.306977s

Executing docking runs, stopping automatically after either reaching 0.15 kcal/mol standard deviation of
the best molecules of the last 4 * 5 generations, 42000 generations, or 2068966 evaluations:

Generations |  Evaluations |     Threshold    |  Average energy of best 10%  | Samples | Best Inter + Intra
------------+--------------+------------------+------------------------------+---------+-------------------
          0 |          150 |   -1.04 kcal/mol |   -2.85 +/-    0.66 kcal/mol |       4 |   -3.70 kcal/mol
          5 |       126449 |   -0.36 kcal/mol |   -4.16 +/-    1.45 kcal/mol |     855 |   -9.34 kcal/mol
         10 |       252629 |   -4.14 kcal/mol |   -7.89 +/-    0.64 kcal/mol |      32 |   -9.53 kcal/mol
         15 |       382268 |   -7.59 kcal/mol |   -9.30 +/-    0.25 kcal/mol |       8 |   -9.64 kcal/mol
         20 |       513628 |   -8.84 kcal/mol |   -9.70 +/-    0.05 kcal/mol |       5 |   -9.79 kcal/mol
         25 |       643338 |   -9.25 kcal/mol |   -9.70 +/-    0.06 kcal/mol |       7 |   -9.79 kcal/mol
         30 |       773566 |   -9.38 kcal/mol |   -9.78 +/-    0.16 kcal/mol |       8 |  -10.17 kcal/mol
         35 |       905029 |   -9.48 kcal/mol |   -9.88 +/-    0.15 kcal/mol |      11 |  -10.17 kcal/mol
         40 |      1034268 |   -9.67 kcal/mol |   -9.93 +/-    0.17 kcal/mol |      12 |  -10.30 kcal/mol
         45 |      1162440 |   -9.72 kcal/mol |  -10.19 +/-    0.08 kcal/mol |       8 |  -10.31 kcal/mol
         50 |      1288922 |  -10.04 kcal/mol |  -10.21 +/-    0.11 kcal/mol |       7 |  -10.37 kcal/mol
         55 |      1418357 |   -9.97 kcal/mol |  -10.23 +/-    0.13 kcal/mol |       9 |  -10.37 kcal/mol
         60 |      1545052 |  -10.02 kcal/mol |  -10.22 +/-    0.12 kcal/mol |       8 |  -10.44 kcal/mol
         65 |      1675776 |   -9.99 kcal/mol |  -10.17 +/-    0.14 kcal/mol |      12 |  -10.49 kcal/mol
         70 |      1806120 |   -9.99 kcal/mol |  -10.24 +/-    0.14 kcal/mol |      13 |  -10.49 kcal/mol
         75 |      1933389 |  -10.08 kcal/mol |  -10.33 +/-    0.17 kcal/mol |       5 |  -10.58 kcal/mol
         80 |      2063096 |   -9.83 kcal/mol |  -10.37 +/-    0.21 kcal/mol |      10 |  -10.75 kcal/mol
         81 |      2087915 |  -10.06 kcal/mol |  -10.39 +/-    0.21 kcal/mol |      21 |  -10.75 kcal/mol
------------+--------------+------------------+------------------------------+---------+-------------------

                                   Finished evaluation after reaching
                       2087915 evaluations. Best inter + intra   -10.75 kcal/mol.


Shutdown time 0.000741s

Job #2 took 0.974 sec after waiting 0.049 sec for setup

(Thread 0 is processing Job #2)
(Thread 0 is setting up Job #3)

Running Job #3:
    Device: NVIDIA A100-SXM4-40GB
    Grid map file: ./protein.maps.fld
    Ligand file: ./ligand_3_3.pdbqt
    Output file: docking_result_3.dlg (+ xml)
    Using heuristics: (capped) number of evaluations set to 2068966
    Local-search chosen method is: ADADELTA (ad)

Rest of Setup time 0.308609s

Executing docking runs, stopping automatically after either reaching 0.15 kcal/mol standard deviation of
the best molecules of the last 4 * 5 generations, 42000 generations, or 2068966 evaluations:

Generations |  Evaluations |     Threshold    |  Average energy of best 10%  | Samples | Best Inter + Intra
------------+--------------+------------------+------------------------------+---------+-------------------
          0 |          150 |   -0.91 kcal/mol |   -2.38 +/-    0.39 kcal/mol |       4 |   -2.94 kcal/mol
          5 |       135857 |   -0.91 kcal/mol |   -4.72 +/-    1.53 kcal/mol |     986 |  -10.80 kcal/mol
         10 |       270765 |   -4.69 kcal/mol |   -8.98 +/-    0.93 kcal/mol |      47 |  -11.23 kcal/mol
         15 |       408930 |   -8.68 kcal/mol |  -10.79 +/-    0.18 kcal/mol |      11 |  -11.24 kcal/mol
         20 |       544551 |  -10.54 kcal/mol |  -11.09 +/-    0.18 kcal/mol |       9 |  -11.36 kcal/mol
         25 |       680380 |  -10.79 kcal/mol |  -11.59 +/-    0.28 kcal/mol |       6 |  -11.87 kcal/mol
         30 |       818910 |  -10.89 kcal/mol |  -11.71 +/-    0.17 kcal/mol |       6 |  -11.88 kcal/mol
         35 |       954679 |  -11.29 kcal/mol |  -11.91 +/-    0.25 kcal/mol |       4 |  -12.33 kcal/mol
         40 |      1088415 |  -10.97 kcal/mol |  -11.91 +/-    0.34 kcal/mol |       8 |  -12.56 kcal/mol
         45 |      1221380 |  -11.27 kcal/mol |  -12.19 +/-    0.36 kcal/mol |       4 |  -12.62 kcal/mol
         50 |      1355662 |  -10.86 kcal/mol |  -12.10 +/-    0.27 kcal/mol |      12 |  -12.62 kcal/mol
         55 |      1490526 |  -11.77 kcal/mol |  -12.53 +/-    0.12 kcal/mol |       8 |  -12.63 kcal/mol
         60 |      1624056 |  -12.31 kcal/mol |  -12.53 +/-    0.13 kcal/mol |       3 |  -12.63 kcal/mol
         65 |      1757613 |  -11.88 kcal/mol |  -12.49 +/-    0.10 kcal/mol |       6 |  -12.63 kcal/mol
         70 |      1889518 |  -12.24 kcal/mol |  -12.57 +/-    0.09 kcal/mol |       4 |  -12.63 kcal/mol
------------+--------------+------------------+------------------------------+---------+-------------------

                                   Finished evaluation after reaching
                                  -12.53 +/-    0.11 kcal/mol combined.
                             21 samples, best inter + intra   -12.63 kcal/mol.


Shutdown time 0.006506s

Job #3 took 0.916 sec after waiting 0.029 sec for setup

(Thread 0 is processing Job #3)
Run time of entire job set (3 files): 7.483 sec
Savings from multithreading: -0.000 sec
Idle time of execution thread: 4.612 sec

All jobs (3) ran without errors.
