AutoDock-GPU version: v1.6-7-ga46ab564d2ac5f1a1523f65239b43505a1c29364-dirty

Using 1 OpenMP threads

Running 2 docking calculations

Cuda device:                              NVIDIA A100-SXM4-40GB
Available memory on device:               39916 MB (total: 40339 MB)

CUDA Setup time 0.235004s
(Thread 0 is setting up Job #1)

Running Job #1:
    Device: NVIDIA A100-SXM4-40GB
    Grid map file: ./protein.maps.fld
    Ligand file: ./ligand_1_1.pdbqt
    Output file: docking_result_1.dlg (+ xml)
    Using heuristics: (capped) number of evaluations set to 3487417
    Overriding heuristics, setting number of evaluations to --nev = 2500000 instead.
    Local-search chosen method is: ADADELTA (ad)

Rest of Setup time 0.312231s

Executing docking runs, stopping automatically after either reaching 0.15 kcal/mol standard deviation of
the best molecules of the last 4 * 5 generations, 42000 generations, or 2500000 evaluations:

Generations |  Evaluations |     Threshold    |  Average energy of best 10%  | Samples | Best Inter + Intra
------------+--------------+------------------+------------------------------+---------+-------------------
          0 |          150 |   -2.43 kcal/mol |   -3.55 +/-    0.41 kcal/mol |       4 |   -4.18 kcal/mol
          5 |       112830 |   -1.99 kcal/mol |   -7.24 +/-    2.21 kcal/mol |    1030 |  -14.41 kcal/mol
         10 |       227589 |   -7.21 kcal/mol |  -12.57 +/-    0.67 kcal/mol |      57 |  -14.73 kcal/mol
         15 |       345221 |  -12.40 kcal/mol |  -14.49 +/-    0.52 kcal/mol |      11 |  -15.20 kcal/mol
         20 |       467921 |  -13.78 kcal/mol |  -16.09 +/-    1.20 kcal/mol |       5 |  -17.58 kcal/mol
         25 |       592947 |  -12.50 kcal/mol |  -15.77 +/-    1.19 kcal/mol |       4 |  -17.83 kcal/mol
         30 |       720559 |  -11.30 kcal/mol |  -14.89 +/-    0.98 kcal/mol |      22 |  -18.08 kcal/mol
         35 |       846904 |  -14.23 kcal/mol |  -17.91 +/-    1.06 kcal/mol |       4 |  -19.20 kcal/mol
         40 |       970575 |  -13.94 kcal/mol |  -17.45 +/-    1.33 kcal/mol |       5 |  -19.29 kcal/mol
         45 |      1096779 |  -13.46 kcal/mol |  -18.86 +/-    0.75 kcal/mol |       5 |  -19.29 kcal/mol
         50 |      1222379 |  -16.62 kcal/mol |  -18.35 +/-    1.01 kcal/mol |       4 |  -19.36 kcal/mol
         55 |      1349307 |  -14.56 kcal/mol |  -17.61 +/-    1.04 kcal/mol |       4 |  -19.36 kcal/mol
         60 |      1474138 |  -13.69 kcal/mol |  -17.13 +/-    1.26 kcal/mol |      13 |  -19.42 kcal/mol
         65 |      1598996 |  -15.67 kcal/mol |  -17.62 +/-    1.15 kcal/mol |       4 |  -19.55 kcal/mol
         70 |      1724238 |  -13.31 kcal/mol |  -16.89 +/-    1.04 kcal/mol |      11 |  -19.55 kcal/mol
         75 |      1849948 |  -15.47 kcal/mol |  -18.40 +/-    0.73 kcal/mol |       4 |  -19.55 kcal/mol
         80 |      1976058 |  -15.67 kcal/mol |  -18.39 +/-    0.84 kcal/mol |       6 |  -19.55 kcal/mol
         85 |      2102978 |  -16.30 kcal/mol |  -18.23 +/-    0.79 kcal/mol |       4 |  -19.55 kcal/mol
         90 |      2226015 |  -15.26 kcal/mol |  -18.31 +/-    0.65 kcal/mol |       6 |  -19.55 kcal/mol
         95 |      2351087 |  -16.69 kcal/mol |  -17.97 +/-    0.83 kcal/mol |       5 |  -19.55 kcal/mol
        100 |      2476421 |  -15.48 kcal/mol |  -18.02 +/-    0.85 kcal/mol |       9 |  -19.55 kcal/mol
        101 |      2502252 |  -16.60 kcal/mol |  -18.20 +/-    0.83 kcal/mol |      13 |  -19.55 kcal/mol
------------+--------------+------------------+------------------------------+---------+-------------------

                                   Finished evaluation after reaching
                       2502252 evaluations. Best inter + intra   -19.55 kcal/mol.


Shutdown time 0.000753s

Job #1 took 2.038 sec after waiting 4.493 sec for setup

(Thread 0 is processing Job #1)
(Thread 0 is setting up Job #2)

Running Job #2:
    Device: NVIDIA A100-SXM4-40GB
    Grid map file: ./protein.maps.fld
    Ligand file: ./ligand_2_2.pdbqt
    Output file: docking_result_2.dlg (+ xml)
    Using heuristics: (capped) number of evaluations set to 2280181
    Local-search chosen method is: ADADELTA (ad)

Rest of Setup time 0.312437s

Executing docking runs, stopping automatically after either reaching 0.15 kcal/mol standard deviation of
the best molecules of the last 4 * 5 generations, 42000 generations, or 2280181 evaluations:

Generations |  Evaluations |     Threshold    |  Average energy of best 10%  | Samples | Best Inter + Intra
------------+--------------+------------------+------------------------------+---------+-------------------
          0 |          150 |   -0.10 kcal/mol |   -1.75 +/-    0.52 kcal/mol |      15 |   -3.44 kcal/mol
          5 |       121580 |   -1.23 kcal/mol |   -4.90 +/-    1.64 kcal/mol |     903 |  -12.00 kcal/mol
         10 |       243624 |   -4.87 kcal/mol |   -9.12 +/-    1.19 kcal/mol |      51 |  -13.00 kcal/mol
         15 |       368680 |   -8.77 kcal/mol |  -12.28 +/-    0.46 kcal/mol |      10 |  -13.04 kcal/mol
         20 |       496351 |  -11.60 kcal/mol |  -13.40 +/-    0.26 kcal/mol |       5 |  -13.89 kcal/mol
         25 |       625425 |  -12.62 kcal/mol |  -13.39 +/-    0.27 kcal/mol |       5 |  -13.89 kcal/mol
         30 |       753185 |  -12.57 kcal/mol |  -13.47 +/-    0.25 kcal/mol |       8 |  -13.89 kcal/mol
         35 |       878453 |  -12.99 kcal/mol |  -13.75 +/-    0.37 kcal/mol |       4 |  -14.39 kcal/mol
         40 |      1003828 |  -12.38 kcal/mol |  -13.54 +/-    0.33 kcal/mol |       9 |  -14.39 kcal/mol
         45 |      1128450 |  -13.00 kcal/mol |  -14.20 +/-    0.34 kcal/mol |       4 |  -14.41 kcal/mol
         50 |      1254338 |  -12.94 kcal/mol |  -14.16 +/-    0.26 kcal/mol |       4 |  -14.41 kcal/mol
         55 |      1380556 |  -13.17 kcal/mol |  -14.24 +/-    0.27 kcal/mol |       5 |  -14.41 kcal/mol
         60 |      1504954 |  -13.44 kcal/mol |  -14.04 +/-    0.29 kcal/mol |       4 |  -14.41 kcal/mol
         65 |      1629716 |  -12.93 kcal/mol |  -13.86 +/-    0.27 kcal/mol |       9 |  -14.41 kcal/mol
         70 |      1755435 |  -13.41 kcal/mol |  -14.22 +/-    0.17 kcal/mol |       4 |  -14.41 kcal/mol
         75 |      1882130 |  -13.58 kcal/mol |  -14.02 +/-    0.22 kcal/mol |       7 |  -14.41 kcal/mol
         80 |      2006392 |  -13.55 kcal/mol |  -14.27 +/-    0.17 kcal/mol |       4 |  -14.41 kcal/mol
         85 |      2131881 |  -13.62 kcal/mol |  -14.32 +/-    0.15 kcal/mol |       7 |  -14.42 kcal/mol
         90 |      2259110 |  -13.99 kcal/mol |  -14.34 +/-    0.07 kcal/mol |       5 |  -14.42 kcal/mol
         91 |      2283553 |  -13.89 kcal/mol |  -14.35 +/-    0.07 kcal/mol |       8 |  -14.42 kcal/mol
------------+--------------+------------------+------------------------------+---------+-------------------

                                   Finished evaluation after reaching
                       2283553 evaluations. Best inter + intra   -14.42 kcal/mol.


Shutdown time 0.000693s

Job #2 took 1.284 sec after waiting 0.083 sec for setup

(Thread 0 is processing Job #2)
Run time of entire job set (2 files): 7.947 sec
Savings from multithreading: -0.000 sec
Idle time of execution thread: 4.624 sec

All jobs (2) ran without errors.
