AutoDock-GPU version: v1.6-7-ga46ab564d2ac5f1a1523f65239b43505a1c29364-dirty

Using 1 OpenMP threads

Running 4 docking calculations

Cuda device:                              NVIDIA A100-SXM4-40GB
Available memory on device:               39916 MB (total: 40339 MB)

CUDA Setup time 0.233636s
(Thread 0 is setting up Job #1)

Running Job #1:
    Device: NVIDIA A100-SXM4-40GB
    Grid map file: ./protein.maps.fld
    Ligand file: ./ligand_1_1.pdbqt
    Output file: docking_result_1.dlg (+ xml)
    Using heuristics: (capped) number of evaluations set to 2845257
    Overriding heuristics, setting number of evaluations to --nev = 2500000 instead.
    Local-search chosen method is: ADADELTA (ad)

Rest of Setup time 0.310029s

Executing docking runs, stopping automatically after either reaching 0.15 kcal/mol standard deviation of
the best molecules of the last 4 * 5 generations, 42000 generations, or 2500000 evaluations:

Generations |  Evaluations |     Threshold    |  Average energy of best 10%  | Samples | Best Inter + Intra
------------+--------------+------------------+------------------------------+---------+-------------------
          0 |          150 |   -2.34 kcal/mol |   -2.57 +/-    0.17 kcal/mol |      11 |   -2.80 kcal/mol
          5 |       131444 |   -2.34 kcal/mol |   -5.82 +/-    1.79 kcal/mol |    1030 |  -13.54 kcal/mol
         10 |       265410 |   -5.80 kcal/mol |  -10.73 +/-    1.12 kcal/mol |      27 |  -13.81 kcal/mol
         15 |       402336 |  -10.10 kcal/mol |  -12.75 +/-    0.64 kcal/mol |       4 |  -13.81 kcal/mol
         20 |       539223 |  -10.36 kcal/mol |  -12.36 +/-    0.61 kcal/mol |      14 |  -13.81 kcal/mol
         25 |       675903 |  -11.71 kcal/mol |  -12.96 +/-    0.51 kcal/mol |       4 |  -13.85 kcal/mol
         30 |       813766 |  -11.03 kcal/mol |  -13.04 +/-    0.49 kcal/mol |      11 |  -13.85 kcal/mol
         35 |       950180 |  -12.36 kcal/mol |  -13.64 +/-    0.34 kcal/mol |       4 |  -14.00 kcal/mol
         40 |      1087611 |  -12.38 kcal/mol |  -13.62 +/-    0.33 kcal/mol |       6 |  -14.16 kcal/mol
         45 |      1222153 |  -12.79 kcal/mol |  -13.84 +/-    0.30 kcal/mol |       4 |  -14.20 kcal/mol
         50 |      1355876 |  -12.71 kcal/mol |  -13.91 +/-    0.37 kcal/mol |       6 |  -14.41 kcal/mol
         55 |      1493393 |  -12.98 kcal/mol |  -14.25 +/-    0.37 kcal/mol |       4 |  -14.84 kcal/mol
         60 |      1627951 |  -12.88 kcal/mol |  -14.09 +/-    0.51 kcal/mol |       4 |  -14.84 kcal/mol
         65 |      1763118 |  -12.18 kcal/mol |  -14.05 +/-    0.48 kcal/mol |       5 |  -14.89 kcal/mol
         70 |      1899747 |  -12.60 kcal/mol |  -14.24 +/-    0.35 kcal/mol |       6 |  -14.96 kcal/mol
         75 |      2034422 |  -13.37 kcal/mol |  -14.21 +/-    0.46 kcal/mol |       4 |  -14.96 kcal/mol
         80 |      2166986 |  -12.49 kcal/mol |  -14.08 +/-    0.43 kcal/mol |       7 |  -14.96 kcal/mol
         85 |      2299909 |  -13.16 kcal/mol |  -14.56 +/-    0.36 kcal/mol |       4 |  -14.96 kcal/mol
         90 |      2432544 |  -13.22 kcal/mol |  -14.92 +/-    0.06 kcal/mol |       6 |  -14.96 kcal/mol
         93 |      2513222 |  -14.54 kcal/mol |  -14.90 +/-    0.07 kcal/mol |       9 |  -14.96 kcal/mol
------------+--------------+------------------+------------------------------+---------+-------------------

                                   Finished evaluation after reaching
                       2513222 evaluations. Best inter + intra   -14.96 kcal/mol.


Shutdown time 0.000710s

Job #1 took 1.370 sec after waiting 4.471 sec for setup

(Thread 0 is processing Job #1)
(Thread 0 is setting up Job #2)

Running Job #2:
    Device: NVIDIA A100-SXM4-40GB
    Grid map file: ./protein.maps.fld
    Ligand file: ./ligand_2_2.pdbqt
    Output file: docking_result_2.dlg (+ xml)
    Using heuristics: (capped) number of evaluations set to 2845257
    Overriding heuristics, setting number of evaluations to --nev = 2500000 instead.
    Local-search chosen method is: ADADELTA (ad)

Rest of Setup time 0.315371s

Executing docking runs, stopping automatically after either reaching 0.15 kcal/mol standard deviation of
the best molecules of the last 4 * 5 generations, 42000 generations, or 2500000 evaluations:

Generations |  Evaluations |     Threshold    |  Average energy of best 10%  | Samples | Best Inter + Intra
------------+--------------+------------------+------------------------------+---------+-------------------
          0 |          150 |   -1.02 kcal/mol |   -2.65 +/-    0.55 kcal/mol |       8 |   -3.82 kcal/mol
          5 |       131592 |   -1.63 kcal/mol |   -5.72 +/-    1.73 kcal/mol |     999 |  -12.98 kcal/mol
         10 |       261816 |   -5.69 kcal/mol |  -10.16 +/-    1.03 kcal/mol |      46 |  -13.07 kcal/mol
         15 |       395553 |   -9.82 kcal/mol |  -12.44 +/-    0.37 kcal/mol |      11 |  -13.26 kcal/mol
         20 |       528344 |  -11.94 kcal/mol |  -12.98 +/-    0.18 kcal/mol |       6 |  -13.30 kcal/mol
         25 |       660282 |  -12.53 kcal/mol |  -13.34 +/-    0.26 kcal/mol |       7 |  -13.81 kcal/mol
         30 |       792928 |  -12.79 kcal/mol |  -13.67 +/-    0.23 kcal/mol |       5 |  -13.95 kcal/mol
         35 |       927847 |  -12.98 kcal/mol |  -13.82 +/-    0.27 kcal/mol |       5 |  -14.07 kcal/mol
         40 |      1061028 |  -13.02 kcal/mol |  -13.90 +/-    0.21 kcal/mol |       7 |  -14.11 kcal/mol
         45 |      1193286 |  -13.44 kcal/mol |  -14.01 +/-    0.12 kcal/mol |       7 |  -14.13 kcal/mol
         50 |      1326241 |  -13.76 kcal/mol |  -14.12 +/-    0.09 kcal/mol |       8 |  -14.24 kcal/mol
         55 |      1460414 |  -13.96 kcal/mol |  -14.21 +/-    0.13 kcal/mol |       7 |  -14.50 kcal/mol
         60 |      1589200 |  -13.93 kcal/mol |  -14.28 +/-    0.22 kcal/mol |       8 |  -14.70 kcal/mol
         65 |      1723304 |  -13.86 kcal/mol |  -14.30 +/-    0.21 kcal/mol |       8 |  -14.70 kcal/mol
         70 |      1857464 |  -13.91 kcal/mol |  -14.53 +/-    0.32 kcal/mol |       5 |  -15.07 kcal/mol
         75 |      1990857 |  -13.59 kcal/mol |  -14.56 +/-    0.35 kcal/mol |       4 |  -15.07 kcal/mol
         80 |      2123357 |  -13.26 kcal/mol |  -14.36 +/-    0.28 kcal/mol |      12 |  -15.07 kcal/mol
         85 |      2256340 |  -14.00 kcal/mol |  -14.83 +/-    0.21 kcal/mol |       4 |  -15.07 kcal/mol
         90 |      2390530 |  -14.03 kcal/mol |  -14.37 +/-    0.27 kcal/mol |      12 |  -15.07 kcal/mol
         95 |      2524574 |  -14.02 kcal/mol |  -14.87 +/-    0.20 kcal/mol |       8 |  -15.07 kcal/mol
------------+--------------+------------------+------------------------------+---------+-------------------

                                   Finished evaluation after reaching
                       2524574 evaluations. Best inter + intra   -15.07 kcal/mol.


Shutdown time 0.000633s

Job #2 took 1.361 sec after waiting 0.044 sec for setup

(Thread 0 is processing Job #2)
(Thread 0 is setting up Job #3)

Running Job #3:
    Device: NVIDIA A100-SXM4-40GB
    Grid map file: ./protein.maps.fld
    Ligand file: ./ligand_3_3.pdbqt
    Output file: docking_result_3.dlg (+ xml)
    Using heuristics: (capped) number of evaluations set to 2280181
    Local-search chosen method is: ADADELTA (ad)

Rest of Setup time 0.308383s

Executing docking runs, stopping automatically after either reaching 0.15 kcal/mol standard deviation of
the best molecules of the last 4 * 5 generations, 42000 generations, or 2280181 evaluations:

Generations |  Evaluations |     Threshold    |  Average energy of best 10%  | Samples | Best Inter + Intra
------------+--------------+------------------+------------------------------+---------+-------------------
          0 |          150 |   -1.69 kcal/mol |   -2.09 +/-    0.27 kcal/mol |      10 |   -2.78 kcal/mol
          5 |       134479 |   -1.69 kcal/mol |   -5.28 +/-    1.52 kcal/mol |     922 |  -10.38 kcal/mol
         10 |       267675 |   -5.25 kcal/mol |   -9.19 +/-    0.86 kcal/mol |      68 |  -12.52 kcal/mol
         15 |       402252 |   -9.00 kcal/mol |  -11.32 +/-    0.46 kcal/mol |      10 |  -12.53 kcal/mol
         20 |       537193 |  -10.63 kcal/mol |  -11.82 +/-    0.41 kcal/mol |       4 |  -12.53 kcal/mol
         25 |       670711 |  -10.26 kcal/mol |  -11.58 +/-    0.42 kcal/mol |       7 |  -12.53 kcal/mol
         30 |       805632 |  -10.68 kcal/mol |  -12.35 +/-    0.39 kcal/mol |       4 |  -12.60 kcal/mol
         35 |       939711 |  -10.88 kcal/mol |  -12.29 +/-    0.37 kcal/mol |       4 |  -12.60 kcal/mol
         40 |      1074620 |  -10.90 kcal/mol |  -11.93 +/-    0.41 kcal/mol |       7 |  -12.60 kcal/mol
         45 |      1207188 |  -11.05 kcal/mol |  -12.53 +/-    0.11 kcal/mol |       5 |  -12.63 kcal/mol
         50 |      1339282 |  -12.21 kcal/mol |  -12.60 +/-    0.10 kcal/mol |       5 |  -12.68 kcal/mol
         55 |      1473292 |  -12.30 kcal/mol |  -12.62 +/-    0.07 kcal/mol |      11 |  -12.68 kcal/mol
         60 |      1606019 |  -12.42 kcal/mol |  -12.58 +/-    0.11 kcal/mol |       8 |  -12.75 kcal/mol
         65 |      1738723 |  -12.37 kcal/mol |  -12.80 +/-    0.23 kcal/mol |       5 |  -13.23 kcal/mol
         70 |      1869313 |  -12.12 kcal/mol |  -12.80 +/-    0.24 kcal/mol |      13 |  -13.38 kcal/mol
         75 |      2001163 |  -12.53 kcal/mol |  -13.15 +/-    0.27 kcal/mol |       5 |  -13.68 kcal/mol
         80 |      2132920 |  -12.35 kcal/mol |  -13.21 +/-    0.37 kcal/mol |       5 |  -13.68 kcal/mol
         85 |      2262540 |  -12.10 kcal/mol |  -13.30 +/-    0.40 kcal/mol |       8 |  -13.73 kcal/mol
         86 |      2288015 |  -12.56 kcal/mol |  -13.44 +/-    0.36 kcal/mol |      13 |  -13.73 kcal/mol
------------+--------------+------------------+------------------------------+---------+-------------------

                                   Finished evaluation after reaching
                       2288015 evaluations. Best inter + intra   -13.73 kcal/mol.


Shutdown time 0.000631s

Job #3 took 1.070 sec after waiting 0.042 sec for setup

(Thread 0 is processing Job #3)
(Thread 0 is setting up Job #4)

Running Job #4:
    Device: NVIDIA A100-SXM4-40GB
    Grid map file: ./protein.maps.fld
    Ligand file: ./ligand_4_4.pdbqt
    Output file: docking_result_4.dlg (+ xml)
    Using heuristics: (capped) number of evaluations set to 2280181
    Local-search chosen method is: ADADELTA (ad)

Rest of Setup time 0.306121s

Executing docking runs, stopping automatically after either reaching 0.15 kcal/mol standard deviation of
the best molecules of the last 4 * 5 generations, 42000 generations, or 2280181 evaluations:

Generations |  Evaluations |     Threshold    |  Average energy of best 10%  | Samples | Best Inter + Intra
------------+--------------+------------------+------------------------------+---------+-------------------
          0 |          150 |   -0.15 kcal/mol |   -2.17 +/-    0.59 kcal/mol |      14 |   -3.64 kcal/mol
          5 |       132106 |   -1.54 kcal/mol |   -5.62 +/-    1.46 kcal/mol |     963 |  -12.02 kcal/mol
         10 |       259784 |   -5.59 kcal/mol |   -9.66 +/-    1.03 kcal/mol |      39 |  -12.48 kcal/mol
         15 |       388312 |   -9.26 kcal/mol |  -12.11 +/-    0.31 kcal/mol |       6 |  -12.80 kcal/mol
         20 |       516089 |  -11.32 kcal/mol |  -12.24 +/-    0.38 kcal/mol |       4 |  -12.86 kcal/mol
         25 |       644868 |  -10.83 kcal/mol |  -12.07 +/-    0.34 kcal/mol |       7 |  -12.86 kcal/mol
         30 |       774749 |  -11.33 kcal/mol |  -12.36 +/-    0.31 kcal/mol |       4 |  -12.86 kcal/mol
         35 |       902911 |  -11.20 kcal/mol |  -12.40 +/-    0.30 kcal/mol |       9 |  -12.86 kcal/mol
         40 |      1031490 |  -11.89 kcal/mol |  -12.44 +/-    0.15 kcal/mol |       9 |  -12.86 kcal/mol
         45 |      1157839 |  -12.19 kcal/mol |  -12.87 +/-    0.22 kcal/mol |      15 |  -13.36 kcal/mol
         50 |      1283734 |  -12.65 kcal/mol |  -13.32 +/-    0.11 kcal/mol |       7 |  -13.41 kcal/mol
         55 |      1410355 |  -13.09 kcal/mol |  -13.37 +/-    0.03 kcal/mol |       7 |  -13.41 kcal/mol
         60 |      1533318 |  -13.05 kcal/mol |  -13.38 +/-    0.03 kcal/mol |       8 |  -13.41 kcal/mol
         65 |      1658644 |  -13.10 kcal/mol |  -13.38 +/-    0.07 kcal/mol |       7 |  -13.43 kcal/mol
         70 |      1783625 |  -13.05 kcal/mol |  -13.38 +/-    0.07 kcal/mol |       8 |  -13.43 kcal/mol
         75 |      1908295 |  -13.10 kcal/mol |  -13.33 +/-    0.11 kcal/mol |       9 |  -13.43 kcal/mol
         80 |      2033524 |  -13.16 kcal/mol |  -13.39 +/-    0.04 kcal/mol |       4 |  -13.43 kcal/mol
------------+--------------+------------------+------------------------------+---------+-------------------

                                   Finished evaluation after reaching
                                  -13.36 +/-    0.08 kcal/mol combined.
                             28 samples, best inter + intra   -13.43 kcal/mol.


Shutdown time 0.000617s

Job #4 took 0.973 sec after waiting 0.032 sec for setup

(Thread 0 is processing Job #4)
Run time of entire job set (4 files): 9.393 sec
Savings from multithreading: -0.000 sec
Idle time of execution thread: 4.619 sec

All jobs (4) ran without errors.
