AutoDock-GPU version: v1.6-7-ga46ab564d2ac5f1a1523f65239b43505a1c29364-dirty

Using 1 OpenMP threads

Running 3 docking calculations

Cuda device:                              NVIDIA A100-SXM4-40GB
Available memory on device:               39916 MB (total: 40339 MB)

CUDA Setup time 0.230988s
(Thread 0 is setting up Job #1)

Running Job #1:
    Device: NVIDIA A100-SXM4-40GB
    Grid map file: ./protein.maps.fld
    Ligand file: ./ligand_1_1.pdbqt
    Output file: docking_result_1.dlg (+ xml)
    Using heuristics: (capped) number of evaluations set to 4195460
    Overriding heuristics, setting number of evaluations to --nev = 2500000 instead.
    Warning: The set number of evals is 38.75% of the uncapped heuristics estimate of 6450800 evals.
             This means this docking may not be able to converge. Increasing --heurmax may improve
             convergence but will also increase runtime.
             AutoStop will not stop before 17.33% (433129) of the set number of evaluations.
    Local-search chosen method is: ADADELTA (ad)

Rest of Setup time 0.308135s

Executing docking runs, stopping automatically after either reaching 0.15 kcal/mol standard deviation of
the best molecules of the last 4 * 5 generations, 42000 generations, or 2500000 evaluations:

Generations |  Evaluations |     Threshold    |  Average energy of best 10%  | Samples | Best Inter + Intra
------------+--------------+------------------+------------------------------+---------+-------------------
          0 |          150 |   -0.24 kcal/mol |   -1.76 +/-    0.39 kcal/mol |      19 |   -3.24 kcal/mol
          5 |       114887 |   -1.45 kcal/mol |   -5.77 +/-    1.96 kcal/mol |     966 |  -12.47 kcal/mol
         10 |       228558 |   -5.74 kcal/mol |  -10.77 +/-    1.04 kcal/mol |      53 |  -14.47 kcal/mol
         15 |       345042 |  -10.47 kcal/mol |  -13.11 +/-    0.70 kcal/mol |       6 |  -14.50 kcal/mol
         20 |       463516 |  -11.37 kcal/mol |  -14.31 +/-    0.57 kcal/mol |       5 |  -14.87 kcal/mol
         25 |       582606 |  -12.60 kcal/mol |  -14.07 +/-    0.75 kcal/mol |       4 |  -14.90 kcal/mol
         30 |       703969 |  -11.24 kcal/mol |  -13.79 +/-    0.75 kcal/mol |      11 |  -14.90 kcal/mol
         35 |       824726 |  -12.77 kcal/mol |  -14.63 +/-    0.30 kcal/mol |       4 |  -14.96 kcal/mol
         40 |       943903 |  -13.51 kcal/mol |  -14.91 +/-    0.37 kcal/mol |       5 |  -15.59 kcal/mol
         45 |      1064535 |  -13.80 kcal/mol |  -15.37 +/-    0.57 kcal/mol |       9 |  -16.34 kcal/mol
         50 |      1185418 |  -14.42 kcal/mol |  -16.09 +/-    0.42 kcal/mol |       4 |  -16.58 kcal/mol
         55 |      1308669 |  -14.51 kcal/mol |  -15.59 +/-    0.61 kcal/mol |       4 |  -16.64 kcal/mol
         60 |      1427456 |  -13.29 kcal/mol |  -15.52 +/-    0.63 kcal/mol |       6 |  -16.64 kcal/mol
         65 |      1548012 |  -13.95 kcal/mol |  -15.83 +/-    0.56 kcal/mol |       4 |  -16.64 kcal/mol
         70 |      1669001 |  -13.73 kcal/mol |  -16.46 +/-    0.66 kcal/mol |       4 |  -17.11 kcal/mol
         75 |      1788138 |  -14.00 kcal/mol |  -16.09 +/-    0.68 kcal/mol |       4 |  -17.24 kcal/mol
         80 |      1908665 |  -13.52 kcal/mol |  -16.12 +/-    0.65 kcal/mol |       4 |  -17.24 kcal/mol
         85 |      2030140 |  -13.67 kcal/mol |  -16.15 +/-    0.62 kcal/mol |      10 |  -17.24 kcal/mol
         90 |      2151868 |  -15.22 kcal/mol |  -16.13 +/-    0.65 kcal/mol |       4 |  -17.24 kcal/mol
         95 |      2274620 |  -13.70 kcal/mol |  -15.82 +/-    0.53 kcal/mol |       9 |  -17.24 kcal/mol
        100 |      2397233 |  -14.93 kcal/mol |  -16.13 +/-    0.56 kcal/mol |       5 |  -17.24 kcal/mol
        105 |      2519255 |  -14.46 kcal/mol |  -16.34 +/-    0.69 kcal/mol |       9 |  -17.24 kcal/mol
------------+--------------+------------------+------------------------------+---------+-------------------

                                   Finished evaluation after reaching
                       2519255 evaluations. Best inter + intra   -17.24 kcal/mol.


Shutdown time 0.000849s

Job #1 took 1.697 sec after waiting 4.449 sec for setup

(Thread 0 is processing Job #1)
(Thread 0 is setting up Job #2)

Running Job #2:
    Device: NVIDIA A100-SXM4-40GB
    Grid map file: ./protein.maps.fld
    Ligand file: ./ligand_2_2.pdbqt
    Output file: docking_result_2.dlg (+ xml)
    Using heuristics: (capped) number of evaluations set to 2280181
    Local-search chosen method is: ADADELTA (ad)

Rest of Setup time 0.302157s

Executing docking runs, stopping automatically after either reaching 0.15 kcal/mol standard deviation of
the best molecules of the last 4 * 5 generations, 42000 generations, or 2280181 evaluations:

Generations |  Evaluations |     Threshold    |  Average energy of best 10%  | Samples | Best Inter + Intra
------------+--------------+------------------+------------------------------+---------+-------------------
          0 |          150 |   -1.59 kcal/mol |   -1.72 +/-    0.08 kcal/mol |       9 |   -1.90 kcal/mol
          5 |       113220 |   -1.59 kcal/mol |   -4.92 +/-    1.69 kcal/mol |     901 |  -11.48 kcal/mol
         10 |       227472 |   -4.90 kcal/mol |   -9.23 +/-    0.91 kcal/mol |      52 |  -11.73 kcal/mol
         15 |       342897 |   -8.97 kcal/mol |  -11.82 +/-    0.43 kcal/mol |       6 |  -12.37 kcal/mol
         20 |       457057 |  -10.75 kcal/mol |  -12.13 +/-    0.33 kcal/mol |       7 |  -12.60 kcal/mol
         25 |       574619 |  -11.41 kcal/mol |  -12.80 +/-    0.43 kcal/mol |       5 |  -13.51 kcal/mol
         30 |       696078 |  -11.52 kcal/mol |  -13.06 +/-    0.42 kcal/mol |       6 |  -13.63 kcal/mol
         35 |       817386 |  -12.00 kcal/mol |  -13.21 +/-    0.37 kcal/mol |       5 |  -13.88 kcal/mol
         40 |       937220 |  -12.10 kcal/mol |  -13.39 +/-    0.41 kcal/mol |       7 |  -13.90 kcal/mol
         45 |      1054623 |  -12.51 kcal/mol |  -13.61 +/-    0.29 kcal/mol |       4 |  -13.90 kcal/mol
         50 |      1172137 |  -12.54 kcal/mol |  -13.64 +/-    0.26 kcal/mol |       5 |  -13.90 kcal/mol
         55 |      1292599 |  -12.86 kcal/mol |  -13.76 +/-    0.08 kcal/mol |       4 |  -13.90 kcal/mol
         60 |      1411477 |  -13.46 kcal/mol |  -13.80 +/-    0.09 kcal/mol |       2 |  -13.90 kcal/mol
         65 |      1533977 |  -13.11 kcal/mol |  -13.61 +/-    0.40 kcal/mol |       4 |  -14.09 kcal/mol
         70 |      1657986 |  -12.13 kcal/mol |  -13.38 +/-    0.41 kcal/mol |      12 |  -14.09 kcal/mol
         75 |      1781166 |  -12.86 kcal/mol |  -13.83 +/-    0.18 kcal/mol |       4 |  -14.09 kcal/mol
         80 |      1906229 |  -13.16 kcal/mol |  -13.87 +/-    0.14 kcal/mol |       4 |  -14.09 kcal/mol
         85 |      2032394 |  -13.33 kcal/mol |  -14.01 +/-    0.12 kcal/mol |       6 |  -14.09 kcal/mol
         90 |      2154825 |  -13.70 kcal/mol |  -13.93 +/-    0.14 kcal/mol |       5 |  -14.09 kcal/mol
         95 |      2278966 |  -13.52 kcal/mol |  -13.93 +/-    0.09 kcal/mol |       4 |  -14.09 kcal/mol
------------+--------------+------------------+------------------------------+---------+-------------------

                                   Finished evaluation after reaching
                                  -13.94 +/-    0.13 kcal/mol combined.
                             19 samples, best inter + intra   -14.09 kcal/mol.


Shutdown time 0.000650s

Job #2 took 1.229 sec after waiting 0.056 sec for setup

(Thread 0 is processing Job #2)
(Thread 0 is setting up Job #3)

Running Job #3:
    Device: NVIDIA A100-SXM4-40GB
    Grid map file: ./protein.maps.fld
    Ligand file: ./ligand_3_3.pdbqt
    Output file: docking_result_3.dlg (+ xml)
    Using heuristics: (capped) number of evaluations set to 7973093
    Overriding heuristics, setting number of evaluations to --nev = 2500000 instead.
    Warning: The set number of evals is 10.52% of the uncapped heuristics estimate of 23759450 evals.
             This means this docking may not be able to converge. Increasing --heurmax may improve
             convergence but will also increase runtime.
             AutoStop will not stop before 76.79% (1919714) of the set number of evaluations.
    Local-search chosen method is: ADADELTA (ad)

Rest of Setup time 0.306488s

Executing docking runs, stopping automatically after either reaching 0.15 kcal/mol standard deviation of
the best molecules of the last 4 * 5 generations, 42000 generations, or 2500000 evaluations:

Generations |  Evaluations |     Threshold    |  Average energy of best 10%  | Samples | Best Inter + Intra
------------+--------------+------------------+------------------------------+---------+-------------------
          0 |          150 |  219.12 kcal/mol |  150.37 +/-   19.14 kcal/mol |       4 |  123.85 kcal/mol
          5 |       115608 |  222.14 kcal/mol |    7.32 +/-   23.99 kcal/mol |    1099 |  -12.57 kcal/mol
         10 |       219444 |    7.65 kcal/mol |  -12.01 +/-    0.63 kcal/mol |       4 |  -12.89 kcal/mol
         15 |       326424 |   -9.64 kcal/mol |  -12.22 +/-    0.51 kcal/mol |       8 |  -13.12 kcal/mol
         20 |       433875 |  -11.26 kcal/mol |  -12.97 +/-    0.48 kcal/mol |       7 |  -13.95 kcal/mol
         25 |       543348 |  -11.94 kcal/mol |  -13.37 +/-    0.37 kcal/mol |       7 |  -14.03 kcal/mol
         30 |       652016 |  -12.58 kcal/mol |  -13.92 +/-    0.39 kcal/mol |       9 |  -14.72 kcal/mol
         35 |       761862 |  -13.27 kcal/mol |  -14.20 +/-    0.38 kcal/mol |       4 |  -14.72 kcal/mol
         40 |       866953 |  -12.76 kcal/mol |  -13.97 +/-    0.42 kcal/mol |       7 |  -14.72 kcal/mol
         45 |       973891 |  -13.07 kcal/mol |  -14.34 +/-    0.22 kcal/mol |       5 |  -14.72 kcal/mol
         50 |      1076717 |  -13.69 kcal/mol |  -14.67 +/-    0.35 kcal/mol |       4 |  -15.21 kcal/mol
         55 |      1181776 |  -13.34 kcal/mol |  -14.79 +/-    0.41 kcal/mol |       7 |  -15.21 kcal/mol
         60 |      1287113 |  -13.91 kcal/mol |  -14.98 +/-    0.14 kcal/mol |       4 |  -15.21 kcal/mol
         65 |      1392677 |  -14.44 kcal/mol |  -15.06 +/-    0.38 kcal/mol |       4 |  -15.72 kcal/mol
         70 |      1495677 |  -13.62 kcal/mol |  -15.03 +/-    0.46 kcal/mol |       8 |  -15.72 kcal/mol
         75 |      1597585 |  -14.16 kcal/mol |  -15.21 +/-    0.41 kcal/mol |       4 |  -15.72 kcal/mol
         80 |      1697907 |  -13.67 kcal/mol |  -15.20 +/-    0.37 kcal/mol |       5 |  -15.72 kcal/mol
         85 |      1796091 |  -14.10 kcal/mol |  -15.30 +/-    0.38 kcal/mol |       8 |  -15.72 kcal/mol
         90 |      1892747 |  -14.59 kcal/mol |  -15.34 +/-    0.23 kcal/mol |       5 |  -15.72 kcal/mol
         95 |      1988088 |  -14.64 kcal/mol |  -15.48 +/-    0.16 kcal/mol |       5 |  -15.72 kcal/mol
        100 |      2082703 |  -14.99 kcal/mol |  -15.47 +/-    0.21 kcal/mol |       3 |  -15.72 kcal/mol
        105 |      2174820 |  -14.43 kcal/mol |  -15.32 +/-    0.32 kcal/mol |       4 |  -15.72 kcal/mol
        110 |      2265837 |  -14.12 kcal/mol |  -15.30 +/-    0.29 kcal/mol |       5 |  -15.72 kcal/mol
        115 |      2356432 |  -14.43 kcal/mol |  -15.45 +/-    0.19 kcal/mol |       4 |  -15.72 kcal/mol
        120 |      2445426 |  -14.75 kcal/mol |  -15.47 +/-    0.23 kcal/mol |       5 |  -15.72 kcal/mol
        124 |      2516591 |  -14.78 kcal/mol |  -15.56 +/-    0.21 kcal/mol |       9 |  -15.72 kcal/mol
------------+--------------+------------------+------------------------------+---------+-------------------

                                   Finished evaluation after reaching
                       2516591 evaluations. Best inter + intra   -15.72 kcal/mol.


Shutdown time 0.000666s

Job #3 took 1.835 sec after waiting 0.042 sec for setup

(Thread 0 is processing Job #3)
Run time of entire job set (3 files): 9.376 sec
Savings from multithreading: -0.000 sec
Idle time of execution thread: 4.616 sec

All jobs (3) ran without errors.
