AutoDock-GPU version: v1.6-7-ga46ab564d2ac5f1a1523f65239b43505a1c29364-dirty

Using 1 OpenMP threads

Running 4 docking calculations

Cuda device:                              NVIDIA A100-SXM4-40GB
Available memory on device:               39916 MB (total: 40339 MB)

CUDA Setup time 0.234460s
(Thread 0 is setting up Job #1)

Running Job #1:
    Device: NVIDIA A100-SXM4-40GB
    Grid map file: ./protein.maps.fld
    Ligand file: ./ligand_1_1.pdbqt
    Output file: docking_result_1.dlg (+ xml)
    Using heuristics: (capped) number of evaluations set to 2280181
    Local-search chosen method is: ADADELTA (ad)

Rest of Setup time 0.308479s

Executing docking runs, stopping automatically after either reaching 0.15 kcal/mol standard deviation of
the best molecules of the last 4 * 5 generations, 42000 generations, or 2280181 evaluations:

Generations |  Evaluations |     Threshold    |  Average energy of best 10%  | Samples | Best Inter + Intra
------------+--------------+------------------+------------------------------+---------+-------------------
          0 |          150 |   -1.26 kcal/mol |   -2.93 +/-    0.59 kcal/mol |       6 |   -4.10 kcal/mol
          5 |       115204 |   -1.46 kcal/mol |   -5.82 +/-    1.87 kcal/mol |     866 |  -14.69 kcal/mol
         10 |       234896 |   -5.79 kcal/mol |  -11.63 +/-    1.66 kcal/mol |      38 |  -14.74 kcal/mol
         15 |       358213 |  -10.98 kcal/mol |  -15.10 +/-    0.53 kcal/mol |       6 |  -15.86 kcal/mol
         20 |       481359 |  -13.78 kcal/mol |  -15.11 +/-    0.47 kcal/mol |       4 |  -15.92 kcal/mol
         25 |       605211 |  -13.33 kcal/mol |  -15.07 +/-    0.44 kcal/mol |       5 |  -15.92 kcal/mol
         30 |       733001 |  -13.75 kcal/mol |  -15.12 +/-    0.37 kcal/mol |       7 |  -15.92 kcal/mol
         35 |       860969 |  -14.32 kcal/mol |  -15.53 +/-    0.22 kcal/mol |       5 |  -15.92 kcal/mol
         40 |       989225 |  -14.86 kcal/mol |  -15.35 +/-    0.37 kcal/mol |       4 |  -15.92 kcal/mol
         45 |      1116738 |  -13.98 kcal/mol |  -15.34 +/-    0.45 kcal/mol |       5 |  -15.92 kcal/mol
         50 |      1243928 |  -13.99 kcal/mol |  -15.48 +/-    0.36 kcal/mol |       8 |  -15.92 kcal/mol
         55 |      1372723 |  -14.80 kcal/mol |  -15.82 +/-    0.12 kcal/mol |       9 |  -16.00 kcal/mol
         60 |      1501493 |  -15.62 kcal/mol |  -15.85 +/-    0.13 kcal/mol |       9 |  -16.05 kcal/mol
         65 |      1630280 |  -15.64 kcal/mol |  -15.87 +/-    0.11 kcal/mol |       9 |  -16.05 kcal/mol
         70 |      1759080 |  -15.69 kcal/mol |  -15.86 +/-    0.08 kcal/mol |      12 |  -16.05 kcal/mol
         75 |      1887540 |  -15.76 kcal/mol |  -15.97 +/-    0.05 kcal/mol |       7 |  -16.05 kcal/mol
------------+--------------+------------------+------------------------------+---------+-------------------

                                   Finished evaluation after reaching
                                  -15.88 +/-    0.11 kcal/mol combined.
                             37 samples, best inter + intra   -16.05 kcal/mol.


Shutdown time 0.000690s

Job #1 took 1.226 sec after waiting 4.471 sec for setup

(Thread 0 is processing Job #1)
(Thread 0 is setting up Job #2)

Running Job #2:
    Device: NVIDIA A100-SXM4-40GB
    Grid map file: ./protein.maps.fld
    Ligand file: ./ligand_2_2.pdbqt
    Output file: docking_result_2.dlg (+ xml)
    Using heuristics: (capped) number of evaluations set to 2845257
    Overriding heuristics, setting number of evaluations to --nev = 2500000 instead.
    Local-search chosen method is: ADADELTA (ad)

Rest of Setup time 0.307453s

Executing docking runs, stopping automatically after either reaching 0.15 kcal/mol standard deviation of
the best molecules of the last 4 * 5 generations, 42000 generations, or 2500000 evaluations:

Generations |  Evaluations |     Threshold    |  Average energy of best 10%  | Samples | Best Inter + Intra
------------+--------------+------------------+------------------------------+---------+-------------------
          0 |          150 |   -1.50 kcal/mol |   -2.41 +/-    0.29 kcal/mol |       5 |   -2.86 kcal/mol
          5 |       126897 |   -1.55 kcal/mol |   -5.66 +/-    1.82 kcal/mol |    1064 |  -11.61 kcal/mol
         10 |       252311 |   -5.63 kcal/mol |  -10.32 +/-    0.95 kcal/mol |      45 |  -12.51 kcal/mol
         15 |       384480 |  -10.00 kcal/mol |  -12.49 +/-    0.28 kcal/mol |       9 |  -12.89 kcal/mol
         20 |       517454 |  -12.03 kcal/mol |  -12.90 +/-    0.28 kcal/mol |       6 |  -13.29 kcal/mol
         25 |       649504 |  -12.21 kcal/mol |  -13.40 +/-    0.35 kcal/mol |       5 |  -13.83 kcal/mol
         30 |       781374 |  -12.35 kcal/mol |  -13.50 +/-    0.21 kcal/mol |       8 |  -13.83 kcal/mol
         35 |       911660 |  -13.10 kcal/mol |  -13.68 +/-    0.13 kcal/mol |       5 |  -13.83 kcal/mol
         40 |      1042515 |  -13.29 kcal/mol |  -13.80 +/-    0.07 kcal/mol |       6 |  -13.92 kcal/mol
         45 |      1174035 |  -13.42 kcal/mol |  -13.91 +/-    0.14 kcal/mol |       5 |  -14.18 kcal/mol
         50 |      1305949 |  -13.49 kcal/mol |  -13.98 +/-    0.17 kcal/mol |       4 |  -14.18 kcal/mol
         55 |      1438249 |  -13.35 kcal/mol |  -13.96 +/-    0.18 kcal/mol |       5 |  -14.18 kcal/mol
         60 |      1566708 |  -13.43 kcal/mol |  -14.00 +/-    0.17 kcal/mol |       7 |  -14.18 kcal/mol
         65 |      1698316 |  -13.63 kcal/mol |  -14.00 +/-    0.16 kcal/mol |       3 |  -14.18 kcal/mol
         70 |      1828434 |  -13.21 kcal/mol |  -13.92 +/-    0.20 kcal/mol |       8 |  -14.18 kcal/mol
         75 |      1957130 |  -13.55 kcal/mol |  -14.06 +/-    0.19 kcal/mol |       3 |  -14.23 kcal/mol
         80 |      2086433 |  -13.10 kcal/mol |  -13.92 +/-    0.26 kcal/mol |       8 |  -14.27 kcal/mol
         85 |      2218377 |  -13.43 kcal/mol |  -14.24 +/-    0.02 kcal/mol |       4 |  -14.27 kcal/mol
         90 |      2348969 |  -13.67 kcal/mol |  -14.08 +/-    0.17 kcal/mol |       8 |  -14.29 kcal/mol
         95 |      2480616 |  -13.77 kcal/mol |  -14.28 +/-    0.03 kcal/mol |       4 |  -14.29 kcal/mol
         96 |      2506281 |  -13.72 kcal/mol |  -14.15 +/-    0.16 kcal/mol |      11 |  -14.29 kcal/mol
------------+--------------+------------------+------------------------------+---------+-------------------

                                   Finished evaluation after reaching
                       2506281 evaluations. Best inter + intra   -14.29 kcal/mol.


Shutdown time 0.000661s

Job #2 took 1.466 sec after waiting 0.053 sec for setup

(Thread 0 is processing Job #2)
(Thread 0 is setting up Job #3)

Running Job #3:
    Device: NVIDIA A100-SXM4-40GB
    Grid map file: ./protein.maps.fld
    Ligand file: ./ligand_3_3.pdbqt
    Output file: docking_result_3.dlg (+ xml)
    Using heuristics: (capped) number of evaluations set to 2068966
    Local-search chosen method is: ADADELTA (ad)

Rest of Setup time 0.301473s

Executing docking runs, stopping automatically after either reaching 0.15 kcal/mol standard deviation of
the best molecules of the last 4 * 5 generations, 42000 generations, or 2068966 evaluations:

Generations |  Evaluations |     Threshold    |  Average energy of best 10%  | Samples | Best Inter + Intra
------------+--------------+------------------+------------------------------+---------+-------------------
          0 |          150 |   -1.60 kcal/mol |   -2.19 +/-    0.20 kcal/mol |       5 |   -2.57 kcal/mol
          5 |       145157 |   -1.60 kcal/mol |   -4.75 +/-    1.59 kcal/mol |    1119 |  -10.28 kcal/mol
         10 |       283260 |   -4.73 kcal/mol |   -8.80 +/-    0.62 kcal/mol |      59 |  -10.37 kcal/mol
         15 |       423400 |   -8.64 kcal/mol |  -10.43 +/-    0.34 kcal/mol |       8 |  -11.18 kcal/mol
         20 |       563453 |   -9.79 kcal/mol |  -11.06 +/-    0.36 kcal/mol |       4 |  -11.39 kcal/mol
         25 |       702456 |   -9.71 kcal/mol |  -10.75 +/-    0.32 kcal/mol |       9 |  -11.49 kcal/mol
         30 |       842256 |  -10.22 kcal/mol |  -11.18 +/-    0.27 kcal/mol |       8 |  -11.51 kcal/mol
         35 |       978585 |  -10.67 kcal/mol |  -11.31 +/-    0.25 kcal/mol |       4 |  -11.57 kcal/mol
         40 |      1115096 |  -10.39 kcal/mol |  -11.37 +/-    0.31 kcal/mol |      12 |  -11.77 kcal/mol
         45 |      1250255 |  -10.98 kcal/mol |  -11.60 +/-    0.16 kcal/mol |      12 |  -11.88 kcal/mol
         50 |      1383931 |  -11.40 kcal/mol |  -11.67 +/-    0.12 kcal/mol |       7 |  -11.88 kcal/mol
         55 |      1519485 |  -11.41 kcal/mol |  -11.66 +/-    0.13 kcal/mol |       8 |  -11.89 kcal/mol
         60 |      1653354 |  -11.42 kcal/mol |  -11.65 +/-    0.12 kcal/mol |       8 |  -11.89 kcal/mol
         65 |      1786754 |  -11.43 kcal/mol |  -11.65 +/-    0.10 kcal/mol |      11 |  -11.89 kcal/mol
         70 |      1918151 |  -11.52 kcal/mol |  -11.68 +/-    0.10 kcal/mol |      14 |  -11.89 kcal/mol
------------+--------------+------------------+------------------------------+---------+-------------------

                                   Finished evaluation after reaching
                                  -11.66 +/-    0.11 kcal/mol combined.
                             41 samples, best inter + intra   -11.89 kcal/mol.


Shutdown time 0.000648s

Job #3 took 0.851 sec after waiting 0.053 sec for setup

(Thread 0 is processing Job #3)
(Thread 0 is setting up Job #4)

Running Job #4:
    Device: NVIDIA A100-SXM4-40GB
    Grid map file: ./protein.maps.fld
    Ligand file: ./ligand_4_4.pdbqt
    Output file: docking_result_4.dlg (+ xml)
    Using heuristics: (capped) number of evaluations set to 2068966
    Local-search chosen method is: ADADELTA (ad)

Rest of Setup time 0.305672s

Executing docking runs, stopping automatically after either reaching 0.15 kcal/mol standard deviation of
the best molecules of the last 4 * 5 generations, 42000 generations, or 2068966 evaluations:

Generations |  Evaluations |     Threshold    |  Average energy of best 10%  | Samples | Best Inter + Intra
------------+--------------+------------------+------------------------------+---------+-------------------
          0 |          150 |   -2.17 kcal/mol |   -2.45 +/-    0.10 kcal/mol |       5 |   -2.54 kcal/mol
          5 |       124141 |   -2.17 kcal/mol |   -4.40 +/-    1.32 kcal/mol |     818 |   -9.62 kcal/mol
         10 |       244104 |   -4.37 kcal/mol |   -8.11 +/-    0.81 kcal/mol |      38 |   -9.70 kcal/mol
         15 |       364027 |   -7.79 kcal/mol |   -9.54 +/-    0.13 kcal/mol |       7 |   -9.70 kcal/mol
         20 |       487978 |   -9.27 kcal/mol |   -9.65 +/-    0.18 kcal/mol |      10 |  -10.02 kcal/mol
         25 |       610780 |   -9.38 kcal/mol |   -9.88 +/-    0.19 kcal/mol |       8 |  -10.19 kcal/mol
         30 |       731419 |   -9.53 kcal/mol |   -9.88 +/-    0.18 kcal/mol |      16 |  -10.32 kcal/mol
         35 |       853507 |   -9.71 kcal/mol |  -10.10 +/-    0.17 kcal/mol |       9 |  -10.38 kcal/mol
         40 |       977314 |   -9.81 kcal/mol |  -10.24 +/-    0.15 kcal/mol |       9 |  -10.50 kcal/mol
         45 |      1097313 |   -9.99 kcal/mol |  -10.36 +/-    0.16 kcal/mol |      13 |  -10.56 kcal/mol
         50 |      1215991 |  -10.18 kcal/mol |  -10.39 +/-    0.17 kcal/mol |      11 |  -10.58 kcal/mol
         55 |      1334848 |  -10.17 kcal/mol |  -10.42 +/-    0.15 kcal/mol |      20 |  -10.63 kcal/mol
         60 |      1452263 |  -10.31 kcal/mol |  -10.56 +/-    0.06 kcal/mol |      11 |  -10.63 kcal/mol
         65 |      1570411 |  -10.35 kcal/mol |  -10.55 +/-    0.09 kcal/mol |      13 |  -10.66 kcal/mol
         70 |      1688089 |  -10.44 kcal/mol |  -10.61 +/-    0.07 kcal/mol |      14 |  -10.77 kcal/mol
         75 |      1807764 |  -10.45 kcal/mol |  -10.63 +/-    0.07 kcal/mol |      14 |  -10.77 kcal/mol
         80 |      1930450 |  -10.47 kcal/mol |  -10.61 +/-    0.09 kcal/mol |      19 |  -10.78 kcal/mol
         85 |      2051797 |  -10.54 kcal/mol |  -10.67 +/-    0.08 kcal/mol |      19 |  -10.78 kcal/mol
         86 |      2075466 |  -10.61 kcal/mol |  -10.70 +/-    0.06 kcal/mol |      26 |  -10.78 kcal/mol
------------+--------------+------------------+------------------------------+---------+-------------------

                                   Finished evaluation after reaching
                       2075466 evaluations. Best inter + intra   -10.78 kcal/mol.


Shutdown time 0.000667s

Job #4 took 0.951 sec after waiting 0.028 sec for setup

(Thread 0 is processing Job #4)
Run time of entire job set (4 files): 9.126 sec
Savings from multithreading: -0.001 sec
Idle time of execution thread: 4.632 sec

All jobs (4) ran without errors.
