AutoDock-GPU version: v1.6-7-ga46ab564d2ac5f1a1523f65239b43505a1c29364-dirty

Using 1 OpenMP threads

Running 4 docking calculations

Cuda device:                              NVIDIA A100-SXM4-40GB
Available memory on device:               39916 MB (total: 40339 MB)

CUDA Setup time 0.235713s
(Thread 0 is setting up Job #1)

Running Job #1:
    Device: NVIDIA A100-SXM4-40GB
    Grid map file: ./protein.maps.fld
    Ligand file: ./ligand_1_1.pdbqt
    Output file: docking_result_1.dlg (+ xml)
    Using heuristics: (capped) number of evaluations set to 2068966
    Local-search chosen method is: ADADELTA (ad)

Rest of Setup time 0.308236s

Executing docking runs, stopping automatically after either reaching 0.15 kcal/mol standard deviation of
the best molecules of the last 4 * 5 generations, 42000 generations, or 2068966 evaluations:

Generations |  Evaluations |     Threshold    |  Average energy of best 10%  | Samples | Best Inter + Intra
------------+--------------+------------------+------------------------------+---------+-------------------
          0 |          150 |   -1.17 kcal/mol |   -1.35 +/-    0.19 kcal/mol |      16 |   -1.82 kcal/mol
          5 |       147744 |   -1.17 kcal/mol |   -4.49 +/-    1.70 kcal/mol |    1212 |  -10.33 kcal/mol
         10 |       287683 |   -4.47 kcal/mol |   -8.71 +/-    0.65 kcal/mol |      39 |  -10.60 kcal/mol
         15 |       430861 |   -8.46 kcal/mol |  -10.47 +/-    0.56 kcal/mol |       5 |  -11.23 kcal/mol
         20 |       573910 |   -8.79 kcal/mol |  -10.82 +/-    0.42 kcal/mol |       8 |  -11.37 kcal/mol
         25 |       715789 |  -10.04 kcal/mol |  -11.08 +/-    0.31 kcal/mol |       4 |  -11.38 kcal/mol
         30 |       858281 |   -9.91 kcal/mol |  -11.03 +/-    0.31 kcal/mol |      10 |  -11.38 kcal/mol
         35 |      1000634 |  -10.57 kcal/mol |  -11.13 +/-    0.21 kcal/mol |       5 |  -11.38 kcal/mol
         40 |      1140912 |  -10.51 kcal/mol |  -10.98 +/-    0.20 kcal/mol |      11 |  -11.38 kcal/mol
         45 |      1279856 |  -10.71 kcal/mol |  -11.35 +/-    0.05 kcal/mol |       6 |  -11.40 kcal/mol
         50 |      1418426 |  -10.98 kcal/mol |  -11.34 +/-    0.09 kcal/mol |       4 |  -11.40 kcal/mol
         55 |      1557531 |  -11.01 kcal/mol |  -11.26 +/-    0.11 kcal/mol |      10 |  -11.40 kcal/mol
         60 |      1691515 |  -11.10 kcal/mol |  -11.34 +/-    0.08 kcal/mol |       7 |  -11.40 kcal/mol
------------+--------------+------------------+------------------------------+---------+-------------------

                                   Finished evaluation after reaching
                                  -11.31 +/-    0.10 kcal/mol combined.
                             27 samples, best inter + intra   -11.40 kcal/mol.


Shutdown time 0.000660s

Job #1 took 0.846 sec after waiting 4.460 sec for setup

(Thread 0 is processing Job #1)
(Thread 0 is setting up Job #2)

Running Job #2:
    Device: NVIDIA A100-SXM4-40GB
    Grid map file: ./protein.maps.fld
    Ligand file: ./ligand_2_2.pdbqt
    Output file: docking_result_2.dlg (+ xml)
    Using heuristics: (capped) number of evaluations set to 2280181
    Local-search chosen method is: ADADELTA (ad)

Rest of Setup time 0.306046s

Executing docking runs, stopping automatically after either reaching 0.15 kcal/mol standard deviation of
the best molecules of the last 4 * 5 generations, 42000 generations, or 2280181 evaluations:

Generations |  Evaluations |     Threshold    |  Average energy of best 10%  | Samples | Best Inter + Intra
------------+--------------+------------------+------------------------------+---------+-------------------
          0 |          150 |   -1.22 kcal/mol |   -2.15 +/-    0.31 kcal/mol |       5 |   -2.71 kcal/mol
          5 |       141280 |   -1.23 kcal/mol |   -4.83 +/-    1.73 kcal/mol |    1090 |  -10.29 kcal/mol
         10 |       277458 |   -4.81 kcal/mol |   -9.21 +/-    0.57 kcal/mol |      30 |  -10.55 kcal/mol
         15 |       417534 |   -8.92 kcal/mol |  -10.67 +/-    0.29 kcal/mol |       4 |  -11.16 kcal/mol
         20 |       557720 |   -9.60 kcal/mol |  -10.69 +/-    0.34 kcal/mol |       9 |  -11.26 kcal/mol
         25 |       697977 |  -10.13 kcal/mol |  -11.07 +/-    0.32 kcal/mol |       4 |  -11.48 kcal/mol
         30 |       838118 |   -9.88 kcal/mol |  -10.99 +/-    0.36 kcal/mol |      10 |  -11.53 kcal/mol
         35 |       976460 |  -10.44 kcal/mol |  -11.47 +/-    0.13 kcal/mol |       7 |  -11.57 kcal/mol
         40 |      1114659 |  -11.19 kcal/mol |  -11.69 +/-    0.16 kcal/mol |       9 |  -12.11 kcal/mol
         45 |      1253373 |  -11.42 kcal/mol |  -11.87 +/-    0.17 kcal/mol |       8 |  -12.13 kcal/mol
         50 |      1389532 |  -11.54 kcal/mol |  -11.95 +/-    0.20 kcal/mol |       4 |  -12.14 kcal/mol
         55 |      1525308 |  -11.22 kcal/mol |  -11.89 +/-    0.22 kcal/mol |       9 |  -12.27 kcal/mol
         60 |      1659957 |  -11.52 kcal/mol |  -12.48 +/-    0.02 kcal/mol |       4 |  -12.51 kcal/mol
         65 |      1797499 |  -11.91 kcal/mol |  -12.27 +/-    0.26 kcal/mol |       2 |  -12.53 kcal/mol
         70 |      1932594 |  -10.33 kcal/mol |  -11.49 +/-    0.50 kcal/mol |      14 |  -12.60 kcal/mol
         75 |      2067483 |  -10.96 kcal/mol |  -12.27 +/-    0.29 kcal/mol |       6 |  -12.67 kcal/mol
         80 |      2203371 |  -11.55 kcal/mol |  -12.06 +/-    0.28 kcal/mol |       6 |  -12.67 kcal/mol
         83 |      2284770 |  -11.36 kcal/mol |  -12.40 +/-    0.31 kcal/mol |       6 |  -12.67 kcal/mol
------------+--------------+------------------+------------------------------+---------+-------------------

                                   Finished evaluation after reaching
                       2284770 evaluations. Best inter + intra   -12.67 kcal/mol.


Shutdown time 0.000659s

Job #2 took 1.074 sec after waiting 0.030 sec for setup

(Thread 0 is processing Job #2)
(Thread 0 is setting up Job #3)

Running Job #3:
    Device: NVIDIA A100-SXM4-40GB
    Grid map file: ./protein.maps.fld
    Ligand file: ./ligand_3_3.pdbqt
    Output file: docking_result_3.dlg (+ xml)
    Using heuristics: (capped) number of evaluations set to 2068966
    Local-search chosen method is: ADADELTA (ad)

Rest of Setup time 0.306566s

Executing docking runs, stopping automatically after either reaching 0.15 kcal/mol standard deviation of
the best molecules of the last 4 * 5 generations, 42000 generations, or 2068966 evaluations:

Generations |  Evaluations |     Threshold    |  Average energy of best 10%  | Samples | Best Inter + Intra
------------+--------------+------------------+------------------------------+---------+-------------------
          0 |          150 |   -0.93 kcal/mol |   -2.27 +/-    0.40 kcal/mol |       5 |   -2.98 kcal/mol
          5 |       143492 |   -1.07 kcal/mol |   -4.69 +/-    1.57 kcal/mol |    1100 |   -9.37 kcal/mol
         10 |       281714 |   -4.67 kcal/mol |   -8.50 +/-    0.57 kcal/mol |      44 |   -9.98 kcal/mol
         15 |       423370 |   -8.31 kcal/mol |  -10.06 +/-    0.51 kcal/mol |       9 |  -11.28 kcal/mol
         20 |       564200 |   -9.21 kcal/mol |  -10.70 +/-    0.59 kcal/mol |       4 |  -11.28 kcal/mol
         25 |       701995 |   -8.49 kcal/mol |  -10.13 +/-    0.39 kcal/mol |      12 |  -11.28 kcal/mol
         30 |       837844 |   -9.63 kcal/mol |  -10.75 +/-    0.37 kcal/mol |       4 |  -11.32 kcal/mol
         35 |       975362 |   -9.36 kcal/mol |  -10.41 +/-    0.34 kcal/mol |      10 |  -11.32 kcal/mol
         40 |      1110855 |   -9.90 kcal/mol |  -11.07 +/-    0.24 kcal/mol |       4 |  -11.40 kcal/mol
         45 |      1246277 |  -10.18 kcal/mol |  -11.07 +/-    0.28 kcal/mol |       6 |  -11.40 kcal/mol
         50 |      1378933 |  -10.38 kcal/mol |  -11.02 +/-    0.24 kcal/mol |       4 |  -11.40 kcal/mol
         55 |      1510974 |  -10.12 kcal/mol |  -10.99 +/-    0.23 kcal/mol |      12 |  -11.40 kcal/mol
         60 |      1640702 |  -10.70 kcal/mol |  -11.24 +/-    0.10 kcal/mol |       6 |  -11.40 kcal/mol
         65 |      1771403 |  -10.99 kcal/mol |  -11.32 +/-    0.06 kcal/mol |       7 |  -11.41 kcal/mol
         70 |      1900783 |  -11.00 kcal/mol |  -11.27 +/-    0.12 kcal/mol |      13 |  -11.41 kcal/mol
         75 |      2029987 |  -11.13 kcal/mol |  -11.31 +/-    0.09 kcal/mol |       5 |  -11.41 kcal/mol
         77 |      2080875 |  -11.04 kcal/mol |  -11.29 +/-    0.09 kcal/mol |      19 |  -11.41 kcal/mol
------------+--------------+------------------+------------------------------+---------+-------------------

                                   Finished evaluation after reaching
                       2080875 evaluations. Best inter + intra   -11.41 kcal/mol.


Shutdown time 0.000670s

Job #3 took 0.900 sec after waiting 0.034 sec for setup

(Thread 0 is processing Job #3)
(Thread 0 is setting up Job #4)

Running Job #4:
    Device: NVIDIA A100-SXM4-40GB
    Grid map file: ./protein.maps.fld
    Ligand file: ./ligand_4_4.pdbqt
    Output file: docking_result_4.dlg (+ xml)
    Using heuristics: (capped) number of evaluations set to 2068966
    Local-search chosen method is: ADADELTA (ad)

Rest of Setup time 0.301288s

Executing docking runs, stopping automatically after either reaching 0.15 kcal/mol standard deviation of
the best molecules of the last 4 * 5 generations, 42000 generations, or 2068966 evaluations:

Generations |  Evaluations |     Threshold    |  Average energy of best 10%  | Samples | Best Inter + Intra
------------+--------------+------------------+------------------------------+---------+-------------------
          0 |          150 |   -1.59 kcal/mol |   -2.33 +/-    0.20 kcal/mol |       4 |   -2.56 kcal/mol
          5 |       145297 |   -1.59 kcal/mol |   -4.83 +/-    1.52 kcal/mol |    1111 |   -9.43 kcal/mol
         10 |       287050 |   -4.81 kcal/mol |   -8.60 +/-    0.59 kcal/mol |      62 |  -10.21 kcal/mol
         15 |       427961 |   -8.45 kcal/mol |  -10.10 +/-    0.39 kcal/mol |       6 |  -10.95 kcal/mol
         20 |       571225 |   -9.13 kcal/mol |  -10.37 +/-    0.41 kcal/mol |      11 |  -11.07 kcal/mol
         25 |       714263 |   -9.80 kcal/mol |  -10.75 +/-    0.23 kcal/mol |       4 |  -11.12 kcal/mol
         30 |       855142 |   -9.87 kcal/mol |  -10.79 +/-    0.28 kcal/mol |      10 |  -11.43 kcal/mol
         35 |       995691 |  -10.37 kcal/mol |  -11.04 +/-    0.30 kcal/mol |       4 |  -11.50 kcal/mol
         40 |      1133328 |   -9.93 kcal/mol |  -10.91 +/-    0.22 kcal/mol |      10 |  -11.50 kcal/mol
         45 |      1271288 |  -10.59 kcal/mol |  -11.14 +/-    0.23 kcal/mol |       4 |  -11.50 kcal/mol
         50 |      1408063 |  -10.28 kcal/mol |  -10.95 +/-    0.19 kcal/mol |      16 |  -11.50 kcal/mol
         55 |      1546596 |  -10.77 kcal/mol |  -11.04 +/-    0.23 kcal/mol |      12 |  -11.56 kcal/mol
         60 |      1682746 |  -10.76 kcal/mol |  -11.15 +/-    0.20 kcal/mol |      11 |  -11.56 kcal/mol
         65 |      1818903 |  -10.88 kcal/mol |  -11.34 +/-    0.16 kcal/mol |       7 |  -11.56 kcal/mol
         70 |      1954362 |  -11.00 kcal/mol |  -11.47 +/-    0.09 kcal/mol |       8 |  -11.57 kcal/mol
         75 |      2090908 |  -11.30 kcal/mol |  -11.48 +/-    0.09 kcal/mol |      12 |  -11.57 kcal/mol
------------+--------------+------------------+------------------------------+---------+-------------------

                                   Finished evaluation after reaching
                       2090908 evaluations. Best inter + intra   -11.57 kcal/mol.


Shutdown time 0.000666s

Job #4 took 0.907 sec after waiting 0.030 sec for setup

(Thread 0 is processing Job #4)
Run time of entire job set (4 files): 8.308 sec
Savings from multithreading: -0.001 sec
Idle time of execution thread: 4.581 sec

All jobs (4) ran without errors.
