AutoDock-GPU version: v1.6-7-ga46ab564d2ac5f1a1523f65239b43505a1c29364-dirty

Using 1 OpenMP threads

Running 10 docking calculations

Cuda device:                              NVIDIA A100-SXM4-40GB
Available memory on device:               39916 MB (total: 40339 MB)

CUDA Setup time 0.235868s
(Thread 0 is setting up Job #1)

Running Job #1:
    Device: NVIDIA A100-SXM4-40GB
    Grid map file: ./protein.maps.fld
    Ligand file: ./ligand_1_1.pdbqt
    Output file: docking_result_1.dlg (+ xml)
    Using heuristics: (capped) number of evaluations set to 2068966
    Local-search chosen method is: ADADELTA (ad)

Rest of Setup time 0.309251s

Executing docking runs, stopping automatically after either reaching 0.15 kcal/mol standard deviation of
the best molecules of the last 4 * 5 generations, 42000 generations, or 2068966 evaluations:

Generations |  Evaluations |     Threshold    |  Average energy of best 10%  | Samples | Best Inter + Intra
------------+--------------+------------------+------------------------------+---------+-------------------
          0 |          150 |   -1.92 kcal/mol |   -2.34 +/-    0.17 kcal/mol |       6 |   -2.62 kcal/mol
          5 |       128761 |   -1.92 kcal/mol |   -4.68 +/-    1.46 kcal/mol |     812 |  -10.22 kcal/mol
         10 |       254036 |   -4.65 kcal/mol |   -8.40 +/-    0.71 kcal/mol |      37 |  -10.23 kcal/mol
         15 |       382224 |   -8.11 kcal/mol |  -10.13 +/-    0.27 kcal/mol |      11 |  -10.47 kcal/mol
         20 |       510824 |   -9.76 kcal/mol |  -10.58 +/-    0.15 kcal/mol |       4 |  -10.77 kcal/mol
         25 |       639695 |  -10.01 kcal/mol |  -10.83 +/-    0.15 kcal/mol |       6 |  -10.99 kcal/mol
         30 |       769560 |  -10.47 kcal/mol |  -11.14 +/-    0.09 kcal/mol |       5 |  -11.26 kcal/mol
         35 |       900235 |  -10.87 kcal/mol |  -11.10 +/-    0.11 kcal/mol |       9 |  -11.26 kcal/mol
         40 |      1030682 |  -10.92 kcal/mol |  -11.20 +/-    0.09 kcal/mol |       3 |  -11.26 kcal/mol
         45 |      1159497 |  -10.73 kcal/mol |  -11.24 +/-    0.11 kcal/mol |       7 |  -11.46 kcal/mol
         50 |      1287069 |  -11.00 kcal/mol |  -11.24 +/-    0.12 kcal/mol |      10 |  -11.46 kcal/mol
         55 |      1416416 |  -11.07 kcal/mol |  -11.30 +/-    0.12 kcal/mol |      10 |  -11.56 kcal/mol
         60 |      1543699 |  -11.12 kcal/mol |  -11.34 +/-    0.13 kcal/mol |       7 |  -11.60 kcal/mol
         65 |      1673043 |  -11.05 kcal/mol |  -11.39 +/-    0.13 kcal/mol |       7 |  -11.60 kcal/mol
         70 |      1801840 |  -11.11 kcal/mol |  -11.38 +/-    0.15 kcal/mol |       8 |  -11.60 kcal/mol
         75 |      1928280 |  -11.10 kcal/mol |  -11.37 +/-    0.16 kcal/mol |       8 |  -11.62 kcal/mol
         80 |      2056069 |  -11.08 kcal/mol |  -11.33 +/-    0.18 kcal/mol |      11 |  -11.62 kcal/mol
         81 |      2081496 |  -11.09 kcal/mol |  -11.36 +/-    0.17 kcal/mol |      21 |  -11.62 kcal/mol
------------+--------------+------------------+------------------------------+---------+-------------------

                                   Finished evaluation after reaching
                       2081496 evaluations. Best inter + intra   -11.62 kcal/mol.


Shutdown time 0.000694s

Job #1 took 1.008 sec after waiting 4.462 sec for setup

(Thread 0 is processing Job #1)
(Thread 0 is setting up Job #2)

Running Job #2:
    Device: NVIDIA A100-SXM4-40GB
    Grid map file: ./protein.maps.fld
    Ligand file: ./ligand_2_2.pdbqt
    Output file: docking_result_2.dlg (+ xml)
    Using heuristics: (capped) number of evaluations set to 2068966
    Local-search chosen method is: ADADELTA (ad)

Rest of Setup time 0.302041s

Executing docking runs, stopping automatically after either reaching 0.15 kcal/mol standard deviation of
the best molecules of the last 4 * 5 generations, 42000 generations, or 2068966 evaluations:

Generations |  Evaluations |     Threshold    |  Average energy of best 10%  | Samples | Best Inter + Intra
------------+--------------+------------------+------------------------------+---------+-------------------
          0 |          150 |   -1.67 kcal/mol |   -2.63 +/-    0.28 kcal/mol |       4 |   -3.12 kcal/mol
          5 |       113560 |   -1.59 kcal/mol |   -4.89 +/-    1.55 kcal/mol |     848 |  -11.12 kcal/mol
         10 |       228567 |   -4.87 kcal/mol |   -9.33 +/-    1.04 kcal/mol |      54 |  -11.65 kcal/mol
         15 |       343717 |   -9.04 kcal/mol |  -11.57 +/-    0.44 kcal/mol |      10 |  -12.31 kcal/mol
         20 |       460610 |  -10.92 kcal/mol |  -12.49 +/-    0.37 kcal/mol |       7 |  -13.01 kcal/mol
         25 |       579911 |  -11.69 kcal/mol |  -12.83 +/-    0.34 kcal/mol |       4 |  -13.38 kcal/mol
         30 |       703835 |  -11.55 kcal/mol |  -12.67 +/-    0.36 kcal/mol |      11 |  -13.38 kcal/mol
         35 |       829797 |  -12.18 kcal/mol |  -12.90 +/-    0.28 kcal/mol |       4 |  -13.38 kcal/mol
         40 |       955202 |  -11.87 kcal/mol |  -12.75 +/-    0.33 kcal/mol |      10 |  -13.38 kcal/mol
         45 |      1078251 |  -12.25 kcal/mol |  -12.87 +/-    0.25 kcal/mol |       6 |  -13.38 kcal/mol
         50 |      1201302 |  -12.26 kcal/mol |  -13.00 +/-    0.24 kcal/mol |       4 |  -13.38 kcal/mol
         55 |      1325552 |  -12.09 kcal/mol |  -12.90 +/-    0.24 kcal/mol |      13 |  -13.38 kcal/mol
         60 |      1446845 |  -12.63 kcal/mol |  -13.18 +/-    0.10 kcal/mol |       6 |  -13.38 kcal/mol
         65 |      1571638 |  -12.93 kcal/mol |  -13.25 +/-    0.13 kcal/mol |       5 |  -13.47 kcal/mol
         70 |      1694510 |  -12.87 kcal/mol |  -13.28 +/-    0.16 kcal/mol |       6 |  -13.48 kcal/mol
         75 |      1818805 |  -12.87 kcal/mol |  -13.26 +/-    0.14 kcal/mol |       6 |  -13.48 kcal/mol
         80 |      1944368 |  -12.91 kcal/mol |  -13.18 +/-    0.15 kcal/mol |       8 |  -13.48 kcal/mol
         85 |      2071076 |  -12.91 kcal/mol |  -13.24 +/-    0.16 kcal/mol |      20 |  -13.48 kcal/mol
------------+--------------+------------------+------------------------------+---------+-------------------

                                   Finished evaluation after reaching
                       2071076 evaluations. Best inter + intra   -13.48 kcal/mol.


Shutdown time 0.000628s

Job #2 took 1.065 sec after waiting 0.031 sec for setup

(Thread 0 is processing Job #2)
(Thread 0 is setting up Job #3)

Running Job #3:
    Device: NVIDIA A100-SXM4-40GB
    Grid map file: ./protein.maps.fld
    Ligand file: ./ligand_3_3.pdbqt
    Output file: docking_result_3.dlg (+ xml)
    Using heuristics: (capped) number of evaluations set to 2068966
    Local-search chosen method is: ADADELTA (ad)

Rest of Setup time 0.301593s

Executing docking runs, stopping automatically after either reaching 0.15 kcal/mol standard deviation of
the best molecules of the last 4 * 5 generations, 42000 generations, or 2068966 evaluations:

Generations |  Evaluations |     Threshold    |  Average energy of best 10%  | Samples | Best Inter + Intra
------------+--------------+------------------+------------------------------+---------+-------------------
          0 |          150 |   -1.27 kcal/mol |   -1.74 +/-    0.16 kcal/mol |       5 |   -1.93 kcal/mol
          5 |       135025 |   -1.27 kcal/mol |   -3.49 +/-    1.22 kcal/mol |     828 |   -9.33 kcal/mol
         10 |       268054 |   -3.47 kcal/mol |   -6.99 +/-    0.81 kcal/mol |      49 |   -9.33 kcal/mol
         15 |       403139 |   -6.75 kcal/mol |   -8.95 +/-    0.39 kcal/mol |       6 |   -9.33 kcal/mol
         20 |       539004 |   -7.99 kcal/mol |   -9.16 +/-    0.18 kcal/mol |       5 |   -9.34 kcal/mol
         25 |       672359 |   -8.61 kcal/mol |   -9.33 +/-    0.01 kcal/mol |       6 |   -9.34 kcal/mol
         30 |       805950 |   -8.96 kcal/mol |   -9.33 +/-    0.00 kcal/mol |       7 |   -9.34 kcal/mol
         35 |       938369 |   -9.01 kcal/mol |   -9.32 +/-    0.02 kcal/mol |      12 |   -9.34 kcal/mol
------------+--------------+------------------+------------------------------+---------+-------------------

                                   Finished evaluation after reaching
                                   -9.30 +/-    0.10 kcal/mol combined.
                             30 samples, best inter + intra    -9.34 kcal/mol.


Shutdown time 0.000634s

Job #3 took 0.515 sec after waiting 0.035 sec for setup

(Thread 0 is processing Job #3)
(Thread 0 is setting up Job #4)

Running Job #4:
    Device: NVIDIA A100-SXM4-40GB
    Grid map file: ./protein.maps.fld
    Ligand file: ./ligand_4_4.pdbqt
    Output file: docking_result_4.dlg (+ xml)
    Using heuristics: (capped) number of evaluations set to 2845257
    Overriding heuristics, setting number of evaluations to --nev = 2500000 instead.
    Local-search chosen method is: ADADELTA (ad)

Rest of Setup time 0.301721s

Executing docking runs, stopping automatically after either reaching 0.15 kcal/mol standard deviation of
the best molecules of the last 4 * 5 generations, 42000 generations, or 2500000 evaluations:

Generations |  Evaluations |     Threshold    |  Average energy of best 10%  | Samples | Best Inter + Intra
------------+--------------+------------------+------------------------------+---------+-------------------
          0 |          150 |   -1.82 kcal/mol |   -2.36 +/-    0.18 kcal/mol |       5 |   -2.69 kcal/mol
          5 |       138640 |   -1.82 kcal/mol |   -4.89 +/-    1.70 kcal/mol |    1062 |  -10.47 kcal/mol
         10 |       273568 |   -4.87 kcal/mol |   -9.09 +/-    0.70 kcal/mol |      41 |  -10.52 kcal/mol
         15 |       405974 |   -8.84 kcal/mol |  -10.23 +/-    0.18 kcal/mol |      11 |  -10.52 kcal/mol
         20 |       539507 |   -9.98 kcal/mol |  -10.75 +/-    0.28 kcal/mol |       8 |  -11.11 kcal/mol
         25 |       672632 |  -10.23 kcal/mol |  -11.04 +/-    0.15 kcal/mol |       4 |  -11.23 kcal/mol
         30 |       804299 |  -10.49 kcal/mol |  -11.18 +/-    0.23 kcal/mol |      10 |  -11.50 kcal/mol
         35 |       935641 |  -10.84 kcal/mol |  -11.29 +/-    0.17 kcal/mol |       8 |  -11.50 kcal/mol
         40 |      1066529 |  -10.97 kcal/mol |  -11.68 +/-    0.09 kcal/mol |       4 |  -11.84 kcal/mol
         45 |      1197765 |  -11.34 kcal/mol |  -11.76 +/-    0.13 kcal/mol |       4 |  -11.88 kcal/mol
         50 |      1326218 |  -11.29 kcal/mol |  -11.83 +/-    0.16 kcal/mol |       4 |  -12.07 kcal/mol
         55 |      1458824 |  -11.22 kcal/mol |  -11.81 +/-    0.26 kcal/mol |       4 |  -12.19 kcal/mol
         60 |      1584204 |  -10.82 kcal/mol |  -11.68 +/-    0.26 kcal/mol |       8 |  -12.19 kcal/mol
         65 |      1712629 |  -11.20 kcal/mol |  -11.85 +/-    0.16 kcal/mol |       6 |  -12.19 kcal/mol
         70 |      1841135 |  -11.45 kcal/mol |  -11.92 +/-    0.15 kcal/mol |      10 |  -12.19 kcal/mol
         75 |      1969948 |  -11.70 kcal/mol |  -11.93 +/-    0.16 kcal/mol |       9 |  -12.19 kcal/mol
         80 |      2097401 |  -11.67 kcal/mol |  -11.98 +/-    0.14 kcal/mol |      10 |  -12.19 kcal/mol
         85 |      2226825 |  -11.76 kcal/mol |  -11.96 +/-    0.11 kcal/mol |      16 |  -12.19 kcal/mol
------------+--------------+------------------+------------------------------+---------+-------------------

                                   Finished evaluation after reaching
                                  -11.95 +/-    0.14 kcal/mol combined.
                             45 samples, best inter + intra   -12.19 kcal/mol.


Shutdown time 0.000663s

Job #4 took 0.970 sec after waiting 0.017 sec for setup

(Thread 0 is processing Job #4)
(Thread 0 is setting up Job #5)

Running Job #5:
    Device: NVIDIA A100-SXM4-40GB
    Grid map file: ./protein.maps.fld
    Ligand file: ./ligand_5_5.pdbqt
    Output file: docking_result_5.dlg (+ xml)
    Using heuristics: (capped) number of evaluations set to 2068966
    Local-search chosen method is: ADADELTA (ad)

Rest of Setup time 0.305727s

Executing docking runs, stopping automatically after either reaching 0.15 kcal/mol standard deviation of
the best molecules of the last 4 * 5 generations, 42000 generations, or 2068966 evaluations:

Generations |  Evaluations |     Threshold    |  Average energy of best 10%  | Samples | Best Inter + Intra
------------+--------------+------------------+------------------------------+---------+-------------------
          0 |          150 |   -1.93 kcal/mol |   -2.52 +/-    0.25 kcal/mol |       8 |   -2.98 kcal/mol
          5 |       117992 |   -2.05 kcal/mol |   -5.18 +/-    1.65 kcal/mol |     886 |  -11.65 kcal/mol
         10 |       233864 |   -5.16 kcal/mol |   -9.86 +/-    1.33 kcal/mol |      34 |  -13.71 kcal/mol
         15 |       352281 |   -9.27 kcal/mol |  -12.80 +/-    0.53 kcal/mol |       5 |  -13.85 kcal/mol
         20 |       469958 |  -11.23 kcal/mol |  -12.91 +/-    0.55 kcal/mol |       4 |  -13.85 kcal/mol
         25 |       587475 |  -10.85 kcal/mol |  -12.90 +/-    0.60 kcal/mol |      11 |  -13.85 kcal/mol
         30 |       706338 |  -12.07 kcal/mol |  -13.05 +/-    0.46 kcal/mol |       4 |  -13.85 kcal/mol
         35 |       826044 |  -11.31 kcal/mol |  -12.79 +/-    0.42 kcal/mol |      11 |  -13.86 kcal/mol
         40 |       945224 |  -12.22 kcal/mol |  -13.23 +/-    0.39 kcal/mol |       4 |  -13.86 kcal/mol
         45 |      1062538 |  -11.78 kcal/mol |  -13.08 +/-    0.37 kcal/mol |      16 |  -13.86 kcal/mol
         50 |      1179935 |  -12.73 kcal/mol |  -13.67 +/-    0.22 kcal/mol |       4 |  -13.86 kcal/mol
         55 |      1298350 |  -12.83 kcal/mol |  -13.66 +/-    0.18 kcal/mol |       6 |  -13.86 kcal/mol
         60 |      1417060 |  -13.20 kcal/mol |  -13.79 +/-    0.09 kcal/mol |       5 |  -13.86 kcal/mol
         65 |      1538858 |  -13.53 kcal/mol |  -13.81 +/-    0.10 kcal/mol |       4 |  -13.86 kcal/mol
         70 |      1660974 |  -13.44 kcal/mol |  -13.81 +/-    0.09 kcal/mol |       5 |  -13.86 kcal/mol
         75 |      1781595 |  -13.55 kcal/mol |  -13.80 +/-    0.09 kcal/mol |       4 |  -13.86 kcal/mol
------------+--------------+------------------+------------------------------+---------+-------------------

                                   Finished evaluation after reaching
                                  -13.80 +/-    0.09 kcal/mol combined.
                             18 samples, best inter + intra   -13.86 kcal/mol.


Shutdown time 0.000662s

Job #5 took 1.046 sec after waiting 0.029 sec for setup

(Thread 0 is processing Job #5)
(Thread 0 is setting up Job #6)

Running Job #6:
    Device: NVIDIA A100-SXM4-40GB
    Grid map file: ./protein.maps.fld
    Ligand file: ./ligand_6_6.pdbqt
    Output file: docking_result_6.dlg (+ xml)
    Using heuristics: (capped) number of evaluations set to 2845257
    Overriding heuristics, setting number of evaluations to --nev = 2500000 instead.
    Local-search chosen method is: ADADELTA (ad)

Rest of Setup time 0.306288s

Executing docking runs, stopping automatically after either reaching 0.15 kcal/mol standard deviation of
the best molecules of the last 4 * 5 generations, 42000 generations, or 2500000 evaluations:

Generations |  Evaluations |     Threshold    |  Average energy of best 10%  | Samples | Best Inter + Intra
------------+--------------+------------------+------------------------------+---------+-------------------
          0 |          150 |   -1.98 kcal/mol |   -2.55 +/-    0.19 kcal/mol |       5 |   -2.88 kcal/mol
          5 |       116697 |   -1.98 kcal/mol |   -5.24 +/-    1.66 kcal/mol |     886 |  -10.75 kcal/mol
         10 |       231506 |   -5.21 kcal/mol |   -9.71 +/-    0.96 kcal/mol |      50 |  -12.49 kcal/mol
         15 |       349527 |   -9.43 kcal/mol |  -11.83 +/-    0.35 kcal/mol |       7 |  -12.53 kcal/mol
         20 |       468316 |  -11.08 kcal/mol |  -12.25 +/-    0.29 kcal/mol |       7 |  -12.72 kcal/mol
         25 |       588785 |  -11.63 kcal/mol |  -12.42 +/-    0.22 kcal/mol |       4 |  -12.73 kcal/mol
         30 |       707127 |  -11.59 kcal/mol |  -12.68 +/-    0.21 kcal/mol |       7 |  -12.96 kcal/mol
         35 |       825407 |  -12.24 kcal/mol |  -12.90 +/-    0.31 kcal/mol |       4 |  -13.44 kcal/mol
         40 |       944810 |  -11.73 kcal/mol |  -12.78 +/-    0.34 kcal/mol |      10 |  -13.44 kcal/mol
         45 |      1065164 |  -12.27 kcal/mol |  -13.45 +/-    0.19 kcal/mol |       4 |  -13.72 kcal/mol
         50 |      1186836 |  -12.74 kcal/mol |  -13.36 +/-    0.30 kcal/mol |       4 |  -13.75 kcal/mol
         55 |      1307327 |  -12.22 kcal/mol |  -13.45 +/-    0.31 kcal/mol |       7 |  -13.75 kcal/mol
         60 |      1425100 |  -12.79 kcal/mol |  -13.31 +/-    0.26 kcal/mol |       4 |  -13.75 kcal/mol
         65 |      1546346 |  -12.33 kcal/mol |  -13.17 +/-    0.25 kcal/mol |       8 |  -13.79 kcal/mol
         70 |      1665878 |  -12.70 kcal/mol |  -13.35 +/-    0.27 kcal/mol |       4 |  -13.80 kcal/mol
         75 |      1787130 |  -12.34 kcal/mol |  -13.31 +/-    0.24 kcal/mol |       6 |  -13.80 kcal/mol
         80 |      1906322 |  -12.70 kcal/mol |  -13.41 +/-    0.24 kcal/mol |       4 |  -13.80 kcal/mol
         85 |      2029369 |  -12.50 kcal/mol |  -13.44 +/-    0.28 kcal/mol |      11 |  -13.80 kcal/mol
         90 |      2152762 |  -13.06 kcal/mol |  -13.34 +/-    0.19 kcal/mol |       8 |  -13.80 kcal/mol
         95 |      2278343 |  -12.98 kcal/mol |  -13.33 +/-    0.17 kcal/mol |      11 |  -13.80 kcal/mol
        100 |      2403863 |  -13.09 kcal/mol |  -13.36 +/-    0.15 kcal/mol |      12 |  -13.80 kcal/mol
        104 |      2502691 |  -13.17 kcal/mol |  -13.38 +/-    0.15 kcal/mol |      20 |  -13.82 kcal/mol
------------+--------------+------------------+------------------------------+---------+-------------------

                                   Finished evaluation after reaching
                       2502691 evaluations. Best inter + intra   -13.82 kcal/mol.


Shutdown time 0.000646s

Job #6 took 1.384 sec after waiting 0.044 sec for setup

(Thread 0 is processing Job #6)
(Thread 0 is setting up Job #7)

Running Job #7:
    Device: NVIDIA A100-SXM4-40GB
    Grid map file: ./protein.maps.fld
    Ligand file: ./ligand_7_7.pdbqt
    Output file: docking_result_7.dlg (+ xml)
    Using heuristics: (capped) number of evaluations set to 2280181
    Local-search chosen method is: ADADELTA (ad)

Rest of Setup time 0.304373s

Executing docking runs, stopping automatically after either reaching 0.15 kcal/mol standard deviation of
the best molecules of the last 4 * 5 generations, 42000 generations, or 2280181 evaluations:

Generations |  Evaluations |     Threshold    |  Average energy of best 10%  | Samples | Best Inter + Intra
------------+--------------+------------------+------------------------------+---------+-------------------
          0 |          150 |   -1.80 kcal/mol |   -3.40 +/-    0.51 kcal/mol |       5 |   -4.11 kcal/mol
          5 |       125456 |   -1.87 kcal/mol |   -6.18 +/-    1.77 kcal/mol |    1041 |  -12.99 kcal/mol
         10 |       250974 |   -6.15 kcal/mol |  -10.63 +/-    0.92 kcal/mol |      51 |  -13.85 kcal/mol
         15 |       381192 |  -10.36 kcal/mol |  -12.95 +/-    0.54 kcal/mol |      11 |  -14.12 kcal/mol
         20 |       508011 |  -12.21 kcal/mol |  -13.89 +/-    0.32 kcal/mol |       8 |  -14.29 kcal/mol
         25 |       634838 |  -13.30 kcal/mol |  -14.20 +/-    0.21 kcal/mol |       7 |  -14.67 kcal/mol
         30 |       762356 |  -13.76 kcal/mol |  -14.58 +/-    0.25 kcal/mol |       8 |  -14.99 kcal/mol
         35 |       888037 |  -14.11 kcal/mol |  -15.03 +/-    0.28 kcal/mol |       4 |  -15.30 kcal/mol
         40 |      1012668 |  -13.98 kcal/mol |  -14.99 +/-    0.21 kcal/mol |       4 |  -15.34 kcal/mol
         45 |      1138209 |  -14.20 kcal/mol |  -15.04 +/-    0.18 kcal/mol |       6 |  -15.34 kcal/mol
         50 |      1264351 |  -14.59 kcal/mol |  -15.09 +/-    0.16 kcal/mol |       7 |  -15.34 kcal/mol
         55 |      1393599 |  -14.75 kcal/mol |  -15.28 +/-    0.08 kcal/mol |       4 |  -15.38 kcal/mol
         60 |      1519778 |  -14.97 kcal/mol |  -15.25 +/-    0.10 kcal/mol |       5 |  -15.38 kcal/mol
         65 |      1648171 |  -14.96 kcal/mol |  -15.28 +/-    0.17 kcal/mol |       6 |  -15.58 kcal/mol
         70 |      1775649 |  -14.85 kcal/mol |  -15.49 +/-    0.17 kcal/mol |       8 |  -15.72 kcal/mol
         75 |      1902114 |  -15.17 kcal/mol |  -15.72 +/-    0.09 kcal/mol |       4 |  -15.85 kcal/mol
         80 |      2028274 |  -15.40 kcal/mol |  -15.78 +/-    0.12 kcal/mol |       8 |  -15.94 kcal/mol
         85 |      2155373 |  -15.55 kcal/mol |  -15.84 +/-    0.11 kcal/mol |       6 |  -15.99 kcal/mol
         90 |      2282330 |  -15.57 kcal/mol |  -15.84 +/-    0.12 kcal/mol |      16 |  -16.03 kcal/mol
------------+--------------+------------------+------------------------------+---------+-------------------

                                   Finished evaluation after reaching
                       2282330 evaluations. Best inter + intra   -16.03 kcal/mol.


Shutdown time 0.000702s

Job #7 took 1.228 sec after waiting 0.044 sec for setup

(Thread 0 is processing Job #7)
(Thread 0 is setting up Job #8)

Running Job #8:
    Device: NVIDIA A100-SXM4-40GB
    Grid map file: ./protein.maps.fld
    Ligand file: ./ligand_8_8.pdbqt
    Output file: docking_result_8.dlg (+ xml)
    Using heuristics: (capped) number of evaluations set to 2845257
    Overriding heuristics, setting number of evaluations to --nev = 2500000 instead.
    Local-search chosen method is: ADADELTA (ad)

Rest of Setup time 0.302163s

Executing docking runs, stopping automatically after either reaching 0.15 kcal/mol standard deviation of
the best molecules of the last 4 * 5 generations, 42000 generations, or 2500000 evaluations:

Generations |  Evaluations |     Threshold    |  Average energy of best 10%  | Samples | Best Inter + Intra
------------+--------------+------------------+------------------------------+---------+-------------------
          0 |          150 |   -1.87 kcal/mol |   -2.58 +/-    0.24 kcal/mol |       5 |   -3.01 kcal/mol
          5 |       129637 |   -1.87 kcal/mol |   -5.25 +/-    1.57 kcal/mol |     926 |  -11.19 kcal/mol
         10 |       258467 |   -5.22 kcal/mol |   -9.52 +/-    0.85 kcal/mol |      66 |  -11.32 kcal/mol
         15 |       391553 |   -9.33 kcal/mol |  -11.27 +/-    0.23 kcal/mol |      10 |  -11.75 kcal/mol
         20 |       526811 |  -10.92 kcal/mol |  -12.06 +/-    0.35 kcal/mol |       6 |  -12.52 kcal/mol
         25 |       663177 |  -11.18 kcal/mol |  -12.36 +/-    0.09 kcal/mol |       5 |  -12.52 kcal/mol
         30 |       799047 |  -12.08 kcal/mol |  -12.38 +/-    0.13 kcal/mol |       9 |  -12.52 kcal/mol
         35 |       932605 |  -12.16 kcal/mol |  -12.62 +/-    0.17 kcal/mol |       4 |  -12.79 kcal/mol
         40 |      1067461 |  -11.99 kcal/mol |  -12.90 +/-    0.40 kcal/mol |       4 |  -13.30 kcal/mol
         45 |      1203214 |  -11.39 kcal/mol |  -12.70 +/-    0.46 kcal/mol |       9 |  -13.44 kcal/mol
         50 |      1336837 |  -11.94 kcal/mol |  -13.04 +/-    0.42 kcal/mol |       4 |  -13.47 kcal/mol
         55 |      1471325 |  -11.45 kcal/mol |  -12.64 +/-    0.39 kcal/mol |      10 |  -13.49 kcal/mol
         60 |      1603411 |  -12.06 kcal/mol |  -12.79 +/-    0.41 kcal/mol |       4 |  -13.49 kcal/mol
         65 |      1738430 |  -11.25 kcal/mol |  -12.51 +/-    0.36 kcal/mol |      19 |  -13.49 kcal/mol
         70 |      1872617 |  -12.23 kcal/mol |  -12.65 +/-    0.29 kcal/mol |      10 |  -13.49 kcal/mol
         75 |      2008300 |  -12.20 kcal/mol |  -13.30 +/-    0.19 kcal/mol |       7 |  -13.49 kcal/mol
         80 |      2141407 |  -12.89 kcal/mol |  -13.38 +/-    0.15 kcal/mol |       4 |  -13.49 kcal/mol
         85 |      2273176 |  -12.81 kcal/mol |  -13.41 +/-    0.07 kcal/mol |      14 |  -13.49 kcal/mol
         90 |      2404648 |  -13.25 kcal/mol |  -13.45 +/-    0.05 kcal/mol |       9 |  -13.49 kcal/mol
------------+--------------+------------------+------------------------------+---------+-------------------

                                   Finished evaluation after reaching
                                  -13.39 +/-    0.13 kcal/mol combined.
                             34 samples, best inter + intra   -13.49 kcal/mol.


Shutdown time 0.000638s

Job #8 took 1.115 sec after waiting 0.039 sec for setup

(Thread 0 is processing Job #8)
(Thread 0 is setting up Job #9)

Running Job #9:
    Device: NVIDIA A100-SXM4-40GB
    Grid map file: ./protein.maps.fld
    Ligand file: ./ligand_9_9.pdbqt
    Output file: docking_result_9.dlg (+ xml)
    Using heuristics: (capped) number of evaluations set to 2068966
    Local-search chosen method is: ADADELTA (ad)

Rest of Setup time 0.304999s

Executing docking runs, stopping automatically after either reaching 0.15 kcal/mol standard deviation of
the best molecules of the last 4 * 5 generations, 42000 generations, or 2068966 evaluations:

Generations |  Evaluations |     Threshold    |  Average energy of best 10%  | Samples | Best Inter + Intra
------------+--------------+------------------+------------------------------+---------+-------------------
          0 |          150 |   -2.05 kcal/mol |   -2.31 +/-    0.17 kcal/mol |      10 |   -2.61 kcal/mol
          5 |       128535 |   -2.05 kcal/mol |   -4.52 +/-    1.23 kcal/mol |     780 |   -9.91 kcal/mol
         10 |       255697 |   -4.49 kcal/mol |   -7.99 +/-    0.82 kcal/mol |      54 |   -9.96 kcal/mol
         15 |       388043 |   -7.76 kcal/mol |   -9.96 +/-    0.27 kcal/mol |       9 |  -10.39 kcal/mol
         20 |       520707 |   -9.52 kcal/mol |  -10.48 +/-    0.16 kcal/mol |       6 |  -10.80 kcal/mol
         25 |       652696 |  -10.07 kcal/mol |  -10.74 +/-    0.22 kcal/mol |       7 |  -11.00 kcal/mol
         30 |       786173 |  -10.27 kcal/mol |  -10.94 +/-    0.12 kcal/mol |       5 |  -11.04 kcal/mol
         35 |       916624 |  -10.60 kcal/mol |  -11.09 +/-    0.10 kcal/mol |       4 |  -11.22 kcal/mol
         40 |      1046449 |  -10.72 kcal/mol |  -11.10 +/-    0.11 kcal/mol |       6 |  -11.25 kcal/mol
         45 |      1175251 |  -10.82 kcal/mol |  -11.05 +/-    0.09 kcal/mol |       8 |  -11.25 kcal/mol
         50 |      1302180 |  -10.89 kcal/mol |  -11.08 +/-    0.08 kcal/mol |      10 |  -11.25 kcal/mol
         55 |      1429195 |  -10.96 kcal/mol |  -11.09 +/-    0.09 kcal/mol |       7 |  -11.26 kcal/mol
         60 |      1557052 |  -10.90 kcal/mol |  -11.12 +/-    0.07 kcal/mol |      12 |  -11.26 kcal/mol
         65 |      1686473 |  -10.93 kcal/mol |  -11.14 +/-    0.09 kcal/mol |       8 |  -11.26 kcal/mol
         70 |      1814304 |  -10.97 kcal/mol |  -11.15 +/-    0.07 kcal/mol |      13 |  -11.26 kcal/mol
------------+--------------+------------------+------------------------------+---------+-------------------

                                   Finished evaluation after reaching
                                  -11.13 +/-    0.08 kcal/mol combined.
                             40 samples, best inter + intra   -11.26 kcal/mol.


Shutdown time 0.000689s

Job #9 took 0.796 sec after waiting 0.031 sec for setup

(Thread 0 is processing Job #9)
(Thread 0 is setting up Job #10)

Running Job #10:
    Device: NVIDIA A100-SXM4-40GB
    Grid map file: ./protein.maps.fld
    Ligand file: ./ligand_10_10.pdbqt
    Output file: docking_result_10.dlg (+ xml)
    Using heuristics: (capped) number of evaluations set to 2068966
    Local-search chosen method is: ADADELTA (ad)

Rest of Setup time 0.301344s

Executing docking runs, stopping automatically after either reaching 0.15 kcal/mol standard deviation of
the best molecules of the last 4 * 5 generations, 42000 generations, or 2068966 evaluations:

Generations |  Evaluations |     Threshold    |  Average energy of best 10%  | Samples | Best Inter + Intra
------------+--------------+------------------+------------------------------+---------+-------------------
          0 |          150 |   -1.17 kcal/mol |   -2.52 +/-    0.40 kcal/mol |       8 |   -3.49 kcal/mol
          5 |       143253 |   -1.78 kcal/mol |   -5.26 +/-    1.40 kcal/mol |     915 |  -10.22 kcal/mol
         10 |       282104 |   -5.23 kcal/mol |   -9.19 +/-    0.79 kcal/mol |      53 |  -11.62 kcal/mol
         15 |       419936 |   -8.96 kcal/mol |  -11.19 +/-    0.42 kcal/mol |      10 |  -11.64 kcal/mol
         20 |       559628 |  -10.57 kcal/mol |  -11.56 +/-    0.08 kcal/mol |       4 |  -11.64 kcal/mol
         25 |       697111 |  -11.27 kcal/mol |  -11.57 +/-    0.07 kcal/mol |       7 |  -11.64 kcal/mol
         30 |       831079 |  -11.25 kcal/mol |  -11.58 +/-    0.06 kcal/mol |      19 |  -11.64 kcal/mol
         35 |       965100 |  -11.46 kcal/mol |  -11.57 +/-    0.06 kcal/mol |      14 |  -11.64 kcal/mol
------------+--------------+------------------+------------------------------+---------+-------------------

                                   Finished evaluation after reaching
                                  -11.57 +/-    0.07 kcal/mol combined.
                             44 samples, best inter + intra   -11.64 kcal/mol.


Shutdown time 0.000647s

Job #10 took 0.551 sec after waiting 0.023 sec for setup

(Thread 0 is processing Job #10)
Run time of entire job set (10 files): 14.455 sec
Savings from multithreading: -0.001 sec
Idle time of execution thread: 4.777 sec

All jobs (10) ran without errors.
