AutoDock-GPU version: v1.6-7-ga46ab564d2ac5f1a1523f65239b43505a1c29364-dirty

Using 1 OpenMP threads

Running 10 docking calculations

Cuda device:                              NVIDIA A100-SXM4-40GB
Available memory on device:               39916 MB (total: 40339 MB)

CUDA Setup time 0.234089s
(Thread 0 is setting up Job #1)

Running Job #1:
    Device: NVIDIA A100-SXM4-40GB
    Grid map file: ./protein.maps.fld
    Ligand file: ./ligand_1_1.pdbqt
    Output file: docking_result_1.dlg (+ xml)
    Using heuristics: (capped) number of evaluations set to 3487417
    Overriding heuristics, setting number of evaluations to --nev = 2500000 instead.
    Local-search chosen method is: ADADELTA (ad)

Rest of Setup time 0.310014s

Executing docking runs, stopping automatically after either reaching 0.15 kcal/mol standard deviation of
the best molecules of the last 4 * 5 generations, 42000 generations, or 2500000 evaluations:

Generations |  Evaluations |     Threshold    |  Average energy of best 10%  | Samples | Best Inter + Intra
------------+--------------+------------------+------------------------------+---------+-------------------
          0 |          150 |   -2.02 kcal/mol |   -2.56 +/-    0.18 kcal/mol |       5 |   -2.80 kcal/mol
          5 |       136986 |   -2.02 kcal/mol |   -5.41 +/-    1.74 kcal/mol |    1128 |  -12.40 kcal/mol
         10 |       270358 |   -5.38 kcal/mol |   -9.81 +/-    0.92 kcal/mol |      76 |  -13.31 kcal/mol
         15 |       405903 |   -9.63 kcal/mol |  -12.47 +/-    0.54 kcal/mol |      11 |  -13.50 kcal/mol
         20 |       541386 |  -11.73 kcal/mol |  -12.96 +/-    0.36 kcal/mol |       4 |  -13.58 kcal/mol
         25 |       673322 |  -11.59 kcal/mol |  -12.97 +/-    0.45 kcal/mol |       9 |  -13.67 kcal/mol
         30 |       807376 |  -12.23 kcal/mol |  -13.44 +/-    0.25 kcal/mol |      10 |  -13.82 kcal/mol
         35 |       940078 |  -13.07 kcal/mol |  -13.49 +/-    0.21 kcal/mol |       4 |  -13.84 kcal/mol
         40 |      1070103 |  -12.70 kcal/mol |  -13.49 +/-    0.34 kcal/mol |       6 |  -14.08 kcal/mol
         45 |      1201407 |  -12.65 kcal/mol |  -13.81 +/-    0.29 kcal/mol |       7 |  -14.08 kcal/mol
         50 |      1332231 |  -13.18 kcal/mol |  -13.64 +/-    0.27 kcal/mol |       4 |  -14.08 kcal/mol
         55 |      1464218 |  -12.63 kcal/mol |  -13.48 +/-    0.22 kcal/mol |       9 |  -14.08 kcal/mol
         60 |      1591971 |  -13.11 kcal/mol |  -13.91 +/-    0.29 kcal/mol |       4 |  -14.28 kcal/mol
         65 |      1721598 |  -12.83 kcal/mol |  -13.80 +/-    0.33 kcal/mol |       8 |  -14.45 kcal/mol
         70 |      1849981 |  -13.18 kcal/mol |  -14.31 +/-    0.23 kcal/mol |       7 |  -14.59 kcal/mol
         75 |      1978164 |  -13.81 kcal/mol |  -14.24 +/-    0.21 kcal/mol |       4 |  -14.60 kcal/mol
         80 |      2104934 |  -13.44 kcal/mol |  -14.15 +/-    0.24 kcal/mol |       5 |  -14.60 kcal/mol
         85 |      2233088 |  -13.43 kcal/mol |  -14.30 +/-    0.25 kcal/mol |       7 |  -14.60 kcal/mol
         90 |      2360064 |  -13.77 kcal/mol |  -14.03 +/-    0.19 kcal/mol |      12 |  -14.60 kcal/mol
         95 |      2489457 |  -13.79 kcal/mol |  -14.04 +/-    0.16 kcal/mol |      18 |  -14.60 kcal/mol
         96 |      2513877 |  -13.91 kcal/mol |  -14.12 +/-    0.16 kcal/mol |      21 |  -14.60 kcal/mol
------------+--------------+------------------+------------------------------+---------+-------------------

                                   Finished evaluation after reaching
                       2513877 evaluations. Best inter + intra   -14.60 kcal/mol.


Shutdown time 0.000768s

Job #1 took 2.063 sec after waiting 4.483 sec for setup

(Thread 0 is processing Job #1)
(Thread 0 is setting up Job #2)

Running Job #2:
    Device: NVIDIA A100-SXM4-40GB
    Grid map file: ./protein.maps.fld
    Ligand file: ./ligand_2_2.pdbqt
    Output file: docking_result_2.dlg (+ xml)
    Using heuristics: (capped) number of evaluations set to 2280181
    Local-search chosen method is: ADADELTA (ad)

Rest of Setup time 0.321436s

Executing docking runs, stopping automatically after either reaching 0.15 kcal/mol standard deviation of
the best molecules of the last 4 * 5 generations, 42000 generations, or 2280181 evaluations:

Generations |  Evaluations |     Threshold    |  Average energy of best 10%  | Samples | Best Inter + Intra
------------+--------------+------------------+------------------------------+---------+-------------------
          0 |          150 |   -1.20 kcal/mol |   -2.44 +/-    0.40 kcal/mol |       6 |   -3.22 kcal/mol
          5 |       124259 |   -1.43 kcal/mol |   -5.17 +/-    1.76 kcal/mol |    1004 |  -11.86 kcal/mol
         10 |       243768 |   -5.14 kcal/mol |  -10.03 +/-    0.99 kcal/mol |      29 |  -12.38 kcal/mol
         15 |       365829 |   -9.52 kcal/mol |  -11.84 +/-    0.26 kcal/mol |       6 |  -12.38 kcal/mol
         20 |       489299 |  -11.18 kcal/mol |  -11.82 +/-    0.24 kcal/mol |      11 |  -12.49 kcal/mol
         25 |       612211 |  -11.49 kcal/mol |  -12.51 +/-    0.21 kcal/mol |      10 |  -12.69 kcal/mol
         30 |       738184 |  -12.20 kcal/mol |  -13.08 +/-    0.50 kcal/mol |       6 |  -13.78 kcal/mol
         35 |       862137 |  -11.84 kcal/mol |  -13.15 +/-    0.37 kcal/mol |       4 |  -13.78 kcal/mol
         40 |       987088 |  -11.76 kcal/mol |  -13.16 +/-    0.41 kcal/mol |       7 |  -13.78 kcal/mol
         45 |      1110333 |  -12.27 kcal/mol |  -13.27 +/-    0.27 kcal/mol |       5 |  -13.78 kcal/mol
         50 |      1233993 |  -12.44 kcal/mol |  -13.42 +/-    0.33 kcal/mol |       9 |  -13.98 kcal/mol
         55 |      1358680 |  -12.87 kcal/mol |  -13.79 +/-    0.32 kcal/mol |       4 |  -14.08 kcal/mol
         60 |      1480504 |  -12.60 kcal/mol |  -13.70 +/-    0.32 kcal/mol |       5 |  -14.08 kcal/mol
         65 |      1602630 |  -12.76 kcal/mol |  -13.74 +/-    0.25 kcal/mol |       6 |  -14.08 kcal/mol
         70 |      1727180 |  -13.11 kcal/mol |  -13.91 +/-    0.12 kcal/mol |       7 |  -14.08 kcal/mol
         75 |      1852231 |  -13.65 kcal/mol |  -13.90 +/-    0.18 kcal/mol |       5 |  -14.08 kcal/mol
         80 |      1977668 |  -13.34 kcal/mol |  -13.98 +/-    0.13 kcal/mol |       4 |  -14.08 kcal/mol
         85 |      2100414 |  -13.51 kcal/mol |  -13.99 +/-    0.10 kcal/mol |       6 |  -14.08 kcal/mol
------------+--------------+------------------+------------------------------+---------+-------------------

                                   Finished evaluation after reaching
                                  -13.94 +/-    0.14 kcal/mol combined.
                             22 samples, best inter + intra   -14.08 kcal/mol.


Shutdown time 0.000690s

Job #2 took 2.181 sec after waiting 0.044 sec for setup

(Thread 0 is processing Job #2)
(Thread 0 is setting up Job #3)

Running Job #3:
    Device: NVIDIA A100-SXM4-40GB
    Grid map file: ./protein.maps.fld
    Ligand file: ./ligand_3_3.pdbqt
    Output file: docking_result_3.dlg (+ xml)
    Using heuristics: (capped) number of evaluations set to 2845257
    Overriding heuristics, setting number of evaluations to --nev = 2500000 instead.
    Local-search chosen method is: ADADELTA (ad)

Rest of Setup time 0.353095s

Executing docking runs, stopping automatically after either reaching 0.15 kcal/mol standard deviation of
the best molecules of the last 4 * 5 generations, 42000 generations, or 2500000 evaluations:

Generations |  Evaluations |     Threshold    |  Average energy of best 10%  | Samples | Best Inter + Intra
------------+--------------+------------------+------------------------------+---------+-------------------
          0 |          150 |   -2.16 kcal/mol |   -2.44 +/-    0.19 kcal/mol |      10 |   -2.86 kcal/mol
          5 |       135388 |   -2.16 kcal/mol |   -5.56 +/-    1.61 kcal/mol |    1146 |  -10.57 kcal/mol
         10 |       272906 |   -5.54 kcal/mol |   -9.66 +/-    0.81 kcal/mol |      61 |  -12.51 kcal/mol
         15 |       409251 |   -9.47 kcal/mol |  -11.67 +/-    0.52 kcal/mol |       7 |  -12.59 kcal/mol
         20 |       547070 |  -10.55 kcal/mol |  -12.14 +/-    0.38 kcal/mol |       5 |  -12.60 kcal/mol
         25 |       686932 |  -11.01 kcal/mol |  -12.23 +/-    0.34 kcal/mol |       6 |  -12.62 kcal/mol
         30 |       827246 |  -11.39 kcal/mol |  -12.40 +/-    0.21 kcal/mol |       9 |  -12.67 kcal/mol
         35 |       965113 |  -12.04 kcal/mol |  -12.58 +/-    0.21 kcal/mol |       7 |  -12.90 kcal/mol
         40 |      1101939 |  -12.14 kcal/mol |  -12.84 +/-    0.12 kcal/mol |       5 |  -12.92 kcal/mol
         45 |      1237539 |  -12.47 kcal/mol |  -12.69 +/-    0.15 kcal/mol |       7 |  -12.92 kcal/mol
         50 |      1371902 |  -12.37 kcal/mol |  -12.64 +/-    0.16 kcal/mol |      10 |  -12.92 kcal/mol
         55 |      1509180 |  -12.40 kcal/mol |  -12.70 +/-    0.15 kcal/mol |       9 |  -12.92 kcal/mol
         60 |      1645011 |  -12.45 kcal/mol |  -12.83 +/-    0.17 kcal/mol |       9 |  -13.21 kcal/mol
         65 |      1782327 |  -12.55 kcal/mol |  -12.87 +/-    0.18 kcal/mol |      11 |  -13.21 kcal/mol
         70 |      1918820 |  -12.61 kcal/mol |  -12.85 +/-    0.17 kcal/mol |      15 |  -13.21 kcal/mol
         75 |      2053487 |  -12.69 kcal/mol |  -13.11 +/-    0.23 kcal/mol |       5 |  -13.51 kcal/mol
         80 |      2188449 |  -12.42 kcal/mol |  -13.24 +/-    0.25 kcal/mol |       9 |  -13.51 kcal/mol
         85 |      2324677 |  -12.82 kcal/mol |  -13.34 +/-    0.16 kcal/mol |       5 |  -13.53 kcal/mol
         90 |      2458737 |  -12.86 kcal/mol |  -13.56 +/-    0.25 kcal/mol |       5 |  -13.84 kcal/mol
         92 |      2512960 |  -12.82 kcal/mol |  -13.66 +/-    0.34 kcal/mol |       9 |  -14.40 kcal/mol
------------+--------------+------------------+------------------------------+---------+-------------------

                                   Finished evaluation after reaching
                       2512960 evaluations. Best inter + intra   -14.40 kcal/mol.


Shutdown time 0.000723s

Job #3 took 1.401 sec after waiting 0.036 sec for setup

(Thread 0 is processing Job #3)
(Thread 0 is setting up Job #4)

Running Job #4:
    Device: NVIDIA A100-SXM4-40GB
    Grid map file: ./protein.maps.fld
    Ligand file: ./ligand_4_4.pdbqt
    Output file: docking_result_4.dlg (+ xml)
    Using heuristics: (capped) number of evaluations set to 2845257
    Overriding heuristics, setting number of evaluations to --nev = 2500000 instead.
    Local-search chosen method is: ADADELTA (ad)

Rest of Setup time 0.305865s

Executing docking runs, stopping automatically after either reaching 0.15 kcal/mol standard deviation of
the best molecules of the last 4 * 5 generations, 42000 generations, or 2500000 evaluations:

Generations |  Evaluations |     Threshold    |  Average energy of best 10%  | Samples | Best Inter + Intra
------------+--------------+------------------+------------------------------+---------+-------------------
          0 |          150 |   -2.66 kcal/mol |   -3.11 +/-    0.21 kcal/mol |       7 |   -3.53 kcal/mol
          5 |       130474 |   -2.66 kcal/mol |   -6.33 +/-    1.68 kcal/mol |    1040 |  -11.56 kcal/mol
         10 |       261932 |   -6.31 kcal/mol |  -10.36 +/-    0.55 kcal/mol |      69 |  -11.72 kcal/mol
         15 |       397843 |  -10.25 kcal/mol |  -12.01 +/-    0.71 kcal/mol |      12 |  -13.90 kcal/mol
         20 |       534289 |  -11.12 kcal/mol |  -13.01 +/-    0.53 kcal/mol |       4 |  -13.92 kcal/mol
         25 |       667132 |  -11.01 kcal/mol |  -12.54 +/-    0.49 kcal/mol |      11 |  -13.92 kcal/mol
         30 |       802582 |  -11.87 kcal/mol |  -13.00 +/-    0.47 kcal/mol |       5 |  -13.92 kcal/mol
         35 |       935558 |  -11.60 kcal/mol |  -13.16 +/-    0.44 kcal/mol |       6 |  -13.92 kcal/mol
         40 |      1067727 |  -12.06 kcal/mol |  -13.46 +/-    0.29 kcal/mol |       4 |  -13.92 kcal/mol
         45 |      1200051 |  -12.36 kcal/mol |  -13.60 +/-    0.27 kcal/mol |       8 |  -13.92 kcal/mol
         50 |      1333412 |  -13.10 kcal/mol |  -14.20 +/-    0.38 kcal/mol |       4 |  -14.55 kcal/mol
         55 |      1468108 |  -12.79 kcal/mol |  -14.26 +/-    0.61 kcal/mol |       7 |  -15.14 kcal/mol
         60 |      1599706 |  -12.96 kcal/mol |  -14.15 +/-    0.68 kcal/mol |       4 |  -15.28 kcal/mol
         65 |      1733665 |  -11.61 kcal/mol |  -13.60 +/-    0.63 kcal/mol |      12 |  -15.36 kcal/mol
         70 |      1866011 |  -12.81 kcal/mol |  -14.51 +/-    0.46 kcal/mol |       6 |  -15.36 kcal/mol
         75 |      1999310 |  -13.35 kcal/mol |  -14.45 +/-    0.53 kcal/mol |       4 |  -15.36 kcal/mol
         80 |      2131133 |  -12.46 kcal/mol |  -14.43 +/-    0.55 kcal/mol |       4 |  -15.36 kcal/mol
         85 |      2261626 |  -12.37 kcal/mol |  -14.48 +/-    0.58 kcal/mol |       9 |  -15.36 kcal/mol
         90 |      2392187 |  -13.51 kcal/mol |  -15.32 +/-    0.06 kcal/mol |       4 |  -15.36 kcal/mol
         95 |      2522567 |  -14.76 kcal/mol |  -15.31 +/-    0.07 kcal/mol |       6 |  -15.36 kcal/mol
------------+--------------+------------------+------------------------------+---------+-------------------

                                   Finished evaluation after reaching
                       2522567 evaluations. Best inter + intra   -15.36 kcal/mol.


Shutdown time 0.000657s

Job #4 took 1.371 sec after waiting 0.050 sec for setup

(Thread 0 is processing Job #4)
(Thread 0 is setting up Job #5)

Running Job #5:
    Device: NVIDIA A100-SXM4-40GB
    Grid map file: ./protein.maps.fld
    Ligand file: ./ligand_5_5.pdbqt
    Output file: docking_result_5.dlg (+ xml)
    Using heuristics: (capped) number of evaluations set to 2845257
    Overriding heuristics, setting number of evaluations to --nev = 2500000 instead.
    Local-search chosen method is: ADADELTA (ad)

Rest of Setup time 0.305747s

Executing docking runs, stopping automatically after either reaching 0.15 kcal/mol standard deviation of
the best molecules of the last 4 * 5 generations, 42000 generations, or 2500000 evaluations:

Generations |  Evaluations |     Threshold    |  Average energy of best 10%  | Samples | Best Inter + Intra
------------+--------------+------------------+------------------------------+---------+-------------------
          0 |          150 |   -1.28 kcal/mol |   -2.54 +/-    0.36 kcal/mol |      12 |   -3.61 kcal/mol
          5 |       128718 |   -2.09 kcal/mol |   -6.06 +/-    1.80 kcal/mol |    1040 |  -11.97 kcal/mol
         10 |       255183 |   -6.03 kcal/mol |  -10.59 +/-    0.75 kcal/mol |      37 |  -11.97 kcal/mol
         15 |       385079 |  -10.28 kcal/mol |  -12.31 +/-    0.57 kcal/mol |       4 |  -13.25 kcal/mol
         20 |       514011 |  -10.18 kcal/mol |  -11.94 +/-    0.48 kcal/mol |      23 |  -13.25 kcal/mol
         25 |       643104 |  -11.63 kcal/mol |  -12.92 +/-    0.26 kcal/mol |       4 |  -13.36 kcal/mol
         30 |       771213 |  -11.94 kcal/mol |  -13.05 +/-    0.35 kcal/mol |      13 |  -13.69 kcal/mol
         35 |       897622 |  -12.65 kcal/mol |  -13.88 +/-    0.39 kcal/mol |       8 |  -14.35 kcal/mol
         40 |      1025069 |  -13.15 kcal/mol |  -14.21 +/-    0.26 kcal/mol |       4 |  -14.42 kcal/mol
         45 |      1150781 |  -13.25 kcal/mol |  -14.24 +/-    0.21 kcal/mol |       5 |  -14.42 kcal/mol
         50 |      1277127 |  -13.61 kcal/mol |  -14.34 +/-    0.28 kcal/mol |       4 |  -14.62 kcal/mol
         55 |      1405837 |  -13.29 kcal/mol |  -14.35 +/-    0.24 kcal/mol |      13 |  -14.62 kcal/mol
         60 |      1530302 |  -14.08 kcal/mol |  -14.51 +/-    0.14 kcal/mol |       5 |  -14.69 kcal/mol
         65 |      1657849 |  -14.09 kcal/mol |  -14.65 +/-    0.15 kcal/mol |       7 |  -14.96 kcal/mol
         70 |      1783775 |  -14.33 kcal/mol |  -14.71 +/-    0.16 kcal/mol |       4 |  -14.96 kcal/mol
         75 |      1911000 |  -14.11 kcal/mol |  -14.73 +/-    0.20 kcal/mol |       6 |  -15.01 kcal/mol
         80 |      2038628 |  -14.22 kcal/mol |  -14.64 +/-    0.18 kcal/mol |       7 |  -15.03 kcal/mol
         85 |      2166713 |  -14.26 kcal/mol |  -14.66 +/-    0.17 kcal/mol |      10 |  -15.03 kcal/mol
         90 |      2295086 |  -14.41 kcal/mol |  -14.86 +/-    0.16 kcal/mol |       4 |  -15.06 kcal/mol
         95 |      2422329 |  -14.25 kcal/mol |  -14.91 +/-    0.21 kcal/mol |       4 |  -15.18 kcal/mol
         99 |      2522478 |  -14.11 kcal/mol |  -14.90 +/-    0.23 kcal/mol |       8 |  -15.19 kcal/mol
------------+--------------+------------------+------------------------------+---------+-------------------

                                   Finished evaluation after reaching
                       2522478 evaluations. Best inter + intra   -15.19 kcal/mol.


Shutdown time 0.000649s

Job #5 took 1.363 sec after waiting 0.050 sec for setup

(Thread 0 is processing Job #5)
(Thread 0 is setting up Job #6)

Running Job #6:
    Device: NVIDIA A100-SXM4-40GB
    Grid map file: ./protein.maps.fld
    Ligand file: ./ligand_6_6.pdbqt
    Output file: docking_result_6.dlg (+ xml)
    Using heuristics: (capped) number of evaluations set to 2068966
    Local-search chosen method is: ADADELTA (ad)

Rest of Setup time 0.305501s

Executing docking runs, stopping automatically after either reaching 0.15 kcal/mol standard deviation of
the best molecules of the last 4 * 5 generations, 42000 generations, or 2068966 evaluations:

Generations |  Evaluations |     Threshold    |  Average energy of best 10%  | Samples | Best Inter + Intra
------------+--------------+------------------+------------------------------+---------+-------------------
          0 |          150 |   -1.32 kcal/mol |   -2.47 +/-    0.40 kcal/mol |       7 |   -3.30 kcal/mol
          5 |       123619 |   -1.61 kcal/mol |   -5.50 +/-    1.67 kcal/mol |    1000 |  -10.76 kcal/mol
         10 |       245711 |   -5.48 kcal/mol |   -9.49 +/-    0.61 kcal/mol |      43 |  -11.52 kcal/mol
         15 |       371569 |   -9.28 kcal/mol |  -10.81 +/-    0.44 kcal/mol |       9 |  -11.99 kcal/mol
         20 |       498046 |  -10.08 kcal/mol |  -11.65 +/-    0.39 kcal/mol |       5 |  -11.99 kcal/mol
         25 |       625776 |  -10.49 kcal/mol |  -11.81 +/-    0.29 kcal/mol |       4 |  -11.99 kcal/mol
         30 |       754076 |  -10.71 kcal/mol |  -12.31 +/-    0.42 kcal/mol |       5 |  -13.03 kcal/mol
         35 |       880818 |  -11.05 kcal/mol |  -12.31 +/-    0.47 kcal/mol |       4 |  -13.11 kcal/mol
         40 |      1009029 |  -10.56 kcal/mol |  -12.43 +/-    0.46 kcal/mol |       6 |  -13.11 kcal/mol
         45 |      1137262 |  -11.28 kcal/mol |  -12.61 +/-    0.51 kcal/mol |       5 |  -13.11 kcal/mol
         50 |      1264349 |  -11.09 kcal/mol |  -12.69 +/-    0.28 kcal/mol |       6 |  -13.11 kcal/mol
         55 |      1391043 |  -11.98 kcal/mol |  -12.98 +/-    0.12 kcal/mol |       8 |  -13.11 kcal/mol
         60 |      1514730 |  -12.76 kcal/mol |  -13.36 +/-    0.16 kcal/mol |       5 |  -13.58 kcal/mol
         65 |      1638205 |  -12.89 kcal/mol |  -13.47 +/-    0.16 kcal/mol |       7 |  -13.66 kcal/mol
         70 |      1762171 |  -13.12 kcal/mol |  -13.72 +/-    0.06 kcal/mol |       6 |  -13.80 kcal/mol
         75 |      1885707 |  -13.34 kcal/mol |  -13.67 +/-    0.11 kcal/mol |       5 |  -13.80 kcal/mol
         80 |      2008991 |  -13.34 kcal/mol |  -13.70 +/-    0.08 kcal/mol |       8 |  -13.80 kcal/mol
         83 |      2082553 |  -13.55 kcal/mol |  -13.76 +/-    0.22 kcal/mol |      17 |  -14.59 kcal/mol
------------+--------------+------------------+------------------------------+---------+-------------------

                                   Finished evaluation after reaching
                       2082553 evaluations. Best inter + intra   -14.59 kcal/mol.


Shutdown time 0.000653s

Job #6 took 1.078 sec after waiting 0.045 sec for setup

(Thread 0 is processing Job #6)
(Thread 0 is setting up Job #7)

Running Job #7:
    Device: NVIDIA A100-SXM4-40GB
    Grid map file: ./protein.maps.fld
    Ligand file: ./ligand_7_7.pdbqt
    Output file: docking_result_7.dlg (+ xml)
    Using heuristics: (capped) number of evaluations set to 2845257
    Overriding heuristics, setting number of evaluations to --nev = 2500000 instead.
    Local-search chosen method is: ADADELTA (ad)

Rest of Setup time 0.306076s

Executing docking runs, stopping automatically after either reaching 0.15 kcal/mol standard deviation of
the best molecules of the last 4 * 5 generations, 42000 generations, or 2500000 evaluations:

Generations |  Evaluations |     Threshold    |  Average energy of best 10%  | Samples | Best Inter + Intra
------------+--------------+------------------+------------------------------+---------+-------------------
          0 |          150 |   -1.33 kcal/mol |   -1.59 +/-    0.24 kcal/mol |      14 |   -2.34 kcal/mol
          5 |       139297 |   -1.33 kcal/mol |   -4.65 +/-    1.67 kcal/mol |    1156 |  -10.28 kcal/mol
         10 |       275194 |   -4.63 kcal/mol |   -8.83 +/-    0.70 kcal/mol |      54 |  -11.20 kcal/mol
         15 |       411391 |   -8.64 kcal/mol |  -10.74 +/-    0.60 kcal/mol |       7 |  -11.69 kcal/mol
         20 |       546763 |   -9.47 kcal/mol |  -10.93 +/-    0.53 kcal/mol |       4 |  -11.75 kcal/mol
         25 |       682720 |   -8.93 kcal/mol |  -10.98 +/-    0.75 kcal/mol |      13 |  -12.05 kcal/mol
         30 |       815763 |  -10.11 kcal/mol |  -11.73 +/-    0.29 kcal/mol |       4 |  -12.11 kcal/mol
         35 |       946466 |  -10.64 kcal/mol |  -11.87 +/-    0.22 kcal/mol |       5 |  -12.16 kcal/mol
         40 |      1076897 |  -11.21 kcal/mol |  -11.82 +/-    0.20 kcal/mol |       4 |  -12.16 kcal/mol
         45 |      1207464 |  -11.08 kcal/mol |  -11.77 +/-    0.18 kcal/mol |      10 |  -12.16 kcal/mol
         50 |      1336022 |  -11.51 kcal/mol |  -11.98 +/-    0.17 kcal/mol |       6 |  -12.19 kcal/mol
         55 |      1468887 |  -11.56 kcal/mol |  -12.17 +/-    0.07 kcal/mol |       5 |  -12.25 kcal/mol
         60 |      1596521 |  -11.72 kcal/mol |  -12.10 +/-    0.12 kcal/mol |      10 |  -12.29 kcal/mol
         65 |      1725752 |  -11.92 kcal/mol |  -12.17 +/-    0.10 kcal/mol |       7 |  -12.31 kcal/mol
         70 |      1853956 |  -11.96 kcal/mol |  -12.16 +/-    0.09 kcal/mol |      12 |  -12.31 kcal/mol
         75 |      1982412 |  -12.05 kcal/mol |  -12.22 +/-    0.05 kcal/mol |       6 |  -12.32 kcal/mol
         80 |      2110241 |  -11.85 kcal/mol |  -12.20 +/-    0.08 kcal/mol |       6 |  -12.32 kcal/mol
         85 |      2237074 |  -11.98 kcal/mol |  -12.22 +/-    0.11 kcal/mol |       7 |  -12.33 kcal/mol
         90 |      2363582 |  -11.99 kcal/mol |  -12.20 +/-    0.06 kcal/mol |       9 |  -12.34 kcal/mol
         95 |      2493101 |  -11.95 kcal/mol |  -12.26 +/-    0.08 kcal/mol |       8 |  -12.34 kcal/mol
         96 |      2519201 |  -12.11 kcal/mol |  -12.26 +/-    0.08 kcal/mol |      14 |  -12.34 kcal/mol
------------+--------------+------------------+------------------------------+---------+-------------------

                                   Finished evaluation after reaching
                       2519201 evaluations. Best inter + intra   -12.34 kcal/mol.


Shutdown time 0.000657s

Job #7 took 1.344 sec after waiting 0.040 sec for setup

(Thread 0 is processing Job #7)
(Thread 0 is setting up Job #8)

Running Job #8:
    Device: NVIDIA A100-SXM4-40GB
    Grid map file: ./protein.maps.fld
    Ligand file: ./ligand_8_8.pdbqt
    Output file: docking_result_8.dlg (+ xml)
    Using heuristics: (capped) number of evaluations set to 2845257
    Overriding heuristics, setting number of evaluations to --nev = 2500000 instead.
    Local-search chosen method is: ADADELTA (ad)

Rest of Setup time 0.305711s

Executing docking runs, stopping automatically after either reaching 0.15 kcal/mol standard deviation of
the best molecules of the last 4 * 5 generations, 42000 generations, or 2500000 evaluations:

Generations |  Evaluations |     Threshold    |  Average energy of best 10%  | Samples | Best Inter + Intra
------------+--------------+------------------+------------------------------+---------+-------------------
          0 |          150 |   -1.78 kcal/mol |   -2.22 +/-    0.18 kcal/mol |       6 |   -2.54 kcal/mol
          5 |       136972 |   -1.78 kcal/mol |   -4.59 +/-    1.55 kcal/mol |    1069 |  -10.86 kcal/mol
         10 |       272521 |   -4.57 kcal/mol |   -8.40 +/-    0.77 kcal/mol |      55 |  -11.72 kcal/mol
         15 |       409922 |   -8.18 kcal/mol |  -10.81 +/-    0.79 kcal/mol |       4 |  -11.72 kcal/mol
         20 |       548432 |   -7.83 kcal/mol |  -10.25 +/-    0.81 kcal/mol |      11 |  -11.72 kcal/mol
         25 |       688800 |   -9.14 kcal/mol |  -11.25 +/-    0.36 kcal/mol |      11 |  -11.89 kcal/mol
         30 |       827561 |  -10.75 kcal/mol |  -11.93 +/-    0.53 kcal/mol |       8 |  -13.14 kcal/mol
         35 |       966560 |  -10.93 kcal/mol |  -12.57 +/-    0.52 kcal/mol |       4 |  -13.26 kcal/mol
         40 |      1103567 |  -10.62 kcal/mol |  -12.10 +/-    0.58 kcal/mol |       7 |  -13.26 kcal/mol
         45 |      1241790 |  -10.85 kcal/mol |  -13.16 +/-    0.22 kcal/mol |       5 |  -13.33 kcal/mol
         50 |      1378208 |  -12.50 kcal/mol |  -13.20 +/-    0.22 kcal/mol |       4 |  -13.43 kcal/mol
         55 |      1515060 |  -12.38 kcal/mol |  -13.20 +/-    0.23 kcal/mol |       5 |  -13.48 kcal/mol
         60 |      1648887 |  -12.51 kcal/mol |  -13.39 +/-    0.15 kcal/mol |       7 |  -13.56 kcal/mol
         65 |      1787390 |  -13.08 kcal/mol |  -13.57 +/-    0.00 kcal/mol |       1 |  -13.57 kcal/mol
         70 |      1925462 |  -11.32 kcal/mol |  -12.29 +/-    0.58 kcal/mol |      22 |  -13.74 kcal/mol
         75 |      2061917 |  -11.89 kcal/mol |  -13.60 +/-    0.11 kcal/mol |       4 |  -13.74 kcal/mol
         80 |      2195150 |  -13.17 kcal/mol |  -13.71 +/-    0.02 kcal/mol |       3 |  -13.74 kcal/mol
         85 |      2329876 |  -12.96 kcal/mol |  -13.56 +/-    0.15 kcal/mol |       4 |  -13.74 kcal/mol
         90 |      2463602 |  -13.00 kcal/mol |  -13.48 +/-    0.32 kcal/mol |       3 |  -13.74 kcal/mol
         92 |      2516573 |  -11.87 kcal/mol |  -13.19 +/-    0.41 kcal/mol |      13 |  -13.74 kcal/mol
------------+--------------+------------------+------------------------------+---------+-------------------

                                   Finished evaluation after reaching
                       2516573 evaluations. Best inter + intra   -13.74 kcal/mol.


Shutdown time 0.000661s

Job #8 took 1.313 sec after waiting 0.047 sec for setup

(Thread 0 is processing Job #8)
(Thread 0 is setting up Job #9)

Running Job #9:
    Device: NVIDIA A100-SXM4-40GB
    Grid map file: ./protein.maps.fld
    Ligand file: ./ligand_9_9.pdbqt
    Output file: docking_result_9.dlg (+ xml)
    Using heuristics: (capped) number of evaluations set to 7973093
    Overriding heuristics, setting number of evaluations to --nev = 2500000 instead.
    Warning: The set number of evals is 10.52% of the uncapped heuristics estimate of 23759450 evals.
             This means this docking may not be able to converge. Increasing --heurmax may improve
             convergence but will also increase runtime.
             AutoStop will not stop before 76.79% (1919714) of the set number of evaluations.
    Local-search chosen method is: ADADELTA (ad)

Rest of Setup time 0.305615s

Executing docking runs, stopping automatically after either reaching 0.15 kcal/mol standard deviation of
the best molecules of the last 4 * 5 generations, 42000 generations, or 2500000 evaluations:

Generations |  Evaluations |     Threshold    |  Average energy of best 10%  | Samples | Best Inter + Intra
------------+--------------+------------------+------------------------------+---------+-------------------
          0 |          150 |  364.20 kcal/mol |  265.17 +/-   33.13 kcal/mol |       7 |  195.58 kcal/mol
          5 |       115868 |  336.15 kcal/mol |   17.34 +/-   40.23 kcal/mol |    1098 |  -11.00 kcal/mol
         10 |       222868 |   17.89 kcal/mol |  -11.29 +/-    0.98 kcal/mol |       5 |  -13.10 kcal/mol
         15 |       332495 |   -8.36 kcal/mol |  -11.40 +/-    0.95 kcal/mol |       6 |  -13.32 kcal/mol
         20 |       443381 |   -9.04 kcal/mol |  -11.98 +/-    1.10 kcal/mol |      10 |  -14.11 kcal/mol
         25 |       553246 |  -10.34 kcal/mol |  -13.33 +/-    0.50 kcal/mol |       8 |  -14.16 kcal/mol
         30 |       663682 |  -12.38 kcal/mol |  -13.61 +/-    0.31 kcal/mol |       5 |  -14.16 kcal/mol
         35 |       770499 |  -12.68 kcal/mol |  -13.75 +/-    0.43 kcal/mol |       4 |  -14.18 kcal/mol
         40 |       876532 |  -12.14 kcal/mol |  -13.61 +/-    0.50 kcal/mol |       7 |  -14.19 kcal/mol
         45 |       981538 |  -12.53 kcal/mol |  -13.79 +/-    0.39 kcal/mol |       4 |  -14.19 kcal/mol
         50 |      1086412 |  -12.32 kcal/mol |  -13.75 +/-    0.41 kcal/mol |       6 |  -14.19 kcal/mol
         55 |      1190457 |  -12.73 kcal/mol |  -14.62 +/-    0.45 kcal/mol |       4 |  -15.07 kcal/mol
         60 |      1292554 |  -12.95 kcal/mol |  -14.41 +/-    0.38 kcal/mol |       4 |  -15.07 kcal/mol
         65 |      1393711 |  -12.98 kcal/mol |  -14.37 +/-    0.35 kcal/mol |       5 |  -15.07 kcal/mol
         70 |      1492173 |  -13.33 kcal/mol |  -14.45 +/-    0.35 kcal/mol |       7 |  -15.07 kcal/mol
         75 |      1590795 |  -13.71 kcal/mol |  -14.48 +/-    0.34 kcal/mol |       4 |  -15.07 kcal/mol
         80 |      1686538 |  -13.19 kcal/mol |  -14.44 +/-    0.32 kcal/mol |       5 |  -15.07 kcal/mol
         85 |      1782397 |  -13.47 kcal/mol |  -14.36 +/-    0.30 kcal/mol |       7 |  -15.07 kcal/mol
         90 |      1876686 |  -13.72 kcal/mol |  -14.79 +/-    0.34 kcal/mol |       5 |  -15.07 kcal/mol
         95 |      1971039 |  -13.79 kcal/mol |  -14.78 +/-    0.50 kcal/mol |       4 |  -15.44 kcal/mol
        100 |      2063696 |  -12.91 kcal/mol |  -14.67 +/-    0.51 kcal/mol |       7 |  -15.44 kcal/mol
        105 |      2154748 |  -13.59 kcal/mol |  -14.78 +/-    0.50 kcal/mol |       4 |  -15.44 kcal/mol
        110 |      2246340 |  -12.91 kcal/mol |  -14.70 +/-    0.45 kcal/mol |       7 |  -15.44 kcal/mol
        115 |      2337050 |  -13.74 kcal/mol |  -15.01 +/-    0.39 kcal/mol |       4 |  -15.44 kcal/mol
        120 |      2427063 |  -13.55 kcal/mol |  -14.79 +/-    0.44 kcal/mol |       9 |  -15.44 kcal/mol
        125 |      2516137 |  -14.05 kcal/mol |  -15.02 +/-    0.75 kcal/mol |      11 |  -17.03 kcal/mol
------------+--------------+------------------+------------------------------+---------+-------------------

                                   Finished evaluation after reaching
                       2516137 evaluations. Best inter + intra   -17.03 kcal/mol.


Shutdown time 0.000665s

Job #9 took 2.022 sec after waiting 0.042 sec for setup

(Thread 0 is processing Job #9)
(Thread 0 is setting up Job #10)

Running Job #10:
    Device: NVIDIA A100-SXM4-40GB
    Grid map file: ./protein.maps.fld
    Ligand file: ./ligand_10_10.pdbqt
    Output file: docking_result_10.dlg (+ xml)
    Using heuristics: (capped) number of evaluations set to 7973093
    Overriding heuristics, setting number of evaluations to --nev = 2500000 instead.
    Warning: The set number of evals is 10.52% of the uncapped heuristics estimate of 23759450 evals.
             This means this docking may not be able to converge. Increasing --heurmax may improve
             convergence but will also increase runtime.
             AutoStop will not stop before 76.79% (1919714) of the set number of evaluations.
    Local-search chosen method is: ADADELTA (ad)

Rest of Setup time 0.307802s

Executing docking runs, stopping automatically after either reaching 0.15 kcal/mol standard deviation of
the best molecules of the last 4 * 5 generations, 42000 generations, or 2500000 evaluations:

Generations |  Evaluations |     Threshold    |  Average energy of best 10%  | Samples | Best Inter + Intra
------------+--------------+------------------+------------------------------+---------+-------------------
          0 |          150 |  246.31 kcal/mol |  159.38 +/-   23.18 kcal/mol |       4 |  135.34 kcal/mol
          5 |       106593 |  246.31 kcal/mol |   14.70 +/-   33.57 kcal/mol |    1016 |   -9.47 kcal/mol
         10 |       202659 |   15.19 kcal/mol |  -11.01 +/-    1.18 kcal/mol |       4 |  -13.03 kcal/mol
         15 |       301385 |   -6.60 kcal/mol |  -10.14 +/-    1.05 kcal/mol |      13 |  -13.03 kcal/mol
         20 |       401833 |   -8.93 kcal/mol |  -12.47 +/-    1.36 kcal/mol |       7 |  -14.57 kcal/mol
         25 |       502218 |   -9.56 kcal/mol |  -12.93 +/-    0.99 kcal/mol |       4 |  -14.57 kcal/mol
         30 |       602789 |   -9.21 kcal/mol |  -12.43 +/-    1.03 kcal/mol |      10 |  -14.57 kcal/mol
         35 |       703860 |  -10.89 kcal/mol |  -13.41 +/-    0.73 kcal/mol |       4 |  -14.57 kcal/mol
         40 |       804309 |  -10.66 kcal/mol |  -13.05 +/-    0.99 kcal/mol |       9 |  -14.98 kcal/mol
         45 |       903131 |  -11.41 kcal/mol |  -13.26 +/-    0.97 kcal/mol |       8 |  -14.98 kcal/mol
         50 |      1000136 |  -11.44 kcal/mol |  -13.62 +/-    0.85 kcal/mol |       4 |  -14.98 kcal/mol
         55 |      1095702 |  -10.44 kcal/mol |  -13.17 +/-    0.83 kcal/mol |       8 |  -14.98 kcal/mol
         60 |      1191934 |  -11.61 kcal/mol |  -13.91 +/-    0.63 kcal/mol |       4 |  -14.98 kcal/mol
         65 |      1288557 |  -11.55 kcal/mol |  -13.68 +/-    0.86 kcal/mol |       4 |  -14.98 kcal/mol
         70 |      1383072 |  -10.44 kcal/mol |  -13.39 +/-    1.07 kcal/mol |       8 |  -14.98 kcal/mol
         75 |      1476465 |  -11.38 kcal/mol |  -13.91 +/-    0.63 kcal/mol |       4 |  -14.98 kcal/mol
         80 |      1569631 |  -11.55 kcal/mol |  -13.67 +/-    0.63 kcal/mol |       6 |  -14.98 kcal/mol
         85 |      1663936 |  -12.08 kcal/mol |  -14.03 +/-    0.66 kcal/mol |       7 |  -14.98 kcal/mol
         90 |      1756591 |  -12.62 kcal/mol |  -14.77 +/-    0.29 kcal/mol |       4 |  -14.98 kcal/mol
         95 |      1848540 |  -13.69 kcal/mol |  -14.66 +/-    0.29 kcal/mol |       4 |  -14.98 kcal/mol
        100 |      1939710 |  -13.56 kcal/mol |  -14.56 +/-    0.41 kcal/mol |       4 |  -14.98 kcal/mol
        105 |      2027735 |  -13.02 kcal/mol |  -14.54 +/-    0.38 kcal/mol |       7 |  -14.98 kcal/mol
        110 |      2116667 |  -13.73 kcal/mol |  -14.82 +/-    0.15 kcal/mol |       4 |  -14.98 kcal/mol
        115 |      2204051 |  -14.25 kcal/mol |  -14.99 +/-    0.15 kcal/mol |       5 |  -15.23 kcal/mol
        120 |      2291040 |  -14.56 kcal/mol |  -15.06 +/-    0.11 kcal/mol |       4 |  -15.23 kcal/mol
        125 |      2378237 |  -14.65 kcal/mol |  -15.19 +/-    0.21 kcal/mol |       5 |  -15.54 kcal/mol
        130 |      2462288 |  -14.57 kcal/mol |  -15.16 +/-    0.25 kcal/mol |       4 |  -15.54 kcal/mol
        133 |      2513683 |  -14.23 kcal/mol |  -15.32 +/-    0.24 kcal/mol |       8 |  -15.54 kcal/mol
------------+--------------+------------------+------------------------------+---------+-------------------

                                   Finished evaluation after reaching
                       2513683 evaluations. Best inter + intra   -15.54 kcal/mol.


Shutdown time 0.000652s

Job #10 took 2.044 sec after waiting 0.075 sec for setup

(Thread 0 is processing Job #10)
Run time of entire job set (10 files): 21.162 sec
Savings from multithreading: -0.001 sec
Idle time of execution thread: 4.982 sec

All jobs (10) ran without errors.
