AutoDock-GPU version: v1.6-7-ga46ab564d2ac5f1a1523f65239b43505a1c29364-dirty

Using 1 OpenMP threads

Running 3 docking calculations

Cuda device:                              NVIDIA A100-SXM4-40GB
Available memory on device:               39916 MB (total: 40339 MB)

CUDA Setup time 0.231328s
(Thread 0 is setting up Job #1)

Running Job #1:
    Device: NVIDIA A100-SXM4-40GB
    Grid map file: ./protein.maps.fld
    Ligand file: ./ligand_1_1.pdbqt
    Output file: docking_result_1.dlg (+ xml)
    Using heuristics: (capped) number of evaluations set to 2845257
    Overriding heuristics, setting number of evaluations to --nev = 2500000 instead.
    Local-search chosen method is: ADADELTA (ad)

Rest of Setup time 0.313146s

Executing docking runs, stopping automatically after either reaching 0.15 kcal/mol standard deviation of
the best molecules of the last 4 * 5 generations, 42000 generations, or 2500000 evaluations:

Generations |  Evaluations |     Threshold    |  Average energy of best 10%  | Samples | Best Inter + Intra
------------+--------------+------------------+------------------------------+---------+-------------------
          0 |          150 |   -1.84 kcal/mol |   -2.49 +/-    0.24 kcal/mol |       8 |   -2.98 kcal/mol
          5 |       136404 |   -2.04 kcal/mol |   -5.94 +/-    1.86 kcal/mol |    1161 |  -11.41 kcal/mol
         10 |       269852 |   -5.91 kcal/mol |  -10.48 +/-    0.68 kcal/mol |      48 |  -11.98 kcal/mol
         15 |       406083 |  -10.27 kcal/mol |  -12.20 +/-    0.34 kcal/mol |      16 |  -12.71 kcal/mol
         20 |       544790 |  -11.88 kcal/mol |  -13.10 +/-    0.37 kcal/mol |       8 |  -13.83 kcal/mol
         25 |       683005 |  -12.42 kcal/mol |  -13.49 +/-    0.22 kcal/mol |       4 |  -13.88 kcal/mol
         30 |       823343 |  -12.66 kcal/mol |  -13.50 +/-    0.24 kcal/mol |       9 |  -13.88 kcal/mol
         35 |       961760 |  -13.09 kcal/mol |  -13.98 +/-    0.09 kcal/mol |       5 |  -14.08 kcal/mol
         40 |      1101028 |  -13.72 kcal/mol |  -14.28 +/-    0.15 kcal/mol |       6 |  -14.57 kcal/mol
         45 |      1238998 |  -13.90 kcal/mol |  -14.29 +/-    0.17 kcal/mol |       9 |  -14.57 kcal/mol
         50 |      1375145 |  -14.00 kcal/mol |  -14.22 +/-    0.14 kcal/mol |      10 |  -14.57 kcal/mol
         55 |      1510845 |  -14.01 kcal/mol |  -14.44 +/-    0.15 kcal/mol |       8 |  -14.57 kcal/mol
         60 |      1645021 |  -14.15 kcal/mol |  -14.63 +/-    0.03 kcal/mol |       5 |  -14.69 kcal/mol
         65 |      1782387 |  -14.18 kcal/mol |  -14.58 +/-    0.19 kcal/mol |       4 |  -14.77 kcal/mol
         70 |      1918478 |  -13.88 kcal/mol |  -14.43 +/-    0.22 kcal/mol |       6 |  -14.77 kcal/mol
         75 |      2055600 |  -13.86 kcal/mol |  -14.51 +/-    0.23 kcal/mol |       4 |  -14.77 kcal/mol
         80 |      2191128 |  -13.64 kcal/mol |  -14.36 +/-    0.21 kcal/mol |      13 |  -14.77 kcal/mol
         85 |      2325764 |  -14.12 kcal/mol |  -14.72 +/-    0.03 kcal/mol |       5 |  -14.77 kcal/mol
         90 |      2462149 |  -14.27 kcal/mol |  -14.42 +/-    0.18 kcal/mol |      10 |  -14.77 kcal/mol
         92 |      2516474 |  -14.15 kcal/mol |  -14.71 +/-    0.08 kcal/mol |       5 |  -14.77 kcal/mol
------------+--------------+------------------+------------------------------+---------+-------------------

                                   Finished evaluation after reaching
                       2516474 evaluations. Best inter + intra   -14.77 kcal/mol.


Shutdown time 0.000676s

Job #1 took 1.386 sec after waiting 4.517 sec for setup

(Thread 0 is processing Job #1)
(Thread 0 is setting up Job #2)

Running Job #2:
    Device: NVIDIA A100-SXM4-40GB
    Grid map file: ./protein.maps.fld
    Ligand file: ./ligand_2_2.pdbqt
    Output file: docking_result_2.dlg (+ xml)
    Using heuristics: (capped) number of evaluations set to 2845257
    Overriding heuristics, setting number of evaluations to --nev = 2500000 instead.
    Local-search chosen method is: ADADELTA (ad)

Rest of Setup time 0.310887s

Executing docking runs, stopping automatically after either reaching 0.15 kcal/mol standard deviation of
the best molecules of the last 4 * 5 generations, 42000 generations, or 2500000 evaluations:

Generations |  Evaluations |     Threshold    |  Average energy of best 10%  | Samples | Best Inter + Intra
------------+--------------+------------------+------------------------------+---------+-------------------
          0 |          150 |   -1.30 kcal/mol |   -2.01 +/-    0.33 kcal/mol |       7 |   -2.82 kcal/mol
          5 |       114473 |   -1.30 kcal/mol |   -5.13 +/-    1.89 kcal/mol |    1031 |  -13.23 kcal/mol
         10 |       226006 |   -5.10 kcal/mol |  -10.08 +/-    1.13 kcal/mol |      42 |  -13.23 kcal/mol
         15 |       339992 |   -9.67 kcal/mol |  -12.49 +/-    0.45 kcal/mol |       4 |  -13.23 kcal/mol
         20 |       454589 |  -10.82 kcal/mol |  -12.35 +/-    0.40 kcal/mol |       8 |  -13.23 kcal/mol
         25 |       570951 |  -11.60 kcal/mol |  -12.69 +/-    0.29 kcal/mol |       5 |  -13.23 kcal/mol
         30 |       690201 |  -11.82 kcal/mol |  -12.91 +/-    0.28 kcal/mol |       7 |  -13.23 kcal/mol
         35 |       805551 |  -12.32 kcal/mol |  -13.06 +/-    0.12 kcal/mol |       4 |  -13.23 kcal/mol
         40 |       921427 |  -12.62 kcal/mol |  -13.35 +/-    0.24 kcal/mol |       4 |  -13.73 kcal/mol
         45 |      1037909 |  -12.46 kcal/mol |  -13.34 +/-    0.19 kcal/mol |       7 |  -13.73 kcal/mol
         50 |      1154039 |  -12.93 kcal/mol |  -13.43 +/-    0.17 kcal/mol |       5 |  -13.73 kcal/mol
         55 |      1269465 |  -12.93 kcal/mol |  -13.67 +/-    0.09 kcal/mol |       5 |  -13.74 kcal/mol
         60 |      1384913 |  -13.40 kcal/mol |  -13.77 +/-    0.03 kcal/mol |       2 |  -13.80 kcal/mol
         65 |      1502110 |  -12.64 kcal/mol |  -13.63 +/-    0.23 kcal/mol |       4 |  -13.81 kcal/mol
         70 |      1620904 |  -12.76 kcal/mol |  -13.63 +/-    0.23 kcal/mol |       4 |  -13.81 kcal/mol
         75 |      1738220 |  -12.77 kcal/mol |  -13.50 +/-    0.29 kcal/mol |       4 |  -13.81 kcal/mol
         80 |      1855732 |  -12.42 kcal/mol |  -13.51 +/-    0.29 kcal/mol |       8 |  -13.81 kcal/mol
         85 |      1974765 |  -12.97 kcal/mol |  -13.82 +/-    0.10 kcal/mol |      10 |  -13.99 kcal/mol
         90 |      2092588 |  -13.67 kcal/mol |  -13.97 +/-    0.09 kcal/mol |       6 |  -14.04 kcal/mol
         95 |      2213673 |  -13.73 kcal/mol |  -13.89 +/-    0.10 kcal/mol |       5 |  -14.04 kcal/mol
        100 |      2335265 |  -13.59 kcal/mol |  -13.87 +/-    0.11 kcal/mol |       7 |  -14.04 kcal/mol
        105 |      2452037 |  -13.62 kcal/mol |  -13.94 +/-    0.10 kcal/mol |       4 |  -14.04 kcal/mol
        108 |      2522610 |  -13.58 kcal/mol |  -13.96 +/-    0.10 kcal/mol |       9 |  -14.04 kcal/mol
------------+--------------+------------------+------------------------------+---------+-------------------

                                   Finished evaluation after reaching
                       2522610 evaluations. Best inter + intra   -14.04 kcal/mol.


Shutdown time 0.000648s

Job #2 took 1.472 sec after waiting 0.051 sec for setup

(Thread 0 is processing Job #2)
(Thread 0 is setting up Job #3)

Running Job #3:
    Device: NVIDIA A100-SXM4-40GB
    Grid map file: ./protein.maps.fld
    Ligand file: ./ligand_3_3.pdbqt
    Output file: docking_result_3.dlg (+ xml)
    Using heuristics: (capped) number of evaluations set to 2280181
    Local-search chosen method is: ADADELTA (ad)

Rest of Setup time 0.305683s

Executing docking runs, stopping automatically after either reaching 0.15 kcal/mol standard deviation of
the best molecules of the last 4 * 5 generations, 42000 generations, or 2280181 evaluations:

Generations |  Evaluations |     Threshold    |  Average energy of best 10%  | Samples | Best Inter + Intra
------------+--------------+------------------+------------------------------+---------+-------------------
          0 |          150 |   -1.63 kcal/mol |   -2.13 +/-    0.20 kcal/mol |       6 |   -2.44 kcal/mol
          5 |       109683 |   -1.63 kcal/mol |   -4.80 +/-    1.70 kcal/mol |     842 |  -11.53 kcal/mol
         10 |       220219 |   -4.77 kcal/mol |   -9.35 +/-    1.01 kcal/mol |      40 |  -11.77 kcal/mol
         15 |       334331 |   -8.97 kcal/mol |  -11.47 +/-    0.54 kcal/mol |       7 |  -12.43 kcal/mol
         20 |       451146 |  -10.31 kcal/mol |  -11.95 +/-    0.34 kcal/mol |       9 |  -12.44 kcal/mol
         25 |       568187 |  -11.39 kcal/mol |  -12.27 +/-    0.23 kcal/mol |       5 |  -12.64 kcal/mol
         30 |       684495 |  -11.58 kcal/mol |  -12.43 +/-    0.35 kcal/mol |       6 |  -12.90 kcal/mol
         35 |       800704 |  -11.55 kcal/mol |  -12.59 +/-    0.34 kcal/mol |       4 |  -12.96 kcal/mol
         40 |       916485 |  -11.31 kcal/mol |  -12.48 +/-    0.35 kcal/mol |       9 |  -12.96 kcal/mol
         45 |      1032887 |  -11.90 kcal/mol |  -13.04 +/-    0.18 kcal/mol |       6 |  -13.28 kcal/mol
         50 |      1149677 |  -12.59 kcal/mol |  -13.05 +/-    0.20 kcal/mol |       9 |  -13.35 kcal/mol
         55 |      1267974 |  -12.73 kcal/mol |  -13.08 +/-    0.26 kcal/mol |       5 |  -13.59 kcal/mol
         60 |      1384285 |  -12.30 kcal/mol |  -13.04 +/-    0.20 kcal/mol |      12 |  -13.59 kcal/mol
         65 |      1503465 |  -12.80 kcal/mol |  -13.22 +/-    0.24 kcal/mol |       4 |  -13.59 kcal/mol
         70 |      1623661 |  -12.31 kcal/mol |  -13.16 +/-    0.25 kcal/mol |      10 |  -13.66 kcal/mol
         75 |      1740784 |  -12.79 kcal/mol |  -13.29 +/-    0.20 kcal/mol |       5 |  -13.66 kcal/mol
         80 |      1858229 |  -12.68 kcal/mol |  -13.35 +/-    0.19 kcal/mol |       4 |  -13.66 kcal/mol
         85 |      1976224 |  -12.63 kcal/mol |  -13.40 +/-    0.20 kcal/mol |       5 |  -13.66 kcal/mol
         90 |      2094942 |  -12.79 kcal/mol |  -13.40 +/-    0.21 kcal/mol |       8 |  -13.66 kcal/mol
         95 |      2215179 |  -13.01 kcal/mol |  -13.28 +/-    0.15 kcal/mol |       8 |  -13.66 kcal/mol
         98 |      2287368 |  -13.00 kcal/mol |  -13.32 +/-    0.16 kcal/mol |      14 |  -13.66 kcal/mol
------------+--------------+------------------+------------------------------+---------+-------------------

                                   Finished evaluation after reaching
                       2287368 evaluations. Best inter + intra   -13.66 kcal/mol.


Shutdown time 0.000645s

Job #3 took 1.343 sec after waiting 0.047 sec for setup

(Thread 0 is processing Job #3)
Run time of entire job set (3 files): 8.861 sec
Savings from multithreading: -0.000 sec
Idle time of execution thread: 4.660 sec

All jobs (3) ran without errors.
