AutoDock-GPU version: v1.6-7-ga46ab564d2ac5f1a1523f65239b43505a1c29364-dirty

Running 1 docking calculation

Cuda device:                              NVIDIA A100-SXM4-40GB
Available memory on device:               39916 MB (total: 40339 MB)

CUDA Setup time 0.237310s
(Thread 0 is setting up Job #1)

Running Job #1
    Using heuristics: (capped) number of evaluations set to 2280181
    Local-search chosen method is: ADADELTA (ad)

Rest of Setup time 0.308141s

Executing docking runs, stopping automatically after either reaching 0.15 kcal/mol standard deviation of
the best molecules of the last 4 * 5 generations, 42000 generations, or 2280181 evaluations:

Generations |  Evaluations |     Threshold    |  Average energy of best 10%  | Samples | Best Inter + Intra
------------+--------------+------------------+------------------------------+---------+-------------------
          0 |          150 |   -1.79 kcal/mol |   -3.75 +/-    0.52 kcal/mol |       4 |   -4.44 kcal/mol
          5 |       122832 |   -1.79 kcal/mol |   -6.33 +/-    1.93 kcal/mol |    1030 |  -13.66 kcal/mol
         10 |       248039 |   -6.30 kcal/mol |  -11.24 +/-    1.09 kcal/mol |      51 |  -16.23 kcal/mol
         15 |       377540 |  -10.92 kcal/mol |  -13.86 +/-    1.05 kcal/mol |       8 |  -16.35 kcal/mol
         20 |       508293 |  -11.89 kcal/mol |  -14.71 +/-    0.99 kcal/mol |       4 |  -16.35 kcal/mol
         25 |       635795 |  -11.00 kcal/mol |  -14.34 +/-    0.87 kcal/mol |      12 |  -16.35 kcal/mol
         30 |       765543 |  -13.25 kcal/mol |  -15.43 +/-    0.92 kcal/mol |       4 |  -16.35 kcal/mol
         35 |       897222 |  -11.97 kcal/mol |  -14.37 +/-    0.66 kcal/mol |      11 |  -16.35 kcal/mol
         40 |      1027435 |  -13.48 kcal/mol |  -15.32 +/-    0.82 kcal/mol |       4 |  -16.35 kcal/mol
         45 |      1158636 |  -12.23 kcal/mol |  -15.26 +/-    0.82 kcal/mol |      16 |  -16.35 kcal/mol
         50 |      1291770 |  -14.49 kcal/mol |  -15.87 +/-    0.30 kcal/mol |       4 |  -16.35 kcal/mol
         55 |      1426498 |  -14.73 kcal/mol |  -15.84 +/-    0.24 kcal/mol |       6 |  -16.35 kcal/mol
         60 |      1557413 |  -15.23 kcal/mol |  -15.99 +/-    0.21 kcal/mol |       4 |  -16.35 kcal/mol
         65 |      1690361 |  -15.18 kcal/mol |  -15.85 +/-    0.27 kcal/mol |       5 |  -16.35 kcal/mol
         70 |      1822491 |  -15.02 kcal/mol |  -15.99 +/-    0.25 kcal/mol |       6 |  -16.35 kcal/mol
         75 |      1954820 |  -15.36 kcal/mol |  -15.95 +/-    0.25 kcal/mol |       4 |  -16.35 kcal/mol
         80 |      2089032 |  -15.02 kcal/mol |  -15.90 +/-    0.24 kcal/mol |      10 |  -16.35 kcal/mol
         85 |      2222521 |  -15.54 kcal/mol |  -16.09 +/-    0.16 kcal/mol |       4 |  -16.35 kcal/mol
         88 |      2303242 |  -15.50 kcal/mol |  -16.10 +/-    0.15 kcal/mol |       9 |  -16.35 kcal/mol
------------+--------------+------------------+------------------------------+---------+-------------------

                                   Finished evaluation after reaching
                       2303242 evaluations. Best inter + intra   -16.35 kcal/mol.


Shutdown time 0.000734s

Job #1 took 1.609 sec after waiting 4.480 sec for setup

(Thread 0 is processing Job #1)
Run time of entire job set (1 file): 6.153 sec
Processing time: 0.064 sec

All jobs (1) ran without errors.
