AutoDock-GPU version: v1.6-7-ga46ab564d2ac5f1a1523f65239b43505a1c29364-dirty

Running 1 docking calculation

Cuda device:                              NVIDIA A100-SXM4-40GB
Available memory on device:               36750 MB (total: 40339 MB)

CUDA Setup time 0.173012s
(Thread 0 is setting up Job #1)

Running Job #1
    Using heuristics: (capped) number of evaluations set to 7973093
    Overriding heuristics, setting number of evaluations to --nev = 2500000 instead.
    Warning: The set number of evals is 10.52% of the uncapped heuristics estimate of 23759450 evals.
             This means this docking may not be able to converge. Increasing --heurmax may improve
             convergence but will also increase runtime.
             AutoStop will not stop before 76.79% (1919714) of the set number of evaluations.
    Local-search chosen method is: ADADELTA (ad)

Rest of Setup time 0.322602s

Executing docking runs, stopping automatically after either reaching 0.15 kcal/mol standard deviation of
the best molecules of the last 4 * 5 generations, 42000 generations, or 2500000 evaluations:

Generations |  Evaluations |     Threshold    |  Average energy of best 10%  | Samples | Best Inter + Intra
------------+--------------+------------------+------------------------------+---------+-------------------
          0 |          150 |  335.38 kcal/mol |  149.23 +/-   49.64 kcal/mol |       4 |  111.43 kcal/mol
          5 |       111665 |  335.38 kcal/mol |   16.39 +/-   38.68 kcal/mol |    1047 |   -9.86 kcal/mol
         10 |       217527 |   16.95 kcal/mol |  -10.14 +/-    0.88 kcal/mol |       6 |  -12.09 kcal/mol
         15 |       322927 |   -7.95 kcal/mol |  -10.95 +/-    1.02 kcal/mol |      13 |  -12.45 kcal/mol
         20 |       431513 |   -9.78 kcal/mol |  -13.27 +/-    1.08 kcal/mol |       4 |  -15.03 kcal/mol
         25 |       537196 |   -9.22 kcal/mol |  -12.49 +/-    1.14 kcal/mol |       7 |  -15.03 kcal/mol
         30 |       642309 |  -10.04 kcal/mol |  -13.27 +/-    0.98 kcal/mol |       9 |  -15.03 kcal/mol
         35 |       745984 |  -11.63 kcal/mol |  -13.49 +/-    0.90 kcal/mol |       4 |  -15.03 kcal/mol
         40 |       849360 |  -10.11 kcal/mol |  -13.00 +/-    0.90 kcal/mol |      16 |  -15.03 kcal/mol
         45 |       950671 |  -12.16 kcal/mol |  -15.02 +/-    0.26 kcal/mol |       4 |  -15.23 kcal/mol
         50 |      1048552 |  -14.06 kcal/mol |  -15.61 +/-    0.38 kcal/mol |       5 |  -16.19 kcal/mol
         55 |      1143044 |  -14.48 kcal/mol |  -16.05 +/-    0.14 kcal/mol |       2 |  -16.19 kcal/mol
         60 |      1233566 |  -15.00 kcal/mol |  -15.82 +/-    0.34 kcal/mol |       3 |  -16.19 kcal/mol
         65 |      1324369 |  -14.13 kcal/mol |  -16.05 +/-    0.14 kcal/mol |       2 |  -16.19 kcal/mol
         70 |      1415451 |  -15.00 kcal/mol |  -15.86 +/-    0.27 kcal/mol |       4 |  -16.19 kcal/mol
         75 |      1503757 |  -14.84 kcal/mol |  -15.64 +/-    0.44 kcal/mol |       4 |  -16.19 kcal/mol
         80 |      1592978 |  -13.98 kcal/mol |  -15.72 +/-    0.37 kcal/mol |       5 |  -16.19 kcal/mol
         85 |      1683428 |  -14.60 kcal/mol |  -15.74 +/-    0.32 kcal/mol |       4 |  -16.19 kcal/mol
         90 |      1770357 |  -14.53 kcal/mol |  -15.86 +/-    0.27 kcal/mol |       4 |  -16.19 kcal/mol
         95 |      1858260 |  -14.84 kcal/mol |  -15.64 +/-    0.45 kcal/mol |       4 |  -16.19 kcal/mol
        100 |      1946009 |  -13.96 kcal/mol |  -15.78 +/-    0.40 kcal/mol |       5 |  -16.19 kcal/mol
        105 |      2031977 |  -14.57 kcal/mol |  -15.81 +/-    0.48 kcal/mol |       5 |  -16.56 kcal/mol
        110 |      2118024 |  -14.38 kcal/mol |  -15.84 +/-    0.46 kcal/mol |       5 |  -16.56 kcal/mol
        115 |      2206646 |  -14.47 kcal/mol |  -15.71 +/-    0.76 kcal/mol |       4 |  -16.56 kcal/mol
        120 |      2294657 |  -12.87 kcal/mol |  -15.51 +/-    0.66 kcal/mol |      12 |  -16.56 kcal/mol
        125 |      2380114 |  -14.69 kcal/mol |  -15.96 +/-    0.43 kcal/mol |       4 |  -16.56 kcal/mol
        130 |      2466114 |  -14.35 kcal/mol |  -16.11 +/-    0.39 kcal/mol |       7 |  -16.56 kcal/mol
        132 |      2500586 |  -15.29 kcal/mol |  -16.17 +/-    0.37 kcal/mol |       9 |  -16.56 kcal/mol
------------+--------------+------------------+------------------------------+---------+-------------------

                                   Finished evaluation after reaching
                       2500586 evaluations. Best inter + intra   -16.56 kcal/mol.


Shutdown time 0.000665s

Job #1 took 3.710 sec after waiting 4.491 sec for setup

(Thread 0 is processing Job #1)
Run time of entire job set (1 file): 8.279 sec
Processing time: 0.079 sec

All jobs (1) ran without errors.
