AutoDock-GPU version: v1.6-7-ga46ab564d2ac5f1a1523f65239b43505a1c29364-dirty

Using 1 OpenMP threads

Running 3 docking calculations

Cuda device:                              NVIDIA A100-SXM4-40GB
Available memory on device:               39916 MB (total: 40339 MB)

CUDA Setup time 0.233607s
(Thread 0 is setting up Job #1)

Running Job #1:
    Device: NVIDIA A100-SXM4-40GB
    Grid map file: ./protein.maps.fld
    Ligand file: ./ligand_1_1.pdbqt
    Output file: docking_result_1.dlg (+ xml)
    Using heuristics: (capped) number of evaluations set to 2068966
    Local-search chosen method is: ADADELTA (ad)

Rest of Setup time 0.308220s

Executing docking runs, stopping automatically after either reaching 0.15 kcal/mol standard deviation of
the best molecules of the last 4 * 5 generations, 42000 generations, or 2068966 evaluations:

Generations |  Evaluations |     Threshold    |  Average energy of best 10%  | Samples | Best Inter + Intra
------------+--------------+------------------+------------------------------+---------+-------------------
          0 |          150 |   -1.57 kcal/mol |   -2.57 +/-    0.27 kcal/mol |       4 |   -2.83 kcal/mol
          5 |       136485 |   -1.57 kcal/mol |   -4.52 +/-    1.47 kcal/mol |     955 |  -10.31 kcal/mol
         10 |       270031 |   -4.49 kcal/mol |   -8.40 +/-    0.75 kcal/mol |      47 |  -10.31 kcal/mol
         15 |       404371 |   -8.16 kcal/mol |  -10.74 +/-    0.58 kcal/mol |       9 |  -11.56 kcal/mol
         20 |       537063 |   -9.77 kcal/mol |  -11.47 +/-    0.24 kcal/mol |       5 |  -11.74 kcal/mol
         25 |       667810 |  -10.75 kcal/mol |  -11.66 +/-    0.15 kcal/mol |       5 |  -11.74 kcal/mol
         30 |       798859 |  -11.21 kcal/mol |  -11.53 +/-    0.15 kcal/mol |       9 |  -11.74 kcal/mol
         35 |       927909 |  -11.28 kcal/mol |  -11.55 +/-    0.15 kcal/mol |       6 |  -11.74 kcal/mol
         40 |      1057244 |  -11.16 kcal/mol |  -11.51 +/-    0.15 kcal/mol |      11 |  -11.75 kcal/mol
         45 |      1183753 |  -11.30 kcal/mol |  -11.74 +/-    0.00 kcal/mol |       5 |  -11.75 kcal/mol
         50 |      1313163 |  -11.29 kcal/mol |  -11.51 +/-    0.14 kcal/mol |      24 |  -11.75 kcal/mol
         55 |      1441861 |  -11.43 kcal/mol |  -11.70 +/-    0.09 kcal/mol |      12 |  -11.75 kcal/mol
         60 |      1567517 |  -11.59 kcal/mol |  -11.72 +/-    0.05 kcal/mol |       6 |  -11.75 kcal/mol
------------+--------------+------------------+------------------------------+---------+-------------------

                                   Finished evaluation after reaching
                                  -11.61 +/-    0.15 kcal/mol combined.
                             47 samples, best inter + intra   -11.75 kcal/mol.


Shutdown time 0.000678s

Job #1 took 0.760 sec after waiting 4.465 sec for setup

(Thread 0 is processing Job #1)
(Thread 0 is setting up Job #2)

Running Job #2:
    Device: NVIDIA A100-SXM4-40GB
    Grid map file: ./protein.maps.fld
    Ligand file: ./ligand_2_2.pdbqt
    Output file: docking_result_2.dlg (+ xml)
    Using heuristics: (capped) number of evaluations set to 2280181
    Local-search chosen method is: ADADELTA (ad)

Rest of Setup time 0.305128s

Executing docking runs, stopping automatically after either reaching 0.15 kcal/mol standard deviation of
the best molecules of the last 4 * 5 generations, 42000 generations, or 2280181 evaluations:

Generations |  Evaluations |     Threshold    |  Average energy of best 10%  | Samples | Best Inter + Intra
------------+--------------+------------------+------------------------------+---------+-------------------
          0 |          150 |   -1.71 kcal/mol |   -2.33 +/-    0.17 kcal/mol |       4 |   -2.59 kcal/mol
          5 |       125523 |   -1.71 kcal/mol |   -4.64 +/-    1.51 kcal/mol |     855 |  -10.02 kcal/mol
         10 |       248056 |   -4.61 kcal/mol |   -8.55 +/-    0.70 kcal/mol |      40 |  -10.55 kcal/mol
         15 |       376343 |   -8.29 kcal/mol |  -10.24 +/-    0.27 kcal/mol |       8 |  -10.56 kcal/mol
         20 |       501003 |   -9.73 kcal/mol |  -10.89 +/-    0.67 kcal/mol |       7 |  -12.47 kcal/mol
         25 |       625194 |   -9.46 kcal/mol |  -11.25 +/-    0.63 kcal/mol |       5 |  -12.51 kcal/mol
         30 |       751056 |   -9.35 kcal/mol |  -11.26 +/-    0.72 kcal/mol |      13 |  -12.59 kcal/mol
         35 |       876766 |  -10.43 kcal/mol |  -11.94 +/-    0.51 kcal/mol |       4 |  -12.59 kcal/mol
         40 |      1001275 |  -10.03 kcal/mol |  -11.49 +/-    0.36 kcal/mol |      12 |  -12.59 kcal/mol
         45 |      1126491 |  -11.05 kcal/mol |  -12.11 +/-    0.42 kcal/mol |       4 |  -12.59 kcal/mol
         50 |      1249294 |  -10.53 kcal/mol |  -11.68 +/-    0.31 kcal/mol |      11 |  -12.59 kcal/mol
         55 |      1372414 |  -11.26 kcal/mol |  -11.94 +/-    0.38 kcal/mol |       4 |  -12.59 kcal/mol
         60 |      1494324 |  -10.52 kcal/mol |  -11.54 +/-    0.31 kcal/mol |      15 |  -12.59 kcal/mol
         65 |      1620186 |  -11.23 kcal/mol |  -11.91 +/-    0.41 kcal/mol |       4 |  -12.59 kcal/mol
         70 |      1743752 |  -10.37 kcal/mol |  -11.70 +/-    0.34 kcal/mol |      12 |  -12.59 kcal/mol
         75 |      1869314 |  -11.28 kcal/mol |  -12.18 +/-    0.40 kcal/mol |       4 |  -12.59 kcal/mol
         80 |      1994362 |  -10.69 kcal/mol |  -11.81 +/-    0.33 kcal/mol |      14 |  -12.59 kcal/mol
         85 |      2118568 |  -11.45 kcal/mol |  -12.40 +/-    0.32 kcal/mol |       4 |  -12.61 kcal/mol
         90 |      2242858 |  -11.20 kcal/mol |  -12.33 +/-    0.31 kcal/mol |       4 |  -12.61 kcal/mol
         92 |      2293184 |  -11.18 kcal/mol |  -12.23 +/-    0.35 kcal/mol |       7 |  -12.61 kcal/mol
------------+--------------+------------------+------------------------------+---------+-------------------

                                   Finished evaluation after reaching
                       2293184 evaluations. Best inter + intra   -12.61 kcal/mol.


Shutdown time 0.000693s

Job #2 took 1.094 sec after waiting 0.027 sec for setup

(Thread 0 is processing Job #2)
(Thread 0 is setting up Job #3)

Running Job #3:
    Device: NVIDIA A100-SXM4-40GB
    Grid map file: ./protein.maps.fld
    Ligand file: ./ligand_3_3.pdbqt
    Output file: docking_result_3.dlg (+ xml)
    Using heuristics: (capped) number of evaluations set to 2068966
    Local-search chosen method is: ADADELTA (ad)

Rest of Setup time 0.306396s

Executing docking runs, stopping automatically after either reaching 0.15 kcal/mol standard deviation of
the best molecules of the last 4 * 5 generations, 42000 generations, or 2068966 evaluations:

Generations |  Evaluations |     Threshold    |  Average energy of best 10%  | Samples | Best Inter + Intra
------------+--------------+------------------+------------------------------+---------+-------------------
          0 |          150 |   -1.60 kcal/mol |   -2.16 +/-    0.03 kcal/mol |       4 |   -2.19 kcal/mol
          5 |       132233 |   -1.60 kcal/mol |   -4.45 +/-    1.47 kcal/mol |     886 |  -10.85 kcal/mol
         10 |       263810 |   -4.43 kcal/mol |   -8.62 +/-    1.03 kcal/mol |      45 |  -10.86 kcal/mol
         15 |       396971 |   -8.28 kcal/mol |  -10.61 +/-    0.23 kcal/mol |       7 |  -10.90 kcal/mol
         20 |       527471 |  -10.11 kcal/mol |  -10.88 +/-    0.24 kcal/mol |       7 |  -11.37 kcal/mol
         25 |       658673 |  -10.37 kcal/mol |  -11.15 +/-    0.24 kcal/mol |       6 |  -11.39 kcal/mol
         30 |       789895 |  -10.54 kcal/mol |  -10.82 +/-    0.24 kcal/mol |      10 |  -11.48 kcal/mol
         35 |       921077 |  -10.46 kcal/mol |  -11.10 +/-    0.27 kcal/mol |       4 |  -11.50 kcal/mol
         40 |      1050128 |  -10.08 kcal/mol |  -10.86 +/-    0.24 kcal/mol |      17 |  -11.50 kcal/mol
         45 |      1178365 |  -10.65 kcal/mol |  -11.12 +/-    0.20 kcal/mol |      11 |  -11.50 kcal/mol
         50 |      1306542 |  -10.85 kcal/mol |  -11.32 +/-    0.11 kcal/mol |       7 |  -11.50 kcal/mol
         55 |      1437536 |  -11.08 kcal/mol |  -11.37 +/-    0.07 kcal/mol |       8 |  -11.50 kcal/mol
         60 |      1565748 |  -11.09 kcal/mol |  -11.35 +/-    0.07 kcal/mol |       6 |  -11.50 kcal/mol
         65 |      1695731 |  -10.98 kcal/mol |  -11.19 +/-    0.17 kcal/mol |      15 |  -11.50 kcal/mol
------------+--------------+------------------+------------------------------+---------+-------------------

                                   Finished evaluation after reaching
                                  -11.28 +/-    0.15 kcal/mol combined.
                             36 samples, best inter + intra   -11.50 kcal/mol.


Shutdown time 0.000646s

Job #3 took 0.773 sec after waiting 0.033 sec for setup

(Thread 0 is processing Job #3)
Run time of entire job set (3 files): 7.179 sec
Savings from multithreading: -0.000 sec
Idle time of execution thread: 4.552 sec

All jobs (3) ran without errors.
