AutoDock-GPU version: v1.6-7-ga46ab564d2ac5f1a1523f65239b43505a1c29364-dirty

Using 1 OpenMP threads

Running 8 docking calculations

Cuda device:                              NVIDIA A100-SXM4-40GB
Available memory on device:               39916 MB (total: 40339 MB)

CUDA Setup time 0.233648s
(Thread 0 is setting up Job #1)

Running Job #1:
    Device: NVIDIA A100-SXM4-40GB
    Grid map file: ./protein.maps.fld
    Ligand file: ./ligand_1_1.pdbqt
    Output file: docking_result_1.dlg (+ xml)
    Using heuristics: (capped) number of evaluations set to 2845257
    Overriding heuristics, setting number of evaluations to --nev = 2500000 instead.
    Local-search chosen method is: ADADELTA (ad)

Rest of Setup time 0.070296s

Executing docking runs, stopping automatically after either reaching 0.15 kcal/mol standard deviation of
the best molecules of the last 4 * 5 generations, 42000 generations, or 2500000 evaluations:

Generations |  Evaluations |     Threshold    |  Average energy of best 10%  | Samples | Best Inter + Intra
------------+--------------+------------------+------------------------------+---------+-------------------
          0 |          150 |   -2.05 kcal/mol |   -2.35 +/-    0.20 kcal/mol |      10 |   -2.79 kcal/mol
          5 |        90921 |   -2.05 kcal/mol |   -5.71 +/-    1.68 kcal/mol |     783 |  -13.46 kcal/mol
         10 |       193946 |   -5.67 kcal/mol |  -10.22 +/-    1.00 kcal/mol |      49 |  -13.57 kcal/mol
         15 |       307581 |   -9.92 kcal/mol |  -12.95 +/-    0.59 kcal/mol |       7 |  -13.57 kcal/mol
         20 |       432060 |  -11.69 kcal/mol |  -13.34 +/-    0.21 kcal/mol |       6 |  -13.57 kcal/mol
         25 |       559511 |  -12.81 kcal/mol |  -13.58 +/-    0.16 kcal/mol |       4 |  -13.74 kcal/mol
         30 |       689641 |  -12.97 kcal/mol |  -13.60 +/-    0.13 kcal/mol |       5 |  -13.74 kcal/mol
         35 |       820461 |  -13.20 kcal/mol |  -13.78 +/-    0.22 kcal/mol |       4 |  -14.13 kcal/mol
         40 |       948277 |  -12.96 kcal/mol |  -13.74 +/-    0.27 kcal/mol |       4 |  -14.13 kcal/mol
         45 |      1078191 |  -12.75 kcal/mol |  -13.77 +/-    0.21 kcal/mol |      11 |  -14.13 kcal/mol
         50 |      1206892 |  -13.49 kcal/mol |  -13.79 +/-    0.16 kcal/mol |       9 |  -14.13 kcal/mol
         55 |      1336674 |  -13.52 kcal/mol |  -13.89 +/-    0.17 kcal/mol |      11 |  -14.13 kcal/mol
         60 |      1466359 |  -13.65 kcal/mol |  -13.89 +/-    0.14 kcal/mol |       5 |  -14.13 kcal/mol
         65 |      1597852 |  -13.47 kcal/mol |  -13.90 +/-    0.15 kcal/mol |       5 |  -14.14 kcal/mol
         70 |      1728556 |  -13.47 kcal/mol |  -13.87 +/-    0.16 kcal/mol |       5 |  -14.14 kcal/mol
         75 |      1858664 |  -13.40 kcal/mol |  -13.90 +/-    0.14 kcal/mol |       5 |  -14.14 kcal/mol
------------+--------------+------------------+------------------------------+---------+-------------------

                                   Finished evaluation after reaching
                                  -13.89 +/-    0.15 kcal/mol combined.
                             20 samples, best inter + intra   -14.14 kcal/mol.


Shutdown time 0.000651s

Job #1 took 0.990 sec after waiting 1.191 sec for setup

(Thread 0 is processing Job #1)
(Thread 0 is setting up Job #2)

Running Job #2:
    Device: NVIDIA A100-SXM4-40GB
    Grid map file: ./protein.maps.fld
    Ligand file: ./ligand_2_2.pdbqt
    Output file: docking_result_2.dlg (+ xml)
    Using heuristics: (capped) number of evaluations set to 2845257
    Overriding heuristics, setting number of evaluations to --nev = 2500000 instead.
    Local-search chosen method is: ADADELTA (ad)

Rest of Setup time 0.068735s

Executing docking runs, stopping automatically after either reaching 0.15 kcal/mol standard deviation of
the best molecules of the last 4 * 5 generations, 42000 generations, or 2500000 evaluations:

Generations |  Evaluations |     Threshold    |  Average energy of best 10%  | Samples | Best Inter + Intra
------------+--------------+------------------+------------------------------+---------+-------------------
          0 |          150 |   -1.88 kcal/mol |   -2.59 +/-    0.19 kcal/mol |       4 |   -2.92 kcal/mol
          5 |        89211 |   -1.88 kcal/mol |   -5.66 +/-    1.73 kcal/mol |     777 |  -10.54 kcal/mol
         10 |       193234 |   -5.62 kcal/mol |  -10.03 +/-    0.60 kcal/mol |      49 |  -11.14 kcal/mol
         15 |       306487 |   -9.84 kcal/mol |  -11.39 +/-    0.29 kcal/mol |       7 |  -11.86 kcal/mol
         20 |       427162 |  -10.77 kcal/mol |  -11.78 +/-    0.26 kcal/mol |       8 |  -12.13 kcal/mol
         25 |       554526 |  -11.29 kcal/mol |  -12.14 +/-    0.41 kcal/mol |       4 |  -12.84 kcal/mol
         30 |       684988 |  -10.61 kcal/mol |  -11.96 +/-    0.43 kcal/mol |      15 |  -12.84 kcal/mol
         35 |       813861 |  -11.54 kcal/mol |  -12.21 +/-    0.40 kcal/mol |       4 |  -12.85 kcal/mol
         40 |       945140 |  -10.73 kcal/mol |  -11.99 +/-    0.43 kcal/mol |      17 |  -12.86 kcal/mol
         45 |      1078051 |  -11.61 kcal/mol |  -12.45 +/-    0.24 kcal/mol |       4 |  -12.86 kcal/mol
         50 |      1210218 |  -11.53 kcal/mol |  -12.35 +/-    0.27 kcal/mol |       5 |  -12.86 kcal/mol
         55 |      1341466 |  -11.55 kcal/mol |  -12.32 +/-    0.22 kcal/mol |       8 |  -12.86 kcal/mol
         60 |      1471005 |  -11.91 kcal/mol |  -12.47 +/-    0.24 kcal/mol |       4 |  -12.86 kcal/mol
         65 |      1603457 |  -11.59 kcal/mol |  -12.56 +/-    0.19 kcal/mol |       4 |  -12.86 kcal/mol
         70 |      1734288 |  -11.87 kcal/mol |  -12.66 +/-    0.21 kcal/mol |       4 |  -12.86 kcal/mol
         75 |      1863713 |  -11.87 kcal/mol |  -12.48 +/-    0.26 kcal/mol |       4 |  -12.86 kcal/mol
         80 |      1992145 |  -11.50 kcal/mol |  -12.60 +/-    0.25 kcal/mol |       9 |  -12.86 kcal/mol
         85 |      2119382 |  -12.18 kcal/mol |  -12.57 +/-    0.18 kcal/mol |       8 |  -12.86 kcal/mol
         90 |      2245327 |  -12.23 kcal/mol |  -12.66 +/-    0.21 kcal/mol |       4 |  -12.86 kcal/mol
         95 |      2373952 |  -11.87 kcal/mol |  -12.54 +/-    0.20 kcal/mol |       9 |  -12.86 kcal/mol
        100 |      2502096 |  -12.20 kcal/mol |  -12.48 +/-    0.19 kcal/mol |      20 |  -12.86 kcal/mol
------------+--------------+------------------+------------------------------+---------+-------------------

                                   Finished evaluation after reaching
                       2502096 evaluations. Best inter + intra   -12.86 kcal/mol.


Shutdown time 0.000668s

Job #2 took 1.211 sec after waiting 0.053 sec for setup

(Thread 0 is processing Job #2)
(Thread 0 is setting up Job #3)

Running Job #3:
    Device: NVIDIA A100-SXM4-40GB
    Grid map file: ./protein.maps.fld
    Ligand file: ./ligand_3_3.pdbqt
    Output file: docking_result_3.dlg (+ xml)
    Using heuristics: (capped) number of evaluations set to 2845257
    Overriding heuristics, setting number of evaluations to --nev = 2500000 instead.
    Local-search chosen method is: ADADELTA (ad)

Rest of Setup time 0.068400s

Executing docking runs, stopping automatically after either reaching 0.15 kcal/mol standard deviation of
the best molecules of the last 4 * 5 generations, 42000 generations, or 2500000 evaluations:

Generations |  Evaluations |     Threshold    |  Average energy of best 10%  | Samples | Best Inter + Intra
------------+--------------+------------------+------------------------------+---------+-------------------
          0 |          150 |   -1.78 kcal/mol |   -2.76 +/-    0.31 kcal/mol |       6 |   -3.38 kcal/mol
          5 |        90512 |   -1.98 kcal/mol |   -5.64 +/-    1.79 kcal/mol |     722 |  -13.39 kcal/mol
         10 |       195954 |   -5.60 kcal/mol |  -10.21 +/-    0.83 kcal/mol |      38 |  -13.39 kcal/mol
         15 |       311590 |   -9.88 kcal/mol |  -12.37 +/-    0.56 kcal/mol |       5 |  -13.39 kcal/mol
         20 |       433042 |  -10.69 kcal/mol |  -12.57 +/-    0.42 kcal/mol |       8 |  -13.39 kcal/mol
         25 |       561524 |  -11.79 kcal/mol |  -12.61 +/-    0.52 kcal/mol |       4 |  -13.41 kcal/mol
         30 |       693738 |  -10.67 kcal/mol |  -12.21 +/-    0.49 kcal/mol |      14 |  -13.41 kcal/mol
         35 |       824916 |  -11.69 kcal/mol |  -12.80 +/-    0.36 kcal/mol |       5 |  -13.42 kcal/mol
         40 |       956087 |  -11.73 kcal/mol |  -13.00 +/-    0.39 kcal/mol |      10 |  -13.42 kcal/mol
         45 |      1088080 |  -12.42 kcal/mol |  -13.23 +/-    0.20 kcal/mol |       5 |  -13.42 kcal/mol
         50 |      1217371 |  -12.63 kcal/mol |  -13.23 +/-    0.20 kcal/mol |       4 |  -13.42 kcal/mol
         55 |      1349551 |  -12.49 kcal/mol |  -13.17 +/-    0.32 kcal/mol |       4 |  -13.42 kcal/mol
         60 |      1479001 |  -11.99 kcal/mol |  -13.03 +/-    0.39 kcal/mol |       8 |  -13.58 kcal/mol
         65 |      1612184 |  -12.29 kcal/mol |  -13.24 +/-    0.37 kcal/mol |       4 |  -13.58 kcal/mol
         70 |      1746558 |  -11.86 kcal/mol |  -13.07 +/-    0.38 kcal/mol |       5 |  -13.62 kcal/mol
         75 |      1879957 |  -11.92 kcal/mol |  -13.32 +/-    0.32 kcal/mol |       4 |  -13.62 kcal/mol
         80 |      2011437 |  -12.14 kcal/mol |  -13.12 +/-    0.33 kcal/mol |       4 |  -13.62 kcal/mol
         85 |      2142538 |  -11.89 kcal/mol |  -12.98 +/-    0.34 kcal/mol |       9 |  -13.62 kcal/mol
         90 |      2273346 |  -12.42 kcal/mol |  -13.21 +/-    0.29 kcal/mol |       4 |  -13.62 kcal/mol
         95 |      2404307 |  -12.13 kcal/mol |  -13.12 +/-    0.28 kcal/mol |       5 |  -13.62 kcal/mol
         99 |      2508498 |  -12.27 kcal/mol |  -13.21 +/-    0.29 kcal/mol |      11 |  -13.62 kcal/mol
------------+--------------+------------------+------------------------------+---------+-------------------

                                   Finished evaluation after reaching
                       2508498 evaluations. Best inter + intra   -13.62 kcal/mol.


Shutdown time 0.000654s

Job #3 took 1.239 sec after waiting 0.047 sec for setup

(Thread 0 is processing Job #3)
(Thread 0 is setting up Job #4)

Running Job #4:
    Device: NVIDIA A100-SXM4-40GB
    Grid map file: ./protein.maps.fld
    Ligand file: ./ligand_4_4.pdbqt
    Output file: docking_result_4.dlg (+ xml)
    Using heuristics: (capped) number of evaluations set to 2845257
    Overriding heuristics, setting number of evaluations to --nev = 2500000 instead.
    Local-search chosen method is: ADADELTA (ad)

Rest of Setup time 0.068280s

Executing docking runs, stopping automatically after either reaching 0.15 kcal/mol standard deviation of
the best molecules of the last 4 * 5 generations, 42000 generations, or 2500000 evaluations:

Generations |  Evaluations |     Threshold    |  Average energy of best 10%  | Samples | Best Inter + Intra
------------+--------------+------------------+------------------------------+---------+-------------------
          0 |          150 |   -2.13 kcal/mol |   -3.09 +/-    0.47 kcal/mol |       4 |   -3.75 kcal/mol
          5 |        87585 |   -1.33 kcal/mol |   -5.77 +/-    1.85 kcal/mol |     758 |  -12.11 kcal/mol
         10 |       187667 |   -5.73 kcal/mol |  -10.31 +/-    0.78 kcal/mol |      40 |  -12.18 kcal/mol
         15 |       298689 |  -10.01 kcal/mol |  -11.87 +/-    0.23 kcal/mol |       8 |  -12.19 kcal/mol
         20 |       417749 |  -11.43 kcal/mol |  -12.07 +/-    0.21 kcal/mol |       4 |  -12.31 kcal/mol
         25 |       541128 |  -11.29 kcal/mol |  -12.13 +/-    0.18 kcal/mol |      11 |  -12.31 kcal/mol
         30 |       668177 |  -11.88 kcal/mol |  -12.20 +/-    0.12 kcal/mol |      10 |  -12.32 kcal/mol
         35 |       794525 |  -12.02 kcal/mol |  -12.28 +/-    0.12 kcal/mol |       7 |  -12.42 kcal/mol
         40 |       920401 |  -12.02 kcal/mol |  -12.30 +/-    0.08 kcal/mol |      12 |  -12.42 kcal/mol
         45 |      1048212 |  -12.20 kcal/mol |  -12.35 +/-    0.10 kcal/mol |      10 |  -12.59 kcal/mol
         50 |      1176301 |  -12.19 kcal/mol |  -12.36 +/-    0.10 kcal/mol |      10 |  -12.59 kcal/mol
         55 |      1303607 |  -12.21 kcal/mol |  -12.35 +/-    0.09 kcal/mol |      14 |  -12.59 kcal/mol
         60 |      1431333 |  -12.25 kcal/mol |  -12.40 +/-    0.10 kcal/mol |       9 |  -12.59 kcal/mol
------------+--------------+------------------+------------------------------+---------+-------------------

                                   Finished evaluation after reaching
                                  -12.36 +/-    0.10 kcal/mol combined.
                             43 samples, best inter + intra   -12.59 kcal/mol.


Shutdown time 0.000642s

Job #4 took 0.748 sec after waiting 0.049 sec for setup

(Thread 0 is processing Job #4)
(Thread 0 is setting up Job #5)

Running Job #5:
    Device: NVIDIA A100-SXM4-40GB
    Grid map file: ./protein.maps.fld
    Ligand file: ./ligand_5_5.pdbqt
    Output file: docking_result_5.dlg (+ xml)
    Using heuristics: (capped) number of evaluations set to 2845257
    Overriding heuristics, setting number of evaluations to --nev = 2500000 instead.
    Local-search chosen method is: ADADELTA (ad)

Rest of Setup time 0.068721s

Executing docking runs, stopping automatically after either reaching 0.15 kcal/mol standard deviation of
the best molecules of the last 4 * 5 generations, 42000 generations, or 2500000 evaluations:

Generations |  Evaluations |     Threshold    |  Average energy of best 10%  | Samples | Best Inter + Intra
------------+--------------+------------------+------------------------------+---------+-------------------
          0 |          150 |   -2.10 kcal/mol |   -2.65 +/-    0.15 kcal/mol |       4 |   -2.82 kcal/mol
          5 |        88353 |   -2.10 kcal/mol |   -5.71 +/-    1.74 kcal/mol |     735 |  -11.31 kcal/mol
         10 |       184891 |   -5.67 kcal/mol |   -9.97 +/-    0.83 kcal/mol |      49 |  -12.00 kcal/mol
         15 |       291617 |   -9.72 kcal/mol |  -11.82 +/-    0.36 kcal/mol |       9 |  -12.41 kcal/mol
         20 |       402275 |  -11.22 kcal/mol |  -12.44 +/-    0.15 kcal/mol |       9 |  -12.62 kcal/mol
         25 |       519419 |  -12.18 kcal/mol |  -12.51 +/-    0.19 kcal/mol |       4 |  -12.73 kcal/mol
         30 |       640740 |  -11.82 kcal/mol |  -12.39 +/-    0.18 kcal/mol |       9 |  -12.73 kcal/mol
         35 |       763082 |  -12.09 kcal/mol |  -12.70 +/-    0.18 kcal/mol |       4 |  -12.90 kcal/mol
         40 |       886430 |  -12.04 kcal/mol |  -12.68 +/-    0.19 kcal/mol |      17 |  -13.02 kcal/mol
         45 |      1010724 |  -12.51 kcal/mol |  -12.80 +/-    0.15 kcal/mol |      14 |  -13.05 kcal/mol
         50 |      1133421 |  -12.64 kcal/mol |  -12.79 +/-    0.11 kcal/mol |      12 |  -13.05 kcal/mol
         55 |      1257602 |  -12.65 kcal/mol |  -12.78 +/-    0.09 kcal/mol |      10 |  -13.05 kcal/mol
         60 |      1379428 |  -12.64 kcal/mol |  -12.79 +/-    0.11 kcal/mol |      11 |  -13.05 kcal/mol
------------+--------------+------------------+------------------------------+---------+-------------------

                                   Finished evaluation after reaching
                                  -12.79 +/-    0.12 kcal/mol combined.
                             47 samples, best inter + intra   -13.05 kcal/mol.


Shutdown time 0.000677s

Job #5 took 0.715 sec after waiting 0.049 sec for setup

(Thread 0 is processing Job #5)
(Thread 0 is setting up Job #6)

Running Job #6:
    Device: NVIDIA A100-SXM4-40GB
    Grid map file: ./protein.maps.fld
    Ligand file: ./ligand_6_6.pdbqt
    Output file: docking_result_6.dlg (+ xml)
    Using heuristics: (capped) number of evaluations set to 2845257
    Overriding heuristics, setting number of evaluations to --nev = 2500000 instead.
    Local-search chosen method is: ADADELTA (ad)

Rest of Setup time 0.068271s

Executing docking runs, stopping automatically after either reaching 0.15 kcal/mol standard deviation of
the best molecules of the last 4 * 5 generations, 42000 generations, or 2500000 evaluations:

Generations |  Evaluations |     Threshold    |  Average energy of best 10%  | Samples | Best Inter + Intra
------------+--------------+------------------+------------------------------+---------+-------------------
          0 |          150 |   -2.23 kcal/mol |   -2.60 +/-    0.15 kcal/mol |       6 |   -2.81 kcal/mol
          5 |        86990 |   -2.23 kcal/mol |   -5.76 +/-    1.85 kcal/mol |     653 |  -11.62 kcal/mol
         10 |       183208 |   -5.71 kcal/mol |  -10.57 +/-    0.95 kcal/mol |      42 |  -12.60 kcal/mol
         15 |       292664 |  -10.23 kcal/mol |  -12.53 +/-    0.35 kcal/mol |       5 |  -13.14 kcal/mol
         20 |       412033 |  -11.48 kcal/mol |  -12.57 +/-    0.31 kcal/mol |      10 |  -13.29 kcal/mol
         25 |       535416 |  -12.10 kcal/mol |  -13.03 +/-    0.47 kcal/mol |       4 |  -13.82 kcal/mol
         30 |       662584 |  -11.25 kcal/mol |  -12.76 +/-    0.42 kcal/mol |       9 |  -13.82 kcal/mol
         35 |       789957 |  -12.05 kcal/mol |  -13.13 +/-    0.41 kcal/mol |       4 |  -13.82 kcal/mol
         40 |       915564 |  -11.61 kcal/mol |  -12.78 +/-    0.36 kcal/mol |      12 |  -13.82 kcal/mol
         45 |      1043446 |  -12.32 kcal/mol |  -13.06 +/-    0.32 kcal/mol |       7 |  -13.82 kcal/mol
         50 |      1171755 |  -12.38 kcal/mol |  -13.18 +/-    0.38 kcal/mol |       4 |  -13.82 kcal/mol
         55 |      1301220 |  -11.77 kcal/mol |  -12.87 +/-    0.31 kcal/mol |      12 |  -13.82 kcal/mol
         60 |      1429697 |  -12.48 kcal/mol |  -13.03 +/-    0.29 kcal/mol |       9 |  -13.82 kcal/mol
         65 |      1559283 |  -12.54 kcal/mol |  -13.38 +/-    0.44 kcal/mol |       4 |  -13.82 kcal/mol
         70 |      1686744 |  -11.73 kcal/mol |  -12.96 +/-    0.36 kcal/mol |      12 |  -13.82 kcal/mol
         75 |      1813683 |  -12.51 kcal/mol |  -12.98 +/-    0.29 kcal/mol |      10 |  -13.82 kcal/mol
         80 |      1939713 |  -12.56 kcal/mol |  -13.39 +/-    0.43 kcal/mol |       4 |  -13.82 kcal/mol
         85 |      2067219 |  -11.77 kcal/mol |  -13.08 +/-    0.42 kcal/mol |      12 |  -13.82 kcal/mol
         90 |      2193915 |  -12.56 kcal/mol |  -13.39 +/-    0.32 kcal/mol |       4 |  -13.93 kcal/mol
         95 |      2323163 |  -12.20 kcal/mol |  -13.16 +/-    0.25 kcal/mol |      14 |  -13.93 kcal/mol
        100 |      2453301 |  -12.89 kcal/mol |  -13.36 +/-    0.29 kcal/mol |       5 |  -13.93 kcal/mol
        102 |      2504551 |  -12.50 kcal/mol |  -13.38 +/-    0.30 kcal/mol |       9 |  -13.93 kcal/mol
------------+--------------+------------------+------------------------------+---------+-------------------

                                   Finished evaluation after reaching
                       2504551 evaluations. Best inter + intra   -13.93 kcal/mol.


Shutdown time 0.000680s

Job #6 took 1.274 sec after waiting 0.048 sec for setup

(Thread 0 is processing Job #6)
(Thread 0 is setting up Job #7)

Running Job #7:
    Device: NVIDIA A100-SXM4-40GB
    Grid map file: ./protein.maps.fld
    Ligand file: ./ligand_7_7.pdbqt
    Output file: docking_result_7.dlg (+ xml)
    Using heuristics: (capped) number of evaluations set to 2845257
    Overriding heuristics, setting number of evaluations to --nev = 2500000 instead.
    Local-search chosen method is: ADADELTA (ad)

Rest of Setup time 0.068703s

Executing docking runs, stopping automatically after either reaching 0.15 kcal/mol standard deviation of
the best molecules of the last 4 * 5 generations, 42000 generations, or 2500000 evaluations:

Generations |  Evaluations |     Threshold    |  Average energy of best 10%  | Samples | Best Inter + Intra
------------+--------------+------------------+------------------------------+---------+-------------------
          0 |          150 |   -2.23 kcal/mol |   -2.60 +/-    0.15 kcal/mol |       6 |   -2.81 kcal/mol
          5 |        87062 |   -2.23 kcal/mol |   -5.77 +/-    1.86 kcal/mol |     653 |  -11.62 kcal/mol
         10 |       183190 |   -5.73 kcal/mol |  -10.69 +/-    0.98 kcal/mol |      41 |  -12.84 kcal/mol
         15 |       291471 |  -10.33 kcal/mol |  -12.57 +/-    0.19 kcal/mol |       4 |  -12.84 kcal/mol
         20 |       409101 |  -11.88 kcal/mol |  -12.62 +/-    0.19 kcal/mol |       6 |  -12.97 kcal/mol
         25 |       533043 |  -12.14 kcal/mol |  -12.66 +/-    0.22 kcal/mol |       4 |  -12.99 kcal/mol
         30 |       658844 |  -11.84 kcal/mol |  -12.70 +/-    0.22 kcal/mol |       5 |  -12.99 kcal/mol
         35 |       784571 |  -12.04 kcal/mol |  -12.84 +/-    0.13 kcal/mol |       7 |  -12.99 kcal/mol
         40 |       912307 |  -12.55 kcal/mol |  -12.91 +/-    0.08 kcal/mol |       9 |  -12.99 kcal/mol
         45 |      1041054 |  -12.77 kcal/mol |  -12.92 +/-    0.07 kcal/mol |      15 |  -13.01 kcal/mol
         50 |      1169095 |  -12.77 kcal/mol |  -12.99 +/-    0.14 kcal/mol |      12 |  -13.17 kcal/mol
         55 |      1300876 |  -12.82 kcal/mol |  -13.00 +/-    0.20 kcal/mol |      14 |  -13.62 kcal/mol
         60 |      1429304 |  -12.79 kcal/mol |  -13.51 +/-    0.37 kcal/mol |       4 |  -13.88 kcal/mol
         65 |      1557977 |  -12.13 kcal/mol |  -13.12 +/-    0.29 kcal/mol |       9 |  -13.90 kcal/mol
         70 |      1686597 |  -12.64 kcal/mol |  -13.39 +/-    0.30 kcal/mol |       4 |  -13.90 kcal/mol
         75 |      1813918 |  -12.27 kcal/mol |  -13.36 +/-    0.40 kcal/mol |       8 |  -13.90 kcal/mol
         80 |      1937999 |  -12.61 kcal/mol |  -13.51 +/-    0.31 kcal/mol |       4 |  -13.90 kcal/mol
         85 |      2064547 |  -12.37 kcal/mol |  -13.01 +/-    0.26 kcal/mol |      17 |  -13.90 kcal/mol
         90 |      2190616 |  -12.78 kcal/mol |  -13.33 +/-    0.26 kcal/mol |       6 |  -13.90 kcal/mol
         95 |      2320030 |  -12.68 kcal/mol |  -13.09 +/-    0.24 kcal/mol |      17 |  -13.90 kcal/mol
        100 |      2449934 |  -12.88 kcal/mol |  -13.56 +/-    0.34 kcal/mol |       4 |  -13.90 kcal/mol
        102 |      2501093 |  -12.27 kcal/mol |  -13.38 +/-    0.32 kcal/mol |      17 |  -13.90 kcal/mol
------------+--------------+------------------+------------------------------+---------+-------------------

                                   Finished evaluation after reaching
                       2501093 evaluations. Best inter + intra   -13.90 kcal/mol.


Shutdown time 0.000679s

Job #7 took 1.273 sec after waiting 0.052 sec for setup

(Thread 0 is processing Job #7)
(Thread 0 is setting up Job #8)

Running Job #8:
    Device: NVIDIA A100-SXM4-40GB
    Grid map file: ./protein.maps.fld
    Ligand file: ./ligand_8_8.pdbqt
    Output file: docking_result_8.dlg (+ xml)
    Using heuristics: (capped) number of evaluations set to 4951475
    Overriding heuristics, setting number of evaluations to --nev = 2500000 instead.
    Warning: The set number of evals is 29.66% of the uncapped heuristics estimate of 8429805 evals.
             This means this docking may not be able to converge. Increasing --heurmax may improve
             convergence but will also increase runtime.
             AutoStop will not stop before 27.75% (693732) of the set number of evaluations.
    Local-search chosen method is: ADADELTA (ad)

Rest of Setup time 0.068294s

Executing docking runs, stopping automatically after either reaching 0.15 kcal/mol standard deviation of
the best molecules of the last 4 * 5 generations, 42000 generations, or 2500000 evaluations:

Generations |  Evaluations |     Threshold    |  Average energy of best 10%  | Samples | Best Inter + Intra
------------+--------------+------------------+------------------------------+---------+-------------------
          0 |          150 |   -2.22 kcal/mol |   -2.60 +/-    0.13 kcal/mol |       5 |   -2.76 kcal/mol
          5 |       102699 |   -2.22 kcal/mol |   -6.55 +/-    1.76 kcal/mol |     832 |  -12.83 kcal/mol
         10 |       213683 |   -6.52 kcal/mol |  -11.02 +/-    0.80 kcal/mol |      45 |  -13.50 kcal/mol
         15 |       331550 |  -10.76 kcal/mol |  -12.81 +/-    0.36 kcal/mol |      10 |  -13.66 kcal/mol
         20 |       458347 |  -12.26 kcal/mol |  -13.39 +/-    0.38 kcal/mol |       5 |  -13.96 kcal/mol
         25 |       590514 |  -12.26 kcal/mol |  -13.80 +/-    0.26 kcal/mol |       5 |  -14.07 kcal/mol
         30 |       725929 |  -13.02 kcal/mol |  -13.63 +/-    0.29 kcal/mol |       4 |  -14.10 kcal/mol
         35 |       861249 |  -12.54 kcal/mol |  -13.74 +/-    0.29 kcal/mol |       5 |  -14.10 kcal/mol
         40 |       997901 |  -12.87 kcal/mol |  -13.56 +/-    0.27 kcal/mol |       6 |  -14.10 kcal/mol
         45 |      1134575 |  -12.90 kcal/mol |  -13.71 +/-    0.20 kcal/mol |       5 |  -14.10 kcal/mol
         50 |      1271664 |  -13.10 kcal/mol |  -13.58 +/-    0.22 kcal/mol |       8 |  -14.10 kcal/mol
         55 |      1409319 |  -13.17 kcal/mol |  -13.62 +/-    0.18 kcal/mol |      11 |  -14.10 kcal/mol
         60 |      1544141 |  -13.38 kcal/mol |  -13.66 +/-    0.19 kcal/mol |      11 |  -14.10 kcal/mol
         65 |      1681797 |  -13.40 kcal/mol |  -14.07 +/-    0.08 kcal/mol |       4 |  -14.15 kcal/mol
         70 |      1817928 |  -13.78 kcal/mol |  -14.40 +/-    0.26 kcal/mol |       5 |  -14.63 kcal/mol
         75 |      1954168 |  -13.62 kcal/mol |  -14.52 +/-    0.16 kcal/mol |       4 |  -14.64 kcal/mol
         80 |      2089338 |  -13.93 kcal/mol |  -14.36 +/-    0.27 kcal/mol |       4 |  -14.64 kcal/mol
         85 |      2225072 |  -13.36 kcal/mol |  -14.20 +/-    0.26 kcal/mol |      10 |  -14.64 kcal/mol
         90 |      2360727 |  -13.80 kcal/mol |  -14.04 +/-    0.24 kcal/mol |       9 |  -14.64 kcal/mol
         95 |      2498923 |  -13.64 kcal/mol |  -13.96 +/-    0.21 kcal/mol |      19 |  -14.64 kcal/mol
         96 |      2526480 |  -13.79 kcal/mol |  -14.50 +/-    0.14 kcal/mol |       4 |  -14.64 kcal/mol
------------+--------------+------------------+------------------------------+---------+-------------------

                                   Finished evaluation after reaching
                       2526480 evaluations. Best inter + intra   -14.64 kcal/mol.


Shutdown time 0.000624s

Job #8 took 1.137 sec after waiting 0.053 sec for setup

(Thread 0 is processing Job #8)
Run time of entire job set (8 files): 10.171 sec
Savings from multithreading: -0.001 sec
Idle time of execution thread: 1.583 sec

All jobs (8) ran without errors.
