AutoDock-GPU version: v1.6-7-ga46ab564d2ac5f1a1523f65239b43505a1c29364-dirty

Using 1 OpenMP threads

Running 6 docking calculations

Cuda device:                              NVIDIA A100-SXM4-40GB
Available memory on device:               39916 MB (total: 40339 MB)

CUDA Setup time 0.231842s
(Thread 0 is setting up Job #1)

Running Job #1:
    Device: NVIDIA A100-SXM4-40GB
    Grid map file: ./protein.maps.fld
    Ligand file: ./ligand_1_1.pdbqt
    Output file: docking_result_1.dlg (+ xml)
    Using heuristics: (capped) number of evaluations set to 2280181
    Local-search chosen method is: ADADELTA (ad)

Rest of Setup time 0.309286s

Executing docking runs, stopping automatically after either reaching 0.15 kcal/mol standard deviation of
the best molecules of the last 4 * 5 generations, 42000 generations, or 2280181 evaluations:

Generations |  Evaluations |     Threshold    |  Average energy of best 10%  | Samples | Best Inter + Intra
------------+--------------+------------------+------------------------------+---------+-------------------
          0 |          150 |   -2.04 kcal/mol |   -3.21 +/-    0.31 kcal/mol |       4 |   -3.52 kcal/mol
          5 |       134057 |   -2.04 kcal/mol |   -5.75 +/-    1.61 kcal/mol |     959 |  -11.53 kcal/mol
         10 |       264847 |   -5.73 kcal/mol |   -9.92 +/-    1.09 kcal/mol |      49 |  -12.97 kcal/mol
         15 |       399803 |   -9.59 kcal/mol |  -12.69 +/-    0.65 kcal/mol |      14 |  -14.16 kcal/mol
         20 |       536719 |  -11.99 kcal/mol |  -13.40 +/-    0.40 kcal/mol |       5 |  -14.18 kcal/mol
         25 |       674053 |  -12.19 kcal/mol |  -13.61 +/-    0.41 kcal/mol |       4 |  -14.18 kcal/mol
         30 |       812518 |  -12.09 kcal/mol |  -13.74 +/-    0.38 kcal/mol |       7 |  -14.18 kcal/mol
         35 |       949076 |  -12.92 kcal/mol |  -14.12 +/-    0.19 kcal/mol |       7 |  -14.24 kcal/mol
         40 |      1084079 |  -13.71 kcal/mol |  -14.15 +/-    0.19 kcal/mol |       4 |  -14.29 kcal/mol
         45 |      1221230 |  -13.42 kcal/mol |  -14.16 +/-    0.07 kcal/mol |       6 |  -14.29 kcal/mol
         50 |      1357704 |  -13.79 kcal/mol |  -14.20 +/-    0.13 kcal/mol |       9 |  -14.35 kcal/mol
         55 |      1494855 |  -13.98 kcal/mol |  -14.18 +/-    0.14 kcal/mol |       7 |  -14.41 kcal/mol
         60 |      1627665 |  -13.89 kcal/mol |  -14.14 +/-    0.15 kcal/mol |      17 |  -14.41 kcal/mol
         65 |      1761634 |  -14.01 kcal/mol |  -14.23 +/-    0.15 kcal/mol |       9 |  -14.41 kcal/mol
         70 |      1894728 |  -13.98 kcal/mol |  -14.18 +/-    0.11 kcal/mol |      19 |  -14.41 kcal/mol
------------+--------------+------------------+------------------------------+---------+-------------------

                                   Finished evaluation after reaching
                                  -14.18 +/-    0.14 kcal/mol combined.
                             52 samples, best inter + intra   -14.41 kcal/mol.


Shutdown time 0.000720s

Job #1 took 0.990 sec after waiting 4.470 sec for setup

(Thread 0 is processing Job #1)
(Thread 0 is setting up Job #2)

Running Job #2:
    Device: NVIDIA A100-SXM4-40GB
    Grid map file: ./protein.maps.fld
    Ligand file: ./ligand_2_2.pdbqt
    Output file: docking_result_2.dlg (+ xml)
    Using heuristics: (capped) number of evaluations set to 2068966
    Local-search chosen method is: ADADELTA (ad)

Rest of Setup time 0.306955s

Executing docking runs, stopping automatically after either reaching 0.15 kcal/mol standard deviation of
the best molecules of the last 4 * 5 generations, 42000 generations, or 2068966 evaluations:

Generations |  Evaluations |     Threshold    |  Average energy of best 10%  | Samples | Best Inter + Intra
------------+--------------+------------------+------------------------------+---------+-------------------
          0 |          150 |   -1.59 kcal/mol |   -2.09 +/-    0.20 kcal/mol |       6 |   -2.47 kcal/mol
          5 |       136521 |   -1.59 kcal/mol |   -4.80 +/-    1.52 kcal/mol |     951 |  -11.24 kcal/mol
         10 |       268631 |   -4.78 kcal/mol |   -9.30 +/-    1.12 kcal/mol |      55 |  -12.40 kcal/mol
         15 |       403832 |   -8.99 kcal/mol |  -12.04 +/-    0.57 kcal/mol |       7 |  -12.74 kcal/mol
         20 |       539212 |  -10.82 kcal/mol |  -12.29 +/-    0.25 kcal/mol |       6 |  -12.77 kcal/mol
         25 |       673916 |  -11.66 kcal/mol |  -12.28 +/-    0.22 kcal/mol |       7 |  -12.77 kcal/mol
         30 |       808983 |  -11.80 kcal/mol |  -12.47 +/-    0.22 kcal/mol |       6 |  -12.77 kcal/mol
         35 |       944365 |  -11.92 kcal/mol |  -12.75 +/-    0.12 kcal/mol |       4 |  -12.89 kcal/mol
         40 |      1075764 |  -12.29 kcal/mol |  -12.64 +/-    0.23 kcal/mol |       4 |  -12.92 kcal/mol
         45 |      1206476 |  -11.77 kcal/mol |  -12.72 +/-    0.26 kcal/mol |       8 |  -12.94 kcal/mol
         50 |      1335326 |  -12.23 kcal/mol |  -12.73 +/-    0.12 kcal/mol |       5 |  -12.94 kcal/mol
         55 |      1465106 |  -12.36 kcal/mol |  -12.69 +/-    0.18 kcal/mol |      11 |  -13.10 kcal/mol
         60 |      1593019 |  -12.44 kcal/mol |  -12.89 +/-    0.13 kcal/mol |      11 |  -13.10 kcal/mol
         65 |      1722638 |  -12.72 kcal/mol |  -12.85 +/-    0.12 kcal/mol |       5 |  -13.10 kcal/mol
         70 |      1853285 |  -12.49 kcal/mol |  -12.72 +/-    0.14 kcal/mol |      20 |  -13.15 kcal/mol
         75 |      1982111 |  -12.61 kcal/mol |  -12.88 +/-    0.18 kcal/mol |      10 |  -13.15 kcal/mol
         79 |      2085919 |  -12.61 kcal/mol |  -12.88 +/-    0.17 kcal/mol |      19 |  -13.17 kcal/mol
------------+--------------+------------------+------------------------------+---------+-------------------

                                   Finished evaluation after reaching
                       2085919 evaluations. Best inter + intra   -13.17 kcal/mol.


Shutdown time 0.000676s

Job #2 took 0.980 sec after waiting 0.034 sec for setup

(Thread 0 is processing Job #2)
(Thread 0 is setting up Job #3)

Running Job #3:
    Device: NVIDIA A100-SXM4-40GB
    Grid map file: ./protein.maps.fld
    Ligand file: ./ligand_3_3.pdbqt
    Output file: docking_result_3.dlg (+ xml)
    Using heuristics: (capped) number of evaluations set to 2845257
    Overriding heuristics, setting number of evaluations to --nev = 2500000 instead.
    Local-search chosen method is: ADADELTA (ad)

Rest of Setup time 0.302498s

Executing docking runs, stopping automatically after either reaching 0.15 kcal/mol standard deviation of
the best molecules of the last 4 * 5 generations, 42000 generations, or 2500000 evaluations:

Generations |  Evaluations |     Threshold    |  Average energy of best 10%  | Samples | Best Inter + Intra
------------+--------------+------------------+------------------------------+---------+-------------------
          0 |          150 |   -1.71 kcal/mol |   -2.50 +/-    0.26 kcal/mol |       5 |   -3.02 kcal/mol
          5 |       134528 |   -1.71 kcal/mol |   -5.32 +/-    1.80 kcal/mol |    1049 |  -12.53 kcal/mol
         10 |       264872 |   -5.29 kcal/mol |  -10.18 +/-    1.14 kcal/mol |      30 |  -12.69 kcal/mol
         15 |       394804 |   -9.61 kcal/mol |  -12.83 +/-    0.33 kcal/mol |      12 |  -13.41 kcal/mol
         20 |       528260 |  -12.42 kcal/mol |  -13.51 +/-    0.15 kcal/mol |       6 |  -13.82 kcal/mol
         25 |       659206 |  -13.13 kcal/mol |  -13.63 +/-    0.45 kcal/mol |       4 |  -14.35 kcal/mol
         30 |       788488 |  -11.96 kcal/mol |  -13.41 +/-    0.51 kcal/mol |      10 |  -14.50 kcal/mol
         35 |       917658 |  -12.64 kcal/mol |  -13.73 +/-    0.48 kcal/mol |       4 |  -14.55 kcal/mol
         40 |      1046996 |  -11.94 kcal/mol |  -13.62 +/-    0.59 kcal/mol |      17 |  -14.55 kcal/mol
         45 |      1177530 |  -13.10 kcal/mol |  -13.75 +/-    0.47 kcal/mol |       4 |  -14.55 kcal/mol
         50 |      1307272 |  -11.99 kcal/mol |  -13.51 +/-    0.43 kcal/mol |      16 |  -14.55 kcal/mol
         55 |      1437519 |  -13.10 kcal/mol |  -14.08 +/-    0.38 kcal/mol |       5 |  -14.55 kcal/mol
         60 |      1564756 |  -12.94 kcal/mol |  -14.12 +/-    0.43 kcal/mol |       4 |  -14.55 kcal/mol
         65 |      1694922 |  -12.52 kcal/mol |  -13.87 +/-    0.37 kcal/mol |      10 |  -14.56 kcal/mol
         70 |      1824973 |  -13.31 kcal/mol |  -13.93 +/-    0.36 kcal/mol |       5 |  -14.59 kcal/mol
         75 |      1953553 |  -12.84 kcal/mol |  -14.05 +/-    0.36 kcal/mol |       8 |  -14.59 kcal/mol
         80 |      2081047 |  -13.37 kcal/mol |  -14.10 +/-    0.30 kcal/mol |       4 |  -14.59 kcal/mol
         85 |      2208264 |  -12.97 kcal/mol |  -13.79 +/-    0.26 kcal/mol |      13 |  -14.59 kcal/mol
         90 |      2335193 |  -13.49 kcal/mol |  -14.27 +/-    0.21 kcal/mol |       4 |  -14.59 kcal/mol
         95 |      2464303 |  -13.47 kcal/mol |  -14.32 +/-    0.18 kcal/mol |       6 |  -14.59 kcal/mol
         97 |      2514780 |  -13.86 kcal/mol |  -14.33 +/-    0.16 kcal/mol |      16 |  -14.59 kcal/mol
------------+--------------+------------------+------------------------------+---------+-------------------

                                   Finished evaluation after reaching
                       2514780 evaluations. Best inter + intra   -14.59 kcal/mol.


Shutdown time 0.000713s

Job #3 took 1.180 sec after waiting 0.031 sec for setup

(Thread 0 is processing Job #3)
(Thread 0 is setting up Job #4)

Running Job #4:
    Device: NVIDIA A100-SXM4-40GB
    Grid map file: ./protein.maps.fld
    Ligand file: ./ligand_4_4.pdbqt
    Output file: docking_result_4.dlg (+ xml)
    Using heuristics: (capped) number of evaluations set to 2068966
    Local-search chosen method is: ADADELTA (ad)

Rest of Setup time 0.301315s

Executing docking runs, stopping automatically after either reaching 0.15 kcal/mol standard deviation of
the best molecules of the last 4 * 5 generations, 42000 generations, or 2068966 evaluations:

Generations |  Evaluations |     Threshold    |  Average energy of best 10%  | Samples | Best Inter + Intra
------------+--------------+------------------+------------------------------+---------+-------------------
          0 |          150 |   -2.28 kcal/mol |   -2.89 +/-    0.16 kcal/mol |       4 |   -3.05 kcal/mol
          5 |       136620 |   -2.28 kcal/mol |   -5.51 +/-    1.53 kcal/mol |     940 |  -12.11 kcal/mol
         10 |       274339 |   -5.48 kcal/mol |   -9.90 +/-    1.01 kcal/mol |      62 |  -12.68 kcal/mol
         15 |       414264 |   -9.65 kcal/mol |  -12.19 +/-    0.25 kcal/mol |      10 |  -12.70 kcal/mol
         20 |       554911 |  -11.82 kcal/mol |  -12.70 +/-    0.39 kcal/mol |       9 |  -13.63 kcal/mol
         25 |       693673 |  -12.06 kcal/mol |  -13.08 +/-    0.37 kcal/mol |       4 |  -13.65 kcal/mol
         30 |       833862 |  -11.70 kcal/mol |  -12.99 +/-    0.34 kcal/mol |      11 |  -13.65 kcal/mol
         35 |       970811 |  -12.52 kcal/mol |  -13.27 +/-    0.22 kcal/mol |       4 |  -13.65 kcal/mol
         40 |      1106962 |  -12.44 kcal/mol |  -13.15 +/-    0.23 kcal/mol |       7 |  -13.65 kcal/mol
         45 |      1243649 |  -12.65 kcal/mol |  -13.18 +/-    0.20 kcal/mol |      16 |  -13.65 kcal/mol
         50 |      1379189 |  -12.99 kcal/mol |  -13.23 +/-    0.19 kcal/mol |      15 |  -13.65 kcal/mol
         55 |      1516349 |  -13.04 kcal/mol |  -13.55 +/-    0.08 kcal/mol |       8 |  -13.65 kcal/mol
         60 |      1650482 |  -13.41 kcal/mol |  -13.51 +/-    0.07 kcal/mol |       5 |  -13.65 kcal/mol
         65 |      1784015 |  -13.06 kcal/mol |  -13.42 +/-    0.13 kcal/mol |      12 |  -13.65 kcal/mol
         70 |      1918127 |  -13.26 kcal/mol |  -13.44 +/-    0.10 kcal/mol |      10 |  -13.65 kcal/mol
------------+--------------+------------------+------------------------------+---------+-------------------

                                   Finished evaluation after reaching
                                  -13.47 +/-    0.12 kcal/mol combined.
                             35 samples, best inter + intra   -13.65 kcal/mol.


Shutdown time 0.000683s

Job #4 took 0.926 sec after waiting 0.034 sec for setup

(Thread 0 is processing Job #4)
(Thread 0 is setting up Job #5)

Running Job #5:
    Device: NVIDIA A100-SXM4-40GB
    Grid map file: ./protein.maps.fld
    Ligand file: ./ligand_5_5.pdbqt
    Output file: docking_result_5.dlg (+ xml)
    Using heuristics: (capped) number of evaluations set to 2068966
    Local-search chosen method is: ADADELTA (ad)

Rest of Setup time 0.301709s

Executing docking runs, stopping automatically after either reaching 0.15 kcal/mol standard deviation of
the best molecules of the last 4 * 5 generations, 42000 generations, or 2068966 evaluations:

Generations |  Evaluations |     Threshold    |  Average energy of best 10%  | Samples | Best Inter + Intra
------------+--------------+------------------+------------------------------+---------+-------------------
          0 |          150 |   -1.76 kcal/mol |   -2.32 +/-    0.15 kcal/mol |       4 |   -2.47 kcal/mol
          5 |       134710 |   -1.76 kcal/mol |   -4.77 +/-    1.51 kcal/mol |     900 |  -11.94 kcal/mol
         10 |       267323 |   -4.74 kcal/mol |   -9.33 +/-    1.04 kcal/mol |      47 |  -11.96 kcal/mol
         15 |       402544 |   -9.00 kcal/mol |  -11.83 +/-    0.26 kcal/mol |       6 |  -12.06 kcal/mol
         20 |       537811 |  -11.18 kcal/mol |  -11.91 +/-    0.17 kcal/mol |       4 |  -12.06 kcal/mol
         25 |       670981 |  -11.29 kcal/mol |  -12.06 +/-    0.05 kcal/mol |       4 |  -12.11 kcal/mol
         30 |       804863 |  -11.49 kcal/mol |  -12.10 +/-    0.08 kcal/mol |       5 |  -12.23 kcal/mol
         35 |       937429 |  -11.86 kcal/mol |  -12.14 +/-    0.10 kcal/mol |       4 |  -12.23 kcal/mol
         40 |      1070675 |  -11.75 kcal/mol |  -12.16 +/-    0.05 kcal/mol |       5 |  -12.23 kcal/mol
         45 |      1201138 |  -11.71 kcal/mol |  -11.97 +/-    0.18 kcal/mol |      12 |  -12.23 kcal/mol
         50 |      1333151 |  -11.74 kcal/mol |  -11.97 +/-    0.15 kcal/mol |      18 |  -12.27 kcal/mol
         55 |      1463963 |  -11.85 kcal/mol |  -12.08 +/-    0.13 kcal/mol |       9 |  -12.27 kcal/mol
         60 |      1592161 |  -11.86 kcal/mol |  -12.06 +/-    0.15 kcal/mol |      12 |  -12.29 kcal/mol
         65 |      1719470 |  -11.88 kcal/mol |  -12.12 +/-    0.12 kcal/mol |       9 |  -12.29 kcal/mol
         70 |      1846894 |  -11.91 kcal/mol |  -12.11 +/-    0.12 kcal/mol |      14 |  -12.29 kcal/mol
         75 |      1972270 |  -11.98 kcal/mol |  -12.16 +/-    0.09 kcal/mol |      17 |  -12.29 kcal/mol
------------+--------------+------------------+------------------------------+---------+-------------------

                                   Finished evaluation after reaching
                                  -12.12 +/-    0.13 kcal/mol combined.
                             52 samples, best inter + intra   -12.29 kcal/mol.


Shutdown time 0.000799s

Job #5 took 0.924 sec after waiting 0.031 sec for setup

(Thread 0 is processing Job #5)
(Thread 0 is setting up Job #6)

Running Job #6:
    Device: NVIDIA A100-SXM4-40GB
    Grid map file: ./protein.maps.fld
    Ligand file: ./ligand_6_6.pdbqt
    Output file: docking_result_6.dlg (+ xml)
    Using heuristics: (capped) number of evaluations set to 2068966
    Local-search chosen method is: ADADELTA (ad)

Rest of Setup time 0.306613s

Executing docking runs, stopping automatically after either reaching 0.15 kcal/mol standard deviation of
the best molecules of the last 4 * 5 generations, 42000 generations, or 2068966 evaluations:

Generations |  Evaluations |     Threshold    |  Average energy of best 10%  | Samples | Best Inter + Intra
------------+--------------+------------------+------------------------------+---------+-------------------
          0 |          150 |   -1.03 kcal/mol |   -2.65 +/-    0.48 kcal/mol |       5 |   -3.58 kcal/mol
          5 |       133774 |   -1.20 kcal/mol |   -5.02 +/-    1.47 kcal/mol |     905 |  -10.37 kcal/mol
         10 |       266287 |   -5.00 kcal/mol |   -8.98 +/-    0.82 kcal/mol |      56 |  -11.42 kcal/mol
         15 |       401530 |   -8.76 kcal/mol |  -11.01 +/-    0.50 kcal/mol |      10 |  -11.86 kcal/mol
         20 |       536827 |  -10.26 kcal/mol |  -11.78 +/-    0.15 kcal/mol |       4 |  -11.95 kcal/mol
         25 |       670104 |  -11.21 kcal/mol |  -11.96 +/-    0.24 kcal/mol |       6 |  -12.23 kcal/mol
         30 |       805689 |  -11.36 kcal/mol |  -12.12 +/-    0.13 kcal/mol |       9 |  -12.29 kcal/mol
         35 |       942855 |  -11.90 kcal/mol |  -12.13 +/-    0.17 kcal/mol |       9 |  -12.36 kcal/mol
         40 |      1079706 |  -11.84 kcal/mol |  -12.28 +/-    0.15 kcal/mol |      19 |  -12.59 kcal/mol
         45 |      1213872 |  -12.16 kcal/mol |  -12.43 +/-    0.18 kcal/mol |      11 |  -12.67 kcal/mol
         50 |      1347871 |  -12.18 kcal/mol |  -12.40 +/-    0.18 kcal/mol |      15 |  -12.76 kcal/mol
         55 |      1481135 |  -12.21 kcal/mol |  -12.39 +/-    0.17 kcal/mol |      19 |  -12.76 kcal/mol
         60 |      1609132 |  -12.26 kcal/mol |  -12.43 +/-    0.14 kcal/mol |      13 |  -12.76 kcal/mol
         65 |      1742383 |  -12.27 kcal/mol |  -12.47 +/-    0.16 kcal/mol |      12 |  -12.76 kcal/mol
         70 |      1874807 |  -12.27 kcal/mol |  -12.48 +/-    0.19 kcal/mol |      20 |  -12.77 kcal/mol
         75 |      2003418 |  -12.34 kcal/mol |  -12.49 +/-    0.15 kcal/mol |      11 |  -12.77 kcal/mol
         78 |      2081554 |  -12.28 kcal/mol |  -12.54 +/-    0.18 kcal/mol |      19 |  -12.77 kcal/mol
------------+--------------+------------------+------------------------------+---------+-------------------

                                   Finished evaluation after reaching
                       2081554 evaluations. Best inter + intra   -12.77 kcal/mol.


Shutdown time 0.000695s

Job #6 took 0.965 sec after waiting 0.030 sec for setup

(Thread 0 is processing Job #6)
Run time of entire job set (6 files): 10.625 sec
Savings from multithreading: -0.001 sec
Idle time of execution thread: 4.659 sec

All jobs (6) ran without errors.
