AutoDock-GPU version: v1.6-7-ga46ab564d2ac5f1a1523f65239b43505a1c29364-dirty

Using 1 OpenMP threads

Running 5 docking calculations

Cuda device:                              NVIDIA A100-SXM4-40GB
Available memory on device:               39916 MB (total: 40339 MB)

CUDA Setup time 0.240619s
(Thread 0 is setting up Job #1)

Running Job #1:
    Device: NVIDIA A100-SXM4-40GB
    Grid map file: ./protein.maps.fld
    Ligand file: ./ligand_1_1.pdbqt
    Output file: docking_result_1.dlg (+ xml)
    Using heuristics: (capped) number of evaluations set to 2068966
    Local-search chosen method is: ADADELTA (ad)

Rest of Setup time 0.308643s

Executing docking runs, stopping automatically after either reaching 0.15 kcal/mol standard deviation of
the best molecules of the last 4 * 5 generations, 42000 generations, or 2068966 evaluations:

Generations |  Evaluations |     Threshold    |  Average energy of best 10%  | Samples | Best Inter + Intra
------------+--------------+------------------+------------------------------+---------+-------------------
          0 |          150 |   -1.64 kcal/mol |   -2.68 +/-    0.36 kcal/mol |       7 |   -3.45 kcal/mol
          5 |       107522 |   -1.90 kcal/mol |   -5.15 +/-    1.57 kcal/mol |     719 |  -11.78 kcal/mol
         10 |       214960 |   -5.12 kcal/mol |   -9.54 +/-    0.85 kcal/mol |      22 |  -11.80 kcal/mol
         15 |       326451 |   -8.96 kcal/mol |  -11.47 +/-    0.47 kcal/mol |       5 |  -12.06 kcal/mol
         20 |       441911 |  -10.07 kcal/mol |  -11.86 +/-    0.44 kcal/mol |       4 |  -12.20 kcal/mol
         25 |       557400 |  -10.20 kcal/mol |  -11.61 +/-    0.49 kcal/mol |       7 |  -12.21 kcal/mol
         30 |       673476 |  -10.57 kcal/mol |  -11.99 +/-    0.24 kcal/mol |      12 |  -12.25 kcal/mol
         35 |       789808 |  -11.69 kcal/mol |  -12.15 +/-    0.13 kcal/mol |       8 |  -12.31 kcal/mol
         40 |       908300 |  -11.90 kcal/mol |  -12.29 +/-    0.18 kcal/mol |      11 |  -12.63 kcal/mol
         45 |      1025771 |  -12.05 kcal/mol |  -12.30 +/-    0.16 kcal/mol |      17 |  -12.64 kcal/mol
         50 |      1144438 |  -12.16 kcal/mol |  -12.36 +/-    0.15 kcal/mol |      11 |  -12.68 kcal/mol
         55 |      1264600 |  -12.16 kcal/mol |  -12.38 +/-    0.15 kcal/mol |      13 |  -12.68 kcal/mol
         60 |      1384088 |  -12.21 kcal/mol |  -12.43 +/-    0.16 kcal/mol |      10 |  -12.71 kcal/mol
         65 |      1505351 |  -12.19 kcal/mol |  -12.43 +/-    0.18 kcal/mol |       8 |  -12.71 kcal/mol
         70 |      1627192 |  -12.10 kcal/mol |  -12.57 +/-    0.18 kcal/mol |      14 |  -12.94 kcal/mol
         75 |      1747097 |  -12.38 kcal/mol |  -12.63 +/-    0.19 kcal/mol |       5 |  -12.94 kcal/mol
         80 |      1867941 |  -12.06 kcal/mol |  -12.79 +/-    0.16 kcal/mol |       8 |  -12.94 kcal/mol
         85 |      1985926 |  -12.49 kcal/mol |  -12.89 +/-    0.15 kcal/mol |       6 |  -13.07 kcal/mol
         89 |      2082700 |  -12.52 kcal/mol |  -12.86 +/-    0.17 kcal/mol |      14 |  -13.13 kcal/mol
------------+--------------+------------------+------------------------------+---------+-------------------

                                   Finished evaluation after reaching
                       2082700 evaluations. Best inter + intra   -13.13 kcal/mol.


Shutdown time 0.000643s

Job #1 took 1.172 sec after waiting 4.519 sec for setup

(Thread 0 is processing Job #1)
(Thread 0 is setting up Job #2)

Running Job #2:
    Device: NVIDIA A100-SXM4-40GB
    Grid map file: ./protein.maps.fld
    Ligand file: ./ligand_2_2.pdbqt
    Output file: docking_result_2.dlg (+ xml)
    Using heuristics: (capped) number of evaluations set to 2068966
    Local-search chosen method is: ADADELTA (ad)

Rest of Setup time 0.306885s

Executing docking runs, stopping automatically after either reaching 0.15 kcal/mol standard deviation of
the best molecules of the last 4 * 5 generations, 42000 generations, or 2068966 evaluations:

Generations |  Evaluations |     Threshold    |  Average energy of best 10%  | Samples | Best Inter + Intra
------------+--------------+------------------+------------------------------+---------+-------------------
          0 |          150 |   -2.84 kcal/mol |   -3.39 +/-    0.15 kcal/mol |       4 |   -3.55 kcal/mol
          5 |       102703 |   -2.84 kcal/mol |   -5.63 +/-    1.51 kcal/mol |     660 |  -10.61 kcal/mol
         10 |       210635 |   -5.60 kcal/mol |   -9.99 +/-    1.28 kcal/mol |      36 |  -12.98 kcal/mol
         15 |       322015 |   -9.46 kcal/mol |  -12.84 +/-    0.32 kcal/mol |       5 |  -13.26 kcal/mol
         20 |       434706 |  -11.87 kcal/mol |  -13.10 +/-    0.29 kcal/mol |       5 |  -13.33 kcal/mol
         25 |       549786 |  -12.22 kcal/mol |  -12.95 +/-    0.26 kcal/mol |       4 |  -13.33 kcal/mol
         30 |       665074 |  -11.99 kcal/mol |  -12.86 +/-    0.27 kcal/mol |       7 |  -13.33 kcal/mol
         35 |       781375 |  -12.28 kcal/mol |  -13.02 +/-    0.20 kcal/mol |       4 |  -13.33 kcal/mol
         40 |       897081 |  -12.26 kcal/mol |  -13.06 +/-    0.23 kcal/mol |       9 |  -13.33 kcal/mol
         45 |      1013854 |  -12.67 kcal/mol |  -13.12 +/-    0.21 kcal/mol |      12 |  -13.73 kcal/mol
         50 |      1130149 |  -12.86 kcal/mol |  -13.62 +/-    0.26 kcal/mol |       4 |  -13.85 kcal/mol
         55 |      1251090 |  -12.63 kcal/mol |  -13.48 +/-    0.26 kcal/mol |       8 |  -13.85 kcal/mol
         60 |      1368412 |  -12.98 kcal/mol |  -13.64 +/-    0.18 kcal/mol |       8 |  -14.02 kcal/mol
         65 |      1487122 |  -13.30 kcal/mol |  -13.91 +/-    0.15 kcal/mol |       7 |  -14.08 kcal/mol
         70 |      1604993 |  -13.58 kcal/mol |  -13.92 +/-    0.24 kcal/mol |       5 |  -14.32 kcal/mol
         75 |      1723380 |  -13.19 kcal/mol |  -13.97 +/-    0.22 kcal/mol |       5 |  -14.32 kcal/mol
         80 |      1845261 |  -13.30 kcal/mol |  -14.03 +/-    0.16 kcal/mol |       7 |  -14.32 kcal/mol
         85 |      1967448 |  -13.69 kcal/mol |  -14.12 +/-    0.11 kcal/mol |       8 |  -14.32 kcal/mol
         90 |      2087510 |  -13.92 kcal/mol |  -14.15 +/-    0.10 kcal/mol |      16 |  -14.32 kcal/mol
------------+--------------+------------------+------------------------------+---------+-------------------

                                   Finished evaluation after reaching
                       2087510 evaluations. Best inter + intra   -14.32 kcal/mol.


Shutdown time 0.000635s

Job #2 took 1.167 sec after waiting 0.040 sec for setup

(Thread 0 is processing Job #2)
(Thread 0 is setting up Job #3)

Running Job #3:
    Device: NVIDIA A100-SXM4-40GB
    Grid map file: ./protein.maps.fld
    Ligand file: ./ligand_3_3.pdbqt
    Output file: docking_result_3.dlg (+ xml)
    Using heuristics: (capped) number of evaluations set to 2068966
    Local-search chosen method is: ADADELTA (ad)

Rest of Setup time 0.305567s

Executing docking runs, stopping automatically after either reaching 0.15 kcal/mol standard deviation of
the best molecules of the last 4 * 5 generations, 42000 generations, or 2068966 evaluations:

Generations |  Evaluations |     Threshold    |  Average energy of best 10%  | Samples | Best Inter + Intra
------------+--------------+------------------+------------------------------+---------+-------------------
          0 |          150 |   -2.16 kcal/mol |   -2.61 +/-    0.15 kcal/mol |       5 |   -2.91 kcal/mol
          5 |       108563 |   -2.16 kcal/mol |   -5.13 +/-    1.65 kcal/mol |     794 |  -10.78 kcal/mol
         10 |       220784 |   -5.10 kcal/mol |   -9.63 +/-    1.04 kcal/mol |      39 |  -12.03 kcal/mol
         15 |       336055 |   -9.23 kcal/mol |  -11.89 +/-    0.52 kcal/mol |       8 |  -12.79 kcal/mol
         20 |       453789 |  -10.92 kcal/mol |  -12.30 +/-    0.23 kcal/mol |       6 |  -12.79 kcal/mol
         25 |       573129 |  -11.73 kcal/mol |  -12.47 +/-    0.19 kcal/mol |       7 |  -12.79 kcal/mol
         30 |       693447 |  -12.06 kcal/mol |  -12.69 +/-    0.11 kcal/mol |       7 |  -12.81 kcal/mol
         35 |       813113 |  -12.46 kcal/mol |  -12.69 +/-    0.13 kcal/mol |       7 |  -12.86 kcal/mol
         40 |       932356 |  -12.42 kcal/mol |  -12.83 +/-    0.08 kcal/mol |       6 |  -12.94 kcal/mol
         45 |      1049250 |  -12.63 kcal/mol |  -12.82 +/-    0.10 kcal/mol |       6 |  -12.94 kcal/mol
         50 |      1169655 |  -12.57 kcal/mol |  -12.88 +/-    0.17 kcal/mol |      15 |  -13.29 kcal/mol
         55 |      1289136 |  -12.71 kcal/mol |  -13.25 +/-    0.19 kcal/mol |       4 |  -13.47 kcal/mol
         60 |      1405886 |  -12.54 kcal/mol |  -13.27 +/-    0.21 kcal/mol |       7 |  -13.56 kcal/mol
         65 |      1524722 |  -12.82 kcal/mol |  -13.02 +/-    0.23 kcal/mol |      10 |  -13.61 kcal/mol
         70 |      1645299 |  -12.67 kcal/mol |  -13.02 +/-    0.25 kcal/mol |       9 |  -13.61 kcal/mol
         75 |      1767844 |  -12.60 kcal/mol |  -13.28 +/-    0.22 kcal/mol |       4 |  -13.61 kcal/mol
         80 |      1891430 |  -12.45 kcal/mol |  -12.99 +/-    0.23 kcal/mol |      15 |  -13.61 kcal/mol
         85 |      2015545 |  -12.76 kcal/mol |  -13.31 +/-    0.16 kcal/mol |       6 |  -13.61 kcal/mol
         88 |      2090445 |  -12.92 kcal/mol |  -13.33 +/-    0.15 kcal/mol |      14 |  -13.61 kcal/mol
------------+--------------+------------------+------------------------------+---------+-------------------

                                   Finished evaluation after reaching
                       2090445 evaluations. Best inter + intra   -13.61 kcal/mol.


Shutdown time 0.000632s

Job #3 took 1.146 sec after waiting 0.042 sec for setup

(Thread 0 is processing Job #3)
(Thread 0 is setting up Job #4)

Running Job #4:
    Device: NVIDIA A100-SXM4-40GB
    Grid map file: ./protein.maps.fld
    Ligand file: ./ligand_4_4.pdbqt
    Output file: docking_result_4.dlg (+ xml)
    Using heuristics: (capped) number of evaluations set to 2280181
    Local-search chosen method is: ADADELTA (ad)

Rest of Setup time 0.303259s

Executing docking runs, stopping automatically after either reaching 0.15 kcal/mol standard deviation of
the best molecules of the last 4 * 5 generations, 42000 generations, or 2280181 evaluations:

Generations |  Evaluations |     Threshold    |  Average energy of best 10%  | Samples | Best Inter + Intra
------------+--------------+------------------+------------------------------+---------+-------------------
          0 |          150 |   -1.49 kcal/mol |   -2.89 +/-    0.48 kcal/mol |       6 |   -3.82 kcal/mol
          5 |       117381 |   -1.69 kcal/mol |   -5.69 +/-    1.61 kcal/mol |     907 |  -11.51 kcal/mol
         10 |       234950 |   -5.66 kcal/mol |  -10.28 +/-    1.13 kcal/mol |      40 |  -12.92 kcal/mol
         15 |       353953 |   -9.85 kcal/mol |  -12.84 +/-    0.86 kcal/mol |       9 |  -14.74 kcal/mol
         20 |       474033 |  -11.39 kcal/mol |  -13.69 +/-    0.72 kcal/mol |       4 |  -14.95 kcal/mol
         25 |       593823 |  -10.98 kcal/mol |  -13.12 +/-    0.82 kcal/mol |       7 |  -14.95 kcal/mol
         30 |       716352 |  -11.36 kcal/mol |  -13.72 +/-    0.74 kcal/mol |       8 |  -15.00 kcal/mol
         35 |       836217 |  -12.34 kcal/mol |  -14.31 +/-    0.48 kcal/mol |       4 |  -15.00 kcal/mol
         40 |       957244 |  -12.52 kcal/mol |  -13.93 +/-    0.65 kcal/mol |       4 |  -15.00 kcal/mol
         45 |      1076096 |  -11.49 kcal/mol |  -13.67 +/-    0.70 kcal/mol |      11 |  -15.00 kcal/mol
         50 |      1194987 |  -12.72 kcal/mol |  -14.34 +/-    0.62 kcal/mol |       4 |  -15.00 kcal/mol
         55 |      1314804 |  -12.03 kcal/mol |  -14.02 +/-    0.62 kcal/mol |      11 |  -15.00 kcal/mol
         60 |      1432462 |  -13.17 kcal/mol |  -14.02 +/-    0.58 kcal/mol |       4 |  -15.00 kcal/mol
         65 |      1550867 |  -11.84 kcal/mol |  -13.66 +/-    0.50 kcal/mol |      10 |  -15.00 kcal/mol
         70 |      1669668 |  -12.92 kcal/mol |  -14.20 +/-    0.46 kcal/mol |       4 |  -15.00 kcal/mol
         75 |      1788153 |  -12.47 kcal/mol |  -13.73 +/-    0.44 kcal/mol |      10 |  -15.00 kcal/mol
         80 |      1905566 |  -13.07 kcal/mol |  -14.47 +/-    0.52 kcal/mol |       4 |  -15.00 kcal/mol
         85 |      2026238 |  -12.51 kcal/mol |  -14.12 +/-    0.60 kcal/mol |      13 |  -15.00 kcal/mol
         90 |      2147833 |  -13.43 kcal/mol |  -14.56 +/-    0.50 kcal/mol |       4 |  -15.05 kcal/mol
         95 |      2267554 |  -12.68 kcal/mol |  -13.99 +/-    0.35 kcal/mol |      12 |  -15.05 kcal/mol
         96 |      2291757 |  -13.54 kcal/mol |  -14.05 +/-    0.35 kcal/mol |      22 |  -15.05 kcal/mol
------------+--------------+------------------+------------------------------+---------+-------------------

                                   Finished evaluation after reaching
                       2291757 evaluations. Best inter + intra   -15.05 kcal/mol.


Shutdown time 0.000657s

Job #4 took 1.187 sec after waiting 0.039 sec for setup

(Thread 0 is processing Job #4)
(Thread 0 is setting up Job #5)

Running Job #5:
    Device: NVIDIA A100-SXM4-40GB
    Grid map file: ./protein.maps.fld
    Ligand file: ./ligand_5_5.pdbqt
    Output file: docking_result_5.dlg (+ xml)
    Using heuristics: (capped) number of evaluations set to 2068966
    Local-search chosen method is: ADADELTA (ad)

Rest of Setup time 0.306806s

Executing docking runs, stopping automatically after either reaching 0.15 kcal/mol standard deviation of
the best molecules of the last 4 * 5 generations, 42000 generations, or 2068966 evaluations:

Generations |  Evaluations |     Threshold    |  Average energy of best 10%  | Samples | Best Inter + Intra
------------+--------------+------------------+------------------------------+---------+-------------------
          0 |          150 |   -1.52 kcal/mol |   -2.19 +/-    0.18 kcal/mol |       4 |   -2.45 kcal/mol
          5 |       108226 |   -1.52 kcal/mol |   -4.65 +/-    1.73 kcal/mol |     857 |  -11.05 kcal/mol
         10 |       216841 |   -4.62 kcal/mol |   -9.38 +/-    0.89 kcal/mol |      40 |  -12.28 kcal/mol
         15 |       330477 |   -9.04 kcal/mol |  -11.76 +/-    0.62 kcal/mol |       8 |  -12.84 kcal/mol
         20 |       445684 |  -10.59 kcal/mol |  -12.39 +/-    0.36 kcal/mol |       5 |  -12.88 kcal/mol
         25 |       562883 |  -11.30 kcal/mol |  -12.54 +/-    0.35 kcal/mol |       6 |  -12.88 kcal/mol
         30 |       683898 |  -11.66 kcal/mol |  -12.70 +/-    0.13 kcal/mol |       5 |  -12.89 kcal/mol
         35 |       802564 |  -12.31 kcal/mol |  -12.74 +/-    0.25 kcal/mol |       4 |  -12.99 kcal/mol
         40 |       924365 |  -11.80 kcal/mol |  -12.94 +/-    0.32 kcal/mol |       5 |  -13.21 kcal/mol
         45 |      1044323 |  -11.97 kcal/mol |  -13.00 +/-    0.18 kcal/mol |       4 |  -13.27 kcal/mol
         50 |      1164834 |  -12.30 kcal/mol |  -13.12 +/-    0.13 kcal/mol |       6 |  -13.27 kcal/mol
         55 |      1286558 |  -12.79 kcal/mol |  -13.13 +/-    0.17 kcal/mol |       4 |  -13.30 kcal/mol
         60 |      1407970 |  -12.48 kcal/mol |  -13.14 +/-    0.18 kcal/mol |       3 |  -13.30 kcal/mol
         65 |      1532581 |  -12.26 kcal/mol |  -13.03 +/-    0.23 kcal/mol |       6 |  -13.30 kcal/mol
         70 |      1657012 |  -12.45 kcal/mol |  -13.07 +/-    0.13 kcal/mol |       7 |  -13.30 kcal/mol
         75 |      1781063 |  -12.79 kcal/mol |  -13.08 +/-    0.16 kcal/mol |       5 |  -13.30 kcal/mol
         80 |      1905702 |  -12.59 kcal/mol |  -13.14 +/-    0.11 kcal/mol |       9 |  -13.30 kcal/mol
         85 |      2030381 |  -12.95 kcal/mol |  -13.23 +/-    0.11 kcal/mol |       7 |  -13.35 kcal/mol
         87 |      2079457 |  -13.00 kcal/mol |  -13.24 +/-    0.10 kcal/mol |      13 |  -13.35 kcal/mol
------------+--------------+------------------+------------------------------+---------+-------------------

                                   Finished evaluation after reaching
                       2079457 evaluations. Best inter + intra   -13.35 kcal/mol.


Shutdown time 0.000612s

Job #5 took 1.143 sec after waiting 0.035 sec for setup

(Thread 0 is processing Job #5)
Run time of entire job set (5 files): 10.530 sec
Savings from multithreading: -0.001 sec
Idle time of execution thread: 4.714 sec

All jobs (5) ran without errors.
