AutoDock-GPU version: v1.6-7-ga46ab564d2ac5f1a1523f65239b43505a1c29364-dirty

Using 1 OpenMP threads

Running 3 docking calculations

Cuda device:                              NVIDIA A100-SXM4-40GB
Available memory on device:               39916 MB (total: 40339 MB)

CUDA Setup time 0.237812s
(Thread 0 is setting up Job #1)

Running Job #1:
    Device: NVIDIA A100-SXM4-40GB
    Grid map file: ./protein.maps.fld
    Ligand file: ./ligand_1_1.pdbqt
    Output file: docking_result_1.dlg (+ xml)
    Using heuristics: (capped) number of evaluations set to 2068966
    Local-search chosen method is: ADADELTA (ad)

Rest of Setup time 0.308149s

Executing docking runs, stopping automatically after either reaching 0.15 kcal/mol standard deviation of
the best molecules of the last 4 * 5 generations, 42000 generations, or 2068966 evaluations:

Generations |  Evaluations |     Threshold    |  Average energy of best 10%  | Samples | Best Inter + Intra
------------+--------------+------------------+------------------------------+---------+-------------------
          0 |          150 |   -0.79 kcal/mol |   -2.28 +/-    0.52 kcal/mol |       9 |   -3.27 kcal/mol
          5 |       145998 |   -1.41 kcal/mol |   -5.01 +/-    1.31 kcal/mol |     954 |  -10.23 kcal/mol
         10 |       288508 |   -4.98 kcal/mol |   -8.27 +/-    0.53 kcal/mol |      49 |  -10.26 kcal/mol
         15 |       433724 |   -8.11 kcal/mol |   -9.79 +/-    0.35 kcal/mol |      13 |  -10.27 kcal/mol
         20 |       578022 |   -9.39 kcal/mol |  -10.23 +/-    0.12 kcal/mol |       5 |  -10.38 kcal/mol
         25 |       720914 |   -9.86 kcal/mol |  -10.17 +/-    0.14 kcal/mol |      10 |  -10.38 kcal/mol
         30 |       867413 |   -9.96 kcal/mol |  -10.36 +/-    0.21 kcal/mol |      12 |  -10.91 kcal/mol
         35 |      1010338 |  -10.10 kcal/mol |  -10.69 +/-    0.13 kcal/mol |       5 |  -10.91 kcal/mol
         40 |      1151899 |  -10.30 kcal/mol |  -10.60 +/-    0.14 kcal/mol |       8 |  -10.91 kcal/mol
         45 |      1291597 |  -10.35 kcal/mol |  -10.65 +/-    0.16 kcal/mol |      12 |  -10.91 kcal/mol
         50 |      1428354 |  -10.45 kcal/mol |  -10.65 +/-    0.11 kcal/mol |      17 |  -10.91 kcal/mol
------------+--------------+------------------+------------------------------+---------+-------------------

                                   Finished evaluation after reaching
                                  -10.64 +/-    0.13 kcal/mol combined.
                             42 samples, best inter + intra   -10.91 kcal/mol.


Shutdown time 0.000656s

Job #1 took 0.704 sec after waiting 4.483 sec for setup

(Thread 0 is processing Job #1)
(Thread 0 is setting up Job #2)

Running Job #2:
    Device: NVIDIA A100-SXM4-40GB
    Grid map file: ./protein.maps.fld
    Ligand file: ./ligand_2_2.pdbqt
    Output file: docking_result_2.dlg (+ xml)
    Using heuristics: (capped) number of evaluations set to 4195460
    Overriding heuristics, setting number of evaluations to --nev = 2500000 instead.
    Warning: The set number of evals is 38.75% of the uncapped heuristics estimate of 6450800 evals.
             This means this docking may not be able to converge. Increasing --heurmax may improve
             convergence but will also increase runtime.
             AutoStop will not stop before 17.33% (433129) of the set number of evaluations.
    Local-search chosen method is: ADADELTA (ad)

Rest of Setup time 0.304952s

Executing docking runs, stopping automatically after either reaching 0.15 kcal/mol standard deviation of
the best molecules of the last 4 * 5 generations, 42000 generations, or 2500000 evaluations:

Generations |  Evaluations |     Threshold    |  Average energy of best 10%  | Samples | Best Inter + Intra
------------+--------------+------------------+------------------------------+---------+-------------------
          0 |          150 |   -1.81 kcal/mol |   -2.40 +/-    0.24 kcal/mol |       6 |   -2.92 kcal/mol
          5 |       148891 |   -1.81 kcal/mol |   -6.40 +/-    1.82 kcal/mol |    1234 |  -12.33 kcal/mol
         10 |       297657 |   -6.38 kcal/mol |  -10.97 +/-    0.68 kcal/mol |      42 |  -12.81 kcal/mol
         15 |       449623 |  -10.73 kcal/mol |  -12.62 +/-    0.26 kcal/mol |       6 |  -13.04 kcal/mol
         20 |       601288 |  -11.97 kcal/mol |  -13.24 +/-    0.62 kcal/mol |       6 |  -13.91 kcal/mol
         25 |       750377 |  -11.69 kcal/mol |  -13.60 +/-    0.55 kcal/mol |       5 |  -14.49 kcal/mol
         30 |       902075 |  -11.95 kcal/mol |  -13.75 +/-    0.52 kcal/mol |       7 |  -14.49 kcal/mol
         35 |      1051939 |  -12.64 kcal/mol |  -13.54 +/-    0.61 kcal/mol |       5 |  -14.49 kcal/mol
         40 |      1197096 |  -11.70 kcal/mol |  -13.61 +/-    0.48 kcal/mol |       8 |  -14.49 kcal/mol
         45 |      1341819 |  -12.70 kcal/mol |  -13.99 +/-    0.33 kcal/mol |       4 |  -14.49 kcal/mol
         50 |      1485945 |  -12.74 kcal/mol |  -13.76 +/-    0.39 kcal/mol |       7 |  -14.49 kcal/mol
         55 |      1631005 |  -12.93 kcal/mol |  -14.17 +/-    0.19 kcal/mol |       4 |  -14.49 kcal/mol
         60 |      1771999 |  -13.46 kcal/mol |  -14.19 +/-    0.21 kcal/mol |       3 |  -14.49 kcal/mol
         65 |      1918178 |  -13.13 kcal/mol |  -14.05 +/-    0.24 kcal/mol |       5 |  -14.49 kcal/mol
         70 |      2062698 |  -13.33 kcal/mol |  -14.06 +/-    0.21 kcal/mol |       6 |  -14.49 kcal/mol
         75 |      2207716 |  -13.54 kcal/mol |  -14.44 +/-    0.47 kcal/mol |       4 |  -15.19 kcal/mol
         80 |      2353955 |  -12.69 kcal/mol |  -14.41 +/-    0.44 kcal/mol |       8 |  -15.19 kcal/mol
         85 |      2500142 |  -13.58 kcal/mol |  -14.60 +/-    0.44 kcal/mol |      13 |  -15.19 kcal/mol
------------+--------------+------------------+------------------------------+---------+-------------------

                                   Finished evaluation after reaching
                       2500142 evaluations. Best inter + intra   -15.19 kcal/mol.


Shutdown time 0.000654s

Job #2 took 1.358 sec after waiting 0.028 sec for setup

(Thread 0 is processing Job #2)
(Thread 0 is setting up Job #3)

Running Job #3:
    Device: NVIDIA A100-SXM4-40GB
    Grid map file: ./protein.maps.fld
    Ligand file: ./ligand_3_3.pdbqt
    Output file: docking_result_3.dlg (+ xml)
    Using heuristics: (capped) number of evaluations set to 2280181
    Local-search chosen method is: ADADELTA (ad)

Rest of Setup time 0.305115s

Executing docking runs, stopping automatically after either reaching 0.15 kcal/mol standard deviation of
the best molecules of the last 4 * 5 generations, 42000 generations, or 2280181 evaluations:

Generations |  Evaluations |     Threshold    |  Average energy of best 10%  | Samples | Best Inter + Intra
------------+--------------+------------------+------------------------------+---------+-------------------
          0 |          150 |   -1.83 kcal/mol |   -2.22 +/-    0.18 kcal/mol |       7 |   -2.50 kcal/mol
          5 |       150112 |   -1.83 kcal/mol |   -5.92 +/-    1.80 kcal/mol |    1238 |  -12.33 kcal/mol
         10 |       301499 |   -5.90 kcal/mol |  -10.35 +/-    0.61 kcal/mol |      66 |  -12.33 kcal/mol
         15 |       454155 |  -10.21 kcal/mol |  -11.84 +/-    0.35 kcal/mol |       8 |  -12.33 kcal/mol
         20 |       603337 |  -11.18 kcal/mol |  -12.00 +/-    0.16 kcal/mol |       9 |  -12.33 kcal/mol
         25 |       752565 |  -11.73 kcal/mol |  -12.46 +/-    0.46 kcal/mol |       5 |  -13.36 kcal/mol
         30 |       903503 |  -11.08 kcal/mol |  -12.41 +/-    0.44 kcal/mol |      13 |  -13.36 kcal/mol
         35 |      1053848 |  -11.91 kcal/mol |  -13.30 +/-    0.46 kcal/mol |       4 |  -13.89 kcal/mol
         40 |      1200695 |  -11.57 kcal/mol |  -13.24 +/-    0.47 kcal/mol |       7 |  -13.89 kcal/mol
         45 |      1347173 |  -12.23 kcal/mol |  -13.71 +/-    0.24 kcal/mol |      10 |  -14.06 kcal/mol
         50 |      1492044 |  -13.35 kcal/mol |  -14.07 +/-    0.08 kcal/mol |       4 |  -14.16 kcal/mol
         55 |      1639280 |  -13.77 kcal/mol |  -14.16 +/-    0.01 kcal/mol |       3 |  -14.16 kcal/mol
         60 |      1783082 |  -13.41 kcal/mol |  -13.96 +/-    0.14 kcal/mol |      10 |  -14.16 kcal/mol
         65 |      1928739 |  -13.75 kcal/mol |  -14.01 +/-    0.12 kcal/mol |       7 |  -14.16 kcal/mol
------------+--------------+------------------+------------------------------+---------+-------------------

                                   Finished evaluation after reaching
                                  -14.02 +/-    0.13 kcal/mol combined.
                             24 samples, best inter + intra   -14.16 kcal/mol.


Shutdown time 0.000616s

Job #3 took 0.961 sec after waiting 0.049 sec for setup

(Thread 0 is processing Job #3)
Run time of entire job set (3 files): 7.619 sec
Savings from multithreading: -0.000 sec
Idle time of execution thread: 4.595 sec

All jobs (3) ran without errors.
