AutoDock-GPU version: v1.6-7-ga46ab564d2ac5f1a1523f65239b43505a1c29364-dirty

Using 1 OpenMP threads

Running 10 docking calculations

Cuda device:                              NVIDIA A100-SXM4-40GB
Available memory on device:               39916 MB (total: 40339 MB)

CUDA Setup time 0.232156s
(Thread 0 is setting up Job #1)

Running Job #1:
    Device: NVIDIA A100-SXM4-40GB
    Grid map file: ./protein.maps.fld
    Ligand file: ./ligand_1_1.pdbqt
    Output file: docking_result_1.dlg (+ xml)
    Using heuristics: (capped) number of evaluations set to 2068966
    Local-search chosen method is: ADADELTA (ad)

Rest of Setup time 0.308863s

Executing docking runs, stopping automatically after either reaching 0.15 kcal/mol standard deviation of
the best molecules of the last 4 * 5 generations, 42000 generations, or 2068966 evaluations:

Generations |  Evaluations |     Threshold    |  Average energy of best 10%  | Samples | Best Inter + Intra
------------+--------------+------------------+------------------------------+---------+-------------------
          0 |          150 |   -1.93 kcal/mol |   -2.68 +/-    0.23 kcal/mol |       5 |   -3.04 kcal/mol
          5 |       132062 |   -1.98 kcal/mol |   -5.58 +/-    1.70 kcal/mol |     980 |  -12.79 kcal/mol
         10 |       257296 |   -5.55 kcal/mol |  -10.49 +/-    1.21 kcal/mol |      41 |  -13.28 kcal/mol
         15 |       387030 |  -10.05 kcal/mol |  -12.91 +/-    0.23 kcal/mol |       5 |  -13.30 kcal/mol
         20 |       517458 |  -12.21 kcal/mol |  -12.99 +/-    0.19 kcal/mol |       9 |  -13.30 kcal/mol
         25 |       647706 |  -12.68 kcal/mol |  -13.26 +/-    0.03 kcal/mol |       7 |  -13.30 kcal/mol
         30 |       778503 |  -12.94 kcal/mol |  -13.27 +/-    0.02 kcal/mol |       7 |  -13.30 kcal/mol
         35 |       909367 |  -12.95 kcal/mol |  -13.22 +/-    0.10 kcal/mol |       9 |  -13.30 kcal/mol
         40 |      1040674 |  -13.05 kcal/mol |  -13.30 +/-    0.02 kcal/mol |       5 |  -13.31 kcal/mol
------------+--------------+------------------+------------------------------+---------+-------------------

                                   Finished evaluation after reaching
                                  -13.26 +/-    0.07 kcal/mol combined.
                             28 samples, best inter + intra   -13.31 kcal/mol.


Shutdown time 0.000681s

Job #1 took 0.669 sec after waiting 4.460 sec for setup

(Thread 0 is processing Job #1)
(Thread 0 is setting up Job #2)

Running Job #2:
    Device: NVIDIA A100-SXM4-40GB
    Grid map file: ./protein.maps.fld
    Ligand file: ./ligand_2_2.pdbqt
    Output file: docking_result_2.dlg (+ xml)
    Using heuristics: (capped) number of evaluations set to 2068966
    Local-search chosen method is: ADADELTA (ad)

Rest of Setup time 0.308187s

Executing docking runs, stopping automatically after either reaching 0.15 kcal/mol standard deviation of
the best molecules of the last 4 * 5 generations, 42000 generations, or 2068966 evaluations:

Generations |  Evaluations |     Threshold    |  Average energy of best 10%  | Samples | Best Inter + Intra
------------+--------------+------------------+------------------------------+---------+-------------------
          0 |          150 |   -1.91 kcal/mol |   -2.13 +/-    0.16 kcal/mol |      11 |   -2.45 kcal/mol
          5 |       137684 |   -1.91 kcal/mol |   -4.84 +/-    1.38 kcal/mol |     943 |   -9.69 kcal/mol
         10 |       270574 |   -4.82 kcal/mol |   -8.65 +/-    0.84 kcal/mol |      54 |  -10.58 kcal/mol
         15 |       406857 |   -8.42 kcal/mol |  -10.48 +/-    0.15 kcal/mol |       6 |  -10.58 kcal/mol
         20 |       543268 |  -10.11 kcal/mol |  -10.54 +/-    0.06 kcal/mol |       7 |  -10.58 kcal/mol
         25 |       678261 |  -10.22 kcal/mol |  -10.55 +/-    0.06 kcal/mol |       9 |  -10.58 kcal/mol
         30 |       812820 |  -10.30 kcal/mol |  -10.56 +/-    0.04 kcal/mol |      11 |  -10.61 kcal/mol
         35 |       947207 |  -10.35 kcal/mol |  -10.55 +/-    0.07 kcal/mol |      10 |  -10.62 kcal/mol
         40 |      1081440 |  -10.32 kcal/mol |  -10.57 +/-    0.07 kcal/mol |       8 |  -10.63 kcal/mol
         45 |      1212098 |  -10.28 kcal/mol |  -10.53 +/-    0.11 kcal/mol |      13 |  -10.63 kcal/mol
         50 |      1339024 |  -10.41 kcal/mol |  -10.55 +/-    0.07 kcal/mol |      14 |  -10.63 kcal/mol
         55 |      1467860 |  -10.39 kcal/mol |  -10.55 +/-    0.07 kcal/mol |      10 |  -10.63 kcal/mol
------------+--------------+------------------+------------------------------+---------+-------------------

                                   Finished evaluation after reaching
                                  -10.55 +/-    0.08 kcal/mol combined.
                             45 samples, best inter + intra   -10.63 kcal/mol.


Shutdown time 0.000643s

Job #2 took 1.059 sec after waiting 0.034 sec for setup

(Thread 0 is processing Job #2)
(Thread 0 is setting up Job #3)

Running Job #3:
    Device: NVIDIA A100-SXM4-40GB
    Grid map file: ./protein.maps.fld
    Ligand file: ./ligand_3_3.pdbqt
    Output file: docking_result_3.dlg (+ xml)
    Using heuristics: (capped) number of evaluations set to 2845257
    Overriding heuristics, setting number of evaluations to --nev = 2500000 instead.
    Local-search chosen method is: ADADELTA (ad)

Rest of Setup time 0.318596s

Executing docking runs, stopping automatically after either reaching 0.15 kcal/mol standard deviation of
the best molecules of the last 4 * 5 generations, 42000 generations, or 2500000 evaluations:

Generations |  Evaluations |     Threshold    |  Average energy of best 10%  | Samples | Best Inter + Intra
------------+--------------+------------------+------------------------------+---------+-------------------
          0 |          150 |   -1.29 kcal/mol |   -2.20 +/-    0.37 kcal/mol |       4 |   -2.81 kcal/mol
          5 |       137123 |   -0.83 kcal/mol |   -4.36 +/-    1.58 kcal/mol |    1107 |   -9.84 kcal/mol
         10 |       274580 |   -4.34 kcal/mol |   -8.36 +/-    0.70 kcal/mol |      54 |   -9.85 kcal/mol
         15 |       411792 |   -8.17 kcal/mol |  -10.06 +/-    0.48 kcal/mol |       7 |  -11.13 kcal/mol
         20 |       548009 |   -9.03 kcal/mol |  -10.95 +/-    0.32 kcal/mol |       4 |  -11.16 kcal/mol
         25 |       683462 |   -9.76 kcal/mol |  -10.53 +/-    0.55 kcal/mol |       4 |  -11.17 kcal/mol
         30 |       822295 |   -8.48 kcal/mol |  -10.16 +/-    0.47 kcal/mol |      19 |  -11.29 kcal/mol
         35 |       959800 |   -9.79 kcal/mol |  -11.22 +/-    0.11 kcal/mol |       4 |  -11.40 kcal/mol
         40 |      1096916 |  -10.80 kcal/mol |  -11.20 +/-    0.14 kcal/mol |       5 |  -11.40 kcal/mol
         45 |      1233477 |  -10.79 kcal/mol |  -11.32 +/-    0.16 kcal/mol |       8 |  -11.51 kcal/mol
         50 |      1371820 |  -11.02 kcal/mol |  -11.32 +/-    0.17 kcal/mol |       6 |  -11.57 kcal/mol
         55 |      1510567 |  -10.90 kcal/mol |  -11.51 +/-    0.08 kcal/mol |       4 |  -11.59 kcal/mol
         60 |      1645004 |  -11.23 kcal/mol |  -11.43 +/-    0.07 kcal/mol |       6 |  -11.59 kcal/mol
         65 |      1780340 |  -11.06 kcal/mol |  -11.27 +/-    0.16 kcal/mol |       7 |  -11.59 kcal/mol
         70 |      1916910 |  -10.92 kcal/mol |  -11.54 +/-    0.14 kcal/mol |       9 |  -11.79 kcal/mol
         75 |      2054164 |  -11.31 kcal/mol |  -11.63 +/-    0.13 kcal/mol |       7 |  -11.82 kcal/mol
         80 |      2190342 |  -11.34 kcal/mol |  -11.53 +/-    0.14 kcal/mol |       8 |  -11.82 kcal/mol
         85 |      2326286 |  -11.26 kcal/mol |  -11.52 +/-    0.21 kcal/mol |      14 |  -12.15 kcal/mol
         90 |      2461166 |  -11.29 kcal/mol |  -11.97 +/-    0.18 kcal/mol |       6 |  -12.15 kcal/mol
         92 |      2514971 |  -11.53 kcal/mol |  -11.96 +/-    0.17 kcal/mol |       9 |  -12.15 kcal/mol
------------+--------------+------------------+------------------------------+---------+-------------------

                                   Finished evaluation after reaching
                       2514971 evaluations. Best inter + intra   -12.15 kcal/mol.


Shutdown time 0.000633s

Job #3 took 1.515 sec after waiting 0.021 sec for setup

(Thread 0 is processing Job #3)
(Thread 0 is setting up Job #4)

Running Job #4:
    Device: NVIDIA A100-SXM4-40GB
    Grid map file: ./protein.maps.fld
    Ligand file: ./ligand_4_4.pdbqt
    Output file: docking_result_4.dlg (+ xml)
    Using heuristics: (capped) number of evaluations set to 4195460
    Overriding heuristics, setting number of evaluations to --nev = 2500000 instead.
    Warning: The set number of evals is 38.75% of the uncapped heuristics estimate of 6450800 evals.
             This means this docking may not be able to converge. Increasing --heurmax may improve
             convergence but will also increase runtime.
             AutoStop will not stop before 17.33% (433129) of the set number of evaluations.
    Local-search chosen method is: ADADELTA (ad)

Rest of Setup time 0.321532s

Executing docking runs, stopping automatically after either reaching 0.15 kcal/mol standard deviation of
the best molecules of the last 4 * 5 generations, 42000 generations, or 2500000 evaluations:

Generations |  Evaluations |     Threshold    |  Average energy of best 10%  | Samples | Best Inter + Intra
------------+--------------+------------------+------------------------------+---------+-------------------
          0 |          150 |   -1.75 kcal/mol |   -2.83 +/-    0.36 kcal/mol |       6 |   -3.33 kcal/mol
          5 |       143764 |   -1.94 kcal/mol |   -6.05 +/-    1.81 kcal/mol |    1162 |  -11.16 kcal/mol
         10 |       288014 |   -6.02 kcal/mol |  -10.74 +/-    0.74 kcal/mol |      39 |  -12.22 kcal/mol
         15 |       435769 |  -10.46 kcal/mol |  -12.44 +/-    0.42 kcal/mol |       6 |  -13.33 kcal/mol
         20 |       582630 |  -11.39 kcal/mol |  -12.80 +/-    0.53 kcal/mol |       9 |  -13.73 kcal/mol
         25 |       726220 |  -11.91 kcal/mol |  -13.57 +/-    0.36 kcal/mol |       4 |  -13.95 kcal/mol
         30 |       871490 |  -12.21 kcal/mol |  -13.61 +/-    0.55 kcal/mol |       7 |  -14.33 kcal/mol
         35 |      1013153 |  -12.43 kcal/mol |  -14.08 +/-    0.36 kcal/mol |       5 |  -14.64 kcal/mol
         40 |      1156828 |  -13.01 kcal/mol |  -14.26 +/-    0.39 kcal/mol |       4 |  -14.64 kcal/mol
         45 |      1301055 |  -12.81 kcal/mol |  -13.93 +/-    0.34 kcal/mol |       6 |  -14.64 kcal/mol
         50 |      1444444 |  -13.09 kcal/mol |  -14.27 +/-    0.43 kcal/mol |       5 |  -14.89 kcal/mol
         55 |      1587847 |  -12.99 kcal/mol |  -14.24 +/-    0.44 kcal/mol |       4 |  -14.98 kcal/mol
         60 |      1727550 |  -12.57 kcal/mol |  -13.98 +/-    0.51 kcal/mol |       7 |  -14.98 kcal/mol
         65 |      1871577 |  -12.87 kcal/mol |  -14.36 +/-    0.42 kcal/mol |       4 |  -14.98 kcal/mol
         70 |      2016227 |  -12.77 kcal/mol |  -14.35 +/-    0.55 kcal/mol |       6 |  -14.98 kcal/mol
         75 |      2160979 |  -12.98 kcal/mol |  -14.39 +/-    0.46 kcal/mol |       4 |  -14.98 kcal/mol
         80 |      2305988 |  -12.68 kcal/mol |  -14.21 +/-    0.47 kcal/mol |       8 |  -14.98 kcal/mol
         85 |      2450648 |  -13.32 kcal/mol |  -14.39 +/-    0.32 kcal/mol |       7 |  -14.98 kcal/mol
         87 |      2507694 |  -13.72 kcal/mol |  -14.70 +/-    0.19 kcal/mol |       7 |  -14.98 kcal/mol
------------+--------------+------------------+------------------------------+---------+-------------------

                                   Finished evaluation after reaching
                       2507694 evaluations. Best inter + intra   -14.98 kcal/mol.


Shutdown time 0.000765s

Job #4 took 2.144 sec after waiting 0.029 sec for setup

(Thread 0 is processing Job #4)
(Thread 0 is setting up Job #5)

Running Job #5:
    Device: NVIDIA A100-SXM4-40GB
    Grid map file: ./protein.maps.fld
    Ligand file: ./ligand_5_5.pdbqt
    Output file: docking_result_5.dlg (+ xml)
    Using heuristics: (capped) number of evaluations set to 2068966
    Local-search chosen method is: ADADELTA (ad)

Rest of Setup time 0.321536s

Executing docking runs, stopping automatically after either reaching 0.15 kcal/mol standard deviation of
the best molecules of the last 4 * 5 generations, 42000 generations, or 2068966 evaluations:

Generations |  Evaluations |     Threshold    |  Average energy of best 10%  | Samples | Best Inter + Intra
------------+--------------+------------------+------------------------------+---------+-------------------
          0 |          150 |   -2.55 kcal/mol |   -3.00 +/-    0.15 kcal/mol |       5 |   -3.22 kcal/mol
          5 |       142839 |   -2.55 kcal/mol |   -5.45 +/-    1.53 kcal/mol |    1063 |  -10.98 kcal/mol
         10 |       283789 |   -5.43 kcal/mol |   -9.49 +/-    0.79 kcal/mol |      38 |  -11.04 kcal/mol
         15 |       426759 |   -9.17 kcal/mol |  -11.27 +/-    0.44 kcal/mol |       8 |  -11.95 kcal/mol
         20 |       573475 |  -10.45 kcal/mol |  -11.75 +/-    0.24 kcal/mol |       7 |  -12.20 kcal/mol
         25 |       716390 |  -11.23 kcal/mol |  -12.00 +/-    0.19 kcal/mol |      10 |  -12.37 kcal/mol
         30 |       861142 |  -11.72 kcal/mol |  -12.29 +/-    0.10 kcal/mol |       6 |  -12.41 kcal/mol
         35 |      1005387 |  -12.03 kcal/mol |  -12.24 +/-    0.11 kcal/mol |       7 |  -12.41 kcal/mol
         40 |      1149661 |  -11.99 kcal/mol |  -12.33 +/-    0.08 kcal/mol |      11 |  -12.43 kcal/mol
         45 |      1290094 |  -12.22 kcal/mol |  -12.38 +/-    0.09 kcal/mol |       7 |  -12.49 kcal/mol
         50 |      1429386 |  -12.18 kcal/mol |  -12.37 +/-    0.08 kcal/mol |       7 |  -12.50 kcal/mol
         55 |      1569300 |  -12.20 kcal/mol |  -12.39 +/-    0.12 kcal/mol |      11 |  -12.72 kcal/mol
         60 |      1707617 |  -12.23 kcal/mol |  -12.70 +/-    0.02 kcal/mol |       4 |  -12.72 kcal/mol
         65 |      1849009 |  -12.13 kcal/mol |  -12.51 +/-    0.17 kcal/mol |      17 |  -12.73 kcal/mol
         70 |      1988295 |  -12.37 kcal/mol |  -12.69 +/-    0.06 kcal/mol |      16 |  -12.75 kcal/mol
         73 |      2071544 |  -12.55 kcal/mol |  -12.71 +/-    0.05 kcal/mol |      25 |  -12.76 kcal/mol
------------+--------------+------------------+------------------------------+---------+-------------------

                                   Finished evaluation after reaching
                       2071544 evaluations. Best inter + intra   -12.76 kcal/mol.


Shutdown time 0.000720s

Job #5 took 1.667 sec after waiting 0.043 sec for setup

(Thread 0 is processing Job #5)
(Thread 0 is setting up Job #6)

Running Job #6:
    Device: NVIDIA A100-SXM4-40GB
    Grid map file: ./protein.maps.fld
    Ligand file: ./ligand_6_6.pdbqt
    Output file: docking_result_6.dlg (+ xml)
    Using heuristics: (capped) number of evaluations set to 2068966
    Local-search chosen method is: ADADELTA (ad)

Rest of Setup time 0.308529s

Executing docking runs, stopping automatically after either reaching 0.15 kcal/mol standard deviation of
the best molecules of the last 4 * 5 generations, 42000 generations, or 2068966 evaluations:

Generations |  Evaluations |     Threshold    |  Average energy of best 10%  | Samples | Best Inter + Intra
------------+--------------+------------------+------------------------------+---------+-------------------
          0 |          150 |   -1.51 kcal/mol |   -3.15 +/-    1.06 kcal/mol |       4 |   -4.95 kcal/mol
          5 |       129450 |    0.82 kcal/mol |   -4.22 +/-    1.89 kcal/mol |    1154 |  -11.17 kcal/mol
         10 |       250114 |   -4.19 kcal/mol |   -9.33 +/-    0.83 kcal/mol |      41 |  -11.56 kcal/mol
         15 |       372924 |   -9.03 kcal/mol |  -11.14 +/-    0.21 kcal/mol |       7 |  -11.61 kcal/mol
         20 |       494970 |  -10.69 kcal/mol |  -11.18 +/-    0.22 kcal/mol |       5 |  -11.61 kcal/mol
         25 |       617847 |  -10.51 kcal/mol |  -11.13 +/-    0.20 kcal/mol |       8 |  -11.61 kcal/mol
         30 |       741861 |  -10.76 kcal/mol |  -11.49 +/-    0.36 kcal/mol |       8 |  -12.12 kcal/mol
         35 |       864909 |  -10.82 kcal/mol |  -11.53 +/-    0.36 kcal/mol |       4 |  -12.12 kcal/mol
         40 |       988923 |  -10.16 kcal/mol |  -11.22 +/-    0.30 kcal/mol |      13 |  -12.12 kcal/mol
         45 |      1110338 |  -10.88 kcal/mol |  -11.44 +/-    0.22 kcal/mol |      13 |  -12.14 kcal/mol
         50 |      1231421 |  -11.19 kcal/mol |  -11.98 +/-    0.14 kcal/mol |       7 |  -12.14 kcal/mol
         55 |      1352722 |  -11.67 kcal/mol |  -12.14 +/-    0.00 kcal/mol |       1 |  -12.14 kcal/mol
         60 |      1472147 |   -9.89 kcal/mol |  -11.08 +/-    0.55 kcal/mol |      50 |  -12.14 kcal/mol
         65 |      1592013 |  -10.92 kcal/mol |  -12.11 +/-    0.07 kcal/mol |       6 |  -12.16 kcal/mol
         70 |      1711914 |  -11.74 kcal/mol |  -12.03 +/-    0.08 kcal/mol |       9 |  -12.17 kcal/mol
         75 |      1832704 |  -11.90 kcal/mol |  -12.08 +/-    0.06 kcal/mol |       7 |  -12.17 kcal/mol
         80 |      1952931 |  -11.76 kcal/mol |  -11.99 +/-    0.14 kcal/mol |      15 |  -12.17 kcal/mol
------------+--------------+------------------+------------------------------+---------+-------------------

                                   Finished evaluation after reaching
                                  -12.04 +/-    0.11 kcal/mol combined.
                             37 samples, best inter + intra   -12.17 kcal/mol.


Shutdown time 0.000715s

Job #6 took 1.715 sec after waiting 0.032 sec for setup

(Thread 0 is processing Job #6)
(Thread 0 is setting up Job #7)

Running Job #7:
    Device: NVIDIA A100-SXM4-40GB
    Grid map file: ./protein.maps.fld
    Ligand file: ./ligand_7_7.pdbqt
    Output file: docking_result_7.dlg (+ xml)
    Using heuristics: (capped) number of evaluations set to 2068966
    Local-search chosen method is: ADADELTA (ad)

Rest of Setup time 0.308392s

Executing docking runs, stopping automatically after either reaching 0.15 kcal/mol standard deviation of
the best molecules of the last 4 * 5 generations, 42000 generations, or 2068966 evaluations:

Generations |  Evaluations |     Threshold    |  Average energy of best 10%  | Samples | Best Inter + Intra
------------+--------------+------------------+------------------------------+---------+-------------------
          0 |          150 |   -2.60 kcal/mol |   -2.73 +/-    0.09 kcal/mol |      11 |   -2.88 kcal/mol
          5 |       135412 |   -2.61 kcal/mol |   -5.62 +/-    1.54 kcal/mol |    1068 |  -11.26 kcal/mol
         10 |       259778 |   -5.60 kcal/mol |   -9.54 +/-    0.65 kcal/mol |      46 |  -11.26 kcal/mol
         15 |       384642 |   -9.33 kcal/mol |  -11.12 +/-    0.14 kcal/mol |       5 |  -11.26 kcal/mol
         20 |       508435 |  -10.71 kcal/mol |  -10.97 +/-    0.14 kcal/mol |       9 |  -11.26 kcal/mol
         25 |       628532 |  -10.74 kcal/mol |  -11.02 +/-    0.14 kcal/mol |      15 |  -11.26 kcal/mol
         30 |       749150 |  -10.88 kcal/mol |  -11.09 +/-    0.11 kcal/mol |      23 |  -11.26 kcal/mol
------------+--------------+------------------+------------------------------+---------+-------------------

                                   Finished evaluation after reaching
                                  -11.05 +/-    0.14 kcal/mol combined.
                             52 samples, best inter + intra   -11.26 kcal/mol.


Shutdown time 0.000701s

Job #7 took 0.895 sec after waiting 0.034 sec for setup

(Thread 0 is processing Job #7)
(Thread 0 is setting up Job #8)

Running Job #8:
    Device: NVIDIA A100-SXM4-40GB
    Grid map file: ./protein.maps.fld
    Ligand file: ./ligand_8_8.pdbqt
    Output file: docking_result_8.dlg (+ xml)
    Using heuristics: (capped) number of evaluations set to 2280181
    Local-search chosen method is: ADADELTA (ad)

Rest of Setup time 0.317634s

Executing docking runs, stopping automatically after either reaching 0.15 kcal/mol standard deviation of
the best molecules of the last 4 * 5 generations, 42000 generations, or 2280181 evaluations:

Generations |  Evaluations |     Threshold    |  Average energy of best 10%  | Samples | Best Inter + Intra
------------+--------------+------------------+------------------------------+---------+-------------------
          0 |          150 |   -2.33 kcal/mol |   -2.74 +/-    0.16 kcal/mol |       6 |   -2.99 kcal/mol
          5 |       132805 |   -2.33 kcal/mol |   -6.76 +/-    1.95 kcal/mol |    1126 |  -13.53 kcal/mol
         10 |       268773 |   -6.73 kcal/mol |  -11.88 +/-    1.05 kcal/mol |      38 |  -14.03 kcal/mol
         15 |       407045 |  -11.47 kcal/mol |  -13.70 +/-    0.23 kcal/mol |       7 |  -14.07 kcal/mol
         20 |       547552 |  -13.20 kcal/mol |  -14.17 +/-    0.30 kcal/mol |       4 |  -14.51 kcal/mol
         25 |       686784 |  -13.06 kcal/mol |  -14.13 +/-    0.28 kcal/mol |       7 |  -14.51 kcal/mol
         30 |       828307 |  -13.52 kcal/mol |  -14.64 +/-    0.24 kcal/mol |       5 |  -14.90 kcal/mol
         35 |       970568 |  -13.91 kcal/mol |  -14.86 +/-    0.14 kcal/mol |       5 |  -15.01 kcal/mol
         40 |      1111236 |  -14.44 kcal/mol |  -14.99 +/-    0.17 kcal/mol |       6 |  -15.29 kcal/mol
         45 |      1250817 |  -14.57 kcal/mol |  -15.16 +/-    0.19 kcal/mol |       7 |  -15.53 kcal/mol
         50 |      1388095 |  -14.75 kcal/mol |  -15.14 +/-    0.20 kcal/mol |       6 |  -15.53 kcal/mol
         55 |      1527325 |  -14.64 kcal/mol |  -15.33 +/-    0.21 kcal/mol |       4 |  -15.53 kcal/mol
         60 |      1663702 |  -14.55 kcal/mol |  -15.12 +/-    0.19 kcal/mol |       9 |  -15.53 kcal/mol
         65 |      1803279 |  -14.80 kcal/mol |  -15.11 +/-    0.20 kcal/mol |      10 |  -15.53 kcal/mol
         70 |      1941694 |  -14.81 kcal/mol |  -15.50 +/-    0.21 kcal/mol |       7 |  -15.96 kcal/mol
         75 |      2079274 |  -15.05 kcal/mol |  -15.56 +/-    0.23 kcal/mol |       5 |  -16.00 kcal/mol
         80 |      2218758 |  -14.87 kcal/mol |  -15.61 +/-    0.18 kcal/mol |       6 |  -16.00 kcal/mol
         83 |      2302160 |  -15.17 kcal/mol |  -15.65 +/-    0.18 kcal/mol |      11 |  -16.00 kcal/mol
------------+--------------+------------------+------------------------------+---------+-------------------

                                   Finished evaluation after reaching
                       2302160 evaluations. Best inter + intra   -16.00 kcal/mol.


Shutdown time 0.000700s

Job #8 took 2.183 sec after waiting 0.032 sec for setup

(Thread 0 is processing Job #8)
(Thread 0 is setting up Job #9)

Running Job #9:
    Device: NVIDIA A100-SXM4-40GB
    Grid map file: ./protein.maps.fld
    Ligand file: ./ligand_9_9.pdbqt
    Output file: docking_result_9.dlg (+ xml)
    Using heuristics: (capped) number of evaluations set to 2068966
    Local-search chosen method is: ADADELTA (ad)

Rest of Setup time 0.317183s

Executing docking runs, stopping automatically after either reaching 0.15 kcal/mol standard deviation of
the best molecules of the last 4 * 5 generations, 42000 generations, or 2068966 evaluations:

Generations |  Evaluations |     Threshold    |  Average energy of best 10%  | Samples | Best Inter + Intra
------------+--------------+------------------+------------------------------+---------+-------------------
          0 |          150 |   -1.14 kcal/mol |   -1.95 +/-    0.27 kcal/mol |       5 |   -2.47 kcal/mol
          5 |       139911 |   -1.14 kcal/mol |   -4.44 +/-    1.43 kcal/mol |     949 |   -9.20 kcal/mol
         10 |       272393 |   -4.42 kcal/mol |   -8.22 +/-    0.88 kcal/mol |      55 |  -12.05 kcal/mol
         15 |       408000 |   -7.98 kcal/mol |  -11.11 +/-    0.72 kcal/mol |      11 |  -12.27 kcal/mol
         20 |       544914 |  -10.13 kcal/mol |  -11.33 +/-    0.55 kcal/mol |       4 |  -12.27 kcal/mol
         25 |       681176 |   -9.27 kcal/mol |  -11.42 +/-    0.66 kcal/mol |       6 |  -12.27 kcal/mol
         30 |       816440 |   -9.77 kcal/mol |  -11.84 +/-    0.44 kcal/mol |       7 |  -12.42 kcal/mol
         35 |       950022 |  -10.91 kcal/mol |  -11.99 +/-    0.43 kcal/mol |       4 |  -12.42 kcal/mol
         40 |      1082489 |  -10.37 kcal/mol |  -12.02 +/-    0.39 kcal/mol |       7 |  -12.42 kcal/mol
         45 |      1213469 |  -11.17 kcal/mol |  -12.32 +/-    0.19 kcal/mol |       5 |  -12.50 kcal/mol
         50 |      1342380 |  -11.76 kcal/mol |  -12.37 +/-    0.16 kcal/mol |       9 |  -12.54 kcal/mol
         55 |      1472623 |  -12.10 kcal/mol |  -12.48 +/-    0.11 kcal/mol |       5 |  -12.57 kcal/mol
         60 |      1600539 |  -12.14 kcal/mol |  -12.46 +/-    0.08 kcal/mol |       4 |  -12.57 kcal/mol
         65 |      1731009 |  -12.15 kcal/mol |  -12.41 +/-    0.15 kcal/mol |       9 |  -12.58 kcal/mol
         70 |      1859236 |  -12.16 kcal/mol |  -12.51 +/-    0.07 kcal/mol |      10 |  -12.61 kcal/mol
         75 |      1985051 |  -12.28 kcal/mol |  -12.47 +/-    0.10 kcal/mol |       9 |  -12.61 kcal/mol
         79 |      2084903 |  -12.31 kcal/mol |  -12.47 +/-    0.11 kcal/mol |      15 |  -12.61 kcal/mol
------------+--------------+------------------+------------------------------+---------+-------------------

                                   Finished evaluation after reaching
                       2084903 evaluations. Best inter + intra   -12.61 kcal/mol.


Shutdown time 0.000690s

Job #9 took 1.251 sec after waiting 0.051 sec for setup

(Thread 0 is processing Job #9)
(Thread 0 is setting up Job #10)

Running Job #10:
    Device: NVIDIA A100-SXM4-40GB
    Grid map file: ./protein.maps.fld
    Ligand file: ./ligand_10_10.pdbqt
    Output file: docking_result_10.dlg (+ xml)
    Using heuristics: (capped) number of evaluations set to 2068966
    Local-search chosen method is: ADADELTA (ad)

Rest of Setup time 0.319613s

Executing docking runs, stopping automatically after either reaching 0.15 kcal/mol standard deviation of
the best molecules of the last 4 * 5 generations, 42000 generations, or 2068966 evaluations:

Generations |  Evaluations |     Threshold    |  Average energy of best 10%  | Samples | Best Inter + Intra
------------+--------------+------------------+------------------------------+---------+-------------------
          0 |          150 |   -2.03 kcal/mol |   -2.64 +/-    0.20 kcal/mol |       5 |   -3.02 kcal/mol
          5 |       119848 |   -2.03 kcal/mol |   -4.72 +/-    1.43 kcal/mol |     837 |  -11.87 kcal/mol
         10 |       236976 |   -4.69 kcal/mol |   -8.71 +/-    1.00 kcal/mol |      35 |  -12.24 kcal/mol
         15 |       354472 |   -8.28 kcal/mol |  -10.82 +/-    0.91 kcal/mol |       4 |  -12.24 kcal/mol
         20 |       472259 |   -7.39 kcal/mol |  -10.43 +/-    0.87 kcal/mol |      21 |  -12.24 kcal/mol
         25 |       590805 |   -9.81 kcal/mol |  -11.67 +/-    0.34 kcal/mol |       4 |  -12.24 kcal/mol
         30 |       709101 |  -10.38 kcal/mol |  -11.67 +/-    0.33 kcal/mol |      11 |  -12.24 kcal/mol
         35 |       824843 |  -11.23 kcal/mol |  -12.23 +/-    0.14 kcal/mol |       6 |  -12.47 kcal/mol
         40 |       941245 |  -11.87 kcal/mol |  -12.22 +/-    0.12 kcal/mol |       6 |  -12.49 kcal/mol
         45 |      1058042 |  -11.92 kcal/mol |  -12.34 +/-    0.14 kcal/mol |       5 |  -12.51 kcal/mol
         50 |      1175100 |  -11.91 kcal/mol |  -12.28 +/-    0.13 kcal/mol |       5 |  -12.51 kcal/mol
         55 |      1291329 |  -11.89 kcal/mol |  -12.24 +/-    0.15 kcal/mol |       6 |  -12.51 kcal/mol
         60 |      1407481 |  -11.86 kcal/mol |  -12.32 +/-    0.12 kcal/mol |       4 |  -12.51 kcal/mol
------------+--------------+------------------+------------------------------+---------+-------------------

                                   Finished evaluation after reaching
                                  -12.29 +/-    0.14 kcal/mol combined.
                             20 samples, best inter + intra   -12.51 kcal/mol.


Shutdown time 0.000714s

Job #10 took 0.856 sec after waiting 0.027 sec for setup

(Thread 0 is processing Job #10)
Run time of entire job set (10 files): 18.744 sec
Savings from multithreading: -0.001 sec
Idle time of execution thread: 4.790 sec

All jobs (10) ran without errors.
