AutoDock-GPU version: v1.6-7-ga46ab564d2ac5f1a1523f65239b43505a1c29364-dirty

Using 1 OpenMP threads

Running 3 docking calculations

Cuda device:                              NVIDIA A100-SXM4-40GB
Available memory on device:               39916 MB (total: 40339 MB)

CUDA Setup time 0.229232s
(Thread 0 is setting up Job #1)

Running Job #1:
    Device: NVIDIA A100-SXM4-40GB
    Grid map file: ./protein.maps.fld
    Ligand file: ./ligand_1_1.pdbqt
    Output file: docking_result_1.dlg (+ xml)
    Using heuristics: (capped) number of evaluations set to 5732309
    Overriding heuristics, setting number of evaluations to --nev = 2500000 instead.
    Warning: The set number of evals is 22.78% of the uncapped heuristics estimate of 10974965 evals.
             This means this docking may not be able to converge. Increasing --heurmax may improve
             convergence but will also increase runtime.
             AutoStop will not stop before 40.36% (1009012) of the set number of evaluations.
    Local-search chosen method is: ADADELTA (ad)

Rest of Setup time 0.307809s

Executing docking runs, stopping automatically after either reaching 0.15 kcal/mol standard deviation of
the best molecules of the last 4 * 5 generations, 42000 generations, or 2500000 evaluations:

Generations |  Evaluations |     Threshold    |  Average energy of best 10%  | Samples | Best Inter + Intra
------------+--------------+------------------+------------------------------+---------+-------------------
          0 |          150 |  172.87 kcal/mol |  113.16 +/-   15.92 kcal/mol |       4 |   94.11 kcal/mol
          5 |       119095 |  172.87 kcal/mol |   14.02 +/-   26.76 kcal/mol |    1080 |   -9.71 kcal/mol
         10 |       232530 |   14.39 kcal/mol |   -9.60 +/-    0.55 kcal/mol |       4 |  -10.46 kcal/mol
         15 |       346303 |   -7.54 kcal/mol |   -9.40 +/-    0.61 kcal/mol |      11 |  -10.46 kcal/mol
         20 |       461249 |   -8.56 kcal/mol |  -10.73 +/-    1.29 kcal/mol |       4 |  -12.96 kcal/mol
         25 |       570066 |   -5.89 kcal/mol |   -9.93 +/-    1.37 kcal/mol |      14 |  -12.96 kcal/mol
         30 |       675358 |   -8.46 kcal/mol |  -12.86 +/-    0.10 kcal/mol |       4 |  -12.96 kcal/mol
         35 |       777087 |  -12.49 kcal/mol |  -12.82 +/-    0.09 kcal/mol |       3 |  -12.96 kcal/mol
         40 |       875342 |  -12.36 kcal/mol |  -12.82 +/-    0.09 kcal/mol |       3 |  -12.96 kcal/mol
         45 |       970058 |  -12.36 kcal/mol |  -12.91 +/-    0.09 kcal/mol |       4 |  -12.96 kcal/mol
         50 |      1061014 |  -12.58 kcal/mol |  -13.03 +/-    0.23 kcal/mol |       4 |  -13.39 kcal/mol
------------+--------------+------------------+------------------------------+---------+-------------------

                                   Finished evaluation after reaching
                                  -12.91 +/-    0.17 kcal/mol combined.
                             14 samples, best inter + intra   -13.39 kcal/mol.


Shutdown time 0.000648s

Job #1 took 0.841 sec after waiting 4.445 sec for setup

(Thread 0 is processing Job #1)
(Thread 0 is setting up Job #2)

Running Job #2:
    Device: NVIDIA A100-SXM4-40GB
    Grid map file: ./protein.maps.fld
    Ligand file: ./ligand_2_2.pdbqt
    Output file: docking_result_2.dlg (+ xml)
    Using heuristics: (capped) number of evaluations set to 2068966
    Local-search chosen method is: ADADELTA (ad)

Rest of Setup time 0.305275s

Executing docking runs, stopping automatically after either reaching 0.15 kcal/mol standard deviation of
the best molecules of the last 4 * 5 generations, 42000 generations, or 2068966 evaluations:

Generations |  Evaluations |     Threshold    |  Average energy of best 10%  | Samples | Best Inter + Intra
------------+--------------+------------------+------------------------------+---------+-------------------
          0 |          150 |   -1.99 kcal/mol |   -2.67 +/-    0.23 kcal/mol |       5 |   -3.07 kcal/mol
          5 |       126007 |   -1.99 kcal/mol |   -5.89 +/-    1.96 kcal/mol |     929 |  -15.10 kcal/mol
         10 |       250471 |   -5.86 kcal/mol |  -12.35 +/-    1.77 kcal/mol |      32 |  -15.94 kcal/mol
         15 |       378344 |  -11.52 kcal/mol |  -15.83 +/-    0.18 kcal/mol |       4 |  -15.94 kcal/mol
         20 |       509533 |  -15.16 kcal/mol |  -15.62 +/-    0.30 kcal/mol |       5 |  -16.21 kcal/mol
         25 |       642076 |  -14.72 kcal/mol |  -15.75 +/-    0.33 kcal/mol |       6 |  -16.21 kcal/mol
         30 |       774652 |  -14.93 kcal/mol |  -16.01 +/-    0.21 kcal/mol |       7 |  -16.21 kcal/mol
         35 |       907374 |  -15.54 kcal/mol |  -16.03 +/-    0.26 kcal/mol |       4 |  -16.22 kcal/mol
         40 |      1041032 |  -15.07 kcal/mol |  -15.98 +/-    0.24 kcal/mol |      10 |  -16.22 kcal/mol
         45 |      1172997 |  -15.63 kcal/mol |  -16.07 +/-    0.11 kcal/mol |      13 |  -16.22 kcal/mol
         50 |      1303953 |  -15.94 kcal/mol |  -16.10 +/-    0.08 kcal/mol |      15 |  -16.22 kcal/mol
         55 |      1435809 |  -16.02 kcal/mol |  -16.15 +/-    0.07 kcal/mol |       7 |  -16.22 kcal/mol
------------+--------------+------------------+------------------------------+---------+-------------------

                                   Finished evaluation after reaching
                                  -16.08 +/-    0.15 kcal/mol combined.
                             45 samples, best inter + intra   -16.22 kcal/mol.


Shutdown time 0.000707s

Job #2 took 0.918 sec after waiting 0.054 sec for setup

(Thread 0 is processing Job #2)
(Thread 0 is setting up Job #3)

Running Job #3:
    Device: NVIDIA A100-SXM4-40GB
    Grid map file: ./protein.maps.fld
    Ligand file: ./ligand_3_3.pdbqt
    Output file: docking_result_3.dlg (+ xml)
    Using heuristics: (capped) number of evaluations set to 2068966
    Local-search chosen method is: ADADELTA (ad)

Rest of Setup time 0.301817s

Executing docking runs, stopping automatically after either reaching 0.15 kcal/mol standard deviation of
the best molecules of the last 4 * 5 generations, 42000 generations, or 2068966 evaluations:

Generations |  Evaluations |     Threshold    |  Average energy of best 10%  | Samples | Best Inter + Intra
------------+--------------+------------------+------------------------------+---------+-------------------
          0 |          150 |   -1.78 kcal/mol |   -2.68 +/-    0.35 kcal/mol |       4 |   -3.15 kcal/mol
          5 |       114991 |   -1.35 kcal/mol |   -5.11 +/-    1.75 kcal/mol |     963 |  -10.84 kcal/mol
         10 |       230795 |   -5.09 kcal/mol |   -9.91 +/-    1.07 kcal/mol |      38 |  -12.49 kcal/mol
         15 |       353799 |   -9.49 kcal/mol |  -12.12 +/-    0.37 kcal/mol |       5 |  -12.63 kcal/mol
         20 |       478999 |  -11.01 kcal/mol |  -12.39 +/-    0.41 kcal/mol |       6 |  -13.00 kcal/mol
         25 |       605004 |  -11.36 kcal/mol |  -12.88 +/-    0.22 kcal/mol |       9 |  -13.20 kcal/mol
         30 |       731665 |  -12.52 kcal/mol |  -13.23 +/-    0.24 kcal/mol |       8 |  -13.82 kcal/mol
         35 |       859823 |  -12.79 kcal/mol |  -13.47 +/-    0.35 kcal/mol |       4 |  -14.06 kcal/mol
         40 |       986432 |  -12.15 kcal/mol |  -13.39 +/-    0.47 kcal/mol |      10 |  -14.21 kcal/mol
         45 |      1114847 |  -12.69 kcal/mol |  -14.24 +/-    0.32 kcal/mol |       8 |  -14.82 kcal/mol
         50 |      1241596 |  -13.64 kcal/mol |  -14.86 +/-    0.28 kcal/mol |       4 |  -15.29 kcal/mol
         55 |      1367931 |  -13.80 kcal/mol |  -14.58 +/-    0.26 kcal/mol |       9 |  -15.29 kcal/mol
         60 |      1491098 |  -14.15 kcal/mol |  -15.05 +/-    0.24 kcal/mol |       7 |  -15.30 kcal/mol
         65 |      1616499 |  -14.53 kcal/mol |  -14.93 +/-    0.32 kcal/mol |       4 |  -15.30 kcal/mol
         70 |      1744512 |  -13.73 kcal/mol |  -14.80 +/-    0.31 kcal/mol |       8 |  -15.30 kcal/mol
         75 |      1870409 |  -14.23 kcal/mol |  -15.30 +/-    0.02 kcal/mol |       4 |  -15.32 kcal/mol
         80 |      1996325 |  -14.74 kcal/mol |  -15.31 +/-    0.01 kcal/mol |       2 |  -15.32 kcal/mol
         83 |      2072402 |  -14.19 kcal/mol |  -15.08 +/-    0.32 kcal/mol |      12 |  -15.32 kcal/mol
------------+--------------+------------------+------------------------------+---------+-------------------

                                   Finished evaluation after reaching
                       2072402 evaluations. Best inter + intra   -15.32 kcal/mol.


Shutdown time 0.000661s

Job #3 took 1.164 sec after waiting 0.046 sec for setup

(Thread 0 is processing Job #3)
Run time of entire job set (3 files): 7.515 sec
Savings from multithreading: -0.000 sec
Idle time of execution thread: 4.592 sec

All jobs (3) ran without errors.
