AutoDock-GPU version: v1.6-7-ga46ab564d2ac5f1a1523f65239b43505a1c29364-dirty

Running 1 docking calculation

Cuda device:                              NVIDIA A100-SXM4-40GB
Available memory on device:               39916 MB (total: 40339 MB)

CUDA Setup time 0.236711s
(Thread 0 is setting up Job #1)

Running Job #1
    Using heuristics: (capped) number of evaluations set to 7973093
    Overriding heuristics, setting number of evaluations to --nev = 2500000 instead.
    Warning: The set number of evals is 10.52% of the uncapped heuristics estimate of 23759450 evals.
             This means this docking may not be able to converge. Increasing --heurmax may improve
             convergence but will also increase runtime.
             AutoStop will not stop before 76.79% (1919714) of the set number of evaluations.
    Local-search chosen method is: ADADELTA (ad)

Rest of Setup time 0.309050s

Executing docking runs, stopping automatically after either reaching 0.15 kcal/mol standard deviation of
the best molecules of the last 4 * 5 generations, 42000 generations, or 2500000 evaluations:

Generations |  Evaluations |     Threshold    |  Average energy of best 10%  | Samples | Best Inter + Intra
------------+--------------+------------------+------------------------------+---------+-------------------
          0 |          150 |  354.83 kcal/mol |  220.47 +/-   44.79 kcal/mol |       5 |  142.67 kcal/mol
          5 |       113372 |  354.83 kcal/mol |    9.78 +/-   32.25 kcal/mol |    1125 |  -10.56 kcal/mol
         10 |       210960 |   10.21 kcal/mol |  -10.69 +/-    0.43 kcal/mol |       6 |  -11.41 kcal/mol
         15 |       312430 |   -9.61 kcal/mol |  -11.07 +/-    0.42 kcal/mol |       4 |  -11.41 kcal/mol
         20 |       414551 |   -9.49 kcal/mol |  -11.25 +/-    0.92 kcal/mol |       7 |  -13.07 kcal/mol
         25 |       516235 |   -9.28 kcal/mol |  -12.10 +/-    0.58 kcal/mol |       5 |  -13.07 kcal/mol
         30 |       616065 |  -10.35 kcal/mol |  -12.47 +/-    0.74 kcal/mol |      10 |  -13.87 kcal/mol
         35 |       717259 |  -11.36 kcal/mol |  -13.29 +/-    0.66 kcal/mol |       4 |  -13.87 kcal/mol
         40 |       816503 |  -10.84 kcal/mol |  -13.31 +/-    0.63 kcal/mol |       4 |  -13.87 kcal/mol
         45 |       915403 |  -10.93 kcal/mol |  -13.39 +/-    0.55 kcal/mol |       5 |  -14.28 kcal/mol
         50 |      1011503 |  -11.74 kcal/mol |  -13.81 +/-    0.88 kcal/mol |       6 |  -15.44 kcal/mol
         55 |      1107817 |  -11.61 kcal/mol |  -14.34 +/-    0.63 kcal/mol |       5 |  -15.44 kcal/mol
         60 |      1201113 |  -12.45 kcal/mol |  -14.51 +/-    0.56 kcal/mol |       6 |  -15.44 kcal/mol
         65 |      1296304 |  -13.11 kcal/mol |  -14.07 +/-    0.79 kcal/mol |       5 |  -15.44 kcal/mol
         70 |      1390227 |  -11.70 kcal/mol |  -13.98 +/-    0.66 kcal/mol |       7 |  -15.44 kcal/mol
         75 |      1482696 |  -12.56 kcal/mol |  -13.94 +/-    0.88 kcal/mol |       4 |  -15.44 kcal/mol
         80 |      1576913 |  -10.63 kcal/mol |  -13.51 +/-    0.85 kcal/mol |      11 |  -15.44 kcal/mol
         85 |      1670172 |  -12.35 kcal/mol |  -13.96 +/-    0.78 kcal/mol |       6 |  -15.44 kcal/mol
         90 |      1762156 |  -12.02 kcal/mol |  -15.02 +/-    0.73 kcal/mol |       4 |  -15.44 kcal/mol
         95 |      1853371 |  -12.27 kcal/mol |  -14.19 +/-    0.72 kcal/mol |       4 |  -15.44 kcal/mol
        100 |      1944446 |  -11.49 kcal/mol |  -13.74 +/-    0.88 kcal/mol |       5 |  -15.44 kcal/mol
        105 |      2034175 |  -11.09 kcal/mol |  -13.54 +/-    0.76 kcal/mol |       8 |  -15.44 kcal/mol
        110 |      2122894 |  -12.11 kcal/mol |  -14.59 +/-    0.85 kcal/mol |       4 |  -15.44 kcal/mol
        115 |      2210479 |  -11.42 kcal/mol |  -13.82 +/-    0.71 kcal/mol |       7 |  -15.44 kcal/mol
        120 |      2295947 |  -12.30 kcal/mol |  -14.60 +/-    0.84 kcal/mol |       4 |  -15.44 kcal/mol
        125 |      2382286 |  -11.47 kcal/mol |  -14.03 +/-    0.75 kcal/mol |       5 |  -15.44 kcal/mol
        130 |      2468508 |  -11.77 kcal/mol |  -14.13 +/-    0.53 kcal/mol |      10 |  -15.44 kcal/mol
        132 |      2502846 |  -13.34 kcal/mol |  -14.40 +/-    0.68 kcal/mol |      14 |  -15.44 kcal/mol
------------+--------------+------------------+------------------------------+---------+-------------------

                                   Finished evaluation after reaching
                       2502846 evaluations. Best inter + intra   -15.44 kcal/mol.


Shutdown time 0.000715s

Job #1 took 3.678 sec after waiting 4.477 sec for setup

(Thread 0 is processing Job #1)
Run time of entire job set (1 file): 8.220 sec
Processing time: 0.066 sec

All jobs (1) ran without errors.
