AutoDock-GPU version: v1.6-7-ga46ab564d2ac5f1a1523f65239b43505a1c29364-dirty

Using 1 OpenMP threads

Running 10 docking calculations

Cuda device:                              NVIDIA A100-SXM4-40GB
Available memory on device:               36750 MB (total: 40339 MB)

CUDA Setup time 0.170999s
(Thread 0 is setting up Job #1)

Running Job #1:
    Device: NVIDIA A100-SXM4-40GB
    Grid map file: ./protein.maps.fld
    Ligand file: ./ligand_1_1.pdbqt
    Output file: docking_result_1.dlg (+ xml)
    Using heuristics: (capped) number of evaluations set to 7266276
    Overriding heuristics, setting number of evaluations to --nev = 2500000 instead.
    Warning: The set number of evals is 13.57% of the uncapped heuristics estimate of 18420020 evals.
             This means this docking may not be able to converge. Increasing --heurmax may improve
             convergence but will also increase runtime.
             AutoStop will not stop before 66.37% (1659273) of the set number of evaluations.
    Local-search chosen method is: ADADELTA (ad)

Rest of Setup time 0.318965s

Executing docking runs, stopping automatically after either reaching 0.15 kcal/mol standard deviation of
the best molecules of the last 4 * 5 generations, 42000 generations, or 2500000 evaluations:

Generations |  Evaluations |     Threshold    |  Average energy of best 10%  | Samples | Best Inter + Intra
------------+--------------+------------------+------------------------------+---------+-------------------
          0 |          150 |  212.10 kcal/mol |  164.12 +/-   12.79 kcal/mol |       4 |  149.43 kcal/mol
          5 |       118068 |  212.10 kcal/mol |    8.36 +/-   22.06 kcal/mol |    1143 |   -9.04 kcal/mol
         10 |       226314 |    8.65 kcal/mol |  -10.26 +/-    0.93 kcal/mol |       6 |  -11.82 kcal/mol
         15 |       336112 |   -7.94 kcal/mol |  -10.18 +/-    0.97 kcal/mol |       4 |  -11.82 kcal/mol
         20 |       448105 |   -6.54 kcal/mol |   -9.89 +/-    1.00 kcal/mol |      13 |  -11.82 kcal/mol
         25 |       558309 |   -8.74 kcal/mol |  -11.43 +/-    0.52 kcal/mol |       4 |  -11.82 kcal/mol
         30 |       667438 |   -9.48 kcal/mol |  -11.28 +/-    0.61 kcal/mol |       5 |  -11.91 kcal/mol
         35 |       773450 |   -9.44 kcal/mol |  -11.51 +/-    0.37 kcal/mol |       6 |  -11.91 kcal/mol
         40 |       879102 |  -10.59 kcal/mol |  -11.71 +/-    0.19 kcal/mol |       5 |  -11.91 kcal/mol
         45 |       983592 |  -11.14 kcal/mol |  -11.93 +/-    0.35 kcal/mol |       8 |  -12.78 kcal/mol
         50 |      1083860 |  -11.27 kcal/mol |  -12.65 +/-    0.40 kcal/mol |       5 |  -13.15 kcal/mol
         55 |      1184309 |  -11.44 kcal/mol |  -12.51 +/-    0.45 kcal/mol |       5 |  -13.15 kcal/mol
         60 |      1282838 |  -11.17 kcal/mol |  -12.61 +/-    0.44 kcal/mol |       4 |  -13.15 kcal/mol
         65 |      1382123 |  -10.94 kcal/mol |  -12.63 +/-    0.46 kcal/mol |       4 |  -13.15 kcal/mol
         70 |      1481298 |  -10.92 kcal/mol |  -12.78 +/-    0.35 kcal/mol |       5 |  -13.15 kcal/mol
         75 |      1578998 |  -11.74 kcal/mol |  -12.94 +/-    0.31 kcal/mol |       5 |  -13.35 kcal/mol
         80 |      1675012 |  -12.01 kcal/mol |  -12.88 +/-    0.27 kcal/mol |       5 |  -13.35 kcal/mol
         85 |      1770719 |  -12.08 kcal/mol |  -13.10 +/-    0.13 kcal/mol |       5 |  -13.35 kcal/mol
         90 |      1863528 |  -12.72 kcal/mol |  -13.25 +/-    0.19 kcal/mol |       7 |  -13.56 kcal/mol
         95 |      1957100 |  -12.85 kcal/mol |  -13.30 +/-    0.23 kcal/mol |       3 |  -13.56 kcal/mol
        100 |      2050113 |  -12.17 kcal/mol |  -13.05 +/-    0.36 kcal/mol |       5 |  -13.56 kcal/mol
        105 |      2140903 |  -11.96 kcal/mol |  -13.23 +/-    0.24 kcal/mol |       4 |  -13.56 kcal/mol
        110 |      2231905 |  -12.35 kcal/mol |  -13.23 +/-    0.25 kcal/mol |       5 |  -13.56 kcal/mol
        115 |      2322994 |  -12.48 kcal/mol |  -13.23 +/-    0.24 kcal/mol |       4 |  -13.56 kcal/mol
        120 |      2412433 |  -12.35 kcal/mol |  -13.35 +/-    0.15 kcal/mol |       4 |  -13.56 kcal/mol
        125 |      2501556 |  -12.79 kcal/mol |  -13.32 +/-    0.16 kcal/mol |       8 |  -13.56 kcal/mol
------------+--------------+------------------+------------------------------+---------+-------------------

                                   Finished evaluation after reaching
                       2501556 evaluations. Best inter + intra   -13.56 kcal/mol.


Shutdown time 0.000717s

Job #1 took 3.257 sec after waiting 4.411 sec for setup

(Thread 0 is processing Job #1)
(Thread 0 is setting up Job #2)

Running Job #2:
    Device: NVIDIA A100-SXM4-40GB
    Grid map file: ./protein.maps.fld
    Ligand file: ./ligand_2_2.pdbqt
    Output file: docking_result_2.dlg (+ xml)
    Using heuristics: (capped) number of evaluations set to 4951475
    Overriding heuristics, setting number of evaluations to --nev = 2500000 instead.
    Warning: The set number of evals is 29.66% of the uncapped heuristics estimate of 8429805 evals.
             This means this docking may not be able to converge. Increasing --heurmax may improve
             convergence but will also increase runtime.
             AutoStop will not stop before 27.75% (693732) of the set number of evaluations.
    Local-search chosen method is: ADADELTA (ad)

Rest of Setup time 0.381296s

Executing docking runs, stopping automatically after either reaching 0.15 kcal/mol standard deviation of
the best molecules of the last 4 * 5 generations, 42000 generations, or 2500000 evaluations:

Generations |  Evaluations |     Threshold    |  Average energy of best 10%  | Samples | Best Inter + Intra
------------+--------------+------------------+------------------------------+---------+-------------------
          0 |          150 |   -2.25 kcal/mol |   -2.71 +/-    0.22 kcal/mol |       7 |   -3.21 kcal/mol
          5 |       122111 |   -2.25 kcal/mol |   -6.23 +/-    2.05 kcal/mol |     984 |  -13.78 kcal/mol
         10 |       244510 |   -6.20 kcal/mol |  -11.46 +/-    1.07 kcal/mol |      60 |  -14.25 kcal/mol
         15 |       371680 |  -11.20 kcal/mol |  -14.02 +/-    0.19 kcal/mol |       5 |  -14.26 kcal/mol
         20 |       498967 |  -13.45 kcal/mol |  -14.10 +/-    0.13 kcal/mol |      10 |  -14.27 kcal/mol
         25 |       625683 |  -13.90 kcal/mol |  -14.59 +/-    0.39 kcal/mol |       8 |  -15.21 kcal/mol
         30 |       753699 |  -13.87 kcal/mol |  -15.29 +/-    0.38 kcal/mol |      14 |  -15.87 kcal/mol
         35 |       879331 |  -14.89 kcal/mol |  -15.94 +/-    0.07 kcal/mol |       4 |  -16.04 kcal/mol
         40 |      1005075 |  -15.38 kcal/mol |  -15.95 +/-    0.09 kcal/mol |       5 |  -16.04 kcal/mol
         45 |      1130498 |  -15.68 kcal/mol |  -15.92 +/-    0.11 kcal/mol |       6 |  -16.07 kcal/mol
         50 |      1257682 |  -15.64 kcal/mol |  -15.94 +/-    0.09 kcal/mol |       9 |  -16.07 kcal/mol
         55 |      1386112 |  -15.80 kcal/mol |  -16.06 +/-    0.15 kcal/mol |       8 |  -16.35 kcal/mol
         60 |      1511366 |  -15.78 kcal/mol |  -16.27 +/-    0.23 kcal/mol |       4 |  -16.55 kcal/mol
         65 |      1637692 |  -15.40 kcal/mol |  -16.23 +/-    0.25 kcal/mol |       8 |  -16.60 kcal/mol
         70 |      1764027 |  -15.77 kcal/mol |  -16.53 +/-    0.11 kcal/mol |       6 |  -16.67 kcal/mol
         75 |      1889254 |  -16.26 kcal/mol |  -16.50 +/-    0.13 kcal/mol |       5 |  -16.67 kcal/mol
         80 |      2017853 |  -16.12 kcal/mol |  -16.61 +/-    0.08 kcal/mol |       6 |  -16.67 kcal/mol
         85 |      2144405 |  -16.41 kcal/mol |  -16.58 +/-    0.06 kcal/mol |       7 |  -16.67 kcal/mol
------------+--------------+------------------+------------------------------+---------+-------------------

                                   Finished evaluation after reaching
                                  -16.56 +/-    0.10 kcal/mol combined.
                             24 samples, best inter + intra   -16.67 kcal/mol.


Shutdown time 0.000738s

Job #2 took 1.501 sec after waiting 0.060 sec for setup

(Thread 0 is processing Job #2)
(Thread 0 is setting up Job #3)

Running Job #3:
    Device: NVIDIA A100-SXM4-40GB
    Grid map file: ./protein.maps.fld
    Ligand file: ./ligand_3_3.pdbqt
    Output file: docking_result_3.dlg (+ xml)
    Using heuristics: (capped) number of evaluations set to 2068966
    Local-search chosen method is: ADADELTA (ad)

Rest of Setup time 0.306574s

Executing docking runs, stopping automatically after either reaching 0.15 kcal/mol standard deviation of
the best molecules of the last 4 * 5 generations, 42000 generations, or 2068966 evaluations:

Generations |  Evaluations |     Threshold    |  Average energy of best 10%  | Samples | Best Inter + Intra
------------+--------------+------------------+------------------------------+---------+-------------------
          0 |          150 |   -1.35 kcal/mol |   -2.28 +/-    0.30 kcal/mol |      10 |   -3.05 kcal/mol
          5 |       121748 |   -1.83 kcal/mol |   -5.95 +/-    1.82 kcal/mol |     930 |  -13.80 kcal/mol
         10 |       244796 |   -5.92 kcal/mol |  -11.07 +/-    1.37 kcal/mol |      53 |  -15.46 kcal/mol
         15 |       370788 |  -10.68 kcal/mol |  -14.47 +/-    1.12 kcal/mol |       4 |  -15.60 kcal/mol
         20 |       497993 |  -10.27 kcal/mol |  -13.40 +/-    0.71 kcal/mol |      14 |  -15.60 kcal/mol
         25 |       625370 |  -12.64 kcal/mol |  -14.21 +/-    0.76 kcal/mol |       5 |  -15.60 kcal/mol
         30 |       754861 |  -11.92 kcal/mol |  -14.58 +/-    0.93 kcal/mol |      15 |  -15.74 kcal/mol
         35 |       883956 |  -13.64 kcal/mol |  -15.74 +/-    0.08 kcal/mol |       4 |  -15.80 kcal/mol
         40 |      1011383 |  -15.44 kcal/mol |  -15.70 +/-    0.10 kcal/mol |       4 |  -15.80 kcal/mol
         45 |      1137778 |  -15.33 kcal/mol |  -15.79 +/-    0.13 kcal/mol |       3 |  -15.89 kcal/mol
         50 |      1266750 |  -15.13 kcal/mol |  -15.76 +/-    0.12 kcal/mol |       4 |  -15.89 kcal/mol
         55 |      1397291 |  -15.33 kcal/mol |  -15.69 +/-    0.22 kcal/mol |       4 |  -15.90 kcal/mol
         60 |      1525266 |  -14.85 kcal/mol |  -15.32 +/-    0.37 kcal/mol |       5 |  -15.90 kcal/mol
         65 |      1657107 |  -14.21 kcal/mol |  -15.25 +/-    0.54 kcal/mol |       4 |  -15.90 kcal/mol
         70 |      1790562 |  -13.24 kcal/mol |  -15.26 +/-    0.55 kcal/mol |      12 |  -15.90 kcal/mol
         75 |      1922503 |  -14.57 kcal/mol |  -15.48 +/-    0.30 kcal/mol |       4 |  -15.90 kcal/mol
         80 |      2054454 |  -14.36 kcal/mol |  -15.47 +/-    0.27 kcal/mol |       8 |  -15.90 kcal/mol
         81 |      2080291 |  -14.96 kcal/mol |  -15.50 +/-    0.25 kcal/mol |      15 |  -15.90 kcal/mol
------------+--------------+------------------+------------------------------+---------+-------------------

                                   Finished evaluation after reaching
                       2080291 evaluations. Best inter + intra   -15.90 kcal/mol.


Shutdown time 0.000713s

Job #3 took 1.250 sec after waiting 0.060 sec for setup

(Thread 0 is processing Job #3)
(Thread 0 is setting up Job #4)

Running Job #4:
    Device: NVIDIA A100-SXM4-40GB
    Grid map file: ./protein.maps.fld
    Ligand file: ./ligand_4_4.pdbqt
    Output file: docking_result_4.dlg (+ xml)
    Using heuristics: (capped) number of evaluations set to 2068966
    Local-search chosen method is: ADADELTA (ad)

Rest of Setup time 0.307208s

Executing docking runs, stopping automatically after either reaching 0.15 kcal/mol standard deviation of
the best molecules of the last 4 * 5 generations, 42000 generations, or 2068966 evaluations:

Generations |  Evaluations |     Threshold    |  Average energy of best 10%  | Samples | Best Inter + Intra
------------+--------------+------------------+------------------------------+---------+-------------------
          0 |          150 |   -1.63 kcal/mol |   -1.96 +/-    0.11 kcal/mol |       5 |   -2.09 kcal/mol
          5 |       134423 |   -1.63 kcal/mol |   -4.52 +/-    1.35 kcal/mol |     941 |   -9.59 kcal/mol
         10 |       268063 |   -4.50 kcal/mol |   -8.03 +/-    0.77 kcal/mol |      50 |   -9.97 kcal/mol
         15 |       403736 |   -7.80 kcal/mol |   -9.79 +/-    0.42 kcal/mol |      13 |  -10.87 kcal/mol
         20 |       536307 |   -9.31 kcal/mol |  -11.12 +/-    0.48 kcal/mol |       6 |  -11.66 kcal/mol
         25 |       670374 |   -9.92 kcal/mol |  -11.78 +/-    0.07 kcal/mol |       4 |  -11.83 kcal/mol
         30 |       804964 |  -11.22 kcal/mol |  -11.83 +/-    0.03 kcal/mol |       5 |  -11.85 kcal/mol
         35 |       937606 |  -11.38 kcal/mol |  -11.87 +/-    0.02 kcal/mol |       3 |  -11.89 kcal/mol
         40 |      1069712 |  -11.12 kcal/mol |  -11.87 +/-    0.03 kcal/mol |       3 |  -11.91 kcal/mol
         45 |      1199087 |  -11.12 kcal/mol |  -11.88 +/-    0.05 kcal/mol |       6 |  -11.95 kcal/mol
         50 |      1327654 |  -11.51 kcal/mol |  -11.88 +/-    0.06 kcal/mol |       7 |  -11.95 kcal/mol
         55 |      1457633 |  -11.56 kcal/mol |  -11.90 +/-    0.04 kcal/mol |      11 |  -11.95 kcal/mol
         60 |      1583819 |  -11.70 kcal/mol |  -11.92 +/-    0.04 kcal/mol |       6 |  -11.95 kcal/mol
         65 |      1711088 |  -11.54 kcal/mol |  -11.89 +/-    0.08 kcal/mol |       7 |  -11.95 kcal/mol
------------+--------------+------------------+------------------------------+---------+-------------------

                                   Finished evaluation after reaching
                                  -11.90 +/-    0.06 kcal/mol combined.
                             31 samples, best inter + intra   -11.95 kcal/mol.


Shutdown time 0.000667s

Job #4 took 0.771 sec after waiting 0.050 sec for setup

(Thread 0 is processing Job #4)
(Thread 0 is setting up Job #5)

Running Job #5:
    Device: NVIDIA A100-SXM4-40GB
    Grid map file: ./protein.maps.fld
    Ligand file: ./ligand_5_5.pdbqt
    Output file: docking_result_5.dlg (+ xml)
    Using heuristics: (capped) number of evaluations set to 2068966
    Local-search chosen method is: ADADELTA (ad)

Rest of Setup time 0.305392s

Executing docking runs, stopping automatically after either reaching 0.15 kcal/mol standard deviation of
the best molecules of the last 4 * 5 generations, 42000 generations, or 2068966 evaluations:

Generations |  Evaluations |     Threshold    |  Average energy of best 10%  | Samples | Best Inter + Intra
------------+--------------+------------------+------------------------------+---------+-------------------
          0 |          150 |   -2.52 kcal/mol |   -3.49 +/-    0.32 kcal/mol |       5 |   -4.10 kcal/mol
          5 |       114682 |   -2.52 kcal/mol |   -5.55 +/-    1.51 kcal/mol |     788 |  -12.21 kcal/mol
         10 |       233582 |   -5.52 kcal/mol |   -9.64 +/-    1.00 kcal/mol |      25 |  -12.64 kcal/mol
         15 |       356731 |   -9.03 kcal/mol |  -12.21 +/-    0.60 kcal/mol |       5 |  -12.64 kcal/mol
         20 |       481492 |  -10.42 kcal/mol |  -12.36 +/-    0.45 kcal/mol |       7 |  -13.13 kcal/mol
         25 |       605164 |  -11.39 kcal/mol |  -12.84 +/-    0.48 kcal/mol |       4 |  -13.62 kcal/mol
         30 |       731582 |  -11.02 kcal/mol |  -13.12 +/-    0.38 kcal/mol |       6 |  -13.62 kcal/mol
         35 |       858182 |  -12.16 kcal/mol |  -13.03 +/-    0.37 kcal/mol |       4 |  -13.62 kcal/mol
         40 |       984161 |  -11.64 kcal/mol |  -12.74 +/-    0.36 kcal/mol |       9 |  -13.62 kcal/mol
         45 |      1107940 |  -12.13 kcal/mol |  -13.22 +/-    0.34 kcal/mol |       4 |  -13.66 kcal/mol
         50 |      1232341 |  -11.93 kcal/mol |  -13.12 +/-    0.51 kcal/mol |      10 |  -14.03 kcal/mol
         55 |      1356975 |  -12.36 kcal/mol |  -13.74 +/-    0.23 kcal/mol |       4 |  -14.03 kcal/mol
         60 |      1481484 |  -12.87 kcal/mol |  -13.69 +/-    0.26 kcal/mol |       5 |  -14.08 kcal/mol
         65 |      1606519 |  -12.90 kcal/mol |  -13.75 +/-    0.25 kcal/mol |       4 |  -14.08 kcal/mol
         70 |      1732462 |  -12.82 kcal/mol |  -13.70 +/-    0.26 kcal/mol |       8 |  -14.08 kcal/mol
         75 |      1855691 |  -13.22 kcal/mol |  -13.85 +/-    0.14 kcal/mol |       4 |  -14.08 kcal/mol
         80 |      1980273 |  -13.34 kcal/mol |  -13.92 +/-    0.13 kcal/mol |       5 |  -14.08 kcal/mol
         84 |      2080565 |  -13.53 kcal/mol |  -13.90 +/-    0.13 kcal/mol |      12 |  -14.08 kcal/mol
------------+--------------+------------------+------------------------------+---------+-------------------

                                   Finished evaluation after reaching
                       2080565 evaluations. Best inter + intra   -14.08 kcal/mol.


Shutdown time 0.000721s

Job #5 took 1.038 sec after waiting 0.025 sec for setup

(Thread 0 is processing Job #5)
(Thread 0 is setting up Job #6)

Running Job #6:
    Device: NVIDIA A100-SXM4-40GB
    Grid map file: ./protein.maps.fld
    Ligand file: ./ligand_6_6.pdbqt
    Output file: docking_result_6.dlg (+ xml)
    Using heuristics: (capped) number of evaluations set to 2068966
    Local-search chosen method is: ADADELTA (ad)

Rest of Setup time 0.305464s

Executing docking runs, stopping automatically after either reaching 0.15 kcal/mol standard deviation of
the best molecules of the last 4 * 5 generations, 42000 generations, or 2068966 evaluations:

Generations |  Evaluations |     Threshold    |  Average energy of best 10%  | Samples | Best Inter + Intra
------------+--------------+------------------+------------------------------+---------+-------------------
          0 |          150 |   -1.97 kcal/mol |   -2.23 +/-    0.09 kcal/mol |       5 |   -2.35 kcal/mol
          5 |       107667 |   -1.97 kcal/mol |   -4.96 +/-    1.59 kcal/mol |     819 |  -12.39 kcal/mol
         10 |       214416 |   -4.93 kcal/mol |   -9.53 +/-    1.26 kcal/mol |      45 |  -12.65 kcal/mol
         15 |       319733 |   -9.11 kcal/mol |  -12.42 +/-    0.27 kcal/mol |       7 |  -12.74 kcal/mol
         20 |       424871 |  -11.84 kcal/mol |  -12.57 +/-    0.10 kcal/mol |       6 |  -12.76 kcal/mol
         25 |       530998 |  -12.31 kcal/mol |  -12.59 +/-    0.11 kcal/mol |       8 |  -12.76 kcal/mol
         30 |       638938 |  -12.39 kcal/mol |  -12.94 +/-    0.26 kcal/mol |       9 |  -13.35 kcal/mol
         35 |       747474 |  -12.50 kcal/mol |  -13.12 +/-    0.28 kcal/mol |       4 |  -13.40 kcal/mol
         40 |       856347 |  -12.09 kcal/mol |  -13.12 +/-    0.28 kcal/mol |      11 |  -13.55 kcal/mol
         45 |       961809 |  -12.74 kcal/mol |  -13.24 +/-    0.17 kcal/mol |       7 |  -13.55 kcal/mol
         50 |      1068954 |  -12.89 kcal/mol |  -13.33 +/-    0.09 kcal/mol |       8 |  -13.55 kcal/mol
         55 |      1176086 |  -13.16 kcal/mol |  -13.37 +/-    0.09 kcal/mol |       8 |  -13.57 kcal/mol
         60 |      1282502 |  -13.20 kcal/mol |  -13.40 +/-    0.10 kcal/mol |       8 |  -13.57 kcal/mol
         65 |      1392859 |  -13.21 kcal/mol |  -13.43 +/-    0.11 kcal/mol |       9 |  -13.59 kcal/mol
         70 |      1502596 |  -13.25 kcal/mol |  -13.50 +/-    0.16 kcal/mol |      15 |  -13.75 kcal/mol
         75 |      1614416 |  -13.35 kcal/mol |  -13.58 +/-    0.16 kcal/mol |      11 |  -13.78 kcal/mol
         80 |      1725082 |  -13.36 kcal/mol |  -13.74 +/-    0.14 kcal/mol |      11 |  -13.91 kcal/mol
         85 |      1836756 |  -13.55 kcal/mol |  -13.79 +/-    0.13 kcal/mol |      12 |  -13.95 kcal/mol
         90 |      1949602 |  -13.62 kcal/mol |  -13.83 +/-    0.13 kcal/mol |       7 |  -14.02 kcal/mol
         95 |      2062468 |  -13.55 kcal/mol |  -13.75 +/-    0.13 kcal/mol |       9 |  -14.04 kcal/mol
         96 |      2084800 |  -13.52 kcal/mol |  -13.74 +/-    0.13 kcal/mol |      20 |  -14.04 kcal/mol
------------+--------------+------------------+------------------------------+---------+-------------------

                                   Finished evaluation after reaching
                       2084800 evaluations. Best inter + intra   -14.04 kcal/mol.


Shutdown time 0.000634s

Job #6 took 1.199 sec after waiting 0.034 sec for setup

(Thread 0 is processing Job #6)
(Thread 0 is setting up Job #7)

Running Job #7:
    Device: NVIDIA A100-SXM4-40GB
    Grid map file: ./protein.maps.fld
    Ligand file: ./ligand_7_7.pdbqt
    Output file: docking_result_7.dlg (+ xml)
    Using heuristics: (capped) number of evaluations set to 2845257
    Overriding heuristics, setting number of evaluations to --nev = 2500000 instead.
    Local-search chosen method is: ADADELTA (ad)

Rest of Setup time 0.306162s

Executing docking runs, stopping automatically after either reaching 0.15 kcal/mol standard deviation of
the best molecules of the last 4 * 5 generations, 42000 generations, or 2500000 evaluations:

Generations |  Evaluations |     Threshold    |  Average energy of best 10%  | Samples | Best Inter + Intra
------------+--------------+------------------+------------------------------+---------+-------------------
          0 |          150 |   -2.10 kcal/mol |   -3.34 +/-    0.66 kcal/mol |       4 |   -4.47 kcal/mol
          5 |       131948 |   -0.88 kcal/mol |   -5.62 +/-    1.87 kcal/mol |    1099 |  -11.34 kcal/mol
         10 |       266290 |   -5.60 kcal/mol |  -10.63 +/-    1.02 kcal/mol |      36 |  -13.55 kcal/mol
         15 |       402876 |  -10.21 kcal/mol |  -12.85 +/-    0.59 kcal/mol |       6 |  -13.73 kcal/mol
         20 |       538616 |  -11.37 kcal/mol |  -13.38 +/-    0.56 kcal/mol |       7 |  -14.01 kcal/mol
         25 |       672543 |  -12.18 kcal/mol |  -13.34 +/-    0.53 kcal/mol |       4 |  -14.05 kcal/mol
         30 |       807908 |  -11.36 kcal/mol |  -13.07 +/-    0.59 kcal/mol |      15 |  -14.05 kcal/mol
         35 |       940130 |  -12.48 kcal/mol |  -13.74 +/-    0.27 kcal/mol |       4 |  -14.05 kcal/mol
         40 |      1074067 |  -12.71 kcal/mol |  -13.84 +/-    0.26 kcal/mol |      12 |  -14.06 kcal/mol
         45 |      1209426 |  -13.51 kcal/mol |  -13.96 +/-    0.12 kcal/mol |       5 |  -14.10 kcal/mol
         50 |      1344754 |  -13.60 kcal/mol |  -13.94 +/-    0.12 kcal/mol |       8 |  -14.10 kcal/mol
         55 |      1480772 |  -13.71 kcal/mol |  -14.11 +/-    0.22 kcal/mol |       9 |  -14.69 kcal/mol
         60 |      1615105 |  -13.75 kcal/mol |  -14.13 +/-    0.27 kcal/mol |       6 |  -14.72 kcal/mol
         65 |      1751273 |  -13.45 kcal/mol |  -14.17 +/-    0.27 kcal/mol |      10 |  -14.72 kcal/mol
         70 |      1886293 |  -13.76 kcal/mol |  -14.59 +/-    0.11 kcal/mol |       6 |  -14.76 kcal/mol
         75 |      2020357 |  -14.31 kcal/mol |  -14.56 +/-    0.17 kcal/mol |       6 |  -14.79 kcal/mol
         80 |      2153358 |  -14.14 kcal/mol |  -14.61 +/-    0.08 kcal/mol |      10 |  -14.79 kcal/mol
         85 |      2286275 |  -14.49 kcal/mol |  -14.64 +/-    0.11 kcal/mol |       7 |  -14.79 kcal/mol
         90 |      2419551 |  -14.41 kcal/mol |  -14.67 +/-    0.11 kcal/mol |       8 |  -14.79 kcal/mol
------------+--------------+------------------+------------------------------+---------+-------------------

                                   Finished evaluation after reaching
                                  -14.62 +/-    0.12 kcal/mol combined.
                             31 samples, best inter + intra   -14.79 kcal/mol.


Shutdown time 0.000660s

Job #7 took 1.224 sec after waiting 0.040 sec for setup

(Thread 0 is processing Job #7)
(Thread 0 is setting up Job #8)

Running Job #8:
    Device: NVIDIA A100-SXM4-40GB
    Grid map file: ./protein.maps.fld
    Ligand file: ./ligand_8_8.pdbqt
    Output file: docking_result_8.dlg (+ xml)
    Using heuristics: (capped) number of evaluations set to 2068966
    Local-search chosen method is: ADADELTA (ad)

Rest of Setup time 0.306809s

Executing docking runs, stopping automatically after either reaching 0.15 kcal/mol standard deviation of
the best molecules of the last 4 * 5 generations, 42000 generations, or 2068966 evaluations:

Generations |  Evaluations |     Threshold    |  Average energy of best 10%  | Samples | Best Inter + Intra
------------+--------------+------------------+------------------------------+---------+-------------------
          0 |          150 |   -0.99 kcal/mol |   -2.21 +/-    0.41 kcal/mol |       5 |   -2.84 kcal/mol
          5 |       125890 |   -0.99 kcal/mol |   -4.39 +/-    1.38 kcal/mol |     931 |   -9.57 kcal/mol
         10 |       254968 |   -4.37 kcal/mol |   -8.16 +/-    0.83 kcal/mol |      44 |  -10.08 kcal/mol
         15 |       387124 |   -7.88 kcal/mol |   -9.96 +/-    0.22 kcal/mol |       7 |  -10.16 kcal/mol
         20 |       521042 |   -9.50 kcal/mol |  -10.11 +/-    0.05 kcal/mol |       4 |  -10.20 kcal/mol
         25 |       652157 |   -9.55 kcal/mol |  -10.14 +/-    0.05 kcal/mol |       4 |  -10.20 kcal/mol
         30 |       784802 |   -9.58 kcal/mol |  -10.03 +/-    0.12 kcal/mol |      12 |  -10.20 kcal/mol
         35 |       916571 |   -9.88 kcal/mol |  -10.03 +/-    0.10 kcal/mol |       7 |  -10.20 kcal/mol
------------+--------------+------------------+------------------------------+---------+-------------------

                                   Finished evaluation after reaching
                                  -10.06 +/-    0.11 kcal/mol combined.
                             27 samples, best inter + intra   -10.20 kcal/mol.


Shutdown time 0.000691s

Job #8 took 0.546 sec after waiting 0.040 sec for setup

(Thread 0 is processing Job #8)
(Thread 0 is setting up Job #9)

Running Job #9:
    Device: NVIDIA A100-SXM4-40GB
    Grid map file: ./protein.maps.fld
    Ligand file: ./ligand_9_9.pdbqt
    Output file: docking_result_9.dlg (+ xml)
    Using heuristics: (capped) number of evaluations set to 2068966
    Local-search chosen method is: ADADELTA (ad)

Rest of Setup time 0.305770s

Executing docking runs, stopping automatically after either reaching 0.15 kcal/mol standard deviation of
the best molecules of the last 4 * 5 generations, 42000 generations, or 2068966 evaluations:

Generations |  Evaluations |     Threshold    |  Average energy of best 10%  | Samples | Best Inter + Intra
------------+--------------+------------------+------------------------------+---------+-------------------
          0 |          150 |   -0.62 kcal/mol |   -2.07 +/-    0.39 kcal/mol |       4 |   -2.32 kcal/mol
          5 |       137607 |   -0.62 kcal/mol |   -3.86 +/-    1.29 kcal/mol |     911 |   -8.69 kcal/mol
         10 |       272525 |   -3.84 kcal/mol |   -7.28 +/-    0.69 kcal/mol |      44 |   -9.04 kcal/mol
         15 |       411953 |   -7.05 kcal/mol |   -8.94 +/-    0.43 kcal/mol |      10 |  -10.03 kcal/mol
         20 |       551908 |   -8.30 kcal/mol |   -9.47 +/-    0.41 kcal/mol |       4 |  -10.06 kcal/mol
         25 |       692798 |   -7.92 kcal/mol |   -9.43 +/-    0.41 kcal/mol |      12 |  -10.06 kcal/mol
         30 |       832398 |   -8.92 kcal/mol |  -10.03 +/-    0.05 kcal/mol |       4 |  -10.07 kcal/mol
         35 |       972468 |   -9.47 kcal/mol |  -10.07 +/-    0.00 kcal/mol |       3 |  -10.08 kcal/mol
         40 |      1113431 |   -9.32 kcal/mol |  -10.06 +/-    0.02 kcal/mol |       5 |  -10.08 kcal/mol
         45 |      1252681 |   -9.61 kcal/mol |  -10.05 +/-    0.03 kcal/mol |       4 |  -10.08 kcal/mol
------------+--------------+------------------+------------------------------+---------+-------------------

                                   Finished evaluation after reaching
                                  -10.05 +/-    0.04 kcal/mol combined.
                             16 samples, best inter + intra   -10.08 kcal/mol.


Shutdown time 0.000643s

Job #9 took 0.632 sec after waiting 0.022 sec for setup

(Thread 0 is processing Job #9)
(Thread 0 is setting up Job #10)

Running Job #10:
    Device: NVIDIA A100-SXM4-40GB
    Grid map file: ./protein.maps.fld
    Ligand file: ./ligand_10_10.pdbqt
    Output file: docking_result_10.dlg (+ xml)
    Using heuristics: (capped) number of evaluations set to 2068966
    Local-search chosen method is: ADADELTA (ad)

Rest of Setup time 0.305461s

Executing docking runs, stopping automatically after either reaching 0.15 kcal/mol standard deviation of
the best molecules of the last 4 * 5 generations, 42000 generations, or 2068966 evaluations:

Generations |  Evaluations |     Threshold    |  Average energy of best 10%  | Samples | Best Inter + Intra
------------+--------------+------------------+------------------------------+---------+-------------------
          0 |          150 |   -0.93 kcal/mol |   -2.35 +/-    0.48 kcal/mol |       6 |   -3.42 kcal/mol
          5 |       127428 |   -1.14 kcal/mol |   -4.89 +/-    1.62 kcal/mol |     907 |  -11.59 kcal/mol
         10 |       254184 |   -4.86 kcal/mol |   -9.16 +/-    1.04 kcal/mol |      53 |  -11.60 kcal/mol
         15 |       385226 |   -8.87 kcal/mol |  -11.47 +/-    0.15 kcal/mol |       7 |  -11.61 kcal/mol
         20 |       516166 |  -11.15 kcal/mol |  -11.90 +/-    0.29 kcal/mol |       8 |  -12.19 kcal/mol
         25 |       648803 |  -11.36 kcal/mol |  -12.15 +/-    0.07 kcal/mol |       5 |  -12.21 kcal/mol
         30 |       782903 |  -11.70 kcal/mol |  -12.15 +/-    0.17 kcal/mol |       4 |  -12.36 kcal/mol
         35 |       914440 |  -11.52 kcal/mol |  -12.07 +/-    0.27 kcal/mol |       4 |  -12.36 kcal/mol
         40 |      1044751 |  -11.06 kcal/mol |  -12.15 +/-    0.28 kcal/mol |      10 |  -12.38 kcal/mol
         45 |      1176623 |  -11.73 kcal/mol |  -12.24 +/-    0.08 kcal/mol |      15 |  -12.38 kcal/mol
         50 |      1307033 |  -12.16 kcal/mol |  -12.31 +/-    0.05 kcal/mol |       8 |  -12.38 kcal/mol
         55 |      1435911 |  -12.03 kcal/mol |  -12.29 +/-    0.07 kcal/mol |      11 |  -12.38 kcal/mol
         60 |      1560525 |  -12.09 kcal/mol |  -12.30 +/-    0.07 kcal/mol |      13 |  -12.38 kcal/mol
------------+--------------+------------------+------------------------------+---------+-------------------

                                   Finished evaluation after reaching
                                  -12.28 +/-    0.08 kcal/mol combined.
                             47 samples, best inter + intra   -12.38 kcal/mol.


Shutdown time 0.000645s

Job #10 took 0.811 sec after waiting 0.025 sec for setup

(Thread 0 is processing Job #10)
Run time of entire job set (10 files): 17.030 sec
Savings from multithreading: -0.001 sec
Idle time of execution thread: 4.800 sec

All jobs (10) ran without errors.
