AutoDock-GPU version: v1.6-7-ga46ab564d2ac5f1a1523f65239b43505a1c29364-dirty

Using 1 OpenMP threads

Running 3 docking calculations

Cuda device:                              NVIDIA A100-SXM4-40GB
Available memory on device:               39916 MB (total: 40339 MB)

CUDA Setup time 0.232725s
(Thread 0 is setting up Job #1)

Running Job #1:
    Device: NVIDIA A100-SXM4-40GB
    Grid map file: ./protein.maps.fld
    Ligand file: ./ligand_1_1.pdbqt
    Output file: docking_result_1.dlg (+ xml)
    Using heuristics: (capped) number of evaluations set to 4951475
    Overriding heuristics, setting number of evaluations to --nev = 2500000 instead.
    Warning: The set number of evals is 29.66% of the uncapped heuristics estimate of 8429805 evals.
             This means this docking may not be able to converge. Increasing --heurmax may improve
             convergence but will also increase runtime.
             AutoStop will not stop before 27.75% (693732) of the set number of evaluations.
    Local-search chosen method is: ADADELTA (ad)

Rest of Setup time 0.306691s

Executing docking runs, stopping automatically after either reaching 0.15 kcal/mol standard deviation of
the best molecules of the last 4 * 5 generations, 42000 generations, or 2500000 evaluations:

Generations |  Evaluations |     Threshold    |  Average energy of best 10%  | Samples | Best Inter + Intra
------------+--------------+------------------+------------------------------+---------+-------------------
          0 |          150 |   -0.65 kcal/mol |   -2.59 +/-    0.55 kcal/mol |      13 |   -4.46 kcal/mol
          5 |       124002 |   -1.96 kcal/mol |   -6.63 +/-    2.02 kcal/mol |    1083 |  -14.54 kcal/mol
         10 |       249750 |   -6.60 kcal/mol |  -12.08 +/-    1.33 kcal/mol |      43 |  -15.28 kcal/mol
         15 |       378159 |  -11.61 kcal/mol |  -14.93 +/-    0.57 kcal/mol |       9 |  -16.28 kcal/mol
         20 |       509553 |  -13.98 kcal/mol |  -15.68 +/-    0.35 kcal/mol |       9 |  -16.36 kcal/mol
         25 |       638508 |  -15.09 kcal/mol |  -16.13 +/-    0.17 kcal/mol |       4 |  -16.36 kcal/mol
         30 |       767264 |  -15.49 kcal/mol |  -16.21 +/-    0.14 kcal/mol |       7 |  -16.36 kcal/mol
         35 |       893956 |  -15.92 kcal/mol |  -16.26 +/-    0.17 kcal/mol |       6 |  -16.53 kcal/mol
         40 |      1019324 |  -15.84 kcal/mol |  -16.38 +/-    0.09 kcal/mol |       4 |  -16.53 kcal/mol
         45 |      1144130 |  -16.04 kcal/mol |  -16.29 +/-    0.19 kcal/mol |       5 |  -16.58 kcal/mol
         50 |      1267969 |  -15.71 kcal/mol |  -16.34 +/-    0.18 kcal/mol |       4 |  -16.58 kcal/mol
         55 |      1392101 |  -15.66 kcal/mol |  -16.22 +/-    0.21 kcal/mol |      11 |  -16.58 kcal/mol
         60 |      1511123 |  -15.92 kcal/mol |  -16.40 +/-    0.11 kcal/mol |       5 |  -16.60 kcal/mol
         65 |      1633765 |  -16.07 kcal/mol |  -16.33 +/-    0.13 kcal/mol |       8 |  -16.60 kcal/mol
         70 |      1758256 |  -16.08 kcal/mol |  -16.42 +/-    0.19 kcal/mol |       7 |  -16.71 kcal/mol
         75 |      1881317 |  -16.00 kcal/mol |  -16.76 +/-    0.11 kcal/mol |       4 |  -16.87 kcal/mol
         80 |      2003475 |  -16.35 kcal/mol |  -16.83 +/-    0.15 kcal/mol |       6 |  -17.00 kcal/mol
         85 |      2126380 |  -16.46 kcal/mol |  -16.81 +/-    0.20 kcal/mol |       4 |  -17.02 kcal/mol
         90 |      2250325 |  -16.05 kcal/mol |  -16.86 +/-    0.14 kcal/mol |       6 |  -17.02 kcal/mol
         95 |      2375706 |  -16.53 kcal/mol |  -17.01 +/-    0.07 kcal/mol |       5 |  -17.07 kcal/mol
        100 |      2498910 |  -16.56 kcal/mol |  -16.88 +/-    0.18 kcal/mol |       4 |  -17.09 kcal/mol
        101 |      2523677 |  -16.22 kcal/mol |  -16.91 +/-    0.15 kcal/mol |       7 |  -17.09 kcal/mol
------------+--------------+------------------+------------------------------+---------+-------------------

                                   Finished evaluation after reaching
                       2523677 evaluations. Best inter + intra   -17.09 kcal/mol.


Shutdown time 0.000680s

Job #1 took 1.711 sec after waiting 4.512 sec for setup

(Thread 0 is processing Job #1)
(Thread 0 is setting up Job #2)

Running Job #2:
    Device: NVIDIA A100-SXM4-40GB
    Grid map file: ./protein.maps.fld
    Ligand file: ./ligand_2_2.pdbqt
    Output file: docking_result_2.dlg (+ xml)
    Using heuristics: (capped) number of evaluations set to 3487417
    Overriding heuristics, setting number of evaluations to --nev = 2500000 instead.
    Local-search chosen method is: ADADELTA (ad)

Rest of Setup time 0.302120s

Executing docking runs, stopping automatically after either reaching 0.15 kcal/mol standard deviation of
the best molecules of the last 4 * 5 generations, 42000 generations, or 2500000 evaluations:

Generations |  Evaluations |     Threshold    |  Average energy of best 10%  | Samples | Best Inter + Intra
------------+--------------+------------------+------------------------------+---------+-------------------
          0 |          150 |   -2.25 kcal/mol |   -3.31 +/-    0.28 kcal/mol |       4 |   -3.60 kcal/mol
          5 |       114596 |   -2.25 kcal/mol |   -6.33 +/-    1.83 kcal/mol |     926 |  -15.24 kcal/mol
         10 |       232373 |   -6.30 kcal/mol |  -11.38 +/-    1.24 kcal/mol |      46 |  -15.65 kcal/mol
         15 |       354314 |  -10.98 kcal/mol |  -13.96 +/-    1.07 kcal/mol |       4 |  -15.78 kcal/mol
         20 |       478059 |   -9.95 kcal/mol |  -13.76 +/-    1.13 kcal/mol |      14 |  -15.78 kcal/mol
         25 |       600188 |  -12.55 kcal/mol |  -15.90 +/-    0.74 kcal/mol |       4 |  -16.39 kcal/mol
         30 |       722870 |  -13.13 kcal/mol |  -14.67 +/-    1.11 kcal/mol |       5 |  -16.44 kcal/mol
         35 |       847981 |  -11.34 kcal/mol |  -14.89 +/-    0.94 kcal/mol |       5 |  -16.44 kcal/mol
         40 |       974073 |  -12.07 kcal/mol |  -15.32 +/-    0.80 kcal/mol |       4 |  -16.44 kcal/mol
         45 |      1100281 |  -12.33 kcal/mol |  -15.23 +/-    0.79 kcal/mol |       4 |  -16.44 kcal/mol
         50 |      1224345 |  -12.28 kcal/mol |  -14.96 +/-    0.88 kcal/mol |       7 |  -16.44 kcal/mol
         55 |      1350373 |  -13.07 kcal/mol |  -15.29 +/-    0.91 kcal/mol |       4 |  -16.44 kcal/mol
         60 |      1474904 |  -11.89 kcal/mol |  -15.02 +/-    1.04 kcal/mol |       8 |  -16.44 kcal/mol
         65 |      1601563 |  -13.07 kcal/mol |  -16.00 +/-    0.48 kcal/mol |       4 |  -16.44 kcal/mol
         70 |      1727892 |  -14.20 kcal/mol |  -16.04 +/-    0.37 kcal/mol |       7 |  -16.44 kcal/mol
         75 |      1852683 |  -15.25 kcal/mol |  -16.12 +/-    0.23 kcal/mol |       3 |  -16.44 kcal/mol
         80 |      1978668 |  -14.99 kcal/mol |  -15.88 +/-    0.29 kcal/mol |       6 |  -16.44 kcal/mol
         85 |      2106302 |  -15.14 kcal/mol |  -16.36 +/-    0.36 kcal/mol |       4 |  -16.73 kcal/mol
         90 |      2233624 |  -14.99 kcal/mol |  -16.05 +/-    0.42 kcal/mol |       4 |  -16.73 kcal/mol
         95 |      2362491 |  -14.48 kcal/mol |  -15.82 +/-    0.45 kcal/mol |       7 |  -16.73 kcal/mol
        100 |      2492203 |  -14.86 kcal/mol |  -16.35 +/-    0.27 kcal/mol |       4 |  -16.73 kcal/mol
        101 |      2517635 |  -15.35 kcal/mol |  -16.39 +/-    0.27 kcal/mol |       7 |  -16.73 kcal/mol
------------+--------------+------------------+------------------------------+---------+-------------------

                                   Finished evaluation after reaching
                       2517635 evaluations. Best inter + intra   -16.73 kcal/mol.


Shutdown time 0.000680s

Job #2 took 1.713 sec after waiting 0.062 sec for setup

(Thread 0 is processing Job #2)
(Thread 0 is setting up Job #3)

Running Job #3:
    Device: NVIDIA A100-SXM4-40GB
    Grid map file: ./protein.maps.fld
    Ligand file: ./ligand_3_3.pdbqt
    Output file: docking_result_3.dlg (+ xml)
    Using heuristics: (capped) number of evaluations set to 4195460
    Overriding heuristics, setting number of evaluations to --nev = 2500000 instead.
    Warning: The set number of evals is 38.75% of the uncapped heuristics estimate of 6450800 evals.
             This means this docking may not be able to converge. Increasing --heurmax may improve
             convergence but will also increase runtime.
             AutoStop will not stop before 17.33% (433129) of the set number of evaluations.
    Local-search chosen method is: ADADELTA (ad)

Rest of Setup time 0.302480s

Executing docking runs, stopping automatically after either reaching 0.15 kcal/mol standard deviation of
the best molecules of the last 4 * 5 generations, 42000 generations, or 2500000 evaluations:

Generations |  Evaluations |     Threshold    |  Average energy of best 10%  | Samples | Best Inter + Intra
------------+--------------+------------------+------------------------------+---------+-------------------
          0 |          150 |   -1.65 kcal/mol |   -2.84 +/-    0.38 kcal/mol |       5 |   -3.44 kcal/mol
          5 |       111903 |   -1.69 kcal/mol |   -5.34 +/-    1.73 kcal/mol |     858 |  -11.15 kcal/mol
         10 |       224709 |   -5.31 kcal/mol |   -9.75 +/-    0.72 kcal/mol |      57 |  -11.35 kcal/mol
         15 |       343379 |   -9.56 kcal/mol |  -11.34 +/-    0.35 kcal/mol |       8 |  -12.19 kcal/mol
         20 |       462867 |  -10.68 kcal/mol |  -12.08 +/-    0.50 kcal/mol |      10 |  -13.03 kcal/mol
         25 |       583670 |  -11.33 kcal/mol |  -12.78 +/-    0.32 kcal/mol |       6 |  -13.09 kcal/mol
         30 |       706945 |  -11.98 kcal/mol |  -13.39 +/-    0.52 kcal/mol |       8 |  -14.18 kcal/mol
         35 |       829636 |  -12.41 kcal/mol |  -13.80 +/-    0.25 kcal/mol |       4 |  -14.18 kcal/mol
         40 |       950154 |  -12.85 kcal/mol |  -13.64 +/-    0.37 kcal/mol |       5 |  -14.18 kcal/mol
         45 |      1072068 |  -12.53 kcal/mol |  -13.81 +/-    0.28 kcal/mol |       9 |  -14.18 kcal/mol
         50 |      1192541 |  -13.33 kcal/mol |  -14.03 +/-    0.22 kcal/mol |       4 |  -14.18 kcal/mol
         55 |      1316467 |  -13.20 kcal/mol |  -14.04 +/-    0.19 kcal/mol |       8 |  -14.18 kcal/mol
         60 |      1438932 |  -13.69 kcal/mol |  -14.17 +/-    0.20 kcal/mol |       7 |  -14.62 kcal/mol
         65 |      1564837 |  -13.74 kcal/mol |  -14.31 +/-    0.18 kcal/mol |       5 |  -14.65 kcal/mol
         70 |      1689520 |  -13.79 kcal/mol |  -14.36 +/-    0.21 kcal/mol |       6 |  -14.65 kcal/mol
         75 |      1814252 |  -13.84 kcal/mol |  -14.49 +/-    0.48 kcal/mol |       4 |  -15.31 kcal/mol
         80 |      1937673 |  -12.70 kcal/mol |  -14.13 +/-    0.42 kcal/mol |      10 |  -15.31 kcal/mol
         85 |      2061812 |  -13.51 kcal/mol |  -14.37 +/-    0.42 kcal/mol |       6 |  -15.31 kcal/mol
         90 |      2185288 |  -13.31 kcal/mol |  -14.73 +/-    0.55 kcal/mol |       4 |  -15.31 kcal/mol
         95 |      2311255 |  -12.66 kcal/mol |  -14.30 +/-    0.48 kcal/mol |      11 |  -15.31 kcal/mol
        100 |      2437144 |  -13.64 kcal/mol |  -15.05 +/-    0.26 kcal/mol |       6 |  -15.31 kcal/mol
        103 |      2512808 |  -14.40 kcal/mol |  -15.12 +/-    0.23 kcal/mol |       9 |  -15.31 kcal/mol
------------+--------------+------------------+------------------------------+---------+-------------------

                                   Finished evaluation after reaching
                       2512808 evaluations. Best inter + intra   -15.31 kcal/mol.


Shutdown time 0.000703s

Job #3 took 1.615 sec after waiting 0.064 sec for setup

(Thread 0 is processing Job #3)
Run time of entire job set (3 files): 9.733 sec
Savings from multithreading: -0.000 sec
Idle time of execution thread: 4.693 sec

All jobs (3) ran without errors.
