AutoDock-GPU version: v1.6-7-ga46ab564d2ac5f1a1523f65239b43505a1c29364-dirty

Running 1 docking calculation

Cuda device:                              NVIDIA A100-SXM4-40GB
Available memory on device:               39916 MB (total: 40339 MB)

CUDA Setup time 0.234242s
(Thread 0 is setting up Job #1)

Running Job #1
    Using heuristics: (capped) number of evaluations set to 2280181
    Local-search chosen method is: ADADELTA (ad)

Rest of Setup time 0.306069s

Executing docking runs, stopping automatically after either reaching 0.15 kcal/mol standard deviation of
the best molecules of the last 4 * 5 generations, 42000 generations, or 2280181 evaluations:

Generations |  Evaluations |     Threshold    |  Average energy of best 10%  | Samples | Best Inter + Intra
------------+--------------+------------------+------------------------------+---------+-------------------
          0 |          150 |   -1.64 kcal/mol |   -1.85 +/-    0.20 kcal/mol |      14 |   -2.35 kcal/mol
          5 |       139401 |   -1.64 kcal/mol |   -5.09 +/-    1.79 kcal/mol |    1229 |  -11.44 kcal/mol
         10 |       271522 |   -5.07 kcal/mol |   -9.57 +/-    0.76 kcal/mol |      44 |  -11.47 kcal/mol
         15 |       404317 |   -9.31 kcal/mol |  -11.34 +/-    0.33 kcal/mol |       5 |  -11.71 kcal/mol
         20 |       537410 |  -10.35 kcal/mol |  -11.51 +/-    0.18 kcal/mol |       5 |  -11.72 kcal/mol
         25 |       669815 |  -10.98 kcal/mol |  -11.66 +/-    0.18 kcal/mol |       8 |  -11.89 kcal/mol
         30 |       801501 |  -11.33 kcal/mol |  -11.81 +/-    0.06 kcal/mol |       4 |  -11.89 kcal/mol
         35 |       931922 |  -11.25 kcal/mol |  -11.82 +/-    0.13 kcal/mol |       9 |  -12.00 kcal/mol
         40 |      1060933 |  -11.61 kcal/mol |  -12.05 +/-    0.19 kcal/mol |       6 |  -12.37 kcal/mol
         45 |      1188051 |  -11.57 kcal/mol |  -12.34 +/-    0.21 kcal/mol |      11 |  -12.71 kcal/mol
         50 |      1313390 |  -12.05 kcal/mol |  -12.50 +/-    0.12 kcal/mol |       7 |  -12.71 kcal/mol
         55 |      1439938 |  -12.23 kcal/mol |  -12.50 +/-    0.12 kcal/mol |       7 |  -12.71 kcal/mol
         60 |      1565278 |  -12.23 kcal/mol |  -12.55 +/-    0.14 kcal/mol |       7 |  -12.73 kcal/mol
         65 |      1689773 |  -12.24 kcal/mol |  -12.50 +/-    0.17 kcal/mol |       7 |  -12.73 kcal/mol
         70 |      1811820 |  -12.15 kcal/mol |  -12.55 +/-    0.16 kcal/mol |      15 |  -12.80 kcal/mol
         75 |      1932498 |  -12.39 kcal/mol |  -12.66 +/-    0.14 kcal/mol |       9 |  -12.91 kcal/mol
         80 |      2053318 |  -12.43 kcal/mol |  -12.71 +/-    0.16 kcal/mol |       9 |  -12.94 kcal/mol
         85 |      2174889 |  -12.44 kcal/mol |  -12.81 +/-    0.12 kcal/mol |      10 |  -12.94 kcal/mol
         90 |      2294720 |  -12.63 kcal/mol |  -12.81 +/-    0.11 kcal/mol |      18 |  -12.94 kcal/mol
------------+--------------+------------------+------------------------------+---------+-------------------

                                   Finished evaluation after reaching
                       2294720 evaluations. Best inter + intra   -12.94 kcal/mol.


Shutdown time 0.000661s

Job #1 took 1.186 sec after waiting 4.460 sec for setup

(Thread 0 is processing Job #1)
Run time of entire job set (1 file): 5.684 sec
Processing time: 0.038 sec

All jobs (1) ran without errors.
