AutoDock-GPU version: v1.6-7-ga46ab564d2ac5f1a1523f65239b43505a1c29364-dirty

Using 1 OpenMP threads

Running 2 docking calculations

Cuda device:                              NVIDIA A100-SXM4-40GB
Available memory on device:               36750 MB (total: 40339 MB)

CUDA Setup time 0.171979s
(Thread 0 is setting up Job #1)

Running Job #1:
    Device: NVIDIA A100-SXM4-40GB
    Grid map file: ./protein.maps.fld
    Ligand file: ./ligand_1_1.pdbqt
    Output file: docking_result_1.dlg (+ xml)
    Using heuristics: (capped) number of evaluations set to 2068966
    Local-search chosen method is: ADADELTA (ad)

Rest of Setup time 0.315257s

Executing docking runs, stopping automatically after either reaching 0.15 kcal/mol standard deviation of
the best molecules of the last 4 * 5 generations, 42000 generations, or 2068966 evaluations:

Generations |  Evaluations |     Threshold    |  Average energy of best 10%  | Samples | Best Inter + Intra
------------+--------------+------------------+------------------------------+---------+-------------------
          0 |          150 |   -1.68 kcal/mol |   -1.90 +/-    0.21 kcal/mol |      15 |   -2.51 kcal/mol
          5 |       143890 |   -1.68 kcal/mol |   -4.81 +/-    1.49 kcal/mol |    1008 |   -9.44 kcal/mol
         10 |       284829 |   -4.79 kcal/mol |   -8.54 +/-    0.68 kcal/mol |      46 |  -10.58 kcal/mol
         15 |       426809 |   -8.32 kcal/mol |  -10.08 +/-    0.31 kcal/mol |       5 |  -10.58 kcal/mol
         20 |       566619 |   -9.16 kcal/mol |  -10.27 +/-    0.35 kcal/mol |       6 |  -10.58 kcal/mol
         25 |       705870 |   -9.39 kcal/mol |  -10.58 +/-    0.29 kcal/mol |       4 |  -10.89 kcal/mol
         30 |       845975 |   -9.49 kcal/mol |  -10.55 +/-    0.31 kcal/mol |       8 |  -10.91 kcal/mol
         35 |       985523 |   -9.98 kcal/mol |  -10.77 +/-    0.13 kcal/mol |       4 |  -10.91 kcal/mol
         40 |      1121501 |  -10.29 kcal/mol |  -10.70 +/-    0.14 kcal/mol |      11 |  -10.91 kcal/mol
         45 |      1254494 |  -10.51 kcal/mol |  -10.83 +/-    0.08 kcal/mol |      14 |  -10.91 kcal/mol
         50 |      1385814 |  -10.74 kcal/mol |  -10.88 +/-    0.03 kcal/mol |      20 |  -10.91 kcal/mol
------------+--------------+------------------+------------------------------+---------+-------------------

                                   Finished evaluation after reaching
                                  -10.81 +/-    0.11 kcal/mol combined.
                             49 samples, best inter + intra   -10.91 kcal/mol.


Shutdown time 0.000645s

Job #1 took 1.242 sec after waiting 4.402 sec for setup

(Thread 0 is processing Job #1)
(Thread 0 is setting up Job #2)

Running Job #2:
    Device: NVIDIA A100-SXM4-40GB
    Grid map file: ./protein.maps.fld
    Ligand file: ./ligand_2_2.pdbqt
    Output file: docking_result_2.dlg (+ xml)
    Using heuristics: (capped) number of evaluations set to 2068966
    Local-search chosen method is: ADADELTA (ad)

Rest of Setup time 0.317609s

Executing docking runs, stopping automatically after either reaching 0.15 kcal/mol standard deviation of
the best molecules of the last 4 * 5 generations, 42000 generations, or 2068966 evaluations:

Generations |  Evaluations |     Threshold    |  Average energy of best 10%  | Samples | Best Inter + Intra
------------+--------------+------------------+------------------------------+---------+-------------------
          0 |          150 |   -0.99 kcal/mol |   -2.49 +/-    0.46 kcal/mol |       5 |   -3.35 kcal/mol
          5 |       129979 |   -1.10 kcal/mol |   -4.03 +/-    1.26 kcal/mol |     832 |   -8.33 kcal/mol
         10 |       258894 |   -4.01 kcal/mol |   -7.44 +/-    0.55 kcal/mol |      45 |   -8.59 kcal/mol
         15 |       389302 |   -7.26 kcal/mol |   -8.64 +/-    0.39 kcal/mol |       9 |   -9.73 kcal/mol
         20 |       518184 |   -7.99 kcal/mol |   -9.44 +/-    0.44 kcal/mol |       5 |   -9.86 kcal/mol
         25 |       649206 |   -8.11 kcal/mol |   -9.51 +/-    0.36 kcal/mol |       7 |   -9.86 kcal/mol
         30 |       780258 |   -8.74 kcal/mol |   -9.65 +/-    0.24 kcal/mol |       4 |   -9.94 kcal/mol
         35 |       910516 |   -8.75 kcal/mol |   -9.78 +/-    0.15 kcal/mol |       4 |   -9.94 kcal/mol
         40 |      1040606 |   -9.20 kcal/mol |   -9.64 +/-    0.22 kcal/mol |       4 |   -9.94 kcal/mol
         45 |      1170902 |   -8.83 kcal/mol |   -9.66 +/-    0.23 kcal/mol |      10 |   -9.94 kcal/mol
         50 |      1299888 |   -9.31 kcal/mol |   -9.75 +/-    0.16 kcal/mol |       7 |   -9.97 kcal/mol
         55 |      1427220 |   -9.41 kcal/mol |   -9.95 +/-    0.05 kcal/mol |       5 |   -9.99 kcal/mol
         60 |      1556178 |   -9.50 kcal/mol |   -9.75 +/-    0.15 kcal/mol |      10 |   -9.99 kcal/mol
         65 |      1686641 |   -9.52 kcal/mol |   -9.94 +/-    0.04 kcal/mol |       5 |   -9.99 kcal/mol
         70 |      1815522 |   -9.49 kcal/mol |   -9.86 +/-    0.11 kcal/mol |       7 |   -9.99 kcal/mol
------------+--------------+------------------+------------------------------+---------+-------------------

                                   Finished evaluation after reaching
                                   -9.85 +/-    0.14 kcal/mol combined.
                             27 samples, best inter + intra    -9.99 kcal/mol.


Shutdown time 0.000687s

Job #2 took 1.572 sec after waiting 0.024 sec for setup

(Thread 0 is processing Job #2)
Run time of entire job set (2 files): 7.267 sec
Savings from multithreading: -0.000 sec
Idle time of execution thread: 4.453 sec

All jobs (2) ran without errors.
