AutoDock-GPU version: v1.6-7-ga46ab564d2ac5f1a1523f65239b43505a1c29364-dirty

Running 1 docking calculation

Cuda device:                              NVIDIA A100-SXM4-40GB
Available memory on device:               39916 MB (total: 40339 MB)

CUDA Setup time 0.233322s
(Thread 0 is setting up Job #1)

Running Job #1
    Using heuristics: (capped) number of evaluations set to 2068966
    Local-search chosen method is: ADADELTA (ad)

Rest of Setup time 0.309028s

Executing docking runs, stopping automatically after either reaching 0.15 kcal/mol standard deviation of
the best molecules of the last 4 * 5 generations, 42000 generations, or 2068966 evaluations:

Generations |  Evaluations |     Threshold    |  Average energy of best 10%  | Samples | Best Inter + Intra
------------+--------------+------------------+------------------------------+---------+-------------------
          0 |          150 |   -0.65 kcal/mol |   -1.13 +/-    0.16 kcal/mol |       5 |   -1.36 kcal/mol
          5 |       140701 |   -0.65 kcal/mol |   -3.32 +/-    1.12 kcal/mol |     945 |   -7.41 kcal/mol
         10 |       275191 |   -3.30 kcal/mol |   -6.38 +/-    0.75 kcal/mol |      54 |   -8.53 kcal/mol
         15 |       410534 |   -6.17 kcal/mol |   -8.52 +/-    0.02 kcal/mol |       5 |   -8.53 kcal/mol
         20 |       543998 |   -8.07 kcal/mol |   -8.51 +/-    0.02 kcal/mol |       4 |   -8.53 kcal/mol
         25 |       678793 |   -7.94 kcal/mol |   -8.52 +/-    0.02 kcal/mol |       9 |   -8.53 kcal/mol
         30 |       812636 |   -8.27 kcal/mol |   -8.51 +/-    0.02 kcal/mol |      16 |   -8.53 kcal/mol
------------+--------------+------------------+------------------------------+---------+-------------------

                                   Finished evaluation after reaching
                                   -8.51 +/-    0.02 kcal/mol combined.
                             34 samples, best inter + intra    -8.53 kcal/mol.


Shutdown time 0.000635s

Job #1 took 0.508 sec after waiting 4.478 sec for setup

(Thread 0 is processing Job #1)
Run time of entire job set (1 file): 5.000 sec
Processing time: 0.014 sec

All jobs (1) ran without errors.
