AutoDock-GPU version: v1.6-7-ga46ab564d2ac5f1a1523f65239b43505a1c29364-dirty

Using 1 OpenMP threads

Running 5 docking calculations

Cuda device:                              NVIDIA A100-SXM4-40GB
Available memory on device:               39916 MB (total: 40339 MB)

CUDA Setup time 0.232251s
(Thread 0 is setting up Job #1)

Running Job #1:
    Device: NVIDIA A100-SXM4-40GB
    Grid map file: ./protein.maps.fld
    Ligand file: ./ligand_1_1.pdbqt
    Output file: docking_result_1.dlg (+ xml)
    Using heuristics: (capped) number of evaluations set to 2068966
    Local-search chosen method is: ADADELTA (ad)

Rest of Setup time 0.304847s

Executing docking runs, stopping automatically after either reaching 0.15 kcal/mol standard deviation of
the best molecules of the last 4 * 5 generations, 42000 generations, or 2068966 evaluations:

Generations |  Evaluations |     Threshold    |  Average energy of best 10%  | Samples | Best Inter + Intra
------------+--------------+------------------+------------------------------+---------+-------------------
          0 |          150 |   -2.01 kcal/mol |   -3.01 +/-    0.32 kcal/mol |       5 |   -3.40 kcal/mol
          5 |       114437 |   -2.04 kcal/mol |   -6.12 +/-    1.77 kcal/mol |     863 |  -14.37 kcal/mol
         10 |       230399 |   -6.09 kcal/mol |  -10.85 +/-    1.11 kcal/mol |      40 |  -15.79 kcal/mol
         15 |       352386 |  -10.44 kcal/mol |  -13.89 +/-    0.88 kcal/mol |       6 |  -15.80 kcal/mol
         20 |       474842 |  -11.69 kcal/mol |  -14.84 +/-    0.72 kcal/mol |      10 |  -15.85 kcal/mol
         25 |       599057 |  -13.77 kcal/mol |  -15.64 +/-    0.23 kcal/mol |       4 |  -15.85 kcal/mol
         30 |       726365 |  -14.77 kcal/mol |  -15.80 +/-    0.41 kcal/mol |       6 |  -16.32 kcal/mol
         35 |       851347 |  -14.77 kcal/mol |  -15.99 +/-    0.35 kcal/mol |       4 |  -16.32 kcal/mol
         40 |       974956 |  -14.67 kcal/mol |  -15.84 +/-    0.36 kcal/mol |       6 |  -16.32 kcal/mol
         45 |      1098314 |  -14.94 kcal/mol |  -15.93 +/-    0.20 kcal/mol |       5 |  -16.32 kcal/mol
         50 |      1221231 |  -15.34 kcal/mol |  -16.13 +/-    0.31 kcal/mol |       5 |  -16.52 kcal/mol
         55 |      1346442 |  -15.19 kcal/mol |  -16.09 +/-    0.42 kcal/mol |       4 |  -16.52 kcal/mol
         60 |      1467906 |  -14.52 kcal/mol |  -15.86 +/-    0.37 kcal/mol |       5 |  -16.52 kcal/mol
         65 |      1593485 |  -14.76 kcal/mol |  -15.80 +/-    0.40 kcal/mol |       5 |  -16.56 kcal/mol
         70 |      1721304 |  -14.61 kcal/mol |  -15.83 +/-    0.42 kcal/mol |       7 |  -16.57 kcal/mol
         75 |      1849453 |  -14.93 kcal/mol |  -15.95 +/-    0.45 kcal/mol |       4 |  -16.57 kcal/mol
         80 |      1977231 |  -14.28 kcal/mol |  -15.65 +/-    0.43 kcal/mol |      10 |  -16.57 kcal/mol
         84 |      2078662 |  -15.00 kcal/mol |  -15.84 +/-    0.44 kcal/mol |      18 |  -16.57 kcal/mol
------------+--------------+------------------+------------------------------+---------+-------------------

                                   Finished evaluation after reaching
                       2078662 evaluations. Best inter + intra   -16.57 kcal/mol.


Shutdown time 0.000674s

Job #1 took 1.285 sec after waiting 4.475 sec for setup

(Thread 0 is processing Job #1)
(Thread 0 is setting up Job #2)

Running Job #2:
    Device: NVIDIA A100-SXM4-40GB
    Grid map file: ./protein.maps.fld
    Ligand file: ./ligand_2_2.pdbqt
    Output file: docking_result_2.dlg (+ xml)
    Using heuristics: (capped) number of evaluations set to 2280181
    Local-search chosen method is: ADADELTA (ad)

Rest of Setup time 0.302622s

Executing docking runs, stopping automatically after either reaching 0.15 kcal/mol standard deviation of
the best molecules of the last 4 * 5 generations, 42000 generations, or 2280181 evaluations:

Generations |  Evaluations |     Threshold    |  Average energy of best 10%  | Samples | Best Inter + Intra
------------+--------------+------------------+------------------------------+---------+-------------------
          0 |          150 |   -2.52 kcal/mol |   -3.19 +/-    0.18 kcal/mol |       4 |   -3.50 kcal/mol
          5 |       127597 |   -2.52 kcal/mol |   -6.36 +/-    1.78 kcal/mol |    1021 |  -12.73 kcal/mol
         10 |       257338 |   -6.33 kcal/mol |  -11.13 +/-    1.06 kcal/mol |      39 |  -13.50 kcal/mol
         15 |       390685 |  -10.72 kcal/mol |  -13.30 +/-    0.38 kcal/mol |       8 |  -14.12 kcal/mol
         20 |       524270 |  -12.58 kcal/mol |  -13.83 +/-    0.33 kcal/mol |       5 |  -14.29 kcal/mol
         25 |       657915 |  -12.84 kcal/mol |  -13.93 +/-    0.36 kcal/mol |       9 |  -14.72 kcal/mol
         30 |       794189 |  -13.34 kcal/mol |  -14.34 +/-    0.25 kcal/mol |       8 |  -14.75 kcal/mol
         35 |       930039 |  -13.87 kcal/mol |  -14.69 +/-    0.20 kcal/mol |       4 |  -14.88 kcal/mol
         40 |      1065602 |  -13.92 kcal/mol |  -14.68 +/-    0.26 kcal/mol |       5 |  -14.89 kcal/mol
         45 |      1202651 |  -13.90 kcal/mol |  -14.78 +/-    0.14 kcal/mol |       7 |  -14.89 kcal/mol
         50 |      1338197 |  -14.47 kcal/mol |  -14.95 +/-    0.08 kcal/mol |       5 |  -15.10 kcal/mol
         55 |      1475577 |  -14.71 kcal/mol |  -14.96 +/-    0.08 kcal/mol |       4 |  -15.10 kcal/mol
         60 |      1609249 |  -14.65 kcal/mol |  -14.92 +/-    0.11 kcal/mol |       5 |  -15.10 kcal/mol
         65 |      1744951 |  -14.58 kcal/mol |  -15.10 +/-    0.06 kcal/mol |       4 |  -15.15 kcal/mol
         70 |      1880321 |  -14.53 kcal/mol |  -15.03 +/-    0.14 kcal/mol |       8 |  -15.21 kcal/mol
         75 |      2014878 |  -14.77 kcal/mol |  -15.03 +/-    0.13 kcal/mol |       6 |  -15.23 kcal/mol
         80 |      2149617 |  -14.71 kcal/mol |  -15.09 +/-    0.11 kcal/mol |       8 |  -15.23 kcal/mol
         85 |      2286669 |  -14.88 kcal/mol |  -15.08 +/-    0.12 kcal/mol |      16 |  -15.23 kcal/mol
------------+--------------+------------------+------------------------------+---------+-------------------

                                   Finished evaluation after reaching
                       2286669 evaluations. Best inter + intra   -15.23 kcal/mol.


Shutdown time 0.000692s

Job #2 took 1.257 sec after waiting 0.050 sec for setup

(Thread 0 is processing Job #2)
(Thread 0 is setting up Job #3)

Running Job #3:
    Device: NVIDIA A100-SXM4-40GB
    Grid map file: ./protein.maps.fld
    Ligand file: ./ligand_3_3.pdbqt
    Output file: docking_result_3.dlg (+ xml)
    Using heuristics: (capped) number of evaluations set to 2280181
    Local-search chosen method is: ADADELTA (ad)

Rest of Setup time 0.305644s

Executing docking runs, stopping automatically after either reaching 0.15 kcal/mol standard deviation of
the best molecules of the last 4 * 5 generations, 42000 generations, or 2280181 evaluations:

Generations |  Evaluations |     Threshold    |  Average energy of best 10%  | Samples | Best Inter + Intra
------------+--------------+------------------+------------------------------+---------+-------------------
          0 |          150 |   -2.19 kcal/mol |   -3.50 +/-    0.40 kcal/mol |       8 |   -4.48 kcal/mol
          5 |       131721 |   -2.74 kcal/mol |   -7.07 +/-    1.97 kcal/mol |    1103 |  -13.67 kcal/mol
         10 |       263760 |   -7.05 kcal/mol |  -11.98 +/-    0.91 kcal/mol |      52 |  -14.23 kcal/mol
         15 |       399806 |  -11.72 kcal/mol |  -13.97 +/-    0.24 kcal/mol |      10 |  -14.32 kcal/mol
         20 |       537990 |  -13.61 kcal/mol |  -14.00 +/-    0.20 kcal/mol |       8 |  -14.34 kcal/mol
         25 |       674519 |  -13.62 kcal/mol |  -14.32 +/-    0.25 kcal/mol |       5 |  -14.76 kcal/mol
         30 |       811174 |  -13.58 kcal/mol |  -14.38 +/-    0.23 kcal/mol |       8 |  -14.76 kcal/mol
         35 |       947278 |  -13.96 kcal/mol |  -15.31 +/-    0.56 kcal/mol |       5 |  -15.88 kcal/mol
         40 |      1081467 |  -13.64 kcal/mol |  -15.32 +/-    0.47 kcal/mol |       5 |  -15.89 kcal/mol
         45 |      1216192 |  -13.90 kcal/mol |  -15.16 +/-    0.34 kcal/mol |      13 |  -15.89 kcal/mol
         50 |      1348800 |  -14.76 kcal/mol |  -15.78 +/-    0.16 kcal/mol |      10 |  -15.93 kcal/mol
         55 |      1485361 |  -15.54 kcal/mol |  -15.86 +/-    0.05 kcal/mol |       5 |  -15.93 kcal/mol
         60 |      1618450 |  -15.41 kcal/mol |  -15.84 +/-    0.09 kcal/mol |       8 |  -15.93 kcal/mol
         65 |      1754615 |  -15.67 kcal/mol |  -15.89 +/-    0.02 kcal/mol |       8 |  -15.93 kcal/mol
------------+--------------+------------------+------------------------------+---------+-------------------

                                   Finished evaluation after reaching
                                  -15.84 +/-    0.11 kcal/mol combined.
                             31 samples, best inter + intra   -15.93 kcal/mol.


Shutdown time 0.000704s

Job #3 took 1.076 sec after waiting 0.049 sec for setup

(Thread 0 is processing Job #3)
(Thread 0 is setting up Job #4)

Running Job #4:
    Device: NVIDIA A100-SXM4-40GB
    Grid map file: ./protein.maps.fld
    Ligand file: ./ligand_4_4.pdbqt
    Output file: docking_result_4.dlg (+ xml)
    Using heuristics: (capped) number of evaluations set to 2280181
    Local-search chosen method is: ADADELTA (ad)

Rest of Setup time 0.305283s

Executing docking runs, stopping automatically after either reaching 0.15 kcal/mol standard deviation of
the best molecules of the last 4 * 5 generations, 42000 generations, or 2280181 evaluations:

Generations |  Evaluations |     Threshold    |  Average energy of best 10%  | Samples | Best Inter + Intra
------------+--------------+------------------+------------------------------+---------+-------------------
          0 |          150 |   -1.90 kcal/mol |   -2.51 +/-    0.22 kcal/mol |       4 |   -2.78 kcal/mol
          5 |       123783 |   -1.70 kcal/mol |   -5.15 +/-    1.79 kcal/mol |    1049 |  -12.12 kcal/mol
         10 |       247271 |   -5.12 kcal/mol |   -9.88 +/-    1.06 kcal/mol |      38 |  -12.56 kcal/mol
         15 |       369946 |   -9.46 kcal/mol |  -12.16 +/-    0.43 kcal/mol |       9 |  -12.86 kcal/mol
         20 |       491571 |  -11.45 kcal/mol |  -12.56 +/-    0.32 kcal/mol |       4 |  -13.08 kcal/mol
         25 |       615170 |  -11.35 kcal/mol |  -12.51 +/-    0.36 kcal/mol |       4 |  -13.08 kcal/mol
         30 |       736400 |  -11.15 kcal/mol |  -12.80 +/-    0.20 kcal/mol |       6 |  -13.08 kcal/mol
         35 |       857792 |  -12.30 kcal/mol |  -12.83 +/-    0.11 kcal/mol |       6 |  -13.08 kcal/mol
         40 |       981311 |  -12.55 kcal/mol |  -12.92 +/-    0.12 kcal/mol |       7 |  -13.08 kcal/mol
         45 |      1104854 |  -12.66 kcal/mol |  -13.01 +/-    0.10 kcal/mol |       5 |  -13.08 kcal/mol
         50 |      1227508 |  -12.71 kcal/mol |  -13.02 +/-    0.09 kcal/mol |       7 |  -13.08 kcal/mol
         55 |      1351722 |  -12.82 kcal/mol |  -13.16 +/-    0.13 kcal/mol |       6 |  -13.34 kcal/mol
         60 |      1474259 |  -12.83 kcal/mol |  -13.79 +/-    0.26 kcal/mol |       4 |  -13.94 kcal/mol
         65 |      1600480 |  -12.82 kcal/mol |  -13.60 +/-    0.25 kcal/mol |       4 |  -13.94 kcal/mol
         70 |      1725578 |  -12.68 kcal/mol |  -13.44 +/-    0.35 kcal/mol |       5 |  -13.97 kcal/mol
         75 |      1850902 |  -12.39 kcal/mol |  -13.55 +/-    0.31 kcal/mol |       9 |  -14.00 kcal/mol
         80 |      1978495 |  -13.04 kcal/mol |  -13.70 +/-    0.29 kcal/mol |       4 |  -14.01 kcal/mol
         85 |      2105314 |  -12.61 kcal/mol |  -13.80 +/-    0.17 kcal/mol |      11 |  -14.08 kcal/mol
         90 |      2230342 |  -13.57 kcal/mol |  -14.04 +/-    0.18 kcal/mol |       6 |  -14.37 kcal/mol
         92 |      2280713 |  -13.60 kcal/mol |  -14.06 +/-    0.17 kcal/mol |      14 |  -14.37 kcal/mol
------------+--------------+------------------+------------------------------+---------+-------------------

                                   Finished evaluation after reaching
                       2280713 evaluations. Best inter + intra   -14.37 kcal/mol.


Shutdown time 0.000722s

Job #4 took 1.336 sec after waiting 0.052 sec for setup

(Thread 0 is processing Job #4)
(Thread 0 is setting up Job #5)

Running Job #5:
    Device: NVIDIA A100-SXM4-40GB
    Grid map file: ./protein.maps.fld
    Ligand file: ./ligand_5_5.pdbqt
    Output file: docking_result_5.dlg (+ xml)
    Using heuristics: (capped) number of evaluations set to 2068966
    Local-search chosen method is: ADADELTA (ad)

Rest of Setup time 0.305205s

Executing docking runs, stopping automatically after either reaching 0.15 kcal/mol standard deviation of
the best molecules of the last 4 * 5 generations, 42000 generations, or 2068966 evaluations:

Generations |  Evaluations |     Threshold    |  Average energy of best 10%  | Samples | Best Inter + Intra
------------+--------------+------------------+------------------------------+---------+-------------------
          0 |          150 |   -1.40 kcal/mol |   -2.37 +/-    0.32 kcal/mol |       4 |   -2.90 kcal/mol
          5 |       124134 |   -1.17 kcal/mol |   -4.59 +/-    1.45 kcal/mol |     887 |  -10.22 kcal/mol
         10 |       247345 |   -4.57 kcal/mol |   -8.38 +/-    0.83 kcal/mol |      42 |  -10.78 kcal/mol
         15 |       376307 |   -8.08 kcal/mol |  -10.47 +/-    0.41 kcal/mol |       9 |  -11.13 kcal/mol
         20 |       506329 |   -9.79 kcal/mol |  -11.47 +/-    0.62 kcal/mol |       7 |  -12.41 kcal/mol
         25 |       637635 |  -10.14 kcal/mol |  -12.01 +/-    0.23 kcal/mol |       6 |  -12.41 kcal/mol
         30 |       769503 |  -11.44 kcal/mol |  -12.20 +/-    0.23 kcal/mol |       4 |  -12.43 kcal/mol
         35 |       898149 |  -11.33 kcal/mol |  -12.35 +/-    0.18 kcal/mol |       4 |  -12.46 kcal/mol
         40 |      1028161 |  -11.67 kcal/mol |  -12.35 +/-    0.10 kcal/mol |       6 |  -12.46 kcal/mol
         45 |      1157622 |  -12.11 kcal/mol |  -12.35 +/-    0.11 kcal/mol |       7 |  -12.46 kcal/mol
         50 |      1288476 |  -12.12 kcal/mol |  -12.34 +/-    0.13 kcal/mol |       5 |  -12.46 kcal/mol
         55 |      1418323 |  -11.95 kcal/mol |  -12.44 +/-    0.03 kcal/mol |       4 |  -12.47 kcal/mol
         60 |      1544329 |  -11.88 kcal/mol |  -12.39 +/-    0.08 kcal/mol |       6 |  -12.48 kcal/mol
         65 |      1676664 |  -12.19 kcal/mol |  -12.39 +/-    0.09 kcal/mol |       6 |  -12.48 kcal/mol
         70 |      1809502 |  -12.15 kcal/mol |  -12.41 +/-    0.08 kcal/mol |       7 |  -12.48 kcal/mol
------------+--------------+------------------+------------------------------+---------+-------------------

                                   Finished evaluation after reaching
                                  -12.40 +/-    0.08 kcal/mol combined.
                             23 samples, best inter + intra   -12.48 kcal/mol.


Shutdown time 0.000681s

Job #5 took 1.003 sec after waiting 0.048 sec for setup

(Thread 0 is processing Job #5)
Run time of entire job set (5 files): 10.668 sec
Savings from multithreading: -0.001 sec
Idle time of execution thread: 4.711 sec

All jobs (5) ran without errors.
