AutoDock-GPU version: v1.6-7-ga46ab564d2ac5f1a1523f65239b43505a1c29364-dirty

Running 1 docking calculation

Cuda device:                              NVIDIA A100-SXM4-40GB
Available memory on device:               39916 MB (total: 40339 MB)

CUDA Setup time 0.233339s
(Thread 0 is setting up Job #1)

Running Job #1
    Using heuristics: (capped) number of evaluations set to 2280181
    Local-search chosen method is: ADADELTA (ad)

Rest of Setup time 0.310190s

Executing docking runs, stopping automatically after either reaching 0.15 kcal/mol standard deviation of
the best molecules of the last 4 * 5 generations, 42000 generations, or 2280181 evaluations:

Generations |  Evaluations |     Threshold    |  Average energy of best 10%  | Samples | Best Inter + Intra
------------+--------------+------------------+------------------------------+---------+-------------------
          0 |          150 |   -1.60 kcal/mol |   -2.98 +/-    0.37 kcal/mol |       4 |   -3.49 kcal/mol
          5 |       114008 |   -1.60 kcal/mol |   -5.73 +/-    1.82 kcal/mol |     924 |  -13.19 kcal/mol
         10 |       227055 |   -5.70 kcal/mol |  -10.64 +/-    1.38 kcal/mol |      34 |  -13.85 kcal/mol
         15 |       343686 |  -10.03 kcal/mol |  -13.38 +/-    0.39 kcal/mol |       9 |  -13.93 kcal/mol
         20 |       463355 |  -12.72 kcal/mol |  -14.43 +/-    0.26 kcal/mol |       4 |  -14.67 kcal/mol
         25 |       580884 |  -13.47 kcal/mol |  -14.32 +/-    0.31 kcal/mol |       4 |  -14.67 kcal/mol
         30 |       700921 |  -13.14 kcal/mol |  -14.27 +/-    0.28 kcal/mol |       8 |  -14.67 kcal/mol
         35 |       820298 |  -13.75 kcal/mol |  -14.71 +/-    0.16 kcal/mol |       5 |  -15.02 kcal/mol
         40 |       940799 |  -14.23 kcal/mol |  -14.97 +/-    0.26 kcal/mol |       9 |  -15.23 kcal/mol
         45 |      1060693 |  -14.54 kcal/mol |  -15.08 +/-    0.15 kcal/mol |       5 |  -15.34 kcal/mol
         50 |      1179055 |  -14.62 kcal/mol |  -15.16 +/-    0.13 kcal/mol |      10 |  -15.34 kcal/mol
         55 |      1301724 |  -14.96 kcal/mol |  -15.54 +/-    0.22 kcal/mol |       5 |  -15.89 kcal/mol
         60 |      1421350 |  -14.87 kcal/mol |  -15.44 +/-    0.30 kcal/mol |       5 |  -16.03 kcal/mol
         65 |      1541177 |  -14.56 kcal/mol |  -15.47 +/-    0.27 kcal/mol |       6 |  -16.07 kcal/mol
         70 |      1659450 |  -14.79 kcal/mol |  -15.43 +/-    0.28 kcal/mol |      10 |  -16.25 kcal/mol
         75 |      1780144 |  -15.00 kcal/mol |  -15.42 +/-    0.30 kcal/mol |       9 |  -16.25 kcal/mol
         80 |      1898775 |  -14.92 kcal/mol |  -15.64 +/-    0.36 kcal/mol |       4 |  -16.25 kcal/mol
         85 |      2019077 |  -14.27 kcal/mol |  -15.64 +/-    0.44 kcal/mol |      12 |  -16.25 kcal/mol
         90 |      2138242 |  -15.09 kcal/mol |  -15.56 +/-    0.38 kcal/mol |       9 |  -16.25 kcal/mol
         95 |      2259618 |  -14.93 kcal/mol |  -15.43 +/-    0.26 kcal/mol |      11 |  -16.25 kcal/mol
         96 |      2283342 |  -15.07 kcal/mol |  -15.86 +/-    0.39 kcal/mol |       4 |  -16.25 kcal/mol
------------+--------------+------------------+------------------------------+---------+-------------------

                                   Finished evaluation after reaching
                       2283342 evaluations. Best inter + intra   -16.25 kcal/mol.


Shutdown time 0.000660s

Job #1 took 1.549 sec after waiting 4.478 sec for setup

(Thread 0 is processing Job #1)
Run time of entire job set (1 file): 6.084 sec
Processing time: 0.056 sec

All jobs (1) ran without errors.
