AutoDock-GPU version: v1.6-7-ga46ab564d2ac5f1a1523f65239b43505a1c29364-dirty

Using 1 OpenMP threads

Running 3 docking calculations

Cuda device:                              NVIDIA A100-SXM4-40GB
Available memory on device:               39916 MB (total: 40339 MB)

CUDA Setup time 0.239294s
(Thread 0 is setting up Job #1)

Running Job #1:
    Device: NVIDIA A100-SXM4-40GB
    Grid map file: ./protein.maps.fld
    Ligand file: ./ligand_1_1.pdbqt
    Output file: docking_result_1.dlg (+ xml)
    Using heuristics: (capped) number of evaluations set to 2068966
    Local-search chosen method is: ADADELTA (ad)

Rest of Setup time 0.311714s

Executing docking runs, stopping automatically after either reaching 0.15 kcal/mol standard deviation of
the best molecules of the last 4 * 5 generations, 42000 generations, or 2068966 evaluations:

Generations |  Evaluations |     Threshold    |  Average energy of best 10%  | Samples | Best Inter + Intra
------------+--------------+------------------+------------------------------+---------+-------------------
          0 |          150 |   -1.76 kcal/mol |   -2.46 +/-    0.28 kcal/mol |       6 |   -3.07 kcal/mol
          5 |       128735 |   -1.76 kcal/mol |   -4.83 +/-    1.41 kcal/mol |     903 |  -10.42 kcal/mol
         10 |       255800 |   -4.81 kcal/mol |   -8.67 +/-    1.07 kcal/mol |      47 |  -11.72 kcal/mol
         15 |       385963 |   -8.33 kcal/mol |  -11.59 +/-    0.50 kcal/mol |       8 |  -12.25 kcal/mol
         20 |       517990 |  -10.65 kcal/mol |  -12.06 +/-    0.33 kcal/mol |       6 |  -12.61 kcal/mol
         25 |       650954 |  -11.23 kcal/mol |  -12.48 +/-    0.16 kcal/mol |       5 |  -12.61 kcal/mol
         30 |       782132 |  -12.00 kcal/mol |  -12.38 +/-    0.14 kcal/mol |       4 |  -12.61 kcal/mol
         35 |       914344 |  -11.87 kcal/mol |  -12.50 +/-    0.12 kcal/mol |       4 |  -12.64 kcal/mol
         40 |      1047341 |  -12.05 kcal/mol |  -12.42 +/-    0.10 kcal/mol |       9 |  -12.64 kcal/mol
         45 |      1180101 |  -12.26 kcal/mol |  -12.42 +/-    0.12 kcal/mol |       5 |  -12.64 kcal/mol
         50 |      1313053 |  -12.06 kcal/mol |  -12.45 +/-    0.11 kcal/mol |       5 |  -12.64 kcal/mol
------------+--------------+------------------+------------------------------+---------+-------------------

                                   Finished evaluation after reaching
                                  -12.44 +/-    0.11 kcal/mol combined.
                             23 samples, best inter + intra   -12.64 kcal/mol.


Shutdown time 0.000728s

Job #1 took 0.840 sec after waiting 4.519 sec for setup

(Thread 0 is processing Job #1)
(Thread 0 is setting up Job #2)

Running Job #2:
    Device: NVIDIA A100-SXM4-40GB
    Grid map file: ./protein.maps.fld
    Ligand file: ./ligand_2_2.pdbqt
    Output file: docking_result_2.dlg (+ xml)
    Using heuristics: (capped) number of evaluations set to 2068966
    Local-search chosen method is: ADADELTA (ad)

Rest of Setup time 0.303427s

Executing docking runs, stopping automatically after either reaching 0.15 kcal/mol standard deviation of
the best molecules of the last 4 * 5 generations, 42000 generations, or 2068966 evaluations:

Generations |  Evaluations |     Threshold    |  Average energy of best 10%  | Samples | Best Inter + Intra
------------+--------------+------------------+------------------------------+---------+-------------------
          0 |          150 |   -1.96 kcal/mol |   -2.75 +/-    0.21 kcal/mol |       4 |   -2.99 kcal/mol
          5 |       115128 |   -1.96 kcal/mol |   -5.56 +/-    1.69 kcal/mol |     862 |  -11.12 kcal/mol
         10 |       225441 |   -5.53 kcal/mol |  -10.24 +/-    1.05 kcal/mol |      46 |  -13.19 kcal/mol
         15 |       340162 |   -9.90 kcal/mol |  -12.72 +/-    0.36 kcal/mol |       4 |  -13.19 kcal/mol
         20 |       456690 |  -11.37 kcal/mol |  -12.74 +/-    0.47 kcal/mol |      13 |  -13.68 kcal/mol
         25 |       576006 |  -12.20 kcal/mol |  -13.75 +/-    0.66 kcal/mol |       5 |  -15.00 kcal/mol
         30 |       695745 |  -11.78 kcal/mol |  -13.92 +/-    0.69 kcal/mol |       8 |  -15.05 kcal/mol
         35 |       816634 |  -12.63 kcal/mol |  -14.49 +/-    0.56 kcal/mol |       4 |  -15.05 kcal/mol
         40 |       935361 |  -12.37 kcal/mol |  -14.30 +/-    0.49 kcal/mol |       7 |  -15.05 kcal/mol
         45 |      1054415 |  -13.24 kcal/mol |  -14.33 +/-    0.45 kcal/mol |       5 |  -15.05 kcal/mol
         50 |      1168701 |  -12.98 kcal/mol |  -14.34 +/-    0.50 kcal/mol |       6 |  -15.05 kcal/mol
         55 |      1285554 |  -13.10 kcal/mol |  -14.30 +/-    0.38 kcal/mol |       5 |  -15.05 kcal/mol
         60 |      1398293 |  -13.16 kcal/mol |  -14.29 +/-    0.36 kcal/mol |       6 |  -15.05 kcal/mol
         65 |      1517868 |  -13.37 kcal/mol |  -14.47 +/-    0.31 kcal/mol |       6 |  -15.08 kcal/mol
         70 |      1636496 |  -13.71 kcal/mol |  -14.98 +/-    0.34 kcal/mol |       5 |  -15.32 kcal/mol
         75 |      1754150 |  -13.95 kcal/mol |  -15.00 +/-    0.23 kcal/mol |       4 |  -15.32 kcal/mol
         80 |      1870308 |  -14.14 kcal/mol |  -15.10 +/-    0.24 kcal/mol |       4 |  -15.32 kcal/mol
         85 |      1989246 |  -14.19 kcal/mol |  -14.98 +/-    0.28 kcal/mol |      10 |  -15.37 kcal/mol
         89 |      2084967 |  -14.56 kcal/mol |  -15.05 +/-    0.28 kcal/mol |      13 |  -15.38 kcal/mol
------------+--------------+------------------+------------------------------+---------+-------------------

                                   Finished evaluation after reaching
                       2084967 evaluations. Best inter + intra   -15.38 kcal/mol.


Shutdown time 0.000731s

Job #2 took 1.284 sec after waiting 0.040 sec for setup

(Thread 0 is processing Job #2)
(Thread 0 is setting up Job #3)

Running Job #3:
    Device: NVIDIA A100-SXM4-40GB
    Grid map file: ./protein.maps.fld
    Ligand file: ./ligand_3_3.pdbqt
    Output file: docking_result_3.dlg (+ xml)
    Using heuristics: (capped) number of evaluations set to 2280181
    Local-search chosen method is: ADADELTA (ad)

Rest of Setup time 0.308049s

Executing docking runs, stopping automatically after either reaching 0.15 kcal/mol standard deviation of
the best molecules of the last 4 * 5 generations, 42000 generations, or 2280181 evaluations:

Generations |  Evaluations |     Threshold    |  Average energy of best 10%  | Samples | Best Inter + Intra
------------+--------------+------------------+------------------------------+---------+-------------------
          0 |          150 |   -1.10 kcal/mol |   -2.83 +/-    0.58 kcal/mol |       5 |   -3.46 kcal/mol
          5 |       125327 |   -1.10 kcal/mol |   -4.63 +/-    1.48 kcal/mol |     833 |  -10.30 kcal/mol
         10 |       249962 |   -4.61 kcal/mol |   -8.47 +/-    0.89 kcal/mol |      44 |  -10.98 kcal/mol
         15 |       377887 |   -8.16 kcal/mol |  -10.81 +/-    0.23 kcal/mol |       5 |  -11.01 kcal/mol
         20 |       507212 |  -10.12 kcal/mol |  -10.93 +/-    0.14 kcal/mol |       7 |  -11.05 kcal/mol
         25 |       636176 |  -10.63 kcal/mol |  -10.85 +/-    0.16 kcal/mol |       8 |  -11.05 kcal/mol
         30 |       765712 |  -10.56 kcal/mol |  -11.06 +/-    0.14 kcal/mol |       9 |  -11.27 kcal/mol
         35 |       892214 |  -10.83 kcal/mol |  -11.05 +/-    0.17 kcal/mol |      12 |  -11.34 kcal/mol
         40 |      1019928 |  -10.84 kcal/mol |  -11.36 +/-    0.10 kcal/mol |       4 |  -11.53 kcal/mol
         45 |      1145863 |  -10.96 kcal/mol |  -11.47 +/-    0.11 kcal/mol |       5 |  -11.59 kcal/mol
         50 |      1270766 |  -11.14 kcal/mol |  -11.43 +/-    0.13 kcal/mol |       7 |  -11.59 kcal/mol
         55 |      1396782 |  -11.14 kcal/mol |  -11.37 +/-    0.14 kcal/mol |       5 |  -11.60 kcal/mol
         60 |      1521674 |  -10.94 kcal/mol |  -11.33 +/-    0.14 kcal/mol |      11 |  -11.60 kcal/mol
         65 |      1650909 |  -11.13 kcal/mol |  -11.39 +/-    0.13 kcal/mol |       5 |  -11.60 kcal/mol
         70 |      1778145 |  -10.99 kcal/mol |  -11.40 +/-    0.14 kcal/mol |       9 |  -11.60 kcal/mol
------------+--------------+------------------+------------------------------+---------+-------------------

                                   Finished evaluation after reaching
                                  -11.36 +/-    0.14 kcal/mol combined.
                             30 samples, best inter + intra   -11.60 kcal/mol.


Shutdown time 0.000654s

Job #3 took 0.958 sec after waiting 0.051 sec for setup

(Thread 0 is processing Job #3)
Run time of entire job set (3 files): 7.726 sec
Savings from multithreading: -0.001 sec
Idle time of execution thread: 4.644 sec

All jobs (3) ran without errors.
