AutoDock-GPU version: v1.6-7-ga46ab564d2ac5f1a1523f65239b43505a1c29364-dirty

Using 1 OpenMP threads

Running 3 docking calculations

Cuda device:                              NVIDIA A100-SXM4-40GB
Available memory on device:               39916 MB (total: 40339 MB)

CUDA Setup time 0.231504s
(Thread 0 is setting up Job #1)

Running Job #1:
    Device: NVIDIA A100-SXM4-40GB
    Grid map file: ./protein.maps.fld
    Ligand file: ./ligand_1_1.pdbqt
    Output file: docking_result_1.dlg (+ xml)
    Using heuristics: (capped) number of evaluations set to 2280181
    Local-search chosen method is: ADADELTA (ad)

Rest of Setup time 0.303909s

Executing docking runs, stopping automatically after either reaching 0.15 kcal/mol standard deviation of
the best molecules of the last 4 * 5 generations, 42000 generations, or 2280181 evaluations:

Generations |  Evaluations |     Threshold    |  Average energy of best 10%  | Samples | Best Inter + Intra
------------+--------------+------------------+------------------------------+---------+-------------------
          0 |          150 |   -1.21 kcal/mol |   -1.92 +/-    0.23 kcal/mol |       5 |   -2.27 kcal/mol
          5 |       134207 |   -1.22 kcal/mol |   -4.63 +/-    1.67 kcal/mol |    1030 |  -11.11 kcal/mol
         10 |       266097 |   -4.60 kcal/mol |   -9.36 +/-    0.94 kcal/mol |      36 |  -11.59 kcal/mol
         15 |       397274 |   -8.97 kcal/mol |  -11.25 +/-    0.33 kcal/mol |       5 |  -11.86 kcal/mol
         20 |       526550 |  -10.26 kcal/mol |  -11.37 +/-    0.26 kcal/mol |      11 |  -11.86 kcal/mol
         25 |       654591 |  -11.01 kcal/mol |  -11.64 +/-    0.20 kcal/mol |       4 |  -11.92 kcal/mol
         30 |       782277 |  -10.89 kcal/mol |  -11.71 +/-    0.20 kcal/mol |      15 |  -12.05 kcal/mol
         35 |       909615 |  -11.51 kcal/mol |  -12.06 +/-    0.15 kcal/mol |       4 |  -12.21 kcal/mol
         40 |      1037283 |  -11.51 kcal/mol |  -12.18 +/-    0.15 kcal/mol |       8 |  -12.29 kcal/mol
         45 |      1166219 |  -11.89 kcal/mol |  -12.21 +/-    0.22 kcal/mol |       6 |  -12.68 kcal/mol
         50 |      1292673 |  -11.65 kcal/mol |  -12.44 +/-    0.25 kcal/mol |       4 |  -12.68 kcal/mol
         55 |      1418289 |  -11.49 kcal/mol |  -12.36 +/-    0.28 kcal/mol |       5 |  -12.68 kcal/mol
         60 |      1542367 |  -11.53 kcal/mol |  -12.44 +/-    0.25 kcal/mol |       4 |  -12.68 kcal/mol
         65 |      1668403 |  -11.49 kcal/mol |  -12.34 +/-    0.19 kcal/mol |       9 |  -12.68 kcal/mol
         70 |      1793400 |  -12.02 kcal/mol |  -12.50 +/-    0.13 kcal/mol |       6 |  -12.68 kcal/mol
         75 |      1917447 |  -12.18 kcal/mol |  -12.51 +/-    0.15 kcal/mol |       4 |  -12.68 kcal/mol
         80 |      2040883 |  -11.94 kcal/mol |  -12.19 +/-    0.20 kcal/mol |      13 |  -12.68 kcal/mol
         85 |      2166707 |  -11.96 kcal/mol |  -12.56 +/-    0.14 kcal/mol |       6 |  -12.69 kcal/mol
         90 |      2292319 |  -12.21 kcal/mol |  -12.63 +/-    0.08 kcal/mol |       7 |  -12.69 kcal/mol
------------+--------------+------------------+------------------------------+---------+-------------------

                                   Finished evaluation after reaching
                       2292319 evaluations. Best inter + intra   -12.69 kcal/mol.


Shutdown time 0.000636s

Job #1 took 1.108 sec after waiting 4.447 sec for setup

(Thread 0 is processing Job #1)
(Thread 0 is setting up Job #2)

Running Job #2:
    Device: NVIDIA A100-SXM4-40GB
    Grid map file: ./protein.maps.fld
    Ligand file: ./ligand_2_2.pdbqt
    Output file: docking_result_2.dlg (+ xml)
    Using heuristics: (capped) number of evaluations set to 2280181
    Local-search chosen method is: ADADELTA (ad)

Rest of Setup time 0.302703s

Executing docking runs, stopping automatically after either reaching 0.15 kcal/mol standard deviation of
the best molecules of the last 4 * 5 generations, 42000 generations, or 2280181 evaluations:

Generations |  Evaluations |     Threshold    |  Average energy of best 10%  | Samples | Best Inter + Intra
------------+--------------+------------------+------------------------------+---------+-------------------
          0 |          150 |   -2.02 kcal/mol |   -2.46 +/-    0.15 kcal/mol |       5 |   -2.66 kcal/mol
          5 |       136345 |   -2.02 kcal/mol |   -4.94 +/-    1.55 kcal/mol |     967 |  -11.17 kcal/mol
         10 |       269909 |   -4.92 kcal/mol |   -9.02 +/-    0.79 kcal/mol |      49 |  -11.46 kcal/mol
         15 |       408267 |   -8.78 kcal/mol |  -11.08 +/-    0.32 kcal/mol |      12 |  -11.48 kcal/mol
         20 |       545898 |  -10.68 kcal/mol |  -11.93 +/-    0.21 kcal/mol |       4 |  -12.29 kcal/mol
         25 |       683617 |  -11.15 kcal/mol |  -12.15 +/-    0.34 kcal/mol |       4 |  -12.49 kcal/mol
         30 |       821502 |  -10.88 kcal/mol |  -12.18 +/-    0.27 kcal/mol |       6 |  -12.49 kcal/mol
         35 |       957607 |  -11.50 kcal/mol |  -12.13 +/-    0.34 kcal/mol |       5 |  -12.55 kcal/mol
         40 |      1092664 |  -11.13 kcal/mol |  -12.34 +/-    0.27 kcal/mol |       4 |  -12.55 kcal/mol
         45 |      1227383 |  -11.35 kcal/mol |  -12.34 +/-    0.30 kcal/mol |       6 |  -12.56 kcal/mol
         50 |      1362530 |  -11.60 kcal/mol |  -12.54 +/-    0.07 kcal/mol |       4 |  -12.64 kcal/mol
         55 |      1500248 |  -11.98 kcal/mol |  -12.66 +/-    0.04 kcal/mol |       2 |  -12.71 kcal/mol
         60 |      1634249 |  -11.54 kcal/mol |  -12.38 +/-    0.27 kcal/mol |       6 |  -12.72 kcal/mol
         65 |      1769487 |  -11.69 kcal/mol |  -12.50 +/-    0.18 kcal/mol |       4 |  -12.72 kcal/mol
         70 |      1902722 |  -11.83 kcal/mol |  -12.51 +/-    0.19 kcal/mol |       8 |  -12.72 kcal/mol
         75 |      2034290 |  -12.15 kcal/mol |  -12.55 +/-    0.18 kcal/mol |       3 |  -12.72 kcal/mol
         80 |      2165014 |  -11.66 kcal/mol |  -12.28 +/-    0.23 kcal/mol |       9 |  -12.72 kcal/mol
         85 |      2295891 |  -11.90 kcal/mol |  -12.30 +/-    0.23 kcal/mol |      22 |  -12.72 kcal/mol
------------+--------------+------------------+------------------------------+---------+-------------------

                                   Finished evaluation after reaching
                       2295891 evaluations. Best inter + intra   -12.72 kcal/mol.


Shutdown time 0.000757s

Job #2 took 1.063 sec after waiting 0.031 sec for setup

(Thread 0 is processing Job #2)
(Thread 0 is setting up Job #3)

Running Job #3:
    Device: NVIDIA A100-SXM4-40GB
    Grid map file: ./protein.maps.fld
    Ligand file: ./ligand_3_3.pdbqt
    Output file: docking_result_3.dlg (+ xml)
    Using heuristics: (capped) number of evaluations set to 2280181
    Local-search chosen method is: ADADELTA (ad)

Rest of Setup time 0.305294s

Executing docking runs, stopping automatically after either reaching 0.15 kcal/mol standard deviation of
the best molecules of the last 4 * 5 generations, 42000 generations, or 2280181 evaluations:

Generations |  Evaluations |     Threshold    |  Average energy of best 10%  | Samples | Best Inter + Intra
------------+--------------+------------------+------------------------------+---------+-------------------
          0 |          150 |   -1.65 kcal/mol |   -2.01 +/-    0.12 kcal/mol |       5 |   -2.15 kcal/mol
          5 |       131192 |   -1.65 kcal/mol |   -4.71 +/-    1.52 kcal/mol |     979 |  -11.15 kcal/mol
         10 |       261937 |   -4.69 kcal/mol |   -8.76 +/-    0.86 kcal/mol |      53 |  -11.15 kcal/mol
         15 |       394169 |   -8.52 kcal/mol |  -10.88 +/-    0.26 kcal/mol |      10 |  -11.18 kcal/mol
         20 |       527949 |  -10.49 kcal/mol |  -11.42 +/-    0.23 kcal/mol |       5 |  -11.80 kcal/mol
         25 |       661484 |  -10.74 kcal/mol |  -11.55 +/-    0.19 kcal/mol |       4 |  -11.88 kcal/mol
         30 |       795848 |  -10.84 kcal/mol |  -11.58 +/-    0.20 kcal/mol |       8 |  -11.92 kcal/mol
         35 |       927780 |  -11.21 kcal/mol |  -11.72 +/-    0.26 kcal/mol |       4 |  -12.09 kcal/mol
         40 |      1060677 |  -10.73 kcal/mol |  -11.55 +/-    0.28 kcal/mol |       7 |  -12.09 kcal/mol
         45 |      1194725 |  -10.95 kcal/mol |  -11.81 +/-    0.22 kcal/mol |       4 |  -12.09 kcal/mol
         50 |      1327517 |  -10.98 kcal/mol |  -11.70 +/-    0.22 kcal/mol |       7 |  -12.09 kcal/mol
         55 |      1459128 |  -11.24 kcal/mol |  -11.78 +/-    0.17 kcal/mol |       9 |  -12.09 kcal/mol
         60 |      1588798 |  -11.49 kcal/mol |  -11.91 +/-    0.12 kcal/mol |       4 |  -12.09 kcal/mol
         65 |      1720027 |  -11.46 kcal/mol |  -11.92 +/-    0.11 kcal/mol |       6 |  -12.09 kcal/mol
         70 |      1851209 |  -11.64 kcal/mol |  -11.94 +/-    0.11 kcal/mol |      10 |  -12.09 kcal/mol
         75 |      1981738 |  -11.79 kcal/mol |  -11.96 +/-    0.10 kcal/mol |       7 |  -12.10 kcal/mol
------------+--------------+------------------+------------------------------+---------+-------------------

                                   Finished evaluation after reaching
                                  -11.94 +/-    0.11 kcal/mol combined.
                             27 samples, best inter + intra   -12.10 kcal/mol.


Shutdown time 0.000619s

Job #3 took 0.907 sec after waiting 0.032 sec for setup

(Thread 0 is processing Job #3)
Run time of entire job set (3 files): 7.618 sec
Savings from multithreading: -0.000 sec
Idle time of execution thread: 4.540 sec

All jobs (3) ran without errors.
