AutoDock-GPU version: v1.6-7-ga46ab564d2ac5f1a1523f65239b43505a1c29364-dirty

Running 1 docking calculation

Cuda device:                              NVIDIA A100-SXM4-40GB
Available memory on device:               39916 MB (total: 40339 MB)

CUDA Setup time 0.238998s
(Thread 0 is setting up Job #1)

Running Job #1
    Using heuristics: (capped) number of evaluations set to 3487417
    Overriding heuristics, setting number of evaluations to --nev = 2500000 instead.
    Local-search chosen method is: ADADELTA (ad)

Rest of Setup time 0.304902s

Executing docking runs, stopping automatically after either reaching 0.15 kcal/mol standard deviation of
the best molecules of the last 4 * 5 generations, 42000 generations, or 2500000 evaluations:

Generations |  Evaluations |     Threshold    |  Average energy of best 10%  | Samples | Best Inter + Intra
------------+--------------+------------------+------------------------------+---------+-------------------
          0 |          150 |   -1.59 kcal/mol |   -1.83 +/-    0.21 kcal/mol |      13 |   -2.30 kcal/mol
          5 |       110991 |   -1.59 kcal/mol |   -5.48 +/-    2.07 kcal/mol |     935 |  -13.63 kcal/mol
         10 |       223678 |   -5.44 kcal/mol |  -10.81 +/-    1.16 kcal/mol |      32 |  -13.91 kcal/mol
         15 |       341794 |  -10.26 kcal/mol |  -13.06 +/-    0.38 kcal/mol |       7 |  -13.91 kcal/mol
         20 |       462277 |  -12.24 kcal/mol |  -13.33 +/-    0.37 kcal/mol |       4 |  -13.91 kcal/mol
         25 |       583684 |  -11.96 kcal/mol |  -13.54 +/-    0.74 kcal/mol |       7 |  -15.19 kcal/mol
         30 |       709376 |  -11.95 kcal/mol |  -14.20 +/-    0.64 kcal/mol |       6 |  -15.19 kcal/mol
         35 |       834387 |  -12.60 kcal/mol |  -14.72 +/-    0.51 kcal/mol |       8 |  -15.31 kcal/mol
         40 |       959310 |  -13.76 kcal/mol |  -15.02 +/-    0.30 kcal/mol |       5 |  -15.49 kcal/mol
         45 |      1084366 |  -14.11 kcal/mol |  -15.10 +/-    0.28 kcal/mol |       4 |  -15.49 kcal/mol
         50 |      1207296 |  -14.04 kcal/mol |  -14.97 +/-    0.36 kcal/mol |       4 |  -15.49 kcal/mol
         55 |      1331550 |  -13.61 kcal/mol |  -14.77 +/-    0.37 kcal/mol |       9 |  -15.49 kcal/mol
         60 |      1455638 |  -14.15 kcal/mol |  -15.29 +/-    0.13 kcal/mol |       4 |  -15.49 kcal/mol
         65 |      1580600 |  -14.79 kcal/mol |  -15.57 +/-    0.25 kcal/mol |       4 |  -15.74 kcal/mol
         70 |      1708406 |  -14.61 kcal/mol |  -15.53 +/-    0.23 kcal/mol |       5 |  -15.74 kcal/mol
         75 |      1833839 |  -14.84 kcal/mol |  -15.50 +/-    0.24 kcal/mol |       4 |  -15.74 kcal/mol
         80 |      1957968 |  -14.61 kcal/mol |  -15.40 +/-    0.25 kcal/mol |       6 |  -15.74 kcal/mol
         85 |      2082766 |  -14.78 kcal/mol |  -15.57 +/-    0.20 kcal/mol |       5 |  -15.74 kcal/mol
         90 |      2208634 |  -14.97 kcal/mol |  -15.37 +/-    0.27 kcal/mol |       6 |  -15.74 kcal/mol
         95 |      2334799 |  -14.70 kcal/mol |  -15.57 +/-    0.18 kcal/mol |       7 |  -15.74 kcal/mol
        100 |      2462287 |  -15.20 kcal/mol |  -15.82 +/-    0.09 kcal/mol |       5 |  -15.95 kcal/mol
        102 |      2512655 |  -15.54 kcal/mol |  -15.82 +/-    0.10 kcal/mol |       8 |  -15.97 kcal/mol
------------+--------------+------------------+------------------------------+---------+-------------------

                                   Finished evaluation after reaching
                       2512655 evaluations. Best inter + intra   -15.97 kcal/mol.


Shutdown time 0.000720s

Job #1 took 1.678 sec after waiting 4.488 sec for setup

(Thread 0 is processing Job #1)
Run time of entire job set (1 file): 6.225 sec
Processing time: 0.059 sec

All jobs (1) ran without errors.
