AutoDock-GPU version: v1.6-7-ga46ab564d2ac5f1a1523f65239b43505a1c29364-dirty

Using 1 OpenMP threads

Running 10 docking calculations

Cuda device:                              NVIDIA A100-SXM4-40GB
Available memory on device:               39916 MB (total: 40339 MB)

CUDA Setup time 0.235503s
(Thread 0 is setting up Job #1)

Running Job #1:
    Device: NVIDIA A100-SXM4-40GB
    Grid map file: ./protein.maps.fld
    Ligand file: ./ligand_1_1.pdbqt
    Output file: docking_result_1.dlg (+ xml)
    Using heuristics: (capped) number of evaluations set to 7973093
    Overriding heuristics, setting number of evaluations to --nev = 2500000 instead.
    Warning: The set number of evals is 10.52% of the uncapped heuristics estimate of 23759450 evals.
             This means this docking may not be able to converge. Increasing --heurmax may improve
             convergence but will also increase runtime.
             AutoStop will not stop before 76.79% (1919714) of the set number of evaluations.
    Local-search chosen method is: ADADELTA (ad)

Rest of Setup time 0.306406s

Executing docking runs, stopping automatically after either reaching 0.15 kcal/mol standard deviation of
the best molecules of the last 4 * 5 generations, 42000 generations, or 2500000 evaluations:

Generations |  Evaluations |     Threshold    |  Average energy of best 10%  | Samples | Best Inter + Intra
------------+--------------+------------------+------------------------------+---------+-------------------
          0 |          150 |  413.55 kcal/mol |  200.68 +/-   62.21 kcal/mol |       6 |   82.81 kcal/mol
          5 |       120958 |  356.21 kcal/mol |   12.87 +/-   32.42 kcal/mol |    1142 |   -9.99 kcal/mol
         10 |       231246 |   13.30 kcal/mol |  -10.62 +/-    0.73 kcal/mol |       4 |  -11.41 kcal/mol
         15 |       343748 |   -7.87 kcal/mol |  -10.51 +/-    0.93 kcal/mol |       4 |  -12.10 kcal/mol
         20 |       457933 |   -7.03 kcal/mol |  -10.13 +/-    0.92 kcal/mol |      15 |  -12.10 kcal/mol
         25 |       569190 |   -9.21 kcal/mol |  -10.94 +/-    0.67 kcal/mol |       4 |  -12.10 kcal/mol
         30 |       679827 |   -8.44 kcal/mol |  -10.51 +/-    0.56 kcal/mol |      15 |  -12.13 kcal/mol
         35 |       786711 |   -9.95 kcal/mol |  -12.03 +/-    1.03 kcal/mol |       7 |  -13.59 kcal/mol
         40 |       896039 |   -9.82 kcal/mol |  -12.51 +/-    0.97 kcal/mol |       4 |  -14.17 kcal/mol
         45 |      1003179 |   -8.87 kcal/mol |  -12.39 +/-    1.03 kcal/mol |       5 |  -14.17 kcal/mol
         50 |      1107611 |   -9.31 kcal/mol |  -12.68 +/-    0.95 kcal/mol |       4 |  -14.17 kcal/mol
         55 |      1210419 |   -9.10 kcal/mol |  -12.00 +/-    0.96 kcal/mol |       8 |  -14.17 kcal/mol
         60 |      1310030 |  -10.20 kcal/mol |  -12.89 +/-    0.78 kcal/mol |       4 |  -14.17 kcal/mol
         65 |      1410165 |   -9.96 kcal/mol |  -12.88 +/-    0.88 kcal/mol |       7 |  -14.17 kcal/mol
         70 |      1508153 |  -10.99 kcal/mol |  -13.18 +/-    0.52 kcal/mol |       7 |  -14.17 kcal/mol
         75 |      1605098 |  -12.08 kcal/mol |  -13.35 +/-    0.65 kcal/mol |       4 |  -14.46 kcal/mol
         80 |      1700961 |  -10.92 kcal/mol |  -13.07 +/-    0.63 kcal/mol |       8 |  -14.46 kcal/mol
         85 |      1800365 |  -11.88 kcal/mol |  -14.03 +/-    0.43 kcal/mol |       4 |  -14.46 kcal/mol
         90 |      1897888 |  -12.41 kcal/mol |  -13.49 +/-    0.58 kcal/mol |       5 |  -14.46 kcal/mol
         95 |      1992990 |  -11.76 kcal/mol |  -13.69 +/-    0.37 kcal/mol |       6 |  -14.46 kcal/mol
        100 |      2086872 |  -12.78 kcal/mol |  -13.64 +/-    0.55 kcal/mol |       4 |  -14.46 kcal/mol
        105 |      2180297 |  -11.56 kcal/mol |  -13.27 +/-    0.52 kcal/mol |      10 |  -14.46 kcal/mol
        110 |      2272846 |  -12.49 kcal/mol |  -13.82 +/-    0.37 kcal/mol |       4 |  -14.46 kcal/mol
        115 |      2365283 |  -12.42 kcal/mol |  -13.74 +/-    0.52 kcal/mol |       4 |  -14.46 kcal/mol
        120 |      2458334 |  -11.79 kcal/mol |  -13.33 +/-    0.51 kcal/mol |       9 |  -14.46 kcal/mol
        123 |      2514462 |  -12.49 kcal/mol |  -13.54 +/-    0.55 kcal/mol |      13 |  -14.46 kcal/mol
------------+--------------+------------------+------------------------------+---------+-------------------

                                   Finished evaluation after reaching
                       2514462 evaluations. Best inter + intra   -14.46 kcal/mol.


Shutdown time 0.000703s

Job #1 took 1.765 sec after waiting 4.492 sec for setup

(Thread 0 is processing Job #1)
(Thread 0 is setting up Job #2)

Running Job #2:
    Device: NVIDIA A100-SXM4-40GB
    Grid map file: ./protein.maps.fld
    Ligand file: ./ligand_2_2.pdbqt
    Output file: docking_result_2.dlg (+ xml)
    Using heuristics: (capped) number of evaluations set to 7973093
    Overriding heuristics, setting number of evaluations to --nev = 2500000 instead.
    Warning: The set number of evals is 10.52% of the uncapped heuristics estimate of 23759450 evals.
             This means this docking may not be able to converge. Increasing --heurmax may improve
             convergence but will also increase runtime.
             AutoStop will not stop before 76.79% (1919714) of the set number of evaluations.
    Local-search chosen method is: ADADELTA (ad)

Rest of Setup time 0.306875s

Executing docking runs, stopping automatically after either reaching 0.15 kcal/mol standard deviation of
the best molecules of the last 4 * 5 generations, 42000 generations, or 2500000 evaluations:

Generations |  Evaluations |     Threshold    |  Average energy of best 10%  | Samples | Best Inter + Intra
------------+--------------+------------------+------------------------------+---------+-------------------
          0 |          150 |  264.80 kcal/mol |  196.19 +/-   18.30 kcal/mol |       4 |  167.66 kcal/mol
          5 |       120568 |  264.80 kcal/mol |    8.52 +/-   25.87 kcal/mol |    1129 |   -8.72 kcal/mol
         10 |       228065 |    8.86 kcal/mol |  -10.64 +/-    1.32 kcal/mol |       6 |  -13.42 kcal/mol
         15 |       338416 |   -7.34 kcal/mol |  -11.27 +/-    1.17 kcal/mol |       5 |  -13.42 kcal/mol
         20 |       451070 |   -7.76 kcal/mol |  -11.08 +/-    1.15 kcal/mol |       6 |  -13.42 kcal/mol
         25 |       561921 |   -8.20 kcal/mol |  -12.11 +/-    1.04 kcal/mol |       5 |  -13.42 kcal/mol
         30 |       673009 |   -9.00 kcal/mol |  -12.01 +/-    0.71 kcal/mol |       5 |  -13.42 kcal/mol
         35 |       781705 |   -9.89 kcal/mol |  -12.04 +/-    0.68 kcal/mol |       6 |  -13.42 kcal/mol
         40 |       889171 |  -10.33 kcal/mol |  -12.08 +/-    0.78 kcal/mol |       4 |  -13.42 kcal/mol
         45 |       995967 |   -9.17 kcal/mol |  -11.89 +/-    0.76 kcal/mol |      14 |  -13.42 kcal/mol
         50 |      1098653 |  -11.07 kcal/mol |  -12.77 +/-    0.38 kcal/mol |       4 |  -13.42 kcal/mol
         55 |      1202495 |  -11.35 kcal/mol |  -12.73 +/-    0.31 kcal/mol |       6 |  -13.42 kcal/mol
         60 |      1304601 |  -11.95 kcal/mol |  -12.89 +/-    0.47 kcal/mol |       4 |  -13.42 kcal/mol
         65 |      1405314 |  -11.14 kcal/mol |  -12.85 +/-    0.53 kcal/mol |       6 |  -13.42 kcal/mol
         70 |      1504981 |  -11.52 kcal/mol |  -13.06 +/-    0.30 kcal/mol |       6 |  -13.45 kcal/mol
         75 |      1604984 |  -12.30 kcal/mol |  -13.28 +/-    0.22 kcal/mol |       3 |  -13.45 kcal/mol
         80 |      1703498 |  -12.17 kcal/mol |  -13.28 +/-    0.22 kcal/mol |       3 |  -13.45 kcal/mol
         85 |      1802351 |  -12.17 kcal/mol |  -13.26 +/-    0.29 kcal/mol |       7 |  -13.45 kcal/mol
         90 |      1899472 |  -12.64 kcal/mol |  -13.45 +/-    0.08 kcal/mol |       4 |  -13.57 kcal/mol
         95 |      1996699 |  -13.14 kcal/mol |  -13.55 +/-    0.14 kcal/mol |       5 |  -13.82 kcal/mol
        100 |      2091572 |  -13.12 kcal/mol |  -13.61 +/-    0.15 kcal/mol |       6 |  -13.82 kcal/mol
        105 |      2185489 |  -13.25 kcal/mol |  -13.64 +/-    0.15 kcal/mol |       5 |  -13.82 kcal/mol
        110 |      2280688 |  -13.20 kcal/mol |  -13.75 +/-    0.11 kcal/mol |       4 |  -13.82 kcal/mol
        115 |      2375558 |  -13.35 kcal/mol |  -13.65 +/-    0.16 kcal/mol |       4 |  -13.82 kcal/mol
        120 |      2471079 |  -13.03 kcal/mol |  -13.65 +/-    0.17 kcal/mol |       8 |  -13.82 kcal/mol
        122 |      2509075 |  -13.33 kcal/mol |  -13.65 +/-    0.17 kcal/mol |      12 |  -13.82 kcal/mol
------------+--------------+------------------+------------------------------+---------+-------------------

                                   Finished evaluation after reaching
                       2509075 evaluations. Best inter + intra   -13.82 kcal/mol.


Shutdown time 0.000680s

Job #2 took 1.689 sec after waiting 0.058 sec for setup

(Thread 0 is processing Job #2)
(Thread 0 is setting up Job #3)

Running Job #3:
    Device: NVIDIA A100-SXM4-40GB
    Grid map file: ./protein.maps.fld
    Ligand file: ./ligand_3_3.pdbqt
    Output file: docking_result_3.dlg (+ xml)
    Using heuristics: (capped) number of evaluations set to 7973093
    Overriding heuristics, setting number of evaluations to --nev = 2500000 instead.
    Warning: The set number of evals is 10.52% of the uncapped heuristics estimate of 23759450 evals.
             This means this docking may not be able to converge. Increasing --heurmax may improve
             convergence but will also increase runtime.
             AutoStop will not stop before 76.79% (1919714) of the set number of evaluations.
    Local-search chosen method is: ADADELTA (ad)

Rest of Setup time 0.304187s

Executing docking runs, stopping automatically after either reaching 0.15 kcal/mol standard deviation of
the best molecules of the last 4 * 5 generations, 42000 generations, or 2500000 evaluations:

Generations |  Evaluations |     Threshold    |  Average energy of best 10%  | Samples | Best Inter + Intra
------------+--------------+------------------+------------------------------+---------+-------------------
          0 |          150 |  281.90 kcal/mol |  234.52 +/-   12.75 kcal/mol |       4 |  212.95 kcal/mol
          5 |       120737 |  282.34 kcal/mol |   10.54 +/-   31.25 kcal/mol |    1134 |  -10.51 kcal/mol
         10 |       231517 |   10.95 kcal/mol |  -10.54 +/-    0.33 kcal/mol |       5 |  -10.91 kcal/mol
         15 |       343637 |   -9.56 kcal/mol |  -10.89 +/-    0.28 kcal/mol |       6 |  -11.37 kcal/mol
         20 |       455860 |  -10.19 kcal/mol |  -10.94 +/-    0.26 kcal/mol |       4 |  -11.37 kcal/mol
         25 |       567941 |   -9.95 kcal/mol |  -10.91 +/-    0.30 kcal/mol |       6 |  -11.37 kcal/mol
         30 |       679629 |  -10.17 kcal/mol |  -11.21 +/-    0.22 kcal/mol |       8 |  -11.58 kcal/mol
         35 |       787833 |  -10.81 kcal/mol |  -11.32 +/-    0.17 kcal/mol |       8 |  -11.58 kcal/mol
         40 |       894151 |  -11.00 kcal/mol |  -11.56 +/-    0.26 kcal/mol |       8 |  -12.16 kcal/mol
         45 |       999234 |  -11.07 kcal/mol |  -12.13 +/-    0.37 kcal/mol |       7 |  -12.72 kcal/mol
         50 |      1102912 |  -11.34 kcal/mol |  -12.66 +/-    0.42 kcal/mol |       6 |  -13.39 kcal/mol
         55 |      1204364 |  -11.62 kcal/mol |  -12.98 +/-    0.21 kcal/mol |       5 |  -13.39 kcal/mol
         60 |      1305561 |  -12.35 kcal/mol |  -13.12 +/-    0.28 kcal/mol |       4 |  -13.57 kcal/mol
         65 |      1406706 |  -12.08 kcal/mol |  -13.41 +/-    0.54 kcal/mol |       5 |  -14.11 kcal/mol
         70 |      1505137 |  -11.78 kcal/mol |  -13.56 +/-    0.46 kcal/mol |       8 |  -14.11 kcal/mol
         75 |      1602566 |  -12.70 kcal/mol |  -13.67 +/-    0.39 kcal/mol |       4 |  -14.11 kcal/mol
         80 |      1699977 |  -12.20 kcal/mol |  -13.68 +/-    0.38 kcal/mol |       4 |  -14.11 kcal/mol
         85 |      1797508 |  -12.25 kcal/mol |  -13.75 +/-    0.33 kcal/mol |       4 |  -14.11 kcal/mol
         90 |      1891747 |  -12.52 kcal/mol |  -13.72 +/-    0.35 kcal/mol |       4 |  -14.11 kcal/mol
         95 |      1986550 |  -12.41 kcal/mol |  -13.60 +/-    0.47 kcal/mol |       4 |  -14.11 kcal/mol
        100 |      2081306 |  -11.84 kcal/mol |  -13.48 +/-    0.50 kcal/mol |       9 |  -14.11 kcal/mol
        105 |      2175186 |  -12.64 kcal/mol |  -13.63 +/-    0.38 kcal/mol |       5 |  -14.11 kcal/mol
        110 |      2268735 |  -12.49 kcal/mol |  -13.64 +/-    0.35 kcal/mol |       6 |  -14.11 kcal/mol
        115 |      2362839 |  -12.78 kcal/mol |  -13.71 +/-    0.39 kcal/mol |       4 |  -14.11 kcal/mol
        120 |      2454602 |  -12.27 kcal/mol |  -13.64 +/-    0.37 kcal/mol |       8 |  -14.11 kcal/mol
        123 |      2509661 |  -12.96 kcal/mol |  -13.71 +/-    0.34 kcal/mol |      13 |  -14.11 kcal/mol
------------+--------------+------------------+------------------------------+---------+-------------------

                                   Finished evaluation after reaching
                       2509661 evaluations. Best inter + intra   -14.11 kcal/mol.


Shutdown time 0.000691s

Job #3 took 1.687 sec after waiting 0.057 sec for setup

(Thread 0 is processing Job #3)
(Thread 0 is setting up Job #4)

Running Job #4:
    Device: NVIDIA A100-SXM4-40GB
    Grid map file: ./protein.maps.fld
    Ligand file: ./ligand_4_4.pdbqt
    Output file: docking_result_4.dlg (+ xml)
    Using heuristics: (capped) number of evaluations set to 7266276
    Overriding heuristics, setting number of evaluations to --nev = 2500000 instead.
    Warning: The set number of evals is 13.57% of the uncapped heuristics estimate of 18420020 evals.
             This means this docking may not be able to converge. Increasing --heurmax may improve
             convergence but will also increase runtime.
             AutoStop will not stop before 66.37% (1659273) of the set number of evaluations.
    Local-search chosen method is: ADADELTA (ad)

Rest of Setup time 0.309891s

Executing docking runs, stopping automatically after either reaching 0.15 kcal/mol standard deviation of
the best molecules of the last 4 * 5 generations, 42000 generations, or 2500000 evaluations:

Generations |  Evaluations |     Threshold    |  Average energy of best 10%  | Samples | Best Inter + Intra
------------+--------------+------------------+------------------------------+---------+-------------------
          0 |          150 |  163.90 kcal/mol |  131.64 +/-    8.60 kcal/mol |       4 |  119.49 kcal/mol
          5 |       118146 |  163.90 kcal/mol |    7.81 +/-   19.69 kcal/mol |    1126 |  -10.35 kcal/mol
         10 |       227599 |    8.07 kcal/mol |   -9.48 +/-    0.40 kcal/mol |       6 |  -10.35 kcal/mol
         15 |       339408 |   -8.47 kcal/mol |   -9.98 +/-    0.53 kcal/mol |       7 |  -10.66 kcal/mol
         20 |       451973 |   -8.83 kcal/mol |  -10.75 +/-    1.08 kcal/mol |       4 |  -12.60 kcal/mol
         25 |       563300 |   -6.72 kcal/mol |   -9.81 +/-    0.96 kcal/mol |      16 |  -12.60 kcal/mol
         30 |       674208 |   -8.91 kcal/mol |  -11.20 +/-    0.84 kcal/mol |       4 |  -12.60 kcal/mol
         35 |       782053 |   -8.04 kcal/mol |  -10.56 +/-    1.02 kcal/mol |      12 |  -12.78 kcal/mol
         40 |       887356 |   -9.29 kcal/mol |  -11.98 +/-    0.50 kcal/mol |       4 |  -12.78 kcal/mol
         45 |       989655 |  -10.09 kcal/mol |  -11.70 +/-    0.77 kcal/mol |       4 |  -12.78 kcal/mol
         50 |      1090102 |   -8.82 kcal/mol |  -11.03 +/-    0.71 kcal/mol |      11 |  -12.78 kcal/mol
         55 |      1189531 |  -10.06 kcal/mol |  -11.69 +/-    0.78 kcal/mol |       4 |  -12.78 kcal/mol
         60 |      1287952 |   -8.75 kcal/mol |  -11.09 +/-    0.81 kcal/mol |      13 |  -12.78 kcal/mol
         65 |      1384482 |  -10.16 kcal/mol |  -12.35 +/-    0.44 kcal/mol |       4 |  -12.78 kcal/mol
         70 |      1479264 |  -10.68 kcal/mol |  -12.45 +/-    0.43 kcal/mol |       5 |  -12.87 kcal/mol
         75 |      1572621 |  -11.16 kcal/mol |  -12.25 +/-    0.63 kcal/mol |       4 |  -12.87 kcal/mol
         80 |      1663366 |   -9.89 kcal/mol |  -12.08 +/-    0.62 kcal/mol |       6 |  -12.87 kcal/mol
         85 |      1753849 |  -10.52 kcal/mol |  -12.67 +/-    0.41 kcal/mol |       8 |  -13.06 kcal/mol
         90 |      1843875 |  -11.90 kcal/mol |  -12.68 +/-    0.47 kcal/mol |       6 |  -13.52 kcal/mol
         95 |      1932065 |  -11.51 kcal/mol |  -12.96 +/-    0.43 kcal/mol |       4 |  -13.52 kcal/mol
        100 |      2020492 |  -11.34 kcal/mol |  -13.00 +/-    0.58 kcal/mol |       4 |  -13.62 kcal/mol
        105 |      2107196 |  -10.84 kcal/mol |  -12.56 +/-    0.66 kcal/mol |       7 |  -13.62 kcal/mol
        110 |      2192450 |  -11.16 kcal/mol |  -12.93 +/-    0.64 kcal/mol |       4 |  -13.62 kcal/mol
        115 |      2277434 |  -10.52 kcal/mol |  -12.64 +/-    0.83 kcal/mol |       9 |  -13.99 kcal/mol
        120 |      2363343 |  -11.26 kcal/mol |  -13.53 +/-    0.56 kcal/mol |       4 |  -13.99 kcal/mol
        125 |      2450141 |  -11.43 kcal/mol |  -13.25 +/-    0.42 kcal/mol |       6 |  -13.99 kcal/mol
        128 |      2502241 |  -12.19 kcal/mol |  -13.45 +/-    0.46 kcal/mol |       9 |  -13.99 kcal/mol
------------+--------------+------------------+------------------------------+---------+-------------------

                                   Finished evaluation after reaching
                       2502241 evaluations. Best inter + intra   -13.99 kcal/mol.


Shutdown time 0.000721s

Job #4 took 1.725 sec after waiting 0.058 sec for setup

(Thread 0 is processing Job #4)
(Thread 0 is setting up Job #5)

Running Job #5:
    Device: NVIDIA A100-SXM4-40GB
    Grid map file: ./protein.maps.fld
    Ligand file: ./ligand_5_5.pdbqt
    Output file: docking_result_5.dlg (+ xml)
    Using heuristics: (capped) number of evaluations set to 2068966
    Local-search chosen method is: ADADELTA (ad)

Rest of Setup time 0.304856s

Executing docking runs, stopping automatically after either reaching 0.15 kcal/mol standard deviation of
the best molecules of the last 4 * 5 generations, 42000 generations, or 2068966 evaluations:

Generations |  Evaluations |     Threshold    |  Average energy of best 10%  | Samples | Best Inter + Intra
------------+--------------+------------------+------------------------------+---------+-------------------
          0 |          150 |   -2.61 kcal/mol |   -3.31 +/-    0.23 kcal/mol |       5 |   -3.58 kcal/mol
          5 |       123718 |   -2.63 kcal/mol |   -6.33 +/-    1.73 kcal/mol |     992 |  -12.82 kcal/mol
         10 |       246885 |   -6.30 kcal/mol |  -11.24 +/-    1.41 kcal/mol |      38 |  -16.13 kcal/mol
         15 |       374702 |  -10.69 kcal/mol |  -14.88 +/-    1.55 kcal/mol |       4 |  -16.58 kcal/mol
         20 |       503343 |   -9.06 kcal/mol |  -13.60 +/-    1.14 kcal/mol |      10 |  -16.58 kcal/mol
         25 |       632875 |  -11.89 kcal/mol |  -14.79 +/-    0.81 kcal/mol |       6 |  -16.58 kcal/mol
         30 |       762797 |  -12.77 kcal/mol |  -15.29 +/-    0.92 kcal/mol |       6 |  -16.58 kcal/mol
         35 |       890422 |  -12.99 kcal/mol |  -16.06 +/-    0.69 kcal/mol |       4 |  -16.58 kcal/mol
         40 |      1018375 |  -13.48 kcal/mol |  -15.74 +/-    0.85 kcal/mol |       4 |  -16.58 kcal/mol
         45 |      1147074 |  -12.56 kcal/mol |  -14.91 +/-    0.78 kcal/mol |       6 |  -16.60 kcal/mol
         50 |      1275937 |  -12.98 kcal/mol |  -15.19 +/-    0.66 kcal/mol |       6 |  -16.60 kcal/mol
         55 |      1404604 |  -13.55 kcal/mol |  -15.57 +/-    0.62 kcal/mol |       7 |  -16.60 kcal/mol
         60 |      1532285 |  -14.25 kcal/mol |  -15.55 +/-    0.62 kcal/mol |       4 |  -16.60 kcal/mol
         65 |      1663531 |  -13.23 kcal/mol |  -15.23 +/-    0.61 kcal/mol |       7 |  -16.60 kcal/mol
         70 |      1796474 |  -13.92 kcal/mol |  -16.26 +/-    0.47 kcal/mol |       4 |  -16.60 kcal/mol
         75 |      1928265 |  -14.49 kcal/mol |  -15.83 +/-    0.56 kcal/mol |       4 |  -16.60 kcal/mol
         80 |      2062045 |  -13.74 kcal/mol |  -15.82 +/-    0.71 kcal/mol |      10 |  -16.60 kcal/mol
         81 |      2088424 |  -14.75 kcal/mol |  -15.98 +/-    0.69 kcal/mol |      13 |  -16.60 kcal/mol
------------+--------------+------------------+------------------------------+---------+-------------------

                                   Finished evaluation after reaching
                       2088424 evaluations. Best inter + intra   -16.60 kcal/mol.


Shutdown time 0.000696s

Job #5 took 1.269 sec after waiting 0.056 sec for setup

(Thread 0 is processing Job #5)
(Thread 0 is setting up Job #6)

Running Job #6:
    Device: NVIDIA A100-SXM4-40GB
    Grid map file: ./protein.maps.fld
    Ligand file: ./ligand_6_6.pdbqt
    Output file: docking_result_6.dlg (+ xml)
    Using heuristics: (capped) number of evaluations set to 2068966
    Local-search chosen method is: ADADELTA (ad)

Rest of Setup time 0.306735s

Executing docking runs, stopping automatically after either reaching 0.15 kcal/mol standard deviation of
the best molecules of the last 4 * 5 generations, 42000 generations, or 2068966 evaluations:

Generations |  Evaluations |     Threshold    |  Average energy of best 10%  | Samples | Best Inter + Intra
------------+--------------+------------------+------------------------------+---------+-------------------
          0 |          150 |   -1.78 kcal/mol |   -3.05 +/-    0.43 kcal/mol |       4 |   -3.60 kcal/mol
          5 |       123043 |   -1.43 kcal/mol |   -5.20 +/-    1.76 kcal/mol |     983 |  -11.80 kcal/mol
         10 |       247975 |   -5.18 kcal/mol |  -10.26 +/-    1.28 kcal/mol |      31 |  -13.15 kcal/mol
         15 |       375559 |   -9.64 kcal/mol |  -12.90 +/-    0.22 kcal/mol |       5 |  -13.15 kcal/mol
         20 |       503653 |  -12.23 kcal/mol |  -13.28 +/-    0.54 kcal/mol |      10 |  -14.45 kcal/mol
         25 |       631903 |  -12.47 kcal/mol |  -13.93 +/-    0.54 kcal/mol |       6 |  -14.55 kcal/mol
         30 |       762661 |  -12.59 kcal/mol |  -14.41 +/-    0.24 kcal/mol |       8 |  -14.58 kcal/mol
         35 |       893972 |  -13.96 kcal/mol |  -14.74 +/-    0.21 kcal/mol |       4 |  -14.95 kcal/mol
         40 |      1026036 |  -13.97 kcal/mol |  -14.79 +/-    0.14 kcal/mol |       5 |  -14.95 kcal/mol
         45 |      1160411 |  -14.36 kcal/mol |  -14.78 +/-    0.12 kcal/mol |       6 |  -14.95 kcal/mol
         50 |      1290648 |  -14.47 kcal/mol |  -14.90 +/-    0.07 kcal/mol |       4 |  -14.95 kcal/mol
         55 |      1423580 |  -14.34 kcal/mol |  -14.92 +/-    0.15 kcal/mol |       6 |  -15.13 kcal/mol
         60 |      1554536 |  -14.54 kcal/mol |  -14.92 +/-    0.15 kcal/mol |       4 |  -15.13 kcal/mol
         65 |      1688615 |  -14.34 kcal/mol |  -15.07 +/-    0.14 kcal/mol |       6 |  -15.28 kcal/mol
         70 |      1822353 |  -14.71 kcal/mol |  -15.17 +/-    0.13 kcal/mol |       5 |  -15.28 kcal/mol
         75 |      1952670 |  -14.79 kcal/mol |  -15.05 +/-    0.18 kcal/mol |       6 |  -15.28 kcal/mol
         80 |      2085399 |  -14.60 kcal/mol |  -15.48 +/-    0.46 kcal/mol |       8 |  -16.27 kcal/mol
------------+--------------+------------------+------------------------------+---------+-------------------

                                   Finished evaluation after reaching
                       2085399 evaluations. Best inter + intra   -16.27 kcal/mol.


Shutdown time 0.000738s

Job #6 took 1.109 sec after waiting 0.051 sec for setup

(Thread 0 is processing Job #6)
(Thread 0 is setting up Job #7)

Running Job #7:
    Device: NVIDIA A100-SXM4-40GB
    Grid map file: ./protein.maps.fld
    Ligand file: ./ligand_7_7.pdbqt
    Output file: docking_result_7.dlg (+ xml)
    Using heuristics: (capped) number of evaluations set to 7973093
    Overriding heuristics, setting number of evaluations to --nev = 2500000 instead.
    Warning: The set number of evals is 10.52% of the uncapped heuristics estimate of 23759450 evals.
             This means this docking may not be able to converge. Increasing --heurmax may improve
             convergence but will also increase runtime.
             AutoStop will not stop before 76.79% (1919714) of the set number of evaluations.
    Local-search chosen method is: ADADELTA (ad)

Rest of Setup time 0.306503s

Executing docking runs, stopping automatically after either reaching 0.15 kcal/mol standard deviation of
the best molecules of the last 4 * 5 generations, 42000 generations, or 2500000 evaluations:

Generations |  Evaluations |     Threshold    |  Average energy of best 10%  | Samples | Best Inter + Intra
------------+--------------+------------------+------------------------------+---------+-------------------
          0 |          150 |  276.52 kcal/mol |  200.65 +/-   22.03 kcal/mol |       4 |  166.58 kcal/mol
          5 |       120465 |  283.25 kcal/mol |    9.37 +/-   26.12 kcal/mol |    1179 |   -9.24 kcal/mol
         10 |       229287 |    9.70 kcal/mol |  -10.06 +/-    0.62 kcal/mol |       5 |  -11.27 kcal/mol
         15 |       342203 |   -8.21 kcal/mol |  -10.24 +/-    0.65 kcal/mol |       5 |  -11.42 kcal/mol
         20 |       455336 |   -8.29 kcal/mol |  -10.70 +/-    1.12 kcal/mol |       6 |  -12.82 kcal/mol
         25 |       567254 |   -7.90 kcal/mol |  -10.90 +/-    0.97 kcal/mol |       6 |  -12.82 kcal/mol
         30 |       681289 |   -8.47 kcal/mol |  -11.29 +/-    0.79 kcal/mol |       8 |  -12.82 kcal/mol
         35 |       792556 |   -9.81 kcal/mol |  -12.03 +/-    0.44 kcal/mol |       5 |  -12.82 kcal/mol
         40 |       902562 |  -10.71 kcal/mol |  -12.20 +/-    0.37 kcal/mol |       7 |  -12.82 kcal/mol
         45 |      1013538 |  -11.42 kcal/mol |  -12.30 +/-    0.48 kcal/mol |       4 |  -12.82 kcal/mol
         50 |      1122970 |  -10.50 kcal/mol |  -12.18 +/-    0.58 kcal/mol |       6 |  -12.82 kcal/mol
         55 |      1231789 |  -10.74 kcal/mol |  -12.73 +/-    0.06 kcal/mol |       4 |  -12.82 kcal/mol
         60 |      1335779 |  -12.17 kcal/mol |  -12.63 +/-    0.22 kcal/mol |       4 |  -12.82 kcal/mol
         65 |      1442142 |  -11.79 kcal/mol |  -12.84 +/-    0.15 kcal/mol |       5 |  -13.11 kcal/mol
         70 |      1544949 |  -12.40 kcal/mol |  -12.87 +/-    0.21 kcal/mol |       5 |  -13.11 kcal/mol
         75 |      1646208 |  -12.25 kcal/mol |  -12.81 +/-    0.16 kcal/mol |       5 |  -13.11 kcal/mol
         80 |      1746451 |  -12.34 kcal/mol |  -12.85 +/-    0.15 kcal/mol |       5 |  -13.11 kcal/mol
         85 |      1846472 |  -12.39 kcal/mol |  -13.04 +/-    0.31 kcal/mol |       8 |  -13.46 kcal/mol
         90 |      1945856 |  -12.46 kcal/mol |  -13.49 +/-    0.02 kcal/mol |       4 |  -13.50 kcal/mol
         95 |      2046103 |  -12.93 kcal/mol |  -13.40 +/-    0.12 kcal/mol |       3 |  -13.50 kcal/mol
        100 |      2145892 |  -12.82 kcal/mol |  -13.28 +/-    0.23 kcal/mol |       4 |  -13.50 kcal/mol
        105 |      2244288 |  -12.42 kcal/mol |  -13.33 +/-    0.16 kcal/mol |       8 |  -13.50 kcal/mol
        110 |      2342601 |  -13.03 kcal/mol |  -13.47 +/-    0.02 kcal/mol |       6 |  -13.50 kcal/mol
        115 |      2440124 |  -13.09 kcal/mol |  -13.47 +/-    0.02 kcal/mol |       4 |  -13.50 kcal/mol
        119 |      2518051 |  -12.90 kcal/mol |  -13.47 +/-    0.02 kcal/mol |       8 |  -13.50 kcal/mol
------------+--------------+------------------+------------------------------+---------+-------------------

                                   Finished evaluation after reaching
                       2518051 evaluations. Best inter + intra   -13.50 kcal/mol.


Shutdown time 0.000731s

Job #7 took 1.684 sec after waiting 0.045 sec for setup

(Thread 0 is processing Job #7)
(Thread 0 is setting up Job #8)

Running Job #8:
    Device: NVIDIA A100-SXM4-40GB
    Grid map file: ./protein.maps.fld
    Ligand file: ./ligand_8_8.pdbqt
    Output file: docking_result_8.dlg (+ xml)
    Using heuristics: (capped) number of evaluations set to 7973093
    Overriding heuristics, setting number of evaluations to --nev = 2500000 instead.
    Warning: The set number of evals is 10.52% of the uncapped heuristics estimate of 23759450 evals.
             This means this docking may not be able to converge. Increasing --heurmax may improve
             convergence but will also increase runtime.
             AutoStop will not stop before 76.79% (1919714) of the set number of evaluations.
    Local-search chosen method is: ADADELTA (ad)

Rest of Setup time 0.303210s

Executing docking runs, stopping automatically after either reaching 0.15 kcal/mol standard deviation of
the best molecules of the last 4 * 5 generations, 42000 generations, or 2500000 evaluations:

Generations |  Evaluations |     Threshold    |  Average energy of best 10%  | Samples | Best Inter + Intra
------------+--------------+------------------+------------------------------+---------+-------------------
          0 |          150 |  323.31 kcal/mol |  187.02 +/-   49.68 kcal/mol |       4 |  101.91 kcal/mol
          5 |       120829 |  373.34 kcal/mol |   11.43 +/-   33.97 kcal/mol |    1152 |  -10.65 kcal/mol
         10 |       232360 |   11.87 kcal/mol |  -10.97 +/-    0.35 kcal/mol |       4 |  -11.40 kcal/mol
         15 |       344194 |   -9.65 kcal/mol |  -11.49 +/-    0.56 kcal/mol |       6 |  -12.58 kcal/mol
         20 |       457457 |  -10.10 kcal/mol |  -11.96 +/-    0.44 kcal/mol |       4 |  -12.58 kcal/mol
         25 |       568811 |  -10.31 kcal/mol |  -12.52 +/-    0.98 kcal/mol |       4 |  -14.06 kcal/mol
         30 |       679651 |   -8.85 kcal/mol |  -12.18 +/-    0.87 kcal/mol |       9 |  -14.06 kcal/mol
         35 |       787667 |  -10.73 kcal/mol |  -12.71 +/-    0.82 kcal/mol |       4 |  -14.06 kcal/mol
         40 |       892764 |   -9.64 kcal/mol |  -12.38 +/-    0.91 kcal/mol |       8 |  -14.06 kcal/mol
         45 |       996583 |  -10.67 kcal/mol |  -12.95 +/-    0.65 kcal/mol |       4 |  -14.06 kcal/mol
         50 |      1099775 |  -10.52 kcal/mol |  -13.04 +/-    0.59 kcal/mol |       4 |  -14.06 kcal/mol
         55 |      1201976 |  -10.81 kcal/mol |  -13.03 +/-    0.65 kcal/mol |       7 |  -14.06 kcal/mol
         60 |      1303501 |  -11.63 kcal/mol |  -13.22 +/-    0.49 kcal/mol |       4 |  -14.06 kcal/mol
         65 |      1404826 |  -11.37 kcal/mol |  -13.04 +/-    0.52 kcal/mol |       5 |  -14.06 kcal/mol
         70 |      1502823 |  -11.48 kcal/mol |  -12.97 +/-    0.43 kcal/mol |       9 |  -14.06 kcal/mol
         75 |      1597848 |  -12.25 kcal/mol |  -13.17 +/-    0.53 kcal/mol |       4 |  -14.06 kcal/mol
         80 |      1691779 |  -11.17 kcal/mol |  -12.93 +/-    0.46 kcal/mol |      10 |  -14.06 kcal/mol
         85 |      1787234 |  -12.24 kcal/mol |  -13.45 +/-    0.31 kcal/mol |       6 |  -14.06 kcal/mol
         90 |      1881346 |  -12.69 kcal/mol |  -13.55 +/-    0.28 kcal/mol |       5 |  -14.06 kcal/mol
         95 |      1974321 |  -12.72 kcal/mol |  -13.82 +/-    0.41 kcal/mol |       8 |  -14.58 kcal/mol
        100 |      2067699 |  -13.06 kcal/mol |  -13.72 +/-    0.51 kcal/mol |       4 |  -14.58 kcal/mol
        105 |      2160019 |  -11.80 kcal/mol |  -13.54 +/-    0.58 kcal/mol |       5 |  -14.58 kcal/mol
        110 |      2252298 |  -11.79 kcal/mol |  -13.67 +/-    0.49 kcal/mol |       7 |  -14.58 kcal/mol
        115 |      2343697 |  -12.61 kcal/mol |  -13.72 +/-    0.51 kcal/mol |       4 |  -14.58 kcal/mol
        120 |      2434092 |  -11.80 kcal/mol |  -13.37 +/-    0.46 kcal/mol |      10 |  -14.58 kcal/mol
        124 |      2504804 |  -12.69 kcal/mol |  -13.41 +/-    0.44 kcal/mol |      19 |  -14.58 kcal/mol
------------+--------------+------------------+------------------------------+---------+-------------------

                                   Finished evaluation after reaching
                       2504804 evaluations. Best inter + intra   -14.58 kcal/mol.


Shutdown time 0.000705s

Job #8 took 1.707 sec after waiting 0.058 sec for setup

(Thread 0 is processing Job #8)
(Thread 0 is setting up Job #9)

Running Job #9:
    Device: NVIDIA A100-SXM4-40GB
    Grid map file: ./protein.maps.fld
    Ligand file: ./ligand_9_9.pdbqt
    Output file: docking_result_9.dlg (+ xml)
    Using heuristics: (capped) number of evaluations set to 2068966
    Local-search chosen method is: ADADELTA (ad)

Rest of Setup time 0.306029s

Executing docking runs, stopping automatically after either reaching 0.15 kcal/mol standard deviation of
the best molecules of the last 4 * 5 generations, 42000 generations, or 2068966 evaluations:

Generations |  Evaluations |     Threshold    |  Average energy of best 10%  | Samples | Best Inter + Intra
------------+--------------+------------------+------------------------------+---------+-------------------
          0 |          150 |   -1.73 kcal/mol |   -2.42 +/-    0.42 kcal/mol |       4 |   -3.12 kcal/mol
          5 |       122039 |   -0.83 kcal/mol |   -5.56 +/-    2.18 kcal/mol |    1106 |  -12.63 kcal/mol
         10 |       241367 |   -5.53 kcal/mol |  -11.01 +/-    1.06 kcal/mol |      28 |  -13.39 kcal/mol
         15 |       361615 |  -10.45 kcal/mol |  -13.35 +/-    0.43 kcal/mol |       9 |  -14.37 kcal/mol
         20 |       485884 |  -12.64 kcal/mol |  -13.88 +/-    0.39 kcal/mol |       4 |  -14.55 kcal/mol
         25 |       610738 |  -12.41 kcal/mol |  -13.75 +/-    0.50 kcal/mol |       6 |  -14.81 kcal/mol
         30 |       737310 |  -12.49 kcal/mol |  -14.48 +/-    0.67 kcal/mol |      11 |  -15.93 kcal/mol
         35 |       863283 |  -13.57 kcal/mol |  -15.16 +/-    0.56 kcal/mol |       4 |  -16.12 kcal/mol
         40 |       989892 |  -13.05 kcal/mol |  -15.08 +/-    0.53 kcal/mol |       5 |  -16.12 kcal/mol
         45 |      1116971 |  -13.50 kcal/mol |  -15.33 +/-    0.58 kcal/mol |      11 |  -16.15 kcal/mol
         50 |      1244161 |  -14.53 kcal/mol |  -15.62 +/-    0.56 kcal/mol |       4 |  -16.19 kcal/mol
         55 |      1370830 |  -13.53 kcal/mol |  -15.45 +/-    0.54 kcal/mol |       8 |  -16.21 kcal/mol
         60 |      1495568 |  -14.44 kcal/mol |  -16.03 +/-    0.25 kcal/mol |       5 |  -16.21 kcal/mol
         65 |      1624299 |  -15.29 kcal/mol |  -15.88 +/-    0.33 kcal/mol |       2 |  -16.21 kcal/mol
         70 |      1750479 |  -13.37 kcal/mol |  -14.91 +/-    0.54 kcal/mol |      13 |  -16.21 kcal/mol
         75 |      1877975 |  -14.28 kcal/mol |  -16.02 +/-    0.27 kcal/mol |       4 |  -16.21 kcal/mol
         80 |      2006118 |  -14.99 kcal/mol |  -15.85 +/-    0.31 kcal/mol |       4 |  -16.21 kcal/mol
         83 |      2081747 |  -14.68 kcal/mol |  -15.92 +/-    0.31 kcal/mol |       9 |  -16.21 kcal/mol
------------+--------------+------------------+------------------------------+---------+-------------------

                                   Finished evaluation after reaching
                       2081747 evaluations. Best inter + intra   -16.21 kcal/mol.


Shutdown time 0.000676s

Job #9 took 1.269 sec after waiting 0.058 sec for setup

(Thread 0 is processing Job #9)
(Thread 0 is setting up Job #10)

Running Job #10:
    Device: NVIDIA A100-SXM4-40GB
    Grid map file: ./protein.maps.fld
    Ligand file: ./ligand_10_10.pdbqt
    Output file: docking_result_10.dlg (+ xml)
    Using heuristics: (capped) number of evaluations set to 2845257
    Overriding heuristics, setting number of evaluations to --nev = 2500000 instead.
    Local-search chosen method is: ADADELTA (ad)

Rest of Setup time 0.306002s

Executing docking runs, stopping automatically after either reaching 0.15 kcal/mol standard deviation of
the best molecules of the last 4 * 5 generations, 42000 generations, or 2500000 evaluations:

Generations |  Evaluations |     Threshold    |  Average energy of best 10%  | Samples | Best Inter + Intra
------------+--------------+------------------+------------------------------+---------+-------------------
          0 |          150 |   -2.86 kcal/mol |   -3.55 +/-    0.19 kcal/mol |       4 |   -3.69 kcal/mol
          5 |       128311 |   -2.86 kcal/mol |   -6.78 +/-    1.92 kcal/mol |    1017 |  -15.11 kcal/mol
         10 |       260151 |   -6.75 kcal/mol |  -12.34 +/-    1.44 kcal/mol |      40 |  -15.88 kcal/mol
         15 |       393971 |  -11.80 kcal/mol |  -15.19 +/-    0.40 kcal/mol |       7 |  -16.08 kcal/mol
         20 |       529614 |  -14.33 kcal/mol |  -15.59 +/-    0.37 kcal/mol |       5 |  -16.08 kcal/mol
         25 |       664459 |  -14.47 kcal/mol |  -15.40 +/-    0.31 kcal/mol |       6 |  -16.09 kcal/mol
         30 |       796619 |  -14.63 kcal/mol |  -15.60 +/-    0.27 kcal/mol |       8 |  -16.09 kcal/mol
         35 |       929520 |  -15.09 kcal/mol |  -15.71 +/-    0.21 kcal/mol |       7 |  -16.20 kcal/mol
         40 |      1060975 |  -15.26 kcal/mol |  -15.97 +/-    0.29 kcal/mol |       6 |  -16.50 kcal/mol
         45 |      1189614 |  -15.25 kcal/mol |  -16.15 +/-    0.28 kcal/mol |       4 |  -16.54 kcal/mol
         50 |      1319347 |  -15.09 kcal/mol |  -16.01 +/-    0.23 kcal/mol |      11 |  -16.54 kcal/mol
         55 |      1451762 |  -15.69 kcal/mol |  -16.26 +/-    0.18 kcal/mol |       4 |  -16.54 kcal/mol
         60 |      1581738 |  -15.57 kcal/mol |  -16.28 +/-    0.14 kcal/mol |       5 |  -16.55 kcal/mol
         65 |      1714604 |  -15.86 kcal/mol |  -16.26 +/-    0.15 kcal/mol |       6 |  -16.55 kcal/mol
         70 |      1844729 |  -15.88 kcal/mol |  -16.40 +/-    0.15 kcal/mol |       4 |  -16.55 kcal/mol
         75 |      1977301 |  -15.85 kcal/mol |  -16.26 +/-    0.20 kcal/mol |       4 |  -16.55 kcal/mol
         80 |      2110494 |  -15.51 kcal/mol |  -16.32 +/-    0.21 kcal/mol |       7 |  -16.55 kcal/mol
         85 |      2243794 |  -15.87 kcal/mol |  -16.41 +/-    0.13 kcal/mol |      10 |  -16.63 kcal/mol
         90 |      2375882 |  -16.22 kcal/mol |  -16.53 +/-    0.20 kcal/mol |       4 |  -16.76 kcal/mol
         95 |      2511031 |  -15.79 kcal/mol |  -16.53 +/-    0.16 kcal/mol |      11 |  -16.76 kcal/mol
------------+--------------+------------------+------------------------------+---------+-------------------

                                   Finished evaluation after reaching
                       2511031 evaluations. Best inter + intra   -16.76 kcal/mol.


Shutdown time 0.000663s

Job #10 took 1.342 sec after waiting 0.047 sec for setup

(Thread 0 is processing Job #10)
Run time of entire job set (10 files): 20.270 sec
Savings from multithreading: -0.001 sec
Idle time of execution thread: 5.022 sec

All jobs (10) ran without errors.
