AutoDock-GPU version: v1.6-7-ga46ab564d2ac5f1a1523f65239b43505a1c29364-dirty

Using 1 OpenMP threads

Running 4 docking calculations

Cuda device:                              NVIDIA A100-SXM4-40GB
Available memory on device:               39916 MB (total: 40339 MB)

CUDA Setup time 0.236441s
(Thread 0 is setting up Job #1)

Running Job #1:
    Device: NVIDIA A100-SXM4-40GB
    Grid map file: ./protein.maps.fld
    Ligand file: ./ligand_1_1.pdbqt
    Output file: docking_result_1.dlg (+ xml)
    Using heuristics: (capped) number of evaluations set to 2280181
    Local-search chosen method is: ADADELTA (ad)

Rest of Setup time 0.307420s

Executing docking runs, stopping automatically after either reaching 0.15 kcal/mol standard deviation of
the best molecules of the last 4 * 5 generations, 42000 generations, or 2280181 evaluations:

Generations |  Evaluations |     Threshold    |  Average energy of best 10%  | Samples | Best Inter + Intra
------------+--------------+------------------+------------------------------+---------+-------------------
          0 |          150 |   -1.88 kcal/mol |   -3.14 +/-    0.60 kcal/mol |       4 |   -4.18 kcal/mol
          5 |       118030 |   -0.90 kcal/mol |   -5.79 +/-    1.96 kcal/mol |    1007 |  -12.11 kcal/mol
         10 |       238785 |   -5.76 kcal/mol |  -10.81 +/-    0.96 kcal/mol |      51 |  -13.27 kcal/mol
         15 |       363830 |  -10.53 kcal/mol |  -13.71 +/-    0.46 kcal/mol |       5 |  -14.24 kcal/mol
         20 |       490291 |  -12.32 kcal/mol |  -13.87 +/-    0.60 kcal/mol |      12 |  -14.97 kcal/mol
         25 |       617256 |  -13.12 kcal/mol |  -14.26 +/-    0.54 kcal/mol |       4 |  -15.03 kcal/mol
         30 |       748384 |  -12.24 kcal/mol |  -14.19 +/-    0.54 kcal/mol |       9 |  -15.03 kcal/mol
         35 |       878229 |  -13.28 kcal/mol |  -14.63 +/-    0.33 kcal/mol |       5 |  -15.21 kcal/mol
         40 |      1009051 |  -13.63 kcal/mol |  -14.82 +/-    0.31 kcal/mol |      10 |  -15.35 kcal/mol
         45 |      1140557 |  -14.37 kcal/mol |  -15.02 +/-    0.20 kcal/mol |       5 |  -15.35 kcal/mol
         50 |      1268696 |  -14.41 kcal/mol |  -14.90 +/-    0.21 kcal/mol |       7 |  -15.35 kcal/mol
         55 |      1398540 |  -14.44 kcal/mol |  -15.29 +/-    0.60 kcal/mol |       7 |  -16.73 kcal/mol
         60 |      1526716 |  -14.00 kcal/mol |  -15.56 +/-    0.73 kcal/mol |       4 |  -16.81 kcal/mol
         65 |      1657084 |  -12.83 kcal/mol |  -14.99 +/-    0.60 kcal/mol |      15 |  -16.81 kcal/mol
         70 |      1789117 |  -14.39 kcal/mol |  -16.01 +/-    0.66 kcal/mol |       5 |  -16.81 kcal/mol
         75 |      1919927 |  -14.02 kcal/mol |  -15.91 +/-    0.54 kcal/mol |       4 |  -16.81 kcal/mol
         80 |      2049244 |  -13.86 kcal/mol |  -15.69 +/-    0.69 kcal/mol |       8 |  -16.84 kcal/mol
         85 |      2179747 |  -14.41 kcal/mol |  -16.72 +/-    0.60 kcal/mol |       4 |  -17.43 kcal/mol
         89 |      2283152 |  -14.49 kcal/mol |  -16.88 +/-    0.60 kcal/mol |       5 |  -17.47 kcal/mol
------------+--------------+------------------+------------------------------+---------+-------------------

                                   Finished evaluation after reaching
                       2283152 evaluations. Best inter + intra   -17.47 kcal/mol.


Shutdown time 0.000691s

Job #1 took 1.528 sec after waiting 4.544 sec for setup

(Thread 0 is processing Job #1)
(Thread 0 is setting up Job #2)

Running Job #2:
    Device: NVIDIA A100-SXM4-40GB
    Grid map file: ./protein.maps.fld
    Ligand file: ./ligand_2_2.pdbqt
    Output file: docking_result_2.dlg (+ xml)
    Using heuristics: (capped) number of evaluations set to 2068966
    Local-search chosen method is: ADADELTA (ad)

Rest of Setup time 0.302325s

Executing docking runs, stopping automatically after either reaching 0.15 kcal/mol standard deviation of
the best molecules of the last 4 * 5 generations, 42000 generations, or 2068966 evaluations:

Generations |  Evaluations |     Threshold    |  Average energy of best 10%  | Samples | Best Inter + Intra
------------+--------------+------------------+------------------------------+---------+-------------------
          0 |          150 |   -1.74 kcal/mol |   -1.96 +/-    0.14 kcal/mol |      10 |   -2.24 kcal/mol
          5 |       132412 |   -1.74 kcal/mol |   -4.85 +/-    1.53 kcal/mol |     913 |  -11.46 kcal/mol
         10 |       258929 |   -4.83 kcal/mol |   -8.92 +/-    0.93 kcal/mol |      35 |  -11.48 kcal/mol
         15 |       390059 |   -8.52 kcal/mol |  -10.85 +/-    0.34 kcal/mol |       6 |  -11.48 kcal/mol
         20 |       522876 |  -10.00 kcal/mol |  -11.14 +/-    0.40 kcal/mol |       9 |  -11.69 kcal/mol
         25 |       656448 |  -10.47 kcal/mol |  -11.53 +/-    0.09 kcal/mol |       4 |  -11.69 kcal/mol
         30 |       789363 |  -11.18 kcal/mol |  -11.46 +/-    0.14 kcal/mol |       4 |  -11.69 kcal/mol
         35 |       920675 |  -10.93 kcal/mol |  -11.51 +/-    0.19 kcal/mol |       8 |  -11.76 kcal/mol
         40 |      1051629 |  -11.16 kcal/mol |  -11.59 +/-    0.12 kcal/mol |       8 |  -11.77 kcal/mol
         45 |      1180991 |  -11.37 kcal/mol |  -11.65 +/-    0.12 kcal/mol |      12 |  -11.78 kcal/mol
         50 |      1308277 |  -11.51 kcal/mol |  -11.67 +/-    0.10 kcal/mol |       9 |  -11.78 kcal/mol
         55 |      1437084 |  -11.50 kcal/mol |  -11.68 +/-    0.09 kcal/mol |      10 |  -11.78 kcal/mol
------------+--------------+------------------+------------------------------+---------+-------------------

                                   Finished evaluation after reaching
                                  -11.65 +/-    0.11 kcal/mol combined.
                             39 samples, best inter + intra   -11.78 kcal/mol.


Shutdown time 0.000636s

Job #2 took 0.777 sec after waiting 0.059 sec for setup

(Thread 0 is processing Job #2)
(Thread 0 is setting up Job #3)

Running Job #3:
    Device: NVIDIA A100-SXM4-40GB
    Grid map file: ./protein.maps.fld
    Ligand file: ./ligand_3_3.pdbqt
    Output file: docking_result_3.dlg (+ xml)
    Using heuristics: (capped) number of evaluations set to 2068966
    Local-search chosen method is: ADADELTA (ad)

Rest of Setup time 0.302179s

Executing docking runs, stopping automatically after either reaching 0.15 kcal/mol standard deviation of
the best molecules of the last 4 * 5 generations, 42000 generations, or 2068966 evaluations:

Generations |  Evaluations |     Threshold    |  Average energy of best 10%  | Samples | Best Inter + Intra
------------+--------------+------------------+------------------------------+---------+-------------------
          0 |          150 |   -0.58 kcal/mol |   -2.12 +/-    0.44 kcal/mol |      17 |   -3.65 kcal/mol
          5 |       111530 |   -1.73 kcal/mol |   -5.68 +/-    1.59 kcal/mol |     816 |  -12.33 kcal/mol
         10 |       221989 |   -5.65 kcal/mol |  -10.15 +/-    1.49 kcal/mol |      46 |  -15.33 kcal/mol
         15 |       337968 |   -9.67 kcal/mol |  -14.34 +/-    0.75 kcal/mol |       5 |  -15.36 kcal/mol
         20 |       453940 |  -12.08 kcal/mol |  -14.93 +/-    0.45 kcal/mol |       6 |  -15.36 kcal/mol
         25 |       569464 |  -13.80 kcal/mol |  -15.15 +/-    0.11 kcal/mol |       5 |  -15.36 kcal/mol
         30 |       687744 |  -14.82 kcal/mol |  -15.16 +/-    0.09 kcal/mol |       6 |  -15.36 kcal/mol
         35 |       803275 |  -14.92 kcal/mol |  -15.22 +/-    0.20 kcal/mol |       8 |  -15.61 kcal/mol
         40 |       919869 |  -14.84 kcal/mol |  -15.50 +/-    0.12 kcal/mol |       5 |  -15.61 kcal/mol
         45 |      1037766 |  -15.13 kcal/mol |  -15.29 +/-    0.18 kcal/mol |      10 |  -15.61 kcal/mol
         50 |      1155804 |  -15.03 kcal/mol |  -15.24 +/-    0.20 kcal/mol |       6 |  -15.61 kcal/mol
         55 |      1275956 |  -14.74 kcal/mol |  -15.38 +/-    0.15 kcal/mol |       6 |  -15.61 kcal/mol
         60 |      1392220 |  -15.00 kcal/mol |  -15.53 +/-    0.08 kcal/mol |       3 |  -15.61 kcal/mol
         65 |      1511839 |  -15.15 kcal/mol |  -15.47 +/-    0.14 kcal/mol |       4 |  -15.61 kcal/mol
         70 |      1632271 |  -14.96 kcal/mol |  -15.56 +/-    0.05 kcal/mol |       5 |  -15.61 kcal/mol
------------+--------------+------------------+------------------------------+---------+-------------------

                                   Finished evaluation after reaching
                                  -15.48 +/-    0.14 kcal/mol combined.
                             18 samples, best inter + intra   -15.61 kcal/mol.


Shutdown time 0.000645s

Job #3 took 1.088 sec after waiting 0.035 sec for setup

(Thread 0 is processing Job #3)
(Thread 0 is setting up Job #4)

Running Job #4:
    Device: NVIDIA A100-SXM4-40GB
    Grid map file: ./protein.maps.fld
    Ligand file: ./ligand_4_4.pdbqt
    Output file: docking_result_4.dlg (+ xml)
    Using heuristics: (capped) number of evaluations set to 2845257
    Overriding heuristics, setting number of evaluations to --nev = 2500000 instead.
    Local-search chosen method is: ADADELTA (ad)

Rest of Setup time 0.305512s

Executing docking runs, stopping automatically after either reaching 0.15 kcal/mol standard deviation of
the best molecules of the last 4 * 5 generations, 42000 generations, or 2500000 evaluations:

Generations |  Evaluations |     Threshold    |  Average energy of best 10%  | Samples | Best Inter + Intra
------------+--------------+------------------+------------------------------+---------+-------------------
          0 |          150 |   -1.39 kcal/mol |   -1.64 +/-    0.22 kcal/mol |      13 |   -2.20 kcal/mol
          5 |       145772 |   -1.39 kcal/mol |   -4.80 +/-    1.77 kcal/mol |    1189 |  -11.36 kcal/mol
         10 |       287926 |   -4.78 kcal/mol |   -9.16 +/-    0.76 kcal/mol |      56 |  -11.65 kcal/mol
         15 |       429862 |   -8.96 kcal/mol |  -10.91 +/-    0.35 kcal/mol |      10 |  -11.65 kcal/mol
         20 |       571372 |  -10.38 kcal/mol |  -11.36 +/-    0.16 kcal/mol |       6 |  -11.65 kcal/mol
         25 |       713755 |  -10.96 kcal/mol |  -11.23 +/-    0.22 kcal/mol |      11 |  -11.78 kcal/mol
         30 |       855144 |  -10.92 kcal/mol |  -11.69 +/-    0.24 kcal/mol |       5 |  -12.10 kcal/mol
         35 |       996469 |  -10.98 kcal/mol |  -11.71 +/-    0.54 kcal/mol |       4 |  -12.64 kcal/mol
         40 |      1135628 |   -9.66 kcal/mol |  -11.36 +/-    0.38 kcal/mol |      20 |  -12.64 kcal/mol
         45 |      1272833 |  -11.07 kcal/mol |  -11.49 +/-    0.32 kcal/mol |      16 |  -12.64 kcal/mol
         50 |      1410015 |  -11.20 kcal/mol |  -12.06 +/-    0.36 kcal/mol |       4 |  -12.64 kcal/mol
         55 |      1548084 |  -10.70 kcal/mol |  -11.76 +/-    0.28 kcal/mol |      16 |  -12.64 kcal/mol
         60 |      1685664 |  -11.50 kcal/mol |  -12.15 +/-    0.23 kcal/mol |       7 |  -12.68 kcal/mol
         65 |      1825728 |  -11.66 kcal/mol |  -12.55 +/-    0.19 kcal/mol |       6 |  -12.68 kcal/mol
         70 |      1965318 |  -12.07 kcal/mol |  -12.55 +/-    0.15 kcal/mol |       4 |  -12.68 kcal/mol
         75 |      2104997 |  -11.97 kcal/mol |  -12.24 +/-    0.24 kcal/mol |       8 |  -12.68 kcal/mol
         80 |      2241490 |  -11.79 kcal/mol |  -12.61 +/-    0.08 kcal/mol |       4 |  -12.68 kcal/mol
         85 |      2379183 |  -12.32 kcal/mol |  -12.67 +/-    0.04 kcal/mol |       4 |  -12.70 kcal/mol
         90 |      2516721 |  -12.10 kcal/mol |  -12.67 +/-    0.04 kcal/mol |       5 |  -12.70 kcal/mol
------------+--------------+------------------+------------------------------+---------+-------------------

                                   Finished evaluation after reaching
                       2516721 evaluations. Best inter + intra   -12.70 kcal/mol.


Shutdown time 0.000673s

Job #4 took 1.138 sec after waiting 0.051 sec for setup

(Thread 0 is processing Job #4)
Run time of entire job set (4 files): 9.250 sec
Savings from multithreading: -0.001 sec
Idle time of execution thread: 4.718 sec

All jobs (4) ran without errors.
