AutoDock-GPU version: v1.6-7-ga46ab564d2ac5f1a1523f65239b43505a1c29364-dirty

Using 1 OpenMP threads

Running 10 docking calculations

Cuda device:                              NVIDIA A100-SXM4-40GB
Available memory on device:               39496 MB (total: 40339 MB)

CUDA Setup time 0.359903s
(Thread 0 is setting up Job #1)

Running Job #1:
    Device: NVIDIA A100-SXM4-40GB
    Grid map file: ./protein.maps.fld
    Ligand file: ./ligand_1_1.pdbqt
    Output file: docking_result_1.dlg (+ xml)
    Using heuristics: (capped) number of evaluations set to 7973093
    Overriding heuristics, setting number of evaluations to --nev = 2500000 instead.
    Warning: The set number of evals is 10.52% of the uncapped heuristics estimate of 23759450 evals.
             This means this docking may not be able to converge. Increasing --heurmax may improve
             convergence but will also increase runtime.
             AutoStop will not stop before 76.79% (1919714) of the set number of evaluations.
    Local-search chosen method is: ADADELTA (ad)

Rest of Setup time 0.305989s

Executing docking runs, stopping automatically after either reaching 0.15 kcal/mol standard deviation of
the best molecules of the last 4 * 5 generations, 42000 generations, or 2500000 evaluations:

Generations |  Evaluations |     Threshold    |  Average energy of best 10%  | Samples | Best Inter + Intra
------------+--------------+------------------+------------------------------+---------+-------------------
          0 |          150 |  413.55 kcal/mol |  200.68 +/-   62.21 kcal/mol |       6 |   82.81 kcal/mol
          5 |       120906 |  356.21 kcal/mol |   12.60 +/-   31.64 kcal/mol |    1140 |   -9.99 kcal/mol
         10 |       231644 |   13.02 kcal/mol |  -10.80 +/-    0.59 kcal/mol |       4 |  -11.41 kcal/mol
         15 |       341187 |   -8.60 kcal/mol |  -10.69 +/-    0.89 kcal/mol |       5 |  -12.10 kcal/mol
         20 |       452617 |   -8.00 kcal/mol |  -11.11 +/-    0.93 kcal/mol |       6 |  -12.10 kcal/mol
         25 |       563188 |   -8.79 kcal/mol |  -11.48 +/-    0.53 kcal/mol |       6 |  -12.23 kcal/mol
         30 |       674290 |  -10.15 kcal/mol |  -12.00 +/-    0.43 kcal/mol |       6 |  -12.54 kcal/mol
         35 |       784470 |  -10.92 kcal/mol |  -12.27 +/-    0.23 kcal/mol |       5 |  -12.54 kcal/mol
         40 |       892417 |  -11.58 kcal/mol |  -12.29 +/-    0.24 kcal/mol |       4 |  -12.54 kcal/mol
         45 |       998787 |  -11.39 kcal/mol |  -12.97 +/-    0.97 kcal/mol |       5 |  -14.14 kcal/mol
         50 |      1104014 |  -10.06 kcal/mol |  -12.83 +/-    0.71 kcal/mol |       7 |  -14.14 kcal/mol
         55 |      1209659 |  -11.31 kcal/mol |  -13.02 +/-    0.78 kcal/mol |       4 |  -14.14 kcal/mol
         60 |      1313926 |  -10.10 kcal/mol |  -12.52 +/-    0.67 kcal/mol |       8 |  -14.14 kcal/mol
         65 |      1420674 |  -11.26 kcal/mol |  -13.45 +/-    0.54 kcal/mol |       4 |  -14.14 kcal/mol
         70 |      1526067 |  -11.43 kcal/mol |  -12.83 +/-    0.68 kcal/mol |       5 |  -14.14 kcal/mol
         75 |      1630585 |  -10.81 kcal/mol |  -12.78 +/-    0.59 kcal/mol |       8 |  -14.14 kcal/mol
         80 |      1733709 |  -11.67 kcal/mol |  -13.22 +/-    0.72 kcal/mol |       4 |  -14.14 kcal/mol
         85 |      1835352 |  -10.54 kcal/mol |  -12.75 +/-    0.67 kcal/mol |       9 |  -14.14 kcal/mol
         90 |      1933344 |  -11.64 kcal/mol |  -13.48 +/-    0.44 kcal/mol |       5 |  -14.14 kcal/mol
         95 |      2030601 |  -12.17 kcal/mol |  -13.12 +/-    0.64 kcal/mol |       4 |  -14.14 kcal/mol
        100 |      2128193 |  -10.73 kcal/mol |  -13.13 +/-    0.77 kcal/mol |       6 |  -14.14 kcal/mol
        105 |      2222897 |  -11.21 kcal/mol |  -12.93 +/-    0.67 kcal/mol |       5 |  -14.14 kcal/mol
        110 |      2314806 |  -10.91 kcal/mol |  -12.92 +/-    0.59 kcal/mol |       7 |  -14.14 kcal/mol
        115 |      2405519 |  -11.65 kcal/mol |  -13.12 +/-    0.64 kcal/mol |       4 |  -14.14 kcal/mol
        120 |      2496498 |  -10.73 kcal/mol |  -13.30 +/-    0.79 kcal/mol |       9 |  -14.59 kcal/mol
        121 |      2514641 |  -11.99 kcal/mol |  -13.50 +/-    0.83 kcal/mol |      11 |  -14.59 kcal/mol
------------+--------------+------------------+------------------------------+---------+-------------------

                                   Finished evaluation after reaching
                       2514641 evaluations. Best inter + intra   -14.59 kcal/mol.


Shutdown time 0.000764s

Job #1 took 3.495 sec after waiting 4.605 sec for setup

(Thread 0 is processing Job #1)
(Thread 0 is setting up Job #2)

Running Job #2:
    Device: NVIDIA A100-SXM4-40GB
    Grid map file: ./protein.maps.fld
    Ligand file: ./ligand_2_2.pdbqt
    Output file: docking_result_2.dlg (+ xml)
    Using heuristics: (capped) number of evaluations set to 7973093
    Overriding heuristics, setting number of evaluations to --nev = 2500000 instead.
    Warning: The set number of evals is 10.52% of the uncapped heuristics estimate of 23759450 evals.
             This means this docking may not be able to converge. Increasing --heurmax may improve
             convergence but will also increase runtime.
             AutoStop will not stop before 76.79% (1919714) of the set number of evaluations.
    Local-search chosen method is: ADADELTA (ad)

Rest of Setup time 0.309443s

Executing docking runs, stopping automatically after either reaching 0.15 kcal/mol standard deviation of
the best molecules of the last 4 * 5 generations, 42000 generations, or 2500000 evaluations:

Generations |  Evaluations |     Threshold    |  Average energy of best 10%  | Samples | Best Inter + Intra
------------+--------------+------------------+------------------------------+---------+-------------------
          0 |          150 |  264.80 kcal/mol |  196.19 +/-   18.30 kcal/mol |       4 |  167.66 kcal/mol
          5 |       120673 |  264.80 kcal/mol |    8.79 +/-   26.39 kcal/mol |    1129 |   -8.70 kcal/mol
         10 |       228070 |    9.15 kcal/mol |  -11.66 +/-    1.08 kcal/mol |       4 |  -13.42 kcal/mol
         15 |       337475 |   -7.62 kcal/mol |  -11.39 +/-    0.99 kcal/mol |       8 |  -13.42 kcal/mol
         20 |       448287 |   -9.54 kcal/mol |  -11.99 +/-    0.73 kcal/mol |       5 |  -13.42 kcal/mol
         25 |       558497 |   -9.81 kcal/mol |  -12.37 +/-    0.76 kcal/mol |       6 |  -13.42 kcal/mol
         30 |       670595 |  -10.48 kcal/mol |  -12.73 +/-    0.69 kcal/mol |       5 |  -13.42 kcal/mol
         35 |       779209 |  -10.66 kcal/mol |  -13.25 +/-    0.11 kcal/mol |       4 |  -13.42 kcal/mol
         40 |       887202 |  -12.85 kcal/mol |  -13.31 +/-    0.12 kcal/mol |       4 |  -13.42 kcal/mol
         45 |       995707 |  -12.88 kcal/mol |  -13.31 +/-    0.19 kcal/mol |       6 |  -13.64 kcal/mol
         50 |      1101802 |  -12.83 kcal/mol |  -13.47 +/-    0.12 kcal/mol |       3 |  -13.64 kcal/mol
         55 |      1205198 |  -12.85 kcal/mol |  -13.53 +/-    0.09 kcal/mol |       3 |  -13.64 kcal/mol
         60 |      1306512 |  -13.07 kcal/mol |  -13.53 +/-    0.09 kcal/mol |       3 |  -13.64 kcal/mol
         65 |      1409094 |  -13.07 kcal/mol |  -13.50 +/-    0.09 kcal/mol |       4 |  -13.64 kcal/mol
         70 |      1506900 |  -13.15 kcal/mol |  -13.53 +/-    0.09 kcal/mol |       3 |  -13.64 kcal/mol
         75 |      1603765 |  -13.07 kcal/mol |  -13.66 +/-    0.18 kcal/mol |       3 |  -13.83 kcal/mol
         80 |      1697839 |  -12.78 kcal/mol |  -13.45 +/-    0.39 kcal/mol |       4 |  -13.83 kcal/mol
         85 |      1790954 |  -11.98 kcal/mol |  -13.52 +/-    0.36 kcal/mol |       6 |  -13.90 kcal/mol
         90 |      1883065 |  -12.62 kcal/mol |  -13.82 +/-    0.21 kcal/mol |       5 |  -14.01 kcal/mol
         95 |      1975112 |  -13.20 kcal/mol |  -13.78 +/-    0.26 kcal/mol |       3 |  -14.01 kcal/mol
------------+--------------+------------------+------------------------------+---------+-------------------

                                   Finished evaluation after reaching
                                  -13.63 +/-    0.35 kcal/mol combined.
                             18 samples, best inter + intra   -14.01 kcal/mol.


Shutdown time 0.000709s

Job #2 took 2.733 sec after waiting 0.062 sec for setup

(Thread 0 is processing Job #2)
(Thread 0 is setting up Job #3)

Running Job #3:
    Device: NVIDIA A100-SXM4-40GB
    Grid map file: ./protein.maps.fld
    Ligand file: ./ligand_3_3.pdbqt
    Output file: docking_result_3.dlg (+ xml)
    Using heuristics: (capped) number of evaluations set to 7973093
    Overriding heuristics, setting number of evaluations to --nev = 2500000 instead.
    Warning: The set number of evals is 10.52% of the uncapped heuristics estimate of 23759450 evals.
             This means this docking may not be able to converge. Increasing --heurmax may improve
             convergence but will also increase runtime.
             AutoStop will not stop before 76.79% (1919714) of the set number of evaluations.
    Local-search chosen method is: ADADELTA (ad)

Rest of Setup time 0.316221s

Executing docking runs, stopping automatically after either reaching 0.15 kcal/mol standard deviation of
the best molecules of the last 4 * 5 generations, 42000 generations, or 2500000 evaluations:

Generations |  Evaluations |     Threshold    |  Average energy of best 10%  | Samples | Best Inter + Intra
------------+--------------+------------------+------------------------------+---------+-------------------
          0 |          150 |  281.90 kcal/mol |  234.52 +/-   12.75 kcal/mol |       4 |  212.95 kcal/mol
          5 |       120540 |  282.34 kcal/mol |    9.77 +/-   29.05 kcal/mol |    1120 |  -10.51 kcal/mol
         10 |       232228 |   10.16 kcal/mol |  -10.56 +/-    0.31 kcal/mol |       5 |  -10.91 kcal/mol
         15 |       344540 |   -9.64 kcal/mol |  -11.06 +/-    0.44 kcal/mol |       4 |  -11.73 kcal/mol
         20 |       460748 |   -9.41 kcal/mol |  -10.87 +/-    0.45 kcal/mol |       5 |  -11.73 kcal/mol
         25 |       574983 |   -9.52 kcal/mol |  -11.13 +/-    0.39 kcal/mol |       8 |  -11.73 kcal/mol
         30 |       689573 |  -10.39 kcal/mol |  -11.70 +/-    0.63 kcal/mol |       7 |  -13.15 kcal/mol
         35 |       801529 |  -10.35 kcal/mol |  -12.15 +/-    0.59 kcal/mol |       4 |  -13.15 kcal/mol
         40 |       911713 |   -9.94 kcal/mol |  -11.79 +/-    0.61 kcal/mol |       7 |  -13.15 kcal/mol
         45 |      1018959 |  -10.48 kcal/mol |  -12.17 +/-    0.47 kcal/mol |       6 |  -13.15 kcal/mol
         50 |      1122980 |  -10.99 kcal/mol |  -13.18 +/-    0.46 kcal/mol |       5 |  -13.54 kcal/mol
         55 |      1226155 |  -11.81 kcal/mol |  -12.88 +/-    0.40 kcal/mol |       5 |  -13.54 kcal/mol
         60 |      1327548 |  -11.68 kcal/mol |  -12.85 +/-    0.55 kcal/mol |       4 |  -13.54 kcal/mol
         65 |      1426997 |  -10.78 kcal/mol |  -12.85 +/-    0.52 kcal/mol |      13 |  -13.55 kcal/mol
         70 |      1525358 |  -12.26 kcal/mol |  -13.73 +/-    0.27 kcal/mol |       5 |  -14.19 kcal/mol
         75 |      1620877 |  -12.92 kcal/mol |  -13.80 +/-    0.27 kcal/mol |       5 |  -14.19 kcal/mol
         80 |      1714945 |  -13.00 kcal/mol |  -13.87 +/-    0.20 kcal/mol |       8 |  -14.19 kcal/mol
         85 |      1809694 |  -13.50 kcal/mol |  -14.13 +/-    0.11 kcal/mol |       4 |  -14.21 kcal/mol
         90 |      1904861 |  -13.74 kcal/mol |  -14.13 +/-    0.10 kcal/mol |       4 |  -14.21 kcal/mol
         95 |      2000458 |  -13.74 kcal/mol |  -14.04 +/-    0.17 kcal/mol |       4 |  -14.21 kcal/mol
        100 |      2094192 |  -13.39 kcal/mol |  -14.08 +/-    0.15 kcal/mol |       7 |  -14.21 kcal/mol
------------+--------------+------------------+------------------------------+---------+-------------------

                                   Finished evaluation after reaching
                                  -14.09 +/-    0.14 kcal/mol combined.
                             19 samples, best inter + intra   -14.21 kcal/mol.


Shutdown time 0.000767s

Job #3 took 2.495 sec after waiting 0.061 sec for setup

(Thread 0 is processing Job #3)
(Thread 0 is setting up Job #4)

Running Job #4:
    Device: NVIDIA A100-SXM4-40GB
    Grid map file: ./protein.maps.fld
    Ligand file: ./ligand_4_4.pdbqt
    Output file: docking_result_4.dlg (+ xml)
    Using heuristics: (capped) number of evaluations set to 7266276
    Overriding heuristics, setting number of evaluations to --nev = 2500000 instead.
    Warning: The set number of evals is 13.57% of the uncapped heuristics estimate of 18420020 evals.
             This means this docking may not be able to converge. Increasing --heurmax may improve
             convergence but will also increase runtime.
             AutoStop will not stop before 66.37% (1659273) of the set number of evaluations.
    Local-search chosen method is: ADADELTA (ad)

Rest of Setup time 0.317689s

Executing docking runs, stopping automatically after either reaching 0.15 kcal/mol standard deviation of
the best molecules of the last 4 * 5 generations, 42000 generations, or 2500000 evaluations:

Generations |  Evaluations |     Threshold    |  Average energy of best 10%  | Samples | Best Inter + Intra
------------+--------------+------------------+------------------------------+---------+-------------------
          0 |          150 |  163.90 kcal/mol |  131.64 +/-    8.60 kcal/mol |       4 |  119.49 kcal/mol
          5 |       117826 |  163.90 kcal/mol |    8.00 +/-   19.96 kcal/mol |    1117 |  -10.35 kcal/mol
         10 |       228255 |    8.27 kcal/mol |   -9.43 +/-    0.47 kcal/mol |       5 |  -10.35 kcal/mol
         15 |       340118 |   -8.02 kcal/mol |   -9.64 +/-    0.53 kcal/mol |       6 |  -10.43 kcal/mol
         20 |       451129 |   -8.31 kcal/mol |  -10.07 +/-    0.50 kcal/mol |       5 |  -10.54 kcal/mol
         25 |       560465 |   -8.56 kcal/mol |  -10.36 +/-    0.37 kcal/mol |       6 |  -10.74 kcal/mol
         30 |       668358 |   -9.44 kcal/mol |  -10.64 +/-    0.42 kcal/mol |       8 |  -11.72 kcal/mol
         35 |       773911 |   -9.85 kcal/mol |  -10.88 +/-    0.49 kcal/mol |       4 |  -11.72 kcal/mol
         40 |       879083 |   -9.06 kcal/mol |  -10.81 +/-    0.54 kcal/mol |      11 |  -11.72 kcal/mol
         45 |       979671 |  -10.07 kcal/mol |  -11.39 +/-    0.24 kcal/mol |       4 |  -11.72 kcal/mol
         50 |      1078480 |  -10.48 kcal/mol |  -11.35 +/-    0.42 kcal/mol |       6 |  -12.12 kcal/mol
         55 |      1175788 |  -10.31 kcal/mol |  -11.63 +/-    0.34 kcal/mol |       4 |  -12.12 kcal/mol
         60 |      1269617 |  -10.36 kcal/mol |  -11.47 +/-    0.50 kcal/mol |       9 |  -12.61 kcal/mol
         65 |      1362402 |  -10.63 kcal/mol |  -12.44 +/-    0.25 kcal/mol |       4 |  -12.68 kcal/mol
         70 |      1453946 |  -11.51 kcal/mol |  -12.65 +/-    0.25 kcal/mol |       5 |  -13.06 kcal/mol
         75 |      1542235 |  -11.90 kcal/mol |  -12.99 +/-    0.07 kcal/mol |       2 |  -13.06 kcal/mol
         80 |      1628511 |  -11.86 kcal/mol |  -12.84 +/-    0.24 kcal/mol |       5 |  -13.10 kcal/mol
         85 |      1714681 |  -12.13 kcal/mol |  -13.03 +/-    0.11 kcal/mol |       4 |  -13.10 kcal/mol
         90 |      1801490 |  -12.63 kcal/mol |  -13.18 +/-    0.20 kcal/mol |       6 |  -13.62 kcal/mol
         95 |      1888795 |  -12.68 kcal/mol |  -13.31 +/-    0.23 kcal/mol |       3 |  -13.62 kcal/mol
        100 |      1978304 |  -12.16 kcal/mol |  -13.30 +/-    0.20 kcal/mol |       4 |  -13.62 kcal/mol
        105 |      2062258 |  -12.55 kcal/mol |  -13.31 +/-    0.23 kcal/mol |       3 |  -13.62 kcal/mol
        110 |      2146899 |  -12.16 kcal/mol |  -13.31 +/-    0.22 kcal/mol |       5 |  -13.62 kcal/mol
        115 |      2231904 |  -12.65 kcal/mol |  -13.38 +/-    0.23 kcal/mol |       3 |  -13.62 kcal/mol
        120 |      2316825 |  -12.20 kcal/mol |  -13.33 +/-    0.23 kcal/mol |       5 |  -13.62 kcal/mol
        125 |      2401039 |  -12.64 kcal/mol |  -13.26 +/-    0.28 kcal/mol |       4 |  -13.62 kcal/mol
        130 |      2483687 |  -12.20 kcal/mol |  -13.36 +/-    0.20 kcal/mol |       5 |  -13.62 kcal/mol
        131 |      2501119 |  -12.77 kcal/mol |  -13.41 +/-    0.18 kcal/mol |       8 |  -13.62 kcal/mol
------------+--------------+------------------+------------------------------+---------+-------------------

                                   Finished evaluation after reaching
                       2501119 evaluations. Best inter + intra   -13.62 kcal/mol.


Shutdown time 0.000721s

Job #4 took 3.100 sec after waiting 0.061 sec for setup

(Thread 0 is processing Job #4)
(Thread 0 is setting up Job #5)

Running Job #5:
    Device: NVIDIA A100-SXM4-40GB
    Grid map file: ./protein.maps.fld
    Ligand file: ./ligand_5_5.pdbqt
    Output file: docking_result_5.dlg (+ xml)
    Using heuristics: (capped) number of evaluations set to 2068966
    Local-search chosen method is: ADADELTA (ad)

Rest of Setup time 0.316812s

Executing docking runs, stopping automatically after either reaching 0.15 kcal/mol standard deviation of
the best molecules of the last 4 * 5 generations, 42000 generations, or 2068966 evaluations:

Generations |  Evaluations |     Threshold    |  Average energy of best 10%  | Samples | Best Inter + Intra
------------+--------------+------------------+------------------------------+---------+-------------------
          0 |          150 |   -2.61 kcal/mol |   -3.31 +/-    0.23 kcal/mol |       5 |   -3.58 kcal/mol
          5 |       123736 |   -2.63 kcal/mol |   -6.33 +/-    1.73 kcal/mol |     990 |  -12.82 kcal/mol
         10 |       246831 |   -6.30 kcal/mol |  -11.49 +/-    1.47 kcal/mol |      35 |  -16.13 kcal/mol
         15 |       375716 |  -10.86 kcal/mol |  -15.15 +/-    1.29 kcal/mol |       4 |  -16.58 kcal/mol
         20 |       503589 |  -10.30 kcal/mol |  -13.76 +/-    0.93 kcal/mol |      12 |  -16.58 kcal/mol
         25 |       633435 |  -12.60 kcal/mol |  -14.77 +/-    1.05 kcal/mol |       4 |  -16.58 kcal/mol
         30 |       764976 |  -10.83 kcal/mol |  -14.08 +/-    1.07 kcal/mol |      22 |  -16.58 kcal/mol
         35 |       894566 |  -13.35 kcal/mol |  -15.66 +/-    0.92 kcal/mol |       4 |  -16.58 kcal/mol
         40 |      1023639 |  -12.23 kcal/mol |  -14.79 +/-    0.98 kcal/mol |      12 |  -16.58 kcal/mol
         45 |      1152933 |  -13.57 kcal/mol |  -14.99 +/-    0.92 kcal/mol |       4 |  -16.58 kcal/mol
         50 |      1282928 |  -11.52 kcal/mol |  -14.16 +/-    0.78 kcal/mol |      14 |  -16.58 kcal/mol
         55 |      1413331 |  -13.33 kcal/mol |  -15.29 +/-    0.89 kcal/mol |       4 |  -16.58 kcal/mol
         60 |      1539953 |  -11.97 kcal/mol |  -14.71 +/-    0.79 kcal/mol |       7 |  -16.58 kcal/mol
         65 |      1669587 |  -13.01 kcal/mol |  -15.09 +/-    0.87 kcal/mol |       4 |  -16.58 kcal/mol
         70 |      1801593 |  -11.81 kcal/mol |  -14.48 +/-    0.79 kcal/mol |      19 |  -16.59 kcal/mol
         75 |      1933625 |  -13.85 kcal/mol |  -15.24 +/-    0.79 kcal/mol |       4 |  -16.59 kcal/mol
         80 |      2065567 |  -12.30 kcal/mol |  -15.00 +/-    0.92 kcal/mol |      17 |  -16.59 kcal/mol
         81 |      2091916 |  -14.18 kcal/mol |  -15.14 +/-    0.97 kcal/mol |      20 |  -16.59 kcal/mol
------------+--------------+------------------+------------------------------+---------+-------------------

                                   Finished evaluation after reaching
                       2091916 evaluations. Best inter + intra   -16.59 kcal/mol.


Shutdown time 0.000702s

Job #5 took 2.021 sec after waiting 0.058 sec for setup

(Thread 0 is processing Job #5)
(Thread 0 is setting up Job #6)

Running Job #6:
    Device: NVIDIA A100-SXM4-40GB
    Grid map file: ./protein.maps.fld
    Ligand file: ./ligand_6_6.pdbqt
    Output file: docking_result_6.dlg (+ xml)
    Using heuristics: (capped) number of evaluations set to 2068966
    Local-search chosen method is: ADADELTA (ad)

Rest of Setup time 0.320150s

Executing docking runs, stopping automatically after either reaching 0.15 kcal/mol standard deviation of
the best molecules of the last 4 * 5 generations, 42000 generations, or 2068966 evaluations:

Generations |  Evaluations |     Threshold    |  Average energy of best 10%  | Samples | Best Inter + Intra
------------+--------------+------------------+------------------------------+---------+-------------------
          0 |          150 |   -1.78 kcal/mol |   -3.05 +/-    0.43 kcal/mol |       4 |   -3.60 kcal/mol
          5 |       122987 |   -1.43 kcal/mol |   -5.20 +/-    1.76 kcal/mol |     983 |  -11.80 kcal/mol
         10 |       247462 |   -5.17 kcal/mol |  -10.16 +/-    1.25 kcal/mol |      30 |  -13.15 kcal/mol
         15 |       373481 |   -9.54 kcal/mol |  -12.99 +/-    0.50 kcal/mol |       9 |  -14.03 kcal/mol
         20 |       500862 |  -12.15 kcal/mol |  -13.59 +/-    0.39 kcal/mol |       7 |  -14.07 kcal/mol
         25 |       628927 |  -12.76 kcal/mol |  -14.30 +/-    0.21 kcal/mol |       5 |  -14.56 kcal/mol
         30 |       759992 |  -13.67 kcal/mol |  -14.47 +/-    0.30 kcal/mol |       7 |  -14.78 kcal/mol
         35 |       890862 |  -13.84 kcal/mol |  -14.90 +/-    0.10 kcal/mol |       6 |  -15.03 kcal/mol
         40 |      1024696 |  -14.64 kcal/mol |  -14.93 +/-    0.12 kcal/mol |       5 |  -15.12 kcal/mol
         45 |      1154224 |  -14.59 kcal/mol |  -14.99 +/-    0.16 kcal/mol |       7 |  -15.14 kcal/mol
         50 |      1283186 |  -14.65 kcal/mol |  -14.93 +/-    0.16 kcal/mol |       7 |  -15.21 kcal/mol
         55 |      1410119 |  -14.58 kcal/mol |  -14.96 +/-    0.16 kcal/mol |       7 |  -15.21 kcal/mol
         60 |      1537249 |  -14.61 kcal/mol |  -15.23 +/-    0.11 kcal/mol |       7 |  -15.35 kcal/mol
         65 |      1666965 |  -15.00 kcal/mol |  -15.37 +/-    0.11 kcal/mol |       5 |  -15.59 kcal/mol
         70 |      1796701 |  -15.03 kcal/mol |  -15.30 +/-    0.17 kcal/mol |       9 |  -15.59 kcal/mol
         75 |      1927296 |  -15.01 kcal/mol |  -15.36 +/-    0.15 kcal/mol |       5 |  -15.59 kcal/mol
         80 |      2059898 |  -14.90 kcal/mol |  -15.44 +/-    0.10 kcal/mol |       4 |  -15.59 kcal/mol
         81 |      2085192 |  -15.06 kcal/mol |  -15.44 +/-    0.10 kcal/mol |       8 |  -15.59 kcal/mol
------------+--------------+------------------+------------------------------+---------+-------------------

                                   Finished evaluation after reaching
                       2085192 evaluations. Best inter + intra   -15.59 kcal/mol.


Shutdown time 0.000675s

Job #6 took 1.682 sec after waiting 0.054 sec for setup

(Thread 0 is processing Job #6)
(Thread 0 is setting up Job #7)

Running Job #7:
    Device: NVIDIA A100-SXM4-40GB
    Grid map file: ./protein.maps.fld
    Ligand file: ./ligand_7_7.pdbqt
    Output file: docking_result_7.dlg (+ xml)
    Using heuristics: (capped) number of evaluations set to 7973093
    Overriding heuristics, setting number of evaluations to --nev = 2500000 instead.
    Warning: The set number of evals is 10.52% of the uncapped heuristics estimate of 23759450 evals.
             This means this docking may not be able to converge. Increasing --heurmax may improve
             convergence but will also increase runtime.
             AutoStop will not stop before 76.79% (1919714) of the set number of evaluations.
    Local-search chosen method is: ADADELTA (ad)

Rest of Setup time 0.318076s

Executing docking runs, stopping automatically after either reaching 0.15 kcal/mol standard deviation of
the best molecules of the last 4 * 5 generations, 42000 generations, or 2500000 evaluations:

Generations |  Evaluations |     Threshold    |  Average energy of best 10%  | Samples | Best Inter + Intra
------------+--------------+------------------+------------------------------+---------+-------------------
          0 |          150 |  276.52 kcal/mol |  200.65 +/-   22.03 kcal/mol |       4 |  166.58 kcal/mol
          5 |       120584 |  283.25 kcal/mol |    9.29 +/-   25.92 kcal/mol |    1183 |   -9.24 kcal/mol
         10 |       229600 |    9.62 kcal/mol |  -10.06 +/-    0.57 kcal/mol |       6 |  -11.27 kcal/mol
         15 |       340197 |   -8.63 kcal/mol |  -10.30 +/-    0.51 kcal/mol |       5 |  -11.27 kcal/mol
         20 |       453885 |   -8.78 kcal/mol |  -10.56 +/-    0.61 kcal/mol |       7 |  -11.33 kcal/mol
         25 |       566010 |   -9.25 kcal/mol |  -11.14 +/-    0.17 kcal/mol |       5 |  -11.33 kcal/mol
         30 |       675476 |  -10.64 kcal/mol |  -11.20 +/-    0.10 kcal/mol |      11 |  -11.40 kcal/mol
         35 |       782577 |  -11.07 kcal/mol |  -11.25 +/-    0.17 kcal/mol |       9 |  -11.61 kcal/mol
         40 |       889268 |  -10.96 kcal/mol |  -11.50 +/-    0.10 kcal/mol |       5 |  -11.61 kcal/mol
         45 |       995783 |  -11.19 kcal/mol |  -11.94 +/-    0.26 kcal/mol |       4 |  -12.09 kcal/mol
         50 |      1099355 |  -10.95 kcal/mol |  -11.77 +/-    0.36 kcal/mol |       4 |  -12.16 kcal/mol
         55 |      1200106 |  -10.40 kcal/mol |  -11.40 +/-    0.31 kcal/mol |       9 |  -12.20 kcal/mol
         60 |      1299955 |  -10.89 kcal/mol |  -11.54 +/-    0.40 kcal/mol |       4 |  -12.20 kcal/mol
         65 |      1399012 |  -10.06 kcal/mol |  -11.45 +/-    0.61 kcal/mol |      10 |  -12.96 kcal/mol
         70 |      1496266 |  -10.54 kcal/mol |  -12.29 +/-    0.42 kcal/mol |       4 |  -12.96 kcal/mol
         75 |      1592148 |  -10.72 kcal/mol |  -12.13 +/-    0.49 kcal/mol |       5 |  -12.96 kcal/mol
         80 |      1688606 |  -10.66 kcal/mol |  -12.47 +/-    0.53 kcal/mol |       4 |  -12.96 kcal/mol
         85 |      1784245 |  -10.50 kcal/mol |  -12.16 +/-    0.51 kcal/mol |       7 |  -12.96 kcal/mol
         90 |      1877988 |  -11.07 kcal/mol |  -12.43 +/-    0.49 kcal/mol |       4 |  -12.96 kcal/mol
         95 |      1970776 |  -10.58 kcal/mol |  -12.14 +/-    0.53 kcal/mol |       8 |  -12.96 kcal/mol
        100 |      2062249 |  -11.15 kcal/mol |  -12.71 +/-    0.23 kcal/mol |       5 |  -12.96 kcal/mol
        105 |      2151614 |  -12.01 kcal/mol |  -12.55 +/-    0.34 kcal/mol |       4 |  -12.96 kcal/mol
        110 |      2240250 |  -11.29 kcal/mol |  -12.77 +/-    0.74 kcal/mol |       6 |  -14.27 kcal/mol
        115 |      2330777 |  -10.93 kcal/mol |  -12.92 +/-    0.84 kcal/mol |       4 |  -14.27 kcal/mol
        120 |      2420396 |   -9.78 kcal/mol |  -12.71 +/-    1.00 kcal/mol |      11 |  -14.27 kcal/mol
        125 |      2509582 |  -11.35 kcal/mol |  -12.91 +/-    0.99 kcal/mol |      14 |  -14.27 kcal/mol
------------+--------------+------------------+------------------------------+---------+-------------------

                                   Finished evaluation after reaching
                       2509582 evaluations. Best inter + intra   -14.27 kcal/mol.


Shutdown time 0.000761s

Job #7 took 3.058 sec after waiting 0.047 sec for setup

(Thread 0 is processing Job #7)
(Thread 0 is setting up Job #8)

Running Job #8:
    Device: NVIDIA A100-SXM4-40GB
    Grid map file: ./protein.maps.fld
    Ligand file: ./ligand_8_8.pdbqt
    Output file: docking_result_8.dlg (+ xml)
    Using heuristics: (capped) number of evaluations set to 7973093
    Overriding heuristics, setting number of evaluations to --nev = 2500000 instead.
    Warning: The set number of evals is 10.52% of the uncapped heuristics estimate of 23759450 evals.
             This means this docking may not be able to converge. Increasing --heurmax may improve
             convergence but will also increase runtime.
             AutoStop will not stop before 76.79% (1919714) of the set number of evaluations.
    Local-search chosen method is: ADADELTA (ad)

Rest of Setup time 0.322022s

Executing docking runs, stopping automatically after either reaching 0.15 kcal/mol standard deviation of
the best molecules of the last 4 * 5 generations, 42000 generations, or 2500000 evaluations:

Generations |  Evaluations |     Threshold    |  Average energy of best 10%  | Samples | Best Inter + Intra
------------+--------------+------------------+------------------------------+---------+-------------------
          0 |          150 |  323.31 kcal/mol |  187.02 +/-   49.68 kcal/mol |       4 |  101.91 kcal/mol
          5 |       120555 |  373.34 kcal/mol |   11.54 +/-   34.16 kcal/mol |    1148 |  -11.15 kcal/mol
         10 |       231420 |   11.99 kcal/mol |  -11.23 +/-    0.10 kcal/mol |       4 |  -11.40 kcal/mol
         15 |       344723 |  -10.84 kcal/mol |  -11.43 +/-    0.29 kcal/mol |       5 |  -11.98 kcal/mol
         20 |       459283 |  -10.54 kcal/mol |  -11.43 +/-    0.33 kcal/mol |       4 |  -11.98 kcal/mol
         25 |       571221 |  -10.20 kcal/mol |  -11.33 +/-    0.31 kcal/mol |       7 |  -11.98 kcal/mol
         30 |       683835 |  -10.66 kcal/mol |  -12.10 +/-    0.68 kcal/mol |       8 |  -13.33 kcal/mol
         35 |       793221 |  -10.83 kcal/mol |  -12.51 +/-    0.60 kcal/mol |       5 |  -13.33 kcal/mol
         40 |       903164 |  -10.71 kcal/mol |  -12.39 +/-    0.52 kcal/mol |       5 |  -13.33 kcal/mol
         45 |      1010981 |  -10.84 kcal/mol |  -12.39 +/-    0.55 kcal/mol |       4 |  -13.33 kcal/mol
         50 |      1117025 |  -10.33 kcal/mol |  -12.20 +/-    0.61 kcal/mol |       5 |  -13.33 kcal/mol
         55 |      1221513 |  -10.38 kcal/mol |  -12.37 +/-    0.56 kcal/mol |       9 |  -13.33 kcal/mol
         60 |      1322672 |  -11.44 kcal/mol |  -13.04 +/-    0.25 kcal/mol |       4 |  -13.33 kcal/mol
         65 |      1422564 |  -12.11 kcal/mol |  -12.93 +/-    0.49 kcal/mol |       4 |  -13.72 kcal/mol
         70 |      1522863 |  -11.11 kcal/mol |  -12.69 +/-    0.41 kcal/mol |      11 |  -13.72 kcal/mol
         75 |      1621734 |  -12.13 kcal/mol |  -12.98 +/-    0.43 kcal/mol |       4 |  -13.72 kcal/mol
         80 |      1719679 |  -11.35 kcal/mol |  -12.81 +/-    0.37 kcal/mol |       9 |  -13.72 kcal/mol
         85 |      1817102 |  -12.18 kcal/mol |  -13.32 +/-    0.43 kcal/mol |       4 |  -13.89 kcal/mol
         90 |      1910264 |  -11.69 kcal/mol |  -13.03 +/-    0.38 kcal/mol |      10 |  -13.89 kcal/mol
         95 |      2003724 |  -12.46 kcal/mol |  -13.81 +/-    0.11 kcal/mol |       5 |  -13.89 kcal/mol
        100 |      2099470 |  -13.47 kcal/mol |  -13.78 +/-    0.25 kcal/mol |       5 |  -14.22 kcal/mol
        105 |      2193132 |  -13.02 kcal/mol |  -13.91 +/-    0.31 kcal/mol |       2 |  -14.22 kcal/mol
        110 |      2286799 |  -11.55 kcal/mol |  -13.25 +/-    0.64 kcal/mol |      11 |  -14.22 kcal/mol
        115 |      2378159 |  -12.37 kcal/mol |  -14.62 +/-    0.26 kcal/mol |       4 |  -14.85 kcal/mol
        120 |      2470841 |  -13.67 kcal/mol |  -14.71 +/-    0.13 kcal/mol |       2 |  -14.85 kcal/mol
        122 |      2506418 |  -13.71 kcal/mol |  -14.67 +/-    0.13 kcal/mol |       6 |  -14.85 kcal/mol
------------+--------------+------------------+------------------------------+---------+-------------------

                                   Finished evaluation after reaching
                       2506418 evaluations. Best inter + intra   -14.85 kcal/mol.


Shutdown time 0.000737s

Job #8 took 3.032 sec after waiting 0.062 sec for setup

(Thread 0 is processing Job #8)
(Thread 0 is setting up Job #9)

Running Job #9:
    Device: NVIDIA A100-SXM4-40GB
    Grid map file: ./protein.maps.fld
    Ligand file: ./ligand_9_9.pdbqt
    Output file: docking_result_9.dlg (+ xml)
    Using heuristics: (capped) number of evaluations set to 2068966
    Local-search chosen method is: ADADELTA (ad)

Rest of Setup time 0.316928s

Executing docking runs, stopping automatically after either reaching 0.15 kcal/mol standard deviation of
the best molecules of the last 4 * 5 generations, 42000 generations, or 2068966 evaluations:

Generations |  Evaluations |     Threshold    |  Average energy of best 10%  | Samples | Best Inter + Intra
------------+--------------+------------------+------------------------------+---------+-------------------
          0 |          150 |   -0.83 kcal/mol |   -1.86 +/-    0.29 kcal/mol |      33 |   -3.12 kcal/mol
          5 |       122230 |   -1.73 kcal/mol |   -5.99 +/-    1.92 kcal/mol |     984 |  -12.63 kcal/mol
         10 |       241746 |   -5.96 kcal/mol |  -10.78 +/-    0.79 kcal/mol |      37 |  -13.21 kcal/mol
         15 |       364550 |  -10.46 kcal/mol |  -12.62 +/-    0.54 kcal/mol |      14 |  -14.26 kcal/mol
         20 |       487000 |  -12.04 kcal/mol |  -13.50 +/-    0.42 kcal/mol |       6 |  -14.26 kcal/mol
         25 |       611955 |  -12.46 kcal/mol |  -14.34 +/-    0.67 kcal/mol |       8 |  -15.07 kcal/mol
         30 |       739756 |  -13.08 kcal/mol |  -14.46 +/-    0.42 kcal/mol |       4 |  -15.19 kcal/mol
         35 |       866957 |  -12.87 kcal/mol |  -14.51 +/-    0.45 kcal/mol |       5 |  -15.19 kcal/mol
         40 |       996584 |  -13.16 kcal/mol |  -14.90 +/-    0.52 kcal/mol |       5 |  -15.53 kcal/mol
         45 |      1126599 |  -13.33 kcal/mol |  -15.26 +/-    0.32 kcal/mol |       4 |  -15.55 kcal/mol
         50 |      1255243 |  -14.06 kcal/mol |  -15.00 +/-    0.34 kcal/mol |       5 |  -15.55 kcal/mol
         55 |      1383729 |  -13.98 kcal/mol |  -15.10 +/-    0.28 kcal/mol |       5 |  -15.55 kcal/mol
         60 |      1508292 |  -14.26 kcal/mol |  -15.17 +/-    0.24 kcal/mol |       4 |  -15.55 kcal/mol
         65 |      1636294 |  -14.27 kcal/mol |  -15.21 +/-    0.28 kcal/mol |       7 |  -15.65 kcal/mol
         70 |      1766174 |  -14.61 kcal/mol |  -15.51 +/-    0.16 kcal/mol |       6 |  -15.65 kcal/mol
         75 |      1893071 |  -15.11 kcal/mol |  -15.44 +/-    0.18 kcal/mol |       4 |  -15.65 kcal/mol
         80 |      2020134 |  -14.78 kcal/mol |  -15.54 +/-    0.14 kcal/mol |       8 |  -15.82 kcal/mol
         82 |      2070701 |  -15.27 kcal/mol |  -15.57 +/-    0.14 kcal/mol |      13 |  -15.82 kcal/mol
------------+--------------+------------------+------------------------------+---------+-------------------

                                   Finished evaluation after reaching
                       2070701 evaluations. Best inter + intra   -15.82 kcal/mol.


Shutdown time 0.000728s

Job #9 took 2.002 sec after waiting 0.062 sec for setup

(Thread 0 is processing Job #9)
(Thread 0 is setting up Job #10)

Running Job #10:
    Device: NVIDIA A100-SXM4-40GB
    Grid map file: ./protein.maps.fld
    Ligand file: ./ligand_10_10.pdbqt
    Output file: docking_result_10.dlg (+ xml)
    Using heuristics: (capped) number of evaluations set to 2845257
    Overriding heuristics, setting number of evaluations to --nev = 2500000 instead.
    Local-search chosen method is: ADADELTA (ad)

Rest of Setup time 0.320354s

Executing docking runs, stopping automatically after either reaching 0.15 kcal/mol standard deviation of
the best molecules of the last 4 * 5 generations, 42000 generations, or 2500000 evaluations:

Generations |  Evaluations |     Threshold    |  Average energy of best 10%  | Samples | Best Inter + Intra
------------+--------------+------------------+------------------------------+---------+-------------------
          0 |          150 |   -2.86 kcal/mol |   -3.55 +/-    0.19 kcal/mol |       4 |   -3.69 kcal/mol
          5 |       128485 |   -2.86 kcal/mol |   -6.77 +/-    1.93 kcal/mol |    1021 |  -15.11 kcal/mol
         10 |       261091 |   -6.74 kcal/mol |  -12.43 +/-    1.45 kcal/mol |      42 |  -15.88 kcal/mol
         15 |       395765 |  -11.92 kcal/mol |  -15.51 +/-    0.34 kcal/mol |       8 |  -16.08 kcal/mol
         20 |       528639 |  -14.87 kcal/mol |  -16.01 +/-    0.19 kcal/mol |       7 |  -16.37 kcal/mol
         25 |       660222 |  -15.61 kcal/mol |  -16.29 +/-    0.19 kcal/mol |       6 |  -16.49 kcal/mol
         30 |       794482 |  -15.81 kcal/mol |  -16.43 +/-    0.05 kcal/mol |       4 |  -16.49 kcal/mol
         35 |       927455 |  -15.87 kcal/mol |  -16.51 +/-    0.29 kcal/mol |       4 |  -16.89 kcal/mol
         40 |      1059042 |  -15.44 kcal/mol |  -16.45 +/-    0.35 kcal/mol |      11 |  -17.41 kcal/mol
         45 |      1192716 |  -15.96 kcal/mol |  -16.81 +/-    0.37 kcal/mol |       4 |  -17.44 kcal/mol
         50 |      1324345 |  -15.44 kcal/mol |  -16.76 +/-    0.35 kcal/mol |       5 |  -17.44 kcal/mol
         55 |      1457640 |  -15.72 kcal/mol |  -16.83 +/-    0.35 kcal/mol |       4 |  -17.44 kcal/mol
         60 |      1587030 |  -15.51 kcal/mol |  -16.80 +/-    0.40 kcal/mol |       7 |  -17.44 kcal/mol
         65 |      1719825 |  -15.95 kcal/mol |  -17.06 +/-    0.34 kcal/mol |       4 |  -17.44 kcal/mol
         70 |      1853336 |  -15.77 kcal/mol |  -17.01 +/-    0.40 kcal/mol |       4 |  -17.44 kcal/mol
         75 |      1985618 |  -15.49 kcal/mol |  -16.85 +/-    0.35 kcal/mol |       8 |  -17.48 kcal/mol
         80 |      2118228 |  -16.19 kcal/mol |  -17.26 +/-    0.31 kcal/mol |       4 |  -17.48 kcal/mol
         85 |      2252838 |  -16.11 kcal/mol |  -17.17 +/-    0.37 kcal/mol |       4 |  -17.66 kcal/mol
         90 |      2387382 |  -15.79 kcal/mol |  -17.12 +/-    0.41 kcal/mol |       4 |  -17.66 kcal/mol
         95 |      2524042 |  -15.60 kcal/mol |  -17.02 +/-    0.45 kcal/mol |      11 |  -17.66 kcal/mol
------------+--------------+------------------+------------------------------+---------+-------------------

                                   Finished evaluation after reaching
                       2524042 evaluations. Best inter + intra   -17.66 kcal/mol.


Shutdown time 0.000678s

Job #10 took 2.254 sec after waiting 0.050 sec for setup

(Thread 0 is processing Job #10)
Run time of entire job set (10 files): 31.035 sec
Savings from multithreading: -0.001 sec
Idle time of execution thread: 5.163 sec

All jobs (10) ran without errors.
