AutoDock-GPU version: v1.6-7-ga46ab564d2ac5f1a1523f65239b43505a1c29364-dirty

Running 1 docking calculation

Cuda device:                              NVIDIA A100-SXM4-40GB
Available memory on device:               39916 MB (total: 40339 MB)

CUDA Setup time 0.229962s
(Thread 0 is setting up Job #1)

Running Job #1
    Using heuristics: (capped) number of evaluations set to 2068966
    Local-search chosen method is: ADADELTA (ad)

Rest of Setup time 0.307483s

Executing docking runs, stopping automatically after either reaching 0.15 kcal/mol standard deviation of
the best molecules of the last 4 * 5 generations, 42000 generations, or 2068966 evaluations:

Generations |  Evaluations |     Threshold    |  Average energy of best 10%  | Samples | Best Inter + Intra
------------+--------------+------------------+------------------------------+---------+-------------------
          0 |          150 |    0.73 kcal/mol |   -1.72 +/-    0.62 kcal/mol |      32 |   -4.61 kcal/mol
          5 |       124510 |   -1.43 kcal/mol |   -4.54 +/-    1.23 kcal/mol |     721 |   -8.56 kcal/mol
         10 |       251375 |   -4.51 kcal/mol |   -7.77 +/-    0.73 kcal/mol |      35 |  -10.24 kcal/mol
         15 |       382373 |   -7.46 kcal/mol |   -9.71 +/-    0.74 kcal/mol |       8 |  -10.85 kcal/mol
         20 |       513442 |   -8.33 kcal/mol |  -10.75 +/-    0.10 kcal/mol |       4 |  -10.86 kcal/mol
         25 |       643657 |  -10.36 kcal/mol |  -10.80 +/-    0.06 kcal/mol |       2 |  -10.86 kcal/mol
         30 |       775672 |   -9.68 kcal/mol |  -10.44 +/-    0.34 kcal/mol |       9 |  -10.87 kcal/mol
         35 |       905380 |   -9.87 kcal/mol |  -10.69 +/-    0.21 kcal/mol |       4 |  -10.91 kcal/mol
         40 |      1033496 |   -9.89 kcal/mol |  -10.79 +/-    0.11 kcal/mol |       7 |  -10.91 kcal/mol
         45 |      1160316 |  -10.55 kcal/mol |  -10.87 +/-    0.04 kcal/mol |       6 |  -10.91 kcal/mol
         50 |      1287911 |  -10.50 kcal/mol |  -10.84 +/-    0.06 kcal/mol |       8 |  -10.91 kcal/mol
------------+--------------+------------------+------------------------------+---------+-------------------

                                   Finished evaluation after reaching
                                  -10.81 +/-    0.13 kcal/mol combined.
                             25 samples, best inter + intra   -10.91 kcal/mol.


Shutdown time 0.000664s

Job #1 took 0.674 sec after waiting 4.457 sec for setup

(Thread 0 is processing Job #1)
Run time of entire job set (1 file): 5.156 sec
Processing time: 0.025 sec

All jobs (1) ran without errors.
