AutoDock-GPU version: v1.6-7-ga46ab564d2ac5f1a1523f65239b43505a1c29364-dirty

Using 1 OpenMP threads

Running 4 docking calculations

Cuda device:                              NVIDIA A100-SXM4-40GB
Available memory on device:               39916 MB (total: 40339 MB)

CUDA Setup time 0.239797s
(Thread 0 is setting up Job #1)

Running Job #1:
    Device: NVIDIA A100-SXM4-40GB
    Grid map file: ./protein.maps.fld
    Ligand file: ./ligand_1_1.pdbqt
    Output file: docking_result_1.dlg (+ xml)
    Using heuristics: (capped) number of evaluations set to 2280181
    Local-search chosen method is: ADADELTA (ad)

Rest of Setup time 0.306948s

Executing docking runs, stopping automatically after either reaching 0.15 kcal/mol standard deviation of
the best molecules of the last 4 * 5 generations, 42000 generations, or 2280181 evaluations:

Generations |  Evaluations |     Threshold    |  Average energy of best 10%  | Samples | Best Inter + Intra
------------+--------------+------------------+------------------------------+---------+-------------------
          0 |          150 |   -1.60 kcal/mol |   -2.78 +/-    0.36 kcal/mol |       5 |   -3.37 kcal/mol
          5 |       118557 |   -1.70 kcal/mol |   -5.11 +/-    1.63 kcal/mol |     942 |  -12.49 kcal/mol
         10 |       240847 |   -5.08 kcal/mol |   -9.43 +/-    0.96 kcal/mol |      50 |  -12.50 kcal/mol
         15 |       364777 |   -9.14 kcal/mol |  -12.12 +/-    0.63 kcal/mol |       7 |  -13.38 kcal/mol
         20 |       490069 |  -10.78 kcal/mol |  -12.47 +/-    0.61 kcal/mol |       4 |  -13.45 kcal/mol
         25 |       617694 |  -10.20 kcal/mol |  -12.30 +/-    0.72 kcal/mol |      12 |  -14.11 kcal/mol
         30 |       746213 |  -11.40 kcal/mol |  -13.55 +/-    0.37 kcal/mol |       5 |  -14.11 kcal/mol
         35 |       872693 |  -12.44 kcal/mol |  -13.56 +/-    0.31 kcal/mol |       5 |  -14.13 kcal/mol
         40 |       998630 |  -12.62 kcal/mol |  -13.63 +/-    0.26 kcal/mol |      11 |  -14.13 kcal/mol
         45 |      1123465 |  -13.28 kcal/mol |  -13.92 +/-    0.15 kcal/mol |       4 |  -14.13 kcal/mol
         50 |      1249458 |  -13.35 kcal/mol |  -13.87 +/-    0.28 kcal/mol |       5 |  -14.16 kcal/mol
         55 |      1377150 |  -13.04 kcal/mol |  -13.88 +/-    0.29 kcal/mol |       5 |  -14.17 kcal/mol
         60 |      1502734 |  -13.02 kcal/mol |  -13.93 +/-    0.15 kcal/mol |       8 |  -14.17 kcal/mol
         65 |      1630729 |  -13.65 kcal/mol |  -14.01 +/-    0.11 kcal/mol |       3 |  -14.17 kcal/mol
         70 |      1756537 |  -13.46 kcal/mol |  -14.00 +/-    0.10 kcal/mol |       4 |  -14.18 kcal/mol
         75 |      1884636 |  -13.61 kcal/mol |  -13.96 +/-    0.12 kcal/mol |       5 |  -14.18 kcal/mol
         80 |      2009598 |  -13.61 kcal/mol |  -13.99 +/-    0.11 kcal/mol |       4 |  -14.18 kcal/mol
         85 |      2135977 |  -13.58 kcal/mol |  -13.99 +/-    0.12 kcal/mol |       4 |  -14.18 kcal/mol
------------+--------------+------------------+------------------------------+---------+-------------------

                                   Finished evaluation after reaching
                                  -13.99 +/-    0.11 kcal/mol combined.
                             17 samples, best inter + intra   -14.18 kcal/mol.


Shutdown time 0.000649s

Job #1 took 1.250 sec after waiting 4.556 sec for setup

(Thread 0 is processing Job #1)
(Thread 0 is setting up Job #2)

Running Job #2:
    Device: NVIDIA A100-SXM4-40GB
    Grid map file: ./protein.maps.fld
    Ligand file: ./ligand_2_2.pdbqt
    Output file: docking_result_2.dlg (+ xml)
    Using heuristics: (capped) number of evaluations set to 2280181
    Local-search chosen method is: ADADELTA (ad)

Rest of Setup time 0.308261s

Executing docking runs, stopping automatically after either reaching 0.15 kcal/mol standard deviation of
the best molecules of the last 4 * 5 generations, 42000 generations, or 2280181 evaluations:

Generations |  Evaluations |     Threshold    |  Average energy of best 10%  | Samples | Best Inter + Intra
------------+--------------+------------------+------------------------------+---------+-------------------
          0 |          150 |   -0.99 kcal/mol |   -3.15 +/-    0.72 kcal/mol |       5 |   -4.20 kcal/mol
          5 |       124326 |   -1.00 kcal/mol |   -5.33 +/-    1.88 kcal/mol |     921 |  -12.45 kcal/mol
         10 |       249338 |   -5.30 kcal/mol |  -10.39 +/-    0.98 kcal/mol |      28 |  -12.70 kcal/mol
         15 |       378810 |   -9.86 kcal/mol |  -12.48 +/-    0.54 kcal/mol |       4 |  -13.29 kcal/mol
         20 |       508409 |  -10.44 kcal/mol |  -12.37 +/-    0.50 kcal/mol |       7 |  -13.29 kcal/mol
         25 |       638009 |  -11.31 kcal/mol |  -12.63 +/-    0.31 kcal/mol |       6 |  -13.29 kcal/mol
         30 |       771631 |  -11.85 kcal/mol |  -12.76 +/-    0.23 kcal/mol |       7 |  -13.30 kcal/mol
         35 |       903816 |  -12.26 kcal/mol |  -13.12 +/-    0.19 kcal/mol |       4 |  -13.30 kcal/mol
         40 |      1034382 |  -12.40 kcal/mol |  -13.26 +/-    0.19 kcal/mol |      13 |  -13.55 kcal/mol
         45 |      1165191 |  -13.05 kcal/mol |  -13.63 +/-    0.13 kcal/mol |       4 |  -13.81 kcal/mol
         50 |      1295541 |  -13.15 kcal/mol |  -13.40 +/-    0.20 kcal/mol |      11 |  -13.81 kcal/mol
         55 |      1428536 |  -13.12 kcal/mol |  -13.51 +/-    0.19 kcal/mol |      15 |  -13.84 kcal/mol
         60 |      1556733 |  -13.32 kcal/mol |  -13.74 +/-    0.22 kcal/mol |       6 |  -14.18 kcal/mol
         65 |      1690328 |  -13.20 kcal/mol |  -13.88 +/-    0.14 kcal/mol |       7 |  -14.18 kcal/mol
         70 |      1822252 |  -13.57 kcal/mol |  -13.85 +/-    0.19 kcal/mol |       6 |  -14.18 kcal/mol
         75 |      1953526 |  -13.38 kcal/mol |  -13.93 +/-    0.18 kcal/mol |       4 |  -14.18 kcal/mol
         80 |      2084266 |  -13.24 kcal/mol |  -13.85 +/-    0.18 kcal/mol |       6 |  -14.18 kcal/mol
         85 |      2213599 |  -13.40 kcal/mol |  -14.04 +/-    0.13 kcal/mol |       9 |  -14.18 kcal/mol
         88 |      2291623 |  -13.81 kcal/mol |  -14.03 +/-    0.12 kcal/mol |      18 |  -14.18 kcal/mol
------------+--------------+------------------+------------------------------+---------+-------------------

                                   Finished evaluation after reaching
                       2291623 evaluations. Best inter + intra   -14.18 kcal/mol.


Shutdown time 0.000663s

Job #2 took 1.261 sec after waiting 0.051 sec for setup

(Thread 0 is processing Job #2)
(Thread 0 is setting up Job #3)

Running Job #3:
    Device: NVIDIA A100-SXM4-40GB
    Grid map file: ./protein.maps.fld
    Ligand file: ./ligand_3_3.pdbqt
    Output file: docking_result_3.dlg (+ xml)
    Using heuristics: (capped) number of evaluations set to 2845257
    Overriding heuristics, setting number of evaluations to --nev = 2500000 instead.
    Local-search chosen method is: ADADELTA (ad)

Rest of Setup time 0.304102s

Executing docking runs, stopping automatically after either reaching 0.15 kcal/mol standard deviation of
the best molecules of the last 4 * 5 generations, 42000 generations, or 2500000 evaluations:

Generations |  Evaluations |     Threshold    |  Average energy of best 10%  | Samples | Best Inter + Intra
------------+--------------+------------------+------------------------------+---------+-------------------
          0 |          150 |   -1.65 kcal/mol |   -2.34 +/-    0.18 kcal/mol |       4 |   -2.52 kcal/mol
          5 |       129948 |   -1.65 kcal/mol |   -4.88 +/-    1.56 kcal/mol |     952 |  -10.82 kcal/mol
         10 |       258191 |   -4.85 kcal/mol |   -9.00 +/-    0.89 kcal/mol |      57 |  -11.58 kcal/mol
         15 |       387648 |   -8.76 kcal/mol |  -10.99 +/-    0.35 kcal/mol |       8 |  -11.64 kcal/mol
         20 |       517395 |  -10.34 kcal/mol |  -11.58 +/-    0.18 kcal/mol |       6 |  -11.74 kcal/mol
         25 |       645307 |  -11.14 kcal/mol |  -11.90 +/-    0.26 kcal/mol |       5 |  -12.22 kcal/mol
         30 |       773875 |  -11.12 kcal/mol |  -11.76 +/-    0.25 kcal/mol |       8 |  -12.40 kcal/mol
         35 |       902233 |  -11.29 kcal/mol |  -12.07 +/-    0.17 kcal/mol |       6 |  -12.40 kcal/mol
         40 |      1028669 |  -11.64 kcal/mol |  -12.25 +/-    0.14 kcal/mol |      12 |  -12.40 kcal/mol
         45 |      1155060 |  -12.07 kcal/mol |  -12.25 +/-    0.11 kcal/mol |      11 |  -12.40 kcal/mol
         50 |      1281348 |  -12.09 kcal/mol |  -12.41 +/-    0.19 kcal/mol |       7 |  -12.75 kcal/mol
         55 |      1409167 |  -12.01 kcal/mol |  -12.70 +/-    0.22 kcal/mol |       7 |  -12.96 kcal/mol
         60 |      1533702 |  -12.22 kcal/mol |  -12.52 +/-    0.19 kcal/mol |       9 |  -12.99 kcal/mol
         65 |      1659151 |  -12.19 kcal/mol |  -12.60 +/-    0.18 kcal/mol |       9 |  -12.99 kcal/mol
         70 |      1784866 |  -12.30 kcal/mol |  -12.76 +/-    0.20 kcal/mol |       9 |  -13.06 kcal/mol
         75 |      1908601 |  -12.43 kcal/mol |  -12.72 +/-    0.16 kcal/mol |       7 |  -13.06 kcal/mol
         80 |      2035972 |  -12.38 kcal/mol |  -12.93 +/-    0.14 kcal/mol |       8 |  -13.09 kcal/mol
         85 |      2162195 |  -12.67 kcal/mol |  -12.90 +/-    0.15 kcal/mol |       7 |  -13.12 kcal/mol
         90 |      2286786 |  -12.59 kcal/mol |  -12.87 +/-    0.18 kcal/mol |       7 |  -13.12 kcal/mol
         95 |      2413663 |  -12.48 kcal/mol |  -12.95 +/-    0.11 kcal/mol |       5 |  -13.12 kcal/mol
         99 |      2514973 |  -12.63 kcal/mol |  -12.99 +/-    0.14 kcal/mol |      12 |  -13.19 kcal/mol
------------+--------------+------------------+------------------------------+---------+-------------------

                                   Finished evaluation after reaching
                       2514973 evaluations. Best inter + intra   -13.19 kcal/mol.


Shutdown time 0.000734s

Job #3 took 1.161 sec after waiting 0.047 sec for setup

(Thread 0 is processing Job #3)
(Thread 0 is setting up Job #4)

Running Job #4:
    Device: NVIDIA A100-SXM4-40GB
    Grid map file: ./protein.maps.fld
    Ligand file: ./ligand_4_4.pdbqt
    Output file: docking_result_4.dlg (+ xml)
    Using heuristics: (capped) number of evaluations set to 2280181
    Local-search chosen method is: ADADELTA (ad)

Rest of Setup time 0.308623s

Executing docking runs, stopping automatically after either reaching 0.15 kcal/mol standard deviation of
the best molecules of the last 4 * 5 generations, 42000 generations, or 2280181 evaluations:

Generations |  Evaluations |     Threshold    |  Average energy of best 10%  | Samples | Best Inter + Intra
------------+--------------+------------------+------------------------------+---------+-------------------
          0 |          150 |   -1.43 kcal/mol |   -2.61 +/-    0.68 kcal/mol |       4 |   -3.78 kcal/mol
          5 |       137990 |   -0.06 kcal/mol |   -4.72 +/-    1.77 kcal/mol |    1136 |  -10.69 kcal/mol
         10 |       275645 |   -4.70 kcal/mol |   -9.45 +/-    0.89 kcal/mol |      37 |  -11.09 kcal/mol
         15 |       413925 |   -9.09 kcal/mol |  -11.19 +/-    0.24 kcal/mol |       5 |  -11.66 kcal/mol
         20 |       551144 |  -10.48 kcal/mol |  -11.31 +/-    0.36 kcal/mol |       6 |  -12.10 kcal/mol
         25 |       688144 |  -10.39 kcal/mol |  -11.43 +/-    0.35 kcal/mol |       7 |  -12.24 kcal/mol
         30 |       825003 |  -10.67 kcal/mol |  -11.76 +/-    0.40 kcal/mol |       6 |  -12.41 kcal/mol
         35 |       961361 |  -10.76 kcal/mol |  -11.90 +/-    0.32 kcal/mol |       4 |  -12.42 kcal/mol
         40 |      1096837 |  -10.70 kcal/mol |  -11.80 +/-    0.38 kcal/mol |       8 |  -12.42 kcal/mol
         45 |      1228064 |  -11.09 kcal/mol |  -12.15 +/-    0.17 kcal/mol |       4 |  -12.42 kcal/mol
         50 |      1360311 |  -11.53 kcal/mol |  -12.14 +/-    0.17 kcal/mol |       7 |  -12.42 kcal/mol
         55 |      1495126 |  -11.77 kcal/mol |  -12.14 +/-    0.15 kcal/mol |       5 |  -12.42 kcal/mol
         60 |      1625538 |  -11.69 kcal/mol |  -12.16 +/-    0.17 kcal/mol |       9 |  -12.42 kcal/mol
         65 |      1759794 |  -11.88 kcal/mol |  -12.16 +/-    0.17 kcal/mol |       7 |  -12.42 kcal/mol
         70 |      1894039 |  -11.80 kcal/mol |  -12.30 +/-    0.16 kcal/mol |       5 |  -12.44 kcal/mol
         75 |      2028871 |  -11.83 kcal/mol |  -12.24 +/-    0.16 kcal/mol |       6 |  -12.44 kcal/mol
         80 |      2163134 |  -11.83 kcal/mol |  -12.32 +/-    0.13 kcal/mol |       5 |  -12.44 kcal/mol
         85 |      2295944 |  -11.92 kcal/mol |  -12.33 +/-    0.14 kcal/mol |      13 |  -12.55 kcal/mol
------------+--------------+------------------+------------------------------+---------+-------------------

                                   Finished evaluation after reaching
                       2295944 evaluations. Best inter + intra   -12.55 kcal/mol.


Shutdown time 0.000698s

Job #4 took 1.022 sec after waiting 0.033 sec for setup

(Thread 0 is processing Job #4)
Run time of entire job set (4 files): 9.414 sec
Savings from multithreading: -0.001 sec
Idle time of execution thread: 4.718 sec

All jobs (4) ran without errors.
