AutoDock-GPU version: v1.6-7-ga46ab564d2ac5f1a1523f65239b43505a1c29364-dirty

Running 1 docking calculation

Cuda device:                              NVIDIA A100-SXM4-40GB
Available memory on device:               39916 MB (total: 40339 MB)

CUDA Setup time 0.232324s
(Thread 0 is setting up Job #1)

Running Job #1
    Using heuristics: (capped) number of evaluations set to 2280181
    Local-search chosen method is: ADADELTA (ad)

Rest of Setup time 0.308206s

Executing docking runs, stopping automatically after either reaching 0.15 kcal/mol standard deviation of
the best molecules of the last 4 * 5 generations, 42000 generations, or 2280181 evaluations:

Generations |  Evaluations |     Threshold    |  Average energy of best 10%  | Samples | Best Inter + Intra
------------+--------------+------------------+------------------------------+---------+-------------------
          0 |          150 |   -1.87 kcal/mol |   -3.12 +/-    0.43 kcal/mol |       8 |   -4.14 kcal/mol
          5 |       120418 |   -2.31 kcal/mol |   -6.59 +/-    1.93 kcal/mol |     971 |  -14.13 kcal/mol
         10 |       246199 |   -6.56 kcal/mol |  -11.51 +/-    1.00 kcal/mol |      50 |  -14.13 kcal/mol
         15 |       372820 |  -11.21 kcal/mol |  -13.95 +/-    0.43 kcal/mol |       7 |  -14.78 kcal/mol
         20 |       501368 |  -13.04 kcal/mol |  -14.31 +/-    0.29 kcal/mol |       6 |  -14.78 kcal/mol
         25 |       629435 |  -13.59 kcal/mol |  -14.98 +/-    0.21 kcal/mol |       4 |  -15.33 kcal/mol
         30 |       760927 |  -14.20 kcal/mol |  -15.03 +/-    0.26 kcal/mol |       5 |  -15.33 kcal/mol
         35 |       896214 |  -14.24 kcal/mol |  -14.99 +/-    0.30 kcal/mol |       4 |  -15.49 kcal/mol
         40 |      1029982 |  -13.85 kcal/mol |  -14.96 +/-    0.34 kcal/mol |      12 |  -15.57 kcal/mol
         45 |      1161993 |  -14.53 kcal/mol |  -15.25 +/-    0.17 kcal/mol |       5 |  -15.57 kcal/mol
         50 |      1296152 |  -14.73 kcal/mol |  -15.34 +/-    0.21 kcal/mol |       8 |  -15.63 kcal/mol
         55 |      1430941 |  -14.94 kcal/mol |  -15.37 +/-    0.18 kcal/mol |       7 |  -15.63 kcal/mol
         60 |      1563530 |  -14.98 kcal/mol |  -15.49 +/-    0.14 kcal/mol |       4 |  -15.63 kcal/mol
         65 |      1698105 |  -14.97 kcal/mol |  -15.38 +/-    0.17 kcal/mol |       7 |  -15.63 kcal/mol
         70 |      1830965 |  -15.02 kcal/mol |  -15.66 +/-    0.34 kcal/mol |       8 |  -16.47 kcal/mol
         75 |      1963788 |  -15.03 kcal/mol |  -16.34 +/-    0.44 kcal/mol |       4 |  -16.83 kcal/mol
         80 |      2098602 |  -14.69 kcal/mol |  -16.23 +/-    0.61 kcal/mol |       4 |  -16.84 kcal/mol
         85 |      2233232 |  -13.94 kcal/mol |  -15.64 +/-    0.61 kcal/mol |      11 |  -16.91 kcal/mol
         87 |      2287177 |  -14.82 kcal/mol |  -15.74 +/-    0.61 kcal/mol |      15 |  -16.91 kcal/mol
------------+--------------+------------------+------------------------------+---------+-------------------

                                   Finished evaluation after reaching
                       2287177 evaluations. Best inter + intra   -16.91 kcal/mol.


Shutdown time 0.000743s

Job #1 took 1.617 sec after waiting 4.455 sec for setup

(Thread 0 is processing Job #1)
Run time of entire job set (1 file): 6.138 sec
Processing time: 0.066 sec

All jobs (1) ran without errors.
