AutoDock-GPU version: v1.6-7-ga46ab564d2ac5f1a1523f65239b43505a1c29364-dirty

Using 1 OpenMP threads

Running 8 docking calculations

Cuda device:                              NVIDIA A100-SXM4-40GB
Available memory on device:               36562 MB (total: 40339 MB)

CUDA Setup time 0.202781s
(Thread 0 is setting up Job #1)

Running Job #1:
    Device: NVIDIA A100-SXM4-40GB
    Grid map file: ./protein.maps.fld
    Ligand file: ./ligand_1_1.pdbqt
    Output file: docking_result_1.dlg (+ xml)
    Using heuristics: (capped) number of evaluations set to 2845257
    Overriding heuristics, setting number of evaluations to --nev = 2500000 instead.
    Local-search chosen method is: ADADELTA (ad)

Rest of Setup time 0.309137s

Executing docking runs, stopping automatically after either reaching 0.15 kcal/mol standard deviation of
the best molecules of the last 4 * 5 generations, 42000 generations, or 2500000 evaluations:

Generations |  Evaluations |     Threshold    |  Average energy of best 10%  | Samples | Best Inter + Intra
------------+--------------+------------------+------------------------------+---------+-------------------
          0 |          150 |   -1.59 kcal/mol |   -2.57 +/-    0.33 kcal/mol |       5 |   -3.12 kcal/mol
          5 |       138500 |   -1.59 kcal/mol |   -5.42 +/-    1.86 kcal/mol |    1115 |  -10.90 kcal/mol
         10 |       274775 |   -5.39 kcal/mol |   -9.93 +/-    0.50 kcal/mol |      28 |  -10.96 kcal/mol
         15 |       414967 |   -9.66 kcal/mol |  -11.09 +/-    0.52 kcal/mol |      11 |  -12.35 kcal/mol
         20 |       555601 |  -10.39 kcal/mol |  -12.11 +/-    0.46 kcal/mol |       6 |  -12.57 kcal/mol
         25 |       697721 |  -10.96 kcal/mol |  -12.51 +/-    0.29 kcal/mol |       7 |  -12.91 kcal/mol
         30 |       837087 |  -11.89 kcal/mol |  -12.90 +/-    0.21 kcal/mol |       7 |  -13.19 kcal/mol
         35 |       977733 |  -12.46 kcal/mol |  -12.98 +/-    0.13 kcal/mol |       8 |  -13.19 kcal/mol
         40 |      1118062 |  -12.73 kcal/mol |  -12.99 +/-    0.14 kcal/mol |      13 |  -13.22 kcal/mol
         45 |      1258048 |  -12.84 kcal/mol |  -13.38 +/-    0.20 kcal/mol |      10 |  -13.88 kcal/mol
         50 |      1398037 |  -13.09 kcal/mol |  -13.55 +/-    0.27 kcal/mol |       4 |  -13.99 kcal/mol
         55 |      1537346 |  -12.53 kcal/mol |  -13.45 +/-    0.25 kcal/mol |       8 |  -13.99 kcal/mol
         60 |      1670143 |  -12.97 kcal/mol |  -13.63 +/-    0.26 kcal/mol |       4 |  -13.99 kcal/mol
         65 |      1807094 |  -12.67 kcal/mol |  -13.59 +/-    0.32 kcal/mol |       7 |  -14.06 kcal/mol
         70 |      1943484 |  -12.90 kcal/mol |  -13.88 +/-    0.32 kcal/mol |       7 |  -14.32 kcal/mol
         75 |      2080254 |  -13.20 kcal/mol |  -13.94 +/-    0.27 kcal/mol |       4 |  -14.34 kcal/mol
         80 |      2220138 |  -12.92 kcal/mol |  -13.88 +/-    0.27 kcal/mol |       7 |  -14.34 kcal/mol
         85 |      2358949 |  -13.29 kcal/mol |  -14.18 +/-    0.11 kcal/mol |       4 |  -14.34 kcal/mol
         90 |      2496804 |  -13.77 kcal/mol |  -14.16 +/-    0.09 kcal/mol |       5 |  -14.34 kcal/mol
         91 |      2524289 |  -13.90 kcal/mol |  -14.16 +/-    0.10 kcal/mol |       8 |  -14.34 kcal/mol
------------+--------------+------------------+------------------------------+---------+-------------------

                                   Finished evaluation after reaching
                       2524289 evaluations. Best inter + intra   -14.34 kcal/mol.


Shutdown time 0.000729s

Job #1 took 1.315 sec after waiting 4.429 sec for setup

(Thread 0 is processing Job #1)
(Thread 0 is setting up Job #2)

Running Job #2:
    Device: NVIDIA A100-SXM4-40GB
    Grid map file: ./protein.maps.fld
    Ligand file: ./ligand_2_2.pdbqt
    Output file: docking_result_2.dlg (+ xml)
    Using heuristics: (capped) number of evaluations set to 2845257
    Overriding heuristics, setting number of evaluations to --nev = 2500000 instead.
    Local-search chosen method is: ADADELTA (ad)

Rest of Setup time 0.305894s

Executing docking runs, stopping automatically after either reaching 0.15 kcal/mol standard deviation of
the best molecules of the last 4 * 5 generations, 42000 generations, or 2500000 evaluations:

Generations |  Evaluations |     Threshold    |  Average energy of best 10%  | Samples | Best Inter + Intra
------------+--------------+------------------+------------------------------+---------+-------------------
          0 |          150 |   -1.84 kcal/mol |   -2.72 +/-    0.32 kcal/mol |       9 |   -3.36 kcal/mol
          5 |       140095 |   -2.19 kcal/mol |   -5.88 +/-    1.69 kcal/mol |    1069 |  -11.69 kcal/mol
         10 |       277206 |   -5.86 kcal/mol |  -10.22 +/-    0.90 kcal/mol |      40 |  -12.23 kcal/mol
         15 |       418337 |   -9.89 kcal/mol |  -12.22 +/-    0.20 kcal/mol |       7 |  -12.57 kcal/mol
         20 |       559848 |  -11.79 kcal/mol |  -12.64 +/-    0.27 kcal/mol |       5 |  -13.07 kcal/mol
         25 |       698580 |  -11.83 kcal/mol |  -12.56 +/-    0.37 kcal/mol |       4 |  -13.16 kcal/mol
         30 |       835533 |  -11.16 kcal/mol |  -12.33 +/-    0.34 kcal/mol |       9 |  -13.18 kcal/mol
         35 |       970784 |  -11.76 kcal/mol |  -12.68 +/-    0.36 kcal/mol |       5 |  -13.18 kcal/mol
         40 |      1106138 |  -11.61 kcal/mol |  -12.79 +/-    0.38 kcal/mol |       7 |  -13.46 kcal/mol
         45 |      1242020 |  -11.98 kcal/mol |  -13.15 +/-    0.18 kcal/mol |       6 |  -13.51 kcal/mol
         50 |      1377968 |  -12.70 kcal/mol |  -13.11 +/-    0.19 kcal/mol |      11 |  -13.51 kcal/mol
         55 |      1516867 |  -12.85 kcal/mol |  -13.15 +/-    0.19 kcal/mol |       6 |  -13.51 kcal/mol
         60 |      1654276 |  -12.67 kcal/mol |  -13.39 +/-    0.18 kcal/mol |       4 |  -13.58 kcal/mol
         65 |      1793805 |  -12.73 kcal/mol |  -13.42 +/-    0.19 kcal/mol |      16 |  -13.73 kcal/mol
         70 |      1930068 |  -13.24 kcal/mol |  -13.70 +/-    0.07 kcal/mol |       5 |  -13.76 kcal/mol
         75 |      2065439 |  -13.25 kcal/mol |  -13.75 +/-    0.14 kcal/mol |       5 |  -14.01 kcal/mol
         80 |      2203799 |  -13.33 kcal/mol |  -13.87 +/-    0.14 kcal/mol |       2 |  -14.01 kcal/mol
         85 |      2343446 |  -12.84 kcal/mol |  -13.45 +/-    0.34 kcal/mol |      10 |  -14.14 kcal/mol
         90 |      2480965 |  -12.93 kcal/mol |  -13.77 +/-    0.26 kcal/mol |       4 |  -14.18 kcal/mol
         91 |      2508308 |  -12.79 kcal/mol |  -13.85 +/-    0.25 kcal/mol |       8 |  -14.18 kcal/mol
------------+--------------+------------------+------------------------------+---------+-------------------

                                   Finished evaluation after reaching
                       2508308 evaluations. Best inter + intra   -14.18 kcal/mol.


Shutdown time 0.000638s

Job #2 took 1.290 sec after waiting 0.044 sec for setup

(Thread 0 is processing Job #2)
(Thread 0 is setting up Job #3)

Running Job #3:
    Device: NVIDIA A100-SXM4-40GB
    Grid map file: ./protein.maps.fld
    Ligand file: ./ligand_3_3.pdbqt
    Output file: docking_result_3.dlg (+ xml)
    Using heuristics: (capped) number of evaluations set to 2845257
    Overriding heuristics, setting number of evaluations to --nev = 2500000 instead.
    Local-search chosen method is: ADADELTA (ad)

Rest of Setup time 0.305531s

Executing docking runs, stopping automatically after either reaching 0.15 kcal/mol standard deviation of
the best molecules of the last 4 * 5 generations, 42000 generations, or 2500000 evaluations:

Generations |  Evaluations |     Threshold    |  Average energy of best 10%  | Samples | Best Inter + Intra
------------+--------------+------------------+------------------------------+---------+-------------------
          0 |          150 |   -2.04 kcal/mol |   -2.71 +/-    0.27 kcal/mol |       6 |   -3.21 kcal/mol
          5 |       133005 |   -2.04 kcal/mol |   -5.89 +/-    1.90 kcal/mol |    1092 |  -12.24 kcal/mol
         10 |       265364 |   -5.86 kcal/mol |  -10.74 +/-    0.89 kcal/mol |      46 |  -13.36 kcal/mol
         15 |       400224 |  -10.45 kcal/mol |  -13.11 +/-    0.41 kcal/mol |       9 |  -14.00 kcal/mol
         20 |       535533 |  -12.43 kcal/mol |  -13.68 +/-    0.25 kcal/mol |       6 |  -14.03 kcal/mol
         25 |       671638 |  -13.06 kcal/mol |  -13.82 +/-    0.26 kcal/mol |       5 |  -14.21 kcal/mol
         30 |       808198 |  -13.05 kcal/mol |  -13.82 +/-    0.31 kcal/mol |       5 |  -14.33 kcal/mol
         35 |       945497 |  -12.90 kcal/mol |  -13.95 +/-    0.24 kcal/mol |       5 |  -14.33 kcal/mol
         40 |      1080286 |  -13.24 kcal/mol |  -14.04 +/-    0.17 kcal/mol |       4 |  -14.33 kcal/mol
         45 |      1215761 |  -13.39 kcal/mol |  -14.26 +/-    0.24 kcal/mol |       5 |  -14.46 kcal/mol
         50 |      1350317 |  -13.53 kcal/mol |  -14.11 +/-    0.23 kcal/mol |       5 |  -14.48 kcal/mol
         55 |      1484939 |  -13.43 kcal/mol |  -14.54 +/-    0.74 kcal/mol |       4 |  -15.76 kcal/mol
         60 |      1619788 |  -11.78 kcal/mol |  -14.50 +/-    0.95 kcal/mol |       9 |  -15.84 kcal/mol
         65 |      1757285 |  -12.92 kcal/mol |  -14.96 +/-    0.76 kcal/mol |       5 |  -15.89 kcal/mol
         70 |      1896783 |  -12.66 kcal/mol |  -14.47 +/-    0.82 kcal/mol |       4 |  -15.89 kcal/mol
         75 |      2033965 |  -11.37 kcal/mol |  -14.12 +/-    0.85 kcal/mol |      11 |  -15.89 kcal/mol
         80 |      2171456 |  -12.96 kcal/mol |  -14.97 +/-    0.91 kcal/mol |       4 |  -15.91 kcal/mol
         85 |      2308131 |  -11.54 kcal/mol |  -13.98 +/-    0.61 kcal/mol |      12 |  -15.91 kcal/mol
         90 |      2444481 |  -13.22 kcal/mol |  -15.44 +/-    0.79 kcal/mol |       4 |  -15.91 kcal/mol
         93 |      2525766 |  -12.47 kcal/mol |  -15.31 +/-    0.83 kcal/mol |       6 |  -15.91 kcal/mol
------------+--------------+------------------+------------------------------+---------+-------------------

                                   Finished evaluation after reaching
                       2525766 evaluations. Best inter + intra   -15.91 kcal/mol.


Shutdown time 0.000678s

Job #3 took 1.345 sec after waiting 0.043 sec for setup

(Thread 0 is processing Job #3)
(Thread 0 is setting up Job #4)

Running Job #4:
    Device: NVIDIA A100-SXM4-40GB
    Grid map file: ./protein.maps.fld
    Ligand file: ./ligand_4_4.pdbqt
    Output file: docking_result_4.dlg (+ xml)
    Using heuristics: (capped) number of evaluations set to 2845257
    Overriding heuristics, setting number of evaluations to --nev = 2500000 instead.
    Local-search chosen method is: ADADELTA (ad)

Rest of Setup time 0.306088s

Executing docking runs, stopping automatically after either reaching 0.15 kcal/mol standard deviation of
the best molecules of the last 4 * 5 generations, 42000 generations, or 2500000 evaluations:

Generations |  Evaluations |     Threshold    |  Average energy of best 10%  | Samples | Best Inter + Intra
------------+--------------+------------------+------------------------------+---------+-------------------
          0 |          150 |   -2.49 kcal/mol |   -2.83 +/-    0.09 kcal/mol |       4 |   -2.92 kcal/mol
          5 |       137777 |   -2.49 kcal/mol |   -5.97 +/-    1.90 kcal/mol |    1143 |  -12.13 kcal/mol
         10 |       273476 |   -5.94 kcal/mol |  -10.65 +/-    0.79 kcal/mol |      43 |  -13.06 kcal/mol
         15 |       412682 |  -10.38 kcal/mol |  -12.79 +/-    0.58 kcal/mol |      10 |  -14.19 kcal/mol
         20 |       551128 |  -11.92 kcal/mol |  -13.22 +/-    0.51 kcal/mol |       5 |  -14.19 kcal/mol
         25 |       691120 |  -11.69 kcal/mol |  -13.69 +/-    0.62 kcal/mol |       5 |  -14.19 kcal/mol
         30 |       830269 |  -11.83 kcal/mol |  -13.57 +/-    0.64 kcal/mol |       4 |  -14.19 kcal/mol
         35 |       968445 |  -11.18 kcal/mol |  -13.13 +/-    0.63 kcal/mol |      17 |  -14.19 kcal/mol
         40 |      1104413 |  -12.58 kcal/mol |  -14.03 +/-    0.14 kcal/mol |       5 |  -14.19 kcal/mol
         45 |      1242929 |  -13.61 kcal/mol |  -14.00 +/-    0.13 kcal/mol |       3 |  -14.19 kcal/mol
         50 |      1379966 |  -13.33 kcal/mol |  -13.98 +/-    0.15 kcal/mol |       3 |  -14.19 kcal/mol
         55 |      1517706 |  -13.24 kcal/mol |  -13.92 +/-    0.15 kcal/mol |       6 |  -14.19 kcal/mol
         60 |      1652759 |  -13.54 kcal/mol |  -14.17 +/-    0.34 kcal/mol |       7 |  -14.86 kcal/mol
         65 |      1788600 |  -13.44 kcal/mol |  -14.29 +/-    0.34 kcal/mol |       4 |  -14.86 kcal/mol
         70 |      1923606 |  -13.03 kcal/mol |  -14.30 +/-    0.39 kcal/mol |       5 |  -14.86 kcal/mol
         75 |      2058275 |  -13.13 kcal/mol |  -14.32 +/-    0.34 kcal/mol |       4 |  -14.86 kcal/mol
         80 |      2195329 |  -13.03 kcal/mol |  -14.25 +/-    0.42 kcal/mol |       4 |  -14.86 kcal/mol
         85 |      2333257 |  -12.68 kcal/mol |  -14.13 +/-    0.38 kcal/mol |      11 |  -14.86 kcal/mol
         90 |      2469834 |  -13.61 kcal/mol |  -14.67 +/-    0.23 kcal/mol |       5 |  -14.86 kcal/mol
         92 |      2524940 |  -13.98 kcal/mol |  -14.70 +/-    0.22 kcal/mol |       6 |  -14.86 kcal/mol
------------+--------------+------------------+------------------------------+---------+-------------------

                                   Finished evaluation after reaching
                       2524940 evaluations. Best inter + intra   -14.86 kcal/mol.


Shutdown time 0.000638s

Job #4 took 1.344 sec after waiting 0.048 sec for setup

(Thread 0 is processing Job #4)
(Thread 0 is setting up Job #5)

Running Job #5:
    Device: NVIDIA A100-SXM4-40GB
    Grid map file: ./protein.maps.fld
    Ligand file: ./ligand_5_5.pdbqt
    Output file: docking_result_5.dlg (+ xml)
    Using heuristics: (capped) number of evaluations set to 2845257
    Overriding heuristics, setting number of evaluations to --nev = 2500000 instead.
    Local-search chosen method is: ADADELTA (ad)

Rest of Setup time 0.305401s

Executing docking runs, stopping automatically after either reaching 0.15 kcal/mol standard deviation of
the best molecules of the last 4 * 5 generations, 42000 generations, or 2500000 evaluations:

Generations |  Evaluations |     Threshold    |  Average energy of best 10%  | Samples | Best Inter + Intra
------------+--------------+------------------+------------------------------+---------+-------------------
          0 |          150 |   -2.23 kcal/mol |   -3.09 +/-    0.23 kcal/mol |       4 |   -3.28 kcal/mol
          5 |       114900 |   -2.23 kcal/mol |   -5.33 +/-    1.63 kcal/mol |     858 |  -11.05 kcal/mol
         10 |       228399 |   -5.30 kcal/mol |   -9.63 +/-    0.76 kcal/mol |      42 |  -11.10 kcal/mol
         15 |       345337 |   -9.36 kcal/mol |  -11.17 +/-    0.12 kcal/mol |       5 |  -11.42 kcal/mol
         20 |       463672 |  -10.80 kcal/mol |  -11.26 +/-    0.15 kcal/mol |       6 |  -11.45 kcal/mol
         25 |       584871 |  -10.90 kcal/mol |  -11.58 +/-    0.57 kcal/mol |       6 |  -12.85 kcal/mol
         30 |       704974 |  -10.15 kcal/mol |  -11.99 +/-    0.58 kcal/mol |      17 |  -13.08 kcal/mol
         35 |       824680 |  -11.48 kcal/mol |  -12.96 +/-    0.20 kcal/mol |       4 |  -13.16 kcal/mol
         40 |       945415 |  -12.20 kcal/mol |  -13.15 +/-    0.29 kcal/mol |       5 |  -13.63 kcal/mol
         45 |      1063953 |  -12.29 kcal/mol |  -13.35 +/-    0.26 kcal/mol |      10 |  -13.71 kcal/mol
         50 |      1181586 |  -12.97 kcal/mol |  -13.62 +/-    0.17 kcal/mol |       4 |  -13.73 kcal/mol
         55 |      1300760 |  -12.97 kcal/mol |  -13.72 +/-    0.00 kcal/mol |       5 |  -13.73 kcal/mol
         60 |      1418184 |  -13.27 kcal/mol |  -13.68 +/-    0.06 kcal/mol |       3 |  -13.73 kcal/mol
         65 |      1538692 |  -12.93 kcal/mol |  -13.58 +/-    0.26 kcal/mol |       5 |  -13.99 kcal/mol
         70 |      1659483 |  -12.81 kcal/mol |  -13.71 +/-    0.22 kcal/mol |       6 |  -14.05 kcal/mol
         75 |      1779353 |  -13.16 kcal/mol |  -13.78 +/-    0.19 kcal/mol |       4 |  -14.06 kcal/mol
         80 |      1900547 |  -13.08 kcal/mol |  -13.69 +/-    0.23 kcal/mol |       6 |  -14.06 kcal/mol
         85 |      2022438 |  -13.12 kcal/mol |  -13.94 +/-    0.15 kcal/mol |       7 |  -14.06 kcal/mol
         90 |      2143556 |  -13.61 kcal/mol |  -13.92 +/-    0.12 kcal/mol |       4 |  -14.06 kcal/mol
         95 |      2264220 |  -13.49 kcal/mol |  -13.74 +/-    0.17 kcal/mol |       8 |  -14.06 kcal/mol
        100 |      2384569 |  -13.43 kcal/mol |  -13.88 +/-    0.14 kcal/mol |       8 |  -14.06 kcal/mol
        105 |      2503681 |  -13.63 kcal/mol |  -13.89 +/-    0.13 kcal/mol |      12 |  -14.06 kcal/mol
------------+--------------+------------------+------------------------------+---------+-------------------

                                   Finished evaluation after reaching
                       2503681 evaluations. Best inter + intra   -14.06 kcal/mol.


Shutdown time 0.000640s

Job #5 took 1.493 sec after waiting 0.047 sec for setup

(Thread 0 is processing Job #5)
(Thread 0 is setting up Job #6)

Running Job #6:
    Device: NVIDIA A100-SXM4-40GB
    Grid map file: ./protein.maps.fld
    Ligand file: ./ligand_6_6.pdbqt
    Output file: docking_result_6.dlg (+ xml)
    Using heuristics: (capped) number of evaluations set to 2845257
    Overriding heuristics, setting number of evaluations to --nev = 2500000 instead.
    Local-search chosen method is: ADADELTA (ad)

Rest of Setup time 0.305515s

Executing docking runs, stopping automatically after either reaching 0.15 kcal/mol standard deviation of
the best molecules of the last 4 * 5 generations, 42000 generations, or 2500000 evaluations:

Generations |  Evaluations |     Threshold    |  Average energy of best 10%  | Samples | Best Inter + Intra
------------+--------------+------------------+------------------------------+---------+-------------------
          0 |          150 |   -1.85 kcal/mol |   -1.99 +/-    0.13 kcal/mol |      14 |   -2.37 kcal/mol
          5 |       119429 |   -1.85 kcal/mol |   -5.26 +/-    1.72 kcal/mol |     934 |  -11.70 kcal/mol
         10 |       239219 |   -5.23 kcal/mol |   -9.71 +/-    0.96 kcal/mol |      43 |  -12.07 kcal/mol
         15 |       362965 |   -9.37 kcal/mol |  -11.87 +/-    0.35 kcal/mol |       7 |  -12.31 kcal/mol
         20 |       485437 |  -11.12 kcal/mol |  -12.09 +/-    0.16 kcal/mol |       8 |  -12.35 kcal/mol
         25 |       608589 |  -11.79 kcal/mol |  -12.27 +/-    0.19 kcal/mol |       7 |  -12.67 kcal/mol
         30 |       733525 |  -11.87 kcal/mol |  -12.37 +/-    0.22 kcal/mol |      12 |  -12.82 kcal/mol
         35 |       856900 |  -12.10 kcal/mol |  -13.03 +/-    0.16 kcal/mol |       4 |  -13.27 kcal/mol
         40 |       980856 |  -12.44 kcal/mol |  -13.22 +/-    0.16 kcal/mol |       5 |  -13.46 kcal/mol
         45 |      1104178 |  -12.74 kcal/mol |  -13.36 +/-    0.13 kcal/mol |      10 |  -13.53 kcal/mol
         50 |      1227745 |  -13.16 kcal/mol |  -13.53 +/-    0.10 kcal/mol |       6 |  -13.66 kcal/mol
         55 |      1348463 |  -13.29 kcal/mol |  -13.55 +/-    0.10 kcal/mol |       5 |  -13.67 kcal/mol
         60 |      1466256 |  -13.26 kcal/mol |  -13.53 +/-    0.11 kcal/mol |       8 |  -13.72 kcal/mol
         65 |      1587977 |  -13.31 kcal/mol |  -13.65 +/-    0.16 kcal/mol |       5 |  -13.93 kcal/mol
         70 |      1710298 |  -13.17 kcal/mol |  -13.65 +/-    0.21 kcal/mol |       5 |  -14.04 kcal/mol
         75 |      1833830 |  -13.01 kcal/mol |  -13.70 +/-    0.22 kcal/mol |       4 |  -14.04 kcal/mol
         80 |      1955649 |  -12.87 kcal/mol |  -13.66 +/-    0.21 kcal/mol |       5 |  -14.04 kcal/mol
         85 |      2077768 |  -13.04 kcal/mol |  -13.61 +/-    0.20 kcal/mol |       7 |  -14.04 kcal/mol
         90 |      2201861 |  -13.18 kcal/mol |  -13.97 +/-    0.13 kcal/mol |       4 |  -14.04 kcal/mol
         95 |      2328274 |  -13.48 kcal/mol |  -13.68 +/-    0.19 kcal/mol |       7 |  -14.04 kcal/mol
        100 |      2453442 |  -13.28 kcal/mol |  -13.62 +/-    0.18 kcal/mol |       9 |  -14.04 kcal/mol
        102 |      2503107 |  -13.31 kcal/mol |  -13.63 +/-    0.20 kcal/mol |      17 |  -14.04 kcal/mol
------------+--------------+------------------+------------------------------+---------+-------------------

                                   Finished evaluation after reaching
                       2503107 evaluations. Best inter + intra   -14.04 kcal/mol.


Shutdown time 0.000654s

Job #6 took 1.446 sec after waiting 0.048 sec for setup

(Thread 0 is processing Job #6)
(Thread 0 is setting up Job #7)

Running Job #7:
    Device: NVIDIA A100-SXM4-40GB
    Grid map file: ./protein.maps.fld
    Ligand file: ./ligand_7_7.pdbqt
    Output file: docking_result_7.dlg (+ xml)
    Using heuristics: (capped) number of evaluations set to 2280181
    Local-search chosen method is: ADADELTA (ad)

Rest of Setup time 0.305700s

Executing docking runs, stopping automatically after either reaching 0.15 kcal/mol standard deviation of
the best molecules of the last 4 * 5 generations, 42000 generations, or 2280181 evaluations:

Generations |  Evaluations |     Threshold    |  Average energy of best 10%  | Samples | Best Inter + Intra
------------+--------------+------------------+------------------------------+---------+-------------------
          0 |          150 |   -1.04 kcal/mol |   -1.44 +/-    0.21 kcal/mol |       8 |   -1.88 kcal/mol
          5 |       109714 |   -1.04 kcal/mol |   -4.53 +/-    1.85 kcal/mol |     906 |  -11.67 kcal/mol
         10 |       217996 |   -4.50 kcal/mol |   -9.58 +/-    0.99 kcal/mol |      38 |  -12.00 kcal/mol
         15 |       331880 |   -9.19 kcal/mol |  -11.44 +/-    0.30 kcal/mol |       6 |  -12.00 kcal/mol
         20 |       449649 |  -10.69 kcal/mol |  -11.89 +/-    0.36 kcal/mol |       4 |  -12.41 kcal/mol
         25 |       568051 |  -10.54 kcal/mol |  -12.05 +/-    0.41 kcal/mol |       5 |  -12.61 kcal/mol
         30 |       687678 |  -10.81 kcal/mol |  -12.09 +/-    0.43 kcal/mol |       8 |  -12.78 kcal/mol
         35 |       805787 |  -11.28 kcal/mol |  -12.75 +/-    0.18 kcal/mol |       5 |  -12.90 kcal/mol
         40 |       926408 |  -12.22 kcal/mol |  -12.75 +/-    0.20 kcal/mol |       4 |  -12.90 kcal/mol
         45 |      1046132 |  -12.01 kcal/mol |  -12.76 +/-    0.16 kcal/mol |       6 |  -12.90 kcal/mol
         50 |      1164472 |  -12.37 kcal/mol |  -12.98 +/-    0.03 kcal/mol |       4 |  -13.03 kcal/mol
         55 |      1284399 |  -12.42 kcal/mol |  -13.03 +/-    0.04 kcal/mol |       2 |  -13.08 kcal/mol
         60 |      1401125 |  -11.91 kcal/mol |  -12.65 +/-    0.40 kcal/mol |       4 |  -13.08 kcal/mol
         65 |      1523326 |  -11.16 kcal/mol |  -12.51 +/-    0.42 kcal/mol |       6 |  -13.12 kcal/mol
         70 |      1644787 |  -11.45 kcal/mol |  -12.89 +/-    0.24 kcal/mol |       6 |  -13.12 kcal/mol
         75 |      1764572 |  -12.30 kcal/mol |  -12.88 +/-    0.32 kcal/mol |       3 |  -13.16 kcal/mol
         80 |      1885274 |  -11.25 kcal/mol |  -12.62 +/-    0.40 kcal/mol |      11 |  -13.16 kcal/mol
         85 |      2005809 |  -12.07 kcal/mol |  -13.09 +/-    0.09 kcal/mol |       5 |  -13.21 kcal/mol
         90 |      2127576 |  -12.83 kcal/mol |  -13.22 +/-    0.11 kcal/mol |       5 |  -13.42 kcal/mol
         95 |      2250453 |  -12.88 kcal/mol |  -13.11 +/-    0.17 kcal/mol |       9 |  -13.52 kcal/mol
         97 |      2299043 |  -12.82 kcal/mol |  -13.16 +/-    0.19 kcal/mol |      12 |  -13.55 kcal/mol
------------+--------------+------------------+------------------------------+---------+-------------------

                                   Finished evaluation after reaching
                       2299043 evaluations. Best inter + intra   -13.55 kcal/mol.


Shutdown time 0.000634s

Job #7 took 1.349 sec after waiting 0.048 sec for setup

(Thread 0 is processing Job #7)
(Thread 0 is setting up Job #8)

Running Job #8:
    Device: NVIDIA A100-SXM4-40GB
    Grid map file: ./protein.maps.fld
    Ligand file: ./ligand_8_8.pdbqt
    Output file: docking_result_8.dlg (+ xml)
    Using heuristics: (capped) number of evaluations set to 7973093
    Overriding heuristics, setting number of evaluations to --nev = 2500000 instead.
    Warning: The set number of evals is 10.52% of the uncapped heuristics estimate of 23759450 evals.
             This means this docking may not be able to converge. Increasing --heurmax may improve
             convergence but will also increase runtime.
             AutoStop will not stop before 76.79% (1919714) of the set number of evaluations.
    Local-search chosen method is: ADADELTA (ad)

Rest of Setup time 0.305489s

Executing docking runs, stopping automatically after either reaching 0.15 kcal/mol standard deviation of
the best molecules of the last 4 * 5 generations, 42000 generations, or 2500000 evaluations:

Generations |  Evaluations |     Threshold    |  Average energy of best 10%  | Samples | Best Inter + Intra
------------+--------------+------------------+------------------------------+---------+-------------------
          0 |          150 |  197.93 kcal/mol |  156.58 +/-   11.03 kcal/mol |       4 |  143.05 kcal/mol
          5 |       119188 |  197.93 kcal/mol |    8.70 +/-   24.01 kcal/mol |    1100 |  -10.06 kcal/mol
         10 |       232304 |    9.02 kcal/mol |  -10.11 +/-    0.50 kcal/mol |       4 |  -10.62 kcal/mol
         15 |       348839 |   -8.23 kcal/mol |  -10.47 +/-    0.54 kcal/mol |       8 |  -11.28 kcal/mol
         20 |       467101 |   -9.45 kcal/mol |  -11.07 +/-    0.40 kcal/mol |       5 |  -11.60 kcal/mol
         25 |       581321 |   -9.86 kcal/mol |  -11.31 +/-    0.43 kcal/mol |       4 |  -11.73 kcal/mol
         30 |       693315 |   -9.70 kcal/mol |  -11.32 +/-    0.75 kcal/mol |       6 |  -12.18 kcal/mol
         35 |       804349 |   -9.45 kcal/mol |  -11.96 +/-    0.42 kcal/mol |       7 |  -12.44 kcal/mol
         40 |       914432 |  -11.06 kcal/mol |  -12.32 +/-    0.16 kcal/mol |       4 |  -12.57 kcal/mol
         45 |      1025238 |  -11.72 kcal/mol |  -12.44 +/-    0.16 kcal/mol |       6 |  -12.61 kcal/mol
         50 |      1131190 |  -12.04 kcal/mol |  -12.57 +/-    0.13 kcal/mol |       4 |  -12.73 kcal/mol
         55 |      1235883 |  -12.07 kcal/mol |  -12.58 +/-    0.11 kcal/mol |       6 |  -12.73 kcal/mol
         60 |      1337178 |  -12.30 kcal/mol |  -12.57 +/-    0.13 kcal/mol |       4 |  -12.73 kcal/mol
         65 |      1435705 |  -12.07 kcal/mol |  -12.55 +/-    0.17 kcal/mol |       5 |  -12.73 kcal/mol
         70 |      1531390 |  -12.05 kcal/mol |  -12.60 +/-    0.14 kcal/mol |       5 |  -12.73 kcal/mol
         75 |      1623967 |  -12.19 kcal/mol |  -13.08 +/-    0.39 kcal/mol |       5 |  -13.62 kcal/mol
         80 |      1716138 |  -11.90 kcal/mol |  -13.53 +/-    0.69 kcal/mol |       5 |  -14.34 kcal/mol
         85 |      1805095 |  -11.45 kcal/mol |  -13.22 +/-    0.58 kcal/mol |       6 |  -14.34 kcal/mol
         90 |      1892835 |  -11.77 kcal/mol |  -13.26 +/-    0.69 kcal/mol |       4 |  -14.34 kcal/mol
         95 |      1982586 |  -10.67 kcal/mol |  -13.15 +/-    0.71 kcal/mol |      12 |  -14.52 kcal/mol
------------+--------------+------------------+------------------------------+---------+-------------------

                                   Finished evaluation after reaching
                                  -13.26 +/-    0.69 kcal/mol combined.
                             27 samples, best inter + intra   -14.52 kcal/mol.


Shutdown time 0.000661s

Job #8 took 1.373 sec after waiting 0.047 sec for setup

(Thread 0 is processing Job #8)
Run time of entire job set (8 files): 15.764 sec
Savings from multithreading: -0.001 sec
Idle time of execution thread: 4.809 sec

All jobs (8) ran without errors.
