AutoDock-GPU version: v1.6-7-ga46ab564d2ac5f1a1523f65239b43505a1c29364-dirty

Using 1 OpenMP threads

Running 5 docking calculations

Cuda device:                              NVIDIA A100-SXM4-40GB
Available memory on device:               39916 MB (total: 40339 MB)

CUDA Setup time 0.231128s
(Thread 0 is setting up Job #1)

Running Job #1:
    Device: NVIDIA A100-SXM4-40GB
    Grid map file: ./protein.maps.fld
    Ligand file: ./ligand_1_1.pdbqt
    Output file: docking_result_1.dlg (+ xml)
    Using heuristics: (capped) number of evaluations set to 2068966
    Local-search chosen method is: ADADELTA (ad)

Rest of Setup time 0.308221s

Executing docking runs, stopping automatically after either reaching 0.15 kcal/mol standard deviation of
the best molecules of the last 4 * 5 generations, 42000 generations, or 2068966 evaluations:

Generations |  Evaluations |     Threshold    |  Average energy of best 10%  | Samples | Best Inter + Intra
------------+--------------+------------------+------------------------------+---------+-------------------
          0 |          150 |   -1.17 kcal/mol |   -2.08 +/-    0.30 kcal/mol |       6 |   -2.68 kcal/mol
          5 |       128233 |   -1.32 kcal/mol |   -4.42 +/-    1.45 kcal/mol |     906 |   -9.33 kcal/mol
         10 |       253525 |   -4.40 kcal/mol |   -8.37 +/-    0.81 kcal/mol |      56 |  -10.46 kcal/mol
         15 |       381445 |   -8.15 kcal/mol |  -10.67 +/-    0.17 kcal/mol |       6 |  -10.82 kcal/mol
         20 |       510525 |  -10.24 kcal/mol |  -10.62 +/-    0.20 kcal/mol |       8 |  -10.93 kcal/mol
         25 |       640403 |  -10.25 kcal/mol |  -10.87 +/-    0.06 kcal/mol |       5 |  -10.95 kcal/mol
         30 |       770944 |  -10.42 kcal/mol |  -10.94 +/-    0.14 kcal/mol |       6 |  -11.20 kcal/mol
         35 |       900632 |  -10.59 kcal/mol |  -11.00 +/-    0.27 kcal/mol |       7 |  -11.64 kcal/mol
         40 |      1028587 |  -10.43 kcal/mol |  -11.46 +/-    0.25 kcal/mol |       6 |  -11.69 kcal/mol
         45 |      1155320 |  -10.82 kcal/mol |  -11.43 +/-    0.28 kcal/mol |       4 |  -11.69 kcal/mol
         50 |      1280740 |  -10.39 kcal/mol |  -11.03 +/-    0.24 kcal/mol |      13 |  -11.71 kcal/mol
         55 |      1406625 |  -10.75 kcal/mol |  -11.38 +/-    0.20 kcal/mol |       4 |  -11.71 kcal/mol
         60 |      1529842 |  -10.63 kcal/mol |  -11.17 +/-    0.23 kcal/mol |       9 |  -11.71 kcal/mol
         65 |      1655638 |  -10.79 kcal/mol |  -11.37 +/-    0.16 kcal/mol |       6 |  -11.71 kcal/mol
         70 |      1780655 |  -10.96 kcal/mol |  -11.43 +/-    0.17 kcal/mol |      10 |  -11.71 kcal/mol
         75 |      1903542 |  -11.17 kcal/mol |  -11.54 +/-    0.14 kcal/mol |       6 |  -11.71 kcal/mol
         80 |      2027231 |  -11.18 kcal/mol |  -11.63 +/-    0.10 kcal/mol |       8 |  -11.71 kcal/mol
         82 |      2076139 |  -11.45 kcal/mol |  -11.61 +/-    0.09 kcal/mol |      15 |  -11.71 kcal/mol
------------+--------------+------------------+------------------------------+---------+-------------------

                                   Finished evaluation after reaching
                       2076139 evaluations. Best inter + intra   -11.71 kcal/mol.


Shutdown time 0.000707s

Job #1 took 1.023 sec after waiting 4.462 sec for setup

(Thread 0 is processing Job #1)
(Thread 0 is setting up Job #2)

Running Job #2:
    Device: NVIDIA A100-SXM4-40GB
    Grid map file: ./protein.maps.fld
    Ligand file: ./ligand_2_2.pdbqt
    Output file: docking_result_2.dlg (+ xml)
    Using heuristics: (capped) number of evaluations set to 2068966
    Local-search chosen method is: ADADELTA (ad)

Rest of Setup time 0.305587s

Executing docking runs, stopping automatically after either reaching 0.15 kcal/mol standard deviation of
the best molecules of the last 4 * 5 generations, 42000 generations, or 2068966 evaluations:

Generations |  Evaluations |     Threshold    |  Average energy of best 10%  | Samples | Best Inter + Intra
------------+--------------+------------------+------------------------------+---------+-------------------
          0 |          150 |   -1.33 kcal/mol |   -2.20 +/-    0.23 kcal/mol |       4 |   -2.41 kcal/mol
          5 |       128838 |   -1.33 kcal/mol |   -4.60 +/-    1.48 kcal/mol |     938 |  -11.74 kcal/mol
         10 |       253951 |   -4.58 kcal/mol |   -8.87 +/-    1.08 kcal/mol |      41 |  -11.80 kcal/mol
         15 |       383010 |   -8.47 kcal/mol |  -10.78 +/-    0.93 kcal/mol |       4 |  -11.80 kcal/mol
         20 |       510900 |   -7.30 kcal/mol |  -10.28 +/-    0.89 kcal/mol |      15 |  -11.80 kcal/mol
         25 |       640216 |   -9.38 kcal/mol |  -11.57 +/-    0.14 kcal/mol |       6 |  -11.80 kcal/mol
         30 |       769928 |  -11.22 kcal/mol |  -11.58 +/-    0.14 kcal/mol |       6 |  -11.80 kcal/mol
         35 |       899977 |  -11.23 kcal/mol |  -11.58 +/-    0.14 kcal/mol |       6 |  -11.80 kcal/mol
         40 |      1032024 |  -11.23 kcal/mol |  -11.56 +/-    0.14 kcal/mol |       9 |  -11.80 kcal/mol
------------+--------------+------------------+------------------------------+---------+-------------------

                                   Finished evaluation after reaching
                                  -11.57 +/-    0.14 kcal/mol combined.
                             27 samples, best inter + intra   -11.80 kcal/mol.


Shutdown time 0.000641s

Job #2 took 0.649 sec after waiting 0.032 sec for setup

(Thread 0 is processing Job #2)
(Thread 0 is setting up Job #3)

Running Job #3:
    Device: NVIDIA A100-SXM4-40GB
    Grid map file: ./protein.maps.fld
    Ligand file: ./ligand_3_3.pdbqt
    Output file: docking_result_3.dlg (+ xml)
    Using heuristics: (capped) number of evaluations set to 2280181
    Local-search chosen method is: ADADELTA (ad)

Rest of Setup time 0.305248s

Executing docking runs, stopping automatically after either reaching 0.15 kcal/mol standard deviation of
the best molecules of the last 4 * 5 generations, 42000 generations, or 2280181 evaluations:

Generations |  Evaluations |     Threshold    |  Average energy of best 10%  | Samples | Best Inter + Intra
------------+--------------+------------------+------------------------------+---------+-------------------
          0 |          150 |   -1.32 kcal/mol |   -1.80 +/-    0.26 kcal/mol |       8 |   -2.45 kcal/mol
          5 |       129954 |   -1.32 kcal/mol |   -4.55 +/-    1.74 kcal/mol |    1078 |  -11.57 kcal/mol
         10 |       253386 |   -4.53 kcal/mol |   -9.17 +/-    0.97 kcal/mol |      40 |  -12.42 kcal/mol
         15 |       380271 |   -8.81 kcal/mol |  -11.45 +/-    0.98 kcal/mol |       4 |  -12.44 kcal/mol
         20 |       503127 |   -7.77 kcal/mol |  -10.73 +/-    0.81 kcal/mol |      22 |  -12.55 kcal/mol
         25 |       626358 |  -10.18 kcal/mol |  -12.56 +/-    0.02 kcal/mol |       4 |  -12.59 kcal/mol
         30 |       750752 |  -12.00 kcal/mol |  -12.55 +/-    0.12 kcal/mol |       7 |  -12.69 kcal/mol
         35 |       874509 |  -12.28 kcal/mol |  -12.66 +/-    0.10 kcal/mol |       9 |  -12.79 kcal/mol
         40 |       996021 |  -12.50 kcal/mol |  -12.71 +/-    0.09 kcal/mol |       5 |  -12.81 kcal/mol
         45 |      1116667 |  -12.45 kcal/mol |  -12.68 +/-    0.12 kcal/mol |      12 |  -12.86 kcal/mol
         50 |      1235167 |  -12.53 kcal/mol |  -12.72 +/-    0.11 kcal/mol |      12 |  -12.87 kcal/mol
         55 |      1357487 |  -12.59 kcal/mol |  -12.83 +/-    0.06 kcal/mol |       9 |  -12.87 kcal/mol
         60 |      1478026 |  -12.58 kcal/mol |  -12.76 +/-    0.09 kcal/mol |      12 |  -12.87 kcal/mol
------------+--------------+------------------+------------------------------+---------+-------------------

                                   Finished evaluation after reaching
                                  -12.74 +/-    0.11 kcal/mol combined.
                             45 samples, best inter + intra   -12.87 kcal/mol.


Shutdown time 0.000653s

Job #3 took 0.849 sec after waiting 0.032 sec for setup

(Thread 0 is processing Job #3)
(Thread 0 is setting up Job #4)

Running Job #4:
    Device: NVIDIA A100-SXM4-40GB
    Grid map file: ./protein.maps.fld
    Ligand file: ./ligand_4_4.pdbqt
    Output file: docking_result_4.dlg (+ xml)
    Using heuristics: (capped) number of evaluations set to 2068966
    Local-search chosen method is: ADADELTA (ad)

Rest of Setup time 0.304207s

Executing docking runs, stopping automatically after either reaching 0.15 kcal/mol standard deviation of
the best molecules of the last 4 * 5 generations, 42000 generations, or 2068966 evaluations:

Generations |  Evaluations |     Threshold    |  Average energy of best 10%  | Samples | Best Inter + Intra
------------+--------------+------------------+------------------------------+---------+-------------------
          0 |          150 |   -1.86 kcal/mol |   -2.36 +/-    0.13 kcal/mol |       4 |   -2.48 kcal/mol
          5 |       128705 |   -1.86 kcal/mol |   -4.74 +/-    1.49 kcal/mol |     877 |  -10.46 kcal/mol
         10 |       253549 |   -4.71 kcal/mol |   -8.62 +/-    0.78 kcal/mol |      50 |  -10.58 kcal/mol
         15 |       384507 |   -8.38 kcal/mol |  -10.40 +/-    0.23 kcal/mol |      10 |  -10.87 kcal/mol
         20 |       515176 |  -10.06 kcal/mol |  -10.67 +/-    0.27 kcal/mol |       7 |  -11.24 kcal/mol
         25 |       644995 |  -10.08 kcal/mol |  -10.97 +/-    0.21 kcal/mol |       7 |  -11.29 kcal/mol
         30 |       775260 |  -10.53 kcal/mol |  -11.15 +/-    0.15 kcal/mol |       6 |  -11.29 kcal/mol
         35 |       904201 |  -10.77 kcal/mol |  -11.22 +/-    0.10 kcal/mol |       4 |  -11.33 kcal/mol
         40 |      1033235 |  -10.85 kcal/mol |  -11.25 +/-    0.15 kcal/mol |       8 |  -11.49 kcal/mol
         45 |      1163574 |  -10.97 kcal/mol |  -11.24 +/-    0.16 kcal/mol |      19 |  -11.52 kcal/mol
         50 |      1293247 |  -11.12 kcal/mol |  -11.29 +/-    0.13 kcal/mol |      10 |  -11.52 kcal/mol
         55 |      1422822 |  -11.10 kcal/mol |  -11.33 +/-    0.14 kcal/mol |      13 |  -11.54 kcal/mol
         60 |      1550666 |  -11.16 kcal/mol |  -11.37 +/-    0.12 kcal/mol |      13 |  -11.55 kcal/mol
         65 |      1681868 |  -11.23 kcal/mol |  -11.46 +/-    0.10 kcal/mol |       4 |  -11.55 kcal/mol
         70 |      1810591 |  -11.10 kcal/mol |  -11.29 +/-    0.16 kcal/mol |      15 |  -11.55 kcal/mol
------------+--------------+------------------+------------------------------+---------+-------------------

                                   Finished evaluation after reaching
                                  -11.34 +/-    0.15 kcal/mol combined.
                             45 samples, best inter + intra   -11.55 kcal/mol.


Shutdown time 0.000678s

Job #4 took 0.885 sec after waiting 0.036 sec for setup

(Thread 0 is processing Job #4)
(Thread 0 is setting up Job #5)

Running Job #5:
    Device: NVIDIA A100-SXM4-40GB
    Grid map file: ./protein.maps.fld
    Ligand file: ./ligand_5_5.pdbqt
    Output file: docking_result_5.dlg (+ xml)
    Using heuristics: (capped) number of evaluations set to 2068966
    Local-search chosen method is: ADADELTA (ad)

Rest of Setup time 0.303012s

Executing docking runs, stopping automatically after either reaching 0.15 kcal/mol standard deviation of
the best molecules of the last 4 * 5 generations, 42000 generations, or 2068966 evaluations:

Generations |  Evaluations |     Threshold    |  Average energy of best 10%  | Samples | Best Inter + Intra
------------+--------------+------------------+------------------------------+---------+-------------------
          0 |          150 |   -1.75 kcal/mol |   -2.00 +/-    0.22 kcal/mol |      13 |   -2.59 kcal/mol
          5 |       142228 |   -1.75 kcal/mol |   -4.79 +/-    1.68 kcal/mol |    1125 |  -11.27 kcal/mol
         10 |       281126 |   -4.77 kcal/mol |   -9.25 +/-    0.92 kcal/mol |      59 |  -11.28 kcal/mol
         15 |       420609 |   -9.02 kcal/mol |  -11.55 +/-    0.41 kcal/mol |      10 |  -12.10 kcal/mol
         20 |       560927 |  -10.94 kcal/mol |  -11.94 +/-    0.19 kcal/mol |       4 |  -12.12 kcal/mol
         25 |       698793 |  -11.24 kcal/mol |  -12.04 +/-    0.23 kcal/mol |       5 |  -12.37 kcal/mol
         30 |       837568 |  -11.35 kcal/mol |  -12.12 +/-    0.19 kcal/mol |       6 |  -12.37 kcal/mol
         35 |       975238 |  -11.64 kcal/mol |  -12.03 +/-    0.16 kcal/mol |      15 |  -12.37 kcal/mol
         40 |      1109953 |  -11.87 kcal/mol |  -12.22 +/-    0.09 kcal/mol |       9 |  -12.37 kcal/mol
         45 |      1247153 |  -12.08 kcal/mol |  -12.27 +/-    0.09 kcal/mol |       7 |  -12.37 kcal/mol
         50 |      1383131 |  -12.08 kcal/mol |  -12.25 +/-    0.08 kcal/mol |       9 |  -12.37 kcal/mol
         55 |      1519077 |  -12.13 kcal/mol |  -12.29 +/-    0.07 kcal/mol |      12 |  -12.37 kcal/mol
------------+--------------+------------------+------------------------------+---------+-------------------

                                   Finished evaluation after reaching
                                  -12.26 +/-    0.08 kcal/mol combined.
                             37 samples, best inter + intra   -12.37 kcal/mol.


Shutdown time 0.000653s

Job #5 took 0.733 sec after waiting 0.029 sec for setup

(Thread 0 is processing Job #5)
Run time of entire job set (5 files): 8.759 sec
Savings from multithreading: -0.000 sec
Idle time of execution thread: 4.620 sec

All jobs (5) ran without errors.
