AutoDock-GPU version: v1.6-7-ga46ab564d2ac5f1a1523f65239b43505a1c29364-dirty

Using 1 OpenMP threads

Running 3 docking calculations

Cuda device:                              NVIDIA A100-SXM4-40GB
Available memory on device:               39916 MB (total: 40339 MB)

CUDA Setup time 0.233826s
(Thread 0 is setting up Job #1)

Running Job #1:
    Device: NVIDIA A100-SXM4-40GB
    Grid map file: ./protein.maps.fld
    Ligand file: ./ligand_1_1.pdbqt
    Output file: docking_result_1.dlg (+ xml)
    Using heuristics: (capped) number of evaluations set to 2068966
    Local-search chosen method is: ADADELTA (ad)

Rest of Setup time 0.308500s

Executing docking runs, stopping automatically after either reaching 0.15 kcal/mol standard deviation of
the best molecules of the last 4 * 5 generations, 42000 generations, or 2068966 evaluations:

Generations |  Evaluations |     Threshold    |  Average energy of best 10%  | Samples | Best Inter + Intra
------------+--------------+------------------+------------------------------+---------+-------------------
          0 |          150 |   -1.72 kcal/mol |   -1.94 +/-    0.16 kcal/mol |      11 |   -2.25 kcal/mol
          5 |       123825 |   -1.72 kcal/mol |   -4.44 +/-    1.48 kcal/mol |     863 |  -10.96 kcal/mol
         10 |       244791 |   -4.41 kcal/mol |   -8.48 +/-    1.04 kcal/mol |      52 |  -11.24 kcal/mol
         15 |       369427 |   -8.18 kcal/mol |  -10.81 +/-    0.33 kcal/mol |       6 |  -11.25 kcal/mol
         20 |       492759 |   -9.99 kcal/mol |  -10.76 +/-    0.38 kcal/mol |       4 |  -11.28 kcal/mol
         25 |       619478 |   -9.31 kcal/mol |  -10.70 +/-    0.38 kcal/mol |      10 |  -11.28 kcal/mol
         30 |       747058 |  -10.14 kcal/mol |  -11.21 +/-    0.11 kcal/mol |      10 |  -11.28 kcal/mol
         35 |       873635 |  -11.05 kcal/mol |  -11.31 +/-    0.08 kcal/mol |       7 |  -11.40 kcal/mol
         40 |       998212 |  -11.15 kcal/mol |  -11.30 +/-    0.09 kcal/mol |       8 |  -11.45 kcal/mol
         45 |      1122421 |  -11.12 kcal/mol |  -11.29 +/-    0.11 kcal/mol |       7 |  -11.45 kcal/mol
         50 |      1247547 |  -11.05 kcal/mol |  -11.31 +/-    0.09 kcal/mol |      11 |  -11.45 kcal/mol
         55 |      1374302 |  -11.18 kcal/mol |  -11.34 +/-    0.07 kcal/mol |       9 |  -11.45 kcal/mol
------------+--------------+------------------+------------------------------+---------+-------------------

                                   Finished evaluation after reaching
                                  -11.31 +/-    0.09 kcal/mol combined.
                             35 samples, best inter + intra   -11.45 kcal/mol.


Shutdown time 0.000668s

Job #1 took 0.775 sec after waiting 4.463 sec for setup

(Thread 0 is processing Job #1)
(Thread 0 is setting up Job #2)

Running Job #2:
    Device: NVIDIA A100-SXM4-40GB
    Grid map file: ./protein.maps.fld
    Ligand file: ./ligand_2_2.pdbqt
    Output file: docking_result_2.dlg (+ xml)
    Using heuristics: (capped) number of evaluations set to 2068966
    Local-search chosen method is: ADADELTA (ad)

Rest of Setup time 0.306090s

Executing docking runs, stopping automatically after either reaching 0.15 kcal/mol standard deviation of
the best molecules of the last 4 * 5 generations, 42000 generations, or 2068966 evaluations:

Generations |  Evaluations |     Threshold    |  Average energy of best 10%  | Samples | Best Inter + Intra
------------+--------------+------------------+------------------------------+---------+-------------------
          0 |          150 |   -1.35 kcal/mol |   -2.11 +/-    0.21 kcal/mol |       4 |   -2.39 kcal/mol
          5 |       122758 |   -1.32 kcal/mol |   -4.57 +/-    1.62 kcal/mol |     896 |  -10.67 kcal/mol
         10 |       243792 |   -4.54 kcal/mol |   -9.37 +/-    1.07 kcal/mol |      38 |  -11.27 kcal/mol
         15 |       368425 |   -8.94 kcal/mol |  -11.34 +/-    0.25 kcal/mol |       4 |  -11.73 kcal/mol
         20 |       494207 |  -10.41 kcal/mol |  -11.50 +/-    0.35 kcal/mol |       7 |  -11.96 kcal/mol
         25 |       621520 |  -10.74 kcal/mol |  -11.91 +/-    0.19 kcal/mol |       4 |  -12.21 kcal/mol
         30 |       750989 |  -11.20 kcal/mol |  -11.87 +/-    0.20 kcal/mol |      13 |  -12.21 kcal/mol
         35 |       878366 |  -11.64 kcal/mol |  -11.89 +/-    0.16 kcal/mol |       9 |  -12.21 kcal/mol
         40 |      1004608 |  -11.63 kcal/mol |  -11.87 +/-    0.16 kcal/mol |      14 |  -12.21 kcal/mol
         45 |      1129589 |  -11.71 kcal/mol |  -11.95 +/-    0.14 kcal/mol |       9 |  -12.21 kcal/mol
         50 |      1251279 |  -11.71 kcal/mol |  -11.92 +/-    0.13 kcal/mol |      14 |  -12.21 kcal/mol
------------+--------------+------------------+------------------------------+---------+-------------------

                                   Finished evaluation after reaching
                                  -11.91 +/-    0.15 kcal/mol combined.
                             46 samples, best inter + intra   -12.21 kcal/mol.


Shutdown time 0.000659s

Job #2 took 0.757 sec after waiting 0.032 sec for setup

(Thread 0 is processing Job #2)
(Thread 0 is setting up Job #3)

Running Job #3:
    Device: NVIDIA A100-SXM4-40GB
    Grid map file: ./protein.maps.fld
    Ligand file: ./ligand_3_3.pdbqt
    Output file: docking_result_3.dlg (+ xml)
    Using heuristics: (capped) number of evaluations set to 2068966
    Local-search chosen method is: ADADELTA (ad)

Rest of Setup time 0.301035s

Executing docking runs, stopping automatically after either reaching 0.15 kcal/mol standard deviation of
the best molecules of the last 4 * 5 generations, 42000 generations, or 2068966 evaluations:

Generations |  Evaluations |     Threshold    |  Average energy of best 10%  | Samples | Best Inter + Intra
------------+--------------+------------------+------------------------------+---------+-------------------
          0 |          150 |   -2.43 kcal/mol |   -2.85 +/-    0.11 kcal/mol |       4 |   -2.98 kcal/mol
          5 |       120265 |   -2.43 kcal/mol |   -4.96 +/-    1.51 kcal/mol |     759 |  -11.71 kcal/mol
         10 |       238785 |   -4.93 kcal/mol |   -9.10 +/-    1.06 kcal/mol |      34 |  -11.84 kcal/mol
         15 |       357920 |   -8.63 kcal/mol |  -11.83 +/-    0.48 kcal/mol |       8 |  -12.51 kcal/mol
         20 |       480350 |  -10.94 kcal/mol |  -12.34 +/-    0.29 kcal/mol |       4 |  -12.52 kcal/mol
         25 |       603229 |  -11.26 kcal/mol |  -12.26 +/-    0.30 kcal/mol |       7 |  -12.52 kcal/mol
         30 |       726696 |  -11.62 kcal/mol |  -12.51 +/-    0.04 kcal/mol |       4 |  -12.57 kcal/mol
         35 |       850717 |  -11.95 kcal/mol |  -12.68 +/-    0.13 kcal/mol |       4 |  -12.81 kcal/mol
         40 |       976324 |  -12.20 kcal/mol |  -12.67 +/-    0.12 kcal/mol |       4 |  -12.81 kcal/mol
         45 |      1101610 |  -12.24 kcal/mol |  -12.70 +/-    0.12 kcal/mol |       4 |  -12.81 kcal/mol
         50 |      1225032 |  -12.23 kcal/mol |  -12.64 +/-    0.14 kcal/mol |       5 |  -12.81 kcal/mol
         55 |      1351309 |  -12.23 kcal/mol |  -12.73 +/-    0.12 kcal/mol |       4 |  -12.81 kcal/mol
------------+--------------+------------------+------------------------------+---------+-------------------

                                   Finished evaluation after reaching
                                  -12.68 +/-    0.13 kcal/mol combined.
                             17 samples, best inter + intra   -12.81 kcal/mol.


Shutdown time 0.000621s

Job #3 took 0.817 sec after waiting 0.034 sec for setup

(Thread 0 is processing Job #3)
Run time of entire job set (3 files): 6.913 sec
Savings from multithreading: -0.001 sec
Idle time of execution thread: 4.563 sec

All jobs (3) ran without errors.
