AutoDock-GPU version: v1.6-7-ga46ab564d2ac5f1a1523f65239b43505a1c29364-dirty

Using 1 OpenMP threads

Running 3 docking calculations

Cuda device:                              NVIDIA A100-SXM4-40GB
Available memory on device:               39916 MB (total: 40339 MB)

CUDA Setup time 0.238340s
(Thread 0 is setting up Job #1)

Running Job #1:
    Device: NVIDIA A100-SXM4-40GB
    Grid map file: ./protein.maps.fld
    Ligand file: ./ligand_1_1.pdbqt
    Output file: docking_result_1.dlg (+ xml)
    Using heuristics: (capped) number of evaluations set to 2280181
    Local-search chosen method is: ADADELTA (ad)

Rest of Setup time 0.307957s

Executing docking runs, stopping automatically after either reaching 0.15 kcal/mol standard deviation of
the best molecules of the last 4 * 5 generations, 42000 generations, or 2280181 evaluations:

Generations |  Evaluations |     Threshold    |  Average energy of best 10%  | Samples | Best Inter + Intra
------------+--------------+------------------+------------------------------+---------+-------------------
          0 |          150 |   -1.70 kcal/mol |   -3.19 +/-    0.43 kcal/mol |       4 |   -3.80 kcal/mol
          5 |       119768 |   -1.57 kcal/mol |   -6.05 +/-    1.91 kcal/mol |     987 |  -14.84 kcal/mol
         10 |       240807 |   -6.02 kcal/mol |  -11.25 +/-    1.42 kcal/mol |      50 |  -15.94 kcal/mol
         15 |       364312 |  -10.83 kcal/mol |  -14.49 +/-    0.71 kcal/mol |       7 |  -15.95 kcal/mol
         20 |       489430 |  -12.97 kcal/mol |  -15.04 +/-    0.58 kcal/mol |       5 |  -16.12 kcal/mol
         25 |       614593 |  -13.30 kcal/mol |  -15.02 +/-    0.56 kcal/mol |       6 |  -16.12 kcal/mol
         30 |       743560 |  -13.62 kcal/mol |  -15.28 +/-    0.50 kcal/mol |       5 |  -16.12 kcal/mol
         35 |       871545 |  -13.77 kcal/mol |  -15.28 +/-    0.54 kcal/mol |       4 |  -16.12 kcal/mol
         40 |      1000552 |  -13.27 kcal/mol |  -14.91 +/-    0.37 kcal/mol |      16 |  -16.12 kcal/mol
         45 |      1126893 |  -14.57 kcal/mol |  -15.90 +/-    0.29 kcal/mol |       5 |  -16.13 kcal/mol
         50 |      1256731 |  -15.01 kcal/mol |  -15.43 +/-    0.41 kcal/mol |       4 |  -16.13 kcal/mol
         55 |      1387761 |  -13.88 kcal/mol |  -15.05 +/-    0.37 kcal/mol |      12 |  -16.13 kcal/mol
         60 |      1516904 |  -14.59 kcal/mol |  -15.82 +/-    0.27 kcal/mol |       5 |  -16.18 kcal/mol
         65 |      1647749 |  -15.00 kcal/mol |  -15.66 +/-    0.32 kcal/mol |       4 |  -16.19 kcal/mol
         70 |      1777716 |  -14.46 kcal/mol |  -15.44 +/-    0.45 kcal/mol |       4 |  -16.19 kcal/mol
         75 |      1905654 |  -13.75 kcal/mol |  -15.17 +/-    0.50 kcal/mol |      12 |  -16.19 kcal/mol
         80 |      2033853 |  -14.54 kcal/mol |  -15.89 +/-    0.29 kcal/mol |       4 |  -16.19 kcal/mol
         85 |      2162247 |  -14.81 kcal/mol |  -15.73 +/-    0.26 kcal/mol |       4 |  -16.19 kcal/mol
         90 |      2289597 |  -14.74 kcal/mol |  -15.78 +/-    0.27 kcal/mol |      10 |  -16.21 kcal/mol
------------+--------------+------------------+------------------------------+---------+-------------------

                                   Finished evaluation after reaching
                       2289597 evaluations. Best inter + intra   -16.21 kcal/mol.


Shutdown time 0.000690s

Job #1 took 1.431 sec after waiting 4.522 sec for setup

(Thread 0 is processing Job #1)
(Thread 0 is setting up Job #2)

Running Job #2:
    Device: NVIDIA A100-SXM4-40GB
    Grid map file: ./protein.maps.fld
    Ligand file: ./ligand_2_2.pdbqt
    Output file: docking_result_2.dlg (+ xml)
    Using heuristics: (capped) number of evaluations set to 2068966
    Local-search chosen method is: ADADELTA (ad)

Rest of Setup time 0.307775s

Executing docking runs, stopping automatically after either reaching 0.15 kcal/mol standard deviation of
the best molecules of the last 4 * 5 generations, 42000 generations, or 2068966 evaluations:

Generations |  Evaluations |     Threshold    |  Average energy of best 10%  | Samples | Best Inter + Intra
------------+--------------+------------------+------------------------------+---------+-------------------
          0 |          150 |   -1.96 kcal/mol |   -2.75 +/-    0.21 kcal/mol |       4 |   -2.99 kcal/mol
          5 |       114941 |   -1.96 kcal/mol |   -5.57 +/-    1.69 kcal/mol |     863 |  -11.12 kcal/mol
         10 |       225082 |   -5.54 kcal/mol |  -10.59 +/-    1.39 kcal/mol |      44 |  -13.96 kcal/mol
         15 |       340136 |  -10.11 kcal/mol |  -13.66 +/-    0.45 kcal/mol |       5 |  -14.56 kcal/mol
         20 |       457937 |  -12.31 kcal/mol |  -14.11 +/-    0.54 kcal/mol |       5 |  -14.74 kcal/mol
         25 |       576497 |  -12.49 kcal/mol |  -13.43 +/-    0.82 kcal/mol |       4 |  -14.76 kcal/mol
         30 |       697691 |  -10.36 kcal/mol |  -13.09 +/-    0.83 kcal/mol |      12 |  -14.76 kcal/mol
         35 |       818967 |  -12.05 kcal/mol |  -14.56 +/-    0.38 kcal/mol |       8 |  -14.97 kcal/mol
         40 |       940362 |  -13.84 kcal/mol |  -14.86 +/-    0.35 kcal/mol |       4 |  -15.14 kcal/mol
         45 |      1062231 |  -13.55 kcal/mol |  -14.76 +/-    0.29 kcal/mol |       8 |  -15.14 kcal/mol
         50 |      1183834 |  -14.22 kcal/mol |  -14.93 +/-    0.14 kcal/mol |       4 |  -15.14 kcal/mol
         55 |      1307513 |  -14.42 kcal/mol |  -15.14 +/-    0.12 kcal/mol |       7 |  -15.27 kcal/mol
         60 |      1430603 |  -14.89 kcal/mol |  -15.08 +/-    0.17 kcal/mol |       4 |  -15.27 kcal/mol
         65 |      1556738 |  -14.45 kcal/mol |  -15.15 +/-    0.15 kcal/mol |       6 |  -15.27 kcal/mol
         70 |      1680306 |  -14.78 kcal/mol |  -15.23 +/-    0.06 kcal/mol |       5 |  -15.27 kcal/mol
------------+--------------+------------------+------------------------------+---------+-------------------

                                   Finished evaluation after reaching
                                  -15.15 +/-    0.14 kcal/mol combined.
                             22 samples, best inter + intra   -15.27 kcal/mol.


Shutdown time 0.000636s

Job #2 took 1.100 sec after waiting 0.055 sec for setup

(Thread 0 is processing Job #2)
(Thread 0 is setting up Job #3)

Running Job #3:
    Device: NVIDIA A100-SXM4-40GB
    Grid map file: ./protein.maps.fld
    Ligand file: ./ligand_3_3.pdbqt
    Output file: docking_result_3.dlg (+ xml)
    Using heuristics: (capped) number of evaluations set to 2845257
    Overriding heuristics, setting number of evaluations to --nev = 2500000 instead.
    Local-search chosen method is: ADADELTA (ad)

Rest of Setup time 0.304461s

Executing docking runs, stopping automatically after either reaching 0.15 kcal/mol standard deviation of
the best molecules of the last 4 * 5 generations, 42000 generations, or 2500000 evaluations:

Generations |  Evaluations |     Threshold    |  Average energy of best 10%  | Samples | Best Inter + Intra
------------+--------------+------------------+------------------------------+---------+-------------------
          0 |          150 |   -3.04 kcal/mol |   -3.75 +/-    0.22 kcal/mol |       5 |   -4.08 kcal/mol
          5 |       118766 |   -3.08 kcal/mol |   -6.98 +/-    1.95 kcal/mol |     928 |  -15.15 kcal/mol
         10 |       235837 |   -6.95 kcal/mol |  -12.35 +/-    1.32 kcal/mol |      41 |  -16.04 kcal/mol
         15 |       357910 |  -11.87 kcal/mol |  -15.40 +/-    1.00 kcal/mol |       4 |  -16.42 kcal/mol
         20 |       485883 |  -11.65 kcal/mol |  -14.43 +/-    0.67 kcal/mol |      14 |  -16.61 kcal/mol
         25 |       610403 |  -13.71 kcal/mol |  -16.01 +/-    0.60 kcal/mol |       4 |  -16.61 kcal/mol
         30 |       733956 |  -13.78 kcal/mol |  -15.59 +/-    0.65 kcal/mol |       8 |  -16.61 kcal/mol
         35 |       861476 |  -14.37 kcal/mol |  -16.17 +/-    0.44 kcal/mol |       4 |  -16.61 kcal/mol
         40 |       988456 |  -14.52 kcal/mol |  -15.90 +/-    0.38 kcal/mol |       9 |  -16.61 kcal/mol
         45 |      1113896 |  -15.26 kcal/mol |  -15.99 +/-    0.31 kcal/mol |       5 |  -16.61 kcal/mol
         50 |      1241631 |  -15.05 kcal/mol |  -15.97 +/-    0.26 kcal/mol |       7 |  -16.61 kcal/mol
         55 |      1370334 |  -15.41 kcal/mol |  -16.27 +/-    0.31 kcal/mol |       4 |  -16.61 kcal/mol
         60 |      1495492 |  -15.11 kcal/mol |  -16.03 +/-    0.25 kcal/mol |       7 |  -16.61 kcal/mol
         65 |      1626145 |  -15.51 kcal/mol |  -16.17 +/-    0.25 kcal/mol |       4 |  -16.61 kcal/mol
         70 |      1755615 |  -15.23 kcal/mol |  -16.17 +/-    0.28 kcal/mol |       6 |  -16.61 kcal/mol
         75 |      1884871 |  -15.48 kcal/mol |  -16.07 +/-    0.23 kcal/mol |       7 |  -16.61 kcal/mol
         80 |      2013490 |  -15.57 kcal/mol |  -16.10 +/-    0.22 kcal/mol |       8 |  -16.61 kcal/mol
         85 |      2143281 |  -15.68 kcal/mol |  -16.09 +/-    0.24 kcal/mol |      15 |  -16.63 kcal/mol
         90 |      2273838 |  -15.85 kcal/mol |  -16.54 +/-    0.15 kcal/mol |       4 |  -16.63 kcal/mol
         95 |      2404940 |  -15.96 kcal/mol |  -16.26 +/-    0.17 kcal/mol |       9 |  -16.63 kcal/mol
         99 |      2510752 |  -15.97 kcal/mol |  -16.32 +/-    0.19 kcal/mol |      18 |  -16.63 kcal/mol
------------+--------------+------------------+------------------------------+---------+-------------------

                                   Finished evaluation after reaching
                       2510752 evaluations. Best inter + intra   -16.63 kcal/mol.


Shutdown time 0.000686s

Job #3 took 1.699 sec after waiting 0.049 sec for setup

(Thread 0 is processing Job #3)
Run time of entire job set (3 files): 8.921 sec
Savings from multithreading: -0.000 sec
Idle time of execution thread: 4.691 sec

All jobs (3) ran without errors.
