AutoDock-GPU version: v1.6-7-ga46ab564d2ac5f1a1523f65239b43505a1c29364-dirty

Using 1 OpenMP threads

Running 2 docking calculations

Cuda device:                              NVIDIA A100-SXM4-40GB
Available memory on device:               39916 MB (total: 40339 MB)

CUDA Setup time 0.230472s
(Thread 0 is setting up Job #1)

Running Job #1:
    Device: NVIDIA A100-SXM4-40GB
    Grid map file: ./protein.maps.fld
    Ligand file: ./ligand_1_1.pdbqt
    Output file: docking_result_1.dlg (+ xml)
    Using heuristics: (capped) number of evaluations set to 2068966
    Local-search chosen method is: ADADELTA (ad)

Rest of Setup time 0.310356s

Executing docking runs, stopping automatically after either reaching 0.15 kcal/mol standard deviation of
the best molecules of the last 4 * 5 generations, 42000 generations, or 2068966 evaluations:

Generations |  Evaluations |     Threshold    |  Average energy of best 10%  | Samples | Best Inter + Intra
------------+--------------+------------------+------------------------------+---------+-------------------
          0 |          150 |   -1.90 kcal/mol |   -2.89 +/-    0.38 kcal/mol |       4 |   -3.53 kcal/mol
          5 |       117078 |   -1.45 kcal/mol |   -5.76 +/-    1.87 kcal/mol |     989 |  -14.36 kcal/mol
         10 |       229903 |   -5.73 kcal/mol |  -10.97 +/-    1.42 kcal/mol |      37 |  -14.40 kcal/mol
         15 |       345937 |  -10.40 kcal/mol |  -14.18 +/-    0.25 kcal/mol |       7 |  -14.46 kcal/mol
         20 |       464402 |  -13.64 kcal/mol |  -14.28 +/-    0.16 kcal/mol |       4 |  -14.46 kcal/mol
         25 |       583099 |  -13.67 kcal/mol |  -14.31 +/-    0.19 kcal/mol |       4 |  -14.46 kcal/mol
         30 |       704060 |  -13.60 kcal/mol |  -14.42 +/-    0.03 kcal/mol |       4 |  -14.46 kcal/mol
         35 |       822732 |  -13.85 kcal/mol |  -14.29 +/-    0.23 kcal/mol |       4 |  -14.46 kcal/mol
         40 |       940145 |  -13.45 kcal/mol |  -14.22 +/-    0.25 kcal/mol |       5 |  -14.46 kcal/mol
         45 |      1059245 |  -13.45 kcal/mol |  -14.26 +/-    0.22 kcal/mol |       4 |  -14.46 kcal/mol
         50 |      1180897 |  -13.45 kcal/mol |  -14.26 +/-    0.21 kcal/mol |      11 |  -14.68 kcal/mol
         55 |      1302700 |  -13.98 kcal/mol |  -14.60 +/-    0.15 kcal/mol |       6 |  -14.79 kcal/mol
         60 |      1422205 |  -14.23 kcal/mol |  -14.48 +/-    0.18 kcal/mol |       7 |  -14.79 kcal/mol
         65 |      1542626 |  -14.09 kcal/mol |  -14.53 +/-    0.17 kcal/mol |       5 |  -14.79 kcal/mol
         70 |      1661103 |  -14.01 kcal/mol |  -14.62 +/-    0.18 kcal/mol |       5 |  -14.79 kcal/mol
         75 |      1778741 |  -14.09 kcal/mol |  -14.63 +/-    0.19 kcal/mol |       5 |  -14.84 kcal/mol
         80 |      1899156 |  -14.07 kcal/mol |  -14.82 +/-    0.21 kcal/mol |       8 |  -15.00 kcal/mol
         85 |      2016035 |  -14.43 kcal/mol |  -14.81 +/-    0.19 kcal/mol |       4 |  -15.00 kcal/mol
         88 |      2087502 |  -14.11 kcal/mol |  -14.70 +/-    0.18 kcal/mol |      12 |  -15.00 kcal/mol
------------+--------------+------------------+------------------------------+---------+-------------------

                                   Finished evaluation after reaching
                       2087502 evaluations. Best inter + intra   -15.00 kcal/mol.


Shutdown time 0.000744s

Job #1 took 1.306 sec after waiting 4.458 sec for setup

(Thread 0 is processing Job #1)
(Thread 0 is setting up Job #2)

Running Job #2:
    Device: NVIDIA A100-SXM4-40GB
    Grid map file: ./protein.maps.fld
    Ligand file: ./ligand_2_2.pdbqt
    Output file: docking_result_2.dlg (+ xml)
    Using heuristics: (capped) number of evaluations set to 2280181
    Local-search chosen method is: ADADELTA (ad)

Rest of Setup time 0.306696s

Executing docking runs, stopping automatically after either reaching 0.15 kcal/mol standard deviation of
the best molecules of the last 4 * 5 generations, 42000 generations, or 2280181 evaluations:

Generations |  Evaluations |     Threshold    |  Average energy of best 10%  | Samples | Best Inter + Intra
------------+--------------+------------------+------------------------------+---------+-------------------
          0 |          150 |   -1.08 kcal/mol |   -2.62 +/-    0.50 kcal/mol |       9 |   -3.89 kcal/mol
          5 |       118423 |   -1.78 kcal/mol |   -6.13 +/-    1.93 kcal/mol |     917 |  -16.19 kcal/mol
         10 |       234503 |   -6.10 kcal/mol |  -11.66 +/-    1.58 kcal/mol |      25 |  -16.19 kcal/mol
         15 |       353945 |  -10.72 kcal/mol |  -15.55 +/-    0.90 kcal/mol |       4 |  -16.19 kcal/mol
         20 |       480286 |  -12.18 kcal/mol |  -15.29 +/-    0.84 kcal/mol |       4 |  -16.19 kcal/mol
         25 |       606599 |  -12.14 kcal/mol |  -15.13 +/-    0.81 kcal/mol |       7 |  -16.19 kcal/mol
         30 |       733489 |  -13.40 kcal/mol |  -16.01 +/-    0.28 kcal/mol |       4 |  -16.19 kcal/mol
         35 |       859060 |  -14.95 kcal/mol |  -15.70 +/-    0.42 kcal/mol |       5 |  -16.19 kcal/mol
         40 |       986227 |  -14.45 kcal/mol |  -15.68 +/-    0.60 kcal/mol |       4 |  -16.19 kcal/mol
         45 |      1110913 |  -13.42 kcal/mol |  -15.71 +/-    0.47 kcal/mol |       6 |  -16.24 kcal/mol
         50 |      1236011 |  -14.55 kcal/mol |  -15.59 +/-    0.41 kcal/mol |       4 |  -16.24 kcal/mol
         55 |      1361819 |  -14.07 kcal/mol |  -15.97 +/-    0.33 kcal/mol |       5 |  -16.43 kcal/mol
         60 |      1484042 |  -14.97 kcal/mol |  -16.20 +/-    0.17 kcal/mol |       4 |  -16.43 kcal/mol
         65 |      1609658 |  -15.55 kcal/mol |  -16.01 +/-    0.41 kcal/mol |       2 |  -16.43 kcal/mol
         70 |      1735952 |  -12.92 kcal/mol |  -14.83 +/-    0.75 kcal/mol |      21 |  -16.43 kcal/mol
         75 |      1862760 |  -14.29 kcal/mol |  -15.78 +/-    0.37 kcal/mol |       4 |  -16.43 kcal/mol
         80 |      1990334 |  -14.39 kcal/mol |  -15.61 +/-    0.36 kcal/mol |       7 |  -16.43 kcal/mol
         85 |      2118982 |  -14.84 kcal/mol |  -15.87 +/-    0.35 kcal/mol |       5 |  -16.43 kcal/mol
         90 |      2247231 |  -14.81 kcal/mol |  -15.97 +/-    0.43 kcal/mol |       9 |  -16.50 kcal/mol
         92 |      2298609 |  -15.26 kcal/mol |  -16.02 +/-    0.44 kcal/mol |      10 |  -16.50 kcal/mol
------------+--------------+------------------+------------------------------+---------+-------------------

                                   Finished evaluation after reaching
                       2298609 evaluations. Best inter + intra   -16.50 kcal/mol.


Shutdown time 0.000693s

Job #2 took 1.403 sec after waiting 0.051 sec for setup

(Thread 0 is processing Job #2)
Run time of entire job set (2 files): 7.271 sec
Savings from multithreading: -0.000 sec
Idle time of execution thread: 4.562 sec

All jobs (2) ran without errors.
