AutoDock-GPU version: v1.6-7-ga46ab564d2ac5f1a1523f65239b43505a1c29364-dirty

Using 1 OpenMP threads

Running 3 docking calculations

Cuda device:                              NVIDIA A100-SXM4-40GB
Available memory on device:               39916 MB (total: 40339 MB)

CUDA Setup time 0.232522s
(Thread 0 is setting up Job #1)

Running Job #1:
    Device: NVIDIA A100-SXM4-40GB
    Grid map file: ./protein.maps.fld
    Ligand file: ./ligand_1_1.pdbqt
    Output file: docking_result_1.dlg (+ xml)
    Using heuristics: (capped) number of evaluations set to 2068966
    Local-search chosen method is: ADADELTA (ad)

Rest of Setup time 0.306729s

Executing docking runs, stopping automatically after either reaching 0.15 kcal/mol standard deviation of
the best molecules of the last 4 * 5 generations, 42000 generations, or 2068966 evaluations:

Generations |  Evaluations |     Threshold    |  Average energy of best 10%  | Samples | Best Inter + Intra
------------+--------------+------------------+------------------------------+---------+-------------------
          0 |          150 |   -2.43 kcal/mol |   -2.85 +/-    0.11 kcal/mol |       4 |   -2.98 kcal/mol
          5 |       120360 |   -2.43 kcal/mol |   -4.96 +/-    1.51 kcal/mol |     761 |  -11.71 kcal/mol
         10 |       238585 |   -4.93 kcal/mol |   -9.12 +/-    1.11 kcal/mol |      32 |  -11.84 kcal/mol
         15 |       359416 |   -8.60 kcal/mol |  -11.70 +/-    0.36 kcal/mol |       9 |  -12.55 kcal/mol
         20 |       483131 |  -11.10 kcal/mol |  -12.29 +/-    0.33 kcal/mol |       4 |  -12.77 kcal/mol
         25 |       606705 |  -11.05 kcal/mol |  -12.35 +/-    0.40 kcal/mol |       7 |  -12.78 kcal/mol
         30 |       731407 |  -11.50 kcal/mol |  -12.71 +/-    0.15 kcal/mol |       7 |  -12.82 kcal/mol
         35 |       856976 |  -12.40 kcal/mol |  -12.74 +/-    0.08 kcal/mol |       7 |  -12.82 kcal/mol
         40 |       980120 |  -12.56 kcal/mol |  -12.77 +/-    0.06 kcal/mol |       6 |  -12.82 kcal/mol
         45 |      1103966 |  -12.39 kcal/mol |  -12.77 +/-    0.09 kcal/mol |       7 |  -12.82 kcal/mol
------------+--------------+------------------+------------------------------+---------+-------------------

                                   Finished evaluation after reaching
                                  -12.74 +/-    0.10 kcal/mol combined.
                             27 samples, best inter + intra   -12.82 kcal/mol.


Shutdown time 0.000682s

Job #1 took 0.743 sec after waiting 4.466 sec for setup

(Thread 0 is processing Job #1)
(Thread 0 is setting up Job #2)

Running Job #2:
    Device: NVIDIA A100-SXM4-40GB
    Grid map file: ./protein.maps.fld
    Ligand file: ./ligand_2_2.pdbqt
    Output file: docking_result_2.dlg (+ xml)
    Using heuristics: (capped) number of evaluations set to 2068966
    Local-search chosen method is: ADADELTA (ad)

Rest of Setup time 0.306261s

Executing docking runs, stopping automatically after either reaching 0.15 kcal/mol standard deviation of
the best molecules of the last 4 * 5 generations, 42000 generations, or 2068966 evaluations:

Generations |  Evaluations |     Threshold    |  Average energy of best 10%  | Samples | Best Inter + Intra
------------+--------------+------------------+------------------------------+---------+-------------------
          0 |          150 |   -0.92 kcal/mol |   -2.62 +/-    0.57 kcal/mol |       4 |   -3.35 kcal/mol
          5 |       119633 |   -0.49 kcal/mol |   -4.49 +/-    1.66 kcal/mol |     858 |  -11.48 kcal/mol
         10 |       234755 |   -4.46 kcal/mol |   -9.29 +/-    1.25 kcal/mol |      30 |  -12.66 kcal/mol
         15 |       355860 |   -8.66 kcal/mol |  -12.00 +/-    0.42 kcal/mol |       4 |  -12.66 kcal/mol
         20 |       477277 |  -10.41 kcal/mol |  -12.10 +/-    0.54 kcal/mol |       6 |  -12.66 kcal/mol
         25 |       598385 |  -10.75 kcal/mol |  -12.40 +/-    0.31 kcal/mol |       4 |  -12.66 kcal/mol
         30 |       718030 |  -11.24 kcal/mol |  -12.23 +/-    0.43 kcal/mol |       4 |  -12.66 kcal/mol
         35 |       837913 |  -10.61 kcal/mol |  -12.05 +/-    0.39 kcal/mol |      11 |  -12.66 kcal/mol
         40 |       958699 |  -11.52 kcal/mol |  -12.51 +/-    0.15 kcal/mol |       5 |  -12.66 kcal/mol
         45 |      1079378 |  -12.06 kcal/mol |  -12.66 +/-    0.21 kcal/mol |      10 |  -13.25 kcal/mol
         50 |      1196994 |  -12.35 kcal/mol |  -12.69 +/-    0.26 kcal/mol |      12 |  -13.25 kcal/mol
         55 |      1317007 |  -12.36 kcal/mol |  -12.82 +/-    0.27 kcal/mol |       7 |  -13.25 kcal/mol
         60 |      1438484 |  -12.24 kcal/mol |  -13.21 +/-    0.08 kcal/mol |       4 |  -13.29 kcal/mol
         65 |      1563367 |  -12.92 kcal/mol |  -13.17 +/-    0.09 kcal/mol |       3 |  -13.29 kcal/mol
         70 |      1684224 |  -12.73 kcal/mol |  -13.12 +/-    0.16 kcal/mol |       4 |  -13.29 kcal/mol
         75 |      1805728 |  -12.52 kcal/mol |  -13.12 +/-    0.26 kcal/mol |       4 |  -13.29 kcal/mol
         80 |      1929022 |  -12.15 kcal/mol |  -13.19 +/-    0.30 kcal/mol |       4 |  -13.40 kcal/mol
         85 |      2053207 |  -12.07 kcal/mol |  -13.18 +/-    0.31 kcal/mol |       8 |  -13.41 kcal/mol
         86 |      2077430 |  -12.60 kcal/mol |  -13.20 +/-    0.26 kcal/mol |      12 |  -13.41 kcal/mol
------------+--------------+------------------+------------------------------+---------+-------------------

                                   Finished evaluation after reaching
                       2077430 evaluations. Best inter + intra   -13.41 kcal/mol.


Shutdown time 0.000629s

Job #2 took 1.102 sec after waiting 0.037 sec for setup

(Thread 0 is processing Job #2)
(Thread 0 is setting up Job #3)

Running Job #3:
    Device: NVIDIA A100-SXM4-40GB
    Grid map file: ./protein.maps.fld
    Ligand file: ./ligand_3_3.pdbqt
    Output file: docking_result_3.dlg (+ xml)
    Using heuristics: (capped) number of evaluations set to 7266276
    Overriding heuristics, setting number of evaluations to --nev = 2500000 instead.
    Warning: The set number of evals is 13.57% of the uncapped heuristics estimate of 18420020 evals.
             This means this docking may not be able to converge. Increasing --heurmax may improve
             convergence but will also increase runtime.
             AutoStop will not stop before 66.37% (1659273) of the set number of evaluations.
    Local-search chosen method is: ADADELTA (ad)

Rest of Setup time 0.302001s

Executing docking runs, stopping automatically after either reaching 0.15 kcal/mol standard deviation of
the best molecules of the last 4 * 5 generations, 42000 generations, or 2500000 evaluations:

Generations |  Evaluations |     Threshold    |  Average energy of best 10%  | Samples | Best Inter + Intra
------------+--------------+------------------+------------------------------+---------+-------------------
          0 |          150 |  307.36 kcal/mol |  169.83 +/-   57.40 kcal/mol |       4 |  103.71 kcal/mol
          5 |       114196 |  385.06 kcal/mol |   12.53 +/-   34.26 kcal/mol |    1109 |  -10.29 kcal/mol
         10 |       220353 |   12.99 kcal/mol |  -10.68 +/-    0.13 kcal/mol |       4 |  -10.83 kcal/mol
         15 |       330457 |  -10.20 kcal/mol |  -10.95 +/-    0.42 kcal/mol |       5 |  -11.76 kcal/mol
         20 |       443182 |   -9.68 kcal/mol |  -11.19 +/-    0.44 kcal/mol |       7 |  -11.76 kcal/mol
         25 |       553552 |  -10.26 kcal/mol |  -11.72 +/-    0.16 kcal/mol |       5 |  -11.89 kcal/mol
         30 |       664316 |  -11.25 kcal/mol |  -11.97 +/-    0.40 kcal/mol |       5 |  -12.74 kcal/mol
         35 |       771142 |  -10.77 kcal/mol |  -12.25 +/-    0.57 kcal/mol |       5 |  -13.12 kcal/mol
         40 |       877495 |  -10.54 kcal/mol |  -12.15 +/-    0.52 kcal/mol |       7 |  -13.12 kcal/mol
         45 |       981444 |  -11.04 kcal/mol |  -12.67 +/-    0.37 kcal/mol |       4 |  -13.12 kcal/mol
         50 |      1085426 |  -11.28 kcal/mol |  -12.44 +/-    0.59 kcal/mol |       4 |  -13.12 kcal/mol
         55 |      1189744 |  -10.24 kcal/mol |  -12.05 +/-    0.51 kcal/mol |      12 |  -13.12 kcal/mol
         60 |      1290230 |  -11.42 kcal/mol |  -12.95 +/-    0.19 kcal/mol |       5 |  -13.19 kcal/mol
         65 |      1388494 |  -12.39 kcal/mol |  -13.13 +/-    0.13 kcal/mol |       5 |  -13.30 kcal/mol
         70 |      1486809 |  -12.75 kcal/mol |  -13.38 +/-    0.21 kcal/mol |       5 |  -13.63 kcal/mol
         75 |      1581725 |  -12.74 kcal/mol |  -13.42 +/-    0.48 kcal/mol |       4 |  -14.22 kcal/mol
         80 |      1675063 |  -11.60 kcal/mol |  -13.45 +/-    0.55 kcal/mol |      11 |  -14.53 kcal/mol
         85 |      1769422 |  -12.70 kcal/mol |  -14.16 +/-    0.26 kcal/mol |       4 |  -14.56 kcal/mol
         90 |      1862392 |  -13.19 kcal/mol |  -14.25 +/-    0.31 kcal/mol |       8 |  -14.56 kcal/mol
         95 |      1956408 |  -13.67 kcal/mol |  -14.56 +/-    0.56 kcal/mol |       3 |  -15.25 kcal/mol
        100 |      2048353 |  -11.74 kcal/mol |  -13.58 +/-    0.74 kcal/mol |      10 |  -15.25 kcal/mol
        105 |      2137534 |  -12.47 kcal/mol |  -14.29 +/-    0.68 kcal/mol |       4 |  -15.25 kcal/mol
        110 |      2226264 |  -11.75 kcal/mol |  -14.05 +/-    0.71 kcal/mol |       7 |  -15.27 kcal/mol
        115 |      2314666 |  -12.53 kcal/mol |  -14.73 +/-    0.57 kcal/mol |       4 |  -15.27 kcal/mol
        120 |      2401421 |  -12.58 kcal/mol |  -14.62 +/-    0.51 kcal/mol |       6 |  -15.27 kcal/mol
        125 |      2486139 |  -13.35 kcal/mol |  -14.30 +/-    0.68 kcal/mol |       4 |  -15.27 kcal/mol
        126 |      2503079 |  -11.76 kcal/mol |  -13.91 +/-    0.77 kcal/mol |      12 |  -15.27 kcal/mol
------------+--------------+------------------+------------------------------+---------+-------------------

                                   Finished evaluation after reaching
                       2503079 evaluations. Best inter + intra   -15.27 kcal/mol.


Shutdown time 0.000681s

Job #3 took 1.880 sec after waiting 0.036 sec for setup

(Thread 0 is processing Job #3)
Run time of entire job set (3 files): 8.331 sec
Savings from multithreading: -0.000 sec
Idle time of execution thread: 4.606 sec

All jobs (3) ran without errors.
