AutoDock-GPU version: v1.6-7-ga46ab564d2ac5f1a1523f65239b43505a1c29364-dirty

Using 1 OpenMP threads

Running 3 docking calculations

Cuda device:                              NVIDIA A100-SXM4-40GB
Available memory on device:               39916 MB (total: 40339 MB)

CUDA Setup time 0.235572s
(Thread 0 is setting up Job #1)

Running Job #1:
    Device: NVIDIA A100-SXM4-40GB
    Grid map file: ./protein.maps.fld
    Ligand file: ./ligand_1_1.pdbqt
    Output file: docking_result_1.dlg (+ xml)
    Using heuristics: (capped) number of evaluations set to 7973093
    Overriding heuristics, setting number of evaluations to --nev = 2500000 instead.
    Warning: The set number of evals is 10.52% of the uncapped heuristics estimate of 23759450 evals.
             This means this docking may not be able to converge. Increasing --heurmax may improve
             convergence but will also increase runtime.
             AutoStop will not stop before 76.79% (1919714) of the set number of evaluations.
    Local-search chosen method is: ADADELTA (ad)

Rest of Setup time 0.306719s

Executing docking runs, stopping automatically after either reaching 0.15 kcal/mol standard deviation of
the best molecules of the last 4 * 5 generations, 42000 generations, or 2500000 evaluations:

Generations |  Evaluations |     Threshold    |  Average energy of best 10%  | Samples | Best Inter + Intra
------------+--------------+------------------+------------------------------+---------+-------------------
          0 |          150 |  255.61 kcal/mol |  174.73 +/-   26.96 kcal/mol |       5 |  130.06 kcal/mol
          5 |       114688 |  255.61 kcal/mol |    8.74 +/-   24.95 kcal/mol |    1100 |  -11.11 kcal/mol
         10 |       220414 |    9.08 kcal/mol |  -12.05 +/-    1.03 kcal/mol |       4 |  -13.76 kcal/mol
         15 |       327671 |   -8.20 kcal/mol |  -11.93 +/-    1.07 kcal/mol |      13 |  -14.20 kcal/mol
         20 |       437141 |  -10.70 kcal/mol |  -12.83 +/-    0.81 kcal/mol |       5 |  -14.20 kcal/mol
         25 |       543558 |  -10.41 kcal/mol |  -12.98 +/-    0.84 kcal/mol |       6 |  -14.20 kcal/mol
         30 |       650709 |  -10.88 kcal/mol |  -13.79 +/-    0.36 kcal/mol |       5 |  -14.20 kcal/mol
         35 |       755633 |  -12.71 kcal/mol |  -14.26 +/-    0.41 kcal/mol |       4 |  -14.89 kcal/mol
         40 |       859491 |  -12.73 kcal/mol |  -14.17 +/-    0.41 kcal/mol |       5 |  -14.89 kcal/mol
         45 |       960614 |  -12.95 kcal/mol |  -14.30 +/-    0.51 kcal/mol |       4 |  -14.89 kcal/mol
         50 |      1060334 |  -12.40 kcal/mol |  -14.24 +/-    0.45 kcal/mol |       5 |  -14.89 kcal/mol
         55 |      1159241 |  -12.89 kcal/mol |  -14.30 +/-    0.34 kcal/mol |       8 |  -14.89 kcal/mol
         60 |      1255822 |  -13.67 kcal/mol |  -14.39 +/-    0.38 kcal/mol |       4 |  -14.89 kcal/mol
         65 |      1353047 |  -12.95 kcal/mol |  -14.29 +/-    0.40 kcal/mol |       5 |  -14.89 kcal/mol
         70 |      1450125 |  -13.07 kcal/mol |  -14.53 +/-    0.37 kcal/mol |       5 |  -14.96 kcal/mol
         75 |      1546677 |  -13.42 kcal/mol |  -14.75 +/-    0.31 kcal/mol |       4 |  -14.96 kcal/mol
         80 |      1642551 |  -13.57 kcal/mol |  -14.76 +/-    0.32 kcal/mol |       4 |  -14.96 kcal/mol
         85 |      1738598 |  -13.56 kcal/mol |  -14.50 +/-    0.33 kcal/mol |       8 |  -14.96 kcal/mol
         90 |      1831368 |  -13.88 kcal/mol |  -14.46 +/-    0.35 kcal/mol |       6 |  -14.96 kcal/mol
         95 |      1924116 |  -13.59 kcal/mol |  -14.94 +/-    0.15 kcal/mol |       7 |  -15.07 kcal/mol
        100 |      2016543 |  -14.62 kcal/mol |  -14.95 +/-    0.11 kcal/mol |       3 |  -15.07 kcal/mol
        105 |      2107947 |  -14.38 kcal/mol |  -15.06 +/-    0.06 kcal/mol |       3 |  -15.13 kcal/mol
        110 |      2199166 |  -14.31 kcal/mol |  -14.91 +/-    0.27 kcal/mol |       4 |  -15.13 kcal/mol
        115 |      2290202 |  -13.88 kcal/mol |  -14.98 +/-    0.27 kcal/mol |       4 |  -15.30 kcal/mol
        120 |      2376668 |  -13.97 kcal/mol |  -15.07 +/-    0.33 kcal/mol |       8 |  -15.54 kcal/mol
        125 |      2461238 |  -14.45 kcal/mol |  -15.09 +/-    0.29 kcal/mol |       4 |  -15.54 kcal/mol
        128 |      2510826 |  -13.99 kcal/mol |  -15.10 +/-    0.30 kcal/mol |      11 |  -15.54 kcal/mol
------------+--------------+------------------+------------------------------+---------+-------------------

                                   Finished evaluation after reaching
                       2510826 evaluations. Best inter + intra   -15.54 kcal/mol.


Shutdown time 0.000704s

Job #1 took 1.870 sec after waiting 4.522 sec for setup

(Thread 0 is processing Job #1)
(Thread 0 is setting up Job #2)

Running Job #2:
    Device: NVIDIA A100-SXM4-40GB
    Grid map file: ./protein.maps.fld
    Ligand file: ./ligand_2_2.pdbqt
    Output file: docking_result_2.dlg (+ xml)
    Using heuristics: (capped) number of evaluations set to 8617129
    Overriding heuristics, setting number of evaluations to --nev = 2500000 instead.
    Warning: The set number of evals is 8.18% of the uncapped heuristics estimate of 30567396 evals.
             This means this docking may not be able to converge. Increasing --heurmax may improve
             convergence but will also increase runtime.
             AutoStop will not stop before 84.62% (2115382) of the set number of evaluations.
    Local-search chosen method is: ADADELTA (ad)

Rest of Setup time 0.303479s

Executing docking runs, stopping automatically after either reaching 0.15 kcal/mol standard deviation of
the best molecules of the last 4 * 5 generations, 42000 generations, or 2500000 evaluations:

Generations |  Evaluations |     Threshold    |  Average energy of best 10%  | Samples | Best Inter + Intra
------------+--------------+------------------+------------------------------+---------+-------------------
          0 |          150 |  233.09 kcal/mol |  182.83 +/-   13.40 kcal/mol |       4 |  165.71 kcal/mol
          5 |       120166 |  233.09 kcal/mol |   12.06 +/-   30.24 kcal/mol |    1138 |   -9.84 kcal/mol
         10 |       234224 |   12.46 kcal/mol |  -10.34 +/-    0.53 kcal/mol |       7 |  -11.53 kcal/mol
         15 |       349917 |   -9.20 kcal/mol |  -11.19 +/-    0.53 kcal/mol |       8 |  -12.23 kcal/mol
         20 |       465726 |  -10.19 kcal/mol |  -12.00 +/-    0.78 kcal/mol |       4 |  -12.86 kcal/mol
         25 |       582049 |   -9.07 kcal/mol |  -11.62 +/-    0.84 kcal/mol |       6 |  -12.86 kcal/mol
         30 |       699332 |   -9.53 kcal/mol |  -13.12 +/-    0.51 kcal/mol |       5 |  -13.74 kcal/mol
         35 |       810508 |  -11.59 kcal/mol |  -13.24 +/-    0.50 kcal/mol |       4 |  -13.74 kcal/mol
         40 |       920116 |  -11.36 kcal/mol |  -13.48 +/-    0.74 kcal/mol |       4 |  -14.21 kcal/mol
         45 |      1028946 |  -10.72 kcal/mol |  -13.10 +/-    0.65 kcal/mol |       4 |  -14.21 kcal/mol
         50 |      1137381 |  -10.66 kcal/mol |  -13.03 +/-    0.60 kcal/mol |       5 |  -14.21 kcal/mol
         55 |      1244472 |  -11.24 kcal/mol |  -13.03 +/-    0.64 kcal/mol |       5 |  -14.30 kcal/mol
         60 |      1350584 |  -11.11 kcal/mol |  -13.32 +/-    0.70 kcal/mol |       4 |  -14.30 kcal/mol
         65 |      1453101 |  -10.69 kcal/mol |  -13.43 +/-    0.65 kcal/mol |       8 |  -14.30 kcal/mol
         70 |      1556118 |  -12.21 kcal/mol |  -14.21 +/-    0.33 kcal/mol |       7 |  -14.71 kcal/mol
         75 |      1657030 |  -13.51 kcal/mol |  -14.41 +/-    0.30 kcal/mol |       4 |  -14.71 kcal/mol
         80 |      1757752 |  -13.29 kcal/mol |  -14.40 +/-    0.27 kcal/mol |       5 |  -14.71 kcal/mol
         85 |      1857630 |  -13.59 kcal/mol |  -14.51 +/-    0.22 kcal/mol |       5 |  -14.71 kcal/mol
         90 |      1955051 |  -13.84 kcal/mol |  -14.71 +/-    0.01 kcal/mol |       4 |  -14.71 kcal/mol
         95 |      2054432 |  -14.15 kcal/mol |  -14.55 +/-    0.22 kcal/mol |       3 |  -14.71 kcal/mol
        100 |      2152163 |  -13.44 kcal/mol |  -14.49 +/-    0.26 kcal/mol |       6 |  -14.71 kcal/mol
        105 |      2247680 |  -13.83 kcal/mol |  -14.49 +/-    0.28 kcal/mol |       4 |  -14.71 kcal/mol
        110 |      2343719 |  -13.46 kcal/mol |  -14.54 +/-    0.26 kcal/mol |       5 |  -14.71 kcal/mol
        115 |      2440519 |  -13.75 kcal/mol |  -14.49 +/-    0.28 kcal/mol |       4 |  -14.71 kcal/mol
        119 |      2515536 |  -13.46 kcal/mol |  -14.56 +/-    0.23 kcal/mol |       7 |  -14.71 kcal/mol
------------+--------------+------------------+------------------------------+---------+-------------------

                                   Finished evaluation after reaching
                       2515536 evaluations. Best inter + intra   -14.71 kcal/mol.


Shutdown time 0.000683s

Job #2 took 1.777 sec after waiting 0.064 sec for setup

(Thread 0 is processing Job #2)
(Thread 0 is setting up Job #3)

Running Job #3:
    Device: NVIDIA A100-SXM4-40GB
    Grid map file: ./protein.maps.fld
    Ligand file: ./ligand_3_3.pdbqt
    Output file: docking_result_3.dlg (+ xml)
    Using heuristics: (capped) number of evaluations set to 7973093
    Overriding heuristics, setting number of evaluations to --nev = 2500000 instead.
    Warning: The set number of evals is 10.52% of the uncapped heuristics estimate of 23759450 evals.
             This means this docking may not be able to converge. Increasing --heurmax may improve
             convergence but will also increase runtime.
             AutoStop will not stop before 76.79% (1919714) of the set number of evaluations.
    Local-search chosen method is: ADADELTA (ad)

Rest of Setup time 0.302898s

Executing docking runs, stopping automatically after either reaching 0.15 kcal/mol standard deviation of
the best molecules of the last 4 * 5 generations, 42000 generations, or 2500000 evaluations:

Generations |  Evaluations |     Threshold    |  Average energy of best 10%  | Samples | Best Inter + Intra
------------+--------------+------------------+------------------------------+---------+-------------------
          0 |          150 |  231.50 kcal/mol |  141.70 +/-   28.93 kcal/mol |       5 |   88.05 kcal/mol
          5 |       114043 |  228.49 kcal/mol |   11.23 +/-   27.85 kcal/mol |    1054 |  -12.13 kcal/mol
         10 |       221383 |   11.62 kcal/mol |  -11.12 +/-    1.37 kcal/mol |       5 |  -13.84 kcal/mol
         15 |       329877 |   -7.00 kcal/mol |  -10.61 +/-    1.12 kcal/mol |      10 |  -13.84 kcal/mol
         20 |       441845 |   -8.93 kcal/mol |  -13.33 +/-    0.47 kcal/mol |       4 |  -13.84 kcal/mol
         25 |       550854 |  -11.58 kcal/mol |  -12.90 +/-    0.89 kcal/mol |       4 |  -13.84 kcal/mol
         30 |       657889 |   -9.58 kcal/mol |  -12.99 +/-    0.82 kcal/mol |       7 |  -13.84 kcal/mol
         35 |       763708 |  -11.24 kcal/mol |  -13.46 +/-    0.51 kcal/mol |       4 |  -13.84 kcal/mol
         40 |       869348 |  -11.56 kcal/mol |  -13.35 +/-    0.50 kcal/mol |       5 |  -13.84 kcal/mol
         45 |       971499 |  -11.85 kcal/mol |  -13.72 +/-    0.36 kcal/mol |       9 |  -14.35 kcal/mol
         50 |      1072874 |  -13.12 kcal/mol |  -13.90 +/-    0.26 kcal/mol |       4 |  -14.35 kcal/mol
         55 |      1171393 |  -12.91 kcal/mol |  -13.94 +/-    0.29 kcal/mol |       6 |  -14.35 kcal/mol
         60 |      1266637 |  -13.21 kcal/mol |  -13.88 +/-    0.23 kcal/mol |       6 |  -14.35 kcal/mol
         65 |      1361283 |  -13.30 kcal/mol |  -13.99 +/-    0.23 kcal/mol |       4 |  -14.35 kcal/mol
         70 |      1452223 |  -13.11 kcal/mol |  -14.02 +/-    0.25 kcal/mol |       4 |  -14.36 kcal/mol
         75 |      1543467 |  -13.08 kcal/mol |  -14.02 +/-    0.25 kcal/mol |       4 |  -14.36 kcal/mol
         80 |      1632827 |  -13.08 kcal/mol |  -13.97 +/-    0.25 kcal/mol |       5 |  -14.36 kcal/mol
         85 |      1722626 |  -13.21 kcal/mol |  -14.02 +/-    0.25 kcal/mol |       4 |  -14.36 kcal/mol
         90 |      1810356 |  -13.08 kcal/mol |  -14.02 +/-    0.25 kcal/mol |       4 |  -14.36 kcal/mol
         95 |      1897835 |  -13.08 kcal/mol |  -14.15 +/-    0.27 kcal/mol |      10 |  -14.53 kcal/mol
        100 |      1985923 |  -13.75 kcal/mol |  -14.27 +/-    0.45 kcal/mol |       4 |  -15.03 kcal/mol
        105 |      2070854 |  -12.60 kcal/mol |  -14.20 +/-    0.31 kcal/mol |       9 |  -15.03 kcal/mol
        110 |      2153689 |  -13.68 kcal/mol |  -14.53 +/-    0.37 kcal/mol |       4 |  -15.03 kcal/mol
        115 |      2238975 |  -13.16 kcal/mol |  -14.50 +/-    0.37 kcal/mol |       4 |  -15.03 kcal/mol
        120 |      2322057 |  -13.12 kcal/mol |  -14.47 +/-    0.33 kcal/mol |       6 |  -15.03 kcal/mol
        125 |      2405470 |  -13.64 kcal/mol |  -14.61 +/-    0.26 kcal/mol |       4 |  -15.03 kcal/mol
        130 |      2487619 |  -13.63 kcal/mol |  -14.80 +/-    0.24 kcal/mol |       4 |  -15.05 kcal/mol
        131 |      2504336 |  -13.89 kcal/mol |  -14.79 +/-    0.28 kcal/mol |       7 |  -15.23 kcal/mol
------------+--------------+------------------+------------------------------+---------+-------------------

                                   Finished evaluation after reaching
                       2504336 evaluations. Best inter + intra   -15.23 kcal/mol.


Shutdown time 0.000632s

Job #3 took 1.912 sec after waiting 0.067 sec for setup

(Thread 0 is processing Job #3)
Run time of entire job set (3 files): 10.278 sec
Savings from multithreading: -0.000 sec
Idle time of execution thread: 4.718 sec

All jobs (3) ran without errors.
