AutoDock-GPU version: v1.6-7-ga46ab564d2ac5f1a1523f65239b43505a1c29364-dirty

Running 1 docking calculation

Cuda device:                              NVIDIA A100-SXM4-40GB
Available memory on device:               39916 MB (total: 40339 MB)

CUDA Setup time 0.230407s
(Thread 0 is setting up Job #1)

Running Job #1
    Using heuristics: (capped) number of evaluations set to 2068966
    Local-search chosen method is: ADADELTA (ad)

Rest of Setup time 0.308557s

Executing docking runs, stopping automatically after either reaching 0.15 kcal/mol standard deviation of
the best molecules of the last 4 * 5 generations, 42000 generations, or 2068966 evaluations:

Generations |  Evaluations |     Threshold    |  Average energy of best 10%  | Samples | Best Inter + Intra
------------+--------------+------------------+------------------------------+---------+-------------------
          0 |          150 |   -1.76 kcal/mol |   -2.07 +/-    0.16 kcal/mol |       8 |   -2.35 kcal/mol
          5 |       147467 |   -1.76 kcal/mol |   -4.47 +/-    1.19 kcal/mol |     922 |   -9.18 kcal/mol
         10 |       290322 |   -4.45 kcal/mol |   -7.77 +/-    0.76 kcal/mol |      64 |  -10.11 kcal/mol
         15 |       432531 |   -7.59 kcal/mol |   -9.83 +/-    0.23 kcal/mol |       4 |  -10.11 kcal/mol
         20 |       571916 |   -8.98 kcal/mol |  -10.08 +/-    0.06 kcal/mol |       6 |  -10.13 kcal/mol
         25 |       711607 |   -9.70 kcal/mol |  -10.15 +/-    0.06 kcal/mol |       3 |  -10.23 kcal/mol
         30 |       852805 |   -9.40 kcal/mol |  -10.14 +/-    0.21 kcal/mol |      10 |  -10.48 kcal/mol
         35 |       993705 |   -9.82 kcal/mol |  -10.32 +/-    0.17 kcal/mol |       7 |  -10.64 kcal/mol
         40 |      1131037 |   -9.95 kcal/mol |  -10.53 +/-    0.15 kcal/mol |       4 |  -10.71 kcal/mol
         45 |      1268716 |   -9.99 kcal/mol |  -10.44 +/-    0.19 kcal/mol |       9 |  -10.77 kcal/mol
         50 |      1404433 |  -10.13 kcal/mol |  -10.81 +/-    0.14 kcal/mol |       7 |  -11.11 kcal/mol
         55 |      1540680 |  -10.52 kcal/mol |  -11.14 +/-    0.03 kcal/mol |       4 |  -11.15 kcal/mol
         60 |      1674199 |  -10.57 kcal/mol |  -10.79 +/-    0.16 kcal/mol |      10 |  -11.15 kcal/mol
         65 |      1810108 |  -10.54 kcal/mol |  -10.75 +/-    0.15 kcal/mol |      11 |  -11.15 kcal/mol
         70 |      1944200 |  -10.55 kcal/mol |  -10.79 +/-    0.16 kcal/mol |      10 |  -11.15 kcal/mol
         75 |      2077398 |  -10.55 kcal/mol |  -10.80 +/-    0.15 kcal/mol |      18 |  -11.15 kcal/mol
------------+--------------+------------------+------------------------------+---------+-------------------

                                   Finished evaluation after reaching
                       2077398 evaluations. Best inter + intra   -11.15 kcal/mol.


Shutdown time 0.000668s

Job #1 took 0.940 sec after waiting 4.472 sec for setup

(Thread 0 is processing Job #1)
Run time of entire job set (1 file): 5.440 sec
Processing time: 0.028 sec

All jobs (1) ran without errors.
