AutoDock-GPU version: v1.6-7-ga46ab564d2ac5f1a1523f65239b43505a1c29364-dirty

Running 1 docking calculation

Cuda device:                              NVIDIA A100-SXM4-40GB
Available memory on device:               39916 MB (total: 40339 MB)

CUDA Setup time 0.229719s
(Thread 0 is setting up Job #1)

Running Job #1
    Using heuristics: (capped) number of evaluations set to 7973093
    Overriding heuristics, setting number of evaluations to --nev = 2500000 instead.
    Warning: The set number of evals is 10.52% of the uncapped heuristics estimate of 23759450 evals.
             This means this docking may not be able to converge. Increasing --heurmax may improve
             convergence but will also increase runtime.
             AutoStop will not stop before 76.79% (1919714) of the set number of evaluations.
    Local-search chosen method is: ADADELTA (ad)

Rest of Setup time 0.308006s

Executing docking runs, stopping automatically after either reaching 0.15 kcal/mol standard deviation of
the best molecules of the last 4 * 5 generations, 42000 generations, or 2500000 evaluations:

Generations |  Evaluations |     Threshold    |  Average energy of best 10%  | Samples | Best Inter + Intra
------------+--------------+------------------+------------------------------+---------+-------------------
          0 |          150 |  347.45 kcal/mol |  212.57 +/-   43.52 kcal/mol |      12 |  104.47 kcal/mol
          5 |       109664 |  266.96 kcal/mol |    7.67 +/-   23.36 kcal/mol |    1107 |  -10.12 kcal/mol
         10 |       209099 |    7.99 kcal/mol |  -11.50 +/-    0.88 kcal/mol |       4 |  -13.03 kcal/mol
         15 |       313201 |   -8.19 kcal/mol |  -11.17 +/-    0.79 kcal/mol |      10 |  -13.03 kcal/mol
         20 |       416587 |   -9.99 kcal/mol |  -12.53 +/-    0.64 kcal/mol |       4 |  -13.29 kcal/mol
         25 |       517505 |  -10.13 kcal/mol |  -12.86 +/-    0.60 kcal/mol |       4 |  -13.29 kcal/mol
         30 |       619108 |  -10.60 kcal/mol |  -12.69 +/-    0.56 kcal/mol |      10 |  -13.51 kcal/mol
         35 |       721825 |  -11.84 kcal/mol |  -13.23 +/-    0.19 kcal/mol |       4 |  -13.51 kcal/mol
         40 |       823158 |  -12.53 kcal/mol |  -13.56 +/-    0.26 kcal/mol |       6 |  -14.05 kcal/mol
         45 |       926718 |  -12.91 kcal/mol |  -13.79 +/-    0.42 kcal/mol |       5 |  -14.64 kcal/mol
         50 |      1028410 |  -12.52 kcal/mol |  -13.85 +/-    0.46 kcal/mol |       4 |  -14.64 kcal/mol
         55 |      1129187 |  -12.13 kcal/mol |  -13.53 +/-    0.42 kcal/mol |       9 |  -14.64 kcal/mol
         60 |      1230216 |  -12.84 kcal/mol |  -13.85 +/-    0.46 kcal/mol |       4 |  -14.64 kcal/mol
         65 |      1329647 |  -12.13 kcal/mol |  -13.69 +/-    0.44 kcal/mol |       8 |  -14.64 kcal/mol
         70 |      1430602 |  -12.87 kcal/mol |  -14.27 +/-    0.31 kcal/mol |       5 |  -14.64 kcal/mol
         75 |      1531163 |  -13.34 kcal/mol |  -14.07 +/-    0.40 kcal/mol |       4 |  -14.73 kcal/mol
         80 |      1628077 |  -12.58 kcal/mol |  -13.93 +/-    0.33 kcal/mol |       8 |  -14.73 kcal/mol
         85 |      1724999 |  -13.31 kcal/mol |  -14.27 +/-    0.28 kcal/mol |       4 |  -14.73 kcal/mol
         90 |      1820181 |  -13.22 kcal/mol |  -14.28 +/-    0.27 kcal/mol |       4 |  -14.73 kcal/mol
         95 |      1914288 |  -13.25 kcal/mol |  -14.28 +/-    0.21 kcal/mol |       7 |  -14.73 kcal/mol
        100 |      2009285 |  -13.83 kcal/mol |  -14.51 +/-    0.22 kcal/mol |       4 |  -14.73 kcal/mol
        105 |      2101407 |  -13.68 kcal/mol |  -14.37 +/-    0.21 kcal/mol |       4 |  -14.73 kcal/mol
        110 |      2193740 |  -13.57 kcal/mol |  -14.33 +/-    0.20 kcal/mol |       6 |  -14.73 kcal/mol
        115 |      2285010 |  -13.84 kcal/mol |  -14.93 +/-    0.57 kcal/mol |       5 |  -15.93 kcal/mol
        120 |      2376110 |  -13.22 kcal/mol |  -15.28 +/-    0.66 kcal/mol |       4 |  -15.93 kcal/mol
        125 |      2468317 |  -12.80 kcal/mol |  -14.83 +/-    0.57 kcal/mol |       8 |  -15.93 kcal/mol
        127 |      2504942 |  -13.75 kcal/mol |  -14.91 +/-    0.59 kcal/mol |      11 |  -15.93 kcal/mol
------------+--------------+------------------+------------------------------+---------+-------------------

                                   Finished evaluation after reaching
                       2504942 evaluations. Best inter + intra   -15.93 kcal/mol.


Shutdown time 0.000728s

Job #1 took 1.944 sec after waiting 4.456 sec for setup

(Thread 0 is processing Job #1)
Run time of entire job set (1 file): 6.470 sec
Processing time: 0.070 sec

All jobs (1) ran without errors.
