AutoDock-GPU version: v1.6-7-ga46ab564d2ac5f1a1523f65239b43505a1c29364-dirty

Using 1 OpenMP threads

Running 3 docking calculations

Cuda device:                              NVIDIA A100-SXM4-40GB
Available memory on device:               39916 MB (total: 40339 MB)

CUDA Setup time 0.236725s
(Thread 0 is setting up Job #1)

Running Job #1:
    Device: NVIDIA A100-SXM4-40GB
    Grid map file: ./protein.maps.fld
    Ligand file: ./ligand_1_1.pdbqt
    Output file: docking_result_1.dlg (+ xml)
    Using heuristics: (capped) number of evaluations set to 2068966
    Local-search chosen method is: ADADELTA (ad)

Rest of Setup time 0.307901s

Executing docking runs, stopping automatically after either reaching 0.15 kcal/mol standard deviation of
the best molecules of the last 4 * 5 generations, 42000 generations, or 2068966 evaluations:

Generations |  Evaluations |     Threshold    |  Average energy of best 10%  | Samples | Best Inter + Intra
------------+--------------+------------------+------------------------------+---------+-------------------
          0 |          150 |   -0.41 kcal/mol |   -2.08 +/-    0.52 kcal/mol |      11 |   -3.52 kcal/mol
          5 |       119873 |   -1.37 kcal/mol |   -5.01 +/-    1.59 kcal/mol |     807 |  -12.46 kcal/mol
         10 |       235950 |   -4.98 kcal/mol |   -9.49 +/-    1.16 kcal/mol |      40 |  -12.46 kcal/mol
         15 |       356851 |   -9.05 kcal/mol |  -11.75 +/-    0.33 kcal/mol |       6 |  -12.46 kcal/mol
         20 |       477540 |  -10.94 kcal/mol |  -11.99 +/-    0.34 kcal/mol |       6 |  -12.46 kcal/mol
         25 |       599682 |  -11.14 kcal/mol |  -12.25 +/-    0.26 kcal/mol |       5 |  -12.47 kcal/mol
         30 |       722268 |  -11.46 kcal/mol |  -11.90 +/-    0.25 kcal/mol |      10 |  -12.59 kcal/mol
         35 |       845324 |  -11.52 kcal/mol |  -12.05 +/-    0.22 kcal/mol |       8 |  -12.59 kcal/mol
         40 |       969815 |  -11.64 kcal/mol |  -12.02 +/-    0.21 kcal/mol |      11 |  -12.59 kcal/mol
         45 |      1091223 |  -11.74 kcal/mol |  -12.02 +/-    0.18 kcal/mol |      12 |  -12.59 kcal/mol
         50 |      1215086 |  -11.80 kcal/mol |  -12.14 +/-    0.17 kcal/mol |      14 |  -12.59 kcal/mol
         55 |      1338882 |  -11.95 kcal/mol |  -12.24 +/-    0.17 kcal/mol |      11 |  -12.59 kcal/mol
         60 |      1462920 |  -12.01 kcal/mol |  -12.33 +/-    0.14 kcal/mol |      12 |  -12.59 kcal/mol
         65 |      1587867 |  -12.15 kcal/mol |  -12.40 +/-    0.15 kcal/mol |       9 |  -12.59 kcal/mol
         70 |      1713708 |  -12.15 kcal/mol |  -12.37 +/-    0.14 kcal/mol |      10 |  -12.59 kcal/mol
         75 |      1837190 |  -12.15 kcal/mol |  -12.37 +/-    0.15 kcal/mol |       7 |  -12.59 kcal/mol
------------+--------------+------------------+------------------------------+---------+-------------------

                                   Finished evaluation after reaching
                                  -12.36 +/-    0.15 kcal/mol combined.
                             38 samples, best inter + intra   -12.59 kcal/mol.


Shutdown time 0.000674s

Job #1 took 1.021 sec after waiting 4.465 sec for setup

(Thread 0 is processing Job #1)
(Thread 0 is setting up Job #2)

Running Job #2:
    Device: NVIDIA A100-SXM4-40GB
    Grid map file: ./protein.maps.fld
    Ligand file: ./ligand_2_2.pdbqt
    Output file: docking_result_2.dlg (+ xml)
    Using heuristics: (capped) number of evaluations set to 2280181
    Local-search chosen method is: ADADELTA (ad)

Rest of Setup time 0.307665s

Executing docking runs, stopping automatically after either reaching 0.15 kcal/mol standard deviation of
the best molecules of the last 4 * 5 generations, 42000 generations, or 2280181 evaluations:

Generations |  Evaluations |     Threshold    |  Average energy of best 10%  | Samples | Best Inter + Intra
------------+--------------+------------------+------------------------------+---------+-------------------
          0 |          150 |   -2.61 kcal/mol |   -3.12 +/-    0.14 kcal/mol |       4 |   -3.32 kcal/mol
          5 |       112648 |   -2.61 kcal/mol |   -6.33 +/-    1.87 kcal/mol |     903 |  -13.95 kcal/mol
         10 |       229371 |   -6.30 kcal/mol |  -11.06 +/-    1.09 kcal/mol |      44 |  -14.58 kcal/mol
         15 |       350716 |  -10.68 kcal/mol |  -14.38 +/-    1.06 kcal/mol |      10 |  -16.29 kcal/mol
         20 |       472880 |  -12.79 kcal/mol |  -15.89 +/-    0.51 kcal/mol |       5 |  -16.80 kcal/mol
         25 |       594060 |  -14.37 kcal/mol |  -16.16 +/-    0.46 kcal/mol |       5 |  -16.80 kcal/mol
         30 |       717337 |  -14.77 kcal/mol |  -16.43 +/-    0.29 kcal/mol |       6 |  -16.80 kcal/mol
         35 |       840828 |  -15.70 kcal/mol |  -16.41 +/-    0.38 kcal/mol |       4 |  -17.02 kcal/mol
         40 |       965667 |  -15.00 kcal/mol |  -16.51 +/-    0.54 kcal/mol |       4 |  -17.41 kcal/mol
         45 |      1089351 |  -14.49 kcal/mol |  -16.34 +/-    0.78 kcal/mol |       4 |  -17.55 kcal/mol
         50 |      1214624 |  -13.42 kcal/mol |  -15.76 +/-    0.58 kcal/mol |      20 |  -17.55 kcal/mol
         55 |      1342509 |  -15.32 kcal/mol |  -16.41 +/-    0.62 kcal/mol |       5 |  -17.55 kcal/mol
         60 |      1468641 |  -14.56 kcal/mol |  -16.52 +/-    0.65 kcal/mol |       4 |  -17.55 kcal/mol
         65 |      1596918 |  -14.09 kcal/mol |  -16.53 +/-    0.64 kcal/mol |       9 |  -17.55 kcal/mol
         70 |      1724118 |  -15.46 kcal/mol |  -17.28 +/-    0.31 kcal/mol |       5 |  -17.55 kcal/mol
         75 |      1851685 |  -16.35 kcal/mol |  -16.96 +/-    0.36 kcal/mol |       4 |  -17.55 kcal/mol
         80 |      1980112 |  -15.60 kcal/mol |  -17.05 +/-    0.36 kcal/mol |      10 |  -17.55 kcal/mol
         85 |      2109322 |  -16.51 kcal/mol |  -17.16 +/-    0.32 kcal/mol |       5 |  -17.55 kcal/mol
         90 |      2237946 |  -16.22 kcal/mol |  -17.27 +/-    0.32 kcal/mol |       4 |  -17.60 kcal/mol
         92 |      2288475 |  -16.06 kcal/mol |  -17.13 +/-    0.34 kcal/mol |       9 |  -17.60 kcal/mol
------------+--------------+------------------+------------------------------+---------+-------------------

                                   Finished evaluation after reaching
                       2288475 evaluations. Best inter + intra   -17.60 kcal/mol.


Shutdown time 0.000701s

Job #2 took 1.586 sec after waiting 0.038 sec for setup

(Thread 0 is processing Job #2)
(Thread 0 is setting up Job #3)

Running Job #3:
    Device: NVIDIA A100-SXM4-40GB
    Grid map file: ./protein.maps.fld
    Ligand file: ./ligand_3_3.pdbqt
    Output file: docking_result_3.dlg (+ xml)
    Using heuristics: (capped) number of evaluations set to 2068966
    Local-search chosen method is: ADADELTA (ad)

Rest of Setup time 0.302964s

Executing docking runs, stopping automatically after either reaching 0.15 kcal/mol standard deviation of
the best molecules of the last 4 * 5 generations, 42000 generations, or 2068966 evaluations:

Generations |  Evaluations |     Threshold    |  Average energy of best 10%  | Samples | Best Inter + Intra
------------+--------------+------------------+------------------------------+---------+-------------------
          0 |          150 |   -1.64 kcal/mol |   -2.68 +/-    0.28 kcal/mol |       4 |   -3.06 kcal/mol
          5 |       118419 |   -1.64 kcal/mol |   -5.01 +/-    1.63 kcal/mol |     846 |  -11.50 kcal/mol
         10 |       231966 |   -4.98 kcal/mol |   -9.30 +/-    0.79 kcal/mol |      36 |  -11.50 kcal/mol
         15 |       345889 |   -8.97 kcal/mol |  -11.02 +/-    0.35 kcal/mol |       5 |  -11.50 kcal/mol
         20 |       462543 |   -9.97 kcal/mol |  -11.09 +/-    0.24 kcal/mol |       8 |  -11.50 kcal/mol
         25 |       582092 |  -10.64 kcal/mol |  -11.51 +/-    0.24 kcal/mol |       4 |  -11.70 kcal/mol
         30 |       703484 |  -10.61 kcal/mol |  -11.50 +/-    0.29 kcal/mol |       8 |  -12.02 kcal/mol
         35 |       825608 |  -10.95 kcal/mol |  -11.59 +/-    0.20 kcal/mol |       8 |  -12.02 kcal/mol
         40 |       948677 |  -11.21 kcal/mol |  -12.02 +/-    0.33 kcal/mol |       9 |  -12.46 kcal/mol
         45 |      1069408 |  -11.47 kcal/mol |  -13.05 +/-    0.72 kcal/mol |       8 |  -13.99 kcal/mol
         50 |      1190735 |  -11.70 kcal/mol |  -13.41 +/-    0.59 kcal/mol |       4 |  -14.04 kcal/mol
         55 |      1312834 |  -11.19 kcal/mol |  -12.91 +/-    0.71 kcal/mol |      10 |  -14.04 kcal/mol
         60 |      1432669 |  -11.85 kcal/mol |  -13.63 +/-    0.64 kcal/mol |       4 |  -14.06 kcal/mol
         65 |      1556043 |  -11.24 kcal/mol |  -13.42 +/-    0.52 kcal/mol |       5 |  -14.06 kcal/mol
         70 |      1680019 |  -11.84 kcal/mol |  -13.81 +/-    0.23 kcal/mol |       7 |  -14.06 kcal/mol
         75 |      1803875 |  -13.33 kcal/mol |  -13.94 +/-    0.12 kcal/mol |       2 |  -14.06 kcal/mol
         80 |      1926782 |  -13.03 kcal/mol |  -13.71 +/-    0.34 kcal/mol |       3 |  -14.06 kcal/mol
         85 |      2050359 |  -12.03 kcal/mol |  -13.55 +/-    0.60 kcal/mol |       4 |  -14.06 kcal/mol
         86 |      2074355 |  -11.32 kcal/mol |  -13.78 +/-    0.45 kcal/mol |       9 |  -14.06 kcal/mol
------------+--------------+------------------+------------------------------+---------+-------------------

                                   Finished evaluation after reaching
                       2074355 evaluations. Best inter + intra   -14.06 kcal/mol.


Shutdown time 0.000650s

Job #3 took 1.126 sec after waiting 0.062 sec for setup

(Thread 0 is processing Job #3)
Run time of entire job set (3 files): 8.337 sec
Savings from multithreading: -0.000 sec
Idle time of execution thread: 4.603 sec

All jobs (3) ran without errors.
