AutoDock-GPU version: v1.6-7-ga46ab564d2ac5f1a1523f65239b43505a1c29364-dirty

Using 1 OpenMP threads

Running 5 docking calculations

Cuda device:                              NVIDIA A100-SXM4-40GB
Available memory on device:               39916 MB (total: 40339 MB)

CUDA Setup time 0.243622s
(Thread 0 is setting up Job #1)

Running Job #1:
    Device: NVIDIA A100-SXM4-40GB
    Grid map file: ./protein.maps.fld
    Ligand file: ./ligand_1_1.pdbqt
    Output file: docking_result_1.dlg (+ xml)
    Using heuristics: (capped) number of evaluations set to 2068966
    Local-search chosen method is: ADADELTA (ad)

Rest of Setup time 0.319215s

Executing docking runs, stopping automatically after either reaching 0.15 kcal/mol standard deviation of
the best molecules of the last 4 * 5 generations, 42000 generations, or 2068966 evaluations:

Generations |  Evaluations |     Threshold    |  Average energy of best 10%  | Samples | Best Inter + Intra
------------+--------------+------------------+------------------------------+---------+-------------------
          0 |          150 |   -1.03 kcal/mol |   -1.90 +/-    0.23 kcal/mol |       4 |   -2.09 kcal/mol
          5 |       138398 |   -1.03 kcal/mol |   -4.48 +/-    1.39 kcal/mol |     981 |   -9.37 kcal/mol
         10 |       273029 |   -4.46 kcal/mol |   -8.34 +/-    0.76 kcal/mol |      40 |  -10.19 kcal/mol
         15 |       409694 |   -8.06 kcal/mol |   -9.99 +/-    0.35 kcal/mol |       9 |  -10.54 kcal/mol
         20 |       543729 |   -9.41 kcal/mol |  -10.73 +/-    0.52 kcal/mol |       6 |  -11.60 kcal/mol
         25 |       679598 |   -9.43 kcal/mol |  -10.78 +/-    0.65 kcal/mol |       4 |  -11.60 kcal/mol
         30 |       814360 |   -8.35 kcal/mol |  -10.46 +/-    0.73 kcal/mol |      13 |  -11.60 kcal/mol
         35 |       949179 |   -9.61 kcal/mol |  -11.39 +/-    0.15 kcal/mol |       5 |  -11.60 kcal/mol
         40 |      1083507 |  -10.94 kcal/mol |  -11.49 +/-    0.07 kcal/mol |       4 |  -11.60 kcal/mol
         45 |      1218162 |  -10.93 kcal/mol |  -11.55 +/-    0.04 kcal/mol |       6 |  -11.60 kcal/mol
         50 |      1350473 |  -11.17 kcal/mol |  -11.57 +/-    0.04 kcal/mol |       8 |  -11.61 kcal/mol
------------+--------------+------------------+------------------------------+---------+-------------------

                                   Finished evaluation after reaching
                                  -11.51 +/-    0.11 kcal/mol combined.
                             23 samples, best inter + intra   -11.61 kcal/mol.


Shutdown time 0.000701s

Job #1 took 0.728 sec after waiting 4.736 sec for setup

(Thread 0 is processing Job #1)
(Thread 0 is setting up Job #2)

Running Job #2:
    Device: NVIDIA A100-SXM4-40GB
    Grid map file: ./protein.maps.fld
    Ligand file: ./ligand_2_2.pdbqt
    Output file: docking_result_2.dlg (+ xml)
    Using heuristics: (capped) number of evaluations set to 2068966
    Local-search chosen method is: ADADELTA (ad)

Rest of Setup time 0.308649s

Executing docking runs, stopping automatically after either reaching 0.15 kcal/mol standard deviation of
the best molecules of the last 4 * 5 generations, 42000 generations, or 2068966 evaluations:

Generations |  Evaluations |     Threshold    |  Average energy of best 10%  | Samples | Best Inter + Intra
------------+--------------+------------------+------------------------------+---------+-------------------
          0 |          150 |   -1.55 kcal/mol |   -2.47 +/-    0.31 kcal/mol |       5 |   -3.08 kcal/mol
          5 |       134588 |   -1.55 kcal/mol |   -4.78 +/-    1.44 kcal/mol |     925 |  -10.36 kcal/mol
         10 |       266264 |   -4.76 kcal/mol |   -8.69 +/-    0.80 kcal/mol |      52 |  -10.63 kcal/mol
         15 |       402271 |   -8.46 kcal/mol |  -10.34 +/-    0.14 kcal/mol |       8 |  -10.63 kcal/mol
         20 |       536205 |  -10.07 kcal/mol |  -10.83 +/-    0.34 kcal/mol |       7 |  -11.26 kcal/mol
         25 |       670530 |  -10.10 kcal/mol |  -11.26 +/-    0.12 kcal/mol |       4 |  -11.38 kcal/mol
         30 |       802949 |  -10.82 kcal/mol |  -11.19 +/-    0.11 kcal/mol |       8 |  -11.38 kcal/mol
         35 |       935162 |  -10.98 kcal/mol |  -11.19 +/-    0.14 kcal/mol |      12 |  -11.38 kcal/mol
         40 |      1065661 |  -11.02 kcal/mol |  -11.19 +/-    0.12 kcal/mol |       9 |  -11.38 kcal/mol
------------+--------------+------------------+------------------------------+---------+-------------------

                                   Finished evaluation after reaching
                                  -11.20 +/-    0.13 kcal/mol combined.
                             33 samples, best inter + intra   -11.38 kcal/mol.


Shutdown time 0.000624s

Job #2 took 0.600 sec after waiting 0.027 sec for setup

(Thread 0 is processing Job #2)
(Thread 0 is setting up Job #3)

Running Job #3:
    Device: NVIDIA A100-SXM4-40GB
    Grid map file: ./protein.maps.fld
    Ligand file: ./ligand_3_3.pdbqt
    Output file: docking_result_3.dlg (+ xml)
    Using heuristics: (capped) number of evaluations set to 2068966
    Local-search chosen method is: ADADELTA (ad)

Rest of Setup time 0.311629s

Executing docking runs, stopping automatically after either reaching 0.15 kcal/mol standard deviation of
the best molecules of the last 4 * 5 generations, 42000 generations, or 2068966 evaluations:

Generations |  Evaluations |     Threshold    |  Average energy of best 10%  | Samples | Best Inter + Intra
------------+--------------+------------------+------------------------------+---------+-------------------
          0 |          150 |   -0.92 kcal/mol |   -1.71 +/-    0.32 kcal/mol |       6 |   -2.40 kcal/mol
          5 |       144140 |   -0.92 kcal/mol |   -4.80 +/-    1.47 kcal/mol |    1019 |  -10.04 kcal/mol
         10 |       281761 |   -4.78 kcal/mol |   -8.72 +/-    0.81 kcal/mol |      45 |  -10.49 kcal/mol
         15 |       421826 |   -8.45 kcal/mol |  -10.28 +/-    0.24 kcal/mol |       6 |  -10.72 kcal/mol
         20 |       558625 |   -9.68 kcal/mol |  -10.58 +/-    0.25 kcal/mol |       7 |  -11.09 kcal/mol
         25 |       695119 |  -10.05 kcal/mol |  -10.81 +/-    0.18 kcal/mol |       6 |  -11.11 kcal/mol
         30 |       832850 |  -10.37 kcal/mol |  -10.97 +/-    0.16 kcal/mol |      10 |  -11.14 kcal/mol
         35 |       969996 |  -10.73 kcal/mol |  -10.98 +/-    0.12 kcal/mol |      13 |  -11.20 kcal/mol
         40 |      1104052 |  -10.84 kcal/mol |  -11.04 +/-    0.13 kcal/mol |      19 |  -11.47 kcal/mol
         45 |      1236322 |  -10.94 kcal/mol |  -11.21 +/-    0.18 kcal/mol |      16 |  -11.48 kcal/mol
         50 |      1366971 |  -11.03 kcal/mol |  -11.26 +/-    0.17 kcal/mol |      14 |  -11.48 kcal/mol
         55 |      1502423 |  -11.08 kcal/mol |  -11.39 +/-    0.12 kcal/mol |      14 |  -11.48 kcal/mol
         60 |      1635523 |  -11.26 kcal/mol |  -11.46 +/-    0.02 kcal/mol |      10 |  -11.48 kcal/mol
         65 |      1769613 |  -11.24 kcal/mol |  -11.40 +/-    0.08 kcal/mol |       8 |  -11.48 kcal/mol
------------+--------------+------------------+------------------------------+---------+-------------------

                                   Finished evaluation after reaching
                                  -11.37 +/-    0.14 kcal/mol combined.
                             46 samples, best inter + intra   -11.48 kcal/mol.


Shutdown time 0.000679s

Job #3 took 1.420 sec after waiting 0.028 sec for setup

(Thread 0 is processing Job #3)
(Thread 0 is setting up Job #4)

Running Job #4:
    Device: NVIDIA A100-SXM4-40GB
    Grid map file: ./protein.maps.fld
    Ligand file: ./ligand_4_4.pdbqt
    Output file: docking_result_4.dlg (+ xml)
    Using heuristics: (capped) number of evaluations set to 4195460
    Overriding heuristics, setting number of evaluations to --nev = 2500000 instead.
    Warning: The set number of evals is 38.75% of the uncapped heuristics estimate of 6450800 evals.
             This means this docking may not be able to converge. Increasing --heurmax may improve
             convergence but will also increase runtime.
             AutoStop will not stop before 17.33% (433129) of the set number of evaluations.
    Local-search chosen method is: ADADELTA (ad)

Rest of Setup time 0.319035s

Executing docking runs, stopping automatically after either reaching 0.15 kcal/mol standard deviation of
the best molecules of the last 4 * 5 generations, 42000 generations, or 2500000 evaluations:

Generations |  Evaluations |     Threshold    |  Average energy of best 10%  | Samples | Best Inter + Intra
------------+--------------+------------------+------------------------------+---------+-------------------
          0 |          150 |   -1.38 kcal/mol |   -1.50 +/-    0.08 kcal/mol |      10 |   -1.64 kcal/mol
          5 |       137713 |   -1.38 kcal/mol |   -5.00 +/-    1.90 kcal/mol |    1213 |  -12.49 kcal/mol
         10 |       273712 |   -4.98 kcal/mol |  -10.05 +/-    0.94 kcal/mol |      42 |  -12.54 kcal/mol
         15 |       411210 |   -9.72 kcal/mol |  -12.08 +/-    0.32 kcal/mol |       8 |  -12.56 kcal/mol
         20 |       547403 |  -11.48 kcal/mol |  -12.55 +/-    0.15 kcal/mol |       4 |  -12.70 kcal/mol
         25 |       683101 |  -12.00 kcal/mol |  -12.65 +/-    0.12 kcal/mol |       4 |  -12.73 kcal/mol
         30 |       818207 |  -12.22 kcal/mol |  -13.10 +/-    0.27 kcal/mol |       7 |  -13.40 kcal/mol
         35 |       951490 |  -12.52 kcal/mol |  -13.43 +/-    0.12 kcal/mol |       4 |  -13.57 kcal/mol
         40 |      1082271 |  -12.98 kcal/mol |  -13.50 +/-    0.11 kcal/mol |       3 |  -13.57 kcal/mol
         45 |      1212831 |  -12.95 kcal/mol |  -13.34 +/-    0.18 kcal/mol |       4 |  -13.58 kcal/mol
         50 |      1343430 |  -12.68 kcal/mol |  -13.24 +/-    0.27 kcal/mol |       4 |  -13.58 kcal/mol
         55 |      1473635 |  -12.24 kcal/mol |  -13.22 +/-    0.28 kcal/mol |       9 |  -13.58 kcal/mol
         60 |      1600413 |  -12.75 kcal/mol |  -13.37 +/-    0.13 kcal/mol |       7 |  -13.58 kcal/mol
         65 |      1729446 |  -13.08 kcal/mol |  -13.76 +/-    0.22 kcal/mol |       6 |  -14.03 kcal/mol
         70 |      1856450 |  -13.21 kcal/mol |  -13.95 +/-    0.09 kcal/mol |       9 |  -14.06 kcal/mol
         75 |      1982101 |  -13.80 kcal/mol |  -13.97 +/-    0.13 kcal/mol |       9 |  -14.19 kcal/mol
         80 |      2108268 |  -13.75 kcal/mol |  -14.06 +/-    0.17 kcal/mol |       6 |  -14.34 kcal/mol
         85 |      2232071 |  -13.64 kcal/mol |  -14.14 +/-    0.13 kcal/mol |      13 |  -14.34 kcal/mol
         90 |      2351459 |  -13.99 kcal/mol |  -14.15 +/-    0.12 kcal/mol |       8 |  -14.34 kcal/mol
         95 |      2471794 |  -13.92 kcal/mol |  -14.31 +/-    0.04 kcal/mol |       9 |  -14.36 kcal/mol
         97 |      2519514 |  -14.06 kcal/mol |  -14.26 +/-    0.11 kcal/mol |      19 |  -14.36 kcal/mol
------------+--------------+------------------+------------------------------+---------+-------------------

                                   Finished evaluation after reaching
                       2519514 evaluations. Best inter + intra   -14.36 kcal/mol.


Shutdown time 0.000689s

Job #4 took 1.924 sec after waiting 0.025 sec for setup

(Thread 0 is processing Job #4)
(Thread 0 is setting up Job #5)

Running Job #5:
    Device: NVIDIA A100-SXM4-40GB
    Grid map file: ./protein.maps.fld
    Ligand file: ./ligand_5_5.pdbqt
    Output file: docking_result_5.dlg (+ xml)
    Using heuristics: (capped) number of evaluations set to 4951475
    Overriding heuristics, setting number of evaluations to --nev = 2500000 instead.
    Warning: The set number of evals is 29.66% of the uncapped heuristics estimate of 8429805 evals.
             This means this docking may not be able to converge. Increasing --heurmax may improve
             convergence but will also increase runtime.
             AutoStop will not stop before 27.75% (693732) of the set number of evaluations.
    Local-search chosen method is: ADADELTA (ad)

Rest of Setup time 0.307374s

Executing docking runs, stopping automatically after either reaching 0.15 kcal/mol standard deviation of
the best molecules of the last 4 * 5 generations, 42000 generations, or 2500000 evaluations:

Generations |  Evaluations |     Threshold    |  Average energy of best 10%  | Samples | Best Inter + Intra
------------+--------------+------------------+------------------------------+---------+-------------------
          0 |          150 |   -1.89 kcal/mol |   -3.01 +/-    0.33 kcal/mol |       4 |   -3.50 kcal/mol
          5 |       145490 |   -1.79 kcal/mol |   -6.20 +/-    1.75 kcal/mol |    1193 |  -13.09 kcal/mol
         10 |       293158 |   -6.17 kcal/mol |  -10.65 +/-    0.84 kcal/mol |      56 |  -13.23 kcal/mol
         15 |       442358 |  -10.43 kcal/mol |  -12.77 +/-    0.45 kcal/mol |       5 |  -13.34 kcal/mol
         20 |       592075 |  -11.43 kcal/mol |  -13.53 +/-    0.88 kcal/mol |       7 |  -14.86 kcal/mol
         25 |       740544 |  -11.65 kcal/mol |  -13.77 +/-    0.62 kcal/mol |       5 |  -14.98 kcal/mol
         30 |       888420 |  -11.91 kcal/mol |  -13.82 +/-    0.63 kcal/mol |       7 |  -15.19 kcal/mol
         35 |      1034046 |  -12.47 kcal/mol |  -14.60 +/-    0.59 kcal/mol |       4 |  -15.19 kcal/mol
         40 |      1179914 |  -12.40 kcal/mol |  -14.45 +/-    0.60 kcal/mol |       6 |  -15.34 kcal/mol
         45 |      1327818 |  -12.95 kcal/mol |  -14.76 +/-    0.50 kcal/mol |       4 |  -15.34 kcal/mol
         50 |      1474706 |  -12.88 kcal/mol |  -14.42 +/-    0.47 kcal/mol |      11 |  -15.34 kcal/mol
         55 |      1621181 |  -13.78 kcal/mol |  -14.92 +/-    0.35 kcal/mol |       4 |  -15.34 kcal/mol
         60 |      1766053 |  -13.61 kcal/mol |  -14.83 +/-    0.36 kcal/mol |       5 |  -15.34 kcal/mol
         65 |      1911231 |  -13.74 kcal/mol |  -14.86 +/-    0.33 kcal/mol |       7 |  -15.34 kcal/mol
         70 |      2053182 |  -14.16 kcal/mol |  -14.96 +/-    0.30 kcal/mol |       4 |  -15.34 kcal/mol
         75 |      2194699 |  -13.82 kcal/mol |  -14.79 +/-    0.38 kcal/mol |       7 |  -15.40 kcal/mol
         80 |      2337189 |  -13.99 kcal/mol |  -15.13 +/-    0.28 kcal/mol |       5 |  -15.40 kcal/mol
         85 |      2482473 |  -14.29 kcal/mol |  -15.32 +/-    0.11 kcal/mol |       4 |  -15.40 kcal/mol
         86 |      2510829 |  -14.92 kcal/mol |  -15.33 +/-    0.09 kcal/mol |       6 |  -15.40 kcal/mol
------------+--------------+------------------+------------------------------+---------+-------------------

                                   Finished evaluation after reaching
                       2510829 evaluations. Best inter + intra   -15.40 kcal/mol.


Shutdown time 0.000730s

Job #5 took 2.489 sec after waiting 0.032 sec for setup

(Thread 0 is processing Job #5)
Run time of entire job set (5 files): 12.048 sec
Savings from multithreading: -0.001 sec
Idle time of execution thread: 4.887 sec

All jobs (5) ran without errors.
