AutoDock-GPU version: v1.6-7-ga46ab564d2ac5f1a1523f65239b43505a1c29364-dirty

Using 1 OpenMP threads

Running 3 docking calculations

Cuda device:                              NVIDIA A100-SXM4-40GB
Available memory on device:               39916 MB (total: 40339 MB)

CUDA Setup time 0.236819s
(Thread 0 is setting up Job #1)

Running Job #1:
    Device: NVIDIA A100-SXM4-40GB
    Grid map file: ./protein.maps.fld
    Ligand file: ./ligand_1_1.pdbqt
    Output file: docking_result_1.dlg (+ xml)
    Using heuristics: (capped) number of evaluations set to 2068966
    Local-search chosen method is: ADADELTA (ad)

Rest of Setup time 0.306167s

Executing docking runs, stopping automatically after either reaching 0.15 kcal/mol standard deviation of
the best molecules of the last 4 * 5 generations, 42000 generations, or 2068966 evaluations:

Generations |  Evaluations |     Threshold    |  Average energy of best 10%  | Samples | Best Inter + Intra
------------+--------------+------------------+------------------------------+---------+-------------------
          0 |          150 |   -1.62 kcal/mol |   -2.54 +/-    0.31 kcal/mol |       5 |   -3.15 kcal/mol
          5 |       116654 |   -1.62 kcal/mol |   -5.53 +/-    1.79 kcal/mol |     943 |  -12.86 kcal/mol
         10 |       228941 |   -5.50 kcal/mol |  -10.02 +/-    0.90 kcal/mol |      31 |  -13.11 kcal/mol
         15 |       346986 |   -9.58 kcal/mol |  -12.38 +/-    0.94 kcal/mol |       9 |  -14.68 kcal/mol
         20 |       464015 |  -10.82 kcal/mol |  -13.43 +/-    0.61 kcal/mol |       7 |  -14.68 kcal/mol
         25 |       583265 |  -12.11 kcal/mol |  -14.32 +/-    0.46 kcal/mol |       5 |  -14.71 kcal/mol
         30 |       703999 |  -12.92 kcal/mol |  -14.13 +/-    0.41 kcal/mol |       4 |  -14.71 kcal/mol
         35 |       827044 |  -12.60 kcal/mol |  -14.31 +/-    0.46 kcal/mol |       5 |  -14.71 kcal/mol
         40 |       948625 |  -12.92 kcal/mol |  -13.85 +/-    0.55 kcal/mol |       4 |  -14.71 kcal/mol
         45 |      1067659 |  -11.78 kcal/mol |  -13.36 +/-    0.51 kcal/mol |      11 |  -14.71 kcal/mol
         50 |      1186314 |  -12.66 kcal/mol |  -13.95 +/-    0.44 kcal/mol |       4 |  -14.71 kcal/mol
         55 |      1306572 |  -12.28 kcal/mol |  -13.66 +/-    0.48 kcal/mol |       8 |  -14.71 kcal/mol
         60 |      1424427 |  -12.75 kcal/mol |  -14.29 +/-    0.27 kcal/mol |       4 |  -14.71 kcal/mol
         65 |      1545411 |  -13.27 kcal/mol |  -14.52 +/-    0.20 kcal/mol |       5 |  -14.71 kcal/mol
         70 |      1668038 |  -13.92 kcal/mol |  -14.60 +/-    0.15 kcal/mol |       4 |  -14.72 kcal/mol
         75 |      1790087 |  -14.03 kcal/mol |  -14.45 +/-    0.24 kcal/mol |       3 |  -14.78 kcal/mol
         80 |      1914994 |  -13.24 kcal/mol |  -14.28 +/-    0.27 kcal/mol |       6 |  -14.78 kcal/mol
         85 |      2039471 |  -13.62 kcal/mol |  -14.47 +/-    0.23 kcal/mol |       6 |  -14.78 kcal/mol
         87 |      2089999 |  -13.91 kcal/mol |  -14.45 +/-    0.22 kcal/mol |      11 |  -14.78 kcal/mol
------------+--------------+------------------+------------------------------+---------+-------------------

                                   Finished evaluation after reaching
                       2089999 evaluations. Best inter + intra   -14.78 kcal/mol.


Shutdown time 0.000681s

Job #1 took 1.339 sec after waiting 4.487 sec for setup

(Thread 0 is processing Job #1)
(Thread 0 is setting up Job #2)

Running Job #2:
    Device: NVIDIA A100-SXM4-40GB
    Grid map file: ./protein.maps.fld
    Ligand file: ./ligand_2_2.pdbqt
    Output file: docking_result_2.dlg (+ xml)
    Using heuristics: (capped) number of evaluations set to 2068966
    Local-search chosen method is: ADADELTA (ad)

Rest of Setup time 0.301530s

Executing docking runs, stopping automatically after either reaching 0.15 kcal/mol standard deviation of
the best molecules of the last 4 * 5 generations, 42000 generations, or 2068966 evaluations:

Generations |  Evaluations |     Threshold    |  Average energy of best 10%  | Samples | Best Inter + Intra
------------+--------------+------------------+------------------------------+---------+-------------------
          0 |          150 |   -1.79 kcal/mol |   -2.91 +/-    0.38 kcal/mol |       7 |   -3.74 kcal/mol
          5 |       134609 |   -2.09 kcal/mol |   -5.77 +/-    1.68 kcal/mol |     969 |  -12.40 kcal/mol
         10 |       268794 |   -5.75 kcal/mol |  -10.33 +/-    1.04 kcal/mol |      48 |  -13.15 kcal/mol
         15 |       406571 |  -10.00 kcal/mol |  -12.95 +/-    0.48 kcal/mol |       8 |  -13.86 kcal/mol
         20 |       543995 |  -12.05 kcal/mol |  -13.41 +/-    0.36 kcal/mol |       5 |  -13.92 kcal/mol
         25 |       681520 |  -12.35 kcal/mol |  -13.51 +/-    0.37 kcal/mol |       7 |  -13.92 kcal/mol
         30 |       818069 |  -12.73 kcal/mol |  -13.61 +/-    0.24 kcal/mol |       4 |  -13.93 kcal/mol
         35 |       950749 |  -12.70 kcal/mol |  -13.51 +/-    0.19 kcal/mol |      10 |  -13.93 kcal/mol
         40 |      1083309 |  -13.22 kcal/mol |  -13.49 +/-    0.19 kcal/mol |      17 |  -13.94 kcal/mol
         45 |      1214816 |  -13.32 kcal/mol |  -13.53 +/-    0.16 kcal/mol |      14 |  -13.94 kcal/mol
         50 |      1347281 |  -13.36 kcal/mol |  -13.58 +/-    0.18 kcal/mol |      14 |  -13.94 kcal/mol
         55 |      1478657 |  -13.39 kcal/mol |  -13.64 +/-    0.09 kcal/mol |      19 |  -13.94 kcal/mol
         60 |      1605458 |  -13.57 kcal/mol |  -13.71 +/-    0.09 kcal/mol |      12 |  -13.94 kcal/mol
------------+--------------+------------------+------------------------------+---------+-------------------

                                   Finished evaluation after reaching
                                  -13.61 +/-    0.15 kcal/mol combined.
                             59 samples, best inter + intra   -13.94 kcal/mol.


Shutdown time 0.000682s

Job #2 took 0.920 sec after waiting 0.054 sec for setup

(Thread 0 is processing Job #2)
(Thread 0 is setting up Job #3)

Running Job #3:
    Device: NVIDIA A100-SXM4-40GB
    Grid map file: ./protein.maps.fld
    Ligand file: ./ligand_3_3.pdbqt
    Output file: docking_result_3.dlg (+ xml)
    Using heuristics: (capped) number of evaluations set to 2280181
    Local-search chosen method is: ADADELTA (ad)

Rest of Setup time 0.305249s

Executing docking runs, stopping automatically after either reaching 0.15 kcal/mol standard deviation of
the best molecules of the last 4 * 5 generations, 42000 generations, or 2280181 evaluations:

Generations |  Evaluations |     Threshold    |  Average energy of best 10%  | Samples | Best Inter + Intra
------------+--------------+------------------+------------------------------+---------+-------------------
          0 |          150 |   -2.19 kcal/mol |   -2.66 +/-    0.28 kcal/mol |       9 |   -3.40 kcal/mol
          5 |       137255 |   -2.19 kcal/mol |   -6.55 +/-    1.94 kcal/mol |    1114 |  -13.33 kcal/mol
         10 |       275434 |   -6.52 kcal/mol |  -11.23 +/-    0.77 kcal/mol |      36 |  -13.51 kcal/mol
         15 |       417342 |  -10.91 kcal/mol |  -13.29 +/-    0.67 kcal/mol |       7 |  -14.50 kcal/mol
         20 |       560267 |  -11.86 kcal/mol |  -14.69 +/-    0.63 kcal/mol |       6 |  -15.43 kcal/mol
         25 |       703553 |  -13.12 kcal/mol |  -15.41 +/-    0.93 kcal/mol |       4 |  -16.21 kcal/mol
         30 |       848168 |  -11.94 kcal/mol |  -14.49 +/-    0.69 kcal/mol |      11 |  -16.32 kcal/mol
         35 |       990486 |  -13.55 kcal/mol |  -15.53 +/-    0.49 kcal/mol |       4 |  -16.32 kcal/mol
         40 |      1132727 |  -13.70 kcal/mol |  -15.80 +/-    0.53 kcal/mol |      12 |  -16.34 kcal/mol
         45 |      1271251 |  -15.14 kcal/mol |  -15.82 +/-    0.42 kcal/mol |       5 |  -16.34 kcal/mol
         50 |      1411023 |  -14.55 kcal/mol |  -15.95 +/-    0.44 kcal/mol |       7 |  -16.34 kcal/mol
         55 |      1552802 |  -15.01 kcal/mol |  -16.23 +/-    0.18 kcal/mol |       4 |  -16.34 kcal/mol
         60 |      1692015 |  -15.57 kcal/mol |  -16.19 +/-    0.14 kcal/mol |       7 |  -16.34 kcal/mol
         65 |      1830796 |  -15.88 kcal/mol |  -16.22 +/-    0.17 kcal/mol |       4 |  -16.34 kcal/mol
         70 |      1971363 |  -15.58 kcal/mol |  -16.20 +/-    0.14 kcal/mol |       7 |  -16.34 kcal/mol
         75 |      2110991 |  -15.90 kcal/mol |  -16.26 +/-    0.05 kcal/mol |       6 |  -16.34 kcal/mol
------------+--------------+------------------+------------------------------+---------+-------------------

                                   Finished evaluation after reaching
                                  -16.21 +/-    0.13 kcal/mol combined.
                             24 samples, best inter + intra   -16.34 kcal/mol.


Shutdown time 0.000694s

Job #3 took 1.246 sec after waiting 0.040 sec for setup

(Thread 0 is processing Job #3)
Run time of entire job set (3 files): 8.136 sec
Savings from multithreading: -0.000 sec
Idle time of execution thread: 4.631 sec

All jobs (3) ran without errors.
