AutoDock-GPU version: v1.6-7-ga46ab564d2ac5f1a1523f65239b43505a1c29364-dirty

Using 1 OpenMP threads

Running 2 docking calculations

Cuda device:                              NVIDIA A100-SXM4-40GB
Available memory on device:               39916 MB (total: 40339 MB)

CUDA Setup time 0.238307s
(Thread 0 is setting up Job #1)

Running Job #1:
    Device: NVIDIA A100-SXM4-40GB
    Grid map file: ./protein.maps.fld
    Ligand file: ./ligand_1_1.pdbqt
    Output file: docking_result_1.dlg (+ xml)
    Using heuristics: (capped) number of evaluations set to 2845257
    Overriding heuristics, setting number of evaluations to --nev = 2500000 instead.
    Local-search chosen method is: ADADELTA (ad)

Rest of Setup time 0.309151s

Executing docking runs, stopping automatically after either reaching 0.15 kcal/mol standard deviation of
the best molecules of the last 4 * 5 generations, 42000 generations, or 2500000 evaluations:

Generations |  Evaluations |     Threshold    |  Average energy of best 10%  | Samples | Best Inter + Intra
------------+--------------+------------------+------------------------------+---------+-------------------
          0 |          150 |   -1.89 kcal/mol |   -3.01 +/-    0.40 kcal/mol |       8 |   -3.76 kcal/mol
          5 |       137058 |   -2.25 kcal/mol |   -5.99 +/-    1.54 kcal/mol |    1011 |  -12.54 kcal/mol
         10 |       275856 |   -5.97 kcal/mol |   -9.82 +/-    0.77 kcal/mol |      54 |  -12.62 kcal/mol
         15 |       418786 |   -9.60 kcal/mol |  -11.56 +/-    0.49 kcal/mol |       9 |  -12.86 kcal/mol
         20 |       561903 |  -10.74 kcal/mol |  -12.24 +/-    0.47 kcal/mol |       7 |  -13.00 kcal/mol
         25 |       705248 |  -11.24 kcal/mol |  -13.11 +/-    0.48 kcal/mol |       5 |  -13.52 kcal/mol
         30 |       851723 |  -11.67 kcal/mol |  -13.27 +/-    0.42 kcal/mol |       5 |  -13.76 kcal/mol
         35 |       999832 |  -12.00 kcal/mol |  -13.37 +/-    0.33 kcal/mol |       5 |  -13.76 kcal/mol
         40 |      1147199 |  -12.37 kcal/mol |  -13.50 +/-    0.27 kcal/mol |       4 |  -13.76 kcal/mol
         45 |      1291329 |  -12.48 kcal/mol |  -13.33 +/-    0.23 kcal/mol |       6 |  -13.76 kcal/mol
         50 |      1433888 |  -12.77 kcal/mol |  -13.47 +/-    0.16 kcal/mol |       4 |  -13.76 kcal/mol
         55 |      1576554 |  -12.85 kcal/mol |  -13.56 +/-    0.22 kcal/mol |       5 |  -13.91 kcal/mol
         60 |      1717190 |  -12.89 kcal/mol |  -13.47 +/-    0.22 kcal/mol |       8 |  -13.93 kcal/mol
         65 |      1864184 |  -13.05 kcal/mol |  -13.66 +/-    0.20 kcal/mol |       4 |  -13.93 kcal/mol
         70 |      2008311 |  -12.92 kcal/mol |  -13.71 +/-    0.18 kcal/mol |       5 |  -13.93 kcal/mol
         75 |      2149728 |  -13.18 kcal/mol |  -13.71 +/-    0.23 kcal/mol |       3 |  -13.97 kcal/mol
         80 |      2288880 |  -12.55 kcal/mol |  -13.73 +/-    0.25 kcal/mol |       6 |  -13.97 kcal/mol
         85 |      2428709 |  -13.10 kcal/mol |  -13.90 +/-    0.10 kcal/mol |       4 |  -14.01 kcal/mol
         88 |      2511934 |  -13.54 kcal/mol |  -13.91 +/-    0.11 kcal/mol |       7 |  -14.02 kcal/mol
------------+--------------+------------------+------------------------------+---------+-------------------

                                   Finished evaluation after reaching
                       2511934 evaluations. Best inter + intra   -14.02 kcal/mol.


Shutdown time 0.000676s

Job #1 took 1.394 sec after waiting 4.477 sec for setup

(Thread 0 is processing Job #1)
(Thread 0 is setting up Job #2)

Running Job #2:
    Device: NVIDIA A100-SXM4-40GB
    Grid map file: ./protein.maps.fld
    Ligand file: ./ligand_2_2.pdbqt
    Output file: docking_result_2.dlg (+ xml)
    Using heuristics: (capped) number of evaluations set to 2845257
    Overriding heuristics, setting number of evaluations to --nev = 2500000 instead.
    Local-search chosen method is: ADADELTA (ad)

Rest of Setup time 0.306421s

Executing docking runs, stopping automatically after either reaching 0.15 kcal/mol standard deviation of
the best molecules of the last 4 * 5 generations, 42000 generations, or 2500000 evaluations:

Generations |  Evaluations |     Threshold    |  Average energy of best 10%  | Samples | Best Inter + Intra
------------+--------------+------------------+------------------------------+---------+-------------------
          0 |          150 |   -1.53 kcal/mol |   -1.77 +/-    0.14 kcal/mol |       9 |   -2.01 kcal/mol
          5 |       113003 |   -1.53 kcal/mol |   -4.66 +/-    1.71 kcal/mol |     836 |  -10.47 kcal/mol
         10 |       223379 |   -4.63 kcal/mol |   -9.18 +/-    0.75 kcal/mol |      36 |  -10.86 kcal/mol
         15 |       332871 |   -8.87 kcal/mol |  -10.93 +/-    0.38 kcal/mol |       5 |  -11.66 kcal/mol
         20 |       444740 |   -9.79 kcal/mol |  -10.98 +/-    0.41 kcal/mol |      11 |  -11.83 kcal/mol
         25 |       557942 |  -10.42 kcal/mol |  -11.37 +/-    0.26 kcal/mol |       5 |  -11.83 kcal/mol
         30 |       673683 |  -10.58 kcal/mol |  -12.56 +/-    0.77 kcal/mol |       5 |  -13.20 kcal/mol
         35 |       789045 |  -10.25 kcal/mol |  -12.99 +/-    0.34 kcal/mol |       4 |  -13.20 kcal/mol
         40 |       904619 |  -11.72 kcal/mol |  -13.18 +/-    0.02 kcal/mol |       4 |  -13.20 kcal/mol
         45 |      1020211 |  -12.62 kcal/mol |  -13.26 +/-    0.13 kcal/mol |       6 |  -13.43 kcal/mol
         50 |      1137572 |  -12.94 kcal/mol |  -13.27 +/-    0.15 kcal/mol |       5 |  -13.47 kcal/mol
         55 |      1255945 |  -12.81 kcal/mol |  -13.41 +/-    0.10 kcal/mol |       5 |  -13.47 kcal/mol
         60 |      1374397 |  -13.10 kcal/mol |  -13.45 +/-    0.15 kcal/mol |       4 |  -13.60 kcal/mol
         65 |      1493357 |  -12.88 kcal/mol |  -13.37 +/-    0.18 kcal/mol |       4 |  -13.62 kcal/mol
         70 |      1610539 |  -12.71 kcal/mol |  -13.34 +/-    0.18 kcal/mol |       5 |  -13.62 kcal/mol
         75 |      1728750 |  -12.80 kcal/mol |  -13.43 +/-    0.15 kcal/mol |       4 |  -13.63 kcal/mol
         80 |      1847606 |  -12.86 kcal/mol |  -13.46 +/-    0.14 kcal/mol |       5 |  -13.63 kcal/mol
         85 |      1964914 |  -13.03 kcal/mol |  -13.40 +/-    0.17 kcal/mol |       5 |  -13.63 kcal/mol
         90 |      2082034 |  -12.89 kcal/mol |  -13.52 +/-    0.06 kcal/mol |       6 |  -13.63 kcal/mol
------------+--------------+------------------+------------------------------+---------+-------------------

                                   Finished evaluation after reaching
                                  -13.46 +/-    0.14 kcal/mol combined.
                             20 samples, best inter + intra   -13.63 kcal/mol.


Shutdown time 0.000650s

Job #2 took 1.311 sec after waiting 0.049 sec for setup

(Thread 0 is processing Job #2)
Run time of entire job set (2 files): 7.282 sec
Savings from multithreading: -0.000 sec
Idle time of execution thread: 4.576 sec

All jobs (2) ran without errors.
