AutoDock-GPU version: v1.6-7-ga46ab564d2ac5f1a1523f65239b43505a1c29364-dirty

Using 1 OpenMP threads

Running 8 docking calculations

Cuda device:                              NVIDIA A100-SXM4-40GB
Available memory on device:               39916 MB (total: 40339 MB)

CUDA Setup time 0.232508s
(Thread 0 is setting up Job #1)

Running Job #1:
    Device: NVIDIA A100-SXM4-40GB
    Grid map file: ./protein.maps.fld
    Ligand file: ./ligand_1_1.pdbqt
    Output file: docking_result_1.dlg (+ xml)
    Using heuristics: (capped) number of evaluations set to 2845257
    Overriding heuristics, setting number of evaluations to --nev = 2500000 instead.
    Local-search chosen method is: ADADELTA (ad)

Rest of Setup time 0.071118s

Executing docking runs, stopping automatically after either reaching 0.15 kcal/mol standard deviation of
the best molecules of the last 4 * 5 generations, 42000 generations, or 2500000 evaluations:

Generations |  Evaluations |     Threshold    |  Average energy of best 10%  | Samples | Best Inter + Intra
------------+--------------+------------------+------------------------------+---------+-------------------
          0 |          150 |   -1.98 kcal/mol |   -2.54 +/-    0.15 kcal/mol |       4 |   -2.75 kcal/mol
          5 |        89053 |   -1.98 kcal/mol |   -5.48 +/-    1.73 kcal/mol |     726 |  -10.66 kcal/mol
         10 |       188761 |   -5.44 kcal/mol |   -9.82 +/-    0.78 kcal/mol |      53 |  -12.26 kcal/mol
         15 |       296892 |   -9.60 kcal/mol |  -11.66 +/-    0.41 kcal/mol |       9 |  -12.35 kcal/mol
         20 |       412844 |  -10.99 kcal/mol |  -12.23 +/-    0.14 kcal/mol |       8 |  -12.40 kcal/mol
         25 |       531636 |  -11.98 kcal/mol |  -12.33 +/-    0.15 kcal/mol |       7 |  -12.54 kcal/mol
         30 |       655903 |  -12.01 kcal/mol |  -12.38 +/-    0.22 kcal/mol |       7 |  -12.86 kcal/mol
         35 |       780112 |  -11.92 kcal/mol |  -12.51 +/-    0.29 kcal/mol |       4 |  -13.01 kcal/mol
         40 |       905073 |  -11.40 kcal/mol |  -12.37 +/-    0.27 kcal/mol |      12 |  -13.16 kcal/mol
         45 |      1033153 |  -12.03 kcal/mol |  -12.73 +/-    0.27 kcal/mol |       4 |  -13.16 kcal/mol
         50 |      1161827 |  -11.72 kcal/mol |  -12.62 +/-    0.38 kcal/mol |       6 |  -13.42 kcal/mol
         55 |      1291173 |  -11.68 kcal/mol |  -12.76 +/-    0.40 kcal/mol |       4 |  -13.42 kcal/mol
         60 |      1416270 |  -11.27 kcal/mol |  -12.38 +/-    0.33 kcal/mol |      14 |  -13.42 kcal/mol
         65 |      1544726 |  -12.03 kcal/mol |  -13.03 +/-    0.39 kcal/mol |       4 |  -13.42 kcal/mol
         70 |      1673600 |  -11.55 kcal/mol |  -12.48 +/-    0.26 kcal/mol |      19 |  -13.42 kcal/mol
         75 |      1801601 |  -12.27 kcal/mol |  -12.78 +/-    0.29 kcal/mol |       6 |  -13.42 kcal/mol
         80 |      1929184 |  -12.05 kcal/mol |  -13.15 +/-    0.29 kcal/mol |       4 |  -13.43 kcal/mol
         85 |      2056105 |  -12.07 kcal/mol |  -13.01 +/-    0.38 kcal/mol |       5 |  -13.47 kcal/mol
         90 |      2182742 |  -11.88 kcal/mol |  -12.97 +/-    0.26 kcal/mol |       5 |  -13.47 kcal/mol
         95 |      2312616 |  -12.18 kcal/mol |  -12.94 +/-    0.34 kcal/mol |       4 |  -13.47 kcal/mol
        100 |      2439423 |  -11.66 kcal/mol |  -12.61 +/-    0.28 kcal/mol |      15 |  -13.47 kcal/mol
        103 |      2515249 |  -12.34 kcal/mol |  -12.60 +/-    0.28 kcal/mol |      30 |  -13.47 kcal/mol
------------+--------------+------------------+------------------------------+---------+-------------------

                                   Finished evaluation after reaching
                       2515249 evaluations. Best inter + intra   -13.47 kcal/mol.


Shutdown time 0.000678s

Job #1 took 1.240 sec after waiting 1.188 sec for setup

(Thread 0 is processing Job #1)
(Thread 0 is setting up Job #2)

Running Job #2:
    Device: NVIDIA A100-SXM4-40GB
    Grid map file: ./protein.maps.fld
    Ligand file: ./ligand_2_2.pdbqt
    Output file: docking_result_2.dlg (+ xml)
    Using heuristics: (capped) number of evaluations set to 2845257
    Overriding heuristics, setting number of evaluations to --nev = 2500000 instead.
    Local-search chosen method is: ADADELTA (ad)

Rest of Setup time 0.068402s

Executing docking runs, stopping automatically after either reaching 0.15 kcal/mol standard deviation of
the best molecules of the last 4 * 5 generations, 42000 generations, or 2500000 evaluations:

Generations |  Evaluations |     Threshold    |  Average energy of best 10%  | Samples | Best Inter + Intra
------------+--------------+------------------+------------------------------+---------+-------------------
          0 |          150 |   -2.09 kcal/mol |   -2.39 +/-    0.18 kcal/mol |       9 |   -2.75 kcal/mol
          5 |        88967 |   -2.09 kcal/mol |   -5.65 +/-    1.88 kcal/mol |     669 |  -12.77 kcal/mol
         10 |       189539 |   -5.61 kcal/mol |  -10.66 +/-    1.25 kcal/mol |      31 |  -13.29 kcal/mol
         15 |       297097 |  -10.06 kcal/mol |  -12.98 +/-    0.30 kcal/mol |       5 |  -13.34 kcal/mol
         20 |       413185 |  -12.07 kcal/mol |  -13.23 +/-    0.24 kcal/mol |       5 |  -13.39 kcal/mol
         25 |       532492 |  -12.52 kcal/mol |  -13.47 +/-    0.23 kcal/mol |       4 |  -13.86 kcal/mol
         30 |       656447 |  -12.59 kcal/mol |  -13.94 +/-    0.55 kcal/mol |       5 |  -14.53 kcal/mol
         35 |       780908 |  -12.30 kcal/mol |  -14.01 +/-    0.34 kcal/mol |       4 |  -14.53 kcal/mol
         40 |       905773 |  -12.75 kcal/mol |  -14.22 +/-    0.27 kcal/mol |       6 |  -14.53 kcal/mol
         45 |      1029080 |  -13.56 kcal/mol |  -14.11 +/-    0.24 kcal/mol |       4 |  -14.53 kcal/mol
         50 |      1156780 |  -13.20 kcal/mol |  -14.03 +/-    0.32 kcal/mol |       4 |  -14.53 kcal/mol
         55 |      1286973 |  -12.81 kcal/mol |  -14.06 +/-    0.29 kcal/mol |       4 |  -14.53 kcal/mol
         60 |      1413789 |  -12.99 kcal/mol |  -14.04 +/-    0.27 kcal/mol |       5 |  -14.53 kcal/mol
         65 |      1543708 |  -13.24 kcal/mol |  -14.14 +/-    0.21 kcal/mol |       5 |  -14.53 kcal/mol
         70 |      1674556 |  -13.49 kcal/mol |  -14.18 +/-    0.26 kcal/mol |       6 |  -14.53 kcal/mol
         75 |      1802297 |  -13.54 kcal/mol |  -14.15 +/-    0.23 kcal/mol |       4 |  -14.53 kcal/mol
         80 |      1930747 |  -13.27 kcal/mol |  -14.17 +/-    0.29 kcal/mol |       8 |  -14.53 kcal/mol
         85 |      2057439 |  -13.63 kcal/mol |  -14.34 +/-    0.21 kcal/mol |       4 |  -14.55 kcal/mol
         90 |      2185832 |  -13.55 kcal/mol |  -14.30 +/-    0.26 kcal/mol |       4 |  -14.55 kcal/mol
         95 |      2314385 |  -13.33 kcal/mol |  -14.24 +/-    0.28 kcal/mol |       5 |  -14.63 kcal/mol
        100 |      2444105 |  -13.39 kcal/mol |  -14.13 +/-    0.26 kcal/mol |       5 |  -14.63 kcal/mol
        103 |      2520238 |  -13.35 kcal/mol |  -14.17 +/-    0.29 kcal/mol |      11 |  -14.63 kcal/mol
------------+--------------+------------------+------------------------------+---------+-------------------

                                   Finished evaluation after reaching
                       2520238 evaluations. Best inter + intra   -14.63 kcal/mol.


Shutdown time 0.000662s

Job #2 took 1.248 sec after waiting 0.046 sec for setup

(Thread 0 is processing Job #2)
(Thread 0 is setting up Job #3)

Running Job #3:
    Device: NVIDIA A100-SXM4-40GB
    Grid map file: ./protein.maps.fld
    Ligand file: ./ligand_3_3.pdbqt
    Output file: docking_result_3.dlg (+ xml)
    Using heuristics: (capped) number of evaluations set to 2845257
    Overriding heuristics, setting number of evaluations to --nev = 2500000 instead.
    Local-search chosen method is: ADADELTA (ad)

Rest of Setup time 0.068223s

Executing docking runs, stopping automatically after either reaching 0.15 kcal/mol standard deviation of
the best molecules of the last 4 * 5 generations, 42000 generations, or 2500000 evaluations:

Generations |  Evaluations |     Threshold    |  Average energy of best 10%  | Samples | Best Inter + Intra
------------+--------------+------------------+------------------------------+---------+-------------------
          0 |          150 |   -2.09 kcal/mol |   -2.39 +/-    0.18 kcal/mol |       9 |   -2.75 kcal/mol
          5 |        88924 |   -2.09 kcal/mol |   -5.65 +/-    1.87 kcal/mol |     669 |  -12.77 kcal/mol
         10 |       189035 |   -5.61 kcal/mol |  -10.61 +/-    1.22 kcal/mol |      32 |  -13.29 kcal/mol
         15 |       300130 |  -10.04 kcal/mol |  -12.74 +/-    0.31 kcal/mol |       6 |  -13.34 kcal/mol
         20 |       416641 |  -11.96 kcal/mol |  -13.10 +/-    0.24 kcal/mol |       7 |  -13.36 kcal/mol
         25 |       539103 |  -12.60 kcal/mol |  -13.35 +/-    0.22 kcal/mol |       5 |  -13.67 kcal/mol
         30 |       666558 |  -12.71 kcal/mol |  -13.36 +/-    0.17 kcal/mol |       7 |  -13.67 kcal/mol
         35 |       794005 |  -13.00 kcal/mol |  -13.41 +/-    0.14 kcal/mol |       6 |  -13.67 kcal/mol
         40 |       919225 |  -13.06 kcal/mol |  -13.79 +/-    0.30 kcal/mol |      11 |  -14.19 kcal/mol
         45 |      1043967 |  -13.37 kcal/mol |  -13.75 +/-    0.21 kcal/mol |       8 |  -14.25 kcal/mol
         50 |      1169815 |  -13.37 kcal/mol |  -14.00 +/-    0.25 kcal/mol |       4 |  -14.25 kcal/mol
         55 |      1298549 |  -13.06 kcal/mol |  -13.88 +/-    0.27 kcal/mol |       6 |  -14.25 kcal/mol
         60 |      1426903 |  -13.19 kcal/mol |  -14.03 +/-    0.22 kcal/mol |       4 |  -14.25 kcal/mol
         65 |      1559204 |  -13.23 kcal/mol |  -14.01 +/-    0.24 kcal/mol |       4 |  -14.25 kcal/mol
         70 |      1689122 |  -13.12 kcal/mol |  -13.93 +/-    0.19 kcal/mol |       6 |  -14.34 kcal/mol
         75 |      1818556 |  -13.46 kcal/mol |  -14.08 +/-    0.19 kcal/mol |       7 |  -14.34 kcal/mol
         80 |      1948195 |  -13.68 kcal/mol |  -14.01 +/-    0.15 kcal/mol |       8 |  -14.34 kcal/mol
         85 |      2076523 |  -13.74 kcal/mol |  -14.02 +/-    0.22 kcal/mol |       7 |  -14.53 kcal/mol
         90 |      2202021 |  -13.54 kcal/mol |  -14.14 +/-    0.23 kcal/mol |       4 |  -14.53 kcal/mol
         95 |      2330513 |  -13.30 kcal/mol |  -14.10 +/-    0.29 kcal/mol |       7 |  -14.54 kcal/mol
        100 |      2458453 |  -13.47 kcal/mol |  -14.42 +/-    0.19 kcal/mol |       5 |  -14.55 kcal/mol
        102 |      2508207 |  -13.86 kcal/mol |  -14.47 +/-    0.16 kcal/mol |       8 |  -14.55 kcal/mol
------------+--------------+------------------+------------------------------+---------+-------------------

                                   Finished evaluation after reaching
                       2508207 evaluations. Best inter + intra   -14.55 kcal/mol.


Shutdown time 0.000640s

Job #3 took 1.241 sec after waiting 0.051 sec for setup

(Thread 0 is processing Job #3)
(Thread 0 is setting up Job #4)

Running Job #4:
    Device: NVIDIA A100-SXM4-40GB
    Grid map file: ./protein.maps.fld
    Ligand file: ./ligand_4_4.pdbqt
    Output file: docking_result_4.dlg (+ xml)
    Using heuristics: (capped) number of evaluations set to 2280181
    Local-search chosen method is: ADADELTA (ad)

Rest of Setup time 0.068202s

Executing docking runs, stopping automatically after either reaching 0.15 kcal/mol standard deviation of
the best molecules of the last 4 * 5 generations, 42000 generations, or 2280181 evaluations:

Generations |  Evaluations |     Threshold    |  Average energy of best 10%  | Samples | Best Inter + Intra
------------+--------------+------------------+------------------------------+---------+-------------------
          0 |          150 |   -1.67 kcal/mol |   -1.96 +/-    0.20 kcal/mol |      10 |   -2.45 kcal/mol
          5 |        84536 |   -1.67 kcal/mol |   -5.04 +/-    1.83 kcal/mol |     661 |  -11.87 kcal/mol
         10 |       180750 |   -5.00 kcal/mol |  -10.12 +/-    1.19 kcal/mol |      49 |  -12.81 kcal/mol
         15 |       289528 |   -9.76 kcal/mol |  -12.48 +/-    0.35 kcal/mol |       4 |  -12.81 kcal/mol
         20 |       410694 |  -11.16 kcal/mol |  -12.13 +/-    0.26 kcal/mol |      13 |  -12.81 kcal/mol
         25 |       535309 |  -11.84 kcal/mol |  -12.70 +/-    0.09 kcal/mol |       4 |  -12.81 kcal/mol
         30 |       663523 |  -12.36 kcal/mol |  -12.64 +/-    0.13 kcal/mol |       8 |  -12.81 kcal/mol
         35 |       792857 |  -12.40 kcal/mol |  -12.65 +/-    0.13 kcal/mol |      11 |  -12.81 kcal/mol
         40 |       920634 |  -12.46 kcal/mol |  -12.76 +/-    0.09 kcal/mol |       8 |  -12.87 kcal/mol
         45 |      1048791 |  -12.59 kcal/mol |  -12.73 +/-    0.07 kcal/mol |      11 |  -12.89 kcal/mol
         50 |      1178090 |  -12.53 kcal/mol |  -12.67 +/-    0.12 kcal/mol |      10 |  -12.89 kcal/mol
         55 |      1308963 |  -12.49 kcal/mol |  -12.72 +/-    0.09 kcal/mol |      11 |  -12.89 kcal/mol
         60 |      1436958 |  -12.60 kcal/mol |  -12.76 +/-    0.08 kcal/mol |       6 |  -12.89 kcal/mol
------------+--------------+------------------+------------------------------+---------+-------------------

                                   Finished evaluation after reaching
                                  -12.71 +/-    0.09 kcal/mol combined.
                             38 samples, best inter + intra   -12.89 kcal/mol.


Shutdown time 0.000616s

Job #4 took 0.732 sec after waiting 0.051 sec for setup

(Thread 0 is processing Job #4)
(Thread 0 is setting up Job #5)

Running Job #5:
    Device: NVIDIA A100-SXM4-40GB
    Grid map file: ./protein.maps.fld
    Ligand file: ./ligand_5_5.pdbqt
    Output file: docking_result_5.dlg (+ xml)
    Using heuristics: (capped) number of evaluations set to 4951475
    Overriding heuristics, setting number of evaluations to --nev = 2500000 instead.
    Warning: The set number of evals is 29.66% of the uncapped heuristics estimate of 8429805 evals.
             This means this docking may not be able to converge. Increasing --heurmax may improve
             convergence but will also increase runtime.
             AutoStop will not stop before 27.75% (693732) of the set number of evaluations.
    Local-search chosen method is: ADADELTA (ad)

Rest of Setup time 0.068137s

Executing docking runs, stopping automatically after either reaching 0.15 kcal/mol standard deviation of
the best molecules of the last 4 * 5 generations, 42000 generations, or 2500000 evaluations:

Generations |  Evaluations |     Threshold    |  Average energy of best 10%  | Samples | Best Inter + Intra
------------+--------------+------------------+------------------------------+---------+-------------------
          0 |          150 |   -1.99 kcal/mol |   -2.59 +/-    0.16 kcal/mol |       4 |   -2.81 kcal/mol
          5 |       105093 |   -1.99 kcal/mol |   -6.46 +/-    1.79 kcal/mol |     840 |  -12.26 kcal/mol
         10 |       220000 |   -6.43 kcal/mol |  -11.10 +/-    0.80 kcal/mol |      31 |  -12.60 kcal/mol
         15 |       341409 |  -10.72 kcal/mol |  -12.41 +/-    0.24 kcal/mol |       4 |  -12.66 kcal/mol
         20 |       466941 |  -11.49 kcal/mol |  -12.62 +/-    0.47 kcal/mol |      11 |  -13.30 kcal/mol
         25 |       599626 |  -11.98 kcal/mol |  -13.06 +/-    0.13 kcal/mol |       5 |  -13.30 kcal/mol
         30 |       736495 |  -12.68 kcal/mol |  -12.92 +/-    0.18 kcal/mol |      11 |  -13.31 kcal/mol
         35 |       870605 |  -12.67 kcal/mol |  -13.08 +/-    0.15 kcal/mol |       6 |  -13.31 kcal/mol
         40 |      1007874 |  -12.69 kcal/mol |  -13.17 +/-    0.13 kcal/mol |      10 |  -13.31 kcal/mol
         45 |      1146009 |  -12.97 kcal/mol |  -13.20 +/-    0.13 kcal/mol |       9 |  -13.36 kcal/mol
         50 |      1286712 |  -12.98 kcal/mol |  -13.68 +/-    0.27 kcal/mol |       5 |  -13.94 kcal/mol
         55 |      1431099 |  -12.88 kcal/mol |  -13.65 +/-    0.29 kcal/mol |       4 |  -13.94 kcal/mol
         60 |      1571537 |  -12.56 kcal/mol |  -13.43 +/-    0.24 kcal/mol |       7 |  -13.94 kcal/mol
         65 |      1714105 |  -12.92 kcal/mol |  -13.41 +/-    0.20 kcal/mol |      12 |  -13.94 kcal/mol
         70 |      1853363 |  -13.17 kcal/mol |  -13.55 +/-    0.17 kcal/mol |       9 |  -13.94 kcal/mol
         75 |      1996353 |  -13.26 kcal/mol |  -13.68 +/-    0.15 kcal/mol |       4 |  -13.94 kcal/mol
         80 |      2137429 |  -13.10 kcal/mol |  -13.62 +/-    0.12 kcal/mol |       8 |  -13.94 kcal/mol
         85 |      2279461 |  -13.39 kcal/mol |  -13.63 +/-    0.12 kcal/mol |      11 |  -13.98 kcal/mol
         90 |      2422977 |  -13.46 kcal/mol |  -13.64 +/-    0.14 kcal/mol |       7 |  -13.98 kcal/mol
         93 |      2508385 |  -13.33 kcal/mol |  -13.64 +/-    0.16 kcal/mol |      20 |  -13.98 kcal/mol
------------+--------------+------------------+------------------------------+---------+-------------------

                                   Finished evaluation after reaching
                       2508385 evaluations. Best inter + intra   -13.98 kcal/mol.


Shutdown time 0.000606s

Job #5 took 1.100 sec after waiting 0.046 sec for setup

(Thread 0 is processing Job #5)
(Thread 0 is setting up Job #6)

Running Job #6:
    Device: NVIDIA A100-SXM4-40GB
    Grid map file: ./protein.maps.fld
    Ligand file: ./ligand_6_6.pdbqt
    Output file: docking_result_6.dlg (+ xml)
    Using heuristics: (capped) number of evaluations set to 4951475
    Overriding heuristics, setting number of evaluations to --nev = 2500000 instead.
    Warning: The set number of evals is 29.66% of the uncapped heuristics estimate of 8429805 evals.
             This means this docking may not be able to converge. Increasing --heurmax may improve
             convergence but will also increase runtime.
             AutoStop will not stop before 27.75% (693732) of the set number of evaluations.
    Local-search chosen method is: ADADELTA (ad)

Rest of Setup time 0.068702s

Executing docking runs, stopping automatically after either reaching 0.15 kcal/mol standard deviation of
the best molecules of the last 4 * 5 generations, 42000 generations, or 2500000 evaluations:

Generations |  Evaluations |     Threshold    |  Average energy of best 10%  | Samples | Best Inter + Intra
------------+--------------+------------------+------------------------------+---------+-------------------
          0 |          150 |   -2.39 kcal/mol |   -3.14 +/-    0.25 kcal/mol |       5 |   -3.47 kcal/mol
          5 |       100146 |   -2.41 kcal/mol |   -6.07 +/-    1.63 kcal/mol |     793 |  -12.30 kcal/mol
         10 |       206502 |   -6.04 kcal/mol |  -10.33 +/-    0.75 kcal/mol |      32 |  -12.30 kcal/mol
         15 |       323394 |   -9.98 kcal/mol |  -11.78 +/-    0.30 kcal/mol |       4 |  -12.30 kcal/mol
         20 |       449580 |  -10.64 kcal/mol |  -11.66 +/-    0.32 kcal/mol |      12 |  -12.30 kcal/mol
         25 |       581651 |  -11.25 kcal/mol |  -12.57 +/-    0.35 kcal/mol |       4 |  -13.08 kcal/mol
         30 |       718192 |  -11.25 kcal/mol |  -12.54 +/-    0.35 kcal/mol |       7 |  -13.08 kcal/mol
         35 |       851847 |  -11.79 kcal/mol |  -12.45 +/-    0.31 kcal/mol |       5 |  -13.08 kcal/mol
         40 |       987403 |  -11.51 kcal/mol |  -12.71 +/-    0.51 kcal/mol |       7 |  -13.45 kcal/mol
         45 |      1125811 |  -11.63 kcal/mol |  -12.57 +/-    0.49 kcal/mol |       5 |  -13.53 kcal/mol
         50 |      1264160 |  -11.12 kcal/mol |  -12.48 +/-    0.49 kcal/mol |       6 |  -13.53 kcal/mol
         55 |      1403816 |  -11.25 kcal/mol |  -12.78 +/-    0.52 kcal/mol |      11 |  -13.54 kcal/mol
         60 |      1538082 |  -12.07 kcal/mol |  -13.11 +/-    0.32 kcal/mol |       4 |  -13.57 kcal/mol
         65 |      1673290 |  -11.91 kcal/mol |  -13.25 +/-    0.39 kcal/mol |       4 |  -13.62 kcal/mol
         70 |      1807944 |  -11.80 kcal/mol |  -13.32 +/-    0.45 kcal/mol |       4 |  -13.83 kcal/mol
         75 |      1944972 |  -11.62 kcal/mol |  -13.03 +/-    0.48 kcal/mol |       5 |  -13.92 kcal/mol
         80 |      2083138 |  -11.58 kcal/mol |  -13.43 +/-    0.49 kcal/mol |       8 |  -13.92 kcal/mol
         85 |      2219958 |  -12.51 kcal/mol |  -13.41 +/-    0.36 kcal/mol |       6 |  -13.92 kcal/mol
         90 |      2357978 |  -12.51 kcal/mol |  -13.49 +/-    0.43 kcal/mol |       4 |  -13.92 kcal/mol
         95 |      2497177 |  -11.88 kcal/mol |  -13.38 +/-    0.47 kcal/mol |       5 |  -13.94 kcal/mol
         96 |      2524576 |  -11.98 kcal/mol |  -13.44 +/-    0.44 kcal/mol |      10 |  -13.94 kcal/mol
------------+--------------+------------------+------------------------------+---------+-------------------

                                   Finished evaluation after reaching
                       2524576 evaluations. Best inter + intra   -13.94 kcal/mol.


Shutdown time 0.000664s

Job #6 took 1.016 sec after waiting 0.044 sec for setup

(Thread 0 is processing Job #6)
(Thread 0 is setting up Job #7)

Running Job #7:
    Device: NVIDIA A100-SXM4-40GB
    Grid map file: ./protein.maps.fld
    Ligand file: ./ligand_7_7.pdbqt
    Output file: docking_result_7.dlg (+ xml)
    Using heuristics: (capped) number of evaluations set to 2845257
    Overriding heuristics, setting number of evaluations to --nev = 2500000 instead.
    Local-search chosen method is: ADADELTA (ad)

Rest of Setup time 0.068938s

Executing docking runs, stopping automatically after either reaching 0.15 kcal/mol standard deviation of
the best molecules of the last 4 * 5 generations, 42000 generations, or 2500000 evaluations:

Generations |  Evaluations |     Threshold    |  Average energy of best 10%  | Samples | Best Inter + Intra
------------+--------------+------------------+------------------------------+---------+-------------------
          0 |          150 |   -2.19 kcal/mol |   -2.39 +/-    0.11 kcal/mol |       8 |   -2.58 kcal/mol
          5 |        93746 |   -2.19 kcal/mol |   -5.33 +/-    1.74 kcal/mol |     751 |  -12.58 kcal/mol
         10 |       198354 |   -5.29 kcal/mol |   -9.71 +/-    0.81 kcal/mol |      40 |  -12.58 kcal/mol
         15 |       314892 |   -9.41 kcal/mol |  -11.51 +/-    0.49 kcal/mol |      10 |  -12.74 kcal/mol
         20 |       441717 |  -10.78 kcal/mol |  -12.47 +/-    0.31 kcal/mol |       5 |  -12.76 kcal/mol
         25 |       570506 |  -11.54 kcal/mol |  -12.47 +/-    0.18 kcal/mol |       6 |  -12.76 kcal/mol
         30 |       702504 |  -12.03 kcal/mol |  -12.58 +/-    0.12 kcal/mol |      10 |  -12.76 kcal/mol
         35 |       833062 |  -12.40 kcal/mol |  -12.57 +/-    0.13 kcal/mol |       9 |  -12.76 kcal/mol
         40 |       965888 |  -12.36 kcal/mol |  -12.57 +/-    0.11 kcal/mol |      13 |  -12.76 kcal/mol
------------+--------------+------------------+------------------------------+---------+-------------------

                                   Finished evaluation after reaching
                                  -12.56 +/-    0.14 kcal/mol combined.
                             38 samples, best inter + intra   -12.76 kcal/mol.


Shutdown time 0.000634s

Job #7 took 0.538 sec after waiting 0.038 sec for setup

(Thread 0 is processing Job #7)
(Thread 0 is setting up Job #8)

Running Job #8:
    Device: NVIDIA A100-SXM4-40GB
    Grid map file: ./protein.maps.fld
    Ligand file: ./ligand_8_8.pdbqt
    Output file: docking_result_8.dlg (+ xml)
    Using heuristics: (capped) number of evaluations set to 2845257
    Overriding heuristics, setting number of evaluations to --nev = 2500000 instead.
    Local-search chosen method is: ADADELTA (ad)

Rest of Setup time 0.068875s

Executing docking runs, stopping automatically after either reaching 0.15 kcal/mol standard deviation of
the best molecules of the last 4 * 5 generations, 42000 generations, or 2500000 evaluations:

Generations |  Evaluations |     Threshold    |  Average energy of best 10%  | Samples | Best Inter + Intra
------------+--------------+------------------+------------------------------+---------+-------------------
          0 |          150 |   -2.19 kcal/mol |   -2.39 +/-    0.11 kcal/mol |       8 |   -2.58 kcal/mol
          5 |        93714 |   -2.19 kcal/mol |   -5.35 +/-    1.74 kcal/mol |     745 |  -12.58 kcal/mol
         10 |       198438 |   -5.32 kcal/mol |   -9.63 +/-    0.76 kcal/mol |      44 |  -12.58 kcal/mol
         15 |       315143 |   -9.37 kcal/mol |  -11.58 +/-    0.57 kcal/mol |       6 |  -12.58 kcal/mol
         20 |       440769 |  -10.15 kcal/mol |  -12.15 +/-    0.44 kcal/mol |       5 |  -12.58 kcal/mol
         25 |       570743 |  -10.85 kcal/mol |  -12.31 +/-    0.21 kcal/mol |       5 |  -12.58 kcal/mol
         30 |       703598 |  -11.67 kcal/mol |  -12.37 +/-    0.19 kcal/mol |       9 |  -12.61 kcal/mol
         35 |       838821 |  -12.06 kcal/mol |  -12.47 +/-    0.13 kcal/mol |       8 |  -12.63 kcal/mol
         40 |       973354 |  -12.23 kcal/mol |  -12.46 +/-    0.13 kcal/mol |      13 |  -12.66 kcal/mol
         45 |      1107136 |  -12.31 kcal/mol |  -12.52 +/-    0.11 kcal/mol |      12 |  -12.66 kcal/mol
         50 |      1238429 |  -12.39 kcal/mol |  -12.57 +/-    0.09 kcal/mol |      13 |  -12.66 kcal/mol
         55 |      1370103 |  -12.47 kcal/mol |  -12.60 +/-    0.07 kcal/mol |      11 |  -12.66 kcal/mol
------------+--------------+------------------+------------------------------+---------+-------------------

                                   Finished evaluation after reaching
                                  -12.54 +/-    0.12 kcal/mol combined.
                             49 samples, best inter + intra   -12.66 kcal/mol.


Shutdown time 0.000650s

Job #8 took 0.727 sec after waiting 0.053 sec for setup

(Thread 0 is processing Job #8)
Run time of entire job set (8 files): 9.408 sec
Savings from multithreading: -0.001 sec
Idle time of execution thread: 1.566 sec

All jobs (8) ran without errors.
