AutoDock-GPU version: v1.6-7-ga46ab564d2ac5f1a1523f65239b43505a1c29364-dirty

Using 1 OpenMP threads

Running 2 docking calculations

Cuda device:                              NVIDIA A100-SXM4-40GB
Available memory on device:               36750 MB (total: 40339 MB)

CUDA Setup time 0.172691s
(Thread 0 is setting up Job #1)

Running Job #1:
    Device: NVIDIA A100-SXM4-40GB
    Grid map file: ./protein.maps.fld
    Ligand file: ./ligand_1_1.pdbqt
    Output file: docking_result_1.dlg (+ xml)
    Using heuristics: (capped) number of evaluations set to 3487417
    Overriding heuristics, setting number of evaluations to --nev = 2500000 instead.
    Local-search chosen method is: ADADELTA (ad)

Rest of Setup time 0.325062s

Executing docking runs, stopping automatically after either reaching 0.15 kcal/mol standard deviation of
the best molecules of the last 4 * 5 generations, 42000 generations, or 2500000 evaluations:

Generations |  Evaluations |     Threshold    |  Average energy of best 10%  | Samples | Best Inter + Intra
------------+--------------+------------------+------------------------------+---------+-------------------
          0 |          150 |   -2.09 kcal/mol |   -2.45 +/-    0.17 kcal/mol |       7 |   -2.66 kcal/mol
          5 |       130986 |   -2.09 kcal/mol |   -5.66 +/-    1.98 kcal/mol |    1127 |  -13.28 kcal/mol
         10 |       254768 |   -5.63 kcal/mol |  -10.78 +/-    1.22 kcal/mol |      55 |  -14.31 kcal/mol
         15 |       380457 |  -10.45 kcal/mol |  -13.53 +/-    0.73 kcal/mol |       4 |  -14.32 kcal/mol
         20 |       505304 |  -10.77 kcal/mol |  -13.43 +/-    0.81 kcal/mol |       6 |  -14.33 kcal/mol
         25 |       628871 |  -11.41 kcal/mol |  -14.10 +/-    0.27 kcal/mol |       7 |  -14.37 kcal/mol
         30 |       754869 |  -13.51 kcal/mol |  -14.23 +/-    0.14 kcal/mol |       6 |  -14.37 kcal/mol
         35 |       879052 |  -13.88 kcal/mol |  -14.21 +/-    0.12 kcal/mol |      10 |  -14.37 kcal/mol
         40 |       999295 |  -14.03 kcal/mol |  -14.26 +/-    0.11 kcal/mol |       6 |  -14.37 kcal/mol
         45 |      1121031 |  -13.98 kcal/mol |  -14.28 +/-    0.11 kcal/mol |       8 |  -14.43 kcal/mol
         50 |      1242292 |  -14.07 kcal/mol |  -14.25 +/-    0.10 kcal/mol |       8 |  -14.43 kcal/mol
         55 |      1365005 |  -14.06 kcal/mol |  -14.24 +/-    0.10 kcal/mol |      14 |  -14.43 kcal/mol
         60 |      1483695 |  -14.14 kcal/mol |  -14.27 +/-    0.09 kcal/mol |       7 |  -14.43 kcal/mol
------------+--------------+------------------+------------------------------+---------+-------------------

                                   Finished evaluation after reaching
                                  -14.26 +/-    0.10 kcal/mol combined.
                             37 samples, best inter + intra   -14.43 kcal/mol.


Shutdown time 0.000666s

Job #1 took 1.065 sec after waiting 4.465 sec for setup

(Thread 0 is processing Job #1)
(Thread 0 is setting up Job #2)

Running Job #2:
    Device: NVIDIA A100-SXM4-40GB
    Grid map file: ./protein.maps.fld
    Ligand file: ./ligand_2_2.pdbqt
    Output file: docking_result_2.dlg (+ xml)
    Using heuristics: (capped) number of evaluations set to 2068966
    Local-search chosen method is: ADADELTA (ad)

Rest of Setup time 0.318433s

Executing docking runs, stopping automatically after either reaching 0.15 kcal/mol standard deviation of
the best molecules of the last 4 * 5 generations, 42000 generations, or 2068966 evaluations:

Generations |  Evaluations |     Threshold    |  Average energy of best 10%  | Samples | Best Inter + Intra
------------+--------------+------------------+------------------------------+---------+-------------------
          0 |          150 |   -1.39 kcal/mol |   -1.88 +/-    0.20 kcal/mol |       6 |   -2.23 kcal/mol
          5 |       140498 |   -1.39 kcal/mol |   -4.52 +/-    1.30 kcal/mol |     975 |  -11.47 kcal/mol
         10 |       273882 |   -4.50 kcal/mol |   -8.09 +/-    1.13 kcal/mol |      62 |  -11.62 kcal/mol
         15 |       406701 |   -7.81 kcal/mol |  -11.47 +/-    0.12 kcal/mol |       8 |  -11.66 kcal/mol
         20 |       537501 |  -11.24 kcal/mol |  -11.54 +/-    0.11 kcal/mol |      11 |  -11.67 kcal/mol
         25 |       667350 |  -11.38 kcal/mol |  -11.56 +/-    0.10 kcal/mol |       4 |  -11.67 kcal/mol
         30 |       798372 |  -11.17 kcal/mol |  -11.51 +/-    0.11 kcal/mol |      14 |  -11.67 kcal/mol
------------+--------------+------------------+------------------------------+---------+-------------------

                                   Finished evaluation after reaching
                                  -11.52 +/-    0.12 kcal/mol combined.
                             37 samples, best inter + intra   -11.67 kcal/mol.


Shutdown time 0.000671s

Job #2 took 0.831 sec after waiting 0.030 sec for setup

(Thread 0 is processing Job #2)
Run time of entire job set (2 files): 6.417 sec
Savings from multithreading: -0.000 sec
Idle time of execution thread: 4.520 sec

All jobs (2) ran without errors.
