AutoDock-GPU version: v1.6-7-ga46ab564d2ac5f1a1523f65239b43505a1c29364-dirty

Using 1 OpenMP threads

Running 4 docking calculations

Cuda device:                              NVIDIA A100-SXM4-40GB
Available memory on device:               39916 MB (total: 40339 MB)

CUDA Setup time 0.239762s
(Thread 0 is setting up Job #1)

Running Job #1:
    Device: NVIDIA A100-SXM4-40GB
    Grid map file: ./protein.maps.fld
    Ligand file: ./ligand_1_1.pdbqt
    Output file: docking_result_1.dlg (+ xml)
    Using heuristics: (capped) number of evaluations set to 2280181
    Local-search chosen method is: ADADELTA (ad)

Rest of Setup time 0.308906s

Executing docking runs, stopping automatically after either reaching 0.15 kcal/mol standard deviation of
the best molecules of the last 4 * 5 generations, 42000 generations, or 2280181 evaluations:

Generations |  Evaluations |     Threshold    |  Average energy of best 10%  | Samples | Best Inter + Intra
------------+--------------+------------------+------------------------------+---------+-------------------
          0 |          150 |   -1.27 kcal/mol |   -2.36 +/-    0.39 kcal/mol |       8 |   -3.26 kcal/mol
          5 |       113690 |   -1.62 kcal/mol |   -5.82 +/-    1.83 kcal/mol |     934 |  -13.61 kcal/mol
         10 |       231100 |   -5.79 kcal/mol |  -10.59 +/-    1.06 kcal/mol |      48 |  -14.66 kcal/mol
         15 |       355010 |  -10.26 kcal/mol |  -13.09 +/-    0.56 kcal/mol |      11 |  -14.66 kcal/mol
         20 |       481179 |  -12.33 kcal/mol |  -14.42 +/-    0.43 kcal/mol |       5 |  -15.01 kcal/mol
         25 |       608599 |  -13.13 kcal/mol |  -14.49 +/-    0.46 kcal/mol |       4 |  -15.01 kcal/mol
         30 |       739462 |  -12.78 kcal/mol |  -14.51 +/-    0.43 kcal/mol |      10 |  -15.01 kcal/mol
         35 |       868672 |  -13.86 kcal/mol |  -15.04 +/-    0.23 kcal/mol |       4 |  -15.43 kcal/mol
         40 |       997086 |  -14.17 kcal/mol |  -14.93 +/-    0.24 kcal/mol |       6 |  -15.43 kcal/mol
         45 |      1124997 |  -14.31 kcal/mol |  -14.92 +/-    0.19 kcal/mol |      11 |  -15.49 kcal/mol
         50 |      1252028 |  -14.65 kcal/mol |  -15.33 +/-    0.16 kcal/mol |       5 |  -15.49 kcal/mol
         55 |      1382310 |  -14.86 kcal/mol |  -15.34 +/-    0.19 kcal/mol |       4 |  -15.54 kcal/mol
         60 |      1510047 |  -14.61 kcal/mol |  -15.09 +/-    0.20 kcal/mol |      14 |  -15.62 kcal/mol
         65 |      1640689 |  -14.87 kcal/mol |  -15.07 +/-    0.21 kcal/mol |      10 |  -15.62 kcal/mol
         70 |      1771402 |  -14.76 kcal/mol |  -15.04 +/-    0.19 kcal/mol |      16 |  -15.62 kcal/mol
         75 |      1901141 |  -14.86 kcal/mol |  -15.29 +/-    0.22 kcal/mol |       7 |  -15.62 kcal/mol
         80 |      2032164 |  -14.82 kcal/mol |  -15.53 +/-    0.22 kcal/mol |       4 |  -15.80 kcal/mol
         85 |      2161689 |  -14.69 kcal/mol |  -15.43 +/-    0.28 kcal/mol |       8 |  -15.84 kcal/mol
         90 |      2289195 |  -14.91 kcal/mol |  -15.37 +/-    0.25 kcal/mol |      22 |  -15.84 kcal/mol
------------+--------------+------------------+------------------------------+---------+-------------------

                                   Finished evaluation after reaching
                       2289195 evaluations. Best inter + intra   -15.84 kcal/mol.


Shutdown time 0.000693s

Job #1 took 1.519 sec after waiting 4.525 sec for setup

(Thread 0 is processing Job #1)
(Thread 0 is setting up Job #2)

Running Job #2:
    Device: NVIDIA A100-SXM4-40GB
    Grid map file: ./protein.maps.fld
    Ligand file: ./ligand_2_2.pdbqt
    Output file: docking_result_2.dlg (+ xml)
    Using heuristics: (capped) number of evaluations set to 7973093
    Overriding heuristics, setting number of evaluations to --nev = 2500000 instead.
    Warning: The set number of evals is 10.52% of the uncapped heuristics estimate of 23759450 evals.
             This means this docking may not be able to converge. Increasing --heurmax may improve
             convergence but will also increase runtime.
             AutoStop will not stop before 76.79% (1919714) of the set number of evaluations.
    Local-search chosen method is: ADADELTA (ad)

Rest of Setup time 0.302629s

Executing docking runs, stopping automatically after either reaching 0.15 kcal/mol standard deviation of
the best molecules of the last 4 * 5 generations, 42000 generations, or 2500000 evaluations:

Generations |  Evaluations |     Threshold    |  Average energy of best 10%  | Samples | Best Inter + Intra
------------+--------------+------------------+------------------------------+---------+-------------------
          0 |          150 |  174.62 kcal/mol |  128.93 +/-   12.18 kcal/mol |       4 |  108.61 kcal/mol
          5 |       117299 |  174.62 kcal/mol |    9.48 +/-   24.00 kcal/mol |    1078 |   -8.71 kcal/mol
         10 |       230179 |    9.81 kcal/mol |  -10.17 +/-    0.29 kcal/mol |       4 |  -10.64 kcal/mol
         15 |       344902 |   -9.08 kcal/mol |  -10.35 +/-    0.37 kcal/mol |       5 |  -10.66 kcal/mol
         20 |       461441 |   -9.24 kcal/mol |  -11.08 +/-    0.91 kcal/mol |       6 |  -12.94 kcal/mol
         25 |       573480 |   -8.80 kcal/mol |  -11.80 +/-    0.86 kcal/mol |      14 |  -13.65 kcal/mol
         30 |       683928 |  -10.87 kcal/mol |  -13.25 +/-    0.40 kcal/mol |       5 |  -14.01 kcal/mol
         35 |       791448 |  -12.06 kcal/mol |  -13.40 +/-    0.39 kcal/mol |       4 |  -14.01 kcal/mol
         40 |       896583 |  -11.96 kcal/mol |  -13.41 +/-    0.33 kcal/mol |       7 |  -14.01 kcal/mol
         45 |       999177 |  -12.69 kcal/mol |  -13.88 +/-    0.13 kcal/mol |       5 |  -14.01 kcal/mol
         50 |      1097264 |  -13.51 kcal/mol |  -14.20 +/-    0.22 kcal/mol |       5 |  -14.45 kcal/mol
         55 |      1195559 |  -13.52 kcal/mol |  -14.15 +/-    0.31 kcal/mol |       3 |  -14.45 kcal/mol
         60 |      1291322 |  -12.62 kcal/mol |  -14.01 +/-    0.35 kcal/mol |       4 |  -14.45 kcal/mol
         65 |      1387523 |  -12.69 kcal/mol |  -13.99 +/-    0.27 kcal/mol |       6 |  -14.45 kcal/mol
         70 |      1482812 |  -13.31 kcal/mol |  -14.31 +/-    0.15 kcal/mol |       4 |  -14.45 kcal/mol
         75 |      1575912 |  -13.75 kcal/mol |  -14.36 +/-    0.09 kcal/mol |       2 |  -14.45 kcal/mol
         80 |      1669161 |  -13.65 kcal/mol |  -14.15 +/-    0.31 kcal/mol |       3 |  -14.45 kcal/mol
         85 |      1761002 |  -12.62 kcal/mol |  -13.94 +/-    0.47 kcal/mol |       9 |  -14.62 kcal/mol
         90 |      1852289 |  -13.15 kcal/mol |  -14.35 +/-    0.15 kcal/mol |       4 |  -14.62 kcal/mol
         95 |      1943430 |  -13.78 kcal/mol |  -14.44 +/-    0.18 kcal/mol |       2 |  -14.62 kcal/mol
        100 |      2035664 |  -13.12 kcal/mol |  -14.06 +/-    0.40 kcal/mol |       4 |  -14.62 kcal/mol
        105 |      2122742 |  -12.58 kcal/mol |  -14.17 +/-    0.38 kcal/mol |       6 |  -14.62 kcal/mol
        110 |      2210412 |  -13.22 kcal/mol |  -14.60 +/-    0.47 kcal/mol |       5 |  -15.29 kcal/mol
        115 |      2298226 |  -13.20 kcal/mol |  -14.77 +/-    0.52 kcal/mol |       6 |  -15.29 kcal/mol
        120 |      2383717 |  -13.48 kcal/mol |  -14.68 +/-    0.40 kcal/mol |       4 |  -15.29 kcal/mol
        125 |      2468784 |  -13.17 kcal/mol |  -14.73 +/-    0.53 kcal/mol |       5 |  -15.29 kcal/mol
        127 |      2502300 |  -13.13 kcal/mol |  -14.76 +/-    0.45 kcal/mol |       9 |  -15.29 kcal/mol
------------+--------------+------------------+------------------------------+---------+-------------------

                                   Finished evaluation after reaching
                       2502300 evaluations. Best inter + intra   -15.29 kcal/mol.


Shutdown time 0.000711s

Job #2 took 1.895 sec after waiting 0.061 sec for setup

(Thread 0 is processing Job #2)
(Thread 0 is setting up Job #3)

Running Job #3:
    Device: NVIDIA A100-SXM4-40GB
    Grid map file: ./protein.maps.fld
    Ligand file: ./ligand_3_3.pdbqt
    Output file: docking_result_3.dlg (+ xml)
    Using heuristics: (capped) number of evaluations set to 4195460
    Overriding heuristics, setting number of evaluations to --nev = 2500000 instead.
    Warning: The set number of evals is 38.75% of the uncapped heuristics estimate of 6450800 evals.
             This means this docking may not be able to converge. Increasing --heurmax may improve
             convergence but will also increase runtime.
             AutoStop will not stop before 17.33% (433129) of the set number of evaluations.
    Local-search chosen method is: ADADELTA (ad)

Rest of Setup time 0.305720s

Executing docking runs, stopping automatically after either reaching 0.15 kcal/mol standard deviation of
the best molecules of the last 4 * 5 generations, 42000 generations, or 2500000 evaluations:

Generations |  Evaluations |     Threshold    |  Average energy of best 10%  | Samples | Best Inter + Intra
------------+--------------+------------------+------------------------------+---------+-------------------
          0 |          150 |   -1.97 kcal/mol |   -2.71 +/-    0.25 kcal/mol |       5 |   -3.19 kcal/mol
          5 |       110347 |   -1.97 kcal/mol |   -6.24 +/-    2.13 kcal/mol |     975 |  -13.11 kcal/mol
         10 |       219733 |   -6.20 kcal/mol |  -11.43 +/-    0.73 kcal/mol |      43 |  -13.21 kcal/mol
         15 |       331748 |  -11.17 kcal/mol |  -13.18 +/-    0.24 kcal/mol |       8 |  -13.72 kcal/mol
         20 |       444012 |  -12.73 kcal/mol |  -13.85 +/-    0.58 kcal/mol |      14 |  -14.82 kcal/mol
         25 |       552946 |  -13.23 kcal/mol |  -14.32 +/-    0.29 kcal/mol |       5 |  -14.88 kcal/mol
         30 |       666203 |  -13.44 kcal/mol |  -14.89 +/-    0.82 kcal/mol |       9 |  -16.30 kcal/mol
         35 |       782763 |  -13.53 kcal/mol |  -15.18 +/-    0.80 kcal/mol |       4 |  -16.57 kcal/mol
         40 |       898868 |  -12.17 kcal/mol |  -14.86 +/-    0.62 kcal/mol |      13 |  -16.62 kcal/mol
         45 |      1015966 |  -14.15 kcal/mol |  -16.17 +/-    0.35 kcal/mol |       7 |  -16.62 kcal/mol
         50 |      1133869 |  -15.42 kcal/mol |  -16.43 +/-    0.28 kcal/mol |       4 |  -16.73 kcal/mol
         55 |      1252556 |  -15.38 kcal/mol |  -16.15 +/-    0.51 kcal/mol |       3 |  -16.76 kcal/mol
         60 |      1368530 |  -13.58 kcal/mol |  -16.04 +/-    0.72 kcal/mol |       7 |  -16.76 kcal/mol
         65 |      1485589 |  -14.50 kcal/mol |  -15.86 +/-    0.87 kcal/mol |       4 |  -16.76 kcal/mol
         70 |      1603284 |  -12.61 kcal/mol |  -15.73 +/-    1.01 kcal/mol |       6 |  -16.76 kcal/mol
         75 |      1721458 |  -13.20 kcal/mol |  -16.26 +/-    0.73 kcal/mol |       4 |  -16.76 kcal/mol
         80 |      1840575 |  -13.53 kcal/mol |  -15.96 +/-    0.78 kcal/mol |       4 |  -16.76 kcal/mol
         85 |      1959649 |  -13.04 kcal/mol |  -15.52 +/-    0.91 kcal/mol |      11 |  -16.76 kcal/mol
         90 |      2078630 |  -14.28 kcal/mol |  -16.42 +/-    0.39 kcal/mol |       4 |  -16.76 kcal/mol
         95 |      2198032 |  -14.95 kcal/mol |  -16.46 +/-    0.45 kcal/mol |       4 |  -16.76 kcal/mol
        100 |      2317170 |  -14.78 kcal/mol |  -16.47 +/-    0.36 kcal/mol |       6 |  -16.77 kcal/mol
        105 |      2436552 |  -15.58 kcal/mol |  -16.50 +/-    0.44 kcal/mol |       4 |  -16.77 kcal/mol
        108 |      2507380 |  -14.85 kcal/mol |  -16.44 +/-    0.43 kcal/mol |       8 |  -16.77 kcal/mol
------------+--------------+------------------+------------------------------+---------+-------------------

                                   Finished evaluation after reaching
                       2507380 evaluations. Best inter + intra   -16.77 kcal/mol.


Shutdown time 0.000754s

Job #3 took 1.822 sec after waiting 0.066 sec for setup

(Thread 0 is processing Job #3)
(Thread 0 is setting up Job #4)

Running Job #4:
    Device: NVIDIA A100-SXM4-40GB
    Grid map file: ./protein.maps.fld
    Ligand file: ./ligand_4_4.pdbqt
    Output file: docking_result_4.dlg (+ xml)
    Using heuristics: (capped) number of evaluations set to 7973093
    Overriding heuristics, setting number of evaluations to --nev = 2500000 instead.
    Warning: The set number of evals is 10.52% of the uncapped heuristics estimate of 23759450 evals.
             This means this docking may not be able to converge. Increasing --heurmax may improve
             convergence but will also increase runtime.
             AutoStop will not stop before 76.79% (1919714) of the set number of evaluations.
    Local-search chosen method is: ADADELTA (ad)

Rest of Setup time 0.312689s

Executing docking runs, stopping automatically after either reaching 0.15 kcal/mol standard deviation of
the best molecules of the last 4 * 5 generations, 42000 generations, or 2500000 evaluations:

Generations |  Evaluations |     Threshold    |  Average energy of best 10%  | Samples | Best Inter + Intra
------------+--------------+------------------+------------------------------+---------+-------------------
          0 |          150 |  245.80 kcal/mol |  192.10 +/-   14.32 kcal/mol |       4 |  176.98 kcal/mol
          5 |       115804 |  245.80 kcal/mol |   10.38 +/-   26.99 kcal/mol |    1088 |   -9.33 kcal/mol
         10 |       222976 |   10.75 kcal/mol |  -10.12 +/-    0.55 kcal/mol |       5 |  -11.04 kcal/mol
         15 |       331988 |   -8.48 kcal/mol |  -10.10 +/-    0.45 kcal/mol |       7 |  -11.04 kcal/mol
         20 |       442584 |   -9.15 kcal/mol |  -10.67 +/-    0.35 kcal/mol |       5 |  -11.11 kcal/mol
         25 |       548919 |   -9.63 kcal/mol |  -10.94 +/-    0.50 kcal/mol |       4 |  -11.72 kcal/mol
         30 |       653913 |   -9.06 kcal/mol |  -11.17 +/-    1.02 kcal/mol |      13 |  -13.26 kcal/mol
         35 |       759000 |   -9.99 kcal/mol |  -11.63 +/-    0.86 kcal/mol |       5 |  -13.26 kcal/mol
         40 |       861842 |   -9.06 kcal/mol |  -12.14 +/-    1.09 kcal/mol |       5 |  -13.62 kcal/mol
         45 |       962031 |   -8.87 kcal/mol |  -12.41 +/-    1.03 kcal/mol |       5 |  -13.62 kcal/mol
         50 |      1058860 |   -9.32 kcal/mol |  -12.20 +/-    1.31 kcal/mol |       4 |  -14.39 kcal/mol
         55 |      1155485 |   -7.30 kcal/mol |  -11.43 +/-    1.42 kcal/mol |      18 |  -14.39 kcal/mol
         60 |      1249749 |  -10.25 kcal/mol |  -13.25 +/-    0.82 kcal/mol |       4 |  -14.39 kcal/mol
         65 |      1344092 |  -10.18 kcal/mol |  -13.07 +/-    0.78 kcal/mol |       8 |  -14.51 kcal/mol
         70 |      1434599 |  -11.61 kcal/mol |  -14.01 +/-    0.48 kcal/mol |       4 |  -14.51 kcal/mol
         75 |      1524526 |  -12.22 kcal/mol |  -13.73 +/-    0.78 kcal/mol |       4 |  -15.02 kcal/mol
         80 |      1614034 |  -10.81 kcal/mol |  -13.39 +/-    0.91 kcal/mol |       5 |  -15.02 kcal/mol
         85 |      1704182 |  -10.65 kcal/mol |  -13.93 +/-    0.92 kcal/mol |       8 |  -15.02 kcal/mol
         90 |      1792725 |  -12.21 kcal/mol |  -13.63 +/-    0.73 kcal/mol |       6 |  -15.02 kcal/mol
         95 |      1881525 |  -11.82 kcal/mol |  -13.16 +/-    1.12 kcal/mol |       5 |  -15.02 kcal/mol
        100 |      1970312 |   -9.79 kcal/mol |  -13.49 +/-    1.10 kcal/mol |       4 |  -15.02 kcal/mol
        105 |      2056501 |   -9.37 kcal/mol |  -13.01 +/-    1.15 kcal/mol |       6 |  -15.02 kcal/mol
        110 |      2144619 |  -10.15 kcal/mol |  -13.52 +/-    0.77 kcal/mol |       6 |  -15.02 kcal/mol
        115 |      2231480 |  -11.58 kcal/mol |  -13.87 +/-    0.73 kcal/mol |       4 |  -15.02 kcal/mol
        120 |      2317756 |  -11.14 kcal/mol |  -13.67 +/-    0.96 kcal/mol |       7 |  -15.02 kcal/mol
        125 |      2402676 |  -11.62 kcal/mol |  -14.23 +/-    0.61 kcal/mol |       4 |  -15.02 kcal/mol
        130 |      2486488 |  -11.94 kcal/mol |  -14.13 +/-    0.62 kcal/mol |       6 |  -15.02 kcal/mol
        131 |      2503101 |  -12.59 kcal/mol |  -14.26 +/-    0.58 kcal/mol |       9 |  -15.02 kcal/mol
------------+--------------+------------------+------------------------------+---------+-------------------

                                   Finished evaluation after reaching
                       2503101 evaluations. Best inter + intra   -15.02 kcal/mol.


Shutdown time 0.000711s

Job #4 took 1.914 sec after waiting 0.066 sec for setup

(Thread 0 is processing Job #4)
Run time of entire job set (4 files): 11.936 sec
Savings from multithreading: -0.000 sec
Idle time of execution thread: 4.784 sec

All jobs (4) ran without errors.
