AutoDock-GPU version: v1.6-7-ga46ab564d2ac5f1a1523f65239b43505a1c29364-dirty

Using 1 OpenMP threads

Running 4 docking calculations

Cuda device:                              NVIDIA A100-SXM4-40GB
Available memory on device:               39916 MB (total: 40339 MB)

CUDA Setup time 0.234608s
(Thread 0 is setting up Job #1)

Running Job #1:
    Device: NVIDIA A100-SXM4-40GB
    Grid map file: ./protein.maps.fld
    Ligand file: ./ligand_1_1.pdbqt
    Output file: docking_result_1.dlg (+ xml)
    Using heuristics: (capped) number of evaluations set to 2845257
    Overriding heuristics, setting number of evaluations to --nev = 2500000 instead.
    Local-search chosen method is: ADADELTA (ad)

Rest of Setup time 0.310688s

Executing docking runs, stopping automatically after either reaching 0.15 kcal/mol standard deviation of
the best molecules of the last 4 * 5 generations, 42000 generations, or 2500000 evaluations:

Generations |  Evaluations |     Threshold    |  Average energy of best 10%  | Samples | Best Inter + Intra
------------+--------------+------------------+------------------------------+---------+-------------------
          0 |          150 |   -0.87 kcal/mol |   -2.90 +/-    0.63 kcal/mol |      15 |   -4.98 kcal/mol
          5 |       111445 |   -2.27 kcal/mol |   -6.27 +/-    1.76 kcal/mol |     808 |  -12.80 kcal/mol
         10 |       225784 |   -6.24 kcal/mol |  -11.07 +/-    0.93 kcal/mol |      34 |  -12.92 kcal/mol
         15 |       345536 |  -10.65 kcal/mol |  -13.17 +/-    0.46 kcal/mol |       8 |  -14.10 kcal/mol
         20 |       467692 |  -12.30 kcal/mol |  -14.32 +/-    0.72 kcal/mol |       4 |  -15.13 kcal/mol
         25 |       589523 |  -11.61 kcal/mol |  -14.31 +/-    1.10 kcal/mol |       6 |  -15.75 kcal/mol
         30 |       711722 |  -11.57 kcal/mol |  -14.85 +/-    0.78 kcal/mol |       7 |  -15.82 kcal/mol
         35 |       833583 |  -13.19 kcal/mol |  -15.03 +/-    0.73 kcal/mol |       4 |  -15.82 kcal/mol
         40 |       958480 |  -12.28 kcal/mol |  -15.07 +/-    0.70 kcal/mol |       8 |  -15.82 kcal/mol
         45 |      1082936 |  -13.77 kcal/mol |  -15.92 +/-    0.16 kcal/mol |       5 |  -16.07 kcal/mol
         50 |      1206904 |  -15.44 kcal/mol |  -15.90 +/-    0.12 kcal/mol |       3 |  -16.07 kcal/mol
         55 |      1331553 |  -15.30 kcal/mol |  -15.90 +/-    0.12 kcal/mol |       3 |  -16.07 kcal/mol
         60 |      1453910 |  -15.31 kcal/mol |  -15.78 +/-    0.26 kcal/mol |       3 |  -16.07 kcal/mol
         65 |      1582990 |  -14.50 kcal/mol |  -15.50 +/-    0.39 kcal/mol |       5 |  -16.07 kcal/mol
         70 |      1709983 |  -14.34 kcal/mol |  -15.77 +/-    0.27 kcal/mol |       6 |  -16.07 kcal/mol
         75 |      1836710 |  -15.11 kcal/mol |  -15.63 +/-    0.36 kcal/mol |       4 |  -16.07 kcal/mol
         80 |      1964845 |  -14.30 kcal/mol |  -15.64 +/-    0.26 kcal/mol |       8 |  -16.07 kcal/mol
         85 |      2091406 |  -15.15 kcal/mol |  -16.02 +/-    0.06 kcal/mol |       4 |  -16.07 kcal/mol
         90 |      2218538 |  -15.46 kcal/mol |  -16.03 +/-    0.07 kcal/mol |       4 |  -16.13 kcal/mol
         95 |      2348394 |  -15.47 kcal/mol |  -16.03 +/-    0.19 kcal/mol |       7 |  -16.46 kcal/mol
        100 |      2475443 |  -15.62 kcal/mol |  -16.30 +/-    0.17 kcal/mol |       4 |  -16.46 kcal/mol
        101 |      2500579 |  -15.65 kcal/mol |  -16.30 +/-    0.17 kcal/mol |       8 |  -16.47 kcal/mol
------------+--------------+------------------+------------------------------+---------+-------------------

                                   Finished evaluation after reaching
                       2500579 evaluations. Best inter + intra   -16.47 kcal/mol.


Shutdown time 0.000691s

Job #1 took 1.630 sec after waiting 4.513 sec for setup

(Thread 0 is processing Job #1)
(Thread 0 is setting up Job #2)

Running Job #2:
    Device: NVIDIA A100-SXM4-40GB
    Grid map file: ./protein.maps.fld
    Ligand file: ./ligand_2_2.pdbqt
    Output file: docking_result_2.dlg (+ xml)
    Using heuristics: (capped) number of evaluations set to 2845257
    Overriding heuristics, setting number of evaluations to --nev = 2500000 instead.
    Local-search chosen method is: ADADELTA (ad)

Rest of Setup time 0.307919s

Executing docking runs, stopping automatically after either reaching 0.15 kcal/mol standard deviation of
the best molecules of the last 4 * 5 generations, 42000 generations, or 2500000 evaluations:

Generations |  Evaluations |     Threshold    |  Average energy of best 10%  | Samples | Best Inter + Intra
------------+--------------+------------------+------------------------------+---------+-------------------
          0 |          150 |   -1.18 kcal/mol |   -2.34 +/-    0.39 kcal/mol |       7 |   -3.11 kcal/mol
          5 |       115455 |   -1.50 kcal/mol |   -5.14 +/-    1.66 kcal/mol |     901 |  -11.88 kcal/mol
         10 |       226460 |   -5.11 kcal/mol |   -9.57 +/-    1.02 kcal/mol |      37 |  -13.06 kcal/mol
         15 |       340176 |   -9.16 kcal/mol |  -11.76 +/-    0.83 kcal/mol |       4 |  -13.13 kcal/mol
         20 |       456370 |   -8.65 kcal/mol |  -11.48 +/-    0.77 kcal/mol |      18 |  -13.14 kcal/mol
         25 |       572814 |  -10.84 kcal/mol |  -12.74 +/-    0.65 kcal/mol |       4 |  -13.50 kcal/mol
         30 |       687693 |  -10.29 kcal/mol |  -12.42 +/-    0.43 kcal/mol |      11 |  -13.51 kcal/mol
         35 |       802294 |  -11.83 kcal/mol |  -13.18 +/-    0.28 kcal/mol |       4 |  -13.51 kcal/mol
         40 |       920159 |  -12.12 kcal/mol |  -13.11 +/-    0.32 kcal/mol |       5 |  -13.51 kcal/mol
         45 |      1035654 |  -12.17 kcal/mol |  -13.42 +/-    0.51 kcal/mol |      11 |  -14.53 kcal/mol
         50 |      1152005 |  -12.73 kcal/mol |  -14.02 +/-    0.55 kcal/mol |       4 |  -14.59 kcal/mol
         55 |      1270284 |  -11.94 kcal/mol |  -13.89 +/-    0.47 kcal/mol |       8 |  -14.59 kcal/mol
         60 |      1387829 |  -13.01 kcal/mol |  -14.39 +/-    0.24 kcal/mol |       5 |  -14.60 kcal/mol
         65 |      1505551 |  -13.66 kcal/mol |  -14.41 +/-    0.14 kcal/mol |       8 |  -14.60 kcal/mol
         70 |      1623276 |  -14.15 kcal/mol |  -14.47 +/-    0.16 kcal/mol |       3 |  -14.69 kcal/mol
         75 |      1742751 |  -13.69 kcal/mol |  -14.40 +/-    0.34 kcal/mol |       4 |  -14.69 kcal/mol
         80 |      1863300 |  -13.12 kcal/mol |  -14.29 +/-    0.29 kcal/mol |       6 |  -14.69 kcal/mol
         85 |      1986090 |  -13.56 kcal/mol |  -14.36 +/-    0.22 kcal/mol |       4 |  -14.69 kcal/mol
         90 |      2108450 |  -13.55 kcal/mol |  -14.50 +/-    0.14 kcal/mol |       5 |  -14.69 kcal/mol
         95 |      2230431 |  -14.09 kcal/mol |  -14.39 +/-    0.24 kcal/mol |       3 |  -14.69 kcal/mol
        100 |      2352109 |  -13.17 kcal/mol |  -14.08 +/-    0.32 kcal/mol |      12 |  -14.69 kcal/mol
        105 |      2473489 |  -13.68 kcal/mol |  -14.27 +/-    0.16 kcal/mol |       9 |  -14.69 kcal/mol
        107 |      2522607 |  -14.00 kcal/mol |  -14.30 +/-    0.17 kcal/mol |      18 |  -14.69 kcal/mol
------------+--------------+------------------+------------------------------+---------+-------------------

                                   Finished evaluation after reaching
                       2522607 evaluations. Best inter + intra   -14.69 kcal/mol.


Shutdown time 0.000670s

Job #2 took 1.303 sec after waiting 0.054 sec for setup

(Thread 0 is processing Job #2)
(Thread 0 is setting up Job #3)

Running Job #3:
    Device: NVIDIA A100-SXM4-40GB
    Grid map file: ./protein.maps.fld
    Ligand file: ./ligand_3_3.pdbqt
    Output file: docking_result_3.dlg (+ xml)
    Using heuristics: (capped) number of evaluations set to 4195460
    Overriding heuristics, setting number of evaluations to --nev = 2500000 instead.
    Warning: The set number of evals is 38.75% of the uncapped heuristics estimate of 6450800 evals.
             This means this docking may not be able to converge. Increasing --heurmax may improve
             convergence but will also increase runtime.
             AutoStop will not stop before 17.33% (433129) of the set number of evaluations.
    Local-search chosen method is: ADADELTA (ad)

Rest of Setup time 0.305414s

Executing docking runs, stopping automatically after either reaching 0.15 kcal/mol standard deviation of
the best molecules of the last 4 * 5 generations, 42000 generations, or 2500000 evaluations:

Generations |  Evaluations |     Threshold    |  Average energy of best 10%  | Samples | Best Inter + Intra
------------+--------------+------------------+------------------------------+---------+-------------------
          0 |          150 |   -1.64 kcal/mol |   -2.02 +/-    0.18 kcal/mol |       7 |   -2.45 kcal/mol
          5 |       136933 |   -1.64 kcal/mol |   -5.48 +/-    1.73 kcal/mol |    1149 |  -11.24 kcal/mol
         10 |       275849 |   -5.46 kcal/mol |   -9.98 +/-    0.86 kcal/mol |      77 |  -12.86 kcal/mol
         15 |       417404 |   -9.82 kcal/mol |  -12.12 +/-    0.36 kcal/mol |       8 |  -12.96 kcal/mol
         20 |       558194 |  -11.44 kcal/mol |  -12.41 +/-    0.33 kcal/mol |       5 |  -12.96 kcal/mol
         25 |       697117 |  -11.40 kcal/mol |  -12.48 +/-    0.29 kcal/mol |       6 |  -12.96 kcal/mol
         30 |       837788 |  -11.76 kcal/mol |  -12.80 +/-    0.29 kcal/mol |       4 |  -13.05 kcal/mol
         35 |       977385 |  -11.71 kcal/mol |  -12.80 +/-    0.39 kcal/mol |       8 |  -13.45 kcal/mol
         40 |      1117666 |  -12.06 kcal/mol |  -13.05 +/-    0.44 kcal/mol |       5 |  -13.80 kcal/mol
         45 |      1256480 |  -11.73 kcal/mol |  -13.02 +/-    0.34 kcal/mol |       9 |  -13.80 kcal/mol
         50 |      1392135 |  -12.45 kcal/mol |  -13.67 +/-    0.07 kcal/mol |       5 |  -13.80 kcal/mol
         55 |      1530618 |  -13.22 kcal/mol |  -13.83 +/-    0.03 kcal/mol |       3 |  -13.85 kcal/mol
         60 |      1667378 |  -13.08 kcal/mol |  -13.84 +/-    0.16 kcal/mol |       4 |  -14.03 kcal/mol
         65 |      1806456 |  -13.24 kcal/mol |  -13.84 +/-    0.12 kcal/mol |       4 |  -14.03 kcal/mol
         70 |      1944615 |  -13.40 kcal/mol |  -13.76 +/-    0.20 kcal/mol |       4 |  -14.03 kcal/mol
         75 |      2082934 |  -13.00 kcal/mol |  -13.73 +/-    0.25 kcal/mol |       4 |  -14.03 kcal/mol
         80 |      2222407 |  -12.79 kcal/mol |  -13.87 +/-    0.43 kcal/mol |       6 |  -14.70 kcal/mol
         85 |      2358610 |  -12.78 kcal/mol |  -13.93 +/-    0.31 kcal/mol |       8 |  -14.70 kcal/mol
         90 |      2493186 |  -13.34 kcal/mol |  -14.53 +/-    0.29 kcal/mol |       4 |  -14.70 kcal/mol
         91 |      2520091 |  -13.45 kcal/mol |  -14.48 +/-    0.32 kcal/mol |       6 |  -14.70 kcal/mol
------------+--------------+------------------+------------------------------+---------+-------------------

                                   Finished evaluation after reaching
                       2520091 evaluations. Best inter + intra   -14.70 kcal/mol.


Shutdown time 0.000654s

Job #3 took 1.236 sec after waiting 0.037 sec for setup

(Thread 0 is processing Job #3)
(Thread 0 is setting up Job #4)

Running Job #4:
    Device: NVIDIA A100-SXM4-40GB
    Grid map file: ./protein.maps.fld
    Ligand file: ./ligand_4_4.pdbqt
    Output file: docking_result_4.dlg (+ xml)
    Using heuristics: (capped) number of evaluations set to 2068966
    Local-search chosen method is: ADADELTA (ad)

Rest of Setup time 0.305277s

Executing docking runs, stopping automatically after either reaching 0.15 kcal/mol standard deviation of
the best molecules of the last 4 * 5 generations, 42000 generations, or 2068966 evaluations:

Generations |  Evaluations |     Threshold    |  Average energy of best 10%  | Samples | Best Inter + Intra
------------+--------------+------------------+------------------------------+---------+-------------------
          0 |          150 |   -1.26 kcal/mol |   -1.44 +/-    0.20 kcal/mol |      16 |   -1.99 kcal/mol
          5 |       132085 |   -1.26 kcal/mol |   -4.65 +/-    1.78 kcal/mol |    1086 |  -12.24 kcal/mol
         10 |       265311 |   -4.63 kcal/mol |   -9.26 +/-    0.97 kcal/mol |      50 |  -12.58 kcal/mol
         15 |       403085 |   -8.97 kcal/mol |  -12.31 +/-    0.42 kcal/mol |       6 |  -12.58 kcal/mol
         20 |       544071 |  -11.26 kcal/mol |  -12.50 +/-    0.14 kcal/mol |       5 |  -12.62 kcal/mol
         25 |       684818 |  -12.09 kcal/mol |  -12.40 +/-    0.16 kcal/mol |       8 |  -12.62 kcal/mol
         30 |       823164 |  -12.11 kcal/mol |  -12.58 +/-    0.09 kcal/mol |       6 |  -12.70 kcal/mol
         35 |       959685 |  -12.35 kcal/mol |  -12.67 +/-    0.19 kcal/mol |       9 |  -13.00 kcal/mol
         40 |      1096537 |  -12.36 kcal/mol |  -12.94 +/-    0.13 kcal/mol |       5 |  -13.12 kcal/mol
         45 |      1233717 |  -12.56 kcal/mol |  -12.98 +/-    0.12 kcal/mol |       9 |  -13.18 kcal/mol
         50 |      1369949 |  -12.79 kcal/mol |  -13.05 +/-    0.10 kcal/mol |       4 |  -13.20 kcal/mol
         55 |      1508842 |  -12.67 kcal/mol |  -13.12 +/-    0.12 kcal/mol |       9 |  -13.25 kcal/mol
         60 |      1645313 |  -12.91 kcal/mol |  -13.13 +/-    0.08 kcal/mol |       8 |  -13.26 kcal/mol
         65 |      1782931 |  -12.98 kcal/mol |  -13.21 +/-    0.14 kcal/mol |       6 |  -13.43 kcal/mol
         70 |      1919387 |  -12.86 kcal/mol |  -13.09 +/-    0.19 kcal/mol |       7 |  -13.45 kcal/mol
         75 |      2055956 |  -12.69 kcal/mol |  -13.15 +/-    0.20 kcal/mol |       7 |  -13.45 kcal/mol
         76 |      2083781 |  -12.73 kcal/mol |  -13.18 +/-    0.18 kcal/mol |      17 |  -13.45 kcal/mol
------------+--------------+------------------+------------------------------+---------+-------------------

                                   Finished evaluation after reaching
                       2083781 evaluations. Best inter + intra   -13.45 kcal/mol.


Shutdown time 0.000721s

Job #4 took 1.146 sec after waiting 0.041 sec for setup

(Thread 0 is processing Job #4)
Run time of entire job set (4 files): 10.004 sec
Savings from multithreading: -0.000 sec
Idle time of execution thread: 4.687 sec

All jobs (4) ran without errors.
