AutoDock-GPU version: v1.6-7-ga46ab564d2ac5f1a1523f65239b43505a1c29364-dirty

Using 1 OpenMP threads

Running 10 docking calculations

Cuda device:                              NVIDIA A100-SXM4-40GB
Available memory on device:               36750 MB (total: 40339 MB)

CUDA Setup time 0.171698s
(Thread 0 is setting up Job #1)

Running Job #1:
    Device: NVIDIA A100-SXM4-40GB
    Grid map file: ./protein.maps.fld
    Ligand file: ./ligand_1_1.pdbqt
    Output file: docking_result_1.dlg (+ xml)
    Using heuristics: (capped) number of evaluations set to 7973093
    Overriding heuristics, setting number of evaluations to --nev = 2500000 instead.
    Warning: The set number of evals is 10.52% of the uncapped heuristics estimate of 23759450 evals.
             This means this docking may not be able to converge. Increasing --heurmax may improve
             convergence but will also increase runtime.
             AutoStop will not stop before 76.79% (1919714) of the set number of evaluations.
    Local-search chosen method is: ADADELTA (ad)

Rest of Setup time 0.308045s

Executing docking runs, stopping automatically after either reaching 0.15 kcal/mol standard deviation of
the best molecules of the last 4 * 5 generations, 42000 generations, or 2500000 evaluations:

Generations |  Evaluations |     Threshold    |  Average energy of best 10%  | Samples | Best Inter + Intra
------------+--------------+------------------+------------------------------+---------+-------------------
          0 |          150 |  413.55 kcal/mol |  200.68 +/-   62.21 kcal/mol |       6 |   82.81 kcal/mol
          5 |       120988 |  356.21 kcal/mol |   12.66 +/-   31.79 kcal/mol |    1143 |   -9.99 kcal/mol
         10 |       231657 |   13.08 kcal/mol |  -10.79 +/-    0.59 kcal/mol |       4 |  -11.41 kcal/mol
         15 |       340889 |   -8.57 kcal/mol |  -10.37 +/-    0.80 kcal/mol |       6 |  -12.10 kcal/mol
         20 |       455146 |   -8.37 kcal/mol |  -10.91 +/-    0.86 kcal/mol |       6 |  -12.10 kcal/mol
         25 |       565626 |   -8.75 kcal/mol |  -11.46 +/-    0.67 kcal/mol |       5 |  -12.38 kcal/mol
         30 |       677545 |   -9.46 kcal/mol |  -11.86 +/-    0.53 kcal/mol |       5 |  -12.38 kcal/mol
         35 |       787175 |  -10.25 kcal/mol |  -12.05 +/-    0.42 kcal/mol |       4 |  -12.38 kcal/mol
         40 |       896166 |  -10.46 kcal/mol |  -12.19 +/-    0.15 kcal/mol |       5 |  -12.38 kcal/mol
         45 |      1000560 |  -11.73 kcal/mol |  -12.94 +/-    1.33 kcal/mol |       4 |  -15.23 kcal/mol
         50 |      1104878 |   -7.96 kcal/mol |  -11.96 +/-    1.37 kcal/mol |      12 |  -15.26 kcal/mol
         55 |      1204601 |  -10.26 kcal/mol |  -13.21 +/-    1.19 kcal/mol |       4 |  -15.26 kcal/mol
         60 |      1305020 |   -8.75 kcal/mol |  -12.35 +/-    1.03 kcal/mol |      11 |  -15.26 kcal/mol
         65 |      1407809 |  -10.95 kcal/mol |  -13.36 +/-    1.11 kcal/mol |       4 |  -15.26 kcal/mol
         70 |      1506834 |   -9.21 kcal/mol |  -12.61 +/-    0.99 kcal/mol |       9 |  -15.26 kcal/mol
         75 |      1606236 |  -10.96 kcal/mol |  -14.13 +/-    0.76 kcal/mol |       4 |  -15.26 kcal/mol
         80 |      1704186 |  -11.29 kcal/mol |  -13.94 +/-    1.08 kcal/mol |       5 |  -15.26 kcal/mol
         85 |      1801251 |  -10.70 kcal/mol |  -13.99 +/-    1.20 kcal/mol |       4 |  -15.92 kcal/mol
         90 |      1896808 |   -9.49 kcal/mol |  -12.78 +/-    0.95 kcal/mol |      15 |  -15.92 kcal/mol
         95 |      1992541 |  -11.82 kcal/mol |  -15.09 +/-    0.61 kcal/mol |       5 |  -15.92 kcal/mol
        100 |      2087750 |  -13.25 kcal/mol |  -14.89 +/-    0.60 kcal/mol |       4 |  -15.92 kcal/mol
        105 |      2181755 |  -12.62 kcal/mol |  -13.97 +/-    1.17 kcal/mol |       4 |  -15.92 kcal/mol
        110 |      2274559 |   -9.57 kcal/mol |  -13.06 +/-    1.10 kcal/mol |      12 |  -15.92 kcal/mol
        115 |      2366580 |  -11.68 kcal/mol |  -14.28 +/-    0.96 kcal/mol |       4 |  -15.92 kcal/mol
        120 |      2457301 |  -10.69 kcal/mol |  -13.71 +/-    0.95 kcal/mol |       8 |  -16.00 kcal/mol
        123 |      2511607 |  -11.94 kcal/mol |  -13.95 +/-    1.04 kcal/mol |      11 |  -16.00 kcal/mol
------------+--------------+------------------+------------------------------+---------+-------------------

                                   Finished evaluation after reaching
                       2511607 evaluations. Best inter + intra   -16.00 kcal/mol.


Shutdown time 0.000708s

Job #1 took 3.033 sec after waiting 4.405 sec for setup

(Thread 0 is processing Job #1)
(Thread 0 is setting up Job #2)

Running Job #2:
    Device: NVIDIA A100-SXM4-40GB
    Grid map file: ./protein.maps.fld
    Ligand file: ./ligand_2_2.pdbqt
    Output file: docking_result_2.dlg (+ xml)
    Using heuristics: (capped) number of evaluations set to 7973093
    Overriding heuristics, setting number of evaluations to --nev = 2500000 instead.
    Warning: The set number of evals is 10.52% of the uncapped heuristics estimate of 23759450 evals.
             This means this docking may not be able to converge. Increasing --heurmax may improve
             convergence but will also increase runtime.
             AutoStop will not stop before 76.79% (1919714) of the set number of evaluations.
    Local-search chosen method is: ADADELTA (ad)

Rest of Setup time 0.320103s

Executing docking runs, stopping automatically after either reaching 0.15 kcal/mol standard deviation of
the best molecules of the last 4 * 5 generations, 42000 generations, or 2500000 evaluations:

Generations |  Evaluations |     Threshold    |  Average energy of best 10%  | Samples | Best Inter + Intra
------------+--------------+------------------+------------------------------+---------+-------------------
          0 |          150 |  264.80 kcal/mol |  196.19 +/-   18.30 kcal/mol |       4 |  167.66 kcal/mol
          5 |       120410 |  264.80 kcal/mol |    8.92 +/-   27.30 kcal/mol |    1126 |   -8.70 kcal/mol
         10 |       228270 |    9.29 kcal/mol |  -11.52 +/-    1.10 kcal/mol |       4 |  -13.42 kcal/mol
         15 |       337906 |   -7.41 kcal/mol |  -11.02 +/-    1.15 kcal/mol |       8 |  -13.42 kcal/mol
         20 |       446585 |   -8.86 kcal/mol |  -12.24 +/-    0.73 kcal/mol |       4 |  -13.42 kcal/mol
         25 |       556006 |   -9.50 kcal/mol |  -12.23 +/-    0.83 kcal/mol |       8 |  -13.42 kcal/mol
         30 |       665938 |  -10.67 kcal/mol |  -12.65 +/-    0.53 kcal/mol |       5 |  -13.42 kcal/mol
         35 |       772156 |  -11.05 kcal/mol |  -12.51 +/-    0.67 kcal/mol |       4 |  -13.42 kcal/mol
         40 |       879260 |  -10.00 kcal/mol |  -12.36 +/-    0.52 kcal/mol |       8 |  -13.42 kcal/mol
         45 |       984507 |  -11.38 kcal/mol |  -12.87 +/-    0.30 kcal/mol |      10 |  -13.42 kcal/mol
         50 |      1091289 |  -12.42 kcal/mol |  -13.25 +/-    0.17 kcal/mol |       4 |  -13.42 kcal/mol
         55 |      1194580 |  -12.63 kcal/mol |  -13.26 +/-    0.17 kcal/mol |       8 |  -13.42 kcal/mol
         60 |      1295887 |  -12.95 kcal/mol |  -13.45 +/-    0.18 kcal/mol |       4 |  -13.75 kcal/mol
         65 |      1399243 |  -12.79 kcal/mol |  -13.50 +/-    0.15 kcal/mol |       5 |  -13.75 kcal/mol
         70 |      1501405 |  -13.06 kcal/mol |  -13.52 +/-    0.13 kcal/mol |       6 |  -13.75 kcal/mol
         75 |      1602176 |  -13.20 kcal/mol |  -13.52 +/-    0.14 kcal/mol |       5 |  -13.75 kcal/mol
         80 |      1701575 |  -13.10 kcal/mol |  -13.52 +/-    0.14 kcal/mol |       5 |  -13.75 kcal/mol
         85 |      1803369 |  -13.10 kcal/mol |  -13.50 +/-    0.15 kcal/mol |      11 |  -13.75 kcal/mol
         90 |      1904155 |  -13.30 kcal/mol |  -13.72 +/-    0.06 kcal/mol |       6 |  -13.75 kcal/mol
         95 |      2004235 |  -13.34 kcal/mol |  -13.70 +/-    0.07 kcal/mol |       4 |  -13.75 kcal/mol
------------+--------------+------------------+------------------------------+---------+-------------------

                                   Finished evaluation after reaching
                                  -13.59 +/-    0.16 kcal/mol combined.
                             26 samples, best inter + intra   -13.75 kcal/mol.


Shutdown time 0.000622s

Job #2 took 2.298 sec after waiting 0.061 sec for setup

(Thread 0 is processing Job #2)
(Thread 0 is setting up Job #3)

Running Job #3:
    Device: NVIDIA A100-SXM4-40GB
    Grid map file: ./protein.maps.fld
    Ligand file: ./ligand_3_3.pdbqt
    Output file: docking_result_3.dlg (+ xml)
    Using heuristics: (capped) number of evaluations set to 7973093
    Overriding heuristics, setting number of evaluations to --nev = 2500000 instead.
    Warning: The set number of evals is 10.52% of the uncapped heuristics estimate of 23759450 evals.
             This means this docking may not be able to converge. Increasing --heurmax may improve
             convergence but will also increase runtime.
             AutoStop will not stop before 76.79% (1919714) of the set number of evaluations.
    Local-search chosen method is: ADADELTA (ad)

Rest of Setup time 0.377345s

Executing docking runs, stopping automatically after either reaching 0.15 kcal/mol standard deviation of
the best molecules of the last 4 * 5 generations, 42000 generations, or 2500000 evaluations:

Generations |  Evaluations |     Threshold    |  Average energy of best 10%  | Samples | Best Inter + Intra
------------+--------------+------------------+------------------------------+---------+-------------------
          0 |          150 |  281.90 kcal/mol |  234.52 +/-   12.75 kcal/mol |       4 |  212.95 kcal/mol
          5 |       120433 |  282.34 kcal/mol |    9.93 +/-   28.95 kcal/mol |    1117 |  -10.51 kcal/mol
         10 |       232108 |   10.31 kcal/mol |  -11.17 +/-    0.91 kcal/mol |       4 |  -12.66 kcal/mol
         15 |       344068 |   -7.76 kcal/mol |  -10.86 +/-    0.91 kcal/mol |       7 |  -12.66 kcal/mol
         20 |       457694 |   -8.91 kcal/mol |  -11.52 +/-    0.68 kcal/mol |       4 |  -12.66 kcal/mol
         25 |       571224 |   -8.98 kcal/mol |  -11.56 +/-    0.67 kcal/mol |       4 |  -12.66 kcal/mol
         30 |       685357 |   -9.03 kcal/mol |  -11.86 +/-    1.02 kcal/mol |       8 |  -13.06 kcal/mol
         35 |       797941 |   -9.95 kcal/mol |  -12.76 +/-    0.41 kcal/mol |       4 |  -13.13 kcal/mol
         40 |       909119 |  -11.21 kcal/mol |  -13.04 +/-    0.58 kcal/mol |       6 |  -14.21 kcal/mol
         45 |      1017653 |  -11.60 kcal/mol |  -13.36 +/-    0.56 kcal/mol |       4 |  -14.21 kcal/mol
         50 |      1125525 |  -11.25 kcal/mol |  -13.07 +/-    0.63 kcal/mol |       7 |  -14.21 kcal/mol
         55 |      1230261 |  -11.72 kcal/mol |  -13.31 +/-    0.88 kcal/mol |       4 |  -14.61 kcal/mol
         60 |      1334005 |  -10.01 kcal/mol |  -12.84 +/-    0.97 kcal/mol |       6 |  -14.61 kcal/mol
         65 |      1437460 |  -10.41 kcal/mol |  -13.69 +/-    0.55 kcal/mol |       4 |  -14.61 kcal/mol
         70 |      1536956 |  -11.64 kcal/mol |  -13.86 +/-    0.52 kcal/mol |       6 |  -14.61 kcal/mol
         75 |      1633352 |  -12.55 kcal/mol |  -14.10 +/-    0.48 kcal/mol |       4 |  -14.61 kcal/mol
         80 |      1731217 |  -12.29 kcal/mol |  -14.01 +/-    0.47 kcal/mol |       7 |  -14.61 kcal/mol
         85 |      1828508 |  -12.99 kcal/mol |  -14.06 +/-    0.48 kcal/mol |       4 |  -14.61 kcal/mol
         90 |      1925022 |  -12.26 kcal/mol |  -14.14 +/-    0.41 kcal/mol |       6 |  -14.61 kcal/mol
         95 |      2019491 |  -13.12 kcal/mol |  -14.17 +/-    0.22 kcal/mol |       6 |  -14.61 kcal/mol
        100 |      2111054 |  -13.63 kcal/mol |  -14.27 +/-    0.22 kcal/mol |       4 |  -14.61 kcal/mol
        105 |      2203903 |  -13.46 kcal/mol |  -14.25 +/-    0.23 kcal/mol |       4 |  -14.61 kcal/mol
        110 |      2293574 |  -13.37 kcal/mol |  -14.31 +/-    0.20 kcal/mol |       4 |  -14.61 kcal/mol
        115 |      2382357 |  -13.54 kcal/mol |  -14.13 +/-    0.38 kcal/mol |       4 |  -14.61 kcal/mol
        120 |      2469747 |  -12.71 kcal/mol |  -14.16 +/-    0.38 kcal/mol |       6 |  -14.61 kcal/mol
        122 |      2503838 |  -13.21 kcal/mol |  -14.19 +/-    0.33 kcal/mol |      11 |  -14.61 kcal/mol
------------+--------------+------------------+------------------------------+---------+-------------------

                                   Finished evaluation after reaching
                       2503838 evaluations. Best inter + intra   -14.61 kcal/mol.


Shutdown time 0.000718s

Job #3 took 1.748 sec after waiting 0.060 sec for setup

(Thread 0 is processing Job #3)
(Thread 0 is setting up Job #4)

Running Job #4:
    Device: NVIDIA A100-SXM4-40GB
    Grid map file: ./protein.maps.fld
    Ligand file: ./ligand_4_4.pdbqt
    Output file: docking_result_4.dlg (+ xml)
    Using heuristics: (capped) number of evaluations set to 7266276
    Overriding heuristics, setting number of evaluations to --nev = 2500000 instead.
    Warning: The set number of evals is 13.57% of the uncapped heuristics estimate of 18420020 evals.
             This means this docking may not be able to converge. Increasing --heurmax may improve
             convergence but will also increase runtime.
             AutoStop will not stop before 66.37% (1659273) of the set number of evaluations.
    Local-search chosen method is: ADADELTA (ad)

Rest of Setup time 0.301633s

Executing docking runs, stopping automatically after either reaching 0.15 kcal/mol standard deviation of
the best molecules of the last 4 * 5 generations, 42000 generations, or 2500000 evaluations:

Generations |  Evaluations |     Threshold    |  Average energy of best 10%  | Samples | Best Inter + Intra
------------+--------------+------------------+------------------------------+---------+-------------------
          0 |          150 |  163.89 kcal/mol |  131.64 +/-    8.60 kcal/mol |       4 |  119.49 kcal/mol
          5 |       117960 |  163.89 kcal/mol |    7.75 +/-   19.41 kcal/mol |    1119 |  -10.35 kcal/mol
         10 |       228653 |    8.01 kcal/mol |   -9.46 +/-    0.52 kcal/mol |       4 |  -10.35 kcal/mol
         15 |       339270 |   -7.50 kcal/mol |   -9.20 +/-    0.45 kcal/mol |      10 |  -10.35 kcal/mol
         20 |       451396 |   -8.53 kcal/mol |  -10.01 +/-    0.42 kcal/mol |       8 |  -10.79 kcal/mol
         25 |       561000 |   -9.21 kcal/mol |  -11.54 +/-    0.97 kcal/mol |      10 |  -13.09 kcal/mol
         30 |       669771 |  -10.09 kcal/mol |  -12.74 +/-    0.31 kcal/mol |       5 |  -13.09 kcal/mol
         35 |       776347 |  -11.79 kcal/mol |  -12.59 +/-    0.24 kcal/mol |       6 |  -13.09 kcal/mol
         40 |       882223 |  -11.98 kcal/mol |  -12.81 +/-    0.29 kcal/mol |       5 |  -13.09 kcal/mol
         45 |       985037 |  -11.95 kcal/mol |  -12.86 +/-    0.28 kcal/mol |       3 |  -13.09 kcal/mol
         50 |      1088406 |  -11.45 kcal/mol |  -13.39 +/-    0.65 kcal/mol |       4 |  -13.99 kcal/mol
         55 |      1192096 |  -10.96 kcal/mol |  -13.00 +/-    0.61 kcal/mol |       5 |  -13.99 kcal/mol
         60 |      1293069 |  -11.19 kcal/mol |  -12.99 +/-    0.82 kcal/mol |       4 |  -13.99 kcal/mol
         65 |      1392834 |   -9.91 kcal/mol |  -12.59 +/-    0.80 kcal/mol |       7 |  -13.99 kcal/mol
         70 |      1489956 |  -10.89 kcal/mol |  -13.13 +/-    0.44 kcal/mol |       6 |  -13.99 kcal/mol
         75 |      1585741 |  -12.03 kcal/mol |  -13.57 +/-    0.34 kcal/mol |       4 |  -14.02 kcal/mol
         80 |      1678694 |  -12.30 kcal/mol |  -13.50 +/-    0.43 kcal/mol |       6 |  -14.02 kcal/mol
         85 |      1772157 |  -12.44 kcal/mol |  -13.57 +/-    0.34 kcal/mol |       4 |  -14.02 kcal/mol
         90 |      1863194 |  -12.30 kcal/mol |  -13.57 +/-    0.40 kcal/mol |       7 |  -14.32 kcal/mol
         95 |      1955102 |  -12.71 kcal/mol |  -13.88 +/-    0.35 kcal/mol |       4 |  -14.47 kcal/mol
        100 |      2047143 |  -12.57 kcal/mol |  -13.91 +/-    0.47 kcal/mol |       4 |  -14.47 kcal/mol
        105 |      2136400 |  -12.15 kcal/mol |  -13.42 +/-    0.81 kcal/mol |       4 |  -14.47 kcal/mol
        110 |      2223742 |  -10.38 kcal/mol |  -13.22 +/-    0.84 kcal/mol |       9 |  -14.47 kcal/mol
        115 |      2312383 |  -11.82 kcal/mol |  -13.80 +/-    0.43 kcal/mol |       4 |  -14.47 kcal/mol
        120 |      2399408 |  -12.18 kcal/mol |  -13.79 +/-    0.40 kcal/mol |       5 |  -14.51 kcal/mol
        125 |      2485241 |  -12.57 kcal/mol |  -13.64 +/-    0.55 kcal/mol |       4 |  -14.51 kcal/mol
        126 |      2502505 |  -11.57 kcal/mol |  -13.71 +/-    0.58 kcal/mol |       7 |  -14.51 kcal/mol
------------+--------------+------------------+------------------------------+---------+-------------------

                                   Finished evaluation after reaching
                       2502505 evaluations. Best inter + intra   -14.51 kcal/mol.


Shutdown time 0.000689s

Job #4 took 1.708 sec after waiting 0.059 sec for setup

(Thread 0 is processing Job #4)
(Thread 0 is setting up Job #5)

Running Job #5:
    Device: NVIDIA A100-SXM4-40GB
    Grid map file: ./protein.maps.fld
    Ligand file: ./ligand_5_5.pdbqt
    Output file: docking_result_5.dlg (+ xml)
    Using heuristics: (capped) number of evaluations set to 2068966
    Local-search chosen method is: ADADELTA (ad)

Rest of Setup time 0.305714s

Executing docking runs, stopping automatically after either reaching 0.15 kcal/mol standard deviation of
the best molecules of the last 4 * 5 generations, 42000 generations, or 2068966 evaluations:

Generations |  Evaluations |     Threshold    |  Average energy of best 10%  | Samples | Best Inter + Intra
------------+--------------+------------------+------------------------------+---------+-------------------
          0 |          150 |   -2.61 kcal/mol |   -3.31 +/-    0.23 kcal/mol |       5 |   -3.58 kcal/mol
          5 |       123895 |   -2.63 kcal/mol |   -6.32 +/-    1.73 kcal/mol |     989 |  -11.60 kcal/mol
         10 |       247531 |   -6.29 kcal/mol |  -10.79 +/-    0.93 kcal/mol |      40 |  -13.51 kcal/mol
         15 |       376804 |  -10.44 kcal/mol |  -13.70 +/-    0.93 kcal/mol |      11 |  -15.12 kcal/mol
         20 |       504953 |  -12.43 kcal/mol |  -14.82 +/-    0.27 kcal/mol |       7 |  -15.13 kcal/mol
         25 |       631909 |  -14.24 kcal/mol |  -15.01 +/-    0.07 kcal/mol |       4 |  -15.13 kcal/mol
         30 |       759935 |  -14.45 kcal/mol |  -14.96 +/-    0.19 kcal/mol |       4 |  -15.16 kcal/mol
         35 |       888511 |  -14.25 kcal/mol |  -14.74 +/-    0.36 kcal/mol |       4 |  -15.16 kcal/mol
         40 |      1017699 |  -13.38 kcal/mol |  -14.60 +/-    0.37 kcal/mol |       6 |  -15.16 kcal/mol
         45 |      1144634 |  -13.68 kcal/mol |  -14.95 +/-    0.24 kcal/mol |       5 |  -15.16 kcal/mol
         50 |      1273229 |  -14.23 kcal/mol |  -15.06 +/-    0.12 kcal/mol |       4 |  -15.16 kcal/mol
         55 |      1400389 |  -14.62 kcal/mol |  -15.72 +/-    1.14 kcal/mol |       8 |  -17.91 kcal/mol
         60 |      1526528 |  -13.59 kcal/mol |  -15.61 +/-    1.37 kcal/mol |       4 |  -17.91 kcal/mol
         65 |      1654555 |  -10.47 kcal/mol |  -14.39 +/-    1.14 kcal/mol |      14 |  -17.91 kcal/mol
         70 |      1781618 |  -13.16 kcal/mol |  -16.52 +/-    1.42 kcal/mol |       4 |  -17.97 kcal/mol
         75 |      1908762 |  -11.19 kcal/mol |  -15.09 +/-    1.30 kcal/mol |      11 |  -17.97 kcal/mol
         80 |      2035275 |  -13.31 kcal/mol |  -15.79 +/-    1.26 kcal/mol |       4 |  -17.97 kcal/mol
         82 |      2086045 |  -11.08 kcal/mol |  -14.73 +/-    1.28 kcal/mol |      25 |  -17.97 kcal/mol
------------+--------------+------------------+------------------------------+---------+-------------------

                                   Finished evaluation after reaching
                       2086045 evaluations. Best inter + intra   -17.97 kcal/mol.


Shutdown time 0.000669s

Job #5 took 1.260 sec after waiting 0.058 sec for setup

(Thread 0 is processing Job #5)
(Thread 0 is setting up Job #6)

Running Job #6:
    Device: NVIDIA A100-SXM4-40GB
    Grid map file: ./protein.maps.fld
    Ligand file: ./ligand_6_6.pdbqt
    Output file: docking_result_6.dlg (+ xml)
    Using heuristics: (capped) number of evaluations set to 2068966
    Local-search chosen method is: ADADELTA (ad)

Rest of Setup time 0.305362s

Executing docking runs, stopping automatically after either reaching 0.15 kcal/mol standard deviation of
the best molecules of the last 4 * 5 generations, 42000 generations, or 2068966 evaluations:

Generations |  Evaluations |     Threshold    |  Average energy of best 10%  | Samples | Best Inter + Intra
------------+--------------+------------------+------------------------------+---------+-------------------
          0 |          150 |   -1.43 kcal/mol |   -2.87 +/-    0.44 kcal/mol |       6 |   -3.60 kcal/mol
          5 |       122992 |   -1.78 kcal/mol |   -5.40 +/-    1.66 kcal/mol |     918 |  -11.80 kcal/mol
         10 |       247884 |   -5.37 kcal/mol |  -10.04 +/-    1.24 kcal/mol |      37 |  -13.15 kcal/mol
         15 |       376395 |   -9.53 kcal/mol |  -12.75 +/-    0.70 kcal/mol |       8 |  -14.25 kcal/mol
         20 |       506719 |  -11.43 kcal/mol |  -13.76 +/-    0.35 kcal/mol |       7 |  -14.25 kcal/mol
         25 |       636657 |  -13.00 kcal/mol |  -14.42 +/-    0.41 kcal/mol |       4 |  -15.11 kcal/mol
         30 |       765418 |  -12.88 kcal/mol |  -14.97 +/-    0.46 kcal/mol |      11 |  -15.77 kcal/mol
         35 |       896170 |  -14.34 kcal/mol |  -15.52 +/-    0.46 kcal/mol |       4 |  -15.95 kcal/mol
         40 |      1026724 |  -13.79 kcal/mol |  -15.32 +/-    0.37 kcal/mol |       7 |  -15.95 kcal/mol
         45 |      1157934 |  -14.52 kcal/mol |  -15.26 +/-    0.48 kcal/mol |       4 |  -15.95 kcal/mol
         50 |      1287737 |  -13.47 kcal/mol |  -15.08 +/-    0.44 kcal/mol |       9 |  -15.95 kcal/mol
         55 |      1419266 |  -14.34 kcal/mol |  -15.62 +/-    0.42 kcal/mol |       4 |  -16.33 kcal/mol
         60 |      1549309 |  -14.03 kcal/mol |  -15.39 +/-    0.50 kcal/mol |       7 |  -16.53 kcal/mol
         65 |      1681337 |  -14.31 kcal/mol |  -15.52 +/-    0.51 kcal/mol |       5 |  -16.53 kcal/mol
         70 |      1814027 |  -13.98 kcal/mol |  -15.75 +/-    0.63 kcal/mol |       5 |  -16.53 kcal/mol
         75 |      1944606 |  -13.85 kcal/mol |  -15.59 +/-    0.49 kcal/mol |       5 |  -16.53 kcal/mol
         80 |      2076363 |  -14.11 kcal/mol |  -15.65 +/-    0.53 kcal/mol |      12 |  -16.53 kcal/mol
------------+--------------+------------------+------------------------------+---------+-------------------

                                   Finished evaluation after reaching
                       2076363 evaluations. Best inter + intra   -16.53 kcal/mol.


Shutdown time 0.000732s

Job #6 took 1.100 sec after waiting 0.053 sec for setup

(Thread 0 is processing Job #6)
(Thread 0 is setting up Job #7)

Running Job #7:
    Device: NVIDIA A100-SXM4-40GB
    Grid map file: ./protein.maps.fld
    Ligand file: ./ligand_7_7.pdbqt
    Output file: docking_result_7.dlg (+ xml)
    Using heuristics: (capped) number of evaluations set to 7973093
    Overriding heuristics, setting number of evaluations to --nev = 2500000 instead.
    Warning: The set number of evals is 10.52% of the uncapped heuristics estimate of 23759450 evals.
             This means this docking may not be able to converge. Increasing --heurmax may improve
             convergence but will also increase runtime.
             AutoStop will not stop before 76.79% (1919714) of the set number of evaluations.
    Local-search chosen method is: ADADELTA (ad)

Rest of Setup time 0.304778s

Executing docking runs, stopping automatically after either reaching 0.15 kcal/mol standard deviation of
the best molecules of the last 4 * 5 generations, 42000 generations, or 2500000 evaluations:

Generations |  Evaluations |     Threshold    |  Average energy of best 10%  | Samples | Best Inter + Intra
------------+--------------+------------------+------------------------------+---------+-------------------
          0 |          150 |  276.52 kcal/mol |  200.65 +/-   22.03 kcal/mol |       4 |  166.58 kcal/mol
          5 |       120615 |  283.25 kcal/mol |    9.32 +/-   26.02 kcal/mol |    1183 |   -9.24 kcal/mol
         10 |       229323 |    9.65 kcal/mol |  -10.09 +/-    0.60 kcal/mol |       5 |  -11.27 kcal/mol
         15 |       340257 |   -8.29 kcal/mol |  -10.27 +/-    0.96 kcal/mol |       5 |  -12.10 kcal/mol
         20 |       453523 |   -7.39 kcal/mol |  -10.54 +/-    0.88 kcal/mol |       9 |  -12.10 kcal/mol
         25 |       563629 |   -9.08 kcal/mol |  -11.27 +/-    0.50 kcal/mol |       4 |  -12.10 kcal/mol
         30 |       673139 |   -9.37 kcal/mol |  -11.30 +/-    0.52 kcal/mol |       7 |  -12.10 kcal/mol
         35 |       779123 |  -10.18 kcal/mol |  -11.53 +/-    0.34 kcal/mol |       4 |  -12.10 kcal/mol
         40 |       884253 |  -10.26 kcal/mol |  -11.36 +/-    0.39 kcal/mol |      10 |  -12.10 kcal/mol
         45 |       986898 |  -10.77 kcal/mol |  -11.98 +/-    0.31 kcal/mol |       4 |  -12.41 kcal/mol
         50 |      1085373 |  -10.82 kcal/mol |  -11.96 +/-    0.30 kcal/mol |       5 |  -12.41 kcal/mol
         55 |      1184473 |  -11.06 kcal/mol |  -12.01 +/-    0.19 kcal/mol |       6 |  -12.41 kcal/mol
         60 |      1280027 |  -11.53 kcal/mol |  -12.26 +/-    0.20 kcal/mol |       4 |  -12.41 kcal/mol
         65 |      1377219 |  -11.51 kcal/mol |  -12.26 +/-    0.20 kcal/mol |       4 |  -12.41 kcal/mol
         70 |      1471689 |  -11.51 kcal/mol |  -12.22 +/-    0.20 kcal/mol |       8 |  -12.41 kcal/mol
         75 |      1563933 |  -11.85 kcal/mol |  -12.28 +/-    0.19 kcal/mol |       4 |  -12.41 kcal/mol
         80 |      1655030 |  -11.56 kcal/mol |  -12.39 +/-    0.25 kcal/mol |       5 |  -12.69 kcal/mol
         85 |      1747744 |  -11.64 kcal/mol |  -12.69 +/-    0.15 kcal/mol |       7 |  -12.80 kcal/mol
         90 |      1837054 |  -12.37 kcal/mol |  -12.83 +/-    0.24 kcal/mol |       4 |  -13.26 kcal/mol
         95 |      1926748 |  -11.92 kcal/mol |  -12.36 +/-    0.49 kcal/mol |       6 |  -13.26 kcal/mol
        100 |      2015158 |  -11.14 kcal/mol |  -12.62 +/-    0.41 kcal/mol |       4 |  -13.26 kcal/mol
        105 |      2102239 |  -11.06 kcal/mol |  -12.37 +/-    0.45 kcal/mol |       7 |  -13.26 kcal/mol
        110 |      2189833 |  -11.41 kcal/mol |  -12.75 +/-    0.32 kcal/mol |       4 |  -13.26 kcal/mol
        115 |      2277704 |  -11.55 kcal/mol |  -12.95 +/-    0.36 kcal/mol |       5 |  -13.29 kcal/mol
        120 |      2365951 |  -11.86 kcal/mol |  -13.08 +/-    0.28 kcal/mol |       6 |  -13.29 kcal/mol
        125 |      2454204 |  -12.39 kcal/mol |  -13.08 +/-    0.27 kcal/mol |       3 |  -13.29 kcal/mol
        128 |      2507643 |  -11.70 kcal/mol |  -13.09 +/-    0.33 kcal/mol |       8 |  -13.29 kcal/mol
------------+--------------+------------------+------------------------------+---------+-------------------

                                   Finished evaluation after reaching
                       2507643 evaluations. Best inter + intra   -13.29 kcal/mol.


Shutdown time 0.000729s

Job #7 took 1.722 sec after waiting 0.047 sec for setup

(Thread 0 is processing Job #7)
(Thread 0 is setting up Job #8)

Running Job #8:
    Device: NVIDIA A100-SXM4-40GB
    Grid map file: ./protein.maps.fld
    Ligand file: ./ligand_8_8.pdbqt
    Output file: docking_result_8.dlg (+ xml)
    Using heuristics: (capped) number of evaluations set to 7973093
    Overriding heuristics, setting number of evaluations to --nev = 2500000 instead.
    Warning: The set number of evals is 10.52% of the uncapped heuristics estimate of 23759450 evals.
             This means this docking may not be able to converge. Increasing --heurmax may improve
             convergence but will also increase runtime.
             AutoStop will not stop before 76.79% (1919714) of the set number of evaluations.
    Local-search chosen method is: ADADELTA (ad)

Rest of Setup time 0.300935s

Executing docking runs, stopping automatically after either reaching 0.15 kcal/mol standard deviation of
the best molecules of the last 4 * 5 generations, 42000 generations, or 2500000 evaluations:

Generations |  Evaluations |     Threshold    |  Average energy of best 10%  | Samples | Best Inter + Intra
------------+--------------+------------------+------------------------------+---------+-------------------
          0 |          150 |  323.31 kcal/mol |  187.02 +/-   49.68 kcal/mol |       4 |  101.91 kcal/mol
          5 |       120643 |  373.34 kcal/mol |   10.73 +/-   31.78 kcal/mol |    1149 |  -11.15 kcal/mol
         10 |       232218 |   11.15 kcal/mol |  -10.66 +/-    0.46 kcal/mol |       6 |  -11.40 kcal/mol
         15 |       344088 |   -9.51 kcal/mol |  -11.29 +/-    0.45 kcal/mol |       5 |  -11.98 kcal/mol
         20 |       457168 |   -9.94 kcal/mol |  -11.36 +/-    0.39 kcal/mol |       4 |  -11.98 kcal/mol
         25 |       567525 |   -9.91 kcal/mol |  -11.30 +/-    0.51 kcal/mol |       7 |  -12.10 kcal/mol
         30 |       675213 |  -10.22 kcal/mol |  -11.77 +/-    0.31 kcal/mol |       5 |  -12.10 kcal/mol
         35 |       779387 |  -10.83 kcal/mol |  -11.86 +/-    0.27 kcal/mol |       4 |  -12.10 kcal/mol
         40 |       882756 |  -10.84 kcal/mol |  -11.86 +/-    0.27 kcal/mol |       4 |  -12.10 kcal/mol
         45 |       982780 |  -10.84 kcal/mol |  -11.86 +/-    0.53 kcal/mol |       9 |  -13.11 kcal/mol
         50 |      1081094 |  -10.98 kcal/mol |  -12.51 +/-    0.38 kcal/mol |       4 |  -13.11 kcal/mol
         55 |      1178350 |  -11.08 kcal/mol |  -12.32 +/-    0.37 kcal/mol |       9 |  -13.11 kcal/mol
         60 |      1274214 |  -11.70 kcal/mol |  -12.63 +/-    0.30 kcal/mol |       4 |  -13.11 kcal/mol
         65 |      1371368 |  -11.51 kcal/mol |  -12.70 +/-    0.31 kcal/mol |       6 |  -13.11 kcal/mol
         70 |      1466860 |  -11.93 kcal/mol |  -12.79 +/-    0.20 kcal/mol |       4 |  -13.11 kcal/mol
         75 |      1562158 |  -12.05 kcal/mol |  -12.73 +/-    0.25 kcal/mol |       4 |  -13.11 kcal/mol
         80 |      1659514 |  -11.79 kcal/mol |  -13.56 +/-    0.63 kcal/mol |       4 |  -14.18 kcal/mol
         85 |      1754584 |  -11.20 kcal/mol |  -13.29 +/-    0.53 kcal/mol |       4 |  -14.18 kcal/mol
         90 |      1849921 |  -11.31 kcal/mol |  -13.13 +/-    0.54 kcal/mol |       5 |  -14.18 kcal/mol
         95 |      1947222 |  -11.50 kcal/mol |  -13.51 +/-    0.77 kcal/mol |       7 |  -14.62 kcal/mol
        100 |      2043090 |  -11.86 kcal/mol |  -13.47 +/-    0.67 kcal/mol |       4 |  -14.62 kcal/mol
        105 |      2136561 |  -10.96 kcal/mol |  -13.21 +/-    0.74 kcal/mol |       5 |  -14.62 kcal/mol
        110 |      2229678 |  -10.99 kcal/mol |  -13.23 +/-    0.67 kcal/mol |       6 |  -14.62 kcal/mol
        115 |      2322679 |  -11.57 kcal/mol |  -13.56 +/-    0.55 kcal/mol |       6 |  -14.62 kcal/mol
        120 |      2416596 |  -12.18 kcal/mol |  -13.71 +/-    0.48 kcal/mol |       5 |  -14.62 kcal/mol
        125 |      2509817 |  -12.27 kcal/mol |  -13.77 +/-    0.51 kcal/mol |       8 |  -14.62 kcal/mol
------------+--------------+------------------+------------------------------+---------+-------------------

                                   Finished evaluation after reaching
                       2509817 evaluations. Best inter + intra   -14.62 kcal/mol.


Shutdown time 0.000727s

Job #8 took 1.705 sec after waiting 0.061 sec for setup

(Thread 0 is processing Job #8)
(Thread 0 is setting up Job #9)

Running Job #9:
    Device: NVIDIA A100-SXM4-40GB
    Grid map file: ./protein.maps.fld
    Ligand file: ./ligand_9_9.pdbqt
    Output file: docking_result_9.dlg (+ xml)
    Using heuristics: (capped) number of evaluations set to 2068966
    Local-search chosen method is: ADADELTA (ad)

Rest of Setup time 0.307602s

Executing docking runs, stopping automatically after either reaching 0.15 kcal/mol standard deviation of
the best molecules of the last 4 * 5 generations, 42000 generations, or 2068966 evaluations:

Generations |  Evaluations |     Threshold    |  Average energy of best 10%  | Samples | Best Inter + Intra
------------+--------------+------------------+------------------------------+---------+-------------------
          0 |          150 |   -0.83 kcal/mol |   -1.86 +/-    0.29 kcal/mol |      33 |   -3.12 kcal/mol
          5 |       122163 |   -1.73 kcal/mol |   -5.99 +/-    1.92 kcal/mol |     982 |  -12.63 kcal/mol
         10 |       242733 |   -5.97 kcal/mol |  -11.08 +/-    1.03 kcal/mol |      31 |  -13.39 kcal/mol
         15 |       363624 |  -10.58 kcal/mol |  -13.17 +/-    0.21 kcal/mol |       4 |  -13.42 kcal/mol
         20 |       487342 |  -12.38 kcal/mol |  -13.32 +/-    0.30 kcal/mol |       6 |  -13.71 kcal/mol
         25 |       611417 |  -12.57 kcal/mol |  -13.62 +/-    0.40 kcal/mol |       4 |  -14.22 kcal/mol
         30 |       738262 |  -12.13 kcal/mol |  -13.46 +/-    0.58 kcal/mol |      14 |  -15.36 kcal/mol
         35 |       864752 |  -12.83 kcal/mol |  -14.20 +/-    0.66 kcal/mol |       5 |  -15.49 kcal/mol
         40 |       987694 |  -12.22 kcal/mol |  -14.16 +/-    0.57 kcal/mol |      17 |  -15.55 kcal/mol
         45 |      1110852 |  -13.66 kcal/mol |  -15.48 +/-    0.24 kcal/mol |       9 |  -15.62 kcal/mol
         50 |      1232746 |  -15.09 kcal/mol |  -15.60 +/-    0.02 kcal/mol |       4 |  -15.62 kcal/mol
         55 |      1358086 |  -15.04 kcal/mol |  -15.57 +/-    0.22 kcal/mol |       4 |  -15.83 kcal/mol
         60 |      1480080 |  -14.76 kcal/mol |  -15.59 +/-    0.22 kcal/mol |      11 |  -16.14 kcal/mol
         65 |      1604245 |  -15.30 kcal/mol |  -15.80 +/-    0.27 kcal/mol |       5 |  -16.31 kcal/mol
         70 |      1731064 |  -14.99 kcal/mol |  -15.84 +/-    0.26 kcal/mol |       8 |  -16.31 kcal/mol
         75 |      1858649 |  -15.35 kcal/mol |  -16.22 +/-    0.20 kcal/mol |       4 |  -16.44 kcal/mol
         80 |      1985913 |  -15.48 kcal/mol |  -16.13 +/-    0.32 kcal/mol |       4 |  -16.58 kcal/mol
         84 |      2087832 |  -14.91 kcal/mol |  -15.98 +/-    0.30 kcal/mol |      16 |  -16.58 kcal/mol
------------+--------------+------------------+------------------------------+---------+-------------------

                                   Finished evaluation after reaching
                       2087832 evaluations. Best inter + intra   -16.58 kcal/mol.


Shutdown time 0.000729s

Job #9 took 1.278 sec after waiting 0.062 sec for setup

(Thread 0 is processing Job #9)
(Thread 0 is setting up Job #10)

Running Job #10:
    Device: NVIDIA A100-SXM4-40GB
    Grid map file: ./protein.maps.fld
    Ligand file: ./ligand_10_10.pdbqt
    Output file: docking_result_10.dlg (+ xml)
    Using heuristics: (capped) number of evaluations set to 2845257
    Overriding heuristics, setting number of evaluations to --nev = 2500000 instead.
    Local-search chosen method is: ADADELTA (ad)

Rest of Setup time 0.301613s

Executing docking runs, stopping automatically after either reaching 0.15 kcal/mol standard deviation of
the best molecules of the last 4 * 5 generations, 42000 generations, or 2500000 evaluations:

Generations |  Evaluations |     Threshold    |  Average energy of best 10%  | Samples | Best Inter + Intra
------------+--------------+------------------+------------------------------+---------+-------------------
          0 |          150 |   -2.86 kcal/mol |   -3.55 +/-    0.19 kcal/mol |       4 |   -3.69 kcal/mol
          5 |       128658 |   -2.86 kcal/mol |   -6.77 +/-    1.92 kcal/mol |    1025 |  -15.11 kcal/mol
         10 |       261417 |   -6.74 kcal/mol |  -12.46 +/-    1.56 kcal/mol |      50 |  -15.88 kcal/mol
         15 |       398236 |  -11.99 kcal/mol |  -15.55 +/-    0.40 kcal/mol |       8 |  -16.17 kcal/mol
         20 |       531393 |  -14.81 kcal/mol |  -16.26 +/-    0.30 kcal/mol |       5 |  -16.56 kcal/mol
         25 |       663891 |  -15.35 kcal/mol |  -16.11 +/-    0.29 kcal/mol |       4 |  -16.56 kcal/mol
         30 |       797309 |  -15.03 kcal/mol |  -15.99 +/-    0.31 kcal/mol |       7 |  -16.56 kcal/mol
         35 |       930243 |  -15.33 kcal/mol |  -16.30 +/-    0.16 kcal/mol |       5 |  -16.60 kcal/mol
         40 |      1063281 |  -15.81 kcal/mol |  -17.22 +/-    0.67 kcal/mol |       6 |  -17.77 kcal/mol
         45 |      1196237 |  -15.55 kcal/mol |  -16.65 +/-    0.64 kcal/mol |       4 |  -17.77 kcal/mol
         50 |      1330615 |  -14.24 kcal/mol |  -16.43 +/-    0.65 kcal/mol |      13 |  -17.77 kcal/mol
         55 |      1466504 |  -15.67 kcal/mol |  -17.07 +/-    0.70 kcal/mol |       4 |  -17.77 kcal/mol
         60 |      1597622 |  -14.44 kcal/mol |  -16.54 +/-    0.64 kcal/mol |      10 |  -17.77 kcal/mol
         65 |      1730602 |  -15.58 kcal/mol |  -17.13 +/-    0.65 kcal/mol |       4 |  -17.78 kcal/mol
         70 |      1863110 |  -14.69 kcal/mol |  -16.47 +/-    0.54 kcal/mol |       8 |  -17.81 kcal/mol
         75 |      1997679 |  -15.46 kcal/mol |  -17.24 +/-    0.53 kcal/mol |       4 |  -17.81 kcal/mol
         80 |      2131280 |  -15.27 kcal/mol |  -16.70 +/-    0.51 kcal/mol |       6 |  -17.81 kcal/mol
         85 |      2266312 |  -15.43 kcal/mol |  -16.79 +/-    0.47 kcal/mol |       6 |  -17.83 kcal/mol
         90 |      2399256 |  -15.63 kcal/mol |  -16.90 +/-    0.43 kcal/mol |       6 |  -17.83 kcal/mol
         94 |      2506630 |  -15.82 kcal/mol |  -17.03 +/-    0.52 kcal/mol |       7 |  -17.83 kcal/mol
------------+--------------+------------------+------------------------------+---------+-------------------

                                   Finished evaluation after reaching
                       2506630 evaluations. Best inter + intra   -17.83 kcal/mol.


Shutdown time 0.000641s

Job #10 took 1.334 sec after waiting 0.050 sec for setup

(Thread 0 is processing Job #10)
Run time of entire job set (10 files): 22.144 sec
Savings from multithreading: -0.001 sec
Idle time of execution thread: 4.960 sec

All jobs (10) ran without errors.
