AutoDock-GPU version: v1.6-7-ga46ab564d2ac5f1a1523f65239b43505a1c29364-dirty

Running 1 docking calculation

Cuda device:                              NVIDIA A100-SXM4-40GB
Available memory on device:               39916 MB (total: 40339 MB)

CUDA Setup time 0.235009s
(Thread 0 is setting up Job #1)

Running Job #1
    Using heuristics: (capped) number of evaluations set to 3487417
    Overriding heuristics, setting number of evaluations to --nev = 2500000 instead.
    Local-search chosen method is: ADADELTA (ad)

Rest of Setup time 0.305944s

Executing docking runs, stopping automatically after either reaching 0.15 kcal/mol standard deviation of
the best molecules of the last 4 * 5 generations, 42000 generations, or 2500000 evaluations:

Generations |  Evaluations |     Threshold    |  Average energy of best 10%  | Samples | Best Inter + Intra
------------+--------------+------------------+------------------------------+---------+-------------------
          0 |          150 |   -2.83 kcal/mol |   -3.27 +/-    0.12 kcal/mol |       4 |   -3.43 kcal/mol
          5 |       124634 |   -2.83 kcal/mol |   -6.57 +/-    1.85 kcal/mol |    1053 |  -12.83 kcal/mol
         10 |       248981 |   -6.54 kcal/mol |  -11.29 +/-    0.98 kcal/mol |      46 |  -14.01 kcal/mol
         15 |       377972 |  -10.97 kcal/mol |  -13.74 +/-    0.63 kcal/mol |       4 |  -14.35 kcal/mol
         20 |       508507 |  -11.38 kcal/mol |  -13.76 +/-    0.80 kcal/mol |      10 |  -15.37 kcal/mol
         25 |       641943 |  -12.56 kcal/mol |  -14.13 +/-    0.83 kcal/mol |       4 |  -15.39 kcal/mol
         30 |       776814 |  -11.01 kcal/mol |  -13.55 +/-    0.81 kcal/mol |      16 |  -15.39 kcal/mol
         35 |       910558 |  -12.79 kcal/mol |  -14.74 +/-    0.40 kcal/mol |       4 |  -15.39 kcal/mol
         40 |      1043135 |  -13.24 kcal/mol |  -14.78 +/-    0.36 kcal/mol |       4 |  -15.39 kcal/mol
         45 |      1175138 |  -13.41 kcal/mol |  -14.79 +/-    0.53 kcal/mol |       9 |  -15.42 kcal/mol
         50 |      1309717 |  -13.91 kcal/mol |  -14.73 +/-    0.41 kcal/mol |       4 |  -15.42 kcal/mol
         55 |      1445698 |  -13.21 kcal/mol |  -14.66 +/-    0.32 kcal/mol |       9 |  -15.42 kcal/mol
         60 |      1579464 |  -14.13 kcal/mol |  -15.26 +/-    0.14 kcal/mol |       5 |  -15.43 kcal/mol
         65 |      1713296 |  -14.84 kcal/mol |  -15.15 +/-    0.23 kcal/mol |       4 |  -15.43 kcal/mol
         70 |      1846468 |  -14.30 kcal/mol |  -15.23 +/-    0.24 kcal/mol |       5 |  -15.43 kcal/mol
         75 |      1979205 |  -14.52 kcal/mol |  -15.12 +/-    0.36 kcal/mol |       4 |  -15.49 kcal/mol
         80 |      2112065 |  -13.75 kcal/mol |  -15.23 +/-    0.32 kcal/mol |      10 |  -15.49 kcal/mol
         85 |      2245954 |  -14.75 kcal/mol |  -15.39 +/-    0.22 kcal/mol |       4 |  -15.56 kcal/mol
         90 |      2378056 |  -14.57 kcal/mol |  -15.76 +/-    0.29 kcal/mol |       5 |  -16.09 kcal/mol
         95 |      2511733 |  -14.88 kcal/mol |  -15.84 +/-    0.28 kcal/mol |       7 |  -16.09 kcal/mol
------------+--------------+------------------+------------------------------+---------+-------------------

                                   Finished evaluation after reaching
                       2511733 evaluations. Best inter + intra   -16.09 kcal/mol.


Shutdown time 0.000697s

Job #1 took 1.702 sec after waiting 4.469 sec for setup

(Thread 0 is processing Job #1)
Run time of entire job set (1 file): 6.236 sec
Processing time: 0.065 sec

All jobs (1) ran without errors.
