AutoDock-GPU version: v1.6-7-ga46ab564d2ac5f1a1523f65239b43505a1c29364-dirty

Running 1 docking calculation

Cuda device:                              NVIDIA A100-SXM4-40GB
Available memory on device:               39916 MB (total: 40339 MB)

CUDA Setup time 0.231566s
(Thread 0 is setting up Job #1)

Running Job #1
    Using heuristics: (capped) number of evaluations set to 2068966
    Local-search chosen method is: ADADELTA (ad)

Rest of Setup time 0.307698s

Executing docking runs, stopping automatically after either reaching 0.15 kcal/mol standard deviation of
the best molecules of the last 4 * 5 generations, 42000 generations, or 2068966 evaluations:

Generations |  Evaluations |     Threshold    |  Average energy of best 10%  | Samples | Best Inter + Intra
------------+--------------+------------------+------------------------------+---------+-------------------
          0 |          150 |   -1.83 kcal/mol |   -2.24 +/-    0.14 kcal/mol |       5 |   -2.45 kcal/mol
          5 |       114825 |   -1.83 kcal/mol |   -4.05 +/-    1.26 kcal/mol |     722 |   -9.41 kcal/mol
         10 |       236860 |   -4.03 kcal/mol |   -7.67 +/-    0.82 kcal/mol |      46 |   -9.41 kcal/mol
         15 |       365048 |   -7.40 kcal/mol |   -8.95 +/-    0.21 kcal/mol |      12 |   -9.46 kcal/mol
         20 |       492020 |   -8.68 kcal/mol |   -9.21 +/-    0.13 kcal/mol |       7 |   -9.46 kcal/mol
         25 |       616197 |   -8.94 kcal/mol |   -9.30 +/-    0.14 kcal/mol |      11 |   -9.49 kcal/mol
         30 |       741679 |   -9.11 kcal/mol |   -9.27 +/-    0.10 kcal/mol |      17 |   -9.49 kcal/mol
         35 |       866646 |   -9.19 kcal/mol |   -9.35 +/-    0.11 kcal/mol |      12 |   -9.49 kcal/mol
         40 |       991118 |   -9.22 kcal/mol |   -9.42 +/-    0.11 kcal/mol |      14 |   -9.54 kcal/mol
         45 |      1114743 |   -9.30 kcal/mol |   -9.50 +/-    0.09 kcal/mol |       9 |   -9.60 kcal/mol
         50 |      1236281 |   -9.36 kcal/mol |   -9.65 +/-    0.22 kcal/mol |      15 |  -10.09 kcal/mol
         55 |      1358851 |   -9.43 kcal/mol |  -10.04 +/-    0.08 kcal/mol |       5 |  -10.09 kcal/mol
         60 |      1480660 |   -9.81 kcal/mol |  -10.02 +/-    0.12 kcal/mol |       6 |  -10.11 kcal/mol
         65 |      1605839 |   -9.72 kcal/mol |   -9.99 +/-    0.09 kcal/mol |       5 |  -10.11 kcal/mol
         70 |      1727716 |   -9.72 kcal/mol |  -10.02 +/-    0.12 kcal/mol |       8 |  -10.11 kcal/mol
         75 |      1850571 |   -9.79 kcal/mol |  -10.07 +/-    0.07 kcal/mol |       5 |  -10.16 kcal/mol
         80 |      1974967 |   -9.62 kcal/mol |  -10.11 +/-    0.05 kcal/mol |      10 |  -10.16 kcal/mol
         84 |      2072178 |   -9.89 kcal/mol |  -10.11 +/-    0.05 kcal/mol |      24 |  -10.22 kcal/mol
------------+--------------+------------------+------------------------------+---------+-------------------

                                   Finished evaluation after reaching
                       2072178 evaluations. Best inter + intra   -10.22 kcal/mol.


Shutdown time 0.000666s

Job #1 took 0.898 sec after waiting 4.464 sec for setup

(Thread 0 is processing Job #1)
Run time of entire job set (1 file): 5.386 sec
Processing time: 0.025 sec

All jobs (1) ran without errors.
