AutoDock-GPU version: v1.6-7-ga46ab564d2ac5f1a1523f65239b43505a1c29364-dirty

Using 1 OpenMP threads

Running 9 docking calculations

Cuda device:                              NVIDIA A100-SXM4-40GB
Available memory on device:               39916 MB (total: 40339 MB)

CUDA Setup time 0.235667s
(Thread 0 is setting up Job #1)

Running Job #1:
    Device: NVIDIA A100-SXM4-40GB
    Grid map file: ./protein.maps.fld
    Ligand file: ./ligand_1_1.pdbqt
    Output file: docking_result_1.dlg (+ xml)
    Using heuristics: (capped) number of evaluations set to 3487417
    Overriding heuristics, setting number of evaluations to --nev = 2500000 instead.
    Local-search chosen method is: ADADELTA (ad)

Rest of Setup time 0.072811s

Executing docking runs, stopping automatically after either reaching 0.15 kcal/mol standard deviation of
the best molecules of the last 4 * 5 generations, 42000 generations, or 2500000 evaluations:

Generations |  Evaluations |     Threshold    |  Average energy of best 10%  | Samples | Best Inter + Intra
------------+--------------+------------------+------------------------------+---------+-------------------
          0 |          150 |   -2.22 kcal/mol |   -2.71 +/-    0.16 kcal/mol |       5 |   -2.90 kcal/mol
          5 |        91841 |   -2.22 kcal/mol |   -5.82 +/-    1.83 kcal/mol |     741 |  -11.83 kcal/mol
         10 |       198332 |   -5.78 kcal/mol |  -10.52 +/-    0.78 kcal/mol |      30 |  -11.96 kcal/mol
         15 |       316379 |  -10.12 kcal/mol |  -12.42 +/-    0.35 kcal/mol |       4 |  -12.80 kcal/mol
         20 |       445909 |  -11.10 kcal/mol |  -12.33 +/-    0.40 kcal/mol |       7 |  -12.83 kcal/mol
         25 |       580052 |  -11.47 kcal/mol |  -12.55 +/-    0.20 kcal/mol |       4 |  -12.83 kcal/mol
         30 |       718530 |  -11.80 kcal/mol |  -12.52 +/-    0.19 kcal/mol |       6 |  -12.83 kcal/mol
         35 |       857190 |  -12.04 kcal/mol |  -12.45 +/-    0.21 kcal/mol |       6 |  -12.83 kcal/mol
         40 |       994905 |  -11.92 kcal/mol |  -12.65 +/-    0.24 kcal/mol |      10 |  -13.19 kcal/mol
         45 |      1132867 |  -12.29 kcal/mol |  -13.37 +/-    0.28 kcal/mol |       5 |  -13.69 kcal/mol
         50 |      1272192 |  -12.52 kcal/mol |  -13.50 +/-    0.25 kcal/mol |       5 |  -13.84 kcal/mol
         55 |      1412768 |  -12.73 kcal/mol |  -13.63 +/-    0.49 kcal/mol |       3 |  -14.11 kcal/mol
         60 |      1548993 |  -11.19 kcal/mol |  -12.86 +/-    0.63 kcal/mol |      10 |  -14.24 kcal/mol
         65 |      1686949 |  -11.91 kcal/mol |  -13.43 +/-    0.64 kcal/mol |       4 |  -14.24 kcal/mol
         70 |      1824473 |  -11.01 kcal/mol |  -12.98 +/-    0.68 kcal/mol |      12 |  -14.24 kcal/mol
         75 |      1961608 |  -12.13 kcal/mol |  -13.43 +/-    0.64 kcal/mol |       4 |  -14.24 kcal/mol
         80 |      2097745 |  -11.01 kcal/mol |  -13.06 +/-    0.59 kcal/mol |      12 |  -14.24 kcal/mol
         85 |      2233755 |  -12.32 kcal/mol |  -14.04 +/-    0.17 kcal/mol |       5 |  -14.24 kcal/mol
         90 |      2368233 |  -13.54 kcal/mol |  -14.07 +/-    0.16 kcal/mol |       2 |  -14.24 kcal/mol
         95 |      2503056 |  -12.86 kcal/mol |  -13.84 +/-    0.33 kcal/mol |       8 |  -14.24 kcal/mol
------------+--------------+------------------+------------------------------+---------+-------------------

                                   Finished evaluation after reaching
                       2503056 evaluations. Best inter + intra   -14.24 kcal/mol.


Shutdown time 0.000682s

Job #1 took 1.030 sec after waiting 1.234 sec for setup

(Thread 0 is processing Job #1)
(Thread 0 is setting up Job #2)

Running Job #2:
    Device: NVIDIA A100-SXM4-40GB
    Grid map file: ./protein.maps.fld
    Ligand file: ./ligand_2_2.pdbqt
    Output file: docking_result_2.dlg (+ xml)
    Using heuristics: (capped) number of evaluations set to 4195460
    Overriding heuristics, setting number of evaluations to --nev = 2500000 instead.
    Warning: The set number of evals is 38.75% of the uncapped heuristics estimate of 6450800 evals.
             This means this docking may not be able to converge. Increasing --heurmax may improve
             convergence but will also increase runtime.
             AutoStop will not stop before 17.33% (433129) of the set number of evaluations.
    Local-search chosen method is: ADADELTA (ad)

Rest of Setup time 0.068635s

Executing docking runs, stopping automatically after either reaching 0.15 kcal/mol standard deviation of
the best molecules of the last 4 * 5 generations, 42000 generations, or 2500000 evaluations:

Generations |  Evaluations |     Threshold    |  Average energy of best 10%  | Samples | Best Inter + Intra
------------+--------------+------------------+------------------------------+---------+-------------------
          0 |          150 |   -2.31 kcal/mol |   -2.75 +/-    0.15 kcal/mol |       5 |   -2.96 kcal/mol
          5 |        92417 |   -2.31 kcal/mol |   -6.56 +/-    1.94 kcal/mol |     761 |  -12.82 kcal/mol
         10 |       198875 |   -6.52 kcal/mol |  -11.61 +/-    0.95 kcal/mol |      27 |  -13.13 kcal/mol
         15 |       320801 |  -11.08 kcal/mol |  -13.05 +/-    0.17 kcal/mol |       7 |  -13.37 kcal/mol
         20 |       451965 |  -12.68 kcal/mol |  -13.23 +/-    0.16 kcal/mol |      11 |  -13.57 kcal/mol
         25 |       587262 |  -13.01 kcal/mol |  -13.57 +/-    0.16 kcal/mol |       4 |  -13.77 kcal/mol
         30 |       727055 |  -12.98 kcal/mol |  -13.70 +/-    0.20 kcal/mol |       7 |  -14.05 kcal/mol
         35 |       866057 |  -13.28 kcal/mol |  -13.90 +/-    0.20 kcal/mol |       4 |  -14.21 kcal/mol
         40 |      1007511 |  -13.14 kcal/mol |  -13.86 +/-    0.21 kcal/mol |      11 |  -14.30 kcal/mol
         45 |      1146541 |  -13.57 kcal/mol |  -13.90 +/-    0.19 kcal/mol |       7 |  -14.30 kcal/mol
         50 |      1285589 |  -13.48 kcal/mol |  -13.98 +/-    0.16 kcal/mol |       7 |  -14.30 kcal/mol
         55 |      1426188 |  -13.63 kcal/mol |  -13.97 +/-    0.15 kcal/mol |       6 |  -14.30 kcal/mol
         60 |      1562918 |  -13.59 kcal/mol |  -14.00 +/-    0.13 kcal/mol |       7 |  -14.31 kcal/mol
         65 |      1702772 |  -13.71 kcal/mol |  -13.97 +/-    0.17 kcal/mol |       6 |  -14.31 kcal/mol
         70 |      1841010 |  -13.53 kcal/mol |  -14.04 +/-    0.18 kcal/mol |       7 |  -14.31 kcal/mol
         75 |      1982225 |  -13.66 kcal/mol |  -14.08 +/-    0.16 kcal/mol |       7 |  -14.31 kcal/mol
         80 |      2122354 |  -13.73 kcal/mol |  -14.04 +/-    0.17 kcal/mol |       8 |  -14.31 kcal/mol
         85 |      2261333 |  -13.72 kcal/mol |  -14.20 +/-    0.13 kcal/mol |      11 |  -14.31 kcal/mol
         90 |      2401391 |  -14.02 kcal/mol |  -14.25 +/-    0.14 kcal/mol |       7 |  -14.53 kcal/mol
         94 |      2515261 |  -13.95 kcal/mol |  -14.24 +/-    0.16 kcal/mol |      14 |  -14.56 kcal/mol
------------+--------------+------------------+------------------------------+---------+-------------------

                                   Finished evaluation after reaching
                       2515261 evaluations. Best inter + intra   -14.56 kcal/mol.


Shutdown time 0.000660s

Job #2 took 1.148 sec after waiting 0.037 sec for setup

(Thread 0 is processing Job #2)
(Thread 0 is setting up Job #3)

Running Job #3:
    Device: NVIDIA A100-SXM4-40GB
    Grid map file: ./protein.maps.fld
    Ligand file: ./ligand_3_3.pdbqt
    Output file: docking_result_3.dlg (+ xml)
    Using heuristics: (capped) number of evaluations set to 2068966
    Local-search chosen method is: ADADELTA (ad)

Rest of Setup time 0.067487s

Executing docking runs, stopping automatically after either reaching 0.15 kcal/mol standard deviation of
the best molecules of the last 4 * 5 generations, 42000 generations, or 2068966 evaluations:

Generations |  Evaluations |     Threshold    |  Average energy of best 10%  | Samples | Best Inter + Intra
------------+--------------+------------------+------------------------------+---------+-------------------
          0 |          150 |   -1.43 kcal/mol |   -2.26 +/-    0.29 kcal/mol |       7 |   -2.89 kcal/mol
          5 |        95955 |   -1.64 kcal/mol |   -5.69 +/-    1.69 kcal/mol |     775 |  -11.35 kcal/mol
         10 |       199844 |   -5.66 kcal/mol |  -10.24 +/-    1.16 kcal/mol |      32 |  -12.97 kcal/mol
         15 |       311550 |   -9.69 kcal/mol |  -12.73 +/-    0.35 kcal/mol |       5 |  -13.06 kcal/mol
         20 |       432468 |  -11.67 kcal/mol |  -12.83 +/-    0.32 kcal/mol |       4 |  -13.22 kcal/mol
         25 |       558566 |  -11.62 kcal/mol |  -13.14 +/-    0.36 kcal/mol |       4 |  -13.42 kcal/mol
         30 |       687949 |  -11.80 kcal/mol |  -13.31 +/-    0.39 kcal/mol |       6 |  -13.81 kcal/mol
         35 |       815459 |  -12.33 kcal/mol |  -13.43 +/-    0.25 kcal/mol |       4 |  -13.81 kcal/mol
         40 |       941331 |  -12.48 kcal/mol |  -13.54 +/-    0.16 kcal/mol |       7 |  -13.81 kcal/mol
         45 |      1066687 |  -13.21 kcal/mol |  -13.53 +/-    0.24 kcal/mol |       5 |  -13.81 kcal/mol
         50 |      1191624 |  -12.81 kcal/mol |  -13.46 +/-    0.24 kcal/mol |       4 |  -13.84 kcal/mol
         55 |      1318928 |  -12.55 kcal/mol |  -13.37 +/-    0.35 kcal/mol |       4 |  -13.85 kcal/mol
         60 |      1445403 |  -12.06 kcal/mol |  -13.30 +/-    0.31 kcal/mol |       6 |  -13.86 kcal/mol
         65 |      1574824 |  -12.52 kcal/mol |  -13.30 +/-    0.35 kcal/mol |       5 |  -13.86 kcal/mol
         70 |      1703844 |  -12.24 kcal/mol |  -13.59 +/-    0.23 kcal/mol |       5 |  -13.86 kcal/mol
         75 |      1830714 |  -12.91 kcal/mol |  -13.40 +/-    0.32 kcal/mol |       4 |  -13.86 kcal/mol
         80 |      1956556 |  -12.19 kcal/mol |  -13.44 +/-    0.24 kcal/mol |       8 |  -13.86 kcal/mol
         85 |      2083962 |  -12.99 kcal/mol |  -13.52 +/-    0.25 kcal/mol |      12 |  -13.86 kcal/mol
------------+--------------+------------------+------------------------------+---------+-------------------

                                   Finished evaluation after reaching
                       2083962 evaluations. Best inter + intra   -13.86 kcal/mol.


Shutdown time 0.000642s

Job #3 took 0.897 sec after waiting 0.049 sec for setup

(Thread 0 is processing Job #3)
(Thread 0 is setting up Job #4)

Running Job #4:
    Device: NVIDIA A100-SXM4-40GB
    Grid map file: ./protein.maps.fld
    Ligand file: ./ligand_4_4.pdbqt
    Output file: docking_result_4.dlg (+ xml)
    Using heuristics: (capped) number of evaluations set to 2068966
    Local-search chosen method is: ADADELTA (ad)

Rest of Setup time 0.067473s

Executing docking runs, stopping automatically after either reaching 0.15 kcal/mol standard deviation of
the best molecules of the last 4 * 5 generations, 42000 generations, or 2068966 evaluations:

Generations |  Evaluations |     Threshold    |  Average energy of best 10%  | Samples | Best Inter + Intra
------------+--------------+------------------+------------------------------+---------+-------------------
          0 |          150 |   -1.43 kcal/mol |   -2.74 +/-    0.42 kcal/mol |       5 |   -3.44 kcal/mol
          5 |        94393 |   -1.47 kcal/mol |   -5.40 +/-    1.63 kcal/mol |     766 |  -11.64 kcal/mol
         10 |       202941 |   -5.36 kcal/mol |   -9.64 +/-    0.98 kcal/mol |      38 |  -11.73 kcal/mol
         15 |       320494 |   -9.25 kcal/mol |  -11.68 +/-    0.27 kcal/mol |       4 |  -12.01 kcal/mol
         20 |       447891 |  -10.68 kcal/mol |  -11.69 +/-    0.28 kcal/mol |       6 |  -12.01 kcal/mol
         25 |       578981 |  -10.99 kcal/mol |  -11.70 +/-    0.20 kcal/mol |       4 |  -12.01 kcal/mol
         30 |       711763 |  -10.93 kcal/mol |  -11.65 +/-    0.26 kcal/mol |       6 |  -12.01 kcal/mol
         35 |       845674 |  -10.99 kcal/mol |  -11.82 +/-    0.18 kcal/mol |       6 |  -12.01 kcal/mol
         40 |       980627 |  -11.37 kcal/mol |  -11.86 +/-    0.14 kcal/mol |       7 |  -12.01 kcal/mol
         45 |      1114220 |  -11.57 kcal/mol |  -11.98 +/-    0.05 kcal/mol |      11 |  -12.01 kcal/mol
         50 |      1248662 |  -11.78 kcal/mol |  -11.90 +/-    0.10 kcal/mol |      11 |  -12.01 kcal/mol
------------+--------------+------------------+------------------------------+---------+-------------------

                                   Finished evaluation after reaching
                                  -11.90 +/-    0.13 kcal/mol combined.
                             35 samples, best inter + intra   -12.01 kcal/mol.


Shutdown time 0.000620s

Job #4 took 0.575 sec after waiting 0.042 sec for setup

(Thread 0 is processing Job #4)
(Thread 0 is setting up Job #5)

Running Job #5:
    Device: NVIDIA A100-SXM4-40GB
    Grid map file: ./protein.maps.fld
    Ligand file: ./ligand_5_5.pdbqt
    Output file: docking_result_5.dlg (+ xml)
    Using heuristics: (capped) number of evaluations set to 2068966
    Local-search chosen method is: ADADELTA (ad)

Rest of Setup time 0.068792s

Executing docking runs, stopping automatically after either reaching 0.15 kcal/mol standard deviation of
the best molecules of the last 4 * 5 generations, 42000 generations, or 2068966 evaluations:

Generations |  Evaluations |     Threshold    |  Average energy of best 10%  | Samples | Best Inter + Intra
------------+--------------+------------------+------------------------------+---------+-------------------
          0 |          150 |   -1.49 kcal/mol |   -2.65 +/-    0.40 kcal/mol |       6 |   -3.44 kcal/mol
          5 |        99394 |   -1.64 kcal/mol |   -5.20 +/-    1.51 kcal/mol |     766 |  -11.61 kcal/mol
         10 |       202355 |   -5.17 kcal/mol |   -9.45 +/-    0.89 kcal/mol |      47 |  -11.64 kcal/mol
         15 |       311283 |   -9.17 kcal/mol |  -11.44 +/-    0.18 kcal/mol |       8 |  -11.64 kcal/mol
         20 |       427052 |  -11.11 kcal/mol |  -11.54 +/-    0.06 kcal/mol |       6 |  -11.64 kcal/mol
         25 |       543712 |  -11.17 kcal/mol |  -11.55 +/-    0.08 kcal/mol |       5 |  -11.64 kcal/mol
         30 |       661724 |  -11.32 kcal/mol |  -11.54 +/-    0.08 kcal/mol |       6 |  -11.65 kcal/mol
         35 |       780423 |  -11.33 kcal/mol |  -11.80 +/-    0.24 kcal/mol |       6 |  -12.13 kcal/mol
         40 |       902422 |  -11.21 kcal/mol |  -11.80 +/-    0.23 kcal/mol |       6 |  -12.13 kcal/mol
         45 |      1023161 |  -11.22 kcal/mol |  -11.78 +/-    0.22 kcal/mol |       7 |  -12.13 kcal/mol
         50 |      1142415 |  -11.31 kcal/mol |  -11.69 +/-    0.21 kcal/mol |       6 |  -12.13 kcal/mol
         55 |      1264764 |  -11.16 kcal/mol |  -11.89 +/-    0.24 kcal/mol |       4 |  -12.13 kcal/mol
         60 |      1385634 |  -10.97 kcal/mol |  -11.83 +/-    0.22 kcal/mol |       5 |  -12.13 kcal/mol
         65 |      1508717 |  -11.16 kcal/mol |  -12.15 +/-    0.45 kcal/mol |       5 |  -12.75 kcal/mol
         70 |      1631893 |  -10.80 kcal/mol |  -11.93 +/-    0.41 kcal/mol |       6 |  -12.75 kcal/mol
         75 |      1753711 |  -10.91 kcal/mol |  -12.05 +/-    0.45 kcal/mol |       4 |  -12.75 kcal/mol
         80 |      1876361 |  -10.36 kcal/mol |  -11.84 +/-    0.50 kcal/mol |      10 |  -12.75 kcal/mol
         85 |      2001280 |  -11.09 kcal/mol |  -12.63 +/-    0.24 kcal/mol |       5 |  -12.75 kcal/mol
         88 |      2075085 |  -11.91 kcal/mol |  -12.65 +/-    0.23 kcal/mol |       6 |  -12.75 kcal/mol
------------+--------------+------------------+------------------------------+---------+-------------------

                                   Finished evaluation after reaching
                       2075085 evaluations. Best inter + intra   -12.75 kcal/mol.


Shutdown time 0.000643s

Job #5 took 0.817 sec after waiting 0.045 sec for setup

(Thread 0 is processing Job #5)
(Thread 0 is setting up Job #6)

Running Job #6:
    Device: NVIDIA A100-SXM4-40GB
    Grid map file: ./protein.maps.fld
    Ligand file: ./ligand_6_6.pdbqt
    Output file: docking_result_6.dlg (+ xml)
    Using heuristics: (capped) number of evaluations set to 2068966
    Local-search chosen method is: ADADELTA (ad)

Rest of Setup time 0.067980s

Executing docking runs, stopping automatically after either reaching 0.15 kcal/mol standard deviation of
the best molecules of the last 4 * 5 generations, 42000 generations, or 2068966 evaluations:

Generations |  Evaluations |     Threshold    |  Average energy of best 10%  | Samples | Best Inter + Intra
------------+--------------+------------------+------------------------------+---------+-------------------
          0 |          150 |   -1.28 kcal/mol |   -2.20 +/-    0.25 kcal/mol |       4 |   -2.35 kcal/mol
          5 |        92717 |   -1.28 kcal/mol |   -4.63 +/-    1.53 kcal/mol |     698 |   -9.41 kcal/mol
         10 |       194079 |   -4.60 kcal/mol |   -8.48 +/-    0.51 kcal/mol |      37 |   -9.55 kcal/mol
         15 |       303126 |   -8.28 kcal/mol |   -9.49 +/-    0.19 kcal/mol |       4 |   -9.76 kcal/mol
         20 |       419450 |   -8.77 kcal/mol |   -9.54 +/-    0.45 kcal/mol |      12 |  -10.50 kcal/mol
         25 |       541204 |   -8.98 kcal/mol |  -10.15 +/-    0.37 kcal/mol |       4 |  -10.57 kcal/mol
         30 |       667116 |   -8.76 kcal/mol |   -9.86 +/-    0.32 kcal/mol |       8 |  -10.66 kcal/mol
         35 |       792422 |   -9.26 kcal/mol |   -9.96 +/-    0.35 kcal/mol |       5 |  -10.66 kcal/mol
         40 |       920589 |   -8.92 kcal/mol |  -10.31 +/-    0.77 kcal/mol |      13 |  -11.50 kcal/mol
         45 |      1047462 |   -9.43 kcal/mol |  -10.16 +/-    0.67 kcal/mol |       5 |  -11.50 kcal/mol
         50 |      1176776 |   -8.15 kcal/mol |  -10.40 +/-    1.07 kcal/mol |       8 |  -12.24 kcal/mol
         55 |      1305503 |   -8.38 kcal/mol |  -11.18 +/-    1.07 kcal/mol |       4 |  -12.24 kcal/mol
         60 |      1431540 |   -7.17 kcal/mol |   -9.98 +/-    0.91 kcal/mol |      23 |  -12.28 kcal/mol
         65 |      1561979 |   -9.39 kcal/mol |  -11.10 +/-    0.89 kcal/mol |       4 |  -12.31 kcal/mol
         70 |      1689227 |   -7.75 kcal/mol |  -10.15 +/-    0.74 kcal/mol |      10 |  -12.31 kcal/mol
         75 |      1816094 |   -9.03 kcal/mol |  -11.85 +/-    0.74 kcal/mol |       4 |  -12.31 kcal/mol
         80 |      1943245 |   -9.07 kcal/mol |  -10.95 +/-    0.94 kcal/mol |       4 |  -12.53 kcal/mol
         85 |      2069497 |   -7.44 kcal/mol |   -9.77 +/-    0.66 kcal/mol |      50 |  -12.53 kcal/mol
------------+--------------+------------------+------------------------------+---------+-------------------

                                   Finished evaluation after reaching
                       2069497 evaluations. Best inter + intra   -12.53 kcal/mol.


Shutdown time 0.000685s

Job #6 took 0.777 sec after waiting 0.034 sec for setup

(Thread 0 is processing Job #6)
(Thread 0 is setting up Job #7)

Running Job #7:
    Device: NVIDIA A100-SXM4-40GB
    Grid map file: ./protein.maps.fld
    Ligand file: ./ligand_7_7.pdbqt
    Output file: docking_result_7.dlg (+ xml)
    Using heuristics: (capped) number of evaluations set to 2068966
    Local-search chosen method is: ADADELTA (ad)

Rest of Setup time 0.068300s

Executing docking runs, stopping automatically after either reaching 0.15 kcal/mol standard deviation of
the best molecules of the last 4 * 5 generations, 42000 generations, or 2068966 evaluations:

Generations |  Evaluations |     Threshold    |  Average energy of best 10%  | Samples | Best Inter + Intra
------------+--------------+------------------+------------------------------+---------+-------------------
          0 |          150 |   -2.02 kcal/mol |   -2.32 +/-    0.20 kcal/mol |      10 |   -2.71 kcal/mol
          5 |        86210 |   -2.02 kcal/mol |   -4.73 +/-    1.53 kcal/mol |     611 |   -9.92 kcal/mol
         10 |       184389 |   -4.70 kcal/mol |   -8.83 +/-    0.80 kcal/mol |      34 |  -11.08 kcal/mol
         15 |       291010 |   -8.47 kcal/mol |  -10.18 +/-    0.52 kcal/mol |       4 |  -11.08 kcal/mol
         20 |       406826 |   -8.22 kcal/mol |   -9.98 +/-    0.46 kcal/mol |      12 |  -11.08 kcal/mol
         25 |       527190 |   -9.40 kcal/mol |  -10.21 +/-    0.47 kcal/mol |       5 |  -11.08 kcal/mol
         30 |       654716 |   -8.80 kcal/mol |  -10.06 +/-    0.39 kcal/mol |      18 |  -11.10 kcal/mol
         35 |       783604 |   -9.73 kcal/mol |  -10.65 +/-    0.41 kcal/mol |       4 |  -11.10 kcal/mol
         40 |       911592 |   -9.12 kcal/mol |  -10.60 +/-    0.47 kcal/mol |       9 |  -11.11 kcal/mol
         45 |      1042763 |   -9.82 kcal/mol |  -10.90 +/-    0.30 kcal/mol |       4 |  -11.11 kcal/mol
         50 |      1172340 |   -9.77 kcal/mol |  -10.94 +/-    0.28 kcal/mol |       5 |  -11.11 kcal/mol
         55 |      1304959 |  -10.10 kcal/mol |  -10.94 +/-    0.27 kcal/mol |       4 |  -11.11 kcal/mol
         60 |      1433999 |   -9.92 kcal/mol |  -10.87 +/-    0.27 kcal/mol |       5 |  -11.11 kcal/mol
         65 |      1565849 |  -10.05 kcal/mol |  -10.88 +/-    0.29 kcal/mol |       3 |  -11.11 kcal/mol
         70 |      1697431 |   -9.42 kcal/mol |  -10.79 +/-    0.40 kcal/mol |       6 |  -11.11 kcal/mol
         75 |      1827469 |   -9.80 kcal/mol |  -10.93 +/-    0.27 kcal/mol |       4 |  -11.11 kcal/mol
         80 |      1957219 |   -9.93 kcal/mol |  -10.71 +/-    0.39 kcal/mol |       4 |  -11.11 kcal/mol
         85 |      2089290 |   -9.26 kcal/mol |  -10.80 +/-    0.38 kcal/mol |       8 |  -11.11 kcal/mol
------------+--------------+------------------+------------------------------+---------+-------------------

                                   Finished evaluation after reaching
                       2089290 evaluations. Best inter + intra   -11.11 kcal/mol.


Shutdown time 0.000648s

Job #7 took 0.861 sec after waiting 0.031 sec for setup

(Thread 0 is processing Job #7)
(Thread 0 is setting up Job #8)

Running Job #8:
    Device: NVIDIA A100-SXM4-40GB
    Grid map file: ./protein.maps.fld
    Ligand file: ./ligand_8_8.pdbqt
    Output file: docking_result_8.dlg (+ xml)
    Using heuristics: (capped) number of evaluations set to 2845257
    Overriding heuristics, setting number of evaluations to --nev = 2500000 instead.
    Local-search chosen method is: ADADELTA (ad)

Rest of Setup time 0.067427s

Executing docking runs, stopping automatically after either reaching 0.15 kcal/mol standard deviation of
the best molecules of the last 4 * 5 generations, 42000 generations, or 2500000 evaluations:

Generations |  Evaluations |     Threshold    |  Average energy of best 10%  | Samples | Best Inter + Intra
------------+--------------+------------------+------------------------------+---------+-------------------
          0 |          150 |   -1.52 kcal/mol |   -2.32 +/-    0.28 kcal/mol |       7 |   -2.92 kcal/mol
          5 |        88249 |   -1.72 kcal/mol |   -5.68 +/-    1.75 kcal/mol |     726 |  -10.91 kcal/mol
         10 |       191972 |   -5.64 kcal/mol |  -10.23 +/-    0.80 kcal/mol |      29 |  -11.79 kcal/mol
         15 |       308876 |   -9.81 kcal/mol |  -11.87 +/-    0.39 kcal/mol |       6 |  -12.65 kcal/mol
         20 |       434360 |  -10.90 kcal/mol |  -12.04 +/-    0.37 kcal/mol |       4 |  -12.65 kcal/mol
         25 |       561856 |  -10.63 kcal/mol |  -11.88 +/-    0.31 kcal/mol |      11 |  -12.65 kcal/mol
         30 |       693679 |  -11.46 kcal/mol |  -11.94 +/-    0.25 kcal/mol |      12 |  -12.65 kcal/mol
         35 |       826238 |  -11.63 kcal/mol |  -12.22 +/-    0.26 kcal/mol |       4 |  -12.65 kcal/mol
         40 |       959874 |  -11.23 kcal/mol |  -12.08 +/-    0.28 kcal/mol |      18 |  -12.65 kcal/mol
         45 |      1094044 |  -11.85 kcal/mol |  -12.19 +/-    0.20 kcal/mol |       8 |  -12.65 kcal/mol
         50 |      1228823 |  -11.82 kcal/mol |  -12.34 +/-    0.19 kcal/mol |       8 |  -12.65 kcal/mol
         55 |      1364957 |  -11.99 kcal/mol |  -12.21 +/-    0.22 kcal/mol |      12 |  -12.65 kcal/mol
         60 |      1497452 |  -11.93 kcal/mol |  -12.48 +/-    0.17 kcal/mol |       4 |  -12.65 kcal/mol
         65 |      1632014 |  -11.85 kcal/mol |  -12.10 +/-    0.20 kcal/mol |      19 |  -12.65 kcal/mol
         70 |      1764983 |  -11.94 kcal/mol |  -12.14 +/-    0.16 kcal/mol |      18 |  -12.72 kcal/mol
         75 |      1897006 |  -12.00 kcal/mol |  -12.16 +/-    0.17 kcal/mol |      15 |  -12.72 kcal/mol
         80 |      2028479 |  -11.99 kcal/mol |  -12.14 +/-    0.15 kcal/mol |      19 |  -12.72 kcal/mol
         85 |      2157981 |  -12.02 kcal/mol |  -12.18 +/-    0.17 kcal/mol |      13 |  -12.72 kcal/mol
         90 |      2287906 |  -11.98 kcal/mol |  -12.14 +/-    0.15 kcal/mol |      19 |  -12.72 kcal/mol
         95 |      2416047 |  -12.02 kcal/mol |  -12.19 +/-    0.17 kcal/mol |      18 |  -12.72 kcal/mol
         99 |      2516950 |  -12.06 kcal/mol |  -12.26 +/-    0.21 kcal/mol |      24 |  -12.72 kcal/mol
------------+--------------+------------------+------------------------------+---------+-------------------

                                   Finished evaluation after reaching
                       2516950 evaluations. Best inter + intra   -12.72 kcal/mol.


Shutdown time 0.000636s

Job #8 took 1.087 sec after waiting 0.034 sec for setup

(Thread 0 is processing Job #8)
(Thread 0 is setting up Job #9)

Running Job #9:
    Device: NVIDIA A100-SXM4-40GB
    Grid map file: ./protein.maps.fld
    Ligand file: ./ligand_9_9.pdbqt
    Output file: docking_result_9.dlg (+ xml)
    Using heuristics: (capped) number of evaluations set to 2068966
    Local-search chosen method is: ADADELTA (ad)

Rest of Setup time 0.067610s

Executing docking runs, stopping automatically after either reaching 0.15 kcal/mol standard deviation of
the best molecules of the last 4 * 5 generations, 42000 generations, or 2068966 evaluations:

Generations |  Evaluations |     Threshold    |  Average energy of best 10%  | Samples | Best Inter + Intra
------------+--------------+------------------+------------------------------+---------+-------------------
          0 |          150 |   -1.93 kcal/mol |   -2.29 +/-    0.20 kcal/mol |       8 |   -2.66 kcal/mol
          5 |        91784 |   -1.93 kcal/mol |   -5.21 +/-    1.53 kcal/mol |     712 |  -10.09 kcal/mol
         10 |       197545 |   -5.18 kcal/mol |   -9.10 +/-    0.86 kcal/mol |      46 |  -11.28 kcal/mol
         15 |       314554 |   -8.82 kcal/mol |  -10.96 +/-    0.23 kcal/mol |       6 |  -11.28 kcal/mol
         20 |       440337 |  -10.39 kcal/mol |  -11.16 +/-    0.18 kcal/mol |       6 |  -11.54 kcal/mol
         25 |       572748 |  -10.71 kcal/mol |  -11.39 +/-    0.31 kcal/mol |       4 |  -11.80 kcal/mol
         30 |       713064 |  -10.24 kcal/mol |  -11.32 +/-    0.33 kcal/mol |      11 |  -11.90 kcal/mol
         35 |       849998 |  -10.88 kcal/mol |  -11.49 +/-    0.19 kcal/mol |       8 |  -11.92 kcal/mol
         40 |       990983 |  -11.13 kcal/mol |  -11.62 +/-    0.15 kcal/mol |      11 |  -11.92 kcal/mol
         45 |      1131948 |  -11.42 kcal/mol |  -11.79 +/-    0.13 kcal/mol |       3 |  -11.92 kcal/mol
         50 |      1273206 |  -11.13 kcal/mol |  -11.70 +/-    0.20 kcal/mol |       6 |  -11.92 kcal/mol
         55 |      1414071 |  -11.20 kcal/mol |  -11.72 +/-    0.17 kcal/mol |       8 |  -11.92 kcal/mol
         60 |      1554033 |  -11.40 kcal/mol |  -11.87 +/-    0.04 kcal/mol |       6 |  -11.92 kcal/mol
         65 |      1694192 |  -11.49 kcal/mol |  -11.90 +/-    0.07 kcal/mol |       6 |  -11.99 kcal/mol
         70 |      1832716 |  -11.53 kcal/mol |  -11.89 +/-    0.08 kcal/mol |       7 |  -12.03 kcal/mol
         75 |      1967914 |  -11.72 kcal/mol |  -12.04 +/-    0.27 kcal/mol |       7 |  -12.70 kcal/mol
         79 |      2076637 |  -11.47 kcal/mol |  -12.06 +/-    0.26 kcal/mol |      15 |  -12.70 kcal/mol
------------+--------------+------------------+------------------------------+---------+-------------------

                                   Finished evaluation after reaching
                       2076637 evaluations. Best inter + intra   -12.70 kcal/mol.


Shutdown time 0.000611s

Job #9 took 0.858 sec after waiting 0.037 sec for setup

(Thread 0 is processing Job #9)
Run time of entire job set (9 files): 9.629 sec
Savings from multithreading: -0.001 sec
Idle time of execution thread: 1.579 sec

All jobs (9) ran without errors.
