AutoDock-GPU version: v1.6-7-ga46ab564d2ac5f1a1523f65239b43505a1c29364-dirty

Running 1 docking calculation

Cuda device:                              NVIDIA A100-SXM4-40GB
Available memory on device:               39916 MB (total: 40339 MB)

CUDA Setup time 0.230105s
(Thread 0 is setting up Job #1)

Running Job #1
    Using heuristics: (capped) number of evaluations set to 2068966
    Local-search chosen method is: ADADELTA (ad)

Rest of Setup time 0.304988s

Executing docking runs, stopping automatically after either reaching 0.15 kcal/mol standard deviation of
the best molecules of the last 4 * 5 generations, 42000 generations, or 2068966 evaluations:

Generations |  Evaluations |     Threshold    |  Average energy of best 10%  | Samples | Best Inter + Intra
------------+--------------+------------------+------------------------------+---------+-------------------
          0 |          150 |   -2.52 kcal/mol |   -3.14 +/-    0.17 kcal/mol |       4 |   -3.39 kcal/mol
          5 |       127117 |   -2.52 kcal/mol |   -5.75 +/-    1.73 kcal/mol |     905 |  -13.06 kcal/mol
         10 |       252824 |   -5.73 kcal/mol |  -10.28 +/-    1.00 kcal/mol |      33 |  -13.24 kcal/mol
         15 |       383543 |   -9.82 kcal/mol |  -12.57 +/-    0.33 kcal/mol |       7 |  -13.24 kcal/mol
         20 |       514819 |  -11.86 kcal/mol |  -13.33 +/-    0.29 kcal/mol |       4 |  -13.71 kcal/mol
         25 |       642977 |  -12.23 kcal/mol |  -13.21 +/-    0.25 kcal/mol |       8 |  -13.76 kcal/mol
         30 |       770197 |  -12.74 kcal/mol |  -13.70 +/-    0.17 kcal/mol |       8 |  -13.81 kcal/mol
         35 |       898965 |  -13.39 kcal/mol |  -13.78 +/-    0.18 kcal/mol |      11 |  -14.10 kcal/mol
         40 |      1026025 |  -13.54 kcal/mol |  -14.45 +/-    0.19 kcal/mol |       5 |  -14.76 kcal/mol
         45 |      1153301 |  -13.88 kcal/mol |  -14.67 +/-    0.19 kcal/mol |       7 |  -14.83 kcal/mol
         50 |      1281048 |  -14.25 kcal/mol |  -14.60 +/-    0.13 kcal/mol |       5 |  -14.83 kcal/mol
         55 |      1406003 |  -14.21 kcal/mol |  -14.67 +/-    0.13 kcal/mol |       3 |  -14.83 kcal/mol
         60 |      1530931 |  -14.01 kcal/mol |  -14.73 +/-    0.13 kcal/mol |       7 |  -14.86 kcal/mol
         65 |      1658219 |  -14.45 kcal/mol |  -14.71 +/-    0.12 kcal/mol |       5 |  -14.86 kcal/mol
         70 |      1783116 |  -14.36 kcal/mol |  -14.66 +/-    0.10 kcal/mol |      11 |  -14.86 kcal/mol
         75 |      1908043 |  -14.52 kcal/mol |  -14.72 +/-    0.08 kcal/mol |       6 |  -14.86 kcal/mol
------------+--------------+------------------+------------------------------+---------+-------------------

                                   Finished evaluation after reaching
                                  -14.70 +/-    0.11 kcal/mol combined.
                             29 samples, best inter + intra   -14.86 kcal/mol.


Shutdown time 0.000676s

Job #1 took 1.020 sec after waiting 4.450 sec for setup

(Thread 0 is processing Job #1)
Run time of entire job set (1 file): 5.505 sec
Processing time: 0.035 sec

All jobs (1) ran without errors.
