AutoDock-GPU version: v1.6-7-ga46ab564d2ac5f1a1523f65239b43505a1c29364-dirty

Using 1 OpenMP threads

Running 3 docking calculations

Cuda device:                              NVIDIA A100-SXM4-40GB
Available memory on device:               39916 MB (total: 40339 MB)

CUDA Setup time 0.233540s
(Thread 0 is setting up Job #1)

Running Job #1:
    Device: NVIDIA A100-SXM4-40GB
    Grid map file: ./protein.maps.fld
    Ligand file: ./ligand_1_1.pdbqt
    Output file: docking_result_1.dlg (+ xml)
    Using heuristics: (capped) number of evaluations set to 4195460
    Overriding heuristics, setting number of evaluations to --nev = 2500000 instead.
    Warning: The set number of evals is 38.75% of the uncapped heuristics estimate of 6450800 evals.
             This means this docking may not be able to converge. Increasing --heurmax may improve
             convergence but will also increase runtime.
             AutoStop will not stop before 17.33% (433129) of the set number of evaluations.
    Local-search chosen method is: ADADELTA (ad)

Rest of Setup time 0.310266s

Executing docking runs, stopping automatically after either reaching 0.15 kcal/mol standard deviation of
the best molecules of the last 4 * 5 generations, 42000 generations, or 2500000 evaluations:

Generations |  Evaluations |     Threshold    |  Average energy of best 10%  | Samples | Best Inter + Intra
------------+--------------+------------------+------------------------------+---------+-------------------
          0 |          150 |   -0.71 kcal/mol |   -1.98 +/-    0.42 kcal/mol |       5 |   -2.70 kcal/mol
          5 |       145486 |   -0.71 kcal/mol |   -5.28 +/-    1.69 kcal/mol |    1203 |  -10.27 kcal/mol
         10 |       290559 |   -5.26 kcal/mol |   -9.68 +/-    0.82 kcal/mol |      49 |  -11.97 kcal/mol
         15 |       439679 |   -9.43 kcal/mol |  -11.39 +/-    0.39 kcal/mol |       4 |  -12.02 kcal/mol
         20 |       586642 |   -9.94 kcal/mol |  -11.40 +/-    0.53 kcal/mol |      15 |  -12.67 kcal/mol
         25 |       733316 |  -10.87 kcal/mol |  -12.29 +/-    0.19 kcal/mol |       8 |  -12.67 kcal/mol
         30 |       879459 |  -11.93 kcal/mol |  -12.60 +/-    0.09 kcal/mol |       4 |  -12.67 kcal/mol
         35 |      1024891 |  -12.26 kcal/mol |  -12.75 +/-    0.26 kcal/mol |       4 |  -13.17 kcal/mol
         40 |      1167797 |  -11.76 kcal/mol |  -12.58 +/-    0.26 kcal/mol |       8 |  -13.17 kcal/mol
         45 |      1310391 |  -12.10 kcal/mol |  -13.04 +/-    0.23 kcal/mol |       7 |  -13.21 kcal/mol
         50 |      1450192 |  -12.56 kcal/mol |  -12.88 +/-    0.20 kcal/mol |       5 |  -13.21 kcal/mol
         55 |      1592644 |  -12.28 kcal/mol |  -13.01 +/-    0.20 kcal/mol |       4 |  -13.22 kcal/mol
         60 |      1733197 |  -12.25 kcal/mol |  -12.76 +/-    0.28 kcal/mol |       5 |  -13.29 kcal/mol
         65 |      1873274 |  -11.91 kcal/mol |  -12.83 +/-    0.22 kcal/mol |       7 |  -13.29 kcal/mol
         70 |      2014851 |  -12.36 kcal/mol |  -12.88 +/-    0.24 kcal/mol |       4 |  -13.29 kcal/mol
         75 |      2154661 |  -11.99 kcal/mol |  -12.93 +/-    0.26 kcal/mol |       5 |  -13.29 kcal/mol
         80 |      2294915 |  -12.15 kcal/mol |  -12.78 +/-    0.21 kcal/mol |       8 |  -13.29 kcal/mol
         85 |      2435264 |  -12.39 kcal/mol |  -12.80 +/-    0.19 kcal/mol |       8 |  -13.29 kcal/mol
         88 |      2519509 |  -12.44 kcal/mol |  -12.81 +/-    0.19 kcal/mol |      16 |  -13.29 kcal/mol
------------+--------------+------------------+------------------------------+---------+-------------------

                                   Finished evaluation after reaching
                       2519509 evaluations. Best inter + intra   -13.29 kcal/mol.


Shutdown time 0.000645s

Job #1 took 1.237 sec after waiting 4.507 sec for setup

(Thread 0 is processing Job #1)
(Thread 0 is setting up Job #2)

Running Job #2:
    Device: NVIDIA A100-SXM4-40GB
    Grid map file: ./protein.maps.fld
    Ligand file: ./ligand_2_2.pdbqt
    Output file: docking_result_2.dlg (+ xml)
    Using heuristics: (capped) number of evaluations set to 4195460
    Overriding heuristics, setting number of evaluations to --nev = 2500000 instead.
    Warning: The set number of evals is 38.75% of the uncapped heuristics estimate of 6450800 evals.
             This means this docking may not be able to converge. Increasing --heurmax may improve
             convergence but will also increase runtime.
             AutoStop will not stop before 17.33% (433129) of the set number of evaluations.
    Local-search chosen method is: ADADELTA (ad)

Rest of Setup time 0.307174s

Executing docking runs, stopping automatically after either reaching 0.15 kcal/mol standard deviation of
the best molecules of the last 4 * 5 generations, 42000 generations, or 2500000 evaluations:

Generations |  Evaluations |     Threshold    |  Average energy of best 10%  | Samples | Best Inter + Intra
------------+--------------+------------------+------------------------------+---------+-------------------
          0 |          150 |   -1.33 kcal/mol |   -1.85 +/-    0.21 kcal/mol |       6 |   -2.24 kcal/mol
          5 |       142094 |   -1.33 kcal/mol |   -5.39 +/-    1.74 kcal/mol |    1181 |  -11.76 kcal/mol
         10 |       286859 |   -5.37 kcal/mol |   -9.74 +/-    0.78 kcal/mol |      42 |  -12.09 kcal/mol
         15 |       432319 |   -9.46 kcal/mol |  -12.09 +/-    0.16 kcal/mol |       4 |  -12.26 kcal/mol
         20 |       576863 |  -11.47 kcal/mol |  -12.13 +/-    0.22 kcal/mol |       5 |  -12.52 kcal/mol
         25 |       720570 |  -11.47 kcal/mol |  -12.21 +/-    0.17 kcal/mol |       7 |  -12.52 kcal/mol
         30 |       863490 |  -11.83 kcal/mol |  -12.39 +/-    0.11 kcal/mol |       5 |  -12.52 kcal/mol
         35 |      1004016 |  -12.07 kcal/mol |  -12.39 +/-    0.24 kcal/mol |       4 |  -12.72 kcal/mol
         40 |      1144486 |  -11.50 kcal/mol |  -12.53 +/-    0.32 kcal/mol |       9 |  -13.19 kcal/mol
         45 |      1284868 |  -11.99 kcal/mol |  -12.66 +/-    0.24 kcal/mol |       7 |  -13.24 kcal/mol
         50 |      1425803 |  -12.14 kcal/mol |  -12.95 +/-    0.24 kcal/mol |       4 |  -13.24 kcal/mol
         55 |      1568418 |  -12.03 kcal/mol |  -12.74 +/-    0.20 kcal/mol |       8 |  -13.24 kcal/mol
         60 |      1709021 |  -12.35 kcal/mol |  -12.71 +/-    0.24 kcal/mol |       7 |  -13.24 kcal/mol
         65 |      1849258 |  -12.20 kcal/mol |  -12.74 +/-    0.24 kcal/mol |       7 |  -13.24 kcal/mol
         70 |      1991597 |  -12.23 kcal/mol |  -13.06 +/-    0.28 kcal/mol |       6 |  -13.51 kcal/mol
         75 |      2132984 |  -12.35 kcal/mol |  -13.41 +/-    0.41 kcal/mol |       5 |  -13.95 kcal/mol
         80 |      2274716 |  -12.19 kcal/mol |  -13.49 +/-    0.28 kcal/mol |       4 |  -13.97 kcal/mol
         85 |      2416178 |  -12.46 kcal/mol |  -13.54 +/-    0.31 kcal/mol |       4 |  -14.07 kcal/mol
         89 |      2527764 |  -12.39 kcal/mol |  -13.52 +/-    0.30 kcal/mol |       9 |  -14.07 kcal/mol
------------+--------------+------------------+------------------------------+---------+-------------------

                                   Finished evaluation after reaching
                       2527764 evaluations. Best inter + intra   -14.07 kcal/mol.


Shutdown time 0.000704s

Job #2 took 1.241 sec after waiting 0.037 sec for setup

(Thread 0 is processing Job #2)
(Thread 0 is setting up Job #3)

Running Job #3:
    Device: NVIDIA A100-SXM4-40GB
    Grid map file: ./protein.maps.fld
    Ligand file: ./ligand_3_3.pdbqt
    Output file: docking_result_3.dlg (+ xml)
    Using heuristics: (capped) number of evaluations set to 4195460
    Overriding heuristics, setting number of evaluations to --nev = 2500000 instead.
    Warning: The set number of evals is 38.75% of the uncapped heuristics estimate of 6450800 evals.
             This means this docking may not be able to converge. Increasing --heurmax may improve
             convergence but will also increase runtime.
             AutoStop will not stop before 17.33% (433129) of the set number of evaluations.
    Local-search chosen method is: ADADELTA (ad)

Rest of Setup time 0.306380s

Executing docking runs, stopping automatically after either reaching 0.15 kcal/mol standard deviation of
the best molecules of the last 4 * 5 generations, 42000 generations, or 2500000 evaluations:

Generations |  Evaluations |     Threshold    |  Average energy of best 10%  | Samples | Best Inter + Intra
------------+--------------+------------------+------------------------------+---------+-------------------
          0 |          150 |    0.12 kcal/mol |   -1.40 +/-    0.42 kcal/mol |      18 |   -2.90 kcal/mol
          5 |       147036 |   -1.05 kcal/mol |   -5.10 +/-    1.68 kcal/mol |    1223 |  -11.82 kcal/mol
         10 |       293107 |   -5.08 kcal/mol |   -9.31 +/-    0.86 kcal/mol |      43 |  -11.82 kcal/mol
         15 |       442260 |   -9.01 kcal/mol |  -11.31 +/-    0.48 kcal/mol |       4 |  -11.82 kcal/mol
         20 |       589501 |   -9.53 kcal/mol |  -11.09 +/-    0.53 kcal/mol |       5 |  -11.82 kcal/mol
         25 |       738177 |   -9.49 kcal/mol |  -11.13 +/-    0.42 kcal/mol |      10 |  -11.90 kcal/mol
         30 |       886823 |  -10.50 kcal/mol |  -11.71 +/-    0.14 kcal/mol |       4 |  -11.90 kcal/mol
         35 |      1032644 |  -11.17 kcal/mol |  -11.71 +/-    0.16 kcal/mol |       3 |  -11.90 kcal/mol
         40 |      1179898 |  -10.88 kcal/mol |  -11.70 +/-    0.13 kcal/mol |       5 |  -11.90 kcal/mol
         45 |      1327213 |  -11.31 kcal/mol |  -11.57 +/-    0.19 kcal/mol |       7 |  -11.90 kcal/mol
         50 |      1473449 |  -11.17 kcal/mol |  -11.54 +/-    0.19 kcal/mol |      11 |  -11.90 kcal/mol
         55 |      1621393 |  -11.28 kcal/mol |  -11.74 +/-    0.10 kcal/mol |       5 |  -11.90 kcal/mol
         60 |      1762651 |  -11.43 kcal/mol |  -11.77 +/-    0.13 kcal/mol |      11 |  -11.92 kcal/mol
         65 |      1908043 |  -11.60 kcal/mol |  -11.86 +/-    0.16 kcal/mol |       8 |  -12.07 kcal/mol
         70 |      2053862 |  -11.57 kcal/mol |  -11.91 +/-    0.20 kcal/mol |      11 |  -12.29 kcal/mol
         75 |      2198781 |  -11.64 kcal/mol |  -12.06 +/-    0.13 kcal/mol |       5 |  -12.31 kcal/mol
         80 |      2343263 |  -11.66 kcal/mol |  -12.06 +/-    0.18 kcal/mol |       6 |  -12.31 kcal/mol
         85 |      2487576 |  -11.61 kcal/mol |  -12.04 +/-    0.14 kcal/mol |       5 |  -12.31 kcal/mol
         86 |      2515850 |  -11.63 kcal/mol |  -12.05 +/-    0.14 kcal/mol |       9 |  -12.31 kcal/mol
------------+--------------+------------------+------------------------------+---------+-------------------

                                   Finished evaluation after reaching
                       2515850 evaluations. Best inter + intra   -12.31 kcal/mol.


Shutdown time 0.000730s

Job #3 took 1.189 sec after waiting 0.042 sec for setup

(Thread 0 is processing Job #3)
Run time of entire job set (3 files): 8.290 sec
Savings from multithreading: -0.000 sec
Idle time of execution thread: 4.622 sec

All jobs (3) ran without errors.
