AutoDock-GPU version: v1.6-7-ga46ab564d2ac5f1a1523f65239b43505a1c29364-dirty

Using 1 OpenMP threads

Running 10 docking calculations

Cuda device:                              NVIDIA A100-SXM4-40GB
Available memory on device:               39916 MB (total: 40339 MB)

CUDA Setup time 0.230487s
(Thread 0 is setting up Job #1)

Running Job #1:
    Device: NVIDIA A100-SXM4-40GB
    Grid map file: ./protein.maps.fld
    Ligand file: ./ligand_1_1.pdbqt
    Output file: docking_result_1.dlg (+ xml)
    Using heuristics: (capped) number of evaluations set to 2280181
    Local-search chosen method is: ADADELTA (ad)

Rest of Setup time 0.307334s

Executing docking runs, stopping automatically after either reaching 0.15 kcal/mol standard deviation of
the best molecules of the last 4 * 5 generations, 42000 generations, or 2280181 evaluations:

Generations |  Evaluations |     Threshold    |  Average energy of best 10%  | Samples | Best Inter + Intra
------------+--------------+------------------+------------------------------+---------+-------------------
          0 |          150 |   -2.00 kcal/mol |   -2.32 +/-    0.19 kcal/mol |       9 |   -2.59 kcal/mol
          5 |       142930 |   -2.00 kcal/mol |   -5.29 +/-    1.70 kcal/mol |    1153 |  -11.73 kcal/mol
         10 |       279964 |   -5.27 kcal/mol |   -9.54 +/-    0.82 kcal/mol |      47 |  -11.95 kcal/mol
         15 |       415774 |   -9.28 kcal/mol |  -11.36 +/-    0.34 kcal/mol |      10 |  -12.12 kcal/mol
         20 |       548127 |  -10.85 kcal/mol |  -11.86 +/-    0.23 kcal/mol |       4 |  -12.22 kcal/mol
         25 |       680104 |  -10.99 kcal/mol |  -11.78 +/-    0.26 kcal/mol |       5 |  -12.22 kcal/mol
         30 |       812957 |  -11.01 kcal/mol |  -11.84 +/-    0.24 kcal/mol |       9 |  -12.22 kcal/mol
         35 |       943711 |  -11.44 kcal/mol |  -11.80 +/-    0.21 kcal/mol |       9 |  -12.22 kcal/mol
         40 |      1074228 |  -11.45 kcal/mol |  -11.77 +/-    0.15 kcal/mol |      13 |  -12.22 kcal/mol
         45 |      1202968 |  -11.60 kcal/mol |  -11.84 +/-    0.14 kcal/mol |      12 |  -12.23 kcal/mol
         50 |      1331878 |  -11.66 kcal/mol |  -11.84 +/-    0.17 kcal/mol |      13 |  -12.23 kcal/mol
         55 |      1462615 |  -11.64 kcal/mol |  -11.86 +/-    0.18 kcal/mol |      15 |  -12.23 kcal/mol
         60 |      1589711 |  -11.68 kcal/mol |  -11.88 +/-    0.15 kcal/mol |      13 |  -12.23 kcal/mol
         65 |      1718033 |  -11.71 kcal/mol |  -12.03 +/-    0.12 kcal/mol |       7 |  -12.23 kcal/mol
         70 |      1845878 |  -11.76 kcal/mol |  -12.13 +/-    0.11 kcal/mol |      12 |  -12.23 kcal/mol
         75 |      1972217 |  -12.00 kcal/mol |  -12.16 +/-    0.08 kcal/mol |      10 |  -12.34 kcal/mol
         80 |      2097583 |  -12.04 kcal/mol |  -12.19 +/-    0.06 kcal/mol |      13 |  -12.36 kcal/mol
         85 |      2221447 |  -12.02 kcal/mol |  -12.19 +/-    0.11 kcal/mol |      18 |  -12.48 kcal/mol
         88 |      2295289 |  -12.10 kcal/mol |  -12.24 +/-    0.11 kcal/mol |      28 |  -12.48 kcal/mol
------------+--------------+------------------+------------------------------+---------+-------------------

                                   Finished evaluation after reaching
                       2295289 evaluations. Best inter + intra   -12.48 kcal/mol.


Shutdown time 0.000692s

Job #1 took 0.965 sec after waiting 4.484 sec for setup

(Thread 0 is processing Job #1)
(Thread 0 is setting up Job #2)

Running Job #2:
    Device: NVIDIA A100-SXM4-40GB
    Grid map file: ./protein.maps.fld
    Ligand file: ./ligand_2_2.pdbqt
    Output file: docking_result_2.dlg (+ xml)
    Using heuristics: (capped) number of evaluations set to 2068966
    Local-search chosen method is: ADADELTA (ad)

Rest of Setup time 0.302404s

Executing docking runs, stopping automatically after either reaching 0.15 kcal/mol standard deviation of
the best molecules of the last 4 * 5 generations, 42000 generations, or 2068966 evaluations:

Generations |  Evaluations |     Threshold    |  Average energy of best 10%  | Samples | Best Inter + Intra
------------+--------------+------------------+------------------------------+---------+-------------------
          0 |          150 |   -2.55 kcal/mol |   -3.39 +/-    0.23 kcal/mol |       4 |   -3.64 kcal/mol
          5 |       135765 |   -2.55 kcal/mol |   -5.49 +/-    1.24 kcal/mol |     969 |   -9.63 kcal/mol
         10 |       265964 |   -5.47 kcal/mol |   -8.67 +/-    0.66 kcal/mol |      55 |  -10.49 kcal/mol
         15 |       397991 |   -8.50 kcal/mol |  -10.27 +/-    0.22 kcal/mol |       4 |  -10.49 kcal/mol
         20 |       529273 |   -9.44 kcal/mol |  -10.30 +/-    0.26 kcal/mol |      14 |  -10.62 kcal/mol
         25 |       659561 |  -10.02 kcal/mol |  -10.50 +/-    0.11 kcal/mol |      12 |  -10.62 kcal/mol
         30 |       790384 |  -10.36 kcal/mol |  -10.55 +/-    0.06 kcal/mol |      14 |  -10.63 kcal/mol
         35 |       918664 |  -10.39 kcal/mol |  -10.56 +/-    0.05 kcal/mol |      11 |  -10.63 kcal/mol
         40 |      1046080 |  -10.36 kcal/mol |  -10.58 +/-    0.05 kcal/mol |      17 |  -10.63 kcal/mol
         45 |      1170367 |  -10.45 kcal/mol |  -10.59 +/-    0.02 kcal/mol |      17 |  -10.63 kcal/mol
------------+--------------+------------------+------------------------------+---------+-------------------

                                   Finished evaluation after reaching
                                  -10.57 +/-    0.05 kcal/mol combined.
                             59 samples, best inter + intra   -10.63 kcal/mol.


Shutdown time 0.000682s

Job #2 took 0.571 sec after waiting 0.026 sec for setup

(Thread 0 is processing Job #2)
(Thread 0 is setting up Job #3)

Running Job #3:
    Device: NVIDIA A100-SXM4-40GB
    Grid map file: ./protein.maps.fld
    Ligand file: ./ligand_3_3.pdbqt
    Output file: docking_result_3.dlg (+ xml)
    Using heuristics: (capped) number of evaluations set to 6512245
    Overriding heuristics, setting number of evaluations to --nev = 2500000 instead.
    Warning: The set number of evals is 17.56% of the uncapped heuristics estimate of 14240240 evals.
             This means this docking may not be able to converge. Increasing --heurmax may improve
             convergence but will also increase runtime.
             AutoStop will not stop before 53.80% (1345079) of the set number of evaluations.
    Local-search chosen method is: ADADELTA (ad)

Rest of Setup time 0.302318s

Executing docking runs, stopping automatically after either reaching 0.15 kcal/mol standard deviation of
the best molecules of the last 4 * 5 generations, 42000 generations, or 2500000 evaluations:

Generations |  Evaluations |     Threshold    |  Average energy of best 10%  | Samples | Best Inter + Intra
------------+--------------+------------------+------------------------------+---------+-------------------
          0 |          150 |   -1.45 kcal/mol |   -2.24 +/-    0.28 kcal/mol |       7 |   -2.79 kcal/mol
          5 |       143606 |   -1.63 kcal/mol |   -5.88 +/-    1.87 kcal/mol |    1177 |  -11.40 kcal/mol
         10 |       284513 |   -5.85 kcal/mol |  -10.39 +/-    0.59 kcal/mol |      43 |  -11.99 kcal/mol
         15 |       429362 |  -10.18 kcal/mol |  -11.99 +/-    0.36 kcal/mol |      11 |  -12.67 kcal/mol
         20 |       573611 |  -11.50 kcal/mol |  -12.65 +/-    0.47 kcal/mol |       8 |  -13.46 kcal/mol
         25 |       713834 |  -11.77 kcal/mol |  -13.12 +/-    0.26 kcal/mol |       5 |  -13.46 kcal/mol
         30 |       855245 |  -12.33 kcal/mol |  -13.29 +/-    0.23 kcal/mol |       9 |  -13.56 kcal/mol
         35 |       993963 |  -12.91 kcal/mol |  -13.59 +/-    0.32 kcal/mol |       6 |  -14.28 kcal/mol
         40 |      1133094 |  -12.78 kcal/mol |  -14.23 +/-    0.41 kcal/mol |       8 |  -14.81 kcal/mol
         45 |      1272529 |  -13.45 kcal/mol |  -14.20 +/-    0.49 kcal/mol |       5 |  -14.99 kcal/mol
         50 |      1412376 |  -12.72 kcal/mol |  -14.09 +/-    0.40 kcal/mol |       9 |  -14.99 kcal/mol
         55 |      1553205 |  -13.42 kcal/mol |  -14.68 +/-    0.23 kcal/mol |       6 |  -15.00 kcal/mol
         60 |      1692554 |  -14.11 kcal/mol |  -14.65 +/-    0.22 kcal/mol |       7 |  -15.00 kcal/mol
         65 |      1832719 |  -14.18 kcal/mol |  -14.93 +/-    0.14 kcal/mol |       5 |  -15.00 kcal/mol
         70 |      1970990 |  -14.50 kcal/mol |  -15.03 +/-    0.04 kcal/mol |       6 |  -15.11 kcal/mol
         75 |      2109982 |  -14.65 kcal/mol |  -14.99 +/-    0.11 kcal/mol |       7 |  -15.11 kcal/mol
         80 |      2248693 |  -14.76 kcal/mol |  -15.00 +/-    0.08 kcal/mol |       6 |  -15.11 kcal/mol
         85 |      2388570 |  -14.80 kcal/mol |  -15.01 +/-    0.09 kcal/mol |      10 |  -15.15 kcal/mol
         90 |      2526087 |  -14.88 kcal/mol |  -15.03 +/-    0.08 kcal/mol |      17 |  -15.15 kcal/mol
------------+--------------+------------------+------------------------------+---------+-------------------

                                   Finished evaluation after reaching
                       2526087 evaluations. Best inter + intra   -15.15 kcal/mol.


Shutdown time 0.000717s

Job #3 took 1.478 sec after waiting 0.019 sec for setup

(Thread 0 is processing Job #3)
(Thread 0 is setting up Job #4)

Running Job #4:
    Device: NVIDIA A100-SXM4-40GB
    Grid map file: ./protein.maps.fld
    Ligand file: ./ligand_4_4.pdbqt
    Output file: docking_result_4.dlg (+ xml)
    Using heuristics: (capped) number of evaluations set to 2068966
    Local-search chosen method is: ADADELTA (ad)

Rest of Setup time 0.318416s

Executing docking runs, stopping automatically after either reaching 0.15 kcal/mol standard deviation of
the best molecules of the last 4 * 5 generations, 42000 generations, or 2068966 evaluations:

Generations |  Evaluations |     Threshold    |  Average energy of best 10%  | Samples | Best Inter + Intra
------------+--------------+------------------+------------------------------+---------+-------------------
          0 |          150 |   -1.60 kcal/mol |   -2.26 +/-    0.25 kcal/mol |      11 |   -2.84 kcal/mol
          5 |       138448 |   -1.91 kcal/mol |   -5.21 +/-    1.44 kcal/mol |     936 |  -11.14 kcal/mol
         10 |       273337 |   -5.19 kcal/mol |   -9.15 +/-    0.85 kcal/mol |      64 |  -12.09 kcal/mol
         15 |       411026 |   -8.95 kcal/mol |  -11.44 +/-    0.58 kcal/mol |       9 |  -12.18 kcal/mol
         20 |       545836 |  -10.46 kcal/mol |  -11.66 +/-    0.23 kcal/mol |       7 |  -12.18 kcal/mol
         25 |       678505 |  -11.16 kcal/mol |  -11.98 +/-    0.21 kcal/mol |       4 |  -12.19 kcal/mol
         30 |       809540 |  -11.18 kcal/mol |  -11.95 +/-    0.27 kcal/mol |      15 |  -12.44 kcal/mol
         35 |       942824 |  -11.68 kcal/mol |  -12.20 +/-    0.12 kcal/mol |       6 |  -12.44 kcal/mol
         40 |      1075446 |  -11.91 kcal/mol |  -12.35 +/-    0.10 kcal/mol |       9 |  -12.46 kcal/mol
         45 |      1206278 |  -12.19 kcal/mol |  -12.27 +/-    0.09 kcal/mol |       6 |  -12.46 kcal/mol
         50 |      1337087 |  -12.06 kcal/mol |  -12.31 +/-    0.10 kcal/mol |       6 |  -12.46 kcal/mol
         55 |      1466943 |  -12.06 kcal/mol |  -12.29 +/-    0.09 kcal/mol |       8 |  -12.46 kcal/mol
------------+--------------+------------------+------------------------------+---------+-------------------

                                   Finished evaluation after reaching
                                  -12.31 +/-    0.10 kcal/mol combined.
                             29 samples, best inter + intra   -12.46 kcal/mol.


Shutdown time 0.000646s

Job #4 took 0.844 sec after waiting 0.037 sec for setup

(Thread 0 is processing Job #4)
(Thread 0 is setting up Job #5)

Running Job #5:
    Device: NVIDIA A100-SXM4-40GB
    Grid map file: ./protein.maps.fld
    Ligand file: ./ligand_5_5.pdbqt
    Output file: docking_result_5.dlg (+ xml)
    Using heuristics: (capped) number of evaluations set to 2068966
    Local-search chosen method is: ADADELTA (ad)

Rest of Setup time 0.317575s

Executing docking runs, stopping automatically after either reaching 0.15 kcal/mol standard deviation of
the best molecules of the last 4 * 5 generations, 42000 generations, or 2068966 evaluations:

Generations |  Evaluations |     Threshold    |  Average energy of best 10%  | Samples | Best Inter + Intra
------------+--------------+------------------+------------------------------+---------+-------------------
          0 |          150 |   -1.25 kcal/mol |   -2.27 +/-    0.27 kcal/mol |       4 |   -2.66 kcal/mol
          5 |       132067 |   -1.25 kcal/mol |   -4.04 +/-    1.21 kcal/mol |     885 |   -9.15 kcal/mol
         10 |       264188 |   -4.02 kcal/mol |   -7.77 +/-    0.92 kcal/mol |      36 |   -9.36 kcal/mol
         15 |       398137 |   -7.39 kcal/mol |   -9.43 +/-    0.13 kcal/mol |       9 |   -9.59 kcal/mol
         20 |       532069 |   -9.21 kcal/mol |   -9.41 +/-    0.12 kcal/mol |       8 |   -9.59 kcal/mol
         25 |       666069 |   -9.19 kcal/mol |   -9.51 +/-    0.13 kcal/mol |      10 |   -9.65 kcal/mol
         30 |       799195 |   -9.31 kcal/mol |   -9.51 +/-    0.11 kcal/mol |      13 |   -9.74 kcal/mol
         35 |       931885 |   -9.38 kcal/mol |   -9.59 +/-    0.14 kcal/mol |      10 |   -9.77 kcal/mol
         40 |      1063200 |   -9.38 kcal/mol |   -9.55 +/-    0.15 kcal/mol |      15 |   -9.77 kcal/mol
         45 |      1192109 |   -9.40 kcal/mol |   -9.63 +/-    0.14 kcal/mol |      13 |   -9.77 kcal/mol
         50 |      1318784 |   -9.47 kcal/mol |   -9.66 +/-    0.10 kcal/mol |      12 |   -9.77 kcal/mol
------------+--------------+------------------+------------------------------+---------+-------------------

                                   Finished evaluation after reaching
                                   -9.61 +/-    0.14 kcal/mol combined.
                             50 samples, best inter + intra    -9.77 kcal/mol.


Shutdown time 0.000642s

Job #5 took 0.667 sec after waiting 0.029 sec for setup

(Thread 0 is processing Job #5)
(Thread 0 is setting up Job #6)

Running Job #6:
    Device: NVIDIA A100-SXM4-40GB
    Grid map file: ./protein.maps.fld
    Ligand file: ./ligand_6_6.pdbqt
    Output file: docking_result_6.dlg (+ xml)
    Using heuristics: (capped) number of evaluations set to 2068966
    Local-search chosen method is: ADADELTA (ad)

Rest of Setup time 0.381074s

Executing docking runs, stopping automatically after either reaching 0.15 kcal/mol standard deviation of
the best molecules of the last 4 * 5 generations, 42000 generations, or 2068966 evaluations:

Generations |  Evaluations |     Threshold    |  Average energy of best 10%  | Samples | Best Inter + Intra
------------+--------------+------------------+------------------------------+---------+-------------------
          0 |          150 |   -0.91 kcal/mol |   -1.94 +/-    0.43 kcal/mol |       4 |   -2.64 kcal/mol
          5 |       138164 |   -0.35 kcal/mol |   -3.96 +/-    1.35 kcal/mol |     982 |   -9.20 kcal/mol
         10 |       272155 |   -3.94 kcal/mol |   -7.37 +/-    0.70 kcal/mol |      49 |   -9.40 kcal/mol
         15 |       407350 |   -7.16 kcal/mol |   -9.25 +/-    0.28 kcal/mol |       9 |   -9.52 kcal/mol
         20 |       542016 |   -8.77 kcal/mol |   -9.80 +/-    0.18 kcal/mol |       7 |  -10.06 kcal/mol
         25 |       676593 |   -9.41 kcal/mol |   -9.74 +/-    0.18 kcal/mol |       9 |  -10.07 kcal/mol
         30 |       810111 |   -9.45 kcal/mol |   -9.88 +/-    0.19 kcal/mol |       4 |  -10.07 kcal/mol
         35 |       942655 |   -9.18 kcal/mol |   -9.83 +/-    0.20 kcal/mol |       5 |  -10.07 kcal/mol
         40 |      1075853 |   -9.23 kcal/mol |   -9.86 +/-    0.18 kcal/mol |       6 |  -10.07 kcal/mol
         45 |      1207087 |   -9.42 kcal/mol |  -10.00 +/-    0.05 kcal/mol |       5 |  -10.07 kcal/mol
         50 |      1336140 |   -9.55 kcal/mol |  -10.00 +/-    0.09 kcal/mol |       8 |  -10.08 kcal/mol
         55 |      1465252 |   -9.82 kcal/mol |  -10.02 +/-    0.09 kcal/mol |       9 |  -10.08 kcal/mol
------------+--------------+------------------+------------------------------+---------+-------------------

                                   Finished evaluation after reaching
                                   -9.98 +/-    0.13 kcal/mol combined.
                             28 samples, best inter + intra   -10.08 kcal/mol.


Shutdown time 0.000728s

Job #6 took 0.755 sec after waiting 0.021 sec for setup

(Thread 0 is processing Job #6)
(Thread 0 is setting up Job #7)

Running Job #7:
    Device: NVIDIA A100-SXM4-40GB
    Grid map file: ./protein.maps.fld
    Ligand file: ./ligand_7_7.pdbqt
    Output file: docking_result_7.dlg (+ xml)
    Using heuristics: (capped) number of evaluations set to 5732309
    Overriding heuristics, setting number of evaluations to --nev = 2500000 instead.
    Warning: The set number of evals is 22.78% of the uncapped heuristics estimate of 10974965 evals.
             This means this docking may not be able to converge. Increasing --heurmax may improve
             convergence but will also increase runtime.
             AutoStop will not stop before 40.36% (1009012) of the set number of evaluations.
    Local-search chosen method is: ADADELTA (ad)

Rest of Setup time 0.305325s

Executing docking runs, stopping automatically after either reaching 0.15 kcal/mol standard deviation of
the best molecules of the last 4 * 5 generations, 42000 generations, or 2500000 evaluations:

Generations |  Evaluations |     Threshold    |  Average energy of best 10%  | Samples | Best Inter + Intra
------------+--------------+------------------+------------------------------+---------+-------------------
          0 |          150 |   -0.40 kcal/mol |   -1.97 +/-    0.42 kcal/mol |       4 |   -2.66 kcal/mol
          5 |       143856 |   -0.40 kcal/mol |   -4.49 +/-    1.54 kcal/mol |    1175 |   -9.93 kcal/mol
         10 |       288986 |   -4.47 kcal/mol |   -8.37 +/-    0.58 kcal/mol |      50 |   -9.93 kcal/mol
         15 |       435411 |   -8.19 kcal/mol |   -9.77 +/-    0.30 kcal/mol |      12 |  -10.57 kcal/mol
         20 |       583327 |   -9.40 kcal/mol |  -10.09 +/-    0.22 kcal/mol |       7 |  -10.57 kcal/mol
         25 |       730924 |   -9.61 kcal/mol |  -10.40 +/-    0.33 kcal/mol |       4 |  -10.86 kcal/mol
         30 |       878681 |   -9.15 kcal/mol |  -10.36 +/-    0.26 kcal/mol |      17 |  -10.86 kcal/mol
         35 |      1025208 |  -10.12 kcal/mol |  -10.52 +/-    0.17 kcal/mol |       6 |  -10.86 kcal/mol
         40 |      1171457 |  -10.09 kcal/mol |  -10.75 +/-    0.18 kcal/mol |       8 |  -10.94 kcal/mol
         45 |      1319577 |  -10.41 kcal/mol |  -10.91 +/-    0.10 kcal/mol |       4 |  -11.03 kcal/mol
         50 |      1464865 |  -10.55 kcal/mol |  -10.89 +/-    0.13 kcal/mol |       9 |  -11.09 kcal/mol
         55 |      1611801 |  -10.67 kcal/mol |  -11.00 +/-    0.08 kcal/mol |       5 |  -11.09 kcal/mol
         60 |      1755564 |  -10.77 kcal/mol |  -10.94 +/-    0.11 kcal/mol |       7 |  -11.17 kcal/mol
         65 |      1902168 |  -10.70 kcal/mol |  -10.92 +/-    0.16 kcal/mol |      12 |  -11.23 kcal/mol
         70 |      2047955 |  -10.71 kcal/mol |  -11.53 +/-    0.32 kcal/mol |       4 |  -11.86 kcal/mol
         75 |      2191032 |  -10.32 kcal/mol |  -11.37 +/-    0.33 kcal/mol |       5 |  -11.94 kcal/mol
         80 |      2333236 |  -10.39 kcal/mol |  -11.60 +/-    0.28 kcal/mol |       5 |  -11.94 kcal/mol
         85 |      2475128 |  -10.76 kcal/mol |  -11.68 +/-    0.22 kcal/mol |       5 |  -11.94 kcal/mol
         86 |      2503449 |  -11.01 kcal/mol |  -11.74 +/-    0.21 kcal/mol |      10 |  -11.94 kcal/mol
------------+--------------+------------------+------------------------------+---------+-------------------

                                   Finished evaluation after reaching
                       2503449 evaluations. Best inter + intra   -11.94 kcal/mol.


Shutdown time 0.000676s

Job #7 took 1.189 sec after waiting 0.022 sec for setup

(Thread 0 is processing Job #7)
(Thread 0 is setting up Job #8)

Running Job #8:
    Device: NVIDIA A100-SXM4-40GB
    Grid map file: ./protein.maps.fld
    Ligand file: ./ligand_8_8.pdbqt
    Output file: docking_result_8.dlg (+ xml)
    Using heuristics: (capped) number of evaluations set to 2068966
    Local-search chosen method is: ADADELTA (ad)

Rest of Setup time 0.308302s

Executing docking runs, stopping automatically after either reaching 0.15 kcal/mol standard deviation of
the best molecules of the last 4 * 5 generations, 42000 generations, or 2068966 evaluations:

Generations |  Evaluations |     Threshold    |  Average energy of best 10%  | Samples | Best Inter + Intra
------------+--------------+------------------+------------------------------+---------+-------------------
          0 |          150 |   -1.83 kcal/mol |   -2.16 +/-    0.20 kcal/mol |       9 |   -2.55 kcal/mol
          5 |       144132 |   -1.83 kcal/mol |   -5.45 +/-    1.78 kcal/mol |    1202 |  -11.03 kcal/mol
         10 |       282485 |   -5.43 kcal/mol |   -9.87 +/-    0.66 kcal/mol |      43 |  -11.80 kcal/mol
         15 |       422526 |   -9.64 kcal/mol |  -11.54 +/-    0.39 kcal/mol |       6 |  -11.95 kcal/mol
         20 |       564860 |  -10.57 kcal/mol |  -11.70 +/-    0.19 kcal/mol |      11 |  -12.05 kcal/mol
         25 |       706497 |  -11.45 kcal/mol |  -11.80 +/-    0.16 kcal/mol |      18 |  -12.06 kcal/mol
         30 |       848395 |  -11.67 kcal/mol |  -11.94 +/-    0.15 kcal/mol |      12 |  -12.13 kcal/mol
         35 |       988357 |  -11.75 kcal/mol |  -12.01 +/-    0.12 kcal/mol |       8 |  -12.13 kcal/mol
         40 |      1129069 |  -11.79 kcal/mol |  -12.02 +/-    0.11 kcal/mol |       7 |  -12.13 kcal/mol
         45 |      1268098 |  -11.78 kcal/mol |  -11.93 +/-    0.11 kcal/mol |      12 |  -12.13 kcal/mol
------------+--------------+------------------+------------------------------+---------+-------------------

                                   Finished evaluation after reaching
                                  -11.97 +/-    0.13 kcal/mol combined.
                             39 samples, best inter + intra   -12.13 kcal/mol.


Shutdown time 0.000671s

Job #8 took 0.719 sec after waiting 0.035 sec for setup

(Thread 0 is processing Job #8)
(Thread 0 is setting up Job #9)

Running Job #9:
    Device: NVIDIA A100-SXM4-40GB
    Grid map file: ./protein.maps.fld
    Ligand file: ./ligand_9_9.pdbqt
    Output file: docking_result_9.dlg (+ xml)
    Using heuristics: (capped) number of evaluations set to 2068966
    Local-search chosen method is: ADADELTA (ad)

Rest of Setup time 0.301968s

Executing docking runs, stopping automatically after either reaching 0.15 kcal/mol standard deviation of
the best molecules of the last 4 * 5 generations, 42000 generations, or 2068966 evaluations:

Generations |  Evaluations |     Threshold    |  Average energy of best 10%  | Samples | Best Inter + Intra
------------+--------------+------------------+------------------------------+---------+-------------------
          0 |          150 |   -1.04 kcal/mol |   -1.82 +/-    0.28 kcal/mol |       8 |   -2.42 kcal/mol
          5 |       146835 |   -1.30 kcal/mol |   -4.64 +/-    1.71 kcal/mol |    1125 |   -9.87 kcal/mol
         10 |       288987 |   -4.62 kcal/mol |   -9.23 +/-    1.10 kcal/mol |      42 |  -11.30 kcal/mol
         15 |       433841 |   -8.84 kcal/mol |  -11.29 +/-    0.04 kcal/mol |       4 |  -11.33 kcal/mol
         20 |       576507 |  -10.72 kcal/mol |  -11.30 +/-    0.08 kcal/mol |       8 |  -11.42 kcal/mol
         25 |       717798 |  -11.16 kcal/mol |  -11.41 +/-    0.05 kcal/mol |       5 |  -11.45 kcal/mol
         30 |       859098 |  -10.96 kcal/mol |  -11.24 +/-    0.17 kcal/mol |      12 |  -11.54 kcal/mol
         35 |       997817 |  -11.03 kcal/mol |  -11.68 +/-    0.22 kcal/mol |       7 |  -12.13 kcal/mol
         40 |      1135894 |  -11.22 kcal/mol |  -11.95 +/-    0.16 kcal/mol |       9 |  -12.17 kcal/mol
         45 |      1273843 |  -11.69 kcal/mol |  -11.92 +/-    0.13 kcal/mol |      14 |  -12.18 kcal/mol
         50 |      1407208 |  -11.78 kcal/mol |  -12.10 +/-    0.12 kcal/mol |       8 |  -12.22 kcal/mol
         55 |      1543738 |  -11.88 kcal/mol |  -12.15 +/-    0.08 kcal/mol |       5 |  -12.22 kcal/mol
         60 |      1677047 |  -11.91 kcal/mol |  -12.09 +/-    0.11 kcal/mol |       7 |  -12.23 kcal/mol
         65 |      1812732 |  -11.85 kcal/mol |  -12.17 +/-    0.10 kcal/mol |       5 |  -12.26 kcal/mol
         70 |      1948284 |  -11.86 kcal/mol |  -12.12 +/-    0.11 kcal/mol |      12 |  -12.26 kcal/mol
         75 |      2079194 |  -11.98 kcal/mol |  -12.14 +/-    0.11 kcal/mol |      18 |  -12.26 kcal/mol
------------+--------------+------------------+------------------------------+---------+-------------------

                                   Finished evaluation after reaching
                       2079194 evaluations. Best inter + intra   -12.26 kcal/mol.


Shutdown time 0.000624s

Job #9 took 0.878 sec after waiting 0.035 sec for setup

(Thread 0 is processing Job #9)
(Thread 0 is setting up Job #10)

Running Job #10:
    Device: NVIDIA A100-SXM4-40GB
    Grid map file: ./protein.maps.fld
    Ligand file: ./ligand_10_10.pdbqt
    Output file: docking_result_10.dlg (+ xml)
    Using heuristics: (capped) number of evaluations set to 2068966
    Local-search chosen method is: ADADELTA (ad)

Rest of Setup time 0.302045s

Executing docking runs, stopping automatically after either reaching 0.15 kcal/mol standard deviation of
the best molecules of the last 4 * 5 generations, 42000 generations, or 2068966 evaluations:

Generations |  Evaluations |     Threshold    |  Average energy of best 10%  | Samples | Best Inter + Intra
------------+--------------+------------------+------------------------------+---------+-------------------
          0 |          150 |   -2.67 kcal/mol |   -3.62 +/-    0.25 kcal/mol |       4 |   -3.96 kcal/mol
          5 |       136493 |   -2.67 kcal/mol |   -5.58 +/-    1.34 kcal/mol |     895 |  -10.91 kcal/mol
         10 |       272121 |   -5.56 kcal/mol |   -9.35 +/-    0.94 kcal/mol |      58 |  -12.12 kcal/mol
         15 |       411652 |   -9.11 kcal/mol |  -11.61 +/-    0.41 kcal/mol |       8 |  -12.21 kcal/mol
         20 |       550346 |  -10.84 kcal/mol |  -12.14 +/-    0.11 kcal/mol |       5 |  -12.21 kcal/mol
         25 |       688721 |  -11.81 kcal/mol |  -12.10 +/-    0.09 kcal/mol |       6 |  -12.21 kcal/mol
         30 |       828258 |  -11.88 kcal/mol |  -12.09 +/-    0.12 kcal/mol |      14 |  -12.28 kcal/mol
         35 |       966309 |  -11.96 kcal/mol |  -12.16 +/-    0.10 kcal/mol |      11 |  -12.35 kcal/mol
         40 |      1104489 |  -12.02 kcal/mol |  -12.19 +/-    0.07 kcal/mol |      11 |  -12.35 kcal/mol
         45 |      1239490 |  -11.99 kcal/mol |  -12.21 +/-    0.08 kcal/mol |      18 |  -12.35 kcal/mol
         50 |      1373843 |  -12.14 kcal/mol |  -12.22 +/-    0.05 kcal/mol |      14 |  -12.35 kcal/mol
------------+--------------+------------------+------------------------------+---------+-------------------

                                   Finished evaluation after reaching
                                  -12.20 +/-    0.08 kcal/mol combined.
                             54 samples, best inter + intra   -12.35 kcal/mol.


Shutdown time 0.000627s

Job #10 took 0.658 sec after waiting 0.027 sec for setup

(Thread 0 is processing Job #10)
Run time of entire job set (10 files): 13.483 sec
Savings from multithreading: -0.001 sec
Idle time of execution thread: 4.759 sec

All jobs (10) ran without errors.
