AutoDock-GPU version: v1.6-7-ga46ab564d2ac5f1a1523f65239b43505a1c29364-dirty

Using 1 OpenMP threads

Running 3 docking calculations

Cuda device:                              NVIDIA A100-SXM4-40GB
Available memory on device:               39916 MB (total: 40339 MB)

CUDA Setup time 0.235423s
(Thread 0 is setting up Job #1)

Running Job #1:
    Device: NVIDIA A100-SXM4-40GB
    Grid map file: ./protein.maps.fld
    Ligand file: ./ligand_1_1.pdbqt
    Output file: docking_result_1.dlg (+ xml)
    Using heuristics: (capped) number of evaluations set to 2068966
    Local-search chosen method is: ADADELTA (ad)

Rest of Setup time 0.308121s

Executing docking runs, stopping automatically after either reaching 0.15 kcal/mol standard deviation of
the best molecules of the last 4 * 5 generations, 42000 generations, or 2068966 evaluations:

Generations |  Evaluations |     Threshold    |  Average energy of best 10%  | Samples | Best Inter + Intra
------------+--------------+------------------+------------------------------+---------+-------------------
          0 |          150 |   -1.22 kcal/mol |   -2.32 +/-    0.42 kcal/mol |       4 |   -2.95 kcal/mol
          5 |       129639 |   -0.76 kcal/mol |   -3.81 +/-    1.28 kcal/mol |     808 |   -8.69 kcal/mol
         10 |       257708 |   -3.78 kcal/mol |   -7.15 +/-    0.70 kcal/mol |      44 |   -8.77 kcal/mol
         15 |       391427 |   -6.91 kcal/mol |   -8.53 +/-    0.21 kcal/mol |       7 |   -8.77 kcal/mol
         20 |       525561 |   -8.08 kcal/mol |   -8.42 +/-    0.14 kcal/mol |      12 |   -8.77 kcal/mol
         25 |       658992 |   -8.25 kcal/mol |   -8.53 +/-    0.19 kcal/mol |      18 |   -9.09 kcal/mol
         30 |       791044 |   -8.37 kcal/mol |   -8.82 +/-    0.16 kcal/mol |      11 |   -9.09 kcal/mol
         35 |       922490 |   -8.59 kcal/mol |   -8.85 +/-    0.16 kcal/mol |      12 |   -9.09 kcal/mol
         40 |      1053383 |   -8.65 kcal/mol |   -9.11 +/-    0.14 kcal/mol |       5 |   -9.38 kcal/mol
         45 |      1183776 |   -8.69 kcal/mol |   -9.17 +/-    0.21 kcal/mol |       8 |   -9.49 kcal/mol
         50 |      1313533 |   -8.78 kcal/mol |   -9.13 +/-    0.17 kcal/mol |      15 |   -9.49 kcal/mol
         55 |      1443207 |   -8.97 kcal/mol |   -9.23 +/-    0.16 kcal/mol |      14 |   -9.50 kcal/mol
         60 |      1572372 |   -9.06 kcal/mol |   -9.34 +/-    0.11 kcal/mol |      16 |   -9.51 kcal/mol
         65 |      1702411 |   -9.23 kcal/mol |   -9.37 +/-    0.08 kcal/mol |      14 |   -9.51 kcal/mol
         70 |      1830863 |   -9.28 kcal/mol |   -9.38 +/-    0.07 kcal/mol |      15 |   -9.51 kcal/mol
------------+--------------+------------------+------------------------------+---------+-------------------

                                   Finished evaluation after reaching
                                   -9.33 +/-    0.12 kcal/mol combined.
                             59 samples, best inter + intra    -9.51 kcal/mol.


Shutdown time 0.000714s

Job #1 took 0.830 sec after waiting 4.468 sec for setup

(Thread 0 is processing Job #1)
(Thread 0 is setting up Job #2)

Running Job #2:
    Device: NVIDIA A100-SXM4-40GB
    Grid map file: ./protein.maps.fld
    Ligand file: ./ligand_2_2.pdbqt
    Output file: docking_result_2.dlg (+ xml)
    Using heuristics: (capped) number of evaluations set to 2068966
    Local-search chosen method is: ADADELTA (ad)

Rest of Setup time 0.308025s

Executing docking runs, stopping automatically after either reaching 0.15 kcal/mol standard deviation of
the best molecules of the last 4 * 5 generations, 42000 generations, or 2068966 evaluations:

Generations |  Evaluations |     Threshold    |  Average energy of best 10%  | Samples | Best Inter + Intra
------------+--------------+------------------+------------------------------+---------+-------------------
          0 |          150 |   -0.67 kcal/mol |   -1.84 +/-    0.40 kcal/mol |       4 |   -2.38 kcal/mol
          5 |       125630 |   -0.32 kcal/mol |   -3.58 +/-    1.34 kcal/mol |     818 |   -8.64 kcal/mol
         10 |       249404 |   -3.55 kcal/mol |   -7.16 +/-    0.73 kcal/mol |      32 |   -9.23 kcal/mol
         15 |       379300 |   -6.82 kcal/mol |   -9.16 +/-    0.19 kcal/mol |       5 |   -9.26 kcal/mol
         20 |       508337 |   -8.59 kcal/mol |   -9.19 +/-    0.25 kcal/mol |       4 |   -9.39 kcal/mol
         25 |       638094 |   -8.27 kcal/mol |   -9.28 +/-    0.31 kcal/mol |       7 |   -9.62 kcal/mol
         30 |       769110 |   -8.60 kcal/mol |   -9.49 +/-    0.11 kcal/mol |       7 |   -9.62 kcal/mol
         35 |       898185 |   -9.25 kcal/mol |   -9.49 +/-    0.13 kcal/mol |       5 |   -9.62 kcal/mol
         40 |      1025274 |   -9.09 kcal/mol |   -9.41 +/-    0.15 kcal/mol |       9 |   -9.63 kcal/mol
         45 |      1153300 |   -9.16 kcal/mol |   -9.50 +/-    0.13 kcal/mol |       9 |   -9.66 kcal/mol
         50 |      1278740 |   -9.28 kcal/mol |   -9.49 +/-    0.12 kcal/mol |       9 |   -9.66 kcal/mol
         55 |      1404278 |   -9.29 kcal/mol |   -9.45 +/-    0.12 kcal/mol |       6 |   -9.66 kcal/mol
         60 |      1528150 |   -9.14 kcal/mol |   -9.43 +/-    0.13 kcal/mol |      11 |   -9.66 kcal/mol
------------+--------------+------------------+------------------------------+---------+-------------------

                                   Finished evaluation after reaching
                                   -9.47 +/-    0.13 kcal/mol combined.
                             35 samples, best inter + intra    -9.66 kcal/mol.


Shutdown time 0.000665s

Job #2 took 0.776 sec after waiting 0.024 sec for setup

(Thread 0 is processing Job #2)
(Thread 0 is setting up Job #3)

Running Job #3:
    Device: NVIDIA A100-SXM4-40GB
    Grid map file: ./protein.maps.fld
    Ligand file: ./ligand_3_3.pdbqt
    Output file: docking_result_3.dlg (+ xml)
    Using heuristics: (capped) number of evaluations set to 2068966
    Local-search chosen method is: ADADELTA (ad)

Rest of Setup time 0.301947s

Executing docking runs, stopping automatically after either reaching 0.15 kcal/mol standard deviation of
the best molecules of the last 4 * 5 generations, 42000 generations, or 2068966 evaluations:

Generations |  Evaluations |     Threshold    |  Average energy of best 10%  | Samples | Best Inter + Intra
------------+--------------+------------------+------------------------------+---------+-------------------
          0 |          150 |   -0.23 kcal/mol |   -1.92 +/-    0.53 kcal/mol |      13 |   -3.52 kcal/mol
          5 |       125633 |   -1.30 kcal/mol |   -4.00 +/-    1.09 kcal/mol |     681 |   -7.55 kcal/mol
         10 |       252934 |   -3.97 kcal/mol |   -6.91 +/-    0.60 kcal/mol |      33 |   -8.60 kcal/mol
         15 |       383400 |   -6.64 kcal/mol |   -8.21 +/-    0.21 kcal/mol |       7 |   -8.60 kcal/mol
         20 |       513225 |   -7.76 kcal/mol |   -8.44 +/-    0.16 kcal/mol |       7 |   -8.69 kcal/mol
         25 |       642435 |   -8.09 kcal/mol |   -8.69 +/-    0.28 kcal/mol |       4 |   -8.99 kcal/mol
         30 |       770627 |   -7.63 kcal/mol |   -8.61 +/-    0.29 kcal/mol |      15 |   -9.03 kcal/mol
         35 |       900411 |   -8.32 kcal/mol |   -8.66 +/-    0.18 kcal/mol |      10 |   -9.03 kcal/mol
         40 |      1028772 |   -8.38 kcal/mol |   -8.68 +/-    0.19 kcal/mol |      19 |   -9.04 kcal/mol
         45 |      1157186 |   -8.53 kcal/mol |   -8.79 +/-    0.18 kcal/mol |      13 |   -9.05 kcal/mol
         50 |      1285577 |   -8.58 kcal/mol |   -8.83 +/-    0.17 kcal/mol |      14 |   -9.05 kcal/mol
         55 |      1414470 |   -8.65 kcal/mol |   -9.00 +/-    0.05 kcal/mol |      11 |   -9.05 kcal/mol
         60 |      1543078 |   -8.80 kcal/mol |   -8.99 +/-    0.07 kcal/mol |      10 |   -9.08 kcal/mol
         65 |      1671954 |   -8.76 kcal/mol |   -8.96 +/-    0.09 kcal/mol |      12 |   -9.08 kcal/mol
         70 |      1799748 |   -8.85 kcal/mol |   -9.00 +/-    0.06 kcal/mol |      19 |   -9.08 kcal/mol
         75 |      1925457 |   -8.88 kcal/mol |   -8.99 +/-    0.06 kcal/mol |      15 |   -9.08 kcal/mol
------------+--------------+------------------+------------------------------+---------+-------------------

                                   Finished evaluation after reaching
                                   -8.99 +/-    0.07 kcal/mol combined.
                             56 samples, best inter + intra    -9.08 kcal/mol.


Shutdown time 0.000731s

Job #3 took 0.806 sec after waiting 0.028 sec for setup

(Thread 0 is processing Job #3)
Run time of entire job set (3 files): 6.953 sec
Savings from multithreading: -0.000 sec
Idle time of execution thread: 4.541 sec

All jobs (3) ran without errors.
