AutoDock-GPU version: v1.6-7-ga46ab564d2ac5f1a1523f65239b43505a1c29364-dirty

Running 1 docking calculation

Cuda device:                              NVIDIA A100-SXM4-40GB
Available memory on device:               39916 MB (total: 40339 MB)

CUDA Setup time 0.234447s
(Thread 0 is setting up Job #1)

Running Job #1
    Using heuristics: (capped) number of evaluations set to 2845257
    Overriding heuristics, setting number of evaluations to --nev = 2500000 instead.
    Local-search chosen method is: ADADELTA (ad)

Rest of Setup time 0.307780s

Executing docking runs, stopping automatically after either reaching 0.15 kcal/mol standard deviation of
the best molecules of the last 4 * 5 generations, 42000 generations, or 2500000 evaluations:

Generations |  Evaluations |     Threshold    |  Average energy of best 10%  | Samples | Best Inter + Intra
------------+--------------+------------------+------------------------------+---------+-------------------
          0 |          150 |   -2.56 kcal/mol |   -2.95 +/-    0.13 kcal/mol |       5 |   -3.15 kcal/mol
          5 |       140557 |   -2.56 kcal/mol |   -6.29 +/-    1.87 kcal/mol |    1137 |  -11.87 kcal/mol
         10 |       280343 |   -6.26 kcal/mol |  -11.08 +/-    0.79 kcal/mol |      37 |  -13.44 kcal/mol
         15 |       424623 |  -10.76 kcal/mol |  -12.94 +/-    0.55 kcal/mol |       5 |  -13.76 kcal/mol
         20 |       570937 |  -11.30 kcal/mol |  -13.56 +/-    0.56 kcal/mol |       7 |  -14.35 kcal/mol
         25 |       715426 |  -12.37 kcal/mol |  -13.48 +/-    0.88 kcal/mol |       5 |  -14.46 kcal/mol
         30 |       861676 |  -10.84 kcal/mol |  -13.73 +/-    0.57 kcal/mol |      11 |  -14.46 kcal/mol
         35 |      1006161 |  -12.95 kcal/mol |  -14.37 +/-    0.82 kcal/mol |       4 |  -15.50 kcal/mol
         40 |      1152462 |  -11.31 kcal/mol |  -14.48 +/-    0.66 kcal/mol |       4 |  -15.50 kcal/mol
         45 |      1298821 |  -12.00 kcal/mol |  -14.65 +/-    0.36 kcal/mol |       7 |  -15.50 kcal/mol
         50 |      1445076 |  -13.87 kcal/mol |  -15.08 +/-    0.50 kcal/mol |       4 |  -15.67 kcal/mol
         55 |      1590482 |  -13.20 kcal/mol |  -14.75 +/-    0.53 kcal/mol |       7 |  -15.67 kcal/mol
         60 |      1734402 |  -13.62 kcal/mol |  -15.34 +/-    0.32 kcal/mol |       4 |  -15.67 kcal/mol
         65 |      1880355 |  -14.14 kcal/mol |  -15.28 +/-    0.48 kcal/mol |       4 |  -15.67 kcal/mol
         70 |      2025003 |  -13.50 kcal/mol |  -15.38 +/-    0.43 kcal/mol |       6 |  -15.67 kcal/mol
         75 |      2167614 |  -14.32 kcal/mol |  -15.56 +/-    0.14 kcal/mol |       8 |  -15.76 kcal/mol
         80 |      2309883 |  -15.30 kcal/mol |  -15.70 +/-    0.05 kcal/mol |       4 |  -15.79 kcal/mol
         85 |      2452561 |  -15.14 kcal/mol |  -15.73 +/-    0.06 kcal/mol |       4 |  -15.79 kcal/mol
         87 |      2508574 |  -15.16 kcal/mol |  -15.73 +/-    0.06 kcal/mol |       6 |  -15.79 kcal/mol
------------+--------------+------------------+------------------------------+---------+-------------------

                                   Finished evaluation after reaching
                       2508574 evaluations. Best inter + intra   -15.79 kcal/mol.


Shutdown time 0.000681s

Job #1 took 1.424 sec after waiting 4.463 sec for setup

(Thread 0 is processing Job #1)
Run time of entire job set (1 file): 5.937 sec
Processing time: 0.050 sec

All jobs (1) ran without errors.
