AutoDock-GPU version: v1.6-7-ga46ab564d2ac5f1a1523f65239b43505a1c29364-dirty

Using 1 OpenMP threads

Running 5 docking calculations

Cuda device:                              NVIDIA A100-SXM4-40GB
Available memory on device:               39916 MB (total: 40339 MB)

CUDA Setup time 0.233311s
(Thread 0 is setting up Job #1)

Running Job #1:
    Device: NVIDIA A100-SXM4-40GB
    Grid map file: ./protein.maps.fld
    Ligand file: ./ligand_1_1.pdbqt
    Output file: docking_result_1.dlg (+ xml)
    Using heuristics: (capped) number of evaluations set to 2068966
    Local-search chosen method is: ADADELTA (ad)

Rest of Setup time 0.308496s

Executing docking runs, stopping automatically after either reaching 0.15 kcal/mol standard deviation of
the best molecules of the last 4 * 5 generations, 42000 generations, or 2068966 evaluations:

Generations |  Evaluations |     Threshold    |  Average energy of best 10%  | Samples | Best Inter + Intra
------------+--------------+------------------+------------------------------+---------+-------------------
          0 |          150 |   -1.64 kcal/mol |   -2.77 +/-    0.42 kcal/mol |       4 |   -3.49 kcal/mol
          5 |       137844 |   -1.19 kcal/mol |   -5.02 +/-    1.36 kcal/mol |     939 |  -11.28 kcal/mol
         10 |       266971 |   -5.00 kcal/mol |   -8.89 +/-    0.96 kcal/mol |      57 |  -11.45 kcal/mol
         15 |       396065 |   -8.64 kcal/mol |  -10.87 +/-    0.25 kcal/mol |      10 |  -11.45 kcal/mol
         20 |       524697 |  -10.50 kcal/mol |  -11.38 +/-    0.15 kcal/mol |       9 |  -11.54 kcal/mol
         25 |       653899 |  -11.13 kcal/mol |  -11.62 +/-    0.16 kcal/mol |       6 |  -11.83 kcal/mol
         30 |       780842 |  -11.21 kcal/mol |  -11.66 +/-    0.17 kcal/mol |      12 |  -11.83 kcal/mol
         35 |       907547 |  -11.44 kcal/mol |  -11.67 +/-    0.15 kcal/mol |       9 |  -11.83 kcal/mol
         40 |      1034140 |  -11.42 kcal/mol |  -11.69 +/-    0.14 kcal/mol |      15 |  -11.83 kcal/mol
         45 |      1156586 |  -11.55 kcal/mol |  -11.76 +/-    0.11 kcal/mol |      18 |  -12.06 kcal/mol
         50 |      1278033 |  -11.66 kcal/mol |  -11.79 +/-    0.10 kcal/mol |      16 |  -12.09 kcal/mol
         55 |      1398288 |  -11.69 kcal/mol |  -11.83 +/-    0.10 kcal/mol |      20 |  -12.14 kcal/mol
         60 |      1518009 |  -11.75 kcal/mol |  -11.90 +/-    0.12 kcal/mol |      11 |  -12.14 kcal/mol
         65 |      1640768 |  -11.73 kcal/mol |  -11.85 +/-    0.11 kcal/mol |      20 |  -12.14 kcal/mol
         70 |      1762106 |  -11.77 kcal/mol |  -11.88 +/-    0.12 kcal/mol |      23 |  -12.14 kcal/mol
------------+--------------+------------------+------------------------------+---------+-------------------

                                   Finished evaluation after reaching
                                  -11.86 +/-    0.11 kcal/mol combined.
                             74 samples, best inter + intra   -12.14 kcal/mol.


Shutdown time 0.000680s

Job #1 took 0.851 sec after waiting 4.466 sec for setup

(Thread 0 is processing Job #1)
(Thread 0 is setting up Job #2)

Running Job #2:
    Device: NVIDIA A100-SXM4-40GB
    Grid map file: ./protein.maps.fld
    Ligand file: ./ligand_2_2.pdbqt
    Output file: docking_result_2.dlg (+ xml)
    Using heuristics: (capped) number of evaluations set to 2068966
    Local-search chosen method is: ADADELTA (ad)

Rest of Setup time 0.306379s

Executing docking runs, stopping automatically after either reaching 0.15 kcal/mol standard deviation of
the best molecules of the last 4 * 5 generations, 42000 generations, or 2068966 evaluations:

Generations |  Evaluations |     Threshold    |  Average energy of best 10%  | Samples | Best Inter + Intra
------------+--------------+------------------+------------------------------+---------+-------------------
          0 |          150 |   -2.08 kcal/mol |   -2.80 +/-    0.19 kcal/mol |       4 |   -3.03 kcal/mol
          5 |       137975 |   -2.08 kcal/mol |   -4.90 +/-    1.36 kcal/mol |     887 |  -10.37 kcal/mol
         10 |       268087 |   -4.88 kcal/mol |   -8.62 +/-    0.87 kcal/mol |      55 |  -11.31 kcal/mol
         15 |       400890 |   -8.39 kcal/mol |  -10.98 +/-    0.41 kcal/mol |       8 |  -11.53 kcal/mol
         20 |       532001 |  -10.21 kcal/mol |  -11.25 +/-    0.19 kcal/mol |      12 |  -11.72 kcal/mol
         25 |       663211 |  -11.01 kcal/mol |  -11.27 +/-    0.19 kcal/mol |      16 |  -11.75 kcal/mol
         30 |       794808 |  -11.09 kcal/mol |  -11.71 +/-    0.06 kcal/mol |      11 |  -11.75 kcal/mol
         35 |       928507 |  -11.50 kcal/mol |  -11.73 +/-    0.02 kcal/mol |      10 |  -11.75 kcal/mol
         40 |      1060293 |  -11.51 kcal/mol |  -11.73 +/-    0.03 kcal/mol |      11 |  -11.75 kcal/mol
         45 |      1187093 |  -11.53 kcal/mol |  -11.72 +/-    0.05 kcal/mol |      15 |  -11.75 kcal/mol
------------+--------------+------------------+------------------------------+---------+-------------------

                                   Finished evaluation after reaching
                                  -11.72 +/-    0.04 kcal/mol combined.
                             47 samples, best inter + intra   -11.75 kcal/mol.


Shutdown time 0.000618s

Job #2 took 0.685 sec after waiting 0.026 sec for setup

(Thread 0 is processing Job #2)
(Thread 0 is setting up Job #3)

Running Job #3:
    Device: NVIDIA A100-SXM4-40GB
    Grid map file: ./protein.maps.fld
    Ligand file: ./ligand_3_3.pdbqt
    Output file: docking_result_3.dlg (+ xml)
    Using heuristics: (capped) number of evaluations set to 2845257
    Overriding heuristics, setting number of evaluations to --nev = 2500000 instead.
    Local-search chosen method is: ADADELTA (ad)

Rest of Setup time 0.302181s

Executing docking runs, stopping automatically after either reaching 0.15 kcal/mol standard deviation of
the best molecules of the last 4 * 5 generations, 42000 generations, or 2500000 evaluations:

Generations |  Evaluations |     Threshold    |  Average energy of best 10%  | Samples | Best Inter + Intra
------------+--------------+------------------+------------------------------+---------+-------------------
          0 |          150 |   -1.34 kcal/mol |   -2.44 +/-    0.37 kcal/mol |      12 |   -3.43 kcal/mol
          5 |       135367 |   -1.99 kcal/mol |   -5.64 +/-    1.79 kcal/mol |    1130 |  -12.09 kcal/mol
         10 |       269580 |   -5.62 kcal/mol |  -10.16 +/-    0.80 kcal/mol |      49 |  -12.82 kcal/mol
         15 |       407448 |   -9.91 kcal/mol |  -12.43 +/-    0.69 kcal/mol |      11 |  -13.55 kcal/mol
         20 |       544985 |  -11.49 kcal/mol |  -13.55 +/-    0.04 kcal/mol |       4 |  -13.60 kcal/mol
         25 |       683474 |  -12.99 kcal/mol |  -13.57 +/-    0.07 kcal/mol |       4 |  -13.68 kcal/mol
         30 |       822173 |  -13.00 kcal/mol |  -13.69 +/-    0.18 kcal/mol |       6 |  -13.89 kcal/mol
         35 |       957427 |  -13.24 kcal/mol |  -13.81 +/-    0.09 kcal/mol |       4 |  -13.89 kcal/mol
         40 |      1095169 |  -13.48 kcal/mol |  -13.82 +/-    0.07 kcal/mol |       4 |  -13.89 kcal/mol
         45 |      1231721 |  -13.26 kcal/mol |  -13.86 +/-    0.12 kcal/mol |       6 |  -14.06 kcal/mol
         50 |      1367884 |  -13.55 kcal/mol |  -13.87 +/-    0.11 kcal/mol |       6 |  -14.08 kcal/mol
         55 |      1504728 |  -13.59 kcal/mol |  -14.00 +/-    0.19 kcal/mol |       6 |  -14.23 kcal/mol
         60 |      1638333 |  -13.52 kcal/mol |  -14.08 +/-    0.16 kcal/mol |       4 |  -14.23 kcal/mol
         65 |      1774409 |  -13.48 kcal/mol |  -14.17 +/-    0.18 kcal/mol |       4 |  -14.35 kcal/mol
         70 |      1911551 |  -13.50 kcal/mol |  -14.10 +/-    0.17 kcal/mol |       4 |  -14.35 kcal/mol
         75 |      2048634 |  -13.45 kcal/mol |  -14.13 +/-    0.21 kcal/mol |       5 |  -14.36 kcal/mol
         80 |      2185492 |  -13.51 kcal/mol |  -14.05 +/-    0.31 kcal/mol |       4 |  -14.44 kcal/mol
         85 |      2322866 |  -12.88 kcal/mol |  -13.83 +/-    0.29 kcal/mol |      13 |  -14.44 kcal/mol
         90 |      2460030 |  -13.49 kcal/mol |  -14.39 +/-    0.09 kcal/mol |       4 |  -14.44 kcal/mol
         92 |      2514643 |  -14.04 kcal/mol |  -14.37 +/-    0.10 kcal/mol |       6 |  -14.44 kcal/mol
------------+--------------+------------------+------------------------------+---------+-------------------

                                   Finished evaluation after reaching
                       2514643 evaluations. Best inter + intra   -14.44 kcal/mol.


Shutdown time 0.000655s

Job #3 took 1.313 sec after waiting 0.030 sec for setup

(Thread 0 is processing Job #3)
(Thread 0 is setting up Job #4)

Running Job #4:
    Device: NVIDIA A100-SXM4-40GB
    Grid map file: ./protein.maps.fld
    Ligand file: ./ligand_4_4.pdbqt
    Output file: docking_result_4.dlg (+ xml)
    Using heuristics: (capped) number of evaluations set to 2068966
    Local-search chosen method is: ADADELTA (ad)

Rest of Setup time 0.305929s

Executing docking runs, stopping automatically after either reaching 0.15 kcal/mol standard deviation of
the best molecules of the last 4 * 5 generations, 42000 generations, or 2068966 evaluations:

Generations |  Evaluations |     Threshold    |  Average energy of best 10%  | Samples | Best Inter + Intra
------------+--------------+------------------+------------------------------+---------+-------------------
          0 |          150 |   -2.18 kcal/mol |   -3.25 +/-    0.31 kcal/mol |       4 |   -3.66 kcal/mol
          5 |       134598 |   -2.11 kcal/mol |   -6.02 +/-    1.72 kcal/mol |     986 |  -11.91 kcal/mol
         10 |       262303 |   -6.00 kcal/mol |  -10.47 +/-    0.94 kcal/mol |      49 |  -12.85 kcal/mol
         15 |       391391 |  -10.18 kcal/mol |  -13.07 +/-    0.82 kcal/mol |      11 |  -14.27 kcal/mol
         20 |       523131 |  -11.96 kcal/mol |  -13.74 +/-    0.51 kcal/mol |       4 |  -14.28 kcal/mol
         25 |       655088 |  -11.81 kcal/mol |  -13.67 +/-    0.44 kcal/mol |      10 |  -14.30 kcal/mol
         30 |       785072 |  -13.02 kcal/mol |  -14.04 +/-    0.18 kcal/mol |       4 |  -14.30 kcal/mol
         35 |       913805 |  -13.37 kcal/mol |  -14.05 +/-    0.17 kcal/mol |       5 |  -14.30 kcal/mol
         40 |      1039646 |  -13.54 kcal/mol |  -14.52 +/-    0.25 kcal/mol |       4 |  -14.70 kcal/mol
         45 |      1168349 |  -13.59 kcal/mol |  -14.35 +/-    0.22 kcal/mol |       6 |  -14.70 kcal/mol
         50 |      1295537 |  -13.80 kcal/mol |  -14.63 +/-    0.09 kcal/mol |       6 |  -14.72 kcal/mol
         55 |      1424105 |  -14.40 kcal/mol |  -14.62 +/-    0.10 kcal/mol |       6 |  -14.74 kcal/mol
         60 |      1551313 |  -14.37 kcal/mol |  -14.58 +/-    0.11 kcal/mol |       5 |  -14.74 kcal/mol
         65 |      1678677 |  -14.25 kcal/mol |  -14.62 +/-    0.07 kcal/mol |       4 |  -14.74 kcal/mol
         70 |      1807099 |  -14.06 kcal/mol |  -14.53 +/-    0.12 kcal/mol |       8 |  -14.74 kcal/mol
------------+--------------+------------------+------------------------------+---------+-------------------

                                   Finished evaluation after reaching
                                  -14.58 +/-    0.12 kcal/mol combined.
                             23 samples, best inter + intra   -14.74 kcal/mol.


Shutdown time 0.000614s

Job #4 took 0.946 sec after waiting 0.040 sec for setup

(Thread 0 is processing Job #4)
(Thread 0 is setting up Job #5)

Running Job #5:
    Device: NVIDIA A100-SXM4-40GB
    Grid map file: ./protein.maps.fld
    Ligand file: ./ligand_5_5.pdbqt
    Output file: docking_result_5.dlg (+ xml)
    Using heuristics: (capped) number of evaluations set to 2845257
    Overriding heuristics, setting number of evaluations to --nev = 2500000 instead.
    Local-search chosen method is: ADADELTA (ad)

Rest of Setup time 0.305577s

Executing docking runs, stopping automatically after either reaching 0.15 kcal/mol standard deviation of
the best molecules of the last 4 * 5 generations, 42000 generations, or 2500000 evaluations:

Generations |  Evaluations |     Threshold    |  Average energy of best 10%  | Samples | Best Inter + Intra
------------+--------------+------------------+------------------------------+---------+-------------------
          0 |          150 |   -1.23 kcal/mol |   -1.70 +/-    0.16 kcal/mol |       5 |   -2.00 kcal/mol
          5 |       138295 |   -1.23 kcal/mol |   -4.02 +/-    1.16 kcal/mol |    1026 |   -8.12 kcal/mol
         10 |       270181 |   -4.00 kcal/mol |   -7.25 +/-    0.88 kcal/mol |      43 |   -9.37 kcal/mol
         15 |       402316 |   -6.95 kcal/mol |   -9.12 +/-    0.39 kcal/mol |       6 |   -9.90 kcal/mol
         20 |       534124 |   -8.14 kcal/mol |   -9.40 +/-    0.37 kcal/mol |      12 |  -10.11 kcal/mol
         25 |       665299 |   -8.94 kcal/mol |  -10.05 +/-    0.25 kcal/mol |       4 |  -10.32 kcal/mol
         30 |       793960 |   -9.10 kcal/mol |  -10.05 +/-    0.22 kcal/mol |       8 |  -10.43 kcal/mol
         35 |       922137 |   -9.64 kcal/mol |  -10.22 +/-    0.24 kcal/mol |       5 |  -10.61 kcal/mol
         40 |      1051140 |   -9.50 kcal/mol |  -10.27 +/-    0.19 kcal/mol |      10 |  -10.62 kcal/mol
         45 |      1179147 |   -9.98 kcal/mol |  -10.27 +/-    0.18 kcal/mol |       7 |  -10.62 kcal/mol
         50 |      1306827 |   -9.89 kcal/mol |  -10.33 +/-    0.14 kcal/mol |       9 |  -10.62 kcal/mol
         55 |      1432877 |  -10.09 kcal/mol |  -10.43 +/-    0.09 kcal/mol |       7 |  -10.62 kcal/mol
         60 |      1554855 |  -10.24 kcal/mol |  -10.40 +/-    0.10 kcal/mol |       8 |  -10.62 kcal/mol
------------+--------------+------------------+------------------------------+---------+-------------------

                                   Finished evaluation after reaching
                                  -10.36 +/-    0.14 kcal/mol combined.
                             31 samples, best inter + intra   -10.62 kcal/mol.


Shutdown time 0.000608s

Job #5 took 0.710 sec after waiting 0.037 sec for setup

(Thread 0 is processing Job #5)
Run time of entire job set (5 files): 9.126 sec
Savings from multithreading: -0.000 sec
Idle time of execution thread: 4.621 sec

All jobs (5) ran without errors.
