AutoDock-GPU version: v1.6-7-ga46ab564d2ac5f1a1523f65239b43505a1c29364-dirty

Using 1 OpenMP threads

Running 4 docking calculations

Cuda device:                              NVIDIA A100-SXM4-40GB
Available memory on device:               39916 MB (total: 40339 MB)

CUDA Setup time 0.234947s
(Thread 0 is setting up Job #1)

Running Job #1:
    Device: NVIDIA A100-SXM4-40GB
    Grid map file: ./protein.maps.fld
    Ligand file: ./ligand_1_1.pdbqt
    Output file: docking_result_1.dlg (+ xml)
    Using heuristics: (capped) number of evaluations set to 6512245
    Overriding heuristics, setting number of evaluations to --nev = 2500000 instead.
    Warning: The set number of evals is 17.56% of the uncapped heuristics estimate of 14240240 evals.
             This means this docking may not be able to converge. Increasing --heurmax may improve
             convergence but will also increase runtime.
             AutoStop will not stop before 53.80% (1345079) of the set number of evaluations.
    Local-search chosen method is: ADADELTA (ad)

Rest of Setup time 0.310050s

Executing docking runs, stopping automatically after either reaching 0.15 kcal/mol standard deviation of
the best molecules of the last 4 * 5 generations, 42000 generations, or 2500000 evaluations:

Generations |  Evaluations |     Threshold    |  Average energy of best 10%  | Samples | Best Inter + Intra
------------+--------------+------------------+------------------------------+---------+-------------------
          0 |          150 |  195.10 kcal/mol |  128.51 +/-   17.76 kcal/mol |       4 |  107.02 kcal/mol
          5 |       118003 |  195.10 kcal/mol |   10.28 +/-   23.67 kcal/mol |    1129 |   -9.10 kcal/mol
         10 |       227868 |   10.60 kcal/mol |   -9.96 +/-    0.47 kcal/mol |       4 |  -10.75 kcal/mol
         15 |       338456 |   -8.21 kcal/mol |  -10.32 +/-    0.76 kcal/mol |      11 |  -11.47 kcal/mol
         20 |       452017 |   -9.28 kcal/mol |  -11.57 +/-    0.80 kcal/mol |       4 |  -12.78 kcal/mol
         25 |       564978 |   -8.58 kcal/mol |  -11.50 +/-    0.76 kcal/mol |       6 |  -12.78 kcal/mol
         30 |       679304 |   -9.60 kcal/mol |  -11.85 +/-    0.39 kcal/mol |       7 |  -12.78 kcal/mol
         35 |       791791 |  -11.02 kcal/mol |  -12.42 +/-    0.58 kcal/mol |       3 |  -12.88 kcal/mol
         40 |       902568 |   -9.50 kcal/mol |  -12.12 +/-    0.60 kcal/mol |       7 |  -12.88 kcal/mol
         45 |      1011274 |  -10.83 kcal/mol |  -12.47 +/-    0.35 kcal/mol |       6 |  -12.88 kcal/mol
         50 |      1119478 |  -11.60 kcal/mol |  -12.72 +/-    0.15 kcal/mol |       4 |  -12.88 kcal/mol
         55 |      1225464 |  -12.17 kcal/mol |  -12.90 +/-    0.22 kcal/mol |       5 |  -13.04 kcal/mol
         60 |      1327204 |  -12.25 kcal/mol |  -12.71 +/-    0.25 kcal/mol |       4 |  -13.04 kcal/mol
         65 |      1427852 |  -11.76 kcal/mol |  -12.71 +/-    0.25 kcal/mol |       4 |  -13.04 kcal/mol
         70 |      1528049 |  -11.76 kcal/mol |  -12.89 +/-    0.44 kcal/mol |       6 |  -13.45 kcal/mol
         75 |      1625544 |  -11.79 kcal/mol |  -12.94 +/-    0.35 kcal/mol |       4 |  -13.45 kcal/mol
         80 |      1723059 |  -11.62 kcal/mol |  -13.03 +/-    0.40 kcal/mol |       7 |  -13.45 kcal/mol
         85 |      1821139 |  -12.18 kcal/mol |  -13.20 +/-    0.20 kcal/mol |       5 |  -13.45 kcal/mol
         90 |      1919911 |  -12.61 kcal/mol |  -13.19 +/-    0.28 kcal/mol |       4 |  -13.47 kcal/mol
         95 |      2016556 |  -12.13 kcal/mol |  -12.98 +/-    0.32 kcal/mol |       4 |  -13.47 kcal/mol
        100 |      2112797 |  -11.77 kcal/mol |  -12.86 +/-    0.33 kcal/mol |       6 |  -13.47 kcal/mol
        105 |      2207892 |  -12.03 kcal/mol |  -12.82 +/-    0.35 kcal/mol |       6 |  -13.47 kcal/mol
        110 |      2300420 |  -11.95 kcal/mol |  -12.87 +/-    0.35 kcal/mol |       5 |  -13.47 kcal/mol
        115 |      2392925 |  -11.81 kcal/mol |  -12.94 +/-    0.31 kcal/mol |       5 |  -13.47 kcal/mol
        120 |      2486083 |  -12.00 kcal/mol |  -12.99 +/-    0.24 kcal/mol |       6 |  -13.47 kcal/mol
        121 |      2504623 |  -12.39 kcal/mol |  -13.10 +/-    0.28 kcal/mol |       9 |  -13.47 kcal/mol
------------+--------------+------------------+------------------------------+---------+-------------------

                                   Finished evaluation after reaching
                       2504623 evaluations. Best inter + intra   -13.47 kcal/mol.


Shutdown time 0.000657s

Job #1 took 1.549 sec after waiting 4.537 sec for setup

(Thread 0 is processing Job #1)
(Thread 0 is setting up Job #2)

Running Job #2:
    Device: NVIDIA A100-SXM4-40GB
    Grid map file: ./protein.maps.fld
    Ligand file: ./ligand_2_2.pdbqt
    Output file: docking_result_2.dlg (+ xml)
    Using heuristics: (capped) number of evaluations set to 2280181
    Local-search chosen method is: ADADELTA (ad)

Rest of Setup time 0.312486s

Executing docking runs, stopping automatically after either reaching 0.15 kcal/mol standard deviation of
the best molecules of the last 4 * 5 generations, 42000 generations, or 2280181 evaluations:

Generations |  Evaluations |     Threshold    |  Average energy of best 10%  | Samples | Best Inter + Intra
------------+--------------+------------------+------------------------------+---------+-------------------
          0 |          150 |   -1.99 kcal/mol |   -2.46 +/-    0.12 kcal/mol |       4 |   -2.67 kcal/mol
          5 |       113518 |   -1.99 kcal/mol |   -5.21 +/-    1.72 kcal/mol |     861 |  -10.79 kcal/mol
         10 |       226126 |   -5.18 kcal/mol |   -9.60 +/-    0.80 kcal/mol |      28 |  -11.75 kcal/mol
         15 |       342347 |   -9.17 kcal/mol |  -11.28 +/-    0.30 kcal/mol |      10 |  -11.76 kcal/mol
         20 |       460507 |  -10.83 kcal/mol |  -11.81 +/-    0.28 kcal/mol |       5 |  -12.31 kcal/mol
         25 |       578086 |  -10.98 kcal/mol |  -11.73 +/-    0.25 kcal/mol |       7 |  -12.31 kcal/mol
         30 |       696465 |  -11.19 kcal/mol |  -12.19 +/-    0.29 kcal/mol |      12 |  -12.61 kcal/mol
         35 |       812893 |  -11.83 kcal/mol |  -12.90 +/-    0.43 kcal/mol |       4 |  -13.56 kcal/mol
         40 |       929039 |  -11.30 kcal/mol |  -12.92 +/-    0.48 kcal/mol |      13 |  -13.56 kcal/mol
         45 |      1045387 |  -12.37 kcal/mol |  -13.03 +/-    0.32 kcal/mol |       4 |  -13.56 kcal/mol
         50 |      1162063 |  -11.84 kcal/mol |  -12.90 +/-    0.30 kcal/mol |       7 |  -13.56 kcal/mol
         55 |      1281215 |  -12.27 kcal/mol |  -13.31 +/-    0.28 kcal/mol |       6 |  -13.61 kcal/mol
         60 |      1398587 |  -12.61 kcal/mol |  -13.19 +/-    0.22 kcal/mol |       5 |  -13.61 kcal/mol
         65 |      1519390 |  -12.52 kcal/mol |  -13.16 +/-    0.20 kcal/mol |       7 |  -13.61 kcal/mol
         70 |      1640572 |  -12.74 kcal/mol |  -13.29 +/-    0.20 kcal/mol |       9 |  -13.61 kcal/mol
         75 |      1761978 |  -12.95 kcal/mol |  -13.23 +/-    0.22 kcal/mol |       7 |  -13.61 kcal/mol
         80 |      1883945 |  -12.76 kcal/mol |  -13.49 +/-    0.16 kcal/mol |       7 |  -13.61 kcal/mol
         85 |      2006341 |  -13.15 kcal/mol |  -13.30 +/-    0.17 kcal/mol |      13 |  -13.61 kcal/mol
         90 |      2128827 |  -13.11 kcal/mol |  -13.50 +/-    0.11 kcal/mol |       7 |  -13.61 kcal/mol
         95 |      2250868 |  -13.27 kcal/mol |  -13.51 +/-    0.09 kcal/mol |      12 |  -13.61 kcal/mol
         97 |      2299812 |  -13.40 kcal/mol |  -13.52 +/-    0.08 kcal/mol |      15 |  -13.61 kcal/mol
------------+--------------+------------------+------------------------------+---------+-------------------

                                   Finished evaluation after reaching
                       2299812 evaluations. Best inter + intra   -13.61 kcal/mol.


Shutdown time 0.000669s

Job #2 took 1.249 sec after waiting 0.049 sec for setup

(Thread 0 is processing Job #2)
(Thread 0 is setting up Job #3)

Running Job #3:
    Device: NVIDIA A100-SXM4-40GB
    Grid map file: ./protein.maps.fld
    Ligand file: ./ligand_3_3.pdbqt
    Output file: docking_result_3.dlg (+ xml)
    Using heuristics: (capped) number of evaluations set to 4195460
    Overriding heuristics, setting number of evaluations to --nev = 2500000 instead.
    Warning: The set number of evals is 38.75% of the uncapped heuristics estimate of 6450800 evals.
             This means this docking may not be able to converge. Increasing --heurmax may improve
             convergence but will also increase runtime.
             AutoStop will not stop before 17.33% (433129) of the set number of evaluations.
    Local-search chosen method is: ADADELTA (ad)

Rest of Setup time 0.304998s

Executing docking runs, stopping automatically after either reaching 0.15 kcal/mol standard deviation of
the best molecules of the last 4 * 5 generations, 42000 generations, or 2500000 evaluations:

Generations |  Evaluations |     Threshold    |  Average energy of best 10%  | Samples | Best Inter + Intra
------------+--------------+------------------+------------------------------+---------+-------------------
          0 |          150 |   -1.30 kcal/mol |   -2.49 +/-    0.38 kcal/mol |       5 |   -3.05 kcal/mol
          5 |       122470 |   -1.36 kcal/mol |   -5.74 +/-    1.83 kcal/mol |    1036 |  -11.08 kcal/mol
         10 |       243497 |   -5.72 kcal/mol |  -10.13 +/-    0.66 kcal/mol |      36 |  -12.23 kcal/mol
         15 |       366663 |   -9.85 kcal/mol |  -11.98 +/-    0.57 kcal/mol |       9 |  -12.67 kcal/mol
         20 |       493289 |  -11.04 kcal/mol |  -12.67 +/-    0.17 kcal/mol |       4 |  -12.94 kcal/mol
         25 |       621468 |  -12.05 kcal/mol |  -13.07 +/-    0.47 kcal/mol |       4 |  -13.86 kcal/mol
         30 |       752899 |  -11.33 kcal/mol |  -13.46 +/-    0.39 kcal/mol |       5 |  -13.98 kcal/mol
         35 |       885392 |  -12.29 kcal/mol |  -13.41 +/-    0.31 kcal/mol |       5 |  -14.01 kcal/mol
         40 |      1019623 |  -12.47 kcal/mol |  -13.42 +/-    0.25 kcal/mol |       9 |  -14.01 kcal/mol
         45 |      1152056 |  -13.00 kcal/mol |  -13.96 +/-    0.08 kcal/mol |       4 |  -14.01 kcal/mol
         50 |      1284999 |  -13.68 kcal/mol |  -14.03 +/-    0.22 kcal/mol |       3 |  -14.28 kcal/mol
         55 |      1420893 |  -12.95 kcal/mol |  -13.90 +/-    0.35 kcal/mol |       9 |  -14.45 kcal/mol
         60 |      1554650 |  -13.32 kcal/mol |  -14.33 +/-    0.09 kcal/mol |       4 |  -14.47 kcal/mol
         65 |      1689581 |  -14.00 kcal/mol |  -14.38 +/-    0.08 kcal/mol |       5 |  -14.47 kcal/mol
         70 |      1822081 |  -14.15 kcal/mol |  -14.37 +/-    0.07 kcal/mol |       5 |  -14.47 kcal/mol
         75 |      1955231 |  -13.92 kcal/mol |  -14.42 +/-    0.05 kcal/mol |       4 |  -14.47 kcal/mol
------------+--------------+------------------+------------------------------+---------+-------------------

                                   Finished evaluation after reaching
                                  -14.37 +/-    0.08 kcal/mol combined.
                             18 samples, best inter + intra   -14.47 kcal/mol.


Shutdown time 0.000696s

Job #3 took 1.242 sec after waiting 0.040 sec for setup

(Thread 0 is processing Job #3)
(Thread 0 is setting up Job #4)

Running Job #4:
    Device: NVIDIA A100-SXM4-40GB
    Grid map file: ./protein.maps.fld
    Ligand file: ./ligand_4_4.pdbqt
    Output file: docking_result_4.dlg (+ xml)
    Using heuristics: (capped) number of evaluations set to 4195460
    Overriding heuristics, setting number of evaluations to --nev = 2500000 instead.
    Warning: The set number of evals is 38.75% of the uncapped heuristics estimate of 6450800 evals.
             This means this docking may not be able to converge. Increasing --heurmax may improve
             convergence but will also increase runtime.
             AutoStop will not stop before 17.33% (433129) of the set number of evaluations.
    Local-search chosen method is: ADADELTA (ad)

Rest of Setup time 0.303203s

Executing docking runs, stopping automatically after either reaching 0.15 kcal/mol standard deviation of
the best molecules of the last 4 * 5 generations, 42000 generations, or 2500000 evaluations:

Generations |  Evaluations |     Threshold    |  Average energy of best 10%  | Samples | Best Inter + Intra
------------+--------------+------------------+------------------------------+---------+-------------------
          0 |          150 |   -1.62 kcal/mol |   -2.34 +/-    0.24 kcal/mol |       5 |   -2.76 kcal/mol
          5 |       118805 |   -1.62 kcal/mol |   -5.53 +/-    1.82 kcal/mol |     986 |  -11.11 kcal/mol
         10 |       237704 |   -5.51 kcal/mol |  -10.10 +/-    0.74 kcal/mol |      38 |  -12.27 kcal/mol
         15 |       359530 |   -9.81 kcal/mol |  -11.83 +/-    0.35 kcal/mol |       4 |  -12.27 kcal/mol
         20 |       482590 |  -10.53 kcal/mol |  -12.03 +/-    0.53 kcal/mol |       4 |  -12.75 kcal/mol
         25 |       606070 |  -10.06 kcal/mol |  -12.39 +/-    0.82 kcal/mol |      13 |  -13.59 kcal/mol
         30 |       732755 |  -11.45 kcal/mol |  -13.49 +/-    0.24 kcal/mol |       4 |  -13.69 kcal/mol
         35 |       858951 |  -12.60 kcal/mol |  -13.46 +/-    0.26 kcal/mol |       5 |  -13.69 kcal/mol
         40 |       984559 |  -12.68 kcal/mol |  -13.53 +/-    0.14 kcal/mol |       6 |  -13.69 kcal/mol
         45 |      1109452 |  -13.17 kcal/mol |  -13.71 +/-    0.24 kcal/mol |       5 |  -14.16 kcal/mol
         50 |      1234530 |  -12.99 kcal/mol |  -13.86 +/-    0.25 kcal/mol |       5 |  -14.16 kcal/mol
         55 |      1362639 |  -13.12 kcal/mol |  -13.78 +/-    0.19 kcal/mol |       6 |  -14.16 kcal/mol
         60 |      1488427 |  -13.30 kcal/mol |  -14.21 +/-    0.52 kcal/mol |       4 |  -15.06 kcal/mol
         65 |      1615317 |  -12.27 kcal/mol |  -13.96 +/-    0.52 kcal/mol |       9 |  -15.18 kcal/mol
         70 |      1742545 |  -13.09 kcal/mol |  -14.36 +/-    0.34 kcal/mol |       7 |  -15.18 kcal/mol
         75 |      1871176 |  -13.63 kcal/mol |  -14.80 +/-    0.28 kcal/mol |       4 |  -15.18 kcal/mol
         80 |      2000129 |  -13.74 kcal/mol |  -14.77 +/-    0.36 kcal/mol |       4 |  -15.18 kcal/mol
         85 |      2130734 |  -13.43 kcal/mol |  -14.78 +/-    0.36 kcal/mol |       8 |  -15.22 kcal/mol
         90 |      2261194 |  -14.10 kcal/mol |  -15.06 +/-    0.11 kcal/mol |       7 |  -15.24 kcal/mol
         95 |      2392185 |  -14.82 kcal/mol |  -15.16 +/-    0.19 kcal/mol |       4 |  -15.39 kcal/mol
        100 |      2522585 |  -14.45 kcal/mol |  -15.22 +/-    0.18 kcal/mol |       7 |  -15.39 kcal/mol
------------+--------------+------------------+------------------------------+---------+-------------------

                                   Finished evaluation after reaching
                       2522585 evaluations. Best inter + intra   -15.39 kcal/mol.


Shutdown time 0.000712s

Job #4 took 1.559 sec after waiting 0.056 sec for setup

(Thread 0 is processing Job #4)
Run time of entire job set (4 files): 10.336 sec
Savings from multithreading: -0.001 sec
Idle time of execution thread: 4.737 sec

All jobs (4) ran without errors.
