AutoDock-GPU version: v1.6-7-ga46ab564d2ac5f1a1523f65239b43505a1c29364-dirty

Using 1 OpenMP threads

Running 3 docking calculations

Cuda device:                              NVIDIA A100-SXM4-40GB
Available memory on device:               39494 MB (total: 40339 MB)

CUDA Setup time 0.177209s
(Thread 0 is setting up Job #1)

Running Job #1:
    Device: NVIDIA A100-SXM4-40GB
    Grid map file: ./protein.maps.fld
    Ligand file: ./ligand_1_1.pdbqt
    Output file: docking_result_1.dlg (+ xml)
    Using heuristics: (capped) number of evaluations set to 2068966
    Local-search chosen method is: ADADELTA (ad)

Rest of Setup time 0.310786s

Executing docking runs, stopping automatically after either reaching 0.15 kcal/mol standard deviation of
the best molecules of the last 4 * 5 generations, 42000 generations, or 2068966 evaluations:

Generations |  Evaluations |     Threshold    |  Average energy of best 10%  | Samples | Best Inter + Intra
------------+--------------+------------------+------------------------------+---------+-------------------
          0 |          150 |   -1.30 kcal/mol |   -2.18 +/-    0.31 kcal/mol |       7 |   -2.92 kcal/mol
          5 |       134829 |   -1.51 kcal/mol |   -4.65 +/-    1.44 kcal/mol |     919 |  -11.21 kcal/mol
         10 |       268727 |   -4.63 kcal/mol |   -9.16 +/-    1.05 kcal/mol |      47 |  -11.71 kcal/mol
         15 |       405351 |   -8.83 kcal/mol |  -11.65 +/-    0.36 kcal/mol |       5 |  -12.01 kcal/mol
         20 |       543008 |  -10.56 kcal/mol |  -11.67 +/-    0.22 kcal/mol |       5 |  -12.01 kcal/mol
         25 |       678610 |  -11.02 kcal/mol |  -11.78 +/-    0.30 kcal/mol |       9 |  -12.51 kcal/mol
         30 |       814125 |  -11.28 kcal/mol |  -12.24 +/-    0.28 kcal/mol |       4 |  -12.51 kcal/mol
         35 |       946629 |  -11.21 kcal/mol |  -12.11 +/-    0.25 kcal/mol |       7 |  -12.51 kcal/mol
         40 |      1078946 |  -11.57 kcal/mol |  -12.09 +/-    0.22 kcal/mol |       9 |  -12.51 kcal/mol
         45 |      1212039 |  -11.72 kcal/mol |  -12.37 +/-    0.14 kcal/mol |       5 |  -12.51 kcal/mol
         50 |      1345218 |  -11.95 kcal/mol |  -12.24 +/-    0.18 kcal/mol |      11 |  -12.51 kcal/mol
         55 |      1479762 |  -11.99 kcal/mol |  -12.51 +/-    0.01 kcal/mol |       4 |  -12.51 kcal/mol
         60 |      1611658 |  -11.95 kcal/mol |  -12.23 +/-    0.14 kcal/mol |      12 |  -12.51 kcal/mol
         65 |      1744061 |  -12.06 kcal/mol |  -12.38 +/-    0.16 kcal/mol |       8 |  -12.57 kcal/mol
         70 |      1876805 |  -12.08 kcal/mol |  -12.41 +/-    0.15 kcal/mol |      11 |  -12.70 kcal/mol
         75 |      2010059 |  -12.21 kcal/mol |  -12.45 +/-    0.14 kcal/mol |       7 |  -12.70 kcal/mol
         78 |      2088810 |  -12.15 kcal/mol |  -12.47 +/-    0.16 kcal/mol |      18 |  -12.71 kcal/mol
------------+--------------+------------------+------------------------------+---------+-------------------

                                   Finished evaluation after reaching
                       2088810 evaluations. Best inter + intra   -12.71 kcal/mol.


Shutdown time 0.000714s

Job #1 took 0.936 sec after waiting 4.448 sec for setup

(Thread 0 is processing Job #1)
(Thread 0 is setting up Job #2)

Running Job #2:
    Device: NVIDIA A100-SXM4-40GB
    Grid map file: ./protein.maps.fld
    Ligand file: ./ligand_2_2.pdbqt
    Output file: docking_result_2.dlg (+ xml)
    Using heuristics: (capped) number of evaluations set to 2280181
    Local-search chosen method is: ADADELTA (ad)

Rest of Setup time 0.303437s

Executing docking runs, stopping automatically after either reaching 0.15 kcal/mol standard deviation of
the best molecules of the last 4 * 5 generations, 42000 generations, or 2280181 evaluations:

Generations |  Evaluations |     Threshold    |  Average energy of best 10%  | Samples | Best Inter + Intra
------------+--------------+------------------+------------------------------+---------+-------------------
          0 |          150 |   -1.56 kcal/mol |   -3.19 +/-    0.57 kcal/mol |       7 |   -4.16 kcal/mol
          5 |       116127 |   -1.97 kcal/mol |   -6.61 +/-    1.97 kcal/mol |     969 |  -13.09 kcal/mol
         10 |       235479 |   -6.58 kcal/mol |  -11.65 +/-    0.79 kcal/mol |      30 |  -13.46 kcal/mol
         15 |       359545 |  -11.26 kcal/mol |  -13.77 +/-    0.42 kcal/mol |      10 |  -14.83 kcal/mol
         20 |       485927 |  -13.15 kcal/mol |  -14.09 +/-    0.62 kcal/mol |       4 |  -15.11 kcal/mol
         25 |       613450 |  -11.77 kcal/mol |  -13.87 +/-    0.54 kcal/mol |      10 |  -15.12 kcal/mol
         30 |       741466 |  -13.05 kcal/mol |  -14.96 +/-    0.38 kcal/mol |       8 |  -15.47 kcal/mol
         35 |       869115 |  -14.25 kcal/mol |  -15.61 +/-    0.37 kcal/mol |       6 |  -15.95 kcal/mol
         40 |       997035 |  -14.69 kcal/mol |  -15.74 +/-    0.37 kcal/mol |       4 |  -16.00 kcal/mol
         45 |      1126006 |  -14.37 kcal/mol |  -15.70 +/-    0.34 kcal/mol |       4 |  -16.00 kcal/mol
         50 |      1257002 |  -14.42 kcal/mol |  -15.71 +/-    0.33 kcal/mol |       5 |  -16.01 kcal/mol
         55 |      1388726 |  -14.71 kcal/mol |  -15.67 +/-    0.44 kcal/mol |       6 |  -16.27 kcal/mol
         60 |      1517304 |  -14.57 kcal/mol |  -16.69 +/-    0.49 kcal/mol |       5 |  -17.24 kcal/mol
         65 |      1648782 |  -15.21 kcal/mol |  -16.74 +/-    0.45 kcal/mol |       4 |  -17.31 kcal/mol
         70 |      1782401 |  -15.04 kcal/mol |  -16.57 +/-    0.54 kcal/mol |       6 |  -17.31 kcal/mol
         75 |      1913167 |  -15.23 kcal/mol |  -16.63 +/-    0.45 kcal/mol |       4 |  -17.31 kcal/mol
         80 |      2043892 |  -14.94 kcal/mol |  -16.57 +/-    0.39 kcal/mol |       6 |  -17.31 kcal/mol
         85 |      2174128 |  -15.60 kcal/mol |  -16.98 +/-    0.32 kcal/mol |       4 |  -17.31 kcal/mol
         90 |      2303850 |  -15.77 kcal/mol |  -16.91 +/-    0.35 kcal/mol |       7 |  -17.31 kcal/mol
------------+--------------+------------------+------------------------------+---------+-------------------

                                   Finished evaluation after reaching
                       2303850 evaluations. Best inter + intra   -17.31 kcal/mol.


Shutdown time 0.000668s

Job #2 took 1.605 sec after waiting 0.028 sec for setup

(Thread 0 is processing Job #2)
(Thread 0 is setting up Job #3)

Running Job #3:
    Device: NVIDIA A100-SXM4-40GB
    Grid map file: ./protein.maps.fld
    Ligand file: ./ligand_3_3.pdbqt
    Output file: docking_result_3.dlg (+ xml)
    Using heuristics: (capped) number of evaluations set to 2280181
    Local-search chosen method is: ADADELTA (ad)

Rest of Setup time 0.308394s

Executing docking runs, stopping automatically after either reaching 0.15 kcal/mol standard deviation of
the best molecules of the last 4 * 5 generations, 42000 generations, or 2280181 evaluations:

Generations |  Evaluations |     Threshold    |  Average energy of best 10%  | Samples | Best Inter + Intra
------------+--------------+------------------+------------------------------+---------+-------------------
          0 |          150 |   -1.79 kcal/mol |   -3.75 +/-    0.52 kcal/mol |       4 |   -4.44 kcal/mol
          5 |       122633 |   -1.79 kcal/mol |   -6.33 +/-    1.93 kcal/mol |    1020 |  -13.66 kcal/mol
         10 |       247788 |   -6.30 kcal/mol |  -11.33 +/-    0.98 kcal/mol |      49 |  -15.53 kcal/mol
         15 |       376803 |  -11.03 kcal/mol |  -14.32 +/-    1.01 kcal/mol |       6 |  -16.33 kcal/mol
         20 |       509641 |  -11.79 kcal/mol |  -14.48 +/-    1.11 kcal/mol |       4 |  -16.33 kcal/mol
         25 |       641976 |  -10.33 kcal/mol |  -13.82 +/-    1.01 kcal/mol |      11 |  -16.36 kcal/mol
         30 |       773792 |  -12.45 kcal/mol |  -15.90 +/-    0.72 kcal/mol |       4 |  -16.36 kcal/mol
         35 |       904767 |  -13.21 kcal/mol |  -15.78 +/-    0.52 kcal/mol |       4 |  -16.36 kcal/mol
         40 |      1035420 |  -13.84 kcal/mol |  -15.15 +/-    0.77 kcal/mol |       4 |  -16.36 kcal/mol
         45 |      1166874 |  -12.28 kcal/mol |  -14.69 +/-    0.72 kcal/mol |       9 |  -16.36 kcal/mol
         50 |      1298689 |  -13.49 kcal/mol |  -15.81 +/-    0.51 kcal/mol |       5 |  -16.36 kcal/mol
         55 |      1431247 |  -14.29 kcal/mol |  -15.27 +/-    0.67 kcal/mol |       4 |  -16.36 kcal/mol
         60 |      1561820 |  -12.74 kcal/mol |  -15.24 +/-    0.60 kcal/mol |       6 |  -16.36 kcal/mol
         65 |      1696187 |  -13.74 kcal/mol |  -15.48 +/-    0.47 kcal/mol |       5 |  -16.36 kcal/mol
         70 |      1832098 |  -14.06 kcal/mol |  -15.60 +/-    0.34 kcal/mol |       9 |  -16.36 kcal/mol
         75 |      1966842 |  -15.04 kcal/mol |  -15.97 +/-    0.23 kcal/mol |       4 |  -16.36 kcal/mol
         80 |      2104286 |  -15.12 kcal/mol |  -16.06 +/-    0.25 kcal/mol |       5 |  -16.36 kcal/mol
         85 |      2240773 |  -15.30 kcal/mol |  -16.01 +/-    0.21 kcal/mol |       7 |  -16.38 kcal/mol
         87 |      2295357 |  -15.55 kcal/mol |  -15.96 +/-    0.20 kcal/mol |      15 |  -16.38 kcal/mol
------------+--------------+------------------+------------------------------+---------+-------------------

                                   Finished evaluation after reaching
                       2295357 evaluations. Best inter + intra   -16.38 kcal/mol.


Shutdown time 0.000700s

Job #3 took 1.589 sec after waiting 0.070 sec for setup

(Thread 0 is processing Job #3)
Run time of entire job set (3 files): 8.739 sec
Savings from multithreading: -0.000 sec
Idle time of execution thread: 4.609 sec

All jobs (3) ran without errors.
