AutoDock-GPU version: v1.6-7-ga46ab564d2ac5f1a1523f65239b43505a1c29364-dirty

Using 1 OpenMP threads

Running 4 docking calculations

Cuda device:                              NVIDIA A100-SXM4-40GB
Available memory on device:               39916 MB (total: 40339 MB)

CUDA Setup time 0.237290s
(Thread 0 is setting up Job #1)

Running Job #1:
    Device: NVIDIA A100-SXM4-40GB
    Grid map file: ./protein.maps.fld
    Ligand file: ./ligand_1_1.pdbqt
    Output file: docking_result_1.dlg (+ xml)
    Using heuristics: (capped) number of evaluations set to 2280181
    Local-search chosen method is: ADADELTA (ad)

Rest of Setup time 0.310483s

Executing docking runs, stopping automatically after either reaching 0.15 kcal/mol standard deviation of
the best molecules of the last 4 * 5 generations, 42000 generations, or 2280181 evaluations:

Generations |  Evaluations |     Threshold    |  Average energy of best 10%  | Samples | Best Inter + Intra
------------+--------------+------------------+------------------------------+---------+-------------------
          0 |          150 |   -1.35 kcal/mol |   -2.04 +/-    0.22 kcal/mol |       5 |   -2.33 kcal/mol
          5 |       111288 |   -1.38 kcal/mol |   -4.78 +/-    1.70 kcal/mol |     864 |  -11.55 kcal/mol
         10 |       223986 |   -4.75 kcal/mol |   -9.51 +/-    0.94 kcal/mol |      52 |  -12.30 kcal/mol
         15 |       339632 |   -9.24 kcal/mol |  -11.64 +/-    0.44 kcal/mol |      10 |  -12.30 kcal/mol
         20 |       457727 |  -10.97 kcal/mol |  -12.30 +/-    0.31 kcal/mol |       5 |  -12.72 kcal/mol
         25 |       575221 |  -11.36 kcal/mol |  -12.50 +/-    0.22 kcal/mol |       5 |  -12.74 kcal/mol
         30 |       694009 |  -11.82 kcal/mol |  -12.67 +/-    0.07 kcal/mol |       8 |  -12.83 kcal/mol
         35 |       812566 |  -12.39 kcal/mol |  -12.93 +/-    0.15 kcal/mol |       6 |  -13.08 kcal/mol
         40 |       933364 |  -12.56 kcal/mol |  -13.16 +/-    0.05 kcal/mol |       5 |  -13.21 kcal/mol
         45 |      1052778 |  -12.71 kcal/mol |  -12.93 +/-    0.23 kcal/mol |      10 |  -13.43 kcal/mol
         50 |      1172178 |  -12.58 kcal/mol |  -13.15 +/-    0.21 kcal/mol |       4 |  -13.43 kcal/mol
         55 |      1293026 |  -12.38 kcal/mol |  -13.02 +/-    0.24 kcal/mol |      12 |  -13.43 kcal/mol
         60 |      1412270 |  -12.72 kcal/mol |  -13.32 +/-    0.15 kcal/mol |       5 |  -13.45 kcal/mol
         65 |      1533891 |  -12.88 kcal/mol |  -13.26 +/-    0.16 kcal/mol |       7 |  -13.46 kcal/mol
         70 |      1653824 |  -12.92 kcal/mol |  -13.38 +/-    0.09 kcal/mol |       6 |  -13.46 kcal/mol
         75 |      1776944 |  -13.15 kcal/mol |  -13.56 +/-    0.10 kcal/mol |       5 |  -13.68 kcal/mol
         80 |      1899526 |  -13.25 kcal/mol |  -13.62 +/-    0.11 kcal/mol |       8 |  -13.69 kcal/mol
         85 |      2023221 |  -13.42 kcal/mol |  -13.69 +/-    0.15 kcal/mol |       6 |  -13.83 kcal/mol
         90 |      2146855 |  -13.32 kcal/mol |  -13.77 +/-    0.12 kcal/mol |       5 |  -13.85 kcal/mol
         95 |      2272423 |  -13.41 kcal/mol |  -13.59 +/-    0.12 kcal/mol |      18 |  -13.85 kcal/mol
         96 |      2297194 |  -13.49 kcal/mol |  -13.62 +/-    0.14 kcal/mol |      27 |  -13.85 kcal/mol
------------+--------------+------------------+------------------------------+---------+-------------------

                                   Finished evaluation after reaching
                       2297194 evaluations. Best inter + intra   -13.85 kcal/mol.


Shutdown time 0.000711s

Job #1 took 1.294 sec after waiting 4.534 sec for setup

(Thread 0 is processing Job #1)
(Thread 0 is setting up Job #2)

Running Job #2:
    Device: NVIDIA A100-SXM4-40GB
    Grid map file: ./protein.maps.fld
    Ligand file: ./ligand_2_2.pdbqt
    Output file: docking_result_2.dlg (+ xml)
    Using heuristics: (capped) number of evaluations set to 2845257
    Overriding heuristics, setting number of evaluations to --nev = 2500000 instead.
    Local-search chosen method is: ADADELTA (ad)

Rest of Setup time 0.305786s

Executing docking runs, stopping automatically after either reaching 0.15 kcal/mol standard deviation of
the best molecules of the last 4 * 5 generations, 42000 generations, or 2500000 evaluations:

Generations |  Evaluations |     Threshold    |  Average energy of best 10%  | Samples | Best Inter + Intra
------------+--------------+------------------+------------------------------+---------+-------------------
          0 |          150 |   -2.39 kcal/mol |   -2.52 +/-    0.14 kcal/mol |      16 |   -2.93 kcal/mol
          5 |       104499 |   -2.39 kcal/mol |   -5.23 +/-    1.67 kcal/mol |     750 |  -11.57 kcal/mol
         10 |       209456 |   -5.20 kcal/mol |   -9.77 +/-    0.86 kcal/mol |      32 |  -11.67 kcal/mol
         15 |       315897 |   -9.36 kcal/mol |  -11.77 +/-    0.30 kcal/mol |       9 |  -12.42 kcal/mol
         20 |       427521 |  -11.26 kcal/mol |  -12.45 +/-    0.22 kcal/mol |       6 |  -12.71 kcal/mol
         25 |       538178 |  -11.90 kcal/mol |  -12.38 +/-    0.25 kcal/mol |       3 |  -12.72 kcal/mol
         30 |       653068 |  -11.13 kcal/mol |  -12.62 +/-    0.49 kcal/mol |      15 |  -13.79 kcal/mol
         35 |       768159 |  -12.13 kcal/mol |  -13.51 +/-    0.29 kcal/mol |       4 |  -14.00 kcal/mol
         40 |       883736 |  -12.43 kcal/mol |  -13.62 +/-    0.36 kcal/mol |       7 |  -14.02 kcal/mol
         45 |       999417 |  -12.85 kcal/mol |  -13.90 +/-    0.21 kcal/mol |       4 |  -14.08 kcal/mol
         50 |      1116057 |  -13.11 kcal/mol |  -13.84 +/-    0.20 kcal/mol |       4 |  -14.08 kcal/mol
         55 |      1234633 |  -13.09 kcal/mol |  -13.55 +/-    0.25 kcal/mol |       6 |  -14.08 kcal/mol
         60 |      1351309 |  -12.93 kcal/mol |  -13.67 +/-    0.43 kcal/mol |       4 |  -14.08 kcal/mol
         65 |      1472023 |  -12.07 kcal/mol |  -13.66 +/-    0.44 kcal/mol |       4 |  -14.08 kcal/mol
         70 |      1594034 |  -12.01 kcal/mol |  -13.65 +/-    0.42 kcal/mol |      10 |  -14.08 kcal/mol
         75 |      1712813 |  -13.02 kcal/mol |  -13.72 +/-    0.35 kcal/mol |       4 |  -14.08 kcal/mol
         80 |      1831510 |  -12.38 kcal/mol |  -13.71 +/-    0.31 kcal/mol |       5 |  -14.10 kcal/mol
         85 |      1949732 |  -12.79 kcal/mol |  -13.91 +/-    0.22 kcal/mol |       7 |  -14.10 kcal/mol
         90 |      2067592 |  -13.43 kcal/mol |  -14.00 +/-    0.04 kcal/mol |       7 |  -14.10 kcal/mol
         95 |      2186128 |  -13.68 kcal/mol |  -13.98 +/-    0.10 kcal/mol |       6 |  -14.10 kcal/mol
        100 |      2303401 |  -13.72 kcal/mol |  -13.99 +/-    0.08 kcal/mol |       5 |  -14.10 kcal/mol
------------+--------------+------------------+------------------------------+---------+-------------------

                                   Finished evaluation after reaching
                                  -13.97 +/-    0.14 kcal/mol combined.
                             25 samples, best inter + intra   -14.10 kcal/mol.


Shutdown time 0.000635s

Job #2 took 1.386 sec after waiting 0.045 sec for setup

(Thread 0 is processing Job #2)
(Thread 0 is setting up Job #3)

Running Job #3:
    Device: NVIDIA A100-SXM4-40GB
    Grid map file: ./protein.maps.fld
    Ligand file: ./ligand_3_3.pdbqt
    Output file: docking_result_3.dlg (+ xml)
    Using heuristics: (capped) number of evaluations set to 2280181
    Local-search chosen method is: ADADELTA (ad)

Rest of Setup time 0.314188s

Executing docking runs, stopping automatically after either reaching 0.15 kcal/mol standard deviation of
the best molecules of the last 4 * 5 generations, 42000 generations, or 2280181 evaluations:

Generations |  Evaluations |     Threshold    |  Average energy of best 10%  | Samples | Best Inter + Intra
------------+--------------+------------------+------------------------------+---------+-------------------
          0 |          150 |   -1.39 kcal/mol |   -2.19 +/-    0.29 kcal/mol |       9 |   -2.90 kcal/mol
          5 |       126318 |   -1.71 kcal/mol |   -5.36 +/-    1.71 kcal/mol |     989 |  -13.15 kcal/mol
         10 |       249466 |   -5.33 kcal/mol |  -10.00 +/-    1.27 kcal/mol |      43 |  -13.58 kcal/mol
         15 |       375359 |   -9.56 kcal/mol |  -13.05 +/-    0.53 kcal/mol |       7 |  -13.77 kcal/mol
         20 |       504476 |  -11.92 kcal/mol |  -13.49 +/-    0.32 kcal/mol |       7 |  -13.99 kcal/mol
         25 |       632932 |  -12.80 kcal/mol |  -13.62 +/-    0.43 kcal/mol |       4 |  -14.33 kcal/mol
         30 |       762396 |  -12.02 kcal/mol |  -13.60 +/-    0.53 kcal/mol |      11 |  -14.54 kcal/mol
         35 |       891038 |  -12.87 kcal/mol |  -14.02 +/-    0.36 kcal/mol |       4 |  -14.54 kcal/mol
         40 |      1018276 |  -12.68 kcal/mol |  -14.28 +/-    0.38 kcal/mol |       8 |  -14.78 kcal/mol
         45 |      1143665 |  -13.56 kcal/mol |  -14.32 +/-    0.32 kcal/mol |       4 |  -14.78 kcal/mol
         50 |      1266944 |  -13.14 kcal/mol |  -14.17 +/-    0.36 kcal/mol |       6 |  -14.78 kcal/mol
         55 |      1392107 |  -13.28 kcal/mol |  -14.47 +/-    0.38 kcal/mol |       4 |  -14.85 kcal/mol
         60 |      1514180 |  -13.03 kcal/mol |  -14.24 +/-    0.42 kcal/mol |       4 |  -14.85 kcal/mol
         65 |      1641237 |  -12.68 kcal/mol |  -14.04 +/-    0.38 kcal/mol |      13 |  -14.85 kcal/mol
         70 |      1769149 |  -13.61 kcal/mol |  -14.63 +/-    0.22 kcal/mol |       4 |  -14.85 kcal/mol
         75 |      1893906 |  -13.79 kcal/mol |  -14.46 +/-    0.21 kcal/mol |       9 |  -14.85 kcal/mol
         80 |      2020058 |  -14.11 kcal/mol |  -14.83 +/-    0.08 kcal/mol |       7 |  -14.94 kcal/mol
         85 |      2145338 |  -14.66 kcal/mol |  -14.95 +/-    0.12 kcal/mol |       5 |  -15.07 kcal/mol
         90 |      2268764 |  -14.59 kcal/mol |  -14.84 +/-    0.17 kcal/mol |       6 |  -15.09 kcal/mol
         91 |      2293565 |  -14.43 kcal/mol |  -14.88 +/-    0.16 kcal/mol |      10 |  -15.09 kcal/mol
------------+--------------+------------------+------------------------------+---------+-------------------

                                   Finished evaluation after reaching
                       2293565 evaluations. Best inter + intra   -15.09 kcal/mol.


Shutdown time 0.000762s

Job #3 took 1.250 sec after waiting 0.048 sec for setup

(Thread 0 is processing Job #3)
(Thread 0 is setting up Job #4)

Running Job #4:
    Device: NVIDIA A100-SXM4-40GB
    Grid map file: ./protein.maps.fld
    Ligand file: ./ligand_4_4.pdbqt
    Output file: docking_result_4.dlg (+ xml)
    Using heuristics: (capped) number of evaluations set to 2280181
    Local-search chosen method is: ADADELTA (ad)

Rest of Setup time 0.326368s

Executing docking runs, stopping automatically after either reaching 0.15 kcal/mol standard deviation of
the best molecules of the last 4 * 5 generations, 42000 generations, or 2280181 evaluations:

Generations |  Evaluations |     Threshold    |  Average energy of best 10%  | Samples | Best Inter + Intra
------------+--------------+------------------+------------------------------+---------+-------------------
          0 |          150 |   -1.26 kcal/mol |   -1.67 +/-    0.22 kcal/mol |       8 |   -2.07 kcal/mol
          5 |       119740 |   -1.26 kcal/mol |   -4.87 +/-    1.66 kcal/mol |     941 |   -9.69 kcal/mol
         10 |       237422 |   -4.84 kcal/mol |   -9.11 +/-    0.90 kcal/mol |      48 |  -12.36 kcal/mol
         15 |       358390 |   -8.83 kcal/mol |  -11.70 +/-    0.66 kcal/mol |       6 |  -12.45 kcal/mol
         20 |       481031 |  -10.04 kcal/mol |  -12.91 +/-    0.32 kcal/mol |       5 |  -13.36 kcal/mol
         25 |       604028 |  -11.95 kcal/mol |  -12.86 +/-    0.38 kcal/mol |       4 |  -13.36 kcal/mol
         30 |       726688 |  -11.42 kcal/mol |  -13.14 +/-    0.23 kcal/mol |       6 |  -13.36 kcal/mol
         35 |       851251 |  -12.56 kcal/mol |  -13.12 +/-    0.32 kcal/mol |       3 |  -13.36 kcal/mol
         40 |       977287 |  -11.54 kcal/mol |  -12.73 +/-    0.47 kcal/mol |      11 |  -13.98 kcal/mol
         45 |      1102477 |  -12.10 kcal/mol |  -13.36 +/-    0.33 kcal/mol |       5 |  -13.98 kcal/mol
         50 |      1226268 |  -12.36 kcal/mol |  -13.51 +/-    0.33 kcal/mol |       5 |  -13.98 kcal/mol
         55 |      1352855 |  -12.51 kcal/mol |  -13.45 +/-    0.25 kcal/mol |       6 |  -13.98 kcal/mol
         60 |      1476854 |  -12.83 kcal/mol |  -13.54 +/-    0.26 kcal/mol |       4 |  -13.98 kcal/mol
         65 |      1601005 |  -12.57 kcal/mol |  -13.44 +/-    0.27 kcal/mol |       7 |  -13.98 kcal/mol
         70 |      1724471 |  -12.85 kcal/mol |  -13.63 +/-    0.22 kcal/mol |       5 |  -13.98 kcal/mol
         75 |      1849182 |  -12.98 kcal/mol |  -13.61 +/-    0.19 kcal/mol |       6 |  -13.98 kcal/mol
         80 |      1974974 |  -13.14 kcal/mol |  -13.87 +/-    0.13 kcal/mol |       4 |  -13.98 kcal/mol
         85 |      2100062 |  -13.39 kcal/mol |  -13.77 +/-    0.16 kcal/mol |       5 |  -13.98 kcal/mol
         90 |      2225200 |  -13.28 kcal/mol |  -13.59 +/-    0.21 kcal/mol |       6 |  -13.98 kcal/mol
         93 |      2302212 |  -13.07 kcal/mol |  -13.82 +/-    0.18 kcal/mol |       9 |  -14.13 kcal/mol
------------+--------------+------------------+------------------------------+---------+-------------------

                                   Finished evaluation after reaching
                       2302212 evaluations. Best inter + intra   -14.13 kcal/mol.


Shutdown time 0.000753s

Job #4 took 1.258 sec after waiting 0.045 sec for setup

(Thread 0 is processing Job #4)
Run time of entire job set (4 files): 9.900 sec
Savings from multithreading: -0.001 sec
Idle time of execution thread: 4.712 sec

All jobs (4) ran without errors.
