AutoDock-GPU version: v1.6-7-ga46ab564d2ac5f1a1523f65239b43505a1c29364-dirty

Running 1 docking calculation

Cuda device:                              NVIDIA A100-SXM4-40GB
Available memory on device:               39916 MB (total: 40339 MB)

CUDA Setup time 0.237766s
(Thread 0 is setting up Job #1)

Running Job #1
    Using heuristics: (capped) number of evaluations set to 2068966
    Local-search chosen method is: ADADELTA (ad)

Rest of Setup time 0.313670s

Executing docking runs, stopping automatically after either reaching 0.15 kcal/mol standard deviation of
the best molecules of the last 4 * 5 generations, 42000 generations, or 2068966 evaluations:

Generations |  Evaluations |     Threshold    |  Average energy of best 10%  | Samples | Best Inter + Intra
------------+--------------+------------------+------------------------------+---------+-------------------
          0 |          150 |   -0.93 kcal/mol |   -2.51 +/-    0.53 kcal/mol |       9 |   -3.84 kcal/mol
          5 |       123719 |   -1.62 kcal/mol |   -5.79 +/-    1.66 kcal/mol |     944 |  -12.01 kcal/mol
         10 |       247824 |   -5.76 kcal/mol |  -10.07 +/-    0.67 kcal/mol |      44 |  -12.06 kcal/mol
         15 |       374662 |   -9.84 kcal/mol |  -11.74 +/-    0.40 kcal/mol |       7 |  -12.12 kcal/mol
         20 |       504076 |  -10.89 kcal/mol |  -12.40 +/-    0.59 kcal/mol |       6 |  -13.34 kcal/mol
         25 |       634237 |  -10.93 kcal/mol |  -12.77 +/-    0.57 kcal/mol |       5 |  -13.51 kcal/mol
         30 |       765912 |  -11.05 kcal/mol |  -12.94 +/-    0.54 kcal/mol |       9 |  -13.51 kcal/mol
         35 |       898795 |  -12.05 kcal/mol |  -13.09 +/-    0.36 kcal/mol |       5 |  -13.54 kcal/mol
         40 |      1029663 |  -12.00 kcal/mol |  -13.32 +/-    0.30 kcal/mol |      10 |  -13.54 kcal/mol
         45 |      1160008 |  -12.88 kcal/mol |  -13.52 +/-    0.11 kcal/mol |       6 |  -13.65 kcal/mol
         50 |      1289079 |  -13.26 kcal/mol |  -13.56 +/-    0.10 kcal/mol |       8 |  -13.65 kcal/mol
         55 |      1421002 |  -13.37 kcal/mol |  -13.61 +/-    0.05 kcal/mol |       4 |  -13.65 kcal/mol
         60 |      1550647 |  -13.05 kcal/mol |  -13.57 +/-    0.13 kcal/mol |       4 |  -13.65 kcal/mol
------------+--------------+------------------+------------------------------+---------+-------------------

                                   Finished evaluation after reaching
                                  -13.56 +/-    0.10 kcal/mol combined.
                             22 samples, best inter + intra   -13.65 kcal/mol.


Shutdown time 0.000614s

Job #1 took 1.019 sec after waiting 4.526 sec for setup

(Thread 0 is processing Job #1)
Run time of entire job set (1 file): 5.594 sec
Processing time: 0.049 sec

All jobs (1) ran without errors.
