AutoDock-GPU version: v1.6-7-ga46ab564d2ac5f1a1523f65239b43505a1c29364-dirty

Using 1 OpenMP threads

Running 3 docking calculations

Cuda device:                              NVIDIA A100-SXM4-40GB
Available memory on device:               39916 MB (total: 40339 MB)

CUDA Setup time 0.230700s
(Thread 0 is setting up Job #1)

Running Job #1:
    Device: NVIDIA A100-SXM4-40GB
    Grid map file: ./protein.maps.fld
    Ligand file: ./ligand_1_1.pdbqt
    Output file: docking_result_1.dlg (+ xml)
    Using heuristics: (capped) number of evaluations set to 2068966
    Local-search chosen method is: ADADELTA (ad)

Rest of Setup time 0.306429s

Executing docking runs, stopping automatically after either reaching 0.15 kcal/mol standard deviation of
the best molecules of the last 4 * 5 generations, 42000 generations, or 2068966 evaluations:

Generations |  Evaluations |     Threshold    |  Average energy of best 10%  | Samples | Best Inter + Intra
------------+--------------+------------------+------------------------------+---------+-------------------
          0 |          150 |    2.02 kcal/mol |   -1.13 +/-    0.54 kcal/mol |      83 |   -5.03 kcal/mol
          5 |       116167 |   -1.03 kcal/mol |   -4.95 +/-    1.62 kcal/mol |     866 |  -11.94 kcal/mol
         10 |       232227 |   -4.93 kcal/mol |   -9.21 +/-    1.00 kcal/mol |      43 |  -12.09 kcal/mol
         15 |       353790 |   -8.86 kcal/mol |  -11.44 +/-    0.59 kcal/mol |       7 |  -12.72 kcal/mol
         20 |       477493 |  -10.18 kcal/mol |  -11.79 +/-    0.59 kcal/mol |       4 |  -12.72 kcal/mol
         25 |       600392 |   -9.57 kcal/mol |  -11.70 +/-    0.55 kcal/mol |      13 |  -12.72 kcal/mol
         30 |       725203 |  -11.06 kcal/mol |  -12.59 +/-    0.20 kcal/mol |       9 |  -12.84 kcal/mol
         35 |       847742 |  -12.25 kcal/mol |  -12.79 +/-    0.05 kcal/mol |       4 |  -12.85 kcal/mol
         40 |       971836 |  -12.23 kcal/mol |  -12.80 +/-    0.11 kcal/mol |      10 |  -12.96 kcal/mol
         45 |      1094844 |  -12.63 kcal/mol |  -12.91 +/-    0.14 kcal/mol |      10 |  -13.14 kcal/mol
         50 |      1217493 |  -12.70 kcal/mol |  -12.95 +/-    0.15 kcal/mol |      10 |  -13.14 kcal/mol
         55 |      1341323 |  -12.72 kcal/mol |  -12.98 +/-    0.12 kcal/mol |       8 |  -13.14 kcal/mol
         60 |      1461946 |  -12.76 kcal/mol |  -13.04 +/-    0.16 kcal/mol |      10 |  -13.32 kcal/mol
         65 |      1586783 |  -12.80 kcal/mol |  -13.15 +/-    0.23 kcal/mol |       4 |  -13.39 kcal/mol
         70 |      1712356 |  -12.30 kcal/mol |  -13.08 +/-    0.22 kcal/mol |      11 |  -13.40 kcal/mol
         75 |      1836099 |  -12.78 kcal/mol |  -13.44 +/-    0.15 kcal/mol |       4 |  -13.58 kcal/mol
         80 |      1961416 |  -12.88 kcal/mol |  -13.56 +/-    0.38 kcal/mol |       6 |  -14.35 kcal/mol
         85 |      2087051 |  -12.62 kcal/mol |  -13.82 +/-    0.50 kcal/mol |      13 |  -14.45 kcal/mol
------------+--------------+------------------+------------------------------+---------+-------------------

                                   Finished evaluation after reaching
                       2087051 evaluations. Best inter + intra   -14.45 kcal/mol.


Shutdown time 0.000674s

Job #1 took 2.151 sec after waiting 4.480 sec for setup

(Thread 0 is processing Job #1)
(Thread 0 is setting up Job #2)

Running Job #2:
    Device: NVIDIA A100-SXM4-40GB
    Grid map file: ./protein.maps.fld
    Ligand file: ./ligand_2_2.pdbqt
    Output file: docking_result_2.dlg (+ xml)
    Using heuristics: (capped) number of evaluations set to 2845257
    Overriding heuristics, setting number of evaluations to --nev = 2500000 instead.
    Local-search chosen method is: ADADELTA (ad)

Rest of Setup time 0.318641s

Executing docking runs, stopping automatically after either reaching 0.15 kcal/mol standard deviation of
the best molecules of the last 4 * 5 generations, 42000 generations, or 2500000 evaluations:

Generations |  Evaluations |     Threshold    |  Average energy of best 10%  | Samples | Best Inter + Intra
------------+--------------+------------------+------------------------------+---------+-------------------
          0 |          150 |   -1.55 kcal/mol |   -2.79 +/-    0.39 kcal/mol |       5 |   -3.50 kcal/mol
          5 |       124801 |   -1.64 kcal/mol |   -5.72 +/-    1.80 kcal/mol |    1040 |  -11.59 kcal/mol
         10 |       246315 |   -5.70 kcal/mol |  -10.44 +/-    0.87 kcal/mol |      47 |  -12.49 kcal/mol
         15 |       373880 |  -10.16 kcal/mol |  -12.66 +/-    0.31 kcal/mol |       9 |  -13.09 kcal/mol
         20 |       503525 |  -12.14 kcal/mol |  -13.22 +/-    0.38 kcal/mol |       6 |  -13.75 kcal/mol
         25 |       630406 |  -12.26 kcal/mol |  -13.26 +/-    0.26 kcal/mol |       6 |  -13.75 kcal/mol
         30 |       757882 |  -12.60 kcal/mol |  -13.31 +/-    0.25 kcal/mol |       8 |  -13.75 kcal/mol
         35 |       884621 |  -12.85 kcal/mol |  -13.66 +/-    0.12 kcal/mol |       6 |  -13.78 kcal/mol
         40 |      1010692 |  -13.37 kcal/mol |  -13.65 +/-    0.09 kcal/mol |      10 |  -13.81 kcal/mol
         45 |      1135571 |  -13.51 kcal/mol |  -13.75 +/-    0.10 kcal/mol |      11 |  -13.85 kcal/mol
         50 |      1260960 |  -13.61 kcal/mol |  -14.15 +/-    0.17 kcal/mol |       8 |  -14.32 kcal/mol
         55 |      1387564 |  -13.84 kcal/mol |  -14.20 +/-    0.18 kcal/mol |       3 |  -14.32 kcal/mol
         60 |      1513544 |  -13.31 kcal/mol |  -13.93 +/-    0.19 kcal/mol |       6 |  -14.32 kcal/mol
         65 |      1643435 |  -13.45 kcal/mol |  -14.13 +/-    0.15 kcal/mol |       4 |  -14.32 kcal/mol
         70 |      1768702 |  -13.56 kcal/mol |  -13.83 +/-    0.20 kcal/mol |      23 |  -14.43 kcal/mol
         75 |      1894149 |  -13.70 kcal/mol |  -14.00 +/-    0.23 kcal/mol |       5 |  -14.43 kcal/mol
         80 |      2018063 |  -13.32 kcal/mol |  -13.93 +/-    0.18 kcal/mol |      13 |  -14.43 kcal/mol
         85 |      2144885 |  -13.72 kcal/mol |  -13.91 +/-    0.18 kcal/mol |      12 |  -14.43 kcal/mol
         90 |      2270542 |  -13.68 kcal/mol |  -14.16 +/-    0.21 kcal/mol |       8 |  -14.43 kcal/mol
         95 |      2397185 |  -13.76 kcal/mol |  -13.99 +/-    0.15 kcal/mol |      12 |  -14.43 kcal/mol
        100 |      2522987 |  -13.80 kcal/mol |  -14.02 +/-    0.16 kcal/mol |      17 |  -14.43 kcal/mol
------------+--------------+------------------+------------------------------+---------+-------------------

                                   Finished evaluation after reaching
                       2522987 evaluations. Best inter + intra   -14.43 kcal/mol.


Shutdown time 0.000662s

Job #2 took 2.395 sec after waiting 0.049 sec for setup

(Thread 0 is processing Job #2)
(Thread 0 is setting up Job #3)

Running Job #3:
    Device: NVIDIA A100-SXM4-40GB
    Grid map file: ./protein.maps.fld
    Ligand file: ./ligand_3_3.pdbqt
    Output file: docking_result_3.dlg (+ xml)
    Using heuristics: (capped) number of evaluations set to 2068966
    Local-search chosen method is: ADADELTA (ad)

Rest of Setup time 0.319519s

Executing docking runs, stopping automatically after either reaching 0.15 kcal/mol standard deviation of
the best molecules of the last 4 * 5 generations, 42000 generations, or 2068966 evaluations:

Generations |  Evaluations |     Threshold    |  Average energy of best 10%  | Samples | Best Inter + Intra
------------+--------------+------------------+------------------------------+---------+-------------------
          0 |          150 |   -1.57 kcal/mol |   -1.75 +/-    0.15 kcal/mol |      12 |   -2.04 kcal/mol
          5 |       126786 |   -1.57 kcal/mol |   -4.65 +/-    1.47 kcal/mol |     937 |  -11.42 kcal/mol
         10 |       250873 |   -4.63 kcal/mol |   -8.69 +/-    1.01 kcal/mol |      40 |  -11.53 kcal/mol
         15 |       377674 |   -8.31 kcal/mol |  -10.88 +/-    0.34 kcal/mol |       7 |  -11.63 kcal/mol
         20 |       504906 |  -10.15 kcal/mol |  -11.27 +/-    0.26 kcal/mol |       4 |  -11.63 kcal/mol
         25 |       629897 |  -10.31 kcal/mol |  -11.38 +/-    0.25 kcal/mol |       7 |  -11.63 kcal/mol
         30 |       758558 |  -10.86 kcal/mol |  -11.97 +/-    0.35 kcal/mol |       4 |  -12.32 kcal/mol
         35 |       885578 |  -10.67 kcal/mol |  -12.10 +/-    0.39 kcal/mol |       4 |  -12.38 kcal/mol
         40 |      1014856 |  -10.63 kcal/mol |  -11.88 +/-    0.34 kcal/mol |       6 |  -12.38 kcal/mol
         45 |      1140828 |  -11.04 kcal/mol |  -12.10 +/-    0.29 kcal/mol |       5 |  -12.38 kcal/mol
         50 |      1266711 |  -11.24 kcal/mol |  -12.33 +/-    0.04 kcal/mol |       5 |  -12.38 kcal/mol
         55 |      1395060 |  -11.88 kcal/mol |  -12.32 +/-    0.04 kcal/mol |       4 |  -12.38 kcal/mol
         60 |      1520289 |  -11.76 kcal/mol |  -12.32 +/-    0.04 kcal/mol |       4 |  -12.38 kcal/mol
         65 |      1647583 |  -11.76 kcal/mol |  -12.34 +/-    0.04 kcal/mol |       4 |  -12.38 kcal/mol
------------+--------------+------------------+------------------------------+---------+-------------------

                                   Finished evaluation after reaching
                                  -12.33 +/-    0.04 kcal/mol combined.
                             17 samples, best inter + intra   -12.38 kcal/mol.


Shutdown time 0.000677s

Job #3 took 1.270 sec after waiting 0.049 sec for setup

(Thread 0 is processing Job #3)
Run time of entire job set (3 files): 10.426 sec
Savings from multithreading: -0.000 sec
Idle time of execution thread: 4.609 sec

All jobs (3) ran without errors.
