AutoDock-GPU version: v1.6-7-ga46ab564d2ac5f1a1523f65239b43505a1c29364-dirty

Using 1 OpenMP threads

Running 10 docking calculations

Cuda device:                              NVIDIA A100-SXM4-40GB
Available memory on device:               39916 MB (total: 40339 MB)

CUDA Setup time 0.235594s
(Thread 0 is setting up Job #1)

Running Job #1:
    Device: NVIDIA A100-SXM4-40GB
    Grid map file: ./protein.maps.fld
    Ligand file: ./ligand_1_1.pdbqt
    Output file: docking_result_1.dlg (+ xml)
    Using heuristics: (capped) number of evaluations set to 2068966
    Local-search chosen method is: ADADELTA (ad)

Rest of Setup time 0.307559s

Executing docking runs, stopping automatically after either reaching 0.15 kcal/mol standard deviation of
the best molecules of the last 4 * 5 generations, 42000 generations, or 2068966 evaluations:

Generations |  Evaluations |     Threshold    |  Average energy of best 10%  | Samples | Best Inter + Intra
------------+--------------+------------------+------------------------------+---------+-------------------
          0 |          150 |   -1.33 kcal/mol |   -2.13 +/-    0.27 kcal/mol |       4 |   -2.51 kcal/mol
          5 |       126270 |   -1.12 kcal/mol |   -4.23 +/-    1.43 kcal/mol |     917 |  -10.25 kcal/mol
         10 |       253661 |   -4.21 kcal/mol |   -8.29 +/-    0.97 kcal/mol |      37 |  -10.25 kcal/mol
         15 |       383318 |   -7.90 kcal/mol |  -10.21 +/-    0.05 kcal/mol |       6 |  -10.27 kcal/mol
         20 |       512715 |   -9.84 kcal/mol |  -10.24 +/-    0.07 kcal/mol |       7 |  -10.32 kcal/mol
         25 |       642939 |   -9.92 kcal/mol |  -10.28 +/-    0.19 kcal/mol |       9 |  -10.74 kcal/mol
         30 |       771287 |   -9.97 kcal/mol |  -10.59 +/-    0.21 kcal/mol |       8 |  -10.86 kcal/mol
         35 |       903190 |  -10.20 kcal/mol |  -10.87 +/-    0.01 kcal/mol |       4 |  -10.88 kcal/mol
         40 |      1033401 |  -10.31 kcal/mol |  -10.63 +/-    0.19 kcal/mol |      11 |  -10.88 kcal/mol
         45 |      1163257 |  -10.38 kcal/mol |  -10.59 +/-    0.16 kcal/mol |      17 |  -10.88 kcal/mol
         50 |      1292137 |  -10.44 kcal/mol |  -10.69 +/-    0.13 kcal/mol |      14 |  -10.88 kcal/mol
         55 |      1422747 |  -10.55 kcal/mol |  -10.81 +/-    0.09 kcal/mol |       9 |  -10.88 kcal/mol
         60 |      1551524 |  -10.66 kcal/mol |  -10.80 +/-    0.07 kcal/mol |      10 |  -10.88 kcal/mol
         65 |      1679041 |  -10.58 kcal/mol |  -10.81 +/-    0.08 kcal/mol |       7 |  -10.88 kcal/mol
------------+--------------+------------------+------------------------------+---------+-------------------

                                   Finished evaluation after reaching
                                  -10.77 +/-    0.11 kcal/mol combined.
                             40 samples, best inter + intra   -10.88 kcal/mol.


Shutdown time 0.000720s

Job #1 took 0.764 sec after waiting 4.573 sec for setup

(Thread 0 is processing Job #1)
(Thread 0 is setting up Job #2)

Running Job #2:
    Device: NVIDIA A100-SXM4-40GB
    Grid map file: ./protein.maps.fld
    Ligand file: ./ligand_2_2.pdbqt
    Output file: docking_result_2.dlg (+ xml)
    Using heuristics: (capped) number of evaluations set to 2068966
    Local-search chosen method is: ADADELTA (ad)

Rest of Setup time 0.304927s

Executing docking runs, stopping automatically after either reaching 0.15 kcal/mol standard deviation of
the best molecules of the last 4 * 5 generations, 42000 generations, or 2068966 evaluations:

Generations |  Evaluations |     Threshold    |  Average energy of best 10%  | Samples | Best Inter + Intra
------------+--------------+------------------+------------------------------+---------+-------------------
          0 |          150 |   -2.09 kcal/mol |   -2.40 +/-    0.13 kcal/mol |       6 |   -2.54 kcal/mol
          5 |       120544 |   -2.09 kcal/mol |   -4.41 +/-    1.24 kcal/mol |     787 |   -9.36 kcal/mol
         10 |       247070 |   -4.39 kcal/mol |   -7.97 +/-    0.90 kcal/mol |      44 |  -10.14 kcal/mol
         15 |       378250 |   -7.67 kcal/mol |   -9.77 +/-    0.19 kcal/mol |       8 |  -10.18 kcal/mol
         20 |       508248 |   -9.42 kcal/mol |  -10.36 +/-    0.30 kcal/mol |      10 |  -11.00 kcal/mol
         25 |       640487 |   -9.91 kcal/mol |  -10.88 +/-    0.16 kcal/mol |       5 |  -11.00 kcal/mol
         30 |       775061 |  -10.41 kcal/mol |  -10.95 +/-    0.18 kcal/mol |       5 |  -11.15 kcal/mol
         35 |       909248 |  -10.42 kcal/mol |  -11.05 +/-    0.17 kcal/mol |       4 |  -11.16 kcal/mol
         40 |      1042620 |  -10.40 kcal/mol |  -10.84 +/-    0.19 kcal/mol |       7 |  -11.16 kcal/mol
         45 |      1172746 |  -10.43 kcal/mol |  -11.16 +/-    0.02 kcal/mol |       5 |  -11.17 kcal/mol
         50 |      1301076 |  -10.71 kcal/mol |  -10.86 +/-    0.16 kcal/mol |       9 |  -11.17 kcal/mol
         55 |      1430876 |  -10.60 kcal/mol |  -10.84 +/-    0.16 kcal/mol |      13 |  -11.17 kcal/mol
         60 |      1560182 |  -10.66 kcal/mol |  -10.84 +/-    0.14 kcal/mol |      17 |  -11.17 kcal/mol
         65 |      1692816 |  -10.72 kcal/mol |  -11.10 +/-    0.07 kcal/mol |       4 |  -11.17 kcal/mol
         70 |      1825081 |  -10.54 kcal/mol |  -10.82 +/-    0.18 kcal/mol |      15 |  -11.17 kcal/mol
         75 |      1954369 |  -10.63 kcal/mol |  -11.10 +/-    0.07 kcal/mol |       5 |  -11.17 kcal/mol
         80 |      2081972 |  -10.65 kcal/mol |  -10.90 +/-    0.16 kcal/mol |      32 |  -11.17 kcal/mol
------------+--------------+------------------+------------------------------+---------+-------------------

                                   Finished evaluation after reaching
                       2081972 evaluations. Best inter + intra   -11.17 kcal/mol.


Shutdown time 0.000651s

Job #2 took 0.846 sec after waiting 0.023 sec for setup

(Thread 0 is processing Job #2)
(Thread 0 is setting up Job #3)

Running Job #3:
    Device: NVIDIA A100-SXM4-40GB
    Grid map file: ./protein.maps.fld
    Ligand file: ./ligand_3_3.pdbqt
    Output file: docking_result_3.dlg (+ xml)
    Using heuristics: (capped) number of evaluations set to 2068966
    Local-search chosen method is: ADADELTA (ad)

Rest of Setup time 0.309329s

Executing docking runs, stopping automatically after either reaching 0.15 kcal/mol standard deviation of
the best molecules of the last 4 * 5 generations, 42000 generations, or 2068966 evaluations:

Generations |  Evaluations |     Threshold    |  Average energy of best 10%  | Samples | Best Inter + Intra
------------+--------------+------------------+------------------------------+---------+-------------------
          0 |          150 |   -0.85 kcal/mol |   -1.96 +/-    0.37 kcal/mol |      10 |   -2.90 kcal/mol
          5 |       127452 |   -1.41 kcal/mol |   -4.19 +/-    1.23 kcal/mol |     809 |   -9.25 kcal/mol
         10 |       256161 |   -4.17 kcal/mol |   -7.58 +/-    0.82 kcal/mol |      56 |  -10.73 kcal/mol
         15 |       389075 |   -7.36 kcal/mol |  -10.18 +/-    0.72 kcal/mol |       8 |  -10.73 kcal/mol
         20 |       523238 |   -8.83 kcal/mol |  -10.74 +/-    0.02 kcal/mol |       6 |  -10.78 kcal/mol
         25 |       658889 |  -10.36 kcal/mol |  -10.77 +/-    0.08 kcal/mol |       5 |  -10.87 kcal/mol
         30 |       797617 |  -10.52 kcal/mol |  -10.79 +/-    0.07 kcal/mol |       5 |  -10.88 kcal/mol
         35 |       932512 |  -10.34 kcal/mol |  -10.82 +/-    0.06 kcal/mol |       6 |  -10.88 kcal/mol
         40 |      1068575 |  -10.44 kcal/mol |  -10.84 +/-    0.07 kcal/mol |       8 |  -10.88 kcal/mol
------------+--------------+------------------+------------------------------+---------+-------------------

                                   Finished evaluation after reaching
                                  -10.81 +/-    0.07 kcal/mol combined.
                             24 samples, best inter + intra   -10.88 kcal/mol.


Shutdown time 0.000637s

Job #3 took 0.585 sec after waiting 0.024 sec for setup

(Thread 0 is processing Job #3)
(Thread 0 is setting up Job #4)

Running Job #4:
    Device: NVIDIA A100-SXM4-40GB
    Grid map file: ./protein.maps.fld
    Ligand file: ./ligand_4_4.pdbqt
    Output file: docking_result_4.dlg (+ xml)
    Using heuristics: (capped) number of evaluations set to 2280181
    Local-search chosen method is: ADADELTA (ad)

Rest of Setup time 0.308769s

Executing docking runs, stopping automatically after either reaching 0.15 kcal/mol standard deviation of
the best molecules of the last 4 * 5 generations, 42000 generations, or 2280181 evaluations:

Generations |  Evaluations |     Threshold    |  Average energy of best 10%  | Samples | Best Inter + Intra
------------+--------------+------------------+------------------------------+---------+-------------------
          0 |          150 |    0.54 kcal/mol |   -1.33 +/-    0.44 kcal/mol |      42 |   -3.48 kcal/mol
          5 |       129015 |   -1.17 kcal/mol |   -4.66 +/-    1.47 kcal/mol |     923 |  -10.35 kcal/mol
         10 |       256491 |   -4.64 kcal/mol |   -8.61 +/-    0.90 kcal/mol |      51 |  -10.54 kcal/mol
         15 |       385896 |   -8.35 kcal/mol |  -10.40 +/-    0.11 kcal/mol |      13 |  -10.63 kcal/mol
         20 |       515796 |  -10.28 kcal/mol |  -10.65 +/-    0.23 kcal/mol |      10 |  -11.28 kcal/mol
         25 |       644870 |  -10.30 kcal/mol |  -11.18 +/-    0.27 kcal/mol |       4 |  -11.43 kcal/mol
         30 |       775132 |  -10.15 kcal/mol |  -10.98 +/-    0.26 kcal/mol |       9 |  -11.43 kcal/mol
         35 |       903899 |  -10.55 kcal/mol |  -11.26 +/-    0.17 kcal/mol |       4 |  -11.43 kcal/mol
         40 |      1033662 |  -10.61 kcal/mol |  -11.34 +/-    0.21 kcal/mol |       9 |  -11.63 kcal/mol
         45 |      1161642 |  -10.99 kcal/mol |  -11.32 +/-    0.16 kcal/mol |      10 |  -11.63 kcal/mol
         50 |      1289542 |  -11.09 kcal/mol |  -11.35 +/-    0.15 kcal/mol |      11 |  -11.72 kcal/mol
         55 |      1417864 |  -11.15 kcal/mol |  -11.39 +/-    0.14 kcal/mol |      10 |  -11.72 kcal/mol
         60 |      1543999 |  -11.19 kcal/mol |  -11.37 +/-    0.14 kcal/mol |      10 |  -11.72 kcal/mol
         65 |      1671302 |  -11.16 kcal/mol |  -11.50 +/-    0.14 kcal/mol |      10 |  -11.72 kcal/mol
         70 |      1796728 |  -11.29 kcal/mol |  -11.50 +/-    0.14 kcal/mol |      14 |  -11.77 kcal/mol
         75 |      1923159 |  -11.34 kcal/mol |  -11.54 +/-    0.15 kcal/mol |      13 |  -11.77 kcal/mol
         80 |      2051827 |  -11.36 kcal/mol |  -11.60 +/-    0.13 kcal/mol |      16 |  -11.82 kcal/mol
         85 |      2178579 |  -11.47 kcal/mol |  -11.64 +/-    0.11 kcal/mol |       8 |  -11.82 kcal/mol
         89 |      2281498 |  -11.43 kcal/mol |  -11.64 +/-    0.13 kcal/mol |      19 |  -11.82 kcal/mol
------------+--------------+------------------+------------------------------+---------+-------------------

                                   Finished evaluation after reaching
                       2281498 evaluations. Best inter + intra   -11.82 kcal/mol.


Shutdown time 0.000657s

Job #4 took 1.059 sec after waiting 0.023 sec for setup

(Thread 0 is processing Job #4)
(Thread 0 is setting up Job #5)

Running Job #5:
    Device: NVIDIA A100-SXM4-40GB
    Grid map file: ./protein.maps.fld
    Ligand file: ./ligand_5_5.pdbqt
    Output file: docking_result_5.dlg (+ xml)
    Using heuristics: (capped) number of evaluations set to 2068966
    Local-search chosen method is: ADADELTA (ad)

Rest of Setup time 0.307738s

Executing docking runs, stopping automatically after either reaching 0.15 kcal/mol standard deviation of
the best molecules of the last 4 * 5 generations, 42000 generations, or 2068966 evaluations:

Generations |  Evaluations |     Threshold    |  Average energy of best 10%  | Samples | Best Inter + Intra
------------+--------------+------------------+------------------------------+---------+-------------------
          0 |          150 |   -1.06 kcal/mol |   -2.08 +/-    0.60 kcal/mol |       4 |   -3.11 kcal/mol
          5 |       137341 |    0.16 kcal/mol |   -3.65 +/-    1.84 kcal/mol |    1236 |   -9.64 kcal/mol
         10 |       267422 |   -3.62 kcal/mol |   -8.29 +/-    0.71 kcal/mol |      49 |   -9.69 kcal/mol
         15 |       402210 |   -8.08 kcal/mol |   -9.75 +/-    0.10 kcal/mol |       4 |   -9.93 kcal/mol
         20 |       534696 |   -9.37 kcal/mol |   -9.62 +/-    0.16 kcal/mol |       7 |   -9.93 kcal/mol
         25 |       666215 |   -9.27 kcal/mol |   -9.80 +/-    0.11 kcal/mol |       8 |   -9.94 kcal/mol
         30 |       796716 |   -9.60 kcal/mol |   -9.79 +/-    0.12 kcal/mol |      12 |   -9.94 kcal/mol
------------+--------------+------------------+------------------------------+---------+-------------------

                                   Finished evaluation after reaching
                                   -9.75 +/-    0.15 kcal/mol combined.
                             31 samples, best inter + intra    -9.94 kcal/mol.


Shutdown time 0.000666s

Job #5 took 0.527 sec after waiting 0.031 sec for setup

(Thread 0 is processing Job #5)
(Thread 0 is setting up Job #6)

Running Job #6:
    Device: NVIDIA A100-SXM4-40GB
    Grid map file: ./protein.maps.fld
    Ligand file: ./ligand_6_6.pdbqt
    Output file: docking_result_6.dlg (+ xml)
    Using heuristics: (capped) number of evaluations set to 2068966
    Local-search chosen method is: ADADELTA (ad)

Rest of Setup time 0.306288s

Executing docking runs, stopping automatically after either reaching 0.15 kcal/mol standard deviation of
the best molecules of the last 4 * 5 generations, 42000 generations, or 2068966 evaluations:

Generations |  Evaluations |     Threshold    |  Average energy of best 10%  | Samples | Best Inter + Intra
------------+--------------+------------------+------------------------------+---------+-------------------
          0 |          150 |   -0.85 kcal/mol |   -1.96 +/-    0.37 kcal/mol |      10 |   -2.90 kcal/mol
          5 |       127439 |   -1.41 kcal/mol |   -4.20 +/-    1.24 kcal/mol |     812 |   -9.25 kcal/mol
         10 |       256266 |   -4.17 kcal/mol |   -7.57 +/-    0.82 kcal/mol |      51 |  -10.73 kcal/mol
         15 |       390859 |   -7.33 kcal/mol |   -9.62 +/-    0.65 kcal/mol |      13 |  -10.73 kcal/mol
         20 |       525510 |   -8.87 kcal/mol |  -10.78 +/-    0.05 kcal/mol |       5 |  -10.84 kcal/mol
         25 |       659966 |  -10.33 kcal/mol |  -10.81 +/-    0.09 kcal/mol |       4 |  -10.87 kcal/mol
         30 |       793399 |  -10.48 kcal/mol |  -10.87 +/-    0.01 kcal/mol |       6 |  -10.88 kcal/mol
         35 |       923306 |  -10.50 kcal/mol |  -10.85 +/-    0.05 kcal/mol |       6 |  -10.89 kcal/mol
         40 |      1056197 |  -10.48 kcal/mol |  -10.82 +/-    0.07 kcal/mol |      11 |  -10.89 kcal/mol
         45 |      1185716 |  -10.62 kcal/mol |  -10.83 +/-    0.05 kcal/mol |      13 |  -10.89 kcal/mol
------------+--------------+------------------+------------------------------+---------+-------------------

                                   Finished evaluation after reaching
                                  -10.84 +/-    0.05 kcal/mol combined.
                             36 samples, best inter + intra   -10.89 kcal/mol.


Shutdown time 0.000657s

Job #6 took 0.611 sec after waiting 0.027 sec for setup

(Thread 0 is processing Job #6)
(Thread 0 is setting up Job #7)

Running Job #7:
    Device: NVIDIA A100-SXM4-40GB
    Grid map file: ./protein.maps.fld
    Ligand file: ./ligand_7_7.pdbqt
    Output file: docking_result_7.dlg (+ xml)
    Using heuristics: (capped) number of evaluations set to 2068966
    Local-search chosen method is: ADADELTA (ad)

Rest of Setup time 0.309406s

Executing docking runs, stopping automatically after either reaching 0.15 kcal/mol standard deviation of
the best molecules of the last 4 * 5 generations, 42000 generations, or 2068966 evaluations:

Generations |  Evaluations |     Threshold    |  Average energy of best 10%  | Samples | Best Inter + Intra
------------+--------------+------------------+------------------------------+---------+-------------------
          0 |          150 |   -1.74 kcal/mol |   -1.97 +/-    0.21 kcal/mol |      14 |   -2.45 kcal/mol
          5 |       134401 |   -1.74 kcal/mol |   -5.27 +/-    1.53 kcal/mol |     906 |  -11.40 kcal/mol
         10 |       262966 |   -5.24 kcal/mol |   -9.15 +/-    0.77 kcal/mol |      46 |  -11.77 kcal/mol
         15 |       393913 |   -8.90 kcal/mol |  -11.25 +/-    0.35 kcal/mol |      13 |  -11.77 kcal/mol
         20 |       526118 |  -10.85 kcal/mol |  -11.98 +/-    0.20 kcal/mol |       9 |  -12.27 kcal/mol
         25 |       655800 |  -11.65 kcal/mol |  -11.97 +/-    0.29 kcal/mol |       5 |  -12.51 kcal/mol
         30 |       787580 |  -11.11 kcal/mol |  -12.16 +/-    0.21 kcal/mol |       7 |  -12.51 kcal/mol
         35 |       918954 |  -11.70 kcal/mol |  -12.48 +/-    0.13 kcal/mol |       6 |  -12.65 kcal/mol
         40 |      1048477 |  -12.15 kcal/mol |  -12.47 +/-    0.10 kcal/mol |       7 |  -12.65 kcal/mol
         45 |      1175209 |  -12.26 kcal/mol |  -12.54 +/-    0.09 kcal/mol |       7 |  -12.65 kcal/mol
         50 |      1300724 |  -12.35 kcal/mol |  -12.54 +/-    0.06 kcal/mol |       5 |  -12.65 kcal/mol
------------+--------------+------------------+------------------------------+---------+-------------------

                                   Finished evaluation after reaching
                                  -12.51 +/-    0.10 kcal/mol combined.
                             25 samples, best inter + intra   -12.65 kcal/mol.


Shutdown time 0.000671s

Job #7 took 0.743 sec after waiting 0.023 sec for setup

(Thread 0 is processing Job #7)
(Thread 0 is setting up Job #8)

Running Job #8:
    Device: NVIDIA A100-SXM4-40GB
    Grid map file: ./protein.maps.fld
    Ligand file: ./ligand_8_8.pdbqt
    Output file: docking_result_8.dlg (+ xml)
    Using heuristics: (capped) number of evaluations set to 2280181
    Local-search chosen method is: ADADELTA (ad)

Rest of Setup time 0.306283s

Executing docking runs, stopping automatically after either reaching 0.15 kcal/mol standard deviation of
the best molecules of the last 4 * 5 generations, 42000 generations, or 2280181 evaluations:

Generations |  Evaluations |     Threshold    |  Average energy of best 10%  | Samples | Best Inter + Intra
------------+--------------+------------------+------------------------------+---------+-------------------
          0 |          150 |   -1.43 kcal/mol |   -2.20 +/-    0.21 kcal/mol |       4 |   -2.47 kcal/mol
          5 |       134980 |   -1.43 kcal/mol |   -4.61 +/-    1.46 kcal/mol |     899 |   -9.62 kcal/mol
         10 |       268126 |   -4.58 kcal/mol |   -8.48 +/-    0.79 kcal/mol |      52 |  -10.34 kcal/mol
         15 |       401048 |   -8.25 kcal/mol |  -10.18 +/-    0.29 kcal/mol |       9 |  -10.68 kcal/mol
         20 |       534319 |   -9.69 kcal/mol |  -10.55 +/-    0.23 kcal/mol |       9 |  -10.87 kcal/mol
         25 |       665653 |  -10.17 kcal/mol |  -10.80 +/-    0.09 kcal/mol |       6 |  -10.94 kcal/mol
         30 |       796190 |  -10.57 kcal/mol |  -10.82 +/-    0.09 kcal/mol |      13 |  -10.96 kcal/mol
         35 |       924490 |  -10.72 kcal/mol |  -10.94 +/-    0.12 kcal/mol |       9 |  -11.25 kcal/mol
         40 |      1050292 |  -10.74 kcal/mol |  -11.04 +/-    0.21 kcal/mol |      15 |  -11.40 kcal/mol
         45 |      1177386 |  -10.84 kcal/mol |  -11.18 +/-    0.18 kcal/mol |      19 |  -11.42 kcal/mol
         50 |      1303255 |  -11.04 kcal/mol |  -11.31 +/-    0.11 kcal/mol |      15 |  -11.43 kcal/mol
         55 |      1430940 |  -11.20 kcal/mol |  -11.35 +/-    0.06 kcal/mol |      12 |  -11.45 kcal/mol
         60 |      1554709 |  -11.16 kcal/mol |  -11.36 +/-    0.07 kcal/mol |       8 |  -11.46 kcal/mol
         65 |      1679418 |  -11.08 kcal/mol |  -11.32 +/-    0.10 kcal/mol |       9 |  -11.46 kcal/mol
         70 |      1801539 |  -11.15 kcal/mol |  -11.38 +/-    0.07 kcal/mol |      17 |  -11.47 kcal/mol
         75 |      1922770 |  -11.25 kcal/mol |  -11.37 +/-    0.07 kcal/mol |      10 |  -11.47 kcal/mol
------------+--------------+------------------+------------------------------+---------+-------------------

                                   Finished evaluation after reaching
                                  -11.36 +/-    0.08 kcal/mol combined.
                             44 samples, best inter + intra   -11.47 kcal/mol.


Shutdown time 0.000663s

Job #8 took 0.864 sec after waiting 0.033 sec for setup

(Thread 0 is processing Job #8)
(Thread 0 is setting up Job #9)

Running Job #9:
    Device: NVIDIA A100-SXM4-40GB
    Grid map file: ./protein.maps.fld
    Ligand file: ./ligand_9_9.pdbqt
    Output file: docking_result_9.dlg (+ xml)
    Using heuristics: (capped) number of evaluations set to 2068966
    Local-search chosen method is: ADADELTA (ad)

Rest of Setup time 0.309464s

Executing docking runs, stopping automatically after either reaching 0.15 kcal/mol standard deviation of
the best molecules of the last 4 * 5 generations, 42000 generations, or 2068966 evaluations:

Generations |  Evaluations |     Threshold    |  Average energy of best 10%  | Samples | Best Inter + Intra
------------+--------------+------------------+------------------------------+---------+-------------------
          0 |          150 |   -1.07 kcal/mol |   -2.08 +/-    0.32 kcal/mol |      10 |   -2.95 kcal/mol
          5 |       130943 |   -1.61 kcal/mol |   -4.37 +/-    1.31 kcal/mol |     840 |   -9.89 kcal/mol
         10 |       257073 |   -4.35 kcal/mol |   -8.32 +/-    0.80 kcal/mol |      45 |   -9.99 kcal/mol
         15 |       385702 |   -8.06 kcal/mol |   -9.90 +/-    0.12 kcal/mol |       5 |   -9.99 kcal/mol
         20 |       514525 |   -9.55 kcal/mol |   -9.93 +/-    0.08 kcal/mol |       6 |  -10.00 kcal/mol
         25 |       641679 |   -9.72 kcal/mol |   -9.97 +/-    0.10 kcal/mol |       9 |  -10.19 kcal/mol
         30 |       769494 |   -9.79 kcal/mol |  -10.10 +/-    0.14 kcal/mol |      13 |  -10.34 kcal/mol
         35 |       893613 |   -9.93 kcal/mol |  -10.10 +/-    0.12 kcal/mol |       8 |  -10.35 kcal/mol
         40 |      1018667 |   -9.87 kcal/mol |  -10.09 +/-    0.16 kcal/mol |      21 |  -10.35 kcal/mol
         45 |      1143438 |   -9.98 kcal/mol |  -10.10 +/-    0.14 kcal/mol |      16 |  -10.35 kcal/mol
------------+--------------+------------------+------------------------------+---------+-------------------

                                   Finished evaluation after reaching
                                  -10.10 +/-    0.15 kcal/mol combined.
                             58 samples, best inter + intra   -10.35 kcal/mol.


Shutdown time 0.000629s

Job #9 took 0.608 sec after waiting 0.029 sec for setup

(Thread 0 is processing Job #9)
(Thread 0 is setting up Job #10)

Running Job #10:
    Device: NVIDIA A100-SXM4-40GB
    Grid map file: ./protein.maps.fld
    Ligand file: ./ligand_10_10.pdbqt
    Output file: docking_result_10.dlg (+ xml)
    Using heuristics: (capped) number of evaluations set to 2280181
    Local-search chosen method is: ADADELTA (ad)

Rest of Setup time 0.306019s

Executing docking runs, stopping automatically after either reaching 0.15 kcal/mol standard deviation of
the best molecules of the last 4 * 5 generations, 42000 generations, or 2280181 evaluations:

Generations |  Evaluations |     Threshold    |  Average energy of best 10%  | Samples | Best Inter + Intra
------------+--------------+------------------+------------------------------+---------+-------------------
          0 |          150 |   -1.64 kcal/mol |   -2.50 +/-    0.29 kcal/mol |       5 |   -3.05 kcal/mol
          5 |       135967 |   -1.64 kcal/mol |   -5.01 +/-    1.51 kcal/mol |     915 |  -12.36 kcal/mol
         10 |       268787 |   -4.98 kcal/mol |   -8.96 +/-    0.91 kcal/mol |      47 |  -12.47 kcal/mol
         15 |       403463 |   -8.67 kcal/mol |  -11.54 +/-    0.81 kcal/mol |       4 |  -12.47 kcal/mol
         20 |       539683 |   -8.49 kcal/mol |  -10.65 +/-    0.79 kcal/mol |       7 |  -12.47 kcal/mol
         25 |       675517 |   -8.96 kcal/mol |  -11.34 +/-    0.65 kcal/mol |      11 |  -12.48 kcal/mol
         30 |       813275 |  -10.46 kcal/mol |  -12.27 +/-    0.15 kcal/mol |       7 |  -12.48 kcal/mol
         35 |       948952 |  -11.95 kcal/mol |  -12.31 +/-    0.13 kcal/mol |       3 |  -12.48 kcal/mol
         40 |      1083251 |  -11.67 kcal/mol |  -11.92 +/-    0.29 kcal/mol |       7 |  -12.48 kcal/mol
         45 |      1217671 |  -11.31 kcal/mol |  -12.17 +/-    0.14 kcal/mol |       8 |  -12.48 kcal/mol
         50 |      1349941 |  -11.91 kcal/mol |  -12.24 +/-    0.12 kcal/mol |       6 |  -12.48 kcal/mol
         55 |      1484185 |  -11.93 kcal/mol |  -12.25 +/-    0.14 kcal/mol |       5 |  -12.48 kcal/mol
         60 |      1616192 |  -11.84 kcal/mol |  -12.26 +/-    0.12 kcal/mol |       5 |  -12.48 kcal/mol
------------+--------------+------------------+------------------------------+---------+-------------------

                                   Finished evaluation after reaching
                                  -12.22 +/-    0.14 kcal/mol combined.
                             24 samples, best inter + intra   -12.48 kcal/mol.


Shutdown time 0.000689s

Job #10 took 0.834 sec after waiting 0.023 sec for setup

(Thread 0 is processing Job #10)
Run time of entire job set (10 files): 12.281 sec
Savings from multithreading: -0.001 sec
Idle time of execution thread: 4.840 sec

All jobs (10) ran without errors.
