AutoDock-GPU version: v1.6-7-ga46ab564d2ac5f1a1523f65239b43505a1c29364-dirty

Using 1 OpenMP threads

Running 3 docking calculations

Cuda device:                              NVIDIA A100-SXM4-40GB
Available memory on device:               39916 MB (total: 40339 MB)

CUDA Setup time 0.231643s
(Thread 0 is setting up Job #1)

Running Job #1:
    Device: NVIDIA A100-SXM4-40GB
    Grid map file: ./protein.maps.fld
    Ligand file: ./ligand_1_1.pdbqt
    Output file: docking_result_1.dlg (+ xml)
    Using heuristics: (capped) number of evaluations set to 2068966
    Local-search chosen method is: ADADELTA (ad)

Rest of Setup time 0.307860s

Executing docking runs, stopping automatically after either reaching 0.15 kcal/mol standard deviation of
the best molecules of the last 4 * 5 generations, 42000 generations, or 2068966 evaluations:

Generations |  Evaluations |     Threshold    |  Average energy of best 10%  | Samples | Best Inter + Intra
------------+--------------+------------------+------------------------------+---------+-------------------
          0 |          150 |   -1.21 kcal/mol |   -2.47 +/-    0.42 kcal/mol |       5 |   -3.02 kcal/mol
          5 |       114266 |   -1.21 kcal/mol |   -4.50 +/-    1.55 kcal/mol |     829 |  -11.16 kcal/mol
         10 |       229697 |   -4.47 kcal/mol |   -8.71 +/-    0.94 kcal/mol |      47 |  -11.33 kcal/mol
         15 |       345910 |   -8.41 kcal/mol |  -11.05 +/-    0.28 kcal/mol |       7 |  -11.57 kcal/mol
         20 |       461034 |  -10.46 kcal/mol |  -11.51 +/-    0.29 kcal/mol |       6 |  -11.96 kcal/mol
         25 |       578031 |  -10.78 kcal/mol |  -11.83 +/-    0.26 kcal/mol |       7 |  -12.34 kcal/mol
         30 |       698368 |  -11.28 kcal/mol |  -12.26 +/-    0.28 kcal/mol |       5 |  -12.61 kcal/mol
         35 |       815901 |  -11.43 kcal/mol |  -12.23 +/-    0.39 kcal/mol |       4 |  -12.64 kcal/mol
         40 |       934800 |  -10.79 kcal/mol |  -11.91 +/-    0.31 kcal/mol |       8 |  -12.64 kcal/mol
         45 |      1052065 |  -11.32 kcal/mol |  -11.86 +/-    0.27 kcal/mol |      11 |  -12.64 kcal/mol
         50 |      1169083 |  -11.49 kcal/mol |  -12.15 +/-    0.25 kcal/mol |       5 |  -12.64 kcal/mol
         55 |      1287584 |  -11.41 kcal/mol |  -12.10 +/-    0.20 kcal/mol |       9 |  -12.64 kcal/mol
         60 |      1402377 |  -11.77 kcal/mol |  -12.17 +/-    0.15 kcal/mol |      15 |  -12.64 kcal/mol
         65 |      1520201 |  -12.01 kcal/mol |  -12.67 +/-    0.04 kcal/mol |       4 |  -12.70 kcal/mol
         70 |      1638251 |  -12.10 kcal/mol |  -12.41 +/-    0.19 kcal/mol |       6 |  -12.70 kcal/mol
         75 |      1755996 |  -11.94 kcal/mol |  -12.56 +/-    0.11 kcal/mol |       4 |  -12.70 kcal/mol
         80 |      1875085 |  -12.13 kcal/mol |  -12.45 +/-    0.26 kcal/mol |       4 |  -12.72 kcal/mol
         85 |      1995074 |  -11.47 kcal/mol |  -12.42 +/-    0.32 kcal/mol |      11 |  -12.86 kcal/mol
         89 |      2090777 |  -11.98 kcal/mol |  -12.50 +/-    0.31 kcal/mol |      16 |  -12.98 kcal/mol
------------+--------------+------------------+------------------------------+---------+-------------------

                                   Finished evaluation after reaching
                       2090777 evaluations. Best inter + intra   -12.98 kcal/mol.


Shutdown time 0.000749s

Job #1 took 1.156 sec after waiting 4.453 sec for setup

(Thread 0 is processing Job #1)
(Thread 0 is setting up Job #2)

Running Job #2:
    Device: NVIDIA A100-SXM4-40GB
    Grid map file: ./protein.maps.fld
    Ligand file: ./ligand_2_2.pdbqt
    Output file: docking_result_2.dlg (+ xml)
    Using heuristics: (capped) number of evaluations set to 2068966
    Local-search chosen method is: ADADELTA (ad)

Rest of Setup time 0.303592s

Executing docking runs, stopping automatically after either reaching 0.15 kcal/mol standard deviation of
the best molecules of the last 4 * 5 generations, 42000 generations, or 2068966 evaluations:

Generations |  Evaluations |     Threshold    |  Average energy of best 10%  | Samples | Best Inter + Intra
------------+--------------+------------------+------------------------------+---------+-------------------
          0 |          150 |   -1.68 kcal/mol |   -2.87 +/-    0.44 kcal/mol |       4 |   -3.57 kcal/mol
          5 |       123699 |   -1.23 kcal/mol |   -4.83 +/-    1.68 kcal/mol |     888 |  -12.81 kcal/mol
         10 |       249689 |   -4.80 kcal/mol |   -9.71 +/-    1.47 kcal/mol |      33 |  -12.85 kcal/mol
         15 |       378798 |   -9.04 kcal/mol |  -12.47 +/-    0.43 kcal/mol |       4 |  -12.90 kcal/mol
         20 |       507847 |  -10.86 kcal/mol |  -12.65 +/-    0.44 kcal/mol |       7 |  -13.11 kcal/mol
         25 |       640070 |  -11.71 kcal/mol |  -12.93 +/-    0.09 kcal/mol |       5 |  -13.11 kcal/mol
         30 |       773405 |  -12.65 kcal/mol |  -12.94 +/-    0.13 kcal/mol |       6 |  -13.11 kcal/mol
         35 |       907211 |  -12.62 kcal/mol |  -12.96 +/-    0.11 kcal/mol |       3 |  -13.11 kcal/mol
         40 |      1040305 |  -12.39 kcal/mol |  -12.84 +/-    0.20 kcal/mol |       6 |  -13.11 kcal/mol
         45 |      1172766 |  -12.33 kcal/mol |  -12.95 +/-    0.11 kcal/mol |       6 |  -13.11 kcal/mol
         50 |      1305570 |  -12.67 kcal/mol |  -12.98 +/-    0.12 kcal/mol |       4 |  -13.11 kcal/mol
         55 |      1437070 |  -12.51 kcal/mol |  -12.92 +/-    0.19 kcal/mol |       4 |  -13.11 kcal/mol
         60 |      1566305 |  -12.20 kcal/mol |  -12.87 +/-    0.19 kcal/mol |       6 |  -13.11 kcal/mol
         65 |      1698108 |  -12.39 kcal/mol |  -13.03 +/-    0.11 kcal/mol |       4 |  -13.11 kcal/mol
         70 |      1829932 |  -12.64 kcal/mol |  -12.95 +/-    0.12 kcal/mol |      11 |  -13.11 kcal/mol
         75 |      1961373 |  -12.79 kcal/mol |  -12.96 +/-    0.11 kcal/mol |       6 |  -13.11 kcal/mol
------------+--------------+------------------+------------------------------+---------+-------------------

                                   Finished evaluation after reaching
                                  -12.95 +/-    0.15 kcal/mol combined.
                             27 samples, best inter + intra   -13.11 kcal/mol.


Shutdown time 0.000644s

Job #2 took 1.017 sec after waiting 0.037 sec for setup

(Thread 0 is processing Job #2)
(Thread 0 is setting up Job #3)

Running Job #3:
    Device: NVIDIA A100-SXM4-40GB
    Grid map file: ./protein.maps.fld
    Ligand file: ./ligand_3_3.pdbqt
    Output file: docking_result_3.dlg (+ xml)
    Using heuristics: (capped) number of evaluations set to 2280181
    Local-search chosen method is: ADADELTA (ad)

Rest of Setup time 0.303898s

Executing docking runs, stopping automatically after either reaching 0.15 kcal/mol standard deviation of
the best molecules of the last 4 * 5 generations, 42000 generations, or 2280181 evaluations:

Generations |  Evaluations |     Threshold    |  Average energy of best 10%  | Samples | Best Inter + Intra
------------+--------------+------------------+------------------------------+---------+-------------------
          0 |          150 |   -1.70 kcal/mol |   -3.19 +/-    0.43 kcal/mol |       4 |   -3.80 kcal/mol
          5 |       119845 |   -1.57 kcal/mol |   -6.04 +/-    1.92 kcal/mol |     992 |  -14.84 kcal/mol
         10 |       240381 |   -6.01 kcal/mol |  -11.21 +/-    1.23 kcal/mol |      49 |  -15.94 kcal/mol
         15 |       363605 |  -10.84 kcal/mol |  -14.23 +/-    0.75 kcal/mol |       7 |  -15.95 kcal/mol
         20 |       488280 |  -12.62 kcal/mol |  -15.51 +/-    0.58 kcal/mol |       6 |  -15.96 kcal/mol
         25 |       616123 |  -14.07 kcal/mol |  -15.08 +/-    0.65 kcal/mol |       4 |  -16.20 kcal/mol
         30 |       747038 |  -12.66 kcal/mol |  -14.94 +/-    0.65 kcal/mol |       7 |  -16.20 kcal/mol
         35 |       876271 |  -13.55 kcal/mol |  -15.78 +/-    0.36 kcal/mol |       4 |  -16.20 kcal/mol
         40 |      1004807 |  -14.45 kcal/mol |  -15.62 +/-    0.27 kcal/mol |       9 |  -16.20 kcal/mol
         45 |      1134862 |  -15.17 kcal/mol |  -15.90 +/-    0.30 kcal/mol |       4 |  -16.20 kcal/mol
         50 |      1263041 |  -14.77 kcal/mol |  -15.85 +/-    0.34 kcal/mol |      10 |  -16.35 kcal/mol
         55 |      1392381 |  -15.33 kcal/mol |  -16.18 +/-    0.32 kcal/mol |       4 |  -16.47 kcal/mol
         60 |      1520573 |  -14.97 kcal/mol |  -16.16 +/-    0.25 kcal/mol |       6 |  -16.47 kcal/mol
         65 |      1649338 |  -15.54 kcal/mol |  -16.13 +/-    0.30 kcal/mol |       4 |  -16.47 kcal/mol
         70 |      1777698 |  -15.00 kcal/mol |  -16.20 +/-    0.34 kcal/mol |       4 |  -16.47 kcal/mol
         75 |      1904052 |  -14.94 kcal/mol |  -16.20 +/-    0.30 kcal/mol |       5 |  -16.49 kcal/mol
         80 |      2030244 |  -15.31 kcal/mol |  -16.30 +/-    0.19 kcal/mol |       7 |  -16.49 kcal/mol
         85 |      2159799 |  -15.89 kcal/mol |  -16.39 +/-    0.12 kcal/mol |       3 |  -16.49 kcal/mol
         90 |      2287951 |  -15.78 kcal/mol |  -16.39 +/-    0.12 kcal/mol |       6 |  -16.49 kcal/mol
------------+--------------+------------------+------------------------------+---------+-------------------

                                   Finished evaluation after reaching
                       2287951 evaluations. Best inter + intra   -16.49 kcal/mol.


Shutdown time 0.000656s

Job #3 took 1.400 sec after waiting 0.038 sec for setup

(Thread 0 is processing Job #3)
Run time of entire job set (3 files): 8.154 sec
Savings from multithreading: -0.000 sec
Idle time of execution thread: 4.581 sec

All jobs (3) ran without errors.
