AutoDock-GPU version: v1.6-7-ga46ab564d2ac5f1a1523f65239b43505a1c29364-dirty

Using 1 OpenMP threads

Running 4 docking calculations

Cuda device:                              NVIDIA A100-SXM4-40GB
Available memory on device:               39916 MB (total: 40339 MB)

CUDA Setup time 0.231580s
(Thread 0 is setting up Job #1)

Running Job #1:
    Device: NVIDIA A100-SXM4-40GB
    Grid map file: ./protein.maps.fld
    Ligand file: ./ligand_1_1.pdbqt
    Output file: docking_result_1.dlg (+ xml)
    Using heuristics: (capped) number of evaluations set to 2068966
    Local-search chosen method is: ADADELTA (ad)

Rest of Setup time 0.312035s

Executing docking runs, stopping automatically after either reaching 0.15 kcal/mol standard deviation of
the best molecules of the last 4 * 5 generations, 42000 generations, or 2068966 evaluations:

Generations |  Evaluations |     Threshold    |  Average energy of best 10%  | Samples | Best Inter + Intra
------------+--------------+------------------+------------------------------+---------+-------------------
          0 |          150 |   -1.06 kcal/mol |   -2.13 +/-    0.37 kcal/mol |       8 |   -2.98 kcal/mol
          5 |       149379 |   -1.43 kcal/mol |   -4.82 +/-    1.57 kcal/mol |    1109 |   -9.54 kcal/mol
         10 |       296339 |   -4.79 kcal/mol |   -8.73 +/-    0.63 kcal/mol |      51 |  -10.12 kcal/mol
         15 |       445079 |   -8.54 kcal/mol |  -10.29 +/-    0.41 kcal/mol |      10 |  -11.08 kcal/mol
         20 |       592316 |   -9.68 kcal/mol |  -10.67 +/-    0.41 kcal/mol |       4 |  -11.08 kcal/mol
         25 |       738901 |   -9.15 kcal/mol |  -10.44 +/-    0.37 kcal/mol |      10 |  -11.08 kcal/mol
         30 |       884486 |   -9.89 kcal/mol |  -10.97 +/-    0.16 kcal/mol |      12 |  -11.22 kcal/mol
         35 |      1029332 |  -10.77 kcal/mol |  -11.07 +/-    0.14 kcal/mol |       8 |  -11.27 kcal/mol
         40 |      1173492 |  -10.81 kcal/mol |  -11.23 +/-    0.03 kcal/mol |       5 |  -11.27 kcal/mol
         45 |      1314671 |  -10.78 kcal/mol |  -11.46 +/-    0.22 kcal/mol |       4 |  -11.71 kcal/mol
         50 |      1454320 |  -10.63 kcal/mol |  -11.29 +/-    0.31 kcal/mol |       4 |  -11.71 kcal/mol
         55 |      1595286 |  -10.14 kcal/mol |  -11.13 +/-    0.31 kcal/mol |       8 |  -11.75 kcal/mol
         60 |      1728803 |  -10.55 kcal/mol |  -11.40 +/-    0.23 kcal/mol |       4 |  -11.76 kcal/mol
         65 |      1862987 |  -10.54 kcal/mol |  -11.60 +/-    0.20 kcal/mol |       6 |  -11.76 kcal/mol
         70 |      1994011 |  -11.10 kcal/mol |  -11.69 +/-    0.09 kcal/mol |       4 |  -11.76 kcal/mol
         73 |      2070339 |  -11.34 kcal/mol |  -11.71 +/-    0.08 kcal/mol |       7 |  -11.76 kcal/mol
------------+--------------+------------------+------------------------------+---------+-------------------

                                   Finished evaluation after reaching
                       2070339 evaluations. Best inter + intra   -11.76 kcal/mol.


Shutdown time 0.000759s

Job #1 took 0.931 sec after waiting 4.459 sec for setup

(Thread 0 is processing Job #1)
(Thread 0 is setting up Job #2)

Running Job #2:
    Device: NVIDIA A100-SXM4-40GB
    Grid map file: ./protein.maps.fld
    Ligand file: ./ligand_2_2.pdbqt
    Output file: docking_result_2.dlg (+ xml)
    Using heuristics: (capped) number of evaluations set to 2068966
    Local-search chosen method is: ADADELTA (ad)

Rest of Setup time 0.302508s

Executing docking runs, stopping automatically after either reaching 0.15 kcal/mol standard deviation of
the best molecules of the last 4 * 5 generations, 42000 generations, or 2068966 evaluations:

Generations |  Evaluations |     Threshold    |  Average energy of best 10%  | Samples | Best Inter + Intra
------------+--------------+------------------+------------------------------+---------+-------------------
          0 |          150 |   -1.53 kcal/mol |   -1.69 +/-    0.17 kcal/mol |      15 |   -2.17 kcal/mol
          5 |       146212 |   -1.53 kcal/mol |   -4.66 +/-    1.65 kcal/mol |    1192 |   -9.41 kcal/mol
         10 |       288156 |   -4.64 kcal/mol |   -8.66 +/-    0.50 kcal/mol |      45 |   -9.96 kcal/mol
         15 |       433154 |   -8.49 kcal/mol |   -9.86 +/-    0.30 kcal/mol |       6 |  -10.45 kcal/mol
         20 |       574504 |   -9.12 kcal/mol |  -10.17 +/-    0.30 kcal/mol |       8 |  -10.48 kcal/mol
         25 |       714660 |   -9.61 kcal/mol |  -10.68 +/-    0.06 kcal/mol |       4 |  -10.77 kcal/mol
         30 |       857897 |  -10.12 kcal/mol |  -10.61 +/-    0.20 kcal/mol |       5 |  -10.82 kcal/mol
         35 |      1002189 |  -10.01 kcal/mol |  -10.49 +/-    0.35 kcal/mol |       5 |  -11.06 kcal/mol
         40 |      1146050 |   -9.43 kcal/mol |  -10.58 +/-    0.34 kcal/mol |       7 |  -11.06 kcal/mol
         45 |      1288629 |   -9.84 kcal/mol |  -10.84 +/-    0.18 kcal/mol |       9 |  -11.06 kcal/mol
         50 |      1428791 |  -10.54 kcal/mol |  -11.05 +/-    0.07 kcal/mol |       5 |  -11.18 kcal/mol
         55 |      1571030 |  -10.60 kcal/mol |  -11.04 +/-    0.08 kcal/mol |       6 |  -11.18 kcal/mol
         60 |      1709981 |  -10.84 kcal/mol |  -11.04 +/-    0.11 kcal/mol |       8 |  -11.18 kcal/mol
         65 |      1848494 |  -10.84 kcal/mol |  -11.14 +/-    0.07 kcal/mol |       9 |  -11.20 kcal/mol
         70 |      1986582 |  -10.89 kcal/mol |  -11.13 +/-    0.09 kcal/mol |      18 |  -11.25 kcal/mol
         74 |      2095028 |  -11.06 kcal/mol |  -11.18 +/-    0.06 kcal/mol |      23 |  -11.25 kcal/mol
------------+--------------+------------------+------------------------------+---------+-------------------

                                   Finished evaluation after reaching
                       2095028 evaluations. Best inter + intra   -11.25 kcal/mol.


Shutdown time 0.000730s

Job #2 took 0.899 sec after waiting 0.029 sec for setup

(Thread 0 is processing Job #2)
(Thread 0 is setting up Job #3)

Running Job #3:
    Device: NVIDIA A100-SXM4-40GB
    Grid map file: ./protein.maps.fld
    Ligand file: ./ligand_3_3.pdbqt
    Output file: docking_result_3.dlg (+ xml)
    Using heuristics: (capped) number of evaluations set to 2068966
    Local-search chosen method is: ADADELTA (ad)

Rest of Setup time 0.306842s

Executing docking runs, stopping automatically after either reaching 0.15 kcal/mol standard deviation of
the best molecules of the last 4 * 5 generations, 42000 generations, or 2068966 evaluations:

Generations |  Evaluations |     Threshold    |  Average energy of best 10%  | Samples | Best Inter + Intra
------------+--------------+------------------+------------------------------+---------+-------------------
          0 |          150 |   -1.74 kcal/mol |   -2.16 +/-    0.14 kcal/mol |       5 |   -2.38 kcal/mol
          5 |       148526 |   -1.74 kcal/mol |   -4.68 +/-    1.62 kcal/mol |    1194 |  -10.99 kcal/mol
         10 |       294784 |   -4.66 kcal/mol |   -8.73 +/-    0.74 kcal/mol |      46 |  -11.12 kcal/mol
         15 |       442232 |   -8.49 kcal/mol |  -10.44 +/-    0.42 kcal/mol |      11 |  -11.12 kcal/mol
         20 |       589596 |   -9.86 kcal/mol |  -11.03 +/-    0.14 kcal/mol |       5 |  -11.18 kcal/mol
         25 |       732430 |  -10.60 kcal/mol |  -11.13 +/-    0.20 kcal/mol |       4 |  -11.29 kcal/mol
         30 |       878104 |  -10.36 kcal/mol |  -11.09 +/-    0.20 kcal/mol |      12 |  -11.29 kcal/mol
         35 |      1023804 |  -10.84 kcal/mol |  -11.26 +/-    0.15 kcal/mol |      11 |  -11.53 kcal/mol
         40 |      1168929 |  -11.07 kcal/mol |  -11.29 +/-    0.13 kcal/mol |      12 |  -11.53 kcal/mol
         45 |      1312554 |  -11.12 kcal/mol |  -11.27 +/-    0.12 kcal/mol |      13 |  -11.53 kcal/mol
         50 |      1453102 |  -11.13 kcal/mol |  -11.30 +/-    0.10 kcal/mol |      10 |  -11.55 kcal/mol
         55 |      1592613 |  -11.15 kcal/mol |  -11.36 +/-    0.11 kcal/mol |      13 |  -11.55 kcal/mol
         60 |      1729283 |  -11.23 kcal/mol |  -11.35 +/-    0.10 kcal/mol |      12 |  -11.55 kcal/mol
         65 |      1866984 |  -11.23 kcal/mol |  -11.42 +/-    0.11 kcal/mol |       5 |  -11.55 kcal/mol
------------+--------------+------------------+------------------------------+---------+-------------------

                                   Finished evaluation after reaching
                                  -11.35 +/-    0.11 kcal/mol combined.
                             40 samples, best inter + intra   -11.55 kcal/mol.


Shutdown time 0.000669s

Job #3 took 0.838 sec after waiting 0.030 sec for setup

(Thread 0 is processing Job #3)
(Thread 0 is setting up Job #4)

Running Job #4:
    Device: NVIDIA A100-SXM4-40GB
    Grid map file: ./protein.maps.fld
    Ligand file: ./ligand_4_4.pdbqt
    Output file: docking_result_4.dlg (+ xml)
    Using heuristics: (capped) number of evaluations set to 2068966
    Local-search chosen method is: ADADELTA (ad)

Rest of Setup time 0.304798s

Executing docking runs, stopping automatically after either reaching 0.15 kcal/mol standard deviation of
the best molecules of the last 4 * 5 generations, 42000 generations, or 2068966 evaluations:

Generations |  Evaluations |     Threshold    |  Average energy of best 10%  | Samples | Best Inter + Intra
------------+--------------+------------------+------------------------------+---------+-------------------
          0 |          150 |   -1.80 kcal/mol |   -2.06 +/-    0.21 kcal/mol |      12 |   -2.57 kcal/mol
          5 |       147792 |   -1.80 kcal/mol |   -5.22 +/-    1.67 kcal/mol |    1162 |  -10.03 kcal/mol
         10 |       293571 |   -5.20 kcal/mol |   -9.59 +/-    0.74 kcal/mol |      45 |  -11.26 kcal/mol
         15 |       443399 |   -9.34 kcal/mol |  -11.39 +/-    0.41 kcal/mol |       4 |  -11.99 kcal/mol
         20 |       591758 |   -9.86 kcal/mol |  -11.40 +/-    0.44 kcal/mol |       9 |  -12.43 kcal/mol
         25 |       738521 |  -10.67 kcal/mol |  -12.12 +/-    0.45 kcal/mol |       7 |  -12.67 kcal/mol
         30 |       884648 |  -11.16 kcal/mol |  -12.56 +/-    0.13 kcal/mol |       8 |  -12.67 kcal/mol
         35 |      1029228 |  -12.32 kcal/mol |  -12.60 +/-    0.12 kcal/mol |       4 |  -12.77 kcal/mol
         40 |      1171850 |  -12.15 kcal/mol |  -12.55 +/-    0.16 kcal/mol |       7 |  -12.78 kcal/mol
         45 |      1314617 |  -12.21 kcal/mol |  -12.58 +/-    0.17 kcal/mol |      10 |  -12.89 kcal/mol
         50 |      1458459 |  -12.33 kcal/mol |  -12.77 +/-    0.14 kcal/mol |       6 |  -12.91 kcal/mol
         55 |      1602615 |  -12.42 kcal/mol |  -12.77 +/-    0.13 kcal/mol |      10 |  -12.92 kcal/mol
         60 |      1742529 |  -12.57 kcal/mol |  -12.90 +/-    0.06 kcal/mol |       5 |  -12.95 kcal/mol
         65 |      1884851 |  -12.45 kcal/mol |  -12.85 +/-    0.10 kcal/mol |       6 |  -12.95 kcal/mol
         70 |      2025488 |  -12.60 kcal/mol |  -12.88 +/-    0.08 kcal/mol |       7 |  -12.95 kcal/mol
         72 |      2080985 |  -12.70 kcal/mol |  -12.89 +/-    0.08 kcal/mol |      14 |  -12.95 kcal/mol
------------+--------------+------------------+------------------------------+---------+-------------------

                                   Finished evaluation after reaching
                       2080985 evaluations. Best inter + intra   -12.95 kcal/mol.


Shutdown time 0.000663s

Job #4 took 0.883 sec after waiting 0.030 sec for setup

(Thread 0 is processing Job #4)
Run time of entire job set (4 files): 8.128 sec
Savings from multithreading: -0.000 sec
Idle time of execution thread: 4.576 sec

All jobs (4) ran without errors.
