AutoDock-GPU version: v1.6-7-ga46ab564d2ac5f1a1523f65239b43505a1c29364-dirty

Running 1 docking calculation

Cuda device:                              NVIDIA A100-SXM4-40GB
Available memory on device:               39916 MB (total: 40339 MB)

CUDA Setup time 0.230942s
(Thread 0 is setting up Job #1)

Running Job #1
    Using heuristics: (capped) number of evaluations set to 2280181
    Local-search chosen method is: ADADELTA (ad)

Rest of Setup time 0.311995s

Executing docking runs, stopping automatically after either reaching 0.15 kcal/mol standard deviation of
the best molecules of the last 4 * 5 generations, 42000 generations, or 2280181 evaluations:

Generations |  Evaluations |     Threshold    |  Average energy of best 10%  | Samples | Best Inter + Intra
------------+--------------+------------------+------------------------------+---------+-------------------
          0 |          150 |   -1.74 kcal/mol |   -2.98 +/-    0.42 kcal/mol |       8 |   -3.89 kcal/mol
          5 |       118688 |   -2.20 kcal/mol |   -6.61 +/-    1.92 kcal/mol |     985 |  -16.11 kcal/mol
         10 |       238852 |   -6.59 kcal/mol |  -11.84 +/-    1.52 kcal/mol |      28 |  -16.40 kcal/mol
         15 |       362325 |  -11.03 kcal/mol |  -14.53 +/-    1.21 kcal/mol |       4 |  -16.63 kcal/mol
         20 |       487959 |   -9.98 kcal/mol |  -13.91 +/-    1.16 kcal/mol |      13 |  -16.63 kcal/mol
         25 |       616463 |  -12.58 kcal/mol |  -14.88 +/-    1.07 kcal/mol |       4 |  -16.63 kcal/mol
         30 |       745404 |  -10.88 kcal/mol |  -14.58 +/-    0.89 kcal/mol |      10 |  -16.63 kcal/mol
         35 |       874661 |  -13.24 kcal/mol |  -15.45 +/-    0.56 kcal/mol |       6 |  -16.63 kcal/mol
         40 |      1004176 |  -14.06 kcal/mol |  -15.76 +/-    0.56 kcal/mol |       6 |  -16.81 kcal/mol
         45 |      1132798 |  -14.36 kcal/mol |  -16.25 +/-    0.50 kcal/mol |       6 |  -16.81 kcal/mol
         50 |      1261670 |  -15.00 kcal/mol |  -16.68 +/-    0.24 kcal/mol |       4 |  -16.82 kcal/mol
         55 |      1391634 |  -15.79 kcal/mol |  -16.62 +/-    0.28 kcal/mol |       3 |  -16.82 kcal/mol
         60 |      1520058 |  -15.24 kcal/mol |  -16.59 +/-    0.32 kcal/mol |       8 |  -16.85 kcal/mol
         65 |      1651561 |  -15.98 kcal/mol |  -16.84 +/-    0.02 kcal/mol |       2 |  -16.85 kcal/mol
         70 |      1783564 |  -15.71 kcal/mol |  -16.84 +/-    0.02 kcal/mol |       2 |  -16.85 kcal/mol
         75 |      1915361 |  -15.71 kcal/mol |  -16.83 +/-    0.02 kcal/mol |       4 |  -16.85 kcal/mol
         80 |      2046967 |  -16.27 kcal/mol |  -16.71 +/-    0.21 kcal/mol |       4 |  -16.85 kcal/mol
------------+--------------+------------------+------------------------------+---------+-------------------

                                   Finished evaluation after reaching
                                  -16.79 +/-    0.14 kcal/mol combined.
                             12 samples, best inter + intra   -16.85 kcal/mol.


Shutdown time 0.000661s

Job #1 took 1.416 sec after waiting 4.460 sec for setup

(Thread 0 is processing Job #1)
Run time of entire job set (1 file): 5.936 sec
Processing time: 0.060 sec

All jobs (1) ran without errors.
