AutoDock-GPU version: v1.6-7-ga46ab564d2ac5f1a1523f65239b43505a1c29364-dirty

Using 1 OpenMP threads

Running 3 docking calculations

Cuda device:                              NVIDIA A100-SXM4-40GB
Available memory on device:               39916 MB (total: 40339 MB)

CUDA Setup time 0.232625s
(Thread 0 is setting up Job #1)

Running Job #1:
    Device: NVIDIA A100-SXM4-40GB
    Grid map file: ./protein.maps.fld
    Ligand file: ./ligand_1_1.pdbqt
    Output file: docking_result_1.dlg (+ xml)
    Using heuristics: (capped) number of evaluations set to 2068966
    Local-search chosen method is: ADADELTA (ad)

Rest of Setup time 0.308996s

Executing docking runs, stopping automatically after either reaching 0.15 kcal/mol standard deviation of
the best molecules of the last 4 * 5 generations, 42000 generations, or 2068966 evaluations:

Generations |  Evaluations |     Threshold    |  Average energy of best 10%  | Samples | Best Inter + Intra
------------+--------------+------------------+------------------------------+---------+-------------------
          0 |          150 |   -1.80 kcal/mol |   -2.47 +/-    0.18 kcal/mol |       4 |   -2.70 kcal/mol
          5 |       131836 |   -1.80 kcal/mol |   -4.48 +/-    1.39 kcal/mol |     844 |   -9.66 kcal/mol
         10 |       260887 |   -4.45 kcal/mol |   -8.23 +/-    0.94 kcal/mol |      47 |  -11.24 kcal/mol
         15 |       390456 |   -7.93 kcal/mol |  -10.92 +/-    0.55 kcal/mol |       7 |  -11.83 kcal/mol
         20 |       519258 |   -9.74 kcal/mol |  -11.30 +/-    0.29 kcal/mol |       8 |  -11.83 kcal/mol
         25 |       650678 |  -10.75 kcal/mol |  -11.74 +/-    0.15 kcal/mol |       6 |  -11.84 kcal/mol
         30 |       779849 |  -11.35 kcal/mol |  -11.74 +/-    0.18 kcal/mol |       4 |  -11.86 kcal/mol
         35 |       907847 |  -11.07 kcal/mol |  -11.58 +/-    0.20 kcal/mol |       5 |  -11.86 kcal/mol
         40 |      1035816 |  -10.99 kcal/mol |  -11.62 +/-    0.18 kcal/mol |       8 |  -11.86 kcal/mol
         45 |      1164405 |  -11.27 kcal/mol |  -11.55 +/-    0.17 kcal/mol |       7 |  -11.86 kcal/mol
         50 |      1291899 |  -11.18 kcal/mol |  -11.78 +/-    0.08 kcal/mol |       5 |  -11.86 kcal/mol
         55 |      1422325 |  -11.53 kcal/mol |  -11.83 +/-    0.04 kcal/mol |       2 |  -11.86 kcal/mol
         60 |      1551636 |  -10.70 kcal/mol |  -11.47 +/-    0.29 kcal/mol |      16 |  -11.86 kcal/mol
         65 |      1682263 |  -11.20 kcal/mol |  -11.80 +/-    0.04 kcal/mol |       5 |  -11.87 kcal/mol
         70 |      1814166 |  -11.35 kcal/mol |  -11.83 +/-    0.04 kcal/mol |       9 |  -11.87 kcal/mol
         75 |      1940576 |  -11.58 kcal/mol |  -11.80 +/-    0.05 kcal/mol |       9 |  -11.87 kcal/mol
         80 |      2068470 |  -11.55 kcal/mol |  -11.78 +/-    0.05 kcal/mol |      10 |  -11.87 kcal/mol
------------+--------------+------------------+------------------------------+---------+-------------------

                                   Finished evaluation after reaching
                                  -11.80 +/-    0.05 kcal/mol combined.
                             33 samples, best inter + intra   -11.87 kcal/mol.


Shutdown time 0.000629s

Job #1 took 0.888 sec after waiting 4.478 sec for setup

(Thread 0 is processing Job #1)
(Thread 0 is setting up Job #2)

Running Job #2:
    Device: NVIDIA A100-SXM4-40GB
    Grid map file: ./protein.maps.fld
    Ligand file: ./ligand_2_2.pdbqt
    Output file: docking_result_2.dlg (+ xml)
    Using heuristics: (capped) number of evaluations set to 2280181
    Local-search chosen method is: ADADELTA (ad)

Rest of Setup time 0.305657s

Executing docking runs, stopping automatically after either reaching 0.15 kcal/mol standard deviation of
the best molecules of the last 4 * 5 generations, 42000 generations, or 2280181 evaluations:

Generations |  Evaluations |     Threshold    |  Average energy of best 10%  | Samples | Best Inter + Intra
------------+--------------+------------------+------------------------------+---------+-------------------
          0 |          150 |   -2.22 kcal/mol |   -2.68 +/-    0.15 kcal/mol |       5 |   -2.90 kcal/mol
          5 |       113252 |   -2.22 kcal/mol |   -5.47 +/-    1.75 kcal/mol |     807 |  -12.72 kcal/mol
         10 |       227833 |   -5.44 kcal/mol |  -10.50 +/-    1.13 kcal/mol |      22 |  -12.94 kcal/mol
         15 |       343775 |   -9.72 kcal/mol |  -12.51 +/-    0.43 kcal/mol |       6 |  -13.29 kcal/mol
         20 |       460747 |  -11.43 kcal/mol |  -12.78 +/-    0.35 kcal/mol |       6 |  -13.33 kcal/mol
         25 |       578408 |  -11.90 kcal/mol |  -13.05 +/-    0.19 kcal/mol |       4 |  -13.33 kcal/mol
         30 |       698709 |  -12.33 kcal/mol |  -13.09 +/-    0.13 kcal/mol |       8 |  -13.38 kcal/mol
         35 |       819678 |  -12.84 kcal/mol |  -13.14 +/-    0.15 kcal/mol |       5 |  -13.40 kcal/mol
         40 |       939835 |  -12.70 kcal/mol |  -13.08 +/-    0.16 kcal/mol |       7 |  -13.40 kcal/mol
         45 |      1059140 |  -12.73 kcal/mol |  -13.22 +/-    0.13 kcal/mol |       9 |  -13.40 kcal/mol
         50 |      1177074 |  -13.01 kcal/mol |  -13.20 +/-    0.17 kcal/mol |      10 |  -13.46 kcal/mol
         55 |      1296934 |  -12.95 kcal/mol |  -13.34 +/-    0.15 kcal/mol |       9 |  -13.52 kcal/mol
         60 |      1412705 |  -13.08 kcal/mol |  -13.33 +/-    0.14 kcal/mol |       8 |  -13.52 kcal/mol
         65 |      1529390 |  -13.07 kcal/mol |  -13.38 +/-    0.11 kcal/mol |       9 |  -13.52 kcal/mol
         70 |      1647271 |  -13.20 kcal/mol |  -13.43 +/-    0.14 kcal/mol |      13 |  -13.75 kcal/mol
         75 |      1768366 |  -13.26 kcal/mol |  -13.50 +/-    0.15 kcal/mol |       8 |  -13.75 kcal/mol
         80 |      1888286 |  -13.22 kcal/mol |  -13.42 +/-    0.17 kcal/mol |      16 |  -13.78 kcal/mol
         85 |      2007987 |  -13.26 kcal/mol |  -13.52 +/-    0.16 kcal/mol |      16 |  -13.82 kcal/mol
         90 |      2128988 |  -13.36 kcal/mol |  -13.56 +/-    0.16 kcal/mol |      14 |  -13.82 kcal/mol
         95 |      2251155 |  -13.38 kcal/mol |  -13.52 +/-    0.14 kcal/mol |      13 |  -13.82 kcal/mol
         97 |      2299390 |  -13.36 kcal/mol |  -13.54 +/-    0.14 kcal/mol |      21 |  -13.82 kcal/mol
------------+--------------+------------------+------------------------------+---------+-------------------

                                   Finished evaluation after reaching
                       2299390 evaluations. Best inter + intra   -13.82 kcal/mol.


Shutdown time 0.000652s

Job #2 took 1.238 sec after waiting 0.027 sec for setup

(Thread 0 is processing Job #2)
(Thread 0 is setting up Job #3)

Running Job #3:
    Device: NVIDIA A100-SXM4-40GB
    Grid map file: ./protein.maps.fld
    Ligand file: ./ligand_3_3.pdbqt
    Output file: docking_result_3.dlg (+ xml)
    Using heuristics: (capped) number of evaluations set to 2068966
    Local-search chosen method is: ADADELTA (ad)

Rest of Setup time 0.304061s

Executing docking runs, stopping automatically after either reaching 0.15 kcal/mol standard deviation of
the best molecules of the last 4 * 5 generations, 42000 generations, or 2068966 evaluations:

Generations |  Evaluations |     Threshold    |  Average energy of best 10%  | Samples | Best Inter + Intra
------------+--------------+------------------+------------------------------+---------+-------------------
          0 |          150 |   -2.41 kcal/mol |   -2.87 +/-    0.12 kcal/mol |       4 |   -2.96 kcal/mol
          5 |       108827 |   -2.41 kcal/mol |   -5.30 +/-    1.61 kcal/mol |     773 |  -11.20 kcal/mol
         10 |       217424 |   -5.27 kcal/mol |   -9.54 +/-    0.91 kcal/mol |      30 |  -11.82 kcal/mol
         15 |       328950 |   -9.09 kcal/mol |  -11.42 +/-    0.29 kcal/mol |       9 |  -11.84 kcal/mol
         20 |       439152 |  -10.93 kcal/mol |  -11.88 +/-    0.40 kcal/mol |       4 |  -12.34 kcal/mol
         25 |       552327 |  -10.36 kcal/mol |  -11.78 +/-    0.46 kcal/mol |      10 |  -12.47 kcal/mol
         30 |       666661 |  -11.10 kcal/mol |  -12.36 +/-    0.11 kcal/mol |       4 |  -12.47 kcal/mol
         35 |       779810 |  -11.95 kcal/mol |  -12.40 +/-    0.22 kcal/mol |       5 |  -12.80 kcal/mol
         40 |       895766 |  -11.73 kcal/mol |  -12.65 +/-    0.16 kcal/mol |       9 |  -12.83 kcal/mol
         45 |      1010274 |  -12.39 kcal/mol |  -12.96 +/-    0.22 kcal/mol |       6 |  -13.39 kcal/mol
         50 |      1126750 |  -12.42 kcal/mol |  -12.98 +/-    0.21 kcal/mol |       7 |  -13.39 kcal/mol
         55 |      1243937 |  -12.54 kcal/mol |  -13.29 +/-    0.24 kcal/mol |       4 |  -13.69 kcal/mol
         60 |      1357512 |  -12.38 kcal/mol |  -13.21 +/-    0.26 kcal/mol |       9 |  -13.69 kcal/mol
         65 |      1476965 |  -12.78 kcal/mol |  -13.49 +/-    0.19 kcal/mol |       5 |  -13.69 kcal/mol
         70 |      1594419 |  -12.92 kcal/mol |  -13.51 +/-    0.16 kcal/mol |       6 |  -13.69 kcal/mol
         75 |      1708632 |  -13.11 kcal/mol |  -13.53 +/-    0.15 kcal/mol |       5 |  -13.69 kcal/mol
         80 |      1822823 |  -13.09 kcal/mol |  -13.64 +/-    0.03 kcal/mol |       4 |  -13.69 kcal/mol
         85 |      1939172 |  -13.08 kcal/mol |  -13.64 +/-    0.12 kcal/mol |       7 |  -13.78 kcal/mol
         90 |      2053427 |  -13.38 kcal/mol |  -13.73 +/-    0.06 kcal/mol |       5 |  -13.85 kcal/mol
         91 |      2076289 |  -13.28 kcal/mol |  -13.75 +/-    0.07 kcal/mol |       9 |  -13.85 kcal/mol
------------+--------------+------------------+------------------------------+---------+-------------------

                                   Finished evaluation after reaching
                       2076289 evaluations. Best inter + intra   -13.85 kcal/mol.


Shutdown time 0.000732s

Job #3 took 1.152 sec after waiting 0.037 sec for setup

(Thread 0 is processing Job #3)
Run time of entire job set (3 files): 7.862 sec
Savings from multithreading: -0.000 sec
Idle time of execution thread: 4.583 sec

All jobs (3) ran without errors.
