AutoDock-GPU version: v1.6-7-ga46ab564d2ac5f1a1523f65239b43505a1c29364-dirty

Running 1 docking calculation

Cuda device:                              NVIDIA A100-SXM4-40GB
Available memory on device:               39916 MB (total: 40339 MB)

CUDA Setup time 0.235872s
(Thread 0 is setting up Job #1)

Running Job #1
    Using heuristics: (capped) number of evaluations set to 4195460
    Overriding heuristics, setting number of evaluations to --nev = 2500000 instead.
    Warning: The set number of evals is 38.75% of the uncapped heuristics estimate of 6450800 evals.
             This means this docking may not be able to converge. Increasing --heurmax may improve
             convergence but will also increase runtime.
             AutoStop will not stop before 17.33% (433129) of the set number of evaluations.
    Local-search chosen method is: ADADELTA (ad)

Rest of Setup time 0.303677s

Executing docking runs, stopping automatically after either reaching 0.15 kcal/mol standard deviation of
the best molecules of the last 4 * 5 generations, 42000 generations, or 2500000 evaluations:

Generations |  Evaluations |     Threshold    |  Average energy of best 10%  | Samples | Best Inter + Intra
------------+--------------+------------------+------------------------------+---------+-------------------
          0 |          150 |   -0.90 kcal/mol |   -1.87 +/-    0.30 kcal/mol |       4 |   -2.21 kcal/mol
          5 |       146165 |   -0.76 kcal/mol |   -4.97 +/-    1.70 kcal/mol |    1246 |  -11.41 kcal/mol
         10 |       291198 |   -4.95 kcal/mol |   -9.39 +/-    0.82 kcal/mol |      57 |  -11.58 kcal/mol
         15 |       436410 |   -9.17 kcal/mol |  -11.37 +/-    0.18 kcal/mol |       6 |  -11.58 kcal/mol
         20 |       580610 |  -10.91 kcal/mol |  -11.48 +/-    0.12 kcal/mol |       7 |  -11.62 kcal/mol
         25 |       723176 |  -11.22 kcal/mol |  -11.67 +/-    0.24 kcal/mol |       4 |  -11.96 kcal/mol
         30 |       864463 |  -10.78 kcal/mol |  -11.58 +/-    0.24 kcal/mol |       9 |  -11.96 kcal/mol
         35 |      1006708 |  -11.19 kcal/mol |  -11.78 +/-    0.14 kcal/mol |       5 |  -11.96 kcal/mol
         40 |      1149224 |  -11.34 kcal/mol |  -11.97 +/-    0.14 kcal/mol |       4 |  -12.09 kcal/mol
         45 |      1290200 |  -11.46 kcal/mol |  -11.68 +/-    0.19 kcal/mol |       9 |  -12.09 kcal/mol
         50 |      1430703 |  -11.36 kcal/mol |  -11.94 +/-    0.12 kcal/mol |       5 |  -12.09 kcal/mol
         55 |      1574179 |  -11.59 kcal/mol |  -11.98 +/-    0.09 kcal/mol |       6 |  -12.09 kcal/mol
         60 |      1714852 |  -11.75 kcal/mol |  -12.21 +/-    0.33 kcal/mol |       9 |  -12.87 kcal/mol
         65 |      1855323 |  -11.67 kcal/mol |  -12.29 +/-    0.28 kcal/mol |       7 |  -12.95 kcal/mol
         70 |      1995397 |  -11.70 kcal/mol |  -12.55 +/-    0.24 kcal/mol |       4 |  -12.95 kcal/mol
         75 |      2135077 |  -11.66 kcal/mol |  -12.50 +/-    0.26 kcal/mol |       8 |  -12.95 kcal/mol
         80 |      2272818 |  -12.02 kcal/mol |  -12.57 +/-    0.18 kcal/mol |       7 |  -12.95 kcal/mol
         85 |      2411600 |  -12.18 kcal/mol |  -12.76 +/-    0.16 kcal/mol |       5 |  -12.96 kcal/mol
         89 |      2523524 |  -12.28 kcal/mol |  -12.75 +/-    0.15 kcal/mol |       9 |  -12.97 kcal/mol
------------+--------------+------------------+------------------------------+---------+-------------------

                                   Finished evaluation after reaching
                       2523524 evaluations. Best inter + intra   -12.97 kcal/mol.


Shutdown time 0.000674s

Job #1 took 1.220 sec after waiting 4.503 sec for setup

(Thread 0 is processing Job #1)
Run time of entire job set (1 file): 5.759 sec
Processing time: 0.036 sec

All jobs (1) ran without errors.
