AutoDock-GPU version: v1.6-7-ga46ab564d2ac5f1a1523f65239b43505a1c29364-dirty

Using 1 OpenMP threads

Running 3 docking calculations

Cuda device:                              NVIDIA A100-SXM4-40GB
Available memory on device:               39916 MB (total: 40339 MB)

CUDA Setup time 0.234018s
(Thread 0 is setting up Job #1)

Running Job #1:
    Device: NVIDIA A100-SXM4-40GB
    Grid map file: ./protein.maps.fld
    Ligand file: ./ligand_1_1.pdbqt
    Output file: docking_result_1.dlg (+ xml)
    Using heuristics: (capped) number of evaluations set to 2280181
    Local-search chosen method is: ADADELTA (ad)

Rest of Setup time 0.307517s

Executing docking runs, stopping automatically after either reaching 0.15 kcal/mol standard deviation of
the best molecules of the last 4 * 5 generations, 42000 generations, or 2280181 evaluations:

Generations |  Evaluations |     Threshold    |  Average energy of best 10%  | Samples | Best Inter + Intra
------------+--------------+------------------+------------------------------+---------+-------------------
          0 |          150 |   -2.67 kcal/mol |   -3.52 +/-    0.23 kcal/mol |       4 |   -3.79 kcal/mol
          5 |       114827 |   -2.67 kcal/mol |   -5.72 +/-    1.63 kcal/mol |     816 |  -11.64 kcal/mol
         10 |       227861 |   -5.69 kcal/mol |   -9.93 +/-    0.80 kcal/mol |      39 |  -11.84 kcal/mol
         15 |       342656 |   -9.62 kcal/mol |  -11.79 +/-    0.52 kcal/mol |      14 |  -13.09 kcal/mol
         20 |       457964 |  -11.23 kcal/mol |  -12.76 +/-    0.21 kcal/mol |       4 |  -13.09 kcal/mol
         25 |       573240 |  -11.97 kcal/mol |  -13.02 +/-    0.37 kcal/mol |       6 |  -13.49 kcal/mol
         30 |       691032 |  -12.10 kcal/mol |  -13.27 +/-    0.19 kcal/mol |       6 |  -13.49 kcal/mol
         35 |       808512 |  -12.81 kcal/mol |  -13.51 +/-    0.28 kcal/mol |       4 |  -13.93 kcal/mol
         40 |       924222 |  -12.46 kcal/mol |  -13.39 +/-    0.32 kcal/mol |       6 |  -14.00 kcal/mol
         45 |      1039430 |  -12.59 kcal/mol |  -13.61 +/-    0.26 kcal/mol |       4 |  -14.06 kcal/mol
         50 |      1155861 |  -12.62 kcal/mol |  -13.51 +/-    0.34 kcal/mol |       7 |  -14.25 kcal/mol
         55 |      1275163 |  -12.78 kcal/mol |  -13.77 +/-    0.38 kcal/mol |       5 |  -14.25 kcal/mol
         60 |      1389338 |  -12.62 kcal/mol |  -13.67 +/-    0.30 kcal/mol |       6 |  -14.25 kcal/mol
         65 |      1505462 |  -12.92 kcal/mol |  -13.84 +/-    0.27 kcal/mol |       4 |  -14.25 kcal/mol
         70 |      1620960 |  -12.84 kcal/mol |  -13.73 +/-    0.36 kcal/mol |      10 |  -14.25 kcal/mol
         75 |      1735327 |  -13.19 kcal/mol |  -13.85 +/-    0.27 kcal/mol |       4 |  -14.27 kcal/mol
         80 |      1850785 |  -12.82 kcal/mol |  -13.57 +/-    0.32 kcal/mol |      14 |  -14.27 kcal/mol
         85 |      1967136 |  -13.22 kcal/mol |  -14.07 +/-    0.19 kcal/mol |       6 |  -14.28 kcal/mol
         90 |      2085367 |  -13.58 kcal/mol |  -14.02 +/-    0.16 kcal/mol |       7 |  -14.28 kcal/mol
         95 |      2205563 |  -13.69 kcal/mol |  -14.25 +/-    0.03 kcal/mol |       6 |  -14.28 kcal/mol
         99 |      2300347 |  -13.87 kcal/mol |  -14.32 +/-    0.13 kcal/mol |       8 |  -14.55 kcal/mol
------------+--------------+------------------+------------------------------+---------+-------------------

                                   Finished evaluation after reaching
                       2300347 evaluations. Best inter + intra   -14.55 kcal/mol.


Shutdown time 0.000735s

Job #1 took 1.304 sec after waiting 4.471 sec for setup

(Thread 0 is processing Job #1)
(Thread 0 is setting up Job #2)

Running Job #2:
    Device: NVIDIA A100-SXM4-40GB
    Grid map file: ./protein.maps.fld
    Ligand file: ./ligand_2_2.pdbqt
    Output file: docking_result_2.dlg (+ xml)
    Using heuristics: (capped) number of evaluations set to 2068966
    Local-search chosen method is: ADADELTA (ad)

Rest of Setup time 0.303530s

Executing docking runs, stopping automatically after either reaching 0.15 kcal/mol standard deviation of
the best molecules of the last 4 * 5 generations, 42000 generations, or 2068966 evaluations:

Generations |  Evaluations |     Threshold    |  Average energy of best 10%  | Samples | Best Inter + Intra
------------+--------------+------------------+------------------------------+---------+-------------------
          0 |          150 |   -2.14 kcal/mol |   -3.34 +/-    0.32 kcal/mol |       4 |   -3.77 kcal/mol
          5 |       107561 |   -2.14 kcal/mol |   -5.15 +/-    1.50 kcal/mol |     723 |  -12.02 kcal/mol
         10 |       216261 |   -5.12 kcal/mol |   -9.30 +/-    1.12 kcal/mol |      26 |  -12.22 kcal/mol
         15 |       329931 |   -8.65 kcal/mol |  -11.48 +/-    0.43 kcal/mol |       6 |  -12.22 kcal/mol
         20 |       444605 |  -10.41 kcal/mol |  -11.62 +/-    0.48 kcal/mol |       4 |  -12.44 kcal/mol
         25 |       559468 |   -9.84 kcal/mol |  -11.68 +/-    0.37 kcal/mol |       8 |  -12.44 kcal/mol
         30 |       674911 |  -10.99 kcal/mol |  -12.18 +/-    0.20 kcal/mol |       5 |  -12.44 kcal/mol
         35 |       789910 |  -11.60 kcal/mol |  -12.48 +/-    0.14 kcal/mol |       6 |  -12.66 kcal/mol
         40 |       904104 |  -12.13 kcal/mol |  -12.47 +/-    0.14 kcal/mol |       7 |  -12.66 kcal/mol
         45 |      1016499 |  -12.17 kcal/mol |  -12.86 +/-    0.09 kcal/mol |       5 |  -12.93 kcal/mol
         50 |      1132741 |  -12.59 kcal/mol |  -12.92 +/-    0.01 kcal/mol |       3 |  -12.93 kcal/mol
         55 |      1250809 |  -12.17 kcal/mol |  -12.68 +/-    0.23 kcal/mol |       8 |  -13.12 kcal/mol
         60 |      1366439 |  -12.24 kcal/mol |  -12.65 +/-    0.22 kcal/mol |       8 |  -13.12 kcal/mol
         65 |      1483176 |  -12.23 kcal/mol |  -13.07 +/-    0.09 kcal/mol |       5 |  -13.15 kcal/mol
         70 |      1602211 |  -12.81 kcal/mol |  -13.03 +/-    0.12 kcal/mol |       4 |  -13.15 kcal/mol
         75 |      1721000 |  -12.58 kcal/mol |  -12.86 +/-    0.17 kcal/mol |       6 |  -13.15 kcal/mol
         80 |      1839674 |  -12.43 kcal/mol |  -12.83 +/-    0.17 kcal/mol |       8 |  -13.15 kcal/mol
         85 |      1958370 |  -12.51 kcal/mol |  -12.96 +/-    0.13 kcal/mol |       7 |  -13.15 kcal/mol
         90 |      2076690 |  -12.69 kcal/mol |  -12.96 +/-    0.14 kcal/mol |      16 |  -13.15 kcal/mol
------------+--------------+------------------+------------------------------+---------+-------------------

                                   Finished evaluation after reaching
                       2076690 evaluations. Best inter + intra   -13.15 kcal/mol.


Shutdown time 0.000668s

Job #2 took 1.142 sec after waiting 0.038 sec for setup

(Thread 0 is processing Job #2)
(Thread 0 is setting up Job #3)

Running Job #3:
    Device: NVIDIA A100-SXM4-40GB
    Grid map file: ./protein.maps.fld
    Ligand file: ./ligand_3_3.pdbqt
    Output file: docking_result_3.dlg (+ xml)
    Using heuristics: (capped) number of evaluations set to 2068966
    Local-search chosen method is: ADADELTA (ad)

Rest of Setup time 0.307604s

Executing docking runs, stopping automatically after either reaching 0.15 kcal/mol standard deviation of
the best molecules of the last 4 * 5 generations, 42000 generations, or 2068966 evaluations:

Generations |  Evaluations |     Threshold    |  Average energy of best 10%  | Samples | Best Inter + Intra
------------+--------------+------------------+------------------------------+---------+-------------------
          0 |          150 |   -1.93 kcal/mol |   -2.53 +/-    0.16 kcal/mol |       4 |   -2.71 kcal/mol
          5 |       130602 |   -1.93 kcal/mol |   -4.63 +/-    1.38 kcal/mol |     876 |  -10.39 kcal/mol
         10 |       257929 |   -4.61 kcal/mol |   -8.47 +/-    0.81 kcal/mol |      52 |  -10.46 kcal/mol
         15 |       386966 |   -8.24 kcal/mol |  -10.32 +/-    0.22 kcal/mol |      13 |  -10.76 kcal/mol
         20 |       512116 |  -10.07 kcal/mol |  -10.54 +/-    0.15 kcal/mol |       9 |  -10.78 kcal/mol
         25 |       637613 |  -10.29 kcal/mol |  -10.90 +/-    0.27 kcal/mol |      11 |  -11.41 kcal/mol
         30 |       763744 |  -10.53 kcal/mol |  -11.40 +/-    0.27 kcal/mol |       4 |  -11.67 kcal/mol
         35 |       891045 |  -10.37 kcal/mol |  -11.45 +/-    0.21 kcal/mol |       6 |  -11.67 kcal/mol
         40 |      1015293 |  -10.92 kcal/mol |  -11.66 +/-    0.15 kcal/mol |       5 |  -11.74 kcal/mol
         45 |      1136673 |  -11.21 kcal/mol |  -11.52 +/-    0.23 kcal/mol |       3 |  -11.77 kcal/mol
         50 |      1257116 |  -10.39 kcal/mol |  -10.97 +/-    0.27 kcal/mol |      26 |  -11.77 kcal/mol
         55 |      1378058 |  -10.81 kcal/mol |  -11.16 +/-    0.16 kcal/mol |      19 |  -11.77 kcal/mol
         60 |      1498099 |  -11.03 kcal/mol |  -11.24 +/-    0.21 kcal/mol |       8 |  -11.77 kcal/mol
         65 |      1618717 |  -10.84 kcal/mol |  -11.10 +/-    0.19 kcal/mol |      18 |  -11.77 kcal/mol
         70 |      1737514 |  -10.94 kcal/mol |  -11.72 +/-    0.05 kcal/mol |       5 |  -11.78 kcal/mol
         75 |      1854370 |  -11.27 kcal/mol |  -11.62 +/-    0.19 kcal/mol |       4 |  -11.78 kcal/mol
         80 |      1971507 |  -10.90 kcal/mol |  -11.54 +/-    0.19 kcal/mol |       7 |  -11.78 kcal/mol
         85 |      2089653 |  -11.13 kcal/mol |  -11.62 +/-    0.17 kcal/mol |      14 |  -11.78 kcal/mol
------------+--------------+------------------+------------------------------+---------+-------------------

                                   Finished evaluation after reaching
                       2089653 evaluations. Best inter + intra   -11.78 kcal/mol.


Shutdown time 0.000689s

Job #3 took 0.872 sec after waiting 0.037 sec for setup

(Thread 0 is processing Job #3)
Run time of entire job set (3 files): 7.887 sec
Savings from multithreading: -0.000 sec
Idle time of execution thread: 4.569 sec

All jobs (3) ran without errors.
