AutoDock-GPU version: v1.6-7-ga46ab564d2ac5f1a1523f65239b43505a1c29364-dirty

Running 1 docking calculation

Cuda device:                              NVIDIA A100-SXM4-40GB
Available memory on device:               39916 MB (total: 40339 MB)

CUDA Setup time 0.230947s
(Thread 0 is setting up Job #1)

Running Job #1
    Using heuristics: (capped) number of evaluations set to 2068966
    Local-search chosen method is: ADADELTA (ad)

Rest of Setup time 0.307110s

Executing docking runs, stopping automatically after either reaching 0.15 kcal/mol standard deviation of
the best molecules of the last 4 * 5 generations, 42000 generations, or 2068966 evaluations:

Generations |  Evaluations |     Threshold    |  Average energy of best 10%  | Samples | Best Inter + Intra
------------+--------------+------------------+------------------------------+---------+-------------------
          0 |          150 |   -1.31 kcal/mol |   -1.56 +/-    0.20 kcal/mol |      12 |   -1.97 kcal/mol
          5 |       141163 |   -1.31 kcal/mol |   -4.24 +/-    1.28 kcal/mol |     929 |   -8.94 kcal/mol
         10 |       275923 |   -4.22 kcal/mol |   -7.60 +/-    0.82 kcal/mol |      57 |  -10.12 kcal/mol
         15 |       411938 |   -7.38 kcal/mol |   -9.46 +/-    0.32 kcal/mol |      15 |  -10.28 kcal/mol
         20 |       550619 |   -9.14 kcal/mol |  -10.62 +/-    0.35 kcal/mol |       4 |  -11.08 kcal/mol
         25 |       690714 |   -9.32 kcal/mol |  -10.44 +/-    0.38 kcal/mol |       7 |  -11.09 kcal/mol
         30 |       830429 |   -9.63 kcal/mol |  -10.80 +/-    0.30 kcal/mol |       4 |  -11.09 kcal/mol
         35 |       971866 |   -9.68 kcal/mol |  -10.63 +/-    0.27 kcal/mol |       9 |  -11.09 kcal/mol
         40 |      1110955 |  -10.18 kcal/mol |  -11.04 +/-    0.10 kcal/mol |       7 |  -11.09 kcal/mol
         45 |      1246827 |  -10.83 kcal/mol |  -10.98 +/-    0.11 kcal/mol |       7 |  -11.09 kcal/mol
         50 |      1381213 |  -10.75 kcal/mol |  -10.94 +/-    0.10 kcal/mol |      13 |  -11.09 kcal/mol
         55 |      1517641 |  -10.82 kcal/mol |  -11.01 +/-    0.09 kcal/mol |       8 |  -11.10 kcal/mol
------------+--------------+------------------+------------------------------+---------+-------------------

                                   Finished evaluation after reaching
                                  -10.98 +/-    0.11 kcal/mol combined.
                             35 samples, best inter + intra   -11.10 kcal/mol.


Shutdown time 0.000683s

Job #1 took 0.753 sec after waiting 4.451 sec for setup

(Thread 0 is processing Job #1)
Run time of entire job set (1 file): 5.232 sec
Processing time: 0.027 sec

All jobs (1) ran without errors.
