AutoDock-GPU version: v1.6-7-ga46ab564d2ac5f1a1523f65239b43505a1c29364-dirty

Running 1 docking calculation

Cuda device:                              NVIDIA A100-SXM4-40GB
Available memory on device:               39916 MB (total: 40339 MB)

CUDA Setup time 0.232267s
(Thread 0 is setting up Job #1)

Running Job #1
    Using heuristics: (capped) number of evaluations set to 7973093
    Overriding heuristics, setting number of evaluations to --nev = 2500000 instead.
    Warning: The set number of evals is 10.52% of the uncapped heuristics estimate of 23759450 evals.
             This means this docking may not be able to converge. Increasing --heurmax may improve
             convergence but will also increase runtime.
             AutoStop will not stop before 76.79% (1919714) of the set number of evaluations.
    Local-search chosen method is: ADADELTA (ad)

Rest of Setup time 0.304356s

Executing docking runs, stopping automatically after either reaching 0.15 kcal/mol standard deviation of
the best molecules of the last 4 * 5 generations, 42000 generations, or 2500000 evaluations:

Generations |  Evaluations |     Threshold    |  Average energy of best 10%  | Samples | Best Inter + Intra
------------+--------------+------------------+------------------------------+---------+-------------------
          0 |          150 |  261.80 kcal/mol |  176.75 +/-   23.70 kcal/mol |       6 |  125.49 kcal/mol
          5 |       117502 |  236.01 kcal/mol |    9.79 +/-   26.01 kcal/mol |    1079 |  -11.10 kcal/mol
         10 |       229238 |   10.15 kcal/mol |  -10.17 +/-    0.79 kcal/mol |       7 |  -11.57 kcal/mol
         15 |       344796 |   -8.48 kcal/mol |  -11.28 +/-    1.12 kcal/mol |       9 |  -13.86 kcal/mol
         20 |       460584 |   -9.42 kcal/mol |  -12.47 +/-    0.78 kcal/mol |       6 |  -13.86 kcal/mol
         25 |       573092 |  -10.53 kcal/mol |  -13.85 +/-    1.35 kcal/mol |       5 |  -15.93 kcal/mol
         30 |       686044 |   -9.80 kcal/mol |  -14.67 +/-    1.22 kcal/mol |       8 |  -15.99 kcal/mol
         35 |       793064 |  -12.38 kcal/mol |  -15.78 +/-    0.17 kcal/mol |       5 |  -15.99 kcal/mol
         40 |       900022 |  -15.27 kcal/mol |  -15.93 +/-    0.06 kcal/mol |       4 |  -15.99 kcal/mol
         45 |      1003024 |  -15.37 kcal/mol |  -15.93 +/-    0.06 kcal/mol |       2 |  -15.99 kcal/mol
         50 |      1103672 |  -14.81 kcal/mol |  -15.81 +/-    0.18 kcal/mol |       3 |  -15.99 kcal/mol
         55 |      1200804 |  -14.89 kcal/mol |  -15.95 +/-    0.06 kcal/mol |       3 |  -15.99 kcal/mol
         60 |      1296875 |  -15.20 kcal/mol |  -15.80 +/-    0.20 kcal/mol |       3 |  -15.99 kcal/mol
         65 |      1393014 |  -14.82 kcal/mol |  -15.60 +/-    0.48 kcal/mol |       3 |  -15.99 kcal/mol
         70 |      1486525 |  -13.22 kcal/mol |  -15.44 +/-    0.62 kcal/mol |       5 |  -15.99 kcal/mol
         75 |      1576385 |  -13.59 kcal/mol |  -15.19 +/-    0.74 kcal/mol |       4 |  -15.99 kcal/mol
         80 |      1665442 |  -12.41 kcal/mol |  -14.89 +/-    0.78 kcal/mol |       6 |  -15.99 kcal/mol
         85 |      1751305 |  -12.95 kcal/mol |  -15.16 +/-    0.77 kcal/mol |       4 |  -15.99 kcal/mol
         90 |      1837254 |  -12.28 kcal/mol |  -15.13 +/-    0.90 kcal/mol |       7 |  -15.99 kcal/mol
         95 |      1923995 |  -13.21 kcal/mol |  -15.55 +/-    0.63 kcal/mol |       4 |  -15.99 kcal/mol
------------+--------------+------------------+------------------------------+---------+-------------------

                                   Finished evaluation after reaching
                                  -15.15 +/-    0.82 kcal/mol combined.
                             21 samples, best inter + intra   -15.99 kcal/mol.


Shutdown time 0.000812s

Job #1 took 1.532 sec after waiting 4.466 sec for setup

(Thread 0 is processing Job #1)
Run time of entire job set (1 file): 6.066 sec
Processing time: 0.067 sec

All jobs (1) ran without errors.
