AutoDock-GPU version: v1.6-7-ga46ab564d2ac5f1a1523f65239b43505a1c29364-dirty

Using 1 OpenMP threads

Running 3 docking calculations

Cuda device:                              NVIDIA A100-SXM4-40GB
Available memory on device:               36562 MB (total: 40339 MB)

CUDA Setup time 0.209323s
(Thread 0 is setting up Job #1)

Running Job #1:
    Device: NVIDIA A100-SXM4-40GB
    Grid map file: ./protein.maps.fld
    Ligand file: ./ligand_1_1.pdbqt
    Output file: docking_result_1.dlg (+ xml)
    Using heuristics: (capped) number of evaluations set to 6512245
    Overriding heuristics, setting number of evaluations to --nev = 2500000 instead.
    Warning: The set number of evals is 17.56% of the uncapped heuristics estimate of 14240240 evals.
             This means this docking may not be able to converge. Increasing --heurmax may improve
             convergence but will also increase runtime.
             AutoStop will not stop before 53.80% (1345079) of the set number of evaluations.
    Local-search chosen method is: ADADELTA (ad)

Rest of Setup time 0.328021s

Executing docking runs, stopping automatically after either reaching 0.15 kcal/mol standard deviation of
the best molecules of the last 4 * 5 generations, 42000 generations, or 2500000 evaluations:

Generations |  Evaluations |     Threshold    |  Average energy of best 10%  | Samples | Best Inter + Intra
------------+--------------+------------------+------------------------------+---------+-------------------
          0 |          150 |   -2.84 kcal/mol |   -3.60 +/-    0.20 kcal/mol |       4 |   -3.85 kcal/mol
          5 |       125599 |   -2.84 kcal/mol |   -7.35 +/-    2.21 kcal/mol |    1089 |  -14.72 kcal/mol
         10 |       252811 |   -7.32 kcal/mol |  -12.82 +/-    0.89 kcal/mol |      51 |  -14.96 kcal/mol
         15 |       384265 |  -12.56 kcal/mol |  -15.11 +/-    0.89 kcal/mol |      10 |  -17.16 kcal/mol
         20 |       515743 |  -13.77 kcal/mol |  -16.48 +/-    0.88 kcal/mol |       4 |  -17.31 kcal/mol
         25 |       643901 |  -13.18 kcal/mol |  -15.69 +/-    0.64 kcal/mol |      12 |  -17.31 kcal/mol
         30 |       772618 |  -14.88 kcal/mol |  -16.92 +/-    0.29 kcal/mol |       5 |  -17.31 kcal/mol
         35 |       899266 |  -16.05 kcal/mol |  -17.12 +/-    0.17 kcal/mol |       4 |  -17.31 kcal/mol
         40 |      1025975 |  -16.46 kcal/mol |  -17.20 +/-    0.17 kcal/mol |       4 |  -17.31 kcal/mol
         45 |      1151604 |  -16.55 kcal/mol |  -17.25 +/-    0.17 kcal/mol |       7 |  -17.52 kcal/mol
         50 |      1277693 |  -16.88 kcal/mol |  -17.43 +/-    0.15 kcal/mol |       7 |  -17.67 kcal/mol
         55 |      1405357 |  -17.11 kcal/mol |  -17.81 +/-    0.34 kcal/mol |       5 |  -18.46 kcal/mol
         60 |      1527483 |  -16.80 kcal/mol |  -17.82 +/-    0.34 kcal/mol |       7 |  -18.46 kcal/mol
         65 |      1653147 |  -17.11 kcal/mol |  -18.10 +/-    0.31 kcal/mol |       4 |  -18.46 kcal/mol
         70 |      1779640 |  -16.95 kcal/mol |  -18.36 +/-    0.22 kcal/mol |      11 |  -18.69 kcal/mol
         75 |      1902331 |  -18.07 kcal/mol |  -18.58 +/-    0.19 kcal/mol |       4 |  -18.79 kcal/mol
         80 |      2027792 |  -17.85 kcal/mol |  -18.68 +/-    0.12 kcal/mol |       4 |  -18.80 kcal/mol
         85 |      2153695 |  -18.23 kcal/mol |  -18.70 +/-    0.12 kcal/mol |       6 |  -18.81 kcal/mol
         90 |      2278211 |  -18.39 kcal/mol |  -18.79 +/-    0.05 kcal/mol |       7 |  -18.83 kcal/mol
         95 |      2404350 |  -18.47 kcal/mol |  -18.69 +/-    0.12 kcal/mol |       9 |  -18.84 kcal/mol
         99 |      2505094 |  -18.50 kcal/mol |  -18.73 +/-    0.11 kcal/mol |      13 |  -18.84 kcal/mol
------------+--------------+------------------+------------------------------+---------+-------------------

                                   Finished evaluation after reaching
                       2505094 evaluations. Best inter + intra   -18.84 kcal/mol.


Shutdown time 0.000680s

Job #1 took 3.084 sec after waiting 4.455 sec for setup

(Thread 0 is processing Job #1)
(Thread 0 is setting up Job #2)

Running Job #2:
    Device: NVIDIA A100-SXM4-40GB
    Grid map file: ./protein.maps.fld
    Ligand file: ./ligand_2_2.pdbqt
    Output file: docking_result_2.dlg (+ xml)
    Using heuristics: (capped) number of evaluations set to 2068966
    Local-search chosen method is: ADADELTA (ad)

Rest of Setup time 0.307126s

Executing docking runs, stopping automatically after either reaching 0.15 kcal/mol standard deviation of
the best molecules of the last 4 * 5 generations, 42000 generations, or 2068966 evaluations:

Generations |  Evaluations |     Threshold    |  Average energy of best 10%  | Samples | Best Inter + Intra
------------+--------------+------------------+------------------------------+---------+-------------------
          0 |          150 |   -1.90 kcal/mol |   -2.89 +/-    0.38 kcal/mol |       4 |   -3.53 kcal/mol
          5 |       116984 |   -1.45 kcal/mol |   -5.75 +/-    1.88 kcal/mol |     984 |  -14.36 kcal/mol
         10 |       230148 |   -5.72 kcal/mol |  -11.10 +/-    1.45 kcal/mol |      35 |  -14.40 kcal/mol
         15 |       347581 |  -10.48 kcal/mol |  -14.36 +/-    0.41 kcal/mol |      12 |  -15.07 kcal/mol
         20 |       465982 |  -13.85 kcal/mol |  -14.75 +/-    0.32 kcal/mol |       4 |  -15.07 kcal/mol
         25 |       583776 |  -13.56 kcal/mol |  -14.54 +/-    0.23 kcal/mol |       7 |  -15.07 kcal/mol
         30 |       703927 |  -14.06 kcal/mol |  -14.59 +/-    0.25 kcal/mol |       7 |  -15.17 kcal/mol
         35 |       825386 |  -14.06 kcal/mol |  -14.87 +/-    0.22 kcal/mol |       4 |  -15.17 kcal/mol
         40 |       944213 |  -14.06 kcal/mol |  -14.89 +/-    0.22 kcal/mol |       4 |  -15.17 kcal/mol
         45 |      1061281 |  -14.07 kcal/mol |  -15.15 +/-    0.15 kcal/mol |       4 |  -15.34 kcal/mol
         50 |      1177596 |  -14.57 kcal/mol |  -15.27 +/-    0.26 kcal/mol |       4 |  -15.64 kcal/mol
         55 |      1298728 |  -14.28 kcal/mol |  -15.25 +/-    0.34 kcal/mol |       5 |  -15.64 kcal/mol
         60 |      1419035 |  -14.23 kcal/mol |  -15.48 +/-    0.37 kcal/mol |       5 |  -15.89 kcal/mol
         65 |      1542396 |  -14.37 kcal/mol |  -15.47 +/-    0.44 kcal/mol |       4 |  -16.03 kcal/mol
         70 |      1664727 |  -13.81 kcal/mol |  -15.33 +/-    0.42 kcal/mol |       6 |  -16.03 kcal/mol
         75 |      1787676 |  -14.28 kcal/mol |  -15.93 +/-    0.43 kcal/mol |       4 |  -16.21 kcal/mol
         80 |      1911558 |  -14.32 kcal/mol |  -15.76 +/-    0.48 kcal/mol |       4 |  -16.30 kcal/mol
         85 |      2034523 |  -13.97 kcal/mol |  -15.73 +/-    0.54 kcal/mol |       4 |  -16.36 kcal/mol
         87 |      2084378 |  -13.69 kcal/mol |  -15.75 +/-    0.57 kcal/mol |       9 |  -16.36 kcal/mol
------------+--------------+------------------+------------------------------+---------+-------------------

                                   Finished evaluation after reaching
                       2084378 evaluations. Best inter + intra   -16.36 kcal/mol.


Shutdown time 0.000715s

Job #2 took 2.524 sec after waiting 0.067 sec for setup

(Thread 0 is processing Job #2)
(Thread 0 is setting up Job #3)

Running Job #3:
    Device: NVIDIA A100-SXM4-40GB
    Grid map file: ./protein.maps.fld
    Ligand file: ./ligand_3_3.pdbqt
    Output file: docking_result_3.dlg (+ xml)
    Using heuristics: (capped) number of evaluations set to 2068966
    Local-search chosen method is: ADADELTA (ad)

Rest of Setup time 0.370372s

Executing docking runs, stopping automatically after either reaching 0.15 kcal/mol standard deviation of
the best molecules of the last 4 * 5 generations, 42000 generations, or 2068966 evaluations:

Generations |  Evaluations |     Threshold    |  Average energy of best 10%  | Samples | Best Inter + Intra
------------+--------------+------------------+------------------------------+---------+-------------------
          0 |          150 |   -2.78 kcal/mol |   -3.56 +/-    0.21 kcal/mol |       4 |   -3.81 kcal/mol
          5 |       115858 |   -2.77 kcal/mol |   -5.31 +/-    1.44 kcal/mol |     726 |  -12.15 kcal/mol
         10 |       234682 |   -5.28 kcal/mol |   -9.44 +/-    1.01 kcal/mol |      50 |  -12.47 kcal/mol
         15 |       357129 |   -9.13 kcal/mol |  -11.94 +/-    0.53 kcal/mol |       9 |  -12.49 kcal/mol
         20 |       482078 |  -11.06 kcal/mol |  -12.27 +/-    0.17 kcal/mol |       4 |  -12.49 kcal/mol
         25 |       605995 |  -11.62 kcal/mol |  -12.29 +/-    0.26 kcal/mol |      13 |  -12.99 kcal/mol
         30 |       732519 |  -11.99 kcal/mol |  -13.27 +/-    0.39 kcal/mol |       4 |  -13.68 kcal/mol
         35 |       857518 |  -11.81 kcal/mol |  -13.40 +/-    0.26 kcal/mol |       6 |  -13.68 kcal/mol
         40 |       982866 |  -12.75 kcal/mol |  -13.58 +/-    0.10 kcal/mol |       4 |  -13.68 kcal/mol
         45 |      1107513 |  -13.20 kcal/mol |  -13.74 +/-    0.13 kcal/mol |       5 |  -13.82 kcal/mol
         50 |      1230070 |  -13.34 kcal/mol |  -13.62 +/-    0.17 kcal/mol |       5 |  -13.82 kcal/mol
         55 |      1354075 |  -13.12 kcal/mol |  -13.49 +/-    0.19 kcal/mol |       7 |  -13.82 kcal/mol
         60 |      1473042 |  -13.08 kcal/mol |  -13.60 +/-    0.13 kcal/mol |       7 |  -13.82 kcal/mol
         65 |      1592040 |  -13.32 kcal/mol |  -13.54 +/-    0.16 kcal/mol |       6 |  -13.83 kcal/mol
         70 |      1712886 |  -13.14 kcal/mol |  -13.57 +/-    0.15 kcal/mol |      16 |  -13.83 kcal/mol
         75 |      1832167 |  -13.44 kcal/mol |  -13.73 +/-    0.11 kcal/mol |       9 |  -13.83 kcal/mol
         80 |      1955393 |  -13.54 kcal/mol |  -13.82 +/-    0.00 kcal/mol |       5 |  -13.83 kcal/mol
         85 |      2078880 |  -13.37 kcal/mol |  -13.72 +/-    0.14 kcal/mol |      19 |  -13.83 kcal/mol
------------+--------------+------------------+------------------------------+---------+-------------------

                                   Finished evaluation after reaching
                       2078880 evaluations. Best inter + intra   -13.83 kcal/mol.


Shutdown time 0.000713s

Job #3 took 1.084 sec after waiting 0.049 sec for setup

(Thread 0 is processing Job #3)
Run time of entire job set (3 files): 11.296 sec
Savings from multithreading: -0.000 sec
Idle time of execution thread: 4.603 sec

All jobs (3) ran without errors.
