AutoDock-GPU version: v1.6-7-ga46ab564d2ac5f1a1523f65239b43505a1c29364-dirty

Using 1 OpenMP threads

Running 3 docking calculations

Cuda device:                              NVIDIA A100-SXM4-40GB
Available memory on device:               39916 MB (total: 40339 MB)

CUDA Setup time 0.231169s
(Thread 0 is setting up Job #1)

Running Job #1:
    Device: NVIDIA A100-SXM4-40GB
    Grid map file: ./protein.maps.fld
    Ligand file: ./ligand_1_1.pdbqt
    Output file: docking_result_1.dlg (+ xml)
    Using heuristics: (capped) number of evaluations set to 2068966
    Local-search chosen method is: ADADELTA (ad)

Rest of Setup time 0.304601s

Executing docking runs, stopping automatically after either reaching 0.15 kcal/mol standard deviation of
the best molecules of the last 4 * 5 generations, 42000 generations, or 2068966 evaluations:

Generations |  Evaluations |     Threshold    |  Average energy of best 10%  | Samples | Best Inter + Intra
------------+--------------+------------------+------------------------------+---------+-------------------
          0 |          150 |   -1.64 kcal/mol |   -1.95 +/-    0.14 kcal/mol |       7 |   -2.29 kcal/mol
          5 |       136090 |   -1.64 kcal/mol |   -4.46 +/-    1.44 kcal/mol |     991 |   -9.85 kcal/mol
         10 |       267098 |   -4.44 kcal/mol |   -8.02 +/-    0.54 kcal/mol |      58 |   -9.99 kcal/mol
         15 |       402593 |   -7.88 kcal/mol |   -9.56 +/-    0.51 kcal/mol |      11 |  -10.95 kcal/mol
         20 |       537168 |   -8.86 kcal/mol |  -10.43 +/-    0.39 kcal/mol |       5 |  -11.00 kcal/mol
         25 |       671242 |   -9.27 kcal/mol |  -10.68 +/-    0.26 kcal/mol |       9 |  -11.00 kcal/mol
         30 |       804606 |  -10.24 kcal/mol |  -10.72 +/-    0.16 kcal/mol |       5 |  -11.01 kcal/mol
         35 |       938613 |  -10.25 kcal/mol |  -10.61 +/-    0.16 kcal/mol |       9 |  -11.01 kcal/mol
         40 |      1071325 |  -10.34 kcal/mol |  -10.61 +/-    0.19 kcal/mol |      11 |  -11.01 kcal/mol
         45 |      1200387 |  -10.35 kcal/mol |  -10.67 +/-    0.16 kcal/mol |      15 |  -11.01 kcal/mol
         50 |      1330155 |  -10.51 kcal/mol |  -11.12 +/-    0.21 kcal/mol |       8 |  -11.62 kcal/mol
         55 |      1461940 |  -10.74 kcal/mol |  -11.44 +/-    0.20 kcal/mol |       5 |  -11.66 kcal/mol
         60 |      1591829 |  -10.85 kcal/mol |  -11.42 +/-    0.20 kcal/mol |       4 |  -11.66 kcal/mol
         65 |      1722076 |  -10.66 kcal/mol |  -11.30 +/-    0.28 kcal/mol |       5 |  -11.66 kcal/mol
         70 |      1849783 |  -10.47 kcal/mol |  -11.41 +/-    0.22 kcal/mol |       7 |  -11.66 kcal/mol
         75 |      1977712 |  -10.93 kcal/mol |  -11.54 +/-    0.13 kcal/mol |       4 |  -11.66 kcal/mol
         79 |      2079234 |  -11.06 kcal/mol |  -11.57 +/-    0.10 kcal/mol |       8 |  -11.66 kcal/mol
------------+--------------+------------------+------------------------------+---------+-------------------

                                   Finished evaluation after reaching
                       2079234 evaluations. Best inter + intra   -11.66 kcal/mol.


Shutdown time 0.000703s

Job #1 took 0.943 sec after waiting 4.472 sec for setup

(Thread 0 is processing Job #1)
(Thread 0 is setting up Job #2)

Running Job #2:
    Device: NVIDIA A100-SXM4-40GB
    Grid map file: ./protein.maps.fld
    Ligand file: ./ligand_2_2.pdbqt
    Output file: docking_result_2.dlg (+ xml)
    Using heuristics: (capped) number of evaluations set to 2280181
    Local-search chosen method is: ADADELTA (ad)

Rest of Setup time 0.301587s

Executing docking runs, stopping automatically after either reaching 0.15 kcal/mol standard deviation of
the best molecules of the last 4 * 5 generations, 42000 generations, or 2280181 evaluations:

Generations |  Evaluations |     Threshold    |  Average energy of best 10%  | Samples | Best Inter + Intra
------------+--------------+------------------+------------------------------+---------+-------------------
          0 |          150 |   -1.20 kcal/mol |   -2.23 +/-    0.32 kcal/mol |       6 |   -2.87 kcal/mol
          5 |       124580 |   -1.44 kcal/mol |   -5.21 +/-    1.68 kcal/mol |     891 |  -12.39 kcal/mol
         10 |       248521 |   -5.18 kcal/mol |  -10.26 +/-    1.39 kcal/mol |      43 |  -13.04 kcal/mol
         15 |       375526 |   -9.78 kcal/mol |  -12.65 +/-    0.20 kcal/mol |       7 |  -13.06 kcal/mol
         20 |       502094 |  -12.21 kcal/mol |  -12.90 +/-    0.22 kcal/mol |       6 |  -13.26 kcal/mol
         25 |       628732 |  -12.36 kcal/mol |  -12.97 +/-    0.23 kcal/mol |       4 |  -13.28 kcal/mol
         30 |       757588 |  -12.10 kcal/mol |  -12.94 +/-    0.25 kcal/mol |       8 |  -13.28 kcal/mol
         35 |       886773 |  -12.46 kcal/mol |  -13.11 +/-    0.16 kcal/mol |       4 |  -13.28 kcal/mol
         40 |      1015269 |  -12.52 kcal/mol |  -13.09 +/-    0.17 kcal/mol |       5 |  -13.28 kcal/mol
         45 |      1141528 |  -12.59 kcal/mol |  -13.10 +/-    0.09 kcal/mol |       7 |  -13.28 kcal/mol
         50 |      1265796 |  -12.90 kcal/mol |  -13.10 +/-    0.12 kcal/mol |       5 |  -13.28 kcal/mol
------------+--------------+------------------+------------------------------+---------+-------------------

                                   Finished evaluation after reaching
                                  -13.10 +/-    0.13 kcal/mol combined.
                             21 samples, best inter + intra   -13.28 kcal/mol.


Shutdown time 0.000677s

Job #2 took 0.799 sec after waiting 0.029 sec for setup

(Thread 0 is processing Job #2)
(Thread 0 is setting up Job #3)

Running Job #3:
    Device: NVIDIA A100-SXM4-40GB
    Grid map file: ./protein.maps.fld
    Ligand file: ./ligand_3_3.pdbqt
    Output file: docking_result_3.dlg (+ xml)
    Using heuristics: (capped) number of evaluations set to 2845257
    Overriding heuristics, setting number of evaluations to --nev = 2500000 instead.
    Local-search chosen method is: ADADELTA (ad)

Rest of Setup time 0.305625s

Executing docking runs, stopping automatically after either reaching 0.15 kcal/mol standard deviation of
the best molecules of the last 4 * 5 generations, 42000 generations, or 2500000 evaluations:

Generations |  Evaluations |     Threshold    |  Average energy of best 10%  | Samples | Best Inter + Intra
------------+--------------+------------------+------------------------------+---------+-------------------
          0 |          150 |   -1.06 kcal/mol |   -2.00 +/-    0.31 kcal/mol |       5 |   -2.59 kcal/mol
          5 |       127768 |   -1.06 kcal/mol |   -5.04 +/-    2.09 kcal/mol |    1065 |  -11.32 kcal/mol
         10 |       255962 |   -5.01 kcal/mol |  -10.52 +/-    1.34 kcal/mol |      43 |  -13.85 kcal/mol
         15 |       388406 |  -10.05 kcal/mol |  -13.84 +/-    0.26 kcal/mol |       4 |  -14.24 kcal/mol
         20 |       521236 |  -12.88 kcal/mol |  -13.90 +/-    0.44 kcal/mol |       4 |  -14.39 kcal/mol
         25 |       654392 |  -12.25 kcal/mol |  -14.05 +/-    0.30 kcal/mol |       5 |  -14.39 kcal/mol
         30 |       787164 |  -13.14 kcal/mol |  -14.30 +/-    0.06 kcal/mol |       4 |  -14.39 kcal/mol
         35 |       919615 |  -13.74 kcal/mol |  -14.28 +/-    0.06 kcal/mol |       4 |  -14.39 kcal/mol
         40 |      1051061 |  -13.72 kcal/mol |  -14.28 +/-    0.06 kcal/mol |       4 |  -14.39 kcal/mol
         45 |      1182012 |  -13.72 kcal/mol |  -14.31 +/-    0.07 kcal/mol |       4 |  -14.39 kcal/mol
------------+--------------+------------------+------------------------------+---------+-------------------

                                   Finished evaluation after reaching
                                  -14.29 +/-    0.07 kcal/mol combined.
                             16 samples, best inter + intra   -14.39 kcal/mol.


Shutdown time 0.000671s

Job #3 took 0.780 sec after waiting 0.039 sec for setup

(Thread 0 is processing Job #3)
Run time of entire job set (3 files): 7.104 sec
Savings from multithreading: -0.000 sec
Idle time of execution thread: 4.583 sec

All jobs (3) ran without errors.
