AutoDock-GPU version: v1.6-7-ga46ab564d2ac5f1a1523f65239b43505a1c29364-dirty

Using 1 OpenMP threads

Running 6 docking calculations

Cuda device:                              NVIDIA A100-SXM4-40GB
Available memory on device:               39916 MB (total: 40339 MB)

CUDA Setup time 0.235222s
(Thread 0 is setting up Job #1)

Running Job #1:
    Device: NVIDIA A100-SXM4-40GB
    Grid map file: ./protein.maps.fld
    Ligand file: ./ligand_1_1.pdbqt
    Output file: docking_result_1.dlg (+ xml)
    Using heuristics: (capped) number of evaluations set to 2068966
    Local-search chosen method is: ADADELTA (ad)

Rest of Setup time 0.311551s

Executing docking runs, stopping automatically after either reaching 0.15 kcal/mol standard deviation of
the best molecules of the last 4 * 5 generations, 42000 generations, or 2068966 evaluations:

Generations |  Evaluations |     Threshold    |  Average energy of best 10%  | Samples | Best Inter + Intra
------------+--------------+------------------+------------------------------+---------+-------------------
          0 |          150 |   -2.01 kcal/mol |   -2.50 +/-    0.16 kcal/mol |       5 |   -2.80 kcal/mol
          5 |       132970 |   -2.01 kcal/mol |   -4.30 +/-    1.13 kcal/mol |     766 |   -8.69 kcal/mol
         10 |       259275 |   -4.28 kcal/mol |   -7.44 +/-    0.69 kcal/mol |      78 |   -9.45 kcal/mol
         15 |       384983 |   -7.31 kcal/mol |   -9.49 +/-    0.35 kcal/mol |      14 |   -9.98 kcal/mol
         20 |       511253 |   -9.11 kcal/mol |   -9.82 +/-    0.14 kcal/mol |       7 |   -9.98 kcal/mol
         25 |       638691 |   -9.52 kcal/mol |   -9.96 +/-    0.07 kcal/mol |      11 |  -10.02 kcal/mol
         30 |       765420 |   -9.75 kcal/mol |   -9.94 +/-    0.09 kcal/mol |      11 |  -10.04 kcal/mol
         35 |       890561 |   -9.82 kcal/mol |   -9.96 +/-    0.08 kcal/mol |      14 |  -10.04 kcal/mol
         40 |      1014883 |   -9.88 kcal/mol |  -10.00 +/-    0.05 kcal/mol |      18 |  -10.10 kcal/mol
         45 |      1136081 |   -9.88 kcal/mol |  -10.01 +/-    0.05 kcal/mol |      20 |  -10.17 kcal/mol
         50 |      1256026 |   -9.90 kcal/mol |  -10.03 +/-    0.05 kcal/mol |      19 |  -10.17 kcal/mol
         55 |      1376827 |   -9.91 kcal/mol |  -10.07 +/-    0.07 kcal/mol |      20 |  -10.19 kcal/mol
         60 |      1493171 |   -9.96 kcal/mol |  -10.07 +/-    0.06 kcal/mol |      22 |  -10.20 kcal/mol
         65 |      1611465 |   -9.97 kcal/mol |  -10.11 +/-    0.07 kcal/mol |      19 |  -10.20 kcal/mol
         70 |      1727718 |   -9.99 kcal/mol |  -10.14 +/-    0.06 kcal/mol |      20 |  -10.22 kcal/mol
         75 |      1843888 |  -10.03 kcal/mol |  -10.15 +/-    0.06 kcal/mol |      15 |  -10.22 kcal/mol
         80 |      1959820 |  -10.00 kcal/mol |  -10.15 +/-    0.06 kcal/mol |      21 |  -10.22 kcal/mol
         85 |      2073362 |  -10.05 kcal/mol |  -10.21 +/-    0.01 kcal/mol |      25 |  -10.22 kcal/mol
------------+--------------+------------------+------------------------------+---------+-------------------

                                   Finished evaluation after reaching
                       2073362 evaluations. Best inter + intra   -10.22 kcal/mol.


Shutdown time 0.000761s

Job #1 took 0.878 sec after waiting 4.481 sec for setup

(Thread 0 is processing Job #1)
(Thread 0 is setting up Job #2)

Running Job #2:
    Device: NVIDIA A100-SXM4-40GB
    Grid map file: ./protein.maps.fld
    Ligand file: ./ligand_2_2.pdbqt
    Output file: docking_result_2.dlg (+ xml)
    Using heuristics: (capped) number of evaluations set to 2068966
    Local-search chosen method is: ADADELTA (ad)

Rest of Setup time 0.308870s

Executing docking runs, stopping automatically after either reaching 0.15 kcal/mol standard deviation of
the best molecules of the last 4 * 5 generations, 42000 generations, or 2068966 evaluations:

Generations |  Evaluations |     Threshold    |  Average energy of best 10%  | Samples | Best Inter + Intra
------------+--------------+------------------+------------------------------+---------+-------------------
          0 |          150 |   -0.19 kcal/mol |   -1.78 +/-    0.46 kcal/mol |      19 |   -3.45 kcal/mol
          5 |       136805 |   -1.42 kcal/mol |   -4.97 +/-    1.46 kcal/mol |     937 |  -10.28 kcal/mol
         10 |       267630 |   -4.95 kcal/mol |   -8.98 +/-    0.78 kcal/mol |      60 |  -10.95 kcal/mol
         15 |       398531 |   -8.79 kcal/mol |  -10.97 +/-    0.09 kcal/mol |       5 |  -11.08 kcal/mol
         20 |       527573 |  -10.72 kcal/mol |  -10.98 +/-    0.16 kcal/mol |       7 |  -11.25 kcal/mol
         25 |       655248 |  -10.64 kcal/mol |  -10.90 +/-    0.23 kcal/mol |      10 |  -11.45 kcal/mol
         30 |       784931 |  -10.56 kcal/mol |  -11.17 +/-    0.18 kcal/mol |      10 |  -11.46 kcal/mol
         35 |       912408 |  -10.91 kcal/mol |  -11.46 +/-    0.00 kcal/mol |       4 |  -11.47 kcal/mol
         40 |      1038968 |  -10.90 kcal/mol |  -11.21 +/-    0.18 kcal/mol |      17 |  -11.47 kcal/mol
         45 |      1164680 |  -11.05 kcal/mol |  -11.25 +/-    0.15 kcal/mol |      15 |  -11.47 kcal/mol
         50 |      1289822 |  -11.10 kcal/mol |  -11.28 +/-    0.15 kcal/mol |      12 |  -11.47 kcal/mol
         55 |      1413568 |  -11.09 kcal/mol |  -11.27 +/-    0.13 kcal/mol |      19 |  -11.47 kcal/mol
         60 |      1533557 |  -11.16 kcal/mol |  -11.39 +/-    0.10 kcal/mol |      17 |  -11.47 kcal/mol
------------+--------------+------------------+------------------------------+---------+-------------------

                                   Finished evaluation after reaching
                                  -11.30 +/-    0.14 kcal/mol combined.
                             63 samples, best inter + intra   -11.47 kcal/mol.


Shutdown time 0.000652s

Job #2 took 0.727 sec after waiting 0.018 sec for setup

(Thread 0 is processing Job #2)
(Thread 0 is setting up Job #3)

Running Job #3:
    Device: NVIDIA A100-SXM4-40GB
    Grid map file: ./protein.maps.fld
    Ligand file: ./ligand_3_3.pdbqt
    Output file: docking_result_3.dlg (+ xml)
    Using heuristics: (capped) number of evaluations set to 2280181
    Local-search chosen method is: ADADELTA (ad)

Rest of Setup time 0.305940s

Executing docking runs, stopping automatically after either reaching 0.15 kcal/mol standard deviation of
the best molecules of the last 4 * 5 generations, 42000 generations, or 2280181 evaluations:

Generations |  Evaluations |     Threshold    |  Average energy of best 10%  | Samples | Best Inter + Intra
------------+--------------+------------------+------------------------------+---------+-------------------
          0 |          150 |   -1.67 kcal/mol |   -2.88 +/-    0.36 kcal/mol |       8 |   -3.76 kcal/mol
          5 |       126033 |   -2.20 kcal/mol |   -5.49 +/-    1.50 kcal/mol |     865 |  -12.01 kcal/mol
         10 |       250164 |   -5.47 kcal/mol |   -9.85 +/-    1.11 kcal/mol |      58 |  -12.59 kcal/mol
         15 |       376648 |   -9.57 kcal/mol |  -12.13 +/-    0.21 kcal/mol |       9 |  -12.61 kcal/mol
         20 |       501858 |  -11.78 kcal/mol |  -12.28 +/-    0.21 kcal/mol |       5 |  -12.71 kcal/mol
         25 |       626068 |  -11.65 kcal/mol |  -12.27 +/-    0.22 kcal/mol |      11 |  -12.71 kcal/mol
         30 |       752469 |  -11.96 kcal/mol |  -12.61 +/-    0.08 kcal/mol |       7 |  -12.71 kcal/mol
         35 |       875611 |  -12.43 kcal/mol |  -12.64 +/-    0.09 kcal/mol |       8 |  -12.71 kcal/mol
         40 |       996378 |  -12.47 kcal/mol |  -12.62 +/-    0.08 kcal/mol |      10 |  -12.71 kcal/mol
         45 |      1112546 |  -12.50 kcal/mol |  -12.64 +/-    0.07 kcal/mol |      13 |  -12.72 kcal/mol
------------+--------------+------------------+------------------------------+---------+-------------------

                                   Finished evaluation after reaching
                                  -12.63 +/-    0.08 kcal/mol combined.
                             38 samples, best inter + intra   -12.72 kcal/mol.


Shutdown time 0.000644s

Job #3 took 0.638 sec after waiting 0.022 sec for setup

(Thread 0 is processing Job #3)
(Thread 0 is setting up Job #4)

Running Job #4:
    Device: NVIDIA A100-SXM4-40GB
    Grid map file: ./protein.maps.fld
    Ligand file: ./ligand_4_4.pdbqt
    Output file: docking_result_4.dlg (+ xml)
    Using heuristics: (capped) number of evaluations set to 2068966
    Local-search chosen method is: ADADELTA (ad)

Rest of Setup time 0.303123s

Executing docking runs, stopping automatically after either reaching 0.15 kcal/mol standard deviation of
the best molecules of the last 4 * 5 generations, 42000 generations, or 2068966 evaluations:

Generations |  Evaluations |     Threshold    |  Average energy of best 10%  | Samples | Best Inter + Intra
------------+--------------+------------------+------------------------------+---------+-------------------
          0 |          150 |   -1.80 kcal/mol |   -3.49 +/-    0.56 kcal/mol |       5 |   -4.42 kcal/mol
          5 |       116571 |   -1.81 kcal/mol |   -5.75 +/-    1.63 kcal/mol |     886 |  -12.73 kcal/mol
         10 |       232542 |   -5.72 kcal/mol |  -10.73 +/-    1.83 kcal/mol |      42 |  -14.77 kcal/mol
         15 |       351714 |  -10.07 kcal/mol |  -13.95 +/-    0.54 kcal/mol |       4 |  -14.84 kcal/mol
         20 |       472368 |  -11.91 kcal/mol |  -13.89 +/-    0.66 kcal/mol |       7 |  -14.84 kcal/mol
         25 |       594227 |  -12.48 kcal/mol |  -14.00 +/-    0.51 kcal/mol |       4 |  -14.84 kcal/mol
         30 |       716944 |  -12.06 kcal/mol |  -13.98 +/-    0.55 kcal/mol |      13 |  -14.97 kcal/mol
         35 |       837741 |  -13.34 kcal/mol |  -14.31 +/-    0.48 kcal/mol |       4 |  -14.97 kcal/mol
         40 |       961336 |  -12.51 kcal/mol |  -13.98 +/-    0.56 kcal/mol |       9 |  -14.97 kcal/mol
         45 |      1083843 |  -13.05 kcal/mol |  -14.94 +/-    0.54 kcal/mol |       5 |  -15.60 kcal/mol
         50 |      1205587 |  -13.30 kcal/mol |  -15.27 +/-    0.49 kcal/mol |       4 |  -15.80 kcal/mol
         55 |      1329272 |  -13.43 kcal/mol |  -14.86 +/-    0.64 kcal/mol |       4 |  -15.80 kcal/mol
         60 |      1450334 |  -12.45 kcal/mol |  -14.59 +/-    0.74 kcal/mol |       8 |  -15.80 kcal/mol
         65 |      1577456 |  -13.21 kcal/mol |  -15.11 +/-    0.43 kcal/mol |       4 |  -15.80 kcal/mol
         70 |      1701675 |  -13.48 kcal/mol |  -15.07 +/-    0.54 kcal/mol |       6 |  -15.80 kcal/mol
         75 |      1824888 |  -13.72 kcal/mol |  -14.96 +/-    0.53 kcal/mol |       4 |  -15.80 kcal/mol
         80 |      1950231 |  -12.98 kcal/mol |  -14.73 +/-    0.45 kcal/mol |       9 |  -15.80 kcal/mol
         85 |      2075805 |  -13.98 kcal/mol |  -14.97 +/-    0.51 kcal/mol |      16 |  -15.80 kcal/mol
------------+--------------+------------------+------------------------------+---------+-------------------

                                   Finished evaluation after reaching
                       2075805 evaluations. Best inter + intra   -15.80 kcal/mol.


Shutdown time 0.000722s

Job #4 took 1.315 sec after waiting 0.028 sec for setup

(Thread 0 is processing Job #4)
(Thread 0 is setting up Job #5)

Running Job #5:
    Device: NVIDIA A100-SXM4-40GB
    Grid map file: ./protein.maps.fld
    Ligand file: ./ligand_5_5.pdbqt
    Output file: docking_result_5.dlg (+ xml)
    Using heuristics: (capped) number of evaluations set to 2280181
    Local-search chosen method is: ADADELTA (ad)

Rest of Setup time 0.307108s

Executing docking runs, stopping automatically after either reaching 0.15 kcal/mol standard deviation of
the best molecules of the last 4 * 5 generations, 42000 generations, or 2280181 evaluations:

Generations |  Evaluations |     Threshold    |  Average energy of best 10%  | Samples | Best Inter + Intra
------------+--------------+------------------+------------------------------+---------+-------------------
          0 |          150 |   -2.18 kcal/mol |   -2.44 +/-    0.14 kcal/mol |       8 |   -2.73 kcal/mol
          5 |       113004 |   -2.18 kcal/mol |   -5.78 +/-    1.75 kcal/mol |     839 |  -13.18 kcal/mol
         10 |       225075 |   -5.75 kcal/mol |  -10.42 +/-    1.28 kcal/mol |      40 |  -13.64 kcal/mol
         15 |       340562 |   -9.94 kcal/mol |  -13.40 +/-    0.80 kcal/mol |       6 |  -15.10 kcal/mol
         20 |       458930 |  -11.39 kcal/mol |  -13.97 +/-    0.79 kcal/mol |       4 |  -15.13 kcal/mol
         25 |       578021 |  -11.01 kcal/mol |  -13.71 +/-    0.96 kcal/mol |       5 |  -15.32 kcal/mol
         30 |       700173 |  -10.84 kcal/mol |  -13.94 +/-    0.88 kcal/mol |       7 |  -15.74 kcal/mol
         35 |       822601 |  -12.05 kcal/mol |  -14.63 +/-    0.65 kcal/mol |       4 |  -15.74 kcal/mol
         40 |       943810 |  -12.17 kcal/mol |  -14.47 +/-    0.83 kcal/mol |       4 |  -15.74 kcal/mol
         45 |      1064619 |  -11.37 kcal/mol |  -14.01 +/-    0.72 kcal/mol |      12 |  -15.74 kcal/mol
         50 |      1183783 |  -13.11 kcal/mol |  -14.74 +/-    0.58 kcal/mol |       4 |  -15.74 kcal/mol
         55 |      1303998 |  -12.56 kcal/mol |  -14.68 +/-    0.47 kcal/mol |      12 |  -15.74 kcal/mol
         60 |      1425160 |  -14.09 kcal/mol |  -15.31 +/-    0.45 kcal/mol |       4 |  -15.76 kcal/mol
         65 |      1549746 |  -13.63 kcal/mol |  -15.23 +/-    0.54 kcal/mol |       4 |  -15.76 kcal/mol
         70 |      1672924 |  -13.20 kcal/mol |  -14.84 +/-    0.46 kcal/mol |       7 |  -15.76 kcal/mol
         75 |      1798633 |  -13.86 kcal/mol |  -15.19 +/-    0.46 kcal/mol |       4 |  -15.76 kcal/mol
         80 |      1925113 |  -13.46 kcal/mol |  -15.30 +/-    0.48 kcal/mol |       7 |  -15.76 kcal/mol
         85 |      2051390 |  -14.27 kcal/mol |  -15.74 +/-    0.03 kcal/mol |       4 |  -15.76 kcal/mol
         90 |      2178340 |  -15.17 kcal/mol |  -15.95 +/-    0.18 kcal/mol |       3 |  -16.21 kcal/mol
         95 |      2303008 |  -15.04 kcal/mol |  -15.98 +/-    0.19 kcal/mol |       5 |  -16.21 kcal/mol
------------+--------------+------------------+------------------------------+---------+-------------------

                                   Finished evaluation after reaching
                       2303008 evaluations. Best inter + intra   -16.21 kcal/mol.


Shutdown time 0.000719s

Job #5 took 1.510 sec after waiting 0.056 sec for setup

(Thread 0 is processing Job #5)
(Thread 0 is setting up Job #6)

Running Job #6:
    Device: NVIDIA A100-SXM4-40GB
    Grid map file: ./protein.maps.fld
    Ligand file: ./ligand_6_6.pdbqt
    Output file: docking_result_6.dlg (+ xml)
    Using heuristics: (capped) number of evaluations set to 2068966
    Local-search chosen method is: ADADELTA (ad)

Rest of Setup time 0.303158s

Executing docking runs, stopping automatically after either reaching 0.15 kcal/mol standard deviation of
the best molecules of the last 4 * 5 generations, 42000 generations, or 2068966 evaluations:

Generations |  Evaluations |     Threshold    |  Average energy of best 10%  | Samples | Best Inter + Intra
------------+--------------+------------------+------------------------------+---------+-------------------
          0 |          150 |   -1.77 kcal/mol |   -2.82 +/-    0.32 kcal/mol |       6 |   -3.48 kcal/mol
          5 |       118455 |   -2.03 kcal/mol |   -5.60 +/-    1.65 kcal/mol |     904 |  -12.78 kcal/mol
         10 |       236507 |   -5.57 kcal/mol |   -9.98 +/-    1.02 kcal/mol |      52 |  -12.95 kcal/mol
         15 |       356390 |   -9.69 kcal/mol |  -12.36 +/-    0.41 kcal/mol |      10 |  -13.09 kcal/mol
         20 |       478595 |  -11.74 kcal/mol |  -12.49 +/-    0.22 kcal/mol |       9 |  -13.09 kcal/mol
         25 |       601708 |  -12.12 kcal/mol |  -12.48 +/-    0.24 kcal/mol |       8 |  -13.09 kcal/mol
         30 |       723805 |  -12.02 kcal/mol |  -12.98 +/-    0.23 kcal/mol |       9 |  -13.18 kcal/mol
         35 |       845886 |  -12.60 kcal/mol |  -13.26 +/-    0.20 kcal/mol |       5 |  -13.66 kcal/mol
         40 |       972267 |  -12.65 kcal/mol |  -13.20 +/-    0.19 kcal/mol |      10 |  -13.66 kcal/mol
         45 |      1095941 |  -12.92 kcal/mol |  -13.86 +/-    0.31 kcal/mol |       4 |  -14.13 kcal/mol
         50 |      1217402 |  -12.69 kcal/mol |  -13.78 +/-    0.26 kcal/mol |       9 |  -14.13 kcal/mol
         55 |      1341321 |  -13.35 kcal/mol |  -14.10 +/-    0.08 kcal/mol |       6 |  -14.19 kcal/mol
         60 |      1462014 |  -13.90 kcal/mol |  -14.14 +/-    0.03 kcal/mol |       7 |  -14.21 kcal/mol
         65 |      1585285 |  -13.82 kcal/mol |  -14.14 +/-    0.05 kcal/mol |       6 |  -14.21 kcal/mol
         70 |      1708024 |  -13.76 kcal/mol |  -14.17 +/-    0.03 kcal/mol |       5 |  -14.21 kcal/mol
         75 |      1829754 |  -13.72 kcal/mol |  -14.12 +/-    0.10 kcal/mol |       7 |  -14.21 kcal/mol
------------+--------------+------------------+------------------------------+---------+-------------------

                                   Finished evaluation after reaching
                                  -14.14 +/-    0.07 kcal/mol combined.
                             25 samples, best inter + intra   -14.21 kcal/mol.


Shutdown time 0.000694s

Job #6 took 1.021 sec after waiting 0.055 sec for setup

(Thread 0 is processing Job #6)
Run time of entire job set (6 files): 10.787 sec
Savings from multithreading: -0.001 sec
Idle time of execution thread: 4.697 sec

All jobs (6) ran without errors.
