AutoDock-GPU version: v1.6-7-ga46ab564d2ac5f1a1523f65239b43505a1c29364-dirty

Using 1 OpenMP threads

Running 3 docking calculations

Cuda device:                              NVIDIA A100-SXM4-40GB
Available memory on device:               39916 MB (total: 40339 MB)

CUDA Setup time 0.231243s
(Thread 0 is setting up Job #1)

Running Job #1:
    Device: NVIDIA A100-SXM4-40GB
    Grid map file: ./protein.maps.fld
    Ligand file: ./ligand_1_1.pdbqt
    Output file: docking_result_1.dlg (+ xml)
    Using heuristics: (capped) number of evaluations set to 2845257
    Overriding heuristics, setting number of evaluations to --nev = 2500000 instead.
    Local-search chosen method is: ADADELTA (ad)

Rest of Setup time 0.307924s

Executing docking runs, stopping automatically after either reaching 0.15 kcal/mol standard deviation of
the best molecules of the last 4 * 5 generations, 42000 generations, or 2500000 evaluations:

Generations |  Evaluations |     Threshold    |  Average energy of best 10%  | Samples | Best Inter + Intra
------------+--------------+------------------+------------------------------+---------+-------------------
          0 |          150 |   -0.01 kcal/mol |   -2.19 +/-    0.53 kcal/mol |      33 |   -4.66 kcal/mol
          5 |       142910 |   -1.95 kcal/mol |   -6.10 +/-    1.41 kcal/mol |     956 |  -11.58 kcal/mol
         10 |       286725 |   -6.07 kcal/mol |   -9.77 +/-    0.72 kcal/mol |      59 |  -12.08 kcal/mol
         15 |       433682 |   -9.59 kcal/mol |  -11.70 +/-    0.39 kcal/mol |      12 |  -12.41 kcal/mol
         20 |       580277 |  -11.21 kcal/mol |  -12.46 +/-    0.28 kcal/mol |       4 |  -12.88 kcal/mol
         25 |       722600 |  -11.42 kcal/mol |  -12.46 +/-    0.38 kcal/mol |       7 |  -12.97 kcal/mol
         30 |       865083 |  -11.64 kcal/mol |  -13.09 +/-    0.32 kcal/mol |       6 |  -13.73 kcal/mol
         35 |      1007790 |  -12.29 kcal/mol |  -13.53 +/-    0.38 kcal/mol |       4 |  -13.91 kcal/mol
         40 |      1151553 |  -12.11 kcal/mol |  -13.36 +/-    0.32 kcal/mol |       9 |  -13.91 kcal/mol
         45 |      1295656 |  -12.82 kcal/mol |  -13.75 +/-    0.25 kcal/mol |       4 |  -14.18 kcal/mol
         50 |      1437758 |  -12.81 kcal/mol |  -13.60 +/-    0.26 kcal/mol |       8 |  -14.18 kcal/mol
         55 |      1581364 |  -13.12 kcal/mol |  -13.82 +/-    0.20 kcal/mol |       8 |  -14.18 kcal/mol
         60 |      1723260 |  -13.44 kcal/mol |  -13.88 +/-    0.15 kcal/mol |       7 |  -14.18 kcal/mol
         65 |      1866524 |  -13.56 kcal/mol |  -13.89 +/-    0.16 kcal/mol |       6 |  -14.18 kcal/mol
         70 |      2007609 |  -13.50 kcal/mol |  -13.95 +/-    0.12 kcal/mol |       6 |  -14.18 kcal/mol
         75 |      2148165 |  -13.64 kcal/mol |  -13.90 +/-    0.18 kcal/mol |       5 |  -14.18 kcal/mol
         80 |      2290559 |  -13.38 kcal/mol |  -13.96 +/-    0.14 kcal/mol |       4 |  -14.18 kcal/mol
         85 |      2432195 |  -13.42 kcal/mol |  -13.95 +/-    0.10 kcal/mol |       9 |  -14.18 kcal/mol
------------+--------------+------------------+------------------------------+---------+-------------------

                                   Finished evaluation after reaching
                                  -13.94 +/-    0.13 kcal/mol combined.
                             24 samples, best inter + intra   -14.18 kcal/mol.


Shutdown time 0.000677s

Job #1 took 1.165 sec after waiting 4.461 sec for setup

(Thread 0 is processing Job #1)
(Thread 0 is setting up Job #2)

Running Job #2:
    Device: NVIDIA A100-SXM4-40GB
    Grid map file: ./protein.maps.fld
    Ligand file: ./ligand_2_2.pdbqt
    Output file: docking_result_2.dlg (+ xml)
    Using heuristics: (capped) number of evaluations set to 7973093
    Overriding heuristics, setting number of evaluations to --nev = 2500000 instead.
    Warning: The set number of evals is 10.52% of the uncapped heuristics estimate of 23759450 evals.
             This means this docking may not be able to converge. Increasing --heurmax may improve
             convergence but will also increase runtime.
             AutoStop will not stop before 76.79% (1919714) of the set number of evaluations.
    Local-search chosen method is: ADADELTA (ad)

Rest of Setup time 0.305423s

Executing docking runs, stopping automatically after either reaching 0.15 kcal/mol standard deviation of
the best molecules of the last 4 * 5 generations, 42000 generations, or 2500000 evaluations:

Generations |  Evaluations |     Threshold    |  Average energy of best 10%  | Samples | Best Inter + Intra
------------+--------------+------------------+------------------------------+---------+-------------------
          0 |          150 |  277.52 kcal/mol |  163.87 +/-   37.33 kcal/mol |       5 |  117.97 kcal/mol
          5 |       116771 |  275.86 kcal/mol |    9.83 +/-   26.28 kcal/mol |    1078 |   -8.80 kcal/mol
         10 |       224420 |   10.20 kcal/mol |   -8.91 +/-    0.56 kcal/mol |       8 |  -10.38 kcal/mol
         15 |       335044 |   -7.87 kcal/mol |   -9.90 +/-    0.86 kcal/mol |       6 |  -11.36 kcal/mol
         20 |       447474 |   -7.74 kcal/mol |  -10.66 +/-    0.79 kcal/mol |       4 |  -11.43 kcal/mol
         25 |       559734 |   -7.70 kcal/mol |  -10.34 +/-    0.98 kcal/mol |      11 |  -12.11 kcal/mol
         30 |       673024 |   -9.01 kcal/mol |  -11.55 +/-    0.29 kcal/mol |       6 |  -12.11 kcal/mol
         35 |       784943 |  -10.82 kcal/mol |  -11.85 +/-    0.29 kcal/mol |       6 |  -12.15 kcal/mol
         40 |       895009 |  -11.12 kcal/mol |  -12.03 +/-    0.20 kcal/mol |       4 |  -12.31 kcal/mol
         45 |      1004353 |  -11.29 kcal/mol |  -11.92 +/-    0.33 kcal/mol |       4 |  -12.31 kcal/mol
         50 |      1109099 |  -10.69 kcal/mol |  -11.88 +/-    0.31 kcal/mol |       5 |  -12.31 kcal/mol
         55 |      1212996 |  -10.95 kcal/mol |  -11.93 +/-    0.31 kcal/mol |       4 |  -12.31 kcal/mol
         60 |      1314917 |  -10.77 kcal/mol |  -11.99 +/-    0.48 kcal/mol |       6 |  -12.80 kcal/mol
         65 |      1415562 |  -10.80 kcal/mol |  -12.35 +/-    0.53 kcal/mol |       5 |  -13.36 kcal/mol
         70 |      1513195 |  -10.76 kcal/mol |  -12.44 +/-    0.53 kcal/mol |       8 |  -13.36 kcal/mol
         75 |      1610677 |  -11.45 kcal/mol |  -12.51 +/-    0.55 kcal/mol |       4 |  -13.40 kcal/mol
         80 |      1707149 |  -10.46 kcal/mol |  -12.51 +/-    0.55 kcal/mol |       4 |  -13.40 kcal/mol
         85 |      1802875 |  -10.46 kcal/mol |  -12.51 +/-    0.45 kcal/mol |       8 |  -13.40 kcal/mol
         90 |      1896472 |  -11.66 kcal/mol |  -13.29 +/-    0.19 kcal/mol |       4 |  -13.40 kcal/mol
         95 |      1989970 |  -12.58 kcal/mol |  -13.18 +/-    0.22 kcal/mol |       2 |  -13.40 kcal/mol
        100 |      2082808 |  -11.55 kcal/mol |  -12.63 +/-    0.49 kcal/mol |       5 |  -13.40 kcal/mol
        105 |      2174665 |  -11.17 kcal/mol |  -12.73 +/-    0.46 kcal/mol |       5 |  -13.40 kcal/mol
        110 |      2265726 |  -11.34 kcal/mol |  -12.86 +/-    0.47 kcal/mol |       6 |  -13.40 kcal/mol
        115 |      2354181 |  -11.68 kcal/mol |  -12.73 +/-    0.46 kcal/mol |       5 |  -13.40 kcal/mol
        120 |      2443954 |  -11.34 kcal/mol |  -13.05 +/-    0.34 kcal/mol |       6 |  -13.40 kcal/mol
        124 |      2513440 |  -12.21 kcal/mol |  -13.15 +/-    0.28 kcal/mol |      11 |  -13.40 kcal/mol
------------+--------------+------------------+------------------------------+---------+-------------------

                                   Finished evaluation after reaching
                       2513440 evaluations. Best inter + intra   -13.40 kcal/mol.


Shutdown time 0.000657s

Job #2 took 1.752 sec after waiting 0.033 sec for setup

(Thread 0 is processing Job #2)
(Thread 0 is setting up Job #3)

Running Job #3:
    Device: NVIDIA A100-SXM4-40GB
    Grid map file: ./protein.maps.fld
    Ligand file: ./ligand_3_3.pdbqt
    Output file: docking_result_3.dlg (+ xml)
    Using heuristics: (capped) number of evaluations set to 2068966
    Local-search chosen method is: ADADELTA (ad)

Rest of Setup time 0.302932s

Executing docking runs, stopping automatically after either reaching 0.15 kcal/mol standard deviation of
the best molecules of the last 4 * 5 generations, 42000 generations, or 2068966 evaluations:

Generations |  Evaluations |     Threshold    |  Average energy of best 10%  | Samples | Best Inter + Intra
------------+--------------+------------------+------------------------------+---------+-------------------
          0 |          150 |   -1.81 kcal/mol |   -2.56 +/-    0.20 kcal/mol |       4 |   -2.83 kcal/mol
          5 |       133205 |   -1.81 kcal/mol |   -5.28 +/-    1.58 kcal/mol |     997 |  -10.72 kcal/mol
         10 |       262085 |   -5.25 kcal/mol |   -9.66 +/-    0.95 kcal/mol |      44 |  -11.83 kcal/mol
         15 |       393979 |   -9.33 kcal/mol |  -11.94 +/-    0.14 kcal/mol |       6 |  -12.09 kcal/mol
         20 |       526993 |  -11.60 kcal/mol |  -11.99 +/-    0.14 kcal/mol |       8 |  -12.25 kcal/mol
         25 |       657100 |  -11.72 kcal/mol |  -12.29 +/-    0.43 kcal/mol |       5 |  -13.15 kcal/mol
         30 |       788458 |  -11.00 kcal/mol |  -12.20 +/-    0.36 kcal/mol |       9 |  -13.15 kcal/mol
         35 |       919396 |  -11.61 kcal/mol |  -12.47 +/-    0.39 kcal/mol |       4 |  -13.15 kcal/mol
         40 |      1050421 |  -11.00 kcal/mol |  -12.51 +/-    0.53 kcal/mol |      12 |  -13.15 kcal/mol
         45 |      1180357 |  -11.85 kcal/mol |  -12.63 +/-    0.31 kcal/mol |       4 |  -13.15 kcal/mol
         50 |      1309657 |  -11.49 kcal/mol |  -12.73 +/-    0.35 kcal/mol |       5 |  -13.15 kcal/mol
         55 |      1438990 |  -11.69 kcal/mol |  -12.75 +/-    0.33 kcal/mol |       5 |  -13.15 kcal/mol
         60 |      1568754 |  -11.75 kcal/mol |  -12.79 +/-    0.36 kcal/mol |       4 |  -13.15 kcal/mol
         65 |      1700470 |  -11.42 kcal/mol |  -12.45 +/-    0.30 kcal/mol |       7 |  -13.15 kcal/mol
         70 |      1829720 |  -11.81 kcal/mol |  -12.63 +/-    0.40 kcal/mol |       4 |  -13.31 kcal/mol
         75 |      1959166 |  -11.15 kcal/mol |  -12.40 +/-    0.35 kcal/mol |      12 |  -13.31 kcal/mol
         80 |      2088326 |  -11.96 kcal/mol |  -12.52 +/-    0.36 kcal/mol |      21 |  -13.31 kcal/mol
------------+--------------+------------------+------------------------------+---------+-------------------

                                   Finished evaluation after reaching
                       2088326 evaluations. Best inter + intra   -13.31 kcal/mol.


Shutdown time 0.000666s

Job #3 took 0.998 sec after waiting 0.063 sec for setup

(Thread 0 is processing Job #3)
Run time of entire job set (3 files): 8.505 sec
Savings from multithreading: -0.000 sec
Idle time of execution thread: 4.590 sec

All jobs (3) ran without errors.
