AutoDock-GPU version: v1.6-7-ga46ab564d2ac5f1a1523f65239b43505a1c29364-dirty

Using 1 OpenMP threads

Running 3 docking calculations

Cuda device:                              NVIDIA A100-SXM4-40GB
Available memory on device:               39916 MB (total: 40339 MB)

CUDA Setup time 0.230376s
(Thread 0 is setting up Job #1)

Running Job #1:
    Device: NVIDIA A100-SXM4-40GB
    Grid map file: ./protein.maps.fld
    Ligand file: ./ligand_1_1.pdbqt
    Output file: docking_result_1.dlg (+ xml)
    Using heuristics: (capped) number of evaluations set to 2068966
    Local-search chosen method is: ADADELTA (ad)

Rest of Setup time 0.307214s

Executing docking runs, stopping automatically after either reaching 0.15 kcal/mol standard deviation of
the best molecules of the last 4 * 5 generations, 42000 generations, or 2068966 evaluations:

Generations |  Evaluations |     Threshold    |  Average energy of best 10%  | Samples | Best Inter + Intra
------------+--------------+------------------+------------------------------+---------+-------------------
          0 |          150 |   -1.79 kcal/mol |   -2.17 +/-    0.10 kcal/mol |       4 |   -2.26 kcal/mol
          5 |       125606 |   -1.79 kcal/mol |   -3.96 +/-    1.24 kcal/mol |     853 |   -9.23 kcal/mol
         10 |       253819 |   -3.94 kcal/mol |   -7.57 +/-    0.88 kcal/mol |      41 |   -9.54 kcal/mol
         15 |       386320 |   -7.25 kcal/mol |   -9.44 +/-    0.13 kcal/mol |       6 |   -9.62 kcal/mol
         20 |       514672 |   -9.13 kcal/mol |   -9.50 +/-    0.17 kcal/mol |      11 |   -9.80 kcal/mol
         25 |       642432 |   -9.27 kcal/mol |   -9.52 +/-    0.14 kcal/mol |      14 |   -9.80 kcal/mol
         30 |       772843 |   -9.37 kcal/mol |   -9.60 +/-    0.07 kcal/mol |      16 |   -9.80 kcal/mol
         35 |       901398 |   -9.46 kcal/mol |   -9.68 +/-    0.08 kcal/mol |      13 |   -9.80 kcal/mol
------------+--------------+------------------+------------------------------+---------+-------------------

                                   Finished evaluation after reaching
                                   -9.58 +/-    0.14 kcal/mol combined.
                             54 samples, best inter + intra    -9.80 kcal/mol.


Shutdown time 0.000660s

Job #1 took 0.574 sec after waiting 4.453 sec for setup

(Thread 0 is processing Job #1)
(Thread 0 is setting up Job #2)

Running Job #2:
    Device: NVIDIA A100-SXM4-40GB
    Grid map file: ./protein.maps.fld
    Ligand file: ./ligand_2_2.pdbqt
    Output file: docking_result_2.dlg (+ xml)
    Using heuristics: (capped) number of evaluations set to 2068966
    Local-search chosen method is: ADADELTA (ad)

Rest of Setup time 0.302176s

Executing docking runs, stopping automatically after either reaching 0.15 kcal/mol standard deviation of
the best molecules of the last 4 * 5 generations, 42000 generations, or 2068966 evaluations:

Generations |  Evaluations |     Threshold    |  Average energy of best 10%  | Samples | Best Inter + Intra
------------+--------------+------------------+------------------------------+---------+-------------------
          0 |          150 |   -1.49 kcal/mol |   -2.20 +/-    0.27 kcal/mol |       4 |   -2.54 kcal/mol
          5 |       124797 |   -1.17 kcal/mol |   -3.97 +/-    1.28 kcal/mol |     864 |   -9.03 kcal/mol
         10 |       248312 |   -3.95 kcal/mol |   -7.57 +/-    0.88 kcal/mol |      56 |   -9.55 kcal/mol
         15 |       374571 |   -7.34 kcal/mol |   -9.45 +/-    0.25 kcal/mol |      12 |   -9.89 kcal/mol
         20 |       500583 |   -9.13 kcal/mol |   -9.54 +/-    0.15 kcal/mol |       8 |   -9.91 kcal/mol
         25 |       625643 |   -9.26 kcal/mol |   -9.60 +/-    0.15 kcal/mol |       6 |   -9.91 kcal/mol
         30 |       753291 |   -9.21 kcal/mol |   -9.64 +/-    0.15 kcal/mol |      15 |   -9.91 kcal/mol
         35 |       878781 |   -9.49 kcal/mol |   -9.74 +/-    0.15 kcal/mol |       9 |   -9.91 kcal/mol
         40 |      1002790 |   -9.49 kcal/mol |   -9.71 +/-    0.15 kcal/mol |      14 |   -9.91 kcal/mol
         45 |      1125876 |   -9.55 kcal/mol |   -9.79 +/-    0.14 kcal/mol |      16 |   -9.92 kcal/mol
         50 |      1248337 |   -9.66 kcal/mol |   -9.86 +/-    0.08 kcal/mol |      14 |   -9.92 kcal/mol
------------+--------------+------------------+------------------------------+---------+-------------------

                                   Finished evaluation after reaching
                                   -9.78 +/-    0.14 kcal/mol combined.
                             53 samples, best inter + intra    -9.92 kcal/mol.


Shutdown time 0.000620s

Job #2 took 0.638 sec after waiting 0.023 sec for setup

(Thread 0 is processing Job #2)
(Thread 0 is setting up Job #3)

Running Job #3:
    Device: NVIDIA A100-SXM4-40GB
    Grid map file: ./protein.maps.fld
    Ligand file: ./ligand_3_3.pdbqt
    Output file: docking_result_3.dlg (+ xml)
    Using heuristics: (capped) number of evaluations set to 2068966
    Local-search chosen method is: ADADELTA (ad)

Rest of Setup time 0.302252s

Executing docking runs, stopping automatically after either reaching 0.15 kcal/mol standard deviation of
the best molecules of the last 4 * 5 generations, 42000 generations, or 2068966 evaluations:

Generations |  Evaluations |     Threshold    |  Average energy of best 10%  | Samples | Best Inter + Intra
------------+--------------+------------------+------------------------------+---------+-------------------
          0 |          150 |   -1.42 kcal/mol |   -2.14 +/-    0.24 kcal/mol |       5 |   -2.47 kcal/mol
          5 |       127729 |   -1.42 kcal/mol |   -4.21 +/-    1.37 kcal/mol |     902 |   -9.42 kcal/mol
         10 |       253784 |   -4.19 kcal/mol |   -7.82 +/-    0.77 kcal/mol |      47 |   -9.96 kcal/mol
         15 |       384108 |   -7.58 kcal/mol |   -9.63 +/-    0.28 kcal/mol |       9 |  -10.15 kcal/mol
         20 |       513522 |   -9.16 kcal/mol |   -9.83 +/-    0.16 kcal/mol |       8 |  -10.15 kcal/mol
         25 |       643249 |   -9.54 kcal/mol |   -9.89 +/-    0.19 kcal/mol |      12 |  -10.15 kcal/mol
         30 |       776324 |   -9.65 kcal/mol |  -10.00 +/-    0.17 kcal/mol |      11 |  -10.19 kcal/mol
         35 |       910248 |   -9.76 kcal/mol |  -10.08 +/-    0.11 kcal/mol |       9 |  -10.19 kcal/mol
         40 |      1044765 |   -9.90 kcal/mol |  -10.11 +/-    0.10 kcal/mol |      10 |  -10.20 kcal/mol
         45 |      1174750 |   -9.95 kcal/mol |  -10.09 +/-    0.09 kcal/mol |      13 |  -10.21 kcal/mol
         50 |      1304906 |   -9.98 kcal/mol |  -10.16 +/-    0.05 kcal/mol |      14 |  -10.21 kcal/mol
         55 |      1434898 |  -10.00 kcal/mol |  -10.18 +/-    0.04 kcal/mol |      14 |  -10.21 kcal/mol
------------+--------------+------------------+------------------------------+---------+-------------------

                                   Finished evaluation after reaching
                                  -10.14 +/-    0.08 kcal/mol combined.
                             51 samples, best inter + intra   -10.21 kcal/mol.


Shutdown time 0.000646s

Job #3 took 0.677 sec after waiting 0.025 sec for setup

(Thread 0 is processing Job #3)
Run time of entire job set (3 files): 6.413 sec
Savings from multithreading: -0.000 sec
Idle time of execution thread: 4.524 sec

All jobs (3) ran without errors.
