AutoDock-GPU version: v1.6-7-ga46ab564d2ac5f1a1523f65239b43505a1c29364-dirty

Using 1 OpenMP threads

Running 5 docking calculations

Cuda device:                              NVIDIA A100-SXM4-40GB
Available memory on device:               39916 MB (total: 40339 MB)

CUDA Setup time 0.230571s
(Thread 0 is setting up Job #1)

Running Job #1:
    Device: NVIDIA A100-SXM4-40GB
    Grid map file: ./protein.maps.fld
    Ligand file: ./ligand_1_1.pdbqt
    Output file: docking_result_1.dlg (+ xml)
    Using heuristics: (capped) number of evaluations set to 2068966
    Local-search chosen method is: ADADELTA (ad)

Rest of Setup time 0.308572s

Executing docking runs, stopping automatically after either reaching 0.15 kcal/mol standard deviation of
the best molecules of the last 4 * 5 generations, 42000 generations, or 2068966 evaluations:

Generations |  Evaluations |     Threshold    |  Average energy of best 10%  | Samples | Best Inter + Intra
------------+--------------+------------------+------------------------------+---------+-------------------
          0 |          150 |   -1.80 kcal/mol |   -3.49 +/-    0.56 kcal/mol |       5 |   -4.42 kcal/mol
          5 |       116533 |   -1.81 kcal/mol |   -5.76 +/-    1.64 kcal/mol |     882 |  -12.73 kcal/mol
         10 |       232675 |   -5.73 kcal/mol |  -10.56 +/-    1.52 kcal/mol |      33 |  -13.24 kcal/mol
         15 |       351058 |   -9.88 kcal/mol |  -13.05 +/-    0.18 kcal/mol |       5 |  -13.36 kcal/mol
         20 |       471779 |  -12.52 kcal/mol |  -13.13 +/-    0.19 kcal/mol |       7 |  -13.44 kcal/mol
         25 |       593885 |  -12.73 kcal/mol |  -14.11 +/-    0.40 kcal/mol |       4 |  -14.36 kcal/mol
         30 |       717867 |  -12.62 kcal/mol |  -13.91 +/-    0.49 kcal/mol |       6 |  -14.48 kcal/mol
         35 |       839948 |  -12.69 kcal/mol |  -14.01 +/-    0.48 kcal/mol |       4 |  -14.48 kcal/mol
         40 |       963642 |  -12.23 kcal/mol |  -13.71 +/-    0.44 kcal/mol |      11 |  -14.48 kcal/mol
         45 |      1084599 |  -13.12 kcal/mol |  -14.29 +/-    0.13 kcal/mol |       4 |  -14.48 kcal/mol
         50 |      1204541 |  -13.80 kcal/mol |  -14.40 +/-    0.13 kcal/mol |       5 |  -14.52 kcal/mol
         55 |      1327906 |  -14.01 kcal/mol |  -14.55 +/-    0.04 kcal/mol |       4 |  -14.61 kcal/mol
         60 |      1449471 |  -13.99 kcal/mol |  -14.54 +/-    0.04 kcal/mol |       4 |  -14.61 kcal/mol
         65 |      1575778 |  -13.98 kcal/mol |  -14.58 +/-    0.04 kcal/mol |       6 |  -14.61 kcal/mol
         70 |      1703144 |  -14.20 kcal/mol |  -14.56 +/-    0.05 kcal/mol |      11 |  -14.63 kcal/mol
         75 |      1829683 |  -14.36 kcal/mol |  -14.57 +/-    0.07 kcal/mol |       6 |  -14.65 kcal/mol
         80 |      1955090 |  -14.20 kcal/mol |  -14.56 +/-    0.10 kcal/mol |       7 |  -14.65 kcal/mol
         85 |      2080907 |  -14.35 kcal/mol |  -14.56 +/-    0.08 kcal/mol |      19 |  -14.65 kcal/mol
------------+--------------+------------------+------------------------------+---------+-------------------

                                   Finished evaluation after reaching
                       2080907 evaluations. Best inter + intra   -14.65 kcal/mol.


Shutdown time 0.000675s

Job #1 took 1.326 sec after waiting 4.484 sec for setup

(Thread 0 is processing Job #1)
(Thread 0 is setting up Job #2)

Running Job #2:
    Device: NVIDIA A100-SXM4-40GB
    Grid map file: ./protein.maps.fld
    Ligand file: ./ligand_2_2.pdbqt
    Output file: docking_result_2.dlg (+ xml)
    Using heuristics: (capped) number of evaluations set to 7973093
    Overriding heuristics, setting number of evaluations to --nev = 2500000 instead.
    Warning: The set number of evals is 10.52% of the uncapped heuristics estimate of 23759450 evals.
             This means this docking may not be able to converge. Increasing --heurmax may improve
             convergence but will also increase runtime.
             AutoStop will not stop before 76.79% (1919714) of the set number of evaluations.
    Local-search chosen method is: ADADELTA (ad)

Rest of Setup time 0.306143s

Executing docking runs, stopping automatically after either reaching 0.15 kcal/mol standard deviation of
the best molecules of the last 4 * 5 generations, 42000 generations, or 2500000 evaluations:

Generations |  Evaluations |     Threshold    |  Average energy of best 10%  | Samples | Best Inter + Intra
------------+--------------+------------------+------------------------------+---------+-------------------
          0 |          150 |  264.31 kcal/mol |  171.25 +/-   24.82 kcal/mol |       4 |  131.76 kcal/mol
          5 |       114343 |  264.31 kcal/mol |   10.04 +/-   26.35 kcal/mol |    1123 |  -10.25 kcal/mol
         10 |       221923 |   10.40 kcal/mol |  -10.48 +/-    0.56 kcal/mol |       4 |  -11.13 kcal/mol
         15 |       331738 |   -8.39 kcal/mol |  -10.25 +/-    0.71 kcal/mol |       9 |  -11.79 kcal/mol
         20 |       444217 |   -9.06 kcal/mol |  -11.12 +/-    0.50 kcal/mol |       5 |  -12.07 kcal/mol
         25 |       555740 |   -9.61 kcal/mol |  -11.34 +/-    0.46 kcal/mol |       4 |  -12.07 kcal/mol
         30 |       668489 |   -9.62 kcal/mol |  -11.23 +/-    0.53 kcal/mol |      11 |  -12.14 kcal/mol
         35 |       779445 |  -10.51 kcal/mol |  -11.88 +/-    0.27 kcal/mol |       4 |  -12.14 kcal/mol
         40 |       888601 |  -10.86 kcal/mol |  -12.66 +/-    1.25 kcal/mol |       7 |  -14.61 kcal/mol
         45 |       996330 |   -9.97 kcal/mol |  -12.96 +/-    1.04 kcal/mol |       4 |  -14.61 kcal/mol
         50 |      1103389 |   -9.06 kcal/mol |  -12.36 +/-    0.88 kcal/mol |      13 |  -14.61 kcal/mol
         55 |      1210052 |  -11.35 kcal/mol |  -12.90 +/-    0.99 kcal/mol |       4 |  -14.61 kcal/mol
         60 |      1314616 |   -9.18 kcal/mol |  -12.56 +/-    1.24 kcal/mol |       7 |  -14.61 kcal/mol
         65 |      1419267 |   -9.92 kcal/mol |  -13.31 +/-    0.78 kcal/mol |       8 |  -14.61 kcal/mol
         70 |      1521942 |  -11.86 kcal/mol |  -14.44 +/-    0.19 kcal/mol |       4 |  -14.61 kcal/mol
         75 |      1624261 |  -13.74 kcal/mol |  -14.52 +/-    0.17 kcal/mol |       3 |  -14.67 kcal/mol
         80 |      1724687 |  -13.67 kcal/mol |  -14.68 +/-    0.58 kcal/mol |       4 |  -15.54 kcal/mol
         85 |      1822783 |  -12.52 kcal/mol |  -14.53 +/-    0.56 kcal/mol |      13 |  -15.54 kcal/mol
         90 |      1919588 |  -13.88 kcal/mol |  -15.04 +/-    0.34 kcal/mol |       4 |  -15.54 kcal/mol
         95 |      2013647 |  -13.75 kcal/mol |  -15.01 +/-    0.27 kcal/mol |       7 |  -15.54 kcal/mol
        100 |      2105834 |  -14.44 kcal/mol |  -15.26 +/-    0.16 kcal/mol |       4 |  -15.54 kcal/mol
        105 |      2196059 |  -14.65 kcal/mol |  -15.25 +/-    0.21 kcal/mol |       4 |  -15.54 kcal/mol
        110 |      2287495 |  -14.48 kcal/mol |  -15.41 +/-    0.09 kcal/mol |       4 |  -15.54 kcal/mol
        115 |      2376899 |  -15.06 kcal/mol |  -15.41 +/-    0.11 kcal/mol |       3 |  -15.54 kcal/mol
        120 |      2464635 |  -14.88 kcal/mol |  -15.41 +/-    0.11 kcal/mol |       3 |  -15.54 kcal/mol
        123 |      2516091 |  -14.88 kcal/mol |  -15.41 +/-    0.11 kcal/mol |       6 |  -15.54 kcal/mol
------------+--------------+------------------+------------------------------+---------+-------------------

                                   Finished evaluation after reaching
                       2516091 evaluations. Best inter + intra   -15.54 kcal/mol.


Shutdown time 0.000708s

Job #2 took 1.917 sec after waiting 0.052 sec for setup

(Thread 0 is processing Job #2)
(Thread 0 is setting up Job #3)

Running Job #3:
    Device: NVIDIA A100-SXM4-40GB
    Grid map file: ./protein.maps.fld
    Ligand file: ./ligand_3_3.pdbqt
    Output file: docking_result_3.dlg (+ xml)
    Using heuristics: (capped) number of evaluations set to 2280181
    Local-search chosen method is: ADADELTA (ad)

Rest of Setup time 0.305261s

Executing docking runs, stopping automatically after either reaching 0.15 kcal/mol standard deviation of
the best molecules of the last 4 * 5 generations, 42000 generations, or 2280181 evaluations:

Generations |  Evaluations |     Threshold    |  Average energy of best 10%  | Samples | Best Inter + Intra
------------+--------------+------------------+------------------------------+---------+-------------------
          0 |          150 |   -2.46 kcal/mol |   -3.59 +/-    0.30 kcal/mol |       4 |   -3.99 kcal/mol
          5 |       113373 |   -2.46 kcal/mol |   -6.61 +/-    1.83 kcal/mol |     949 |  -13.53 kcal/mol
         10 |       233518 |   -6.58 kcal/mol |  -11.03 +/-    0.77 kcal/mol |      41 |  -13.63 kcal/mol
         15 |       362582 |  -10.75 kcal/mol |  -13.02 +/-    0.34 kcal/mol |       5 |  -13.66 kcal/mol
         20 |       493772 |  -12.01 kcal/mol |  -13.71 +/-    0.74 kcal/mol |       9 |  -15.05 kcal/mol
         25 |       624498 |  -12.47 kcal/mol |  -14.40 +/-    0.39 kcal/mol |       4 |  -15.08 kcal/mol
         30 |       758200 |  -12.93 kcal/mol |  -14.49 +/-    0.45 kcal/mol |      18 |  -15.32 kcal/mol
         35 |       890764 |  -14.12 kcal/mol |  -15.42 +/-    0.18 kcal/mol |       5 |  -15.64 kcal/mol
         40 |      1022375 |  -14.87 kcal/mol |  -15.52 +/-    0.13 kcal/mol |       5 |  -15.67 kcal/mol
         45 |      1151695 |  -15.12 kcal/mol |  -15.55 +/-    0.10 kcal/mol |       5 |  -15.70 kcal/mol
         50 |      1280697 |  -15.26 kcal/mol |  -15.68 +/-    0.20 kcal/mol |       6 |  -15.94 kcal/mol
         55 |      1408965 |  -15.19 kcal/mol |  -15.53 +/-    0.21 kcal/mol |       9 |  -16.02 kcal/mol
         60 |      1535414 |  -15.18 kcal/mol |  -15.88 +/-    0.12 kcal/mol |       4 |  -16.02 kcal/mol
         65 |      1667283 |  -15.42 kcal/mol |  -15.89 +/-    0.16 kcal/mol |       4 |  -16.04 kcal/mol
         70 |      1795547 |  -15.27 kcal/mol |  -15.48 +/-    0.22 kcal/mol |      17 |  -16.06 kcal/mol
         75 |      1925633 |  -15.29 kcal/mol |  -15.53 +/-    0.20 kcal/mol |      17 |  -16.06 kcal/mol
         80 |      2056534 |  -15.35 kcal/mol |  -15.55 +/-    0.17 kcal/mol |      18 |  -16.06 kcal/mol
         85 |      2191033 |  -15.41 kcal/mol |  -15.65 +/-    0.17 kcal/mol |      17 |  -16.06 kcal/mol
         89 |      2295882 |  -15.50 kcal/mol |  -15.68 +/-    0.17 kcal/mol |      23 |  -16.06 kcal/mol
------------+--------------+------------------+------------------------------+---------+-------------------

                                   Finished evaluation after reaching
                       2295882 evaluations. Best inter + intra   -16.06 kcal/mol.


Shutdown time 0.000703s

Job #3 took 1.608 sec after waiting 0.064 sec for setup

(Thread 0 is processing Job #3)
(Thread 0 is setting up Job #4)

Running Job #4:
    Device: NVIDIA A100-SXM4-40GB
    Grid map file: ./protein.maps.fld
    Ligand file: ./ligand_4_4.pdbqt
    Output file: docking_result_4.dlg (+ xml)
    Using heuristics: (capped) number of evaluations set to 7973093
    Overriding heuristics, setting number of evaluations to --nev = 2500000 instead.
    Warning: The set number of evals is 10.52% of the uncapped heuristics estimate of 23759450 evals.
             This means this docking may not be able to converge. Increasing --heurmax may improve
             convergence but will also increase runtime.
             AutoStop will not stop before 76.79% (1919714) of the set number of evaluations.
    Local-search chosen method is: ADADELTA (ad)

Rest of Setup time 0.306581s

Executing docking runs, stopping automatically after either reaching 0.15 kcal/mol standard deviation of
the best molecules of the last 4 * 5 generations, 42000 generations, or 2500000 evaluations:

Generations |  Evaluations |     Threshold    |  Average energy of best 10%  | Samples | Best Inter + Intra
------------+--------------+------------------+------------------------------+---------+-------------------
          0 |          150 |  278.07 kcal/mol |  180.46 +/-   34.89 kcal/mol |       6 |  125.09 kcal/mol
          5 |       114889 |  267.68 kcal/mol |   10.87 +/-   24.45 kcal/mol |    1087 |   -9.36 kcal/mol
         10 |       223310 |   11.20 kcal/mol |  -10.06 +/-    0.30 kcal/mol |       4 |  -10.37 kcal/mol
         15 |       333558 |   -8.91 kcal/mol |   -9.93 +/-    0.39 kcal/mol |       7 |  -10.65 kcal/mol
         20 |       443566 |   -9.10 kcal/mol |  -10.36 +/-    0.19 kcal/mol |       5 |  -10.65 kcal/mol
         25 |       551049 |   -9.80 kcal/mol |  -10.44 +/-    0.13 kcal/mol |       6 |  -10.65 kcal/mol
         30 |       657317 |  -10.13 kcal/mol |  -10.46 +/-    0.12 kcal/mol |      11 |  -10.65 kcal/mol
         35 |       761675 |  -10.30 kcal/mol |  -10.92 +/-    0.28 kcal/mol |       6 |  -11.37 kcal/mol
         40 |       866301 |  -10.22 kcal/mol |  -11.73 +/-    0.81 kcal/mol |       5 |  -12.72 kcal/mol
         45 |       966803 |   -9.31 kcal/mol |  -11.96 +/-    1.07 kcal/mol |       9 |  -14.15 kcal/mol
         50 |      1064150 |  -10.18 kcal/mol |  -12.58 +/-    0.92 kcal/mol |       4 |  -14.15 kcal/mol
         55 |      1161061 |   -9.15 kcal/mol |  -11.60 +/-    0.99 kcal/mol |       8 |  -14.15 kcal/mol
         60 |      1258597 |   -9.74 kcal/mol |  -12.71 +/-    0.78 kcal/mol |       6 |  -14.15 kcal/mol
         65 |      1355062 |  -10.75 kcal/mol |  -12.23 +/-    1.13 kcal/mol |       4 |  -14.15 kcal/mol
         70 |      1452985 |   -8.00 kcal/mol |  -11.31 +/-    0.90 kcal/mol |      23 |  -14.15 kcal/mol
         75 |      1550761 |  -10.72 kcal/mol |  -12.97 +/-    0.81 kcal/mol |       4 |  -14.15 kcal/mol
         80 |      1647422 |   -9.92 kcal/mol |  -12.35 +/-    0.95 kcal/mol |       6 |  -14.15 kcal/mol
         85 |      1742815 |   -9.97 kcal/mol |  -12.89 +/-    0.91 kcal/mol |       4 |  -14.27 kcal/mol
         90 |      1837838 |   -9.49 kcal/mol |  -12.63 +/-    1.26 kcal/mol |       9 |  -14.27 kcal/mol
         95 |      1931947 |  -10.54 kcal/mol |  -13.27 +/-    0.59 kcal/mol |       4 |  -14.27 kcal/mol
        100 |      2026247 |  -11.07 kcal/mol |  -12.60 +/-    0.98 kcal/mol |       5 |  -14.27 kcal/mol
        105 |      2116896 |   -9.66 kcal/mol |  -12.60 +/-    0.97 kcal/mol |       5 |  -14.27 kcal/mol
        110 |      2209259 |   -9.68 kcal/mol |  -12.85 +/-    1.11 kcal/mol |       6 |  -14.27 kcal/mol
        115 |      2299221 |  -10.07 kcal/mol |  -13.15 +/-    0.69 kcal/mol |       5 |  -14.27 kcal/mol
        120 |      2388254 |  -11.09 kcal/mol |  -13.50 +/-    0.83 kcal/mol |       4 |  -14.27 kcal/mol
        125 |      2476814 |  -10.37 kcal/mol |  -12.96 +/-    0.72 kcal/mol |       5 |  -14.27 kcal/mol
        127 |      2511807 |  -10.81 kcal/mol |  -13.02 +/-    0.70 kcal/mol |      10 |  -14.27 kcal/mol
------------+--------------+------------------+------------------------------+---------+-------------------

                                   Finished evaluation after reaching
                       2511807 evaluations. Best inter + intra   -14.27 kcal/mol.


Shutdown time 0.000668s

Job #4 took 1.896 sec after waiting 0.066 sec for setup

(Thread 0 is processing Job #4)
(Thread 0 is setting up Job #5)

Running Job #5:
    Device: NVIDIA A100-SXM4-40GB
    Grid map file: ./protein.maps.fld
    Ligand file: ./ligand_5_5.pdbqt
    Output file: docking_result_5.dlg (+ xml)
    Using heuristics: (capped) number of evaluations set to 2280181
    Local-search chosen method is: ADADELTA (ad)

Rest of Setup time 0.301779s

Executing docking runs, stopping automatically after either reaching 0.15 kcal/mol standard deviation of
the best molecules of the last 4 * 5 generations, 42000 generations, or 2280181 evaluations:

Generations |  Evaluations |     Threshold    |  Average energy of best 10%  | Samples | Best Inter + Intra
------------+--------------+------------------+------------------------------+---------+-------------------
          0 |          150 |   -2.15 kcal/mol |   -3.42 +/-    0.34 kcal/mol |       4 |   -3.86 kcal/mol
          5 |       118140 |   -2.15 kcal/mol |   -6.64 +/-    1.93 kcal/mol |     984 |  -14.26 kcal/mol
         10 |       240952 |   -6.61 kcal/mol |  -11.86 +/-    1.14 kcal/mol |      44 |  -15.19 kcal/mol
         15 |       371204 |  -11.47 kcal/mol |  -14.73 +/-    0.43 kcal/mol |       5 |  -15.33 kcal/mol
         20 |       505392 |  -13.45 kcal/mol |  -15.27 +/-    0.58 kcal/mol |       4 |  -15.73 kcal/mol
         25 |       638359 |  -13.08 kcal/mol |  -15.15 +/-    0.55 kcal/mol |       4 |  -15.73 kcal/mol
         30 |       773663 |  -13.10 kcal/mol |  -15.06 +/-    0.69 kcal/mol |       8 |  -16.52 kcal/mol
         35 |       910324 |  -13.77 kcal/mol |  -15.51 +/-    0.70 kcal/mol |       4 |  -16.56 kcal/mol
         40 |      1048942 |  -12.88 kcal/mol |  -14.97 +/-    0.57 kcal/mol |      16 |  -16.56 kcal/mol
         45 |      1185418 |  -14.44 kcal/mol |  -16.51 +/-    0.05 kcal/mol |       4 |  -16.56 kcal/mol
         50 |      1323168 |  -15.95 kcal/mol |  -16.56 +/-    0.00 kcal/mol |       1 |  -16.56 kcal/mol
         55 |      1462017 |  -14.31 kcal/mol |  -15.42 +/-    0.46 kcal/mol |       8 |  -16.56 kcal/mol
         60 |      1599036 |  -14.55 kcal/mol |  -16.06 +/-    0.49 kcal/mol |       6 |  -16.56 kcal/mol
         65 |      1739410 |  -14.84 kcal/mol |  -16.31 +/-    0.28 kcal/mol |       5 |  -16.56 kcal/mol
         70 |      1880001 |  -15.48 kcal/mol |  -16.20 +/-    0.57 kcal/mol |       5 |  -17.03 kcal/mol
         75 |      2018892 |  -14.49 kcal/mol |  -16.32 +/-    0.42 kcal/mol |       6 |  -17.03 kcal/mol
         80 |      2157870 |  -15.27 kcal/mol |  -16.78 +/-    0.25 kcal/mol |       4 |  -17.03 kcal/mol
         85 |      2298512 |  -15.83 kcal/mol |  -16.76 +/-    0.25 kcal/mol |       9 |  -17.03 kcal/mol
------------+--------------+------------------+------------------------------+---------+-------------------

                                   Finished evaluation after reaching
                       2298512 evaluations. Best inter + intra   -17.03 kcal/mol.


Shutdown time 0.000660s

Job #5 took 1.643 sec after waiting 0.062 sec for setup

(Thread 0 is processing Job #5)
Run time of entire job set (5 files): 13.188 sec
Savings from multithreading: -0.001 sec
Idle time of execution thread: 4.797 sec

All jobs (5) ran without errors.
