AutoDock-GPU version: v1.6-7-ga46ab564d2ac5f1a1523f65239b43505a1c29364-dirty

Using 1 OpenMP threads

Running 3 docking calculations

Cuda device:                              NVIDIA A100-SXM4-40GB
Available memory on device:               39916 MB (total: 40339 MB)

CUDA Setup time 0.234949s
(Thread 0 is setting up Job #1)

Running Job #1:
    Device: NVIDIA A100-SXM4-40GB
    Grid map file: ./protein.maps.fld
    Ligand file: ./ligand_1_1.pdbqt
    Output file: docking_result_1.dlg (+ xml)
    Using heuristics: (capped) number of evaluations set to 4195460
    Overriding heuristics, setting number of evaluations to --nev = 2500000 instead.
    Warning: The set number of evals is 38.75% of the uncapped heuristics estimate of 6450800 evals.
             This means this docking may not be able to converge. Increasing --heurmax may improve
             convergence but will also increase runtime.
             AutoStop will not stop before 17.33% (433129) of the set number of evaluations.
    Local-search chosen method is: ADADELTA (ad)

Rest of Setup time 0.308670s

Executing docking runs, stopping automatically after either reaching 0.15 kcal/mol standard deviation of
the best molecules of the last 4 * 5 generations, 42000 generations, or 2500000 evaluations:

Generations |  Evaluations |     Threshold    |  Average energy of best 10%  | Samples | Best Inter + Intra
------------+--------------+------------------+------------------------------+---------+-------------------
          0 |          150 |   -1.16 kcal/mol |   -2.25 +/-    0.38 kcal/mol |      10 |   -3.23 kcal/mol
          5 |       111867 |   -1.68 kcal/mol |   -6.59 +/-    1.99 kcal/mol |     992 |  -15.60 kcal/mol
         10 |       228560 |   -6.56 kcal/mol |  -11.64 +/-    1.12 kcal/mol |      63 |  -15.68 kcal/mol
         15 |       348522 |  -11.37 kcal/mol |  -15.14 +/-    0.41 kcal/mol |       5 |  -15.68 kcal/mol
         20 |       471427 |  -13.92 kcal/mol |  -15.35 +/-    0.21 kcal/mol |       4 |  -15.68 kcal/mol
         25 |       597298 |  -14.58 kcal/mol |  -15.81 +/-    0.78 kcal/mol |       7 |  -16.97 kcal/mol
         30 |       724025 |  -14.14 kcal/mol |  -16.52 +/-    0.84 kcal/mol |       4 |  -17.37 kcal/mol
         35 |       847847 |  -13.36 kcal/mol |  -15.70 +/-    0.78 kcal/mol |       6 |  -17.37 kcal/mol
         40 |       973494 |  -13.73 kcal/mol |  -15.85 +/-    0.78 kcal/mol |       5 |  -17.37 kcal/mol
         45 |      1098264 |  -13.50 kcal/mol |  -15.74 +/-    0.66 kcal/mol |       8 |  -17.37 kcal/mol
         50 |      1222898 |  -14.51 kcal/mol |  -16.32 +/-    0.53 kcal/mol |       5 |  -17.37 kcal/mol
         55 |      1348531 |  -14.72 kcal/mol |  -16.39 +/-    0.57 kcal/mol |       4 |  -17.37 kcal/mol
         60 |      1471919 |  -14.27 kcal/mol |  -16.53 +/-    0.69 kcal/mol |       5 |  -17.37 kcal/mol
         65 |      1597514 |  -14.48 kcal/mol |  -16.70 +/-    0.91 kcal/mol |       4 |  -17.80 kcal/mol
         70 |      1724297 |  -13.29 kcal/mol |  -15.73 +/-    0.78 kcal/mol |      15 |  -17.81 kcal/mol
         75 |      1849454 |  -14.95 kcal/mol |  -17.12 +/-    0.59 kcal/mol |       4 |  -17.81 kcal/mol
         80 |      1973699 |  -14.92 kcal/mol |  -17.19 +/-    0.59 kcal/mol |       4 |  -17.81 kcal/mol
         85 |      2098085 |  -14.96 kcal/mol |  -16.94 +/-    0.73 kcal/mol |       5 |  -18.10 kcal/mol
         90 |      2222651 |  -14.74 kcal/mol |  -17.14 +/-    0.71 kcal/mol |       8 |  -18.10 kcal/mol
         95 |      2346860 |  -15.80 kcal/mol |  -17.66 +/-    0.34 kcal/mol |       5 |  -18.11 kcal/mol
        100 |      2473610 |  -16.63 kcal/mol |  -17.78 +/-    0.33 kcal/mol |       4 |  -18.11 kcal/mol
        102 |      2524374 |  -16.56 kcal/mol |  -17.76 +/-    0.29 kcal/mol |       9 |  -18.11 kcal/mol
------------+--------------+------------------+------------------------------+---------+-------------------

                                   Finished evaluation after reaching
                       2524374 evaluations. Best inter + intra   -18.11 kcal/mol.


Shutdown time 0.000686s

Job #1 took 1.832 sec after waiting 4.475 sec for setup

(Thread 0 is processing Job #1)
(Thread 0 is setting up Job #2)

Running Job #2:
    Device: NVIDIA A100-SXM4-40GB
    Grid map file: ./protein.maps.fld
    Ligand file: ./ligand_2_2.pdbqt
    Output file: docking_result_2.dlg (+ xml)
    Using heuristics: (capped) number of evaluations set to 3487417
    Overriding heuristics, setting number of evaluations to --nev = 2500000 instead.
    Local-search chosen method is: ADADELTA (ad)

Rest of Setup time 0.303381s

Executing docking runs, stopping automatically after either reaching 0.15 kcal/mol standard deviation of
the best molecules of the last 4 * 5 generations, 42000 generations, or 2500000 evaluations:

Generations |  Evaluations |     Threshold    |  Average energy of best 10%  | Samples | Best Inter + Intra
------------+--------------+------------------+------------------------------+---------+-------------------
          0 |          150 |   -1.76 kcal/mol |   -2.03 +/-    0.14 kcal/mol |       8 |   -2.32 kcal/mol
          5 |       113837 |   -1.76 kcal/mol |   -5.24 +/-    1.96 kcal/mol |     876 |  -11.53 kcal/mol
         10 |       227509 |   -5.20 kcal/mol |  -10.21 +/-    0.90 kcal/mol |      32 |  -12.62 kcal/mol
         15 |       344947 |   -9.79 kcal/mol |  -12.38 +/-    0.68 kcal/mol |       8 |  -13.22 kcal/mol
         20 |       464115 |  -11.11 kcal/mol |  -12.97 +/-    0.22 kcal/mol |       7 |  -13.22 kcal/mol
         25 |       583196 |  -12.51 kcal/mol |  -13.43 +/-    0.35 kcal/mol |       4 |  -13.93 kcal/mol
         30 |       705497 |  -12.13 kcal/mol |  -13.43 +/-    0.26 kcal/mol |       8 |  -13.93 kcal/mol
         35 |       827527 |  -12.95 kcal/mol |  -13.61 +/-    0.22 kcal/mol |       4 |  -13.93 kcal/mol
         40 |       951534 |  -12.78 kcal/mol |  -13.73 +/-    0.14 kcal/mol |       5 |  -13.93 kcal/mol
         45 |      1074740 |  -13.30 kcal/mol |  -13.88 +/-    0.05 kcal/mol |       5 |  -13.93 kcal/mol
         50 |      1194025 |  -13.43 kcal/mol |  -13.91 +/-    0.27 kcal/mol |       4 |  -14.18 kcal/mol
         55 |      1316412 |  -12.91 kcal/mol |  -13.92 +/-    0.39 kcal/mol |       7 |  -14.43 kcal/mol
         60 |      1435352 |  -13.10 kcal/mol |  -14.18 +/-    0.32 kcal/mol |       4 |  -14.53 kcal/mol
         65 |      1557315 |  -12.99 kcal/mol |  -14.12 +/-    0.34 kcal/mol |       4 |  -14.55 kcal/mol
         70 |      1678750 |  -12.84 kcal/mol |  -14.27 +/-    0.39 kcal/mol |       6 |  -14.59 kcal/mol
         75 |      1799281 |  -13.30 kcal/mol |  -14.36 +/-    0.22 kcal/mol |       4 |  -14.66 kcal/mol
         80 |      1922644 |  -13.52 kcal/mol |  -14.46 +/-    0.24 kcal/mol |       9 |  -14.66 kcal/mol
         85 |      2045616 |  -14.06 kcal/mol |  -14.48 +/-    0.15 kcal/mol |       5 |  -14.66 kcal/mol
         90 |      2168949 |  -14.02 kcal/mol |  -14.53 +/-    0.13 kcal/mol |       7 |  -14.68 kcal/mol
         95 |      2293465 |  -14.25 kcal/mol |  -14.49 +/-    0.13 kcal/mol |       9 |  -14.68 kcal/mol
        100 |      2418258 |  -14.28 kcal/mol |  -14.45 +/-    0.11 kcal/mol |       6 |  -14.68 kcal/mol
        104 |      2517758 |  -14.19 kcal/mol |  -14.45 +/-    0.13 kcal/mol |      12 |  -14.68 kcal/mol
------------+--------------+------------------+------------------------------+---------+-------------------

                                   Finished evaluation after reaching
                       2517758 evaluations. Best inter + intra   -14.68 kcal/mol.


Shutdown time 0.000644s

Job #2 took 1.728 sec after waiting 0.070 sec for setup

(Thread 0 is processing Job #2)
(Thread 0 is setting up Job #3)

Running Job #3:
    Device: NVIDIA A100-SXM4-40GB
    Grid map file: ./protein.maps.fld
    Ligand file: ./ligand_3_3.pdbqt
    Output file: docking_result_3.dlg (+ xml)
    Using heuristics: (capped) number of evaluations set to 2068966
    Local-search chosen method is: ADADELTA (ad)

Rest of Setup time 0.303197s

Executing docking runs, stopping automatically after either reaching 0.15 kcal/mol standard deviation of
the best molecules of the last 4 * 5 generations, 42000 generations, or 2068966 evaluations:

Generations |  Evaluations |     Threshold    |  Average energy of best 10%  | Samples | Best Inter + Intra
------------+--------------+------------------+------------------------------+---------+-------------------
          0 |          150 |   -1.90 kcal/mol |   -2.89 +/-    0.38 kcal/mol |       4 |   -3.53 kcal/mol
          5 |       117189 |   -1.45 kcal/mol |   -5.77 +/-    1.87 kcal/mol |     988 |  -14.36 kcal/mol
         10 |       229850 |   -5.74 kcal/mol |  -10.88 +/-    1.40 kcal/mol |      40 |  -14.40 kcal/mol
         15 |       345809 |  -10.35 kcal/mol |  -13.89 +/-    0.51 kcal/mol |       9 |  -14.46 kcal/mol
         20 |       462894 |  -13.05 kcal/mol |  -14.29 +/-    0.16 kcal/mol |       4 |  -14.46 kcal/mol
         25 |       583950 |  -13.70 kcal/mol |  -14.41 +/-    0.04 kcal/mol |       4 |  -14.46 kcal/mol
         30 |       705480 |  -13.84 kcal/mol |  -14.31 +/-    0.15 kcal/mol |       9 |  -14.52 kcal/mol
         35 |       824190 |  -14.06 kcal/mol |  -14.56 +/-    0.19 kcal/mol |       4 |  -14.89 kcal/mol
         40 |       943693 |  -13.83 kcal/mol |  -14.57 +/-    0.20 kcal/mol |       4 |  -14.91 kcal/mol
         45 |      1062519 |  -13.80 kcal/mol |  -14.64 +/-    0.24 kcal/mol |       7 |  -14.91 kcal/mol
         50 |      1184446 |  -14.14 kcal/mol |  -14.78 +/-    0.14 kcal/mol |       5 |  -14.98 kcal/mol
         55 |      1307202 |  -14.36 kcal/mol |  -14.87 +/-    0.16 kcal/mol |       6 |  -15.01 kcal/mol
         60 |      1426169 |  -14.46 kcal/mol |  -14.80 +/-    0.15 kcal/mol |       4 |  -15.01 kcal/mol
         65 |      1547472 |  -14.23 kcal/mol |  -14.85 +/-    0.20 kcal/mol |       5 |  -15.06 kcal/mol
         70 |      1671337 |  -14.26 kcal/mol |  -14.78 +/-    0.21 kcal/mol |       9 |  -15.18 kcal/mol
         75 |      1794811 |  -14.42 kcal/mol |  -14.95 +/-    0.18 kcal/mol |       4 |  -15.18 kcal/mol
         80 |      1916149 |  -14.26 kcal/mol |  -14.79 +/-    0.21 kcal/mol |       8 |  -15.18 kcal/mol
         85 |      2039586 |  -14.40 kcal/mol |  -14.97 +/-    0.14 kcal/mol |       9 |  -15.18 kcal/mol
         87 |      2087933 |  -14.74 kcal/mol |  -15.04 +/-    0.21 kcal/mol |      14 |  -15.69 kcal/mol
------------+--------------+------------------+------------------------------+---------+-------------------

                                   Finished evaluation after reaching
                       2087933 evaluations. Best inter + intra   -15.69 kcal/mol.


Shutdown time 0.000672s

Job #3 took 1.283 sec after waiting 0.063 sec for setup

(Thread 0 is processing Job #3)
Run time of entire job set (3 files): 9.501 sec
Savings from multithreading: -0.000 sec
Idle time of execution thread: 4.658 sec

All jobs (3) ran without errors.
