AutoDock-GPU version: v1.6-7-ga46ab564d2ac5f1a1523f65239b43505a1c29364-dirty

Running 1 docking calculation

Cuda device:                              NVIDIA A100-SXM4-40GB
Available memory on device:               39916 MB (total: 40339 MB)

CUDA Setup time 0.233199s
(Thread 0 is setting up Job #1)

Running Job #1
    Using heuristics: (capped) number of evaluations set to 2280181
    Local-search chosen method is: ADADELTA (ad)

Rest of Setup time 0.307746s

Executing docking runs, stopping automatically after either reaching 0.15 kcal/mol standard deviation of
the best molecules of the last 4 * 5 generations, 42000 generations, or 2280181 evaluations:

Generations |  Evaluations |     Threshold    |  Average energy of best 10%  | Samples | Best Inter + Intra
------------+--------------+------------------+------------------------------+---------+-------------------
          0 |          150 |   -2.60 kcal/mol |   -2.96 +/-    0.19 kcal/mol |       8 |   -3.28 kcal/mol
          5 |       141435 |   -2.60 kcal/mol |   -6.09 +/-    1.90 kcal/mol |    1152 |  -13.26 kcal/mol
         10 |       285805 |   -6.06 kcal/mol |  -11.15 +/-    1.08 kcal/mol |      49 |  -13.46 kcal/mol
         15 |       432146 |  -10.82 kcal/mol |  -13.50 +/-    0.39 kcal/mol |       9 |  -14.43 kcal/mol
         20 |       577326 |  -12.84 kcal/mol |  -14.14 +/-    0.37 kcal/mol |       9 |  -14.65 kcal/mol
         25 |       721701 |  -13.52 kcal/mol |  -14.42 +/-    0.37 kcal/mol |       4 |  -14.90 kcal/mol
         30 |       868122 |  -13.03 kcal/mol |  -14.23 +/-    0.35 kcal/mol |      10 |  -14.91 kcal/mol
         35 |      1013257 |  -13.70 kcal/mol |  -14.59 +/-    0.18 kcal/mol |       6 |  -14.91 kcal/mol
         40 |      1158471 |  -14.14 kcal/mol |  -14.80 +/-    0.15 kcal/mol |       9 |  -14.95 kcal/mol
         45 |      1303537 |  -14.55 kcal/mol |  -14.78 +/-    0.13 kcal/mol |       4 |  -14.95 kcal/mol
         50 |      1444004 |  -14.30 kcal/mol |  -14.85 +/-    0.12 kcal/mol |       4 |  -14.95 kcal/mol
         55 |      1587555 |  -14.40 kcal/mol |  -14.85 +/-    0.12 kcal/mol |       4 |  -14.95 kcal/mol
------------+--------------+------------------+------------------------------+---------+-------------------

                                   Finished evaluation after reaching
                                  -14.81 +/-    0.14 kcal/mol combined.
                             21 samples, best inter + intra   -14.95 kcal/mol.


Shutdown time 0.000642s

Job #1 took 0.956 sec after waiting 4.482 sec for setup

(Thread 0 is processing Job #1)
Run time of entire job set (1 file): 5.481 sec
Processing time: 0.044 sec

All jobs (1) ran without errors.
