AutoDock-GPU version: v1.6-7-ga46ab564d2ac5f1a1523f65239b43505a1c29364-dirty

Using 1 OpenMP threads

Running 3 docking calculations

Cuda device:                              NVIDIA A100-SXM4-40GB
Available memory on device:               39916 MB (total: 40339 MB)

CUDA Setup time 0.233074s
(Thread 0 is setting up Job #1)

Running Job #1:
    Device: NVIDIA A100-SXM4-40GB
    Grid map file: ./protein.maps.fld
    Ligand file: ./ligand_1_1.pdbqt
    Output file: docking_result_1.dlg (+ xml)
    Using heuristics: (capped) number of evaluations set to 7973093
    Overriding heuristics, setting number of evaluations to --nev = 2500000 instead.
    Warning: The set number of evals is 10.52% of the uncapped heuristics estimate of 23759450 evals.
             This means this docking may not be able to converge. Increasing --heurmax may improve
             convergence but will also increase runtime.
             AutoStop will not stop before 76.79% (1919714) of the set number of evaluations.
    Local-search chosen method is: ADADELTA (ad)

Rest of Setup time 0.304256s

Executing docking runs, stopping automatically after either reaching 0.15 kcal/mol standard deviation of
the best molecules of the last 4 * 5 generations, 42000 generations, or 2500000 evaluations:

Generations |  Evaluations |     Threshold    |  Average energy of best 10%  | Samples | Best Inter + Intra
------------+--------------+------------------+------------------------------+---------+-------------------
          0 |          150 |  383.60 kcal/mol |  275.17 +/-   28.92 kcal/mol |       4 |  225.26 kcal/mol
          5 |       115700 |  383.60 kcal/mol |   13.04 +/-   38.09 kcal/mol |    1062 |  -12.42 kcal/mol
         10 |       224748 |   13.58 kcal/mol |  -11.69 +/-    0.54 kcal/mol |       5 |  -12.42 kcal/mol
         15 |       335385 |  -10.09 kcal/mol |  -12.21 +/-    0.95 kcal/mol |       6 |  -14.18 kcal/mol
         20 |       446346 |   -9.83 kcal/mol |  -13.16 +/-    0.80 kcal/mol |       4 |  -14.18 kcal/mol
         25 |       560091 |  -10.16 kcal/mol |  -12.88 +/-    0.79 kcal/mol |       6 |  -14.18 kcal/mol
         30 |       676809 |  -10.89 kcal/mol |  -13.35 +/-    0.51 kcal/mol |       8 |  -14.18 kcal/mol
         35 |       791375 |  -12.41 kcal/mol |  -13.69 +/-    0.33 kcal/mol |       4 |  -14.18 kcal/mol
         40 |       906687 |  -12.47 kcal/mol |  -13.58 +/-    0.32 kcal/mol |       6 |  -14.18 kcal/mol
         45 |      1019458 |  -12.79 kcal/mol |  -13.80 +/-    0.25 kcal/mol |       4 |  -14.18 kcal/mol
         50 |      1134007 |  -12.85 kcal/mol |  -13.68 +/-    0.34 kcal/mol |       4 |  -14.18 kcal/mol
         55 |      1249071 |  -12.41 kcal/mol |  -13.71 +/-    0.28 kcal/mol |       6 |  -14.18 kcal/mol
         60 |      1360462 |  -13.01 kcal/mol |  -13.68 +/-    0.34 kcal/mol |       4 |  -14.18 kcal/mol
         65 |      1473065 |  -12.41 kcal/mol |  -13.78 +/-    0.36 kcal/mol |       5 |  -14.18 kcal/mol
         70 |      1585457 |  -12.69 kcal/mol |  -13.85 +/-    0.23 kcal/mol |       5 |  -14.18 kcal/mol
         75 |      1695135 |  -13.17 kcal/mol |  -13.88 +/-    0.24 kcal/mol |       4 |  -14.18 kcal/mol
         80 |      1801716 |  -12.97 kcal/mol |  -13.86 +/-    0.22 kcal/mol |       5 |  -14.18 kcal/mol
         85 |      1907543 |  -13.20 kcal/mol |  -14.01 +/-    0.32 kcal/mol |       9 |  -14.68 kcal/mol
         90 |      2008684 |  -13.48 kcal/mol |  -14.49 +/-    0.23 kcal/mol |       5 |  -14.68 kcal/mol
         95 |      2112117 |  -13.80 kcal/mol |  -14.51 +/-    0.24 kcal/mol |       4 |  -14.79 kcal/mol
        100 |      2211484 |  -13.63 kcal/mol |  -14.68 +/-    0.36 kcal/mol |       5 |  -15.13 kcal/mol
        105 |      2307899 |  -13.60 kcal/mol |  -15.00 +/-    0.51 kcal/mol |       5 |  -15.60 kcal/mol
        110 |      2402941 |  -13.46 kcal/mol |  -15.02 +/-    0.32 kcal/mol |       7 |  -15.60 kcal/mol
        115 |      2495238 |  -14.33 kcal/mol |  -15.06 +/-    0.39 kcal/mol |       4 |  -15.64 kcal/mol
        116 |      2513683 |  -13.61 kcal/mol |  -15.16 +/-    0.32 kcal/mol |       7 |  -15.64 kcal/mol
------------+--------------+------------------+------------------------------+---------+-------------------

                                   Finished evaluation after reaching
                       2513683 evaluations. Best inter + intra   -15.64 kcal/mol.


Shutdown time 0.000708s

Job #1 took 1.821 sec after waiting 4.465 sec for setup

(Thread 0 is processing Job #1)
(Thread 0 is setting up Job #2)

Running Job #2:
    Device: NVIDIA A100-SXM4-40GB
    Grid map file: ./protein.maps.fld
    Ligand file: ./ligand_2_2.pdbqt
    Output file: docking_result_2.dlg (+ xml)
    Using heuristics: (capped) number of evaluations set to 9189291
    Overriding heuristics, setting number of evaluations to --nev = 2500000 instead.
    Warning: The set number of evals is 6.37% of the uncapped heuristics estimate of 39232620 evals.
             This means this docking may not be able to converge. Increasing --heurmax may improve
             convergence but will also increase runtime.
             AutoStop will not stop before 90.08% (2252086) of the set number of evaluations.
    Local-search chosen method is: ADADELTA (ad)

Rest of Setup time 0.305835s

Executing docking runs, stopping automatically after either reaching 0.15 kcal/mol standard deviation of
the best molecules of the last 4 * 5 generations, 42000 generations, or 2500000 evaluations:

Generations |  Evaluations |     Threshold    |  Average energy of best 10%  | Samples | Best Inter + Intra
------------+--------------+------------------+------------------------------+---------+-------------------
          0 |          150 |  281.41 kcal/mol |  259.40 +/-    5.87 kcal/mol |       4 |  250.17 kcal/mol
          5 |       119489 |  281.41 kcal/mol |   15.29 +/-   37.12 kcal/mol |    1074 |  -10.13 kcal/mol
         10 |       235559 |   15.80 kcal/mol |  -10.47 +/-    0.28 kcal/mol |       7 |  -10.97 kcal/mol
         15 |       352715 |   -9.87 kcal/mol |  -10.96 +/-    0.38 kcal/mol |       6 |  -11.48 kcal/mol
         20 |       471969 |  -10.02 kcal/mol |  -11.19 +/-    0.34 kcal/mol |      10 |  -11.89 kcal/mol
         25 |       587903 |  -10.68 kcal/mol |  -11.77 +/-    0.24 kcal/mol |       5 |  -12.16 kcal/mol
         30 |       700921 |  -11.05 kcal/mol |  -11.90 +/-    0.27 kcal/mol |       7 |  -12.36 kcal/mol
         35 |       806453 |  -11.32 kcal/mol |  -12.36 +/-    0.40 kcal/mol |       8 |  -12.98 kcal/mol
         40 |       910618 |  -11.61 kcal/mol |  -12.69 +/-    0.19 kcal/mol |       4 |  -12.98 kcal/mol
         45 |      1013818 |  -11.97 kcal/mol |  -12.75 +/-    0.23 kcal/mol |       6 |  -12.98 kcal/mol
         50 |      1109734 |  -12.18 kcal/mol |  -12.79 +/-    0.16 kcal/mol |       5 |  -12.98 kcal/mol
         55 |      1205219 |  -12.33 kcal/mol |  -12.87 +/-    0.13 kcal/mol |       6 |  -13.07 kcal/mol
         60 |      1297590 |  -12.54 kcal/mol |  -12.90 +/-    0.12 kcal/mol |       8 |  -13.07 kcal/mol
         65 |      1387374 |  -12.68 kcal/mol |  -12.92 +/-    0.15 kcal/mol |      11 |  -13.12 kcal/mol
         70 |      1475017 |  -12.72 kcal/mol |  -12.96 +/-    0.18 kcal/mol |      10 |  -13.25 kcal/mol
         75 |      1559780 |  -12.70 kcal/mol |  -13.31 +/-    0.29 kcal/mol |       5 |  -13.70 kcal/mol
         80 |      1644797 |  -12.46 kcal/mol |  -13.53 +/-    0.61 kcal/mol |       9 |  -14.73 kcal/mol
         85 |      1727183 |  -12.52 kcal/mol |  -14.64 +/-    0.55 kcal/mol |       8 |  -15.23 kcal/mol
         90 |      1810321 |  -13.62 kcal/mol |  -14.87 +/-    0.22 kcal/mol |       4 |  -15.23 kcal/mol
         95 |      1892585 |  -14.05 kcal/mol |  -15.00 +/-    0.22 kcal/mol |       4 |  -15.23 kcal/mol
        100 |      1974797 |  -14.19 kcal/mol |  -15.28 +/-    0.13 kcal/mol |       4 |  -15.51 kcal/mol
        105 |      2056053 |  -14.79 kcal/mol |  -15.31 +/-    0.14 kcal/mol |       3 |  -15.51 kcal/mol
        110 |      2137412 |  -14.61 kcal/mol |  -15.20 +/-    0.23 kcal/mol |       4 |  -15.51 kcal/mol
        115 |      2219111 |  -14.33 kcal/mol |  -15.18 +/-    0.26 kcal/mol |       4 |  -15.51 kcal/mol
        120 |      2301034 |  -14.18 kcal/mol |  -15.20 +/-    0.22 kcal/mol |       5 |  -15.51 kcal/mol
        125 |      2381622 |  -14.55 kcal/mol |  -15.28 +/-    0.13 kcal/mol |       4 |  -15.51 kcal/mol
        130 |      2461297 |  -14.79 kcal/mol |  -15.19 +/-    0.25 kcal/mol |       4 |  -15.51 kcal/mol
        133 |      2509842 |  -14.26 kcal/mol |  -15.29 +/-    0.13 kcal/mol |       8 |  -15.51 kcal/mol
------------+--------------+------------------+------------------------------+---------+-------------------

                                   Finished evaluation after reaching
                       2509842 evaluations. Best inter + intra   -15.51 kcal/mol.


Shutdown time 0.000660s

Job #2 took 1.944 sec after waiting 0.068 sec for setup

(Thread 0 is processing Job #2)
(Thread 0 is setting up Job #3)

Running Job #3:
    Device: NVIDIA A100-SXM4-40GB
    Grid map file: ./protein.maps.fld
    Ligand file: ./ligand_3_3.pdbqt
    Output file: docking_result_3.dlg (+ xml)
    Using heuristics: (capped) number of evaluations set to 3487417
    Overriding heuristics, setting number of evaluations to --nev = 2500000 instead.
    Local-search chosen method is: ADADELTA (ad)

Rest of Setup time 0.301338s

Executing docking runs, stopping automatically after either reaching 0.15 kcal/mol standard deviation of
the best molecules of the last 4 * 5 generations, 42000 generations, or 2500000 evaluations:

Generations |  Evaluations |     Threshold    |  Average energy of best 10%  | Samples | Best Inter + Intra
------------+--------------+------------------+------------------------------+---------+-------------------
          0 |          150 |   -0.94 kcal/mol |   -2.21 +/-    0.42 kcal/mol |       9 |   -3.10 kcal/mol
          5 |       109657 |   -1.51 kcal/mol |   -5.11 +/-    1.68 kcal/mol |     747 |  -10.28 kcal/mol
         10 |       222192 |   -5.07 kcal/mol |   -9.30 +/-    0.81 kcal/mol |      62 |  -12.03 kcal/mol
         15 |       337254 |   -9.11 kcal/mol |  -11.30 +/-    0.48 kcal/mol |       8 |  -12.07 kcal/mol
         20 |       453710 |  -10.40 kcal/mol |  -11.77 +/-    0.27 kcal/mol |      10 |  -12.08 kcal/mol
         25 |       571450 |  -11.36 kcal/mol |  -11.99 +/-    0.09 kcal/mol |       6 |  -12.10 kcal/mol
         30 |       689518 |  -11.77 kcal/mol |  -12.02 +/-    0.11 kcal/mol |      10 |  -12.14 kcal/mol
         35 |       807734 |  -11.86 kcal/mol |  -12.12 +/-    0.08 kcal/mol |       8 |  -12.23 kcal/mol
         40 |       925481 |  -11.97 kcal/mol |  -12.22 +/-    0.11 kcal/mol |      12 |  -12.40 kcal/mol
         45 |      1045249 |  -12.08 kcal/mol |  -12.26 +/-    0.12 kcal/mol |      12 |  -12.40 kcal/mol
         50 |      1165368 |  -12.11 kcal/mol |  -12.32 +/-    0.06 kcal/mol |       8 |  -12.44 kcal/mol
         55 |      1287966 |  -12.04 kcal/mol |  -12.42 +/-    0.15 kcal/mol |      11 |  -12.81 kcal/mol
         60 |      1408389 |  -12.23 kcal/mol |  -12.44 +/-    0.15 kcal/mol |       9 |  -12.81 kcal/mol
         65 |      1529638 |  -12.18 kcal/mol |  -12.53 +/-    0.18 kcal/mol |       9 |  -12.88 kcal/mol
         70 |      1650933 |  -12.24 kcal/mol |  -12.90 +/-    0.20 kcal/mol |       9 |  -13.28 kcal/mol
         75 |      1770252 |  -12.56 kcal/mol |  -12.99 +/-    0.26 kcal/mol |       4 |  -13.28 kcal/mol
         80 |      1892656 |  -12.00 kcal/mol |  -13.06 +/-    0.21 kcal/mol |      10 |  -13.39 kcal/mol
         85 |      2017116 |  -12.75 kcal/mol |  -13.33 +/-    0.17 kcal/mol |       6 |  -13.68 kcal/mol
         90 |      2141629 |  -12.90 kcal/mol |  -13.77 +/-    0.29 kcal/mol |       4 |  -13.93 kcal/mol
         95 |      2269551 |  -12.69 kcal/mol |  -13.43 +/-    0.35 kcal/mol |       4 |  -14.04 kcal/mol
        100 |      2395981 |  -12.11 kcal/mol |  -13.09 +/-    0.30 kcal/mol |      15 |  -14.04 kcal/mol
        105 |      2518669 |  -12.80 kcal/mol |  -13.16 +/-    0.42 kcal/mol |      28 |  -14.62 kcal/mol
------------+--------------+------------------+------------------------------+---------+-------------------

                                   Finished evaluation after reaching
                       2518669 evaluations. Best inter + intra   -14.62 kcal/mol.


Shutdown time 0.000686s

Job #3 took 1.600 sec after waiting 0.067 sec for setup

(Thread 0 is processing Job #3)
Run time of entire job set (3 files): 10.019 sec
Savings from multithreading: -0.001 sec
Idle time of execution thread: 4.654 sec

All jobs (3) ran without errors.
