AutoDock-GPU version: v1.6-7-ga46ab564d2ac5f1a1523f65239b43505a1c29364-dirty

Using 1 OpenMP threads

Running 4 docking calculations

Cuda device:                              NVIDIA A100-SXM4-40GB
Available memory on device:               39916 MB (total: 40339 MB)

CUDA Setup time 0.230826s
(Thread 0 is setting up Job #1)

Running Job #1:
    Device: NVIDIA A100-SXM4-40GB
    Grid map file: ./protein.maps.fld
    Ligand file: ./ligand_1_1.pdbqt
    Output file: docking_result_1.dlg (+ xml)
    Using heuristics: (capped) number of evaluations set to 2068966
    Local-search chosen method is: ADADELTA (ad)

Rest of Setup time 0.306962s

Executing docking runs, stopping automatically after either reaching 0.15 kcal/mol standard deviation of
the best molecules of the last 4 * 5 generations, 42000 generations, or 2068966 evaluations:

Generations |  Evaluations |     Threshold    |  Average energy of best 10%  | Samples | Best Inter + Intra
------------+--------------+------------------+------------------------------+---------+-------------------
          0 |          150 |   -1.76 kcal/mol |   -2.21 +/-    0.06 kcal/mol |       5 |   -2.33 kcal/mol
          5 |       110815 |   -1.76 kcal/mol |   -5.11 +/-    1.79 kcal/mol |     825 |  -10.99 kcal/mol
         10 |       221653 |   -5.07 kcal/mol |   -9.68 +/-    0.87 kcal/mol |      51 |  -12.39 kcal/mol
         15 |       337521 |   -9.43 kcal/mol |  -12.29 +/-    0.61 kcal/mol |       7 |  -13.38 kcal/mol
         20 |       455531 |  -10.98 kcal/mol |  -13.37 +/-    0.47 kcal/mol |       4 |  -13.87 kcal/mol
         25 |       573834 |  -11.59 kcal/mol |  -13.81 +/-    0.72 kcal/mol |       4 |  -14.65 kcal/mol
         30 |       694334 |  -11.11 kcal/mol |  -13.55 +/-    0.57 kcal/mol |       7 |  -14.72 kcal/mol
         35 |       813790 |  -12.32 kcal/mol |  -13.95 +/-    0.63 kcal/mol |       4 |  -14.72 kcal/mol
         40 |       933990 |  -11.60 kcal/mol |  -13.83 +/-    0.83 kcal/mol |       9 |  -14.72 kcal/mol
         45 |      1056116 |  -12.45 kcal/mol |  -13.97 +/-    0.46 kcal/mol |       4 |  -14.74 kcal/mol
         50 |      1176317 |  -12.26 kcal/mol |  -13.79 +/-    0.53 kcal/mol |      10 |  -14.74 kcal/mol
         55 |      1299831 |  -13.00 kcal/mol |  -14.31 +/-    0.44 kcal/mol |       4 |  -14.74 kcal/mol
         60 |      1418385 |  -12.68 kcal/mol |  -13.97 +/-    0.42 kcal/mol |       9 |  -14.74 kcal/mol
         65 |      1542176 |  -13.28 kcal/mol |  -14.38 +/-    0.35 kcal/mol |       4 |  -14.74 kcal/mol
         70 |      1666293 |  -13.06 kcal/mol |  -14.13 +/-    0.31 kcal/mol |       5 |  -14.74 kcal/mol
         75 |      1789877 |  -13.19 kcal/mol |  -14.17 +/-    0.34 kcal/mol |       4 |  -14.74 kcal/mol
         80 |      1913035 |  -12.89 kcal/mol |  -14.17 +/-    0.34 kcal/mol |       4 |  -14.74 kcal/mol
         85 |      2036304 |  -12.89 kcal/mol |  -14.03 +/-    0.31 kcal/mol |       7 |  -14.74 kcal/mol
         87 |      2085229 |  -13.37 kcal/mol |  -14.11 +/-    0.34 kcal/mol |      14 |  -14.74 kcal/mol
------------+--------------+------------------+------------------------------+---------+-------------------

                                   Finished evaluation after reaching
                       2085229 evaluations. Best inter + intra   -14.74 kcal/mol.


Shutdown time 0.000729s

Job #1 took 1.287 sec after waiting 4.460 sec for setup

(Thread 0 is processing Job #1)
(Thread 0 is setting up Job #2)

Running Job #2:
    Device: NVIDIA A100-SXM4-40GB
    Grid map file: ./protein.maps.fld
    Ligand file: ./ligand_2_2.pdbqt
    Output file: docking_result_2.dlg (+ xml)
    Using heuristics: (capped) number of evaluations set to 3487417
    Overriding heuristics, setting number of evaluations to --nev = 2500000 instead.
    Local-search chosen method is: ADADELTA (ad)

Rest of Setup time 0.305717s

Executing docking runs, stopping automatically after either reaching 0.15 kcal/mol standard deviation of
the best molecules of the last 4 * 5 generations, 42000 generations, or 2500000 evaluations:

Generations |  Evaluations |     Threshold    |  Average energy of best 10%  | Samples | Best Inter + Intra
------------+--------------+------------------+------------------------------+---------+-------------------
          0 |          150 |    0.83 kcal/mol |   -2.61 +/-    0.91 kcal/mol |      29 |   -6.68 kcal/mol
          5 |       122831 |   -2.14 kcal/mol |   -7.23 +/-    1.86 kcal/mol |     955 |  -13.90 kcal/mol
         10 |       251027 |   -7.20 kcal/mol |  -12.13 +/-    1.08 kcal/mol |      25 |  -14.42 kcal/mol
         15 |       385832 |  -11.48 kcal/mol |  -13.96 +/-    0.30 kcal/mol |       4 |  -14.45 kcal/mol
         20 |       520474 |  -12.83 kcal/mol |  -14.14 +/-    0.63 kcal/mol |       4 |  -14.99 kcal/mol
         25 |       656423 |  -11.78 kcal/mol |  -14.21 +/-    0.52 kcal/mol |      12 |  -15.04 kcal/mol
         30 |       792755 |  -13.56 kcal/mol |  -15.02 +/-    0.20 kcal/mol |       8 |  -15.25 kcal/mol
         35 |       926939 |  -14.64 kcal/mol |  -15.04 +/-    0.17 kcal/mol |       3 |  -15.25 kcal/mol
         40 |      1061242 |  -14.21 kcal/mol |  -15.65 +/-    0.81 kcal/mol |      13 |  -16.94 kcal/mol
         45 |      1194225 |  -14.72 kcal/mol |  -16.13 +/-    0.68 kcal/mol |       5 |  -17.28 kcal/mol
         50 |      1328324 |  -14.09 kcal/mol |  -16.19 +/-    0.65 kcal/mol |       7 |  -17.43 kcal/mol
         55 |      1466376 |  -14.80 kcal/mol |  -16.78 +/-    0.51 kcal/mol |       5 |  -17.43 kcal/mol
         60 |      1600612 |  -15.25 kcal/mol |  -17.13 +/-    0.23 kcal/mol |       4 |  -17.43 kcal/mol
         65 |      1737667 |  -16.27 kcal/mol |  -17.11 +/-    0.21 kcal/mol |       5 |  -17.43 kcal/mol
         70 |      1874431 |  -16.47 kcal/mol |  -17.26 +/-    0.17 kcal/mol |       9 |  -17.43 kcal/mol
         75 |      2011378 |  -16.97 kcal/mol |  -17.32 +/-    0.09 kcal/mol |       4 |  -17.43 kcal/mol
         80 |      2147517 |  -16.97 kcal/mol |  -17.31 +/-    0.15 kcal/mol |       7 |  -17.55 kcal/mol
         85 |      2286055 |  -16.98 kcal/mol |  -17.35 +/-    0.15 kcal/mol |       8 |  -17.55 kcal/mol
         90 |      2422321 |  -17.07 kcal/mol |  -17.41 +/-    0.13 kcal/mol |       4 |  -17.55 kcal/mol
         93 |      2504036 |  -16.92 kcal/mol |  -17.42 +/-    0.12 kcal/mol |      10 |  -17.55 kcal/mol
------------+--------------+------------------+------------------------------+---------+-------------------

                                   Finished evaluation after reaching
                       2504036 evaluations. Best inter + intra   -17.55 kcal/mol.


Shutdown time 0.000720s

Job #2 took 1.497 sec after waiting 0.053 sec for setup

(Thread 0 is processing Job #2)
(Thread 0 is setting up Job #3)

Running Job #3:
    Device: NVIDIA A100-SXM4-40GB
    Grid map file: ./protein.maps.fld
    Ligand file: ./ligand_3_3.pdbqt
    Output file: docking_result_3.dlg (+ xml)
    Using heuristics: (capped) number of evaluations set to 2068966
    Local-search chosen method is: ADADELTA (ad)

Rest of Setup time 0.306604s

Executing docking runs, stopping automatically after either reaching 0.15 kcal/mol standard deviation of
the best molecules of the last 4 * 5 generations, 42000 generations, or 2068966 evaluations:

Generations |  Evaluations |     Threshold    |  Average energy of best 10%  | Samples | Best Inter + Intra
------------+--------------+------------------+------------------------------+---------+-------------------
          0 |          150 |   -1.07 kcal/mol |   -2.99 +/-    0.64 kcal/mol |       5 |   -4.22 kcal/mol
          5 |       114339 |   -1.07 kcal/mol |   -4.99 +/-    1.67 kcal/mol |     805 |  -11.31 kcal/mol
         10 |       228205 |   -4.96 kcal/mol |   -9.65 +/-    1.11 kcal/mol |      39 |  -12.20 kcal/mol
         15 |       346679 |   -9.23 kcal/mol |  -11.84 +/-    0.34 kcal/mol |       7 |  -12.57 kcal/mol
         20 |       465840 |  -11.11 kcal/mol |  -12.22 +/-    0.46 kcal/mol |       4 |  -12.95 kcal/mol
         25 |       584635 |  -10.50 kcal/mol |  -12.28 +/-    0.52 kcal/mol |       6 |  -13.04 kcal/mol
         30 |       708142 |  -10.98 kcal/mol |  -12.83 +/-    0.37 kcal/mol |       6 |  -13.15 kcal/mol
         35 |       831131 |  -11.90 kcal/mol |  -13.35 +/-    0.52 kcal/mol |       4 |  -13.85 kcal/mol
         40 |       951754 |  -11.40 kcal/mol |  -13.10 +/-    0.81 kcal/mol |       8 |  -14.46 kcal/mol
         45 |      1071630 |  -11.57 kcal/mol |  -13.28 +/-    0.66 kcal/mol |       5 |  -14.59 kcal/mol
         50 |      1192591 |  -11.29 kcal/mol |  -13.72 +/-    0.68 kcal/mol |      10 |  -14.59 kcal/mol
         55 |      1313768 |  -12.69 kcal/mol |  -14.18 +/-    0.63 kcal/mol |       4 |  -14.61 kcal/mol
         60 |      1434347 |  -11.82 kcal/mol |  -13.54 +/-    0.68 kcal/mol |       4 |  -14.61 kcal/mol
         65 |      1557643 |  -10.99 kcal/mol |  -13.03 +/-    0.75 kcal/mol |       6 |  -14.63 kcal/mol
         70 |      1680641 |  -11.16 kcal/mol |  -13.81 +/-    0.73 kcal/mol |       5 |  -14.63 kcal/mol
         75 |      1803224 |  -11.62 kcal/mol |  -13.40 +/-    0.71 kcal/mol |       4 |  -14.63 kcal/mol
         80 |      1925262 |  -10.74 kcal/mol |  -12.79 +/-    0.61 kcal/mol |      19 |  -14.63 kcal/mol
         85 |      2048638 |  -12.31 kcal/mol |  -13.82 +/-    0.49 kcal/mol |       4 |  -14.63 kcal/mol
         86 |      2072847 |  -11.98 kcal/mol |  -13.82 +/-    0.55 kcal/mol |       7 |  -14.63 kcal/mol
------------+--------------+------------------+------------------------------+---------+-------------------

                                   Finished evaluation after reaching
                       2072847 evaluations. Best inter + intra   -14.63 kcal/mol.


Shutdown time 0.000705s

Job #3 took 1.265 sec after waiting 0.060 sec for setup

(Thread 0 is processing Job #3)
(Thread 0 is setting up Job #4)

Running Job #4:
    Device: NVIDIA A100-SXM4-40GB
    Grid map file: ./protein.maps.fld
    Ligand file: ./ligand_4_4.pdbqt
    Output file: docking_result_4.dlg (+ xml)
    Using heuristics: (capped) number of evaluations set to 2845257
    Overriding heuristics, setting number of evaluations to --nev = 2500000 instead.
    Local-search chosen method is: ADADELTA (ad)

Rest of Setup time 0.305258s

Executing docking runs, stopping automatically after either reaching 0.15 kcal/mol standard deviation of
the best molecules of the last 4 * 5 generations, 42000 generations, or 2500000 evaluations:

Generations |  Evaluations |     Threshold    |  Average energy of best 10%  | Samples | Best Inter + Intra
------------+--------------+------------------+------------------------------+---------+-------------------
          0 |          150 |   -1.10 kcal/mol |   -1.40 +/-    0.22 kcal/mol |      22 |   -1.98 kcal/mol
          5 |       101437 |   -1.25 kcal/mol |   -4.96 +/-    1.78 kcal/mol |     798 |  -10.31 kcal/mol
         10 |       203924 |   -4.92 kcal/mol |   -9.40 +/-    0.69 kcal/mol |      38 |  -11.34 kcal/mol
         15 |       310016 |   -9.12 kcal/mol |  -11.16 +/-    0.41 kcal/mol |      10 |  -11.63 kcal/mol
         20 |       418114 |  -10.54 kcal/mol |  -11.81 +/-    0.38 kcal/mol |       4 |  -12.44 kcal/mol
         25 |       527682 |  -10.38 kcal/mol |  -12.10 +/-    0.44 kcal/mol |      11 |  -12.69 kcal/mol
         30 |       638129 |  -11.49 kcal/mol |  -13.06 +/-    0.22 kcal/mol |       6 |  -13.35 kcal/mol
         35 |       747625 |  -12.52 kcal/mol |  -13.07 +/-    0.21 kcal/mol |       4 |  -13.35 kcal/mol
         40 |       855336 |  -12.26 kcal/mol |  -13.24 +/-    0.14 kcal/mol |       6 |  -13.35 kcal/mol
         45 |       964668 |  -12.88 kcal/mol |  -13.17 +/-    0.16 kcal/mol |       4 |  -13.35 kcal/mol
         50 |      1076213 |  -12.56 kcal/mol |  -13.15 +/-    0.20 kcal/mol |       4 |  -13.35 kcal/mol
         55 |      1188830 |  -12.39 kcal/mol |  -13.15 +/-    0.15 kcal/mol |       7 |  -13.35 kcal/mol
         60 |      1301503 |  -12.82 kcal/mol |  -13.51 +/-    0.24 kcal/mol |       3 |  -13.85 kcal/mol
         65 |      1417452 |  -12.31 kcal/mol |  -13.37 +/-    0.36 kcal/mol |       4 |  -13.90 kcal/mol
         70 |      1533590 |  -12.02 kcal/mol |  -13.25 +/-    0.33 kcal/mol |       8 |  -13.90 kcal/mol
         75 |      1650143 |  -12.63 kcal/mol |  -13.47 +/-    0.25 kcal/mol |       4 |  -13.90 kcal/mol
         80 |      1767963 |  -12.51 kcal/mol |  -13.37 +/-    0.21 kcal/mol |       9 |  -13.90 kcal/mol
         85 |      1888220 |  -13.03 kcal/mol |  -13.87 +/-    0.05 kcal/mol |       5 |  -13.90 kcal/mol
         90 |      2007811 |  -13.42 kcal/mol |  -13.94 +/-    0.11 kcal/mol |       3 |  -14.02 kcal/mol
         95 |      2128403 |  -13.37 kcal/mol |  -13.94 +/-    0.39 kcal/mol |       3 |  -14.23 kcal/mol
        100 |      2245395 |  -11.99 kcal/mol |  -13.63 +/-    0.53 kcal/mol |      10 |  -14.29 kcal/mol
        105 |      2362551 |  -12.83 kcal/mol |  -13.82 +/-    0.44 kcal/mol |       4 |  -14.29 kcal/mol
        110 |      2478778 |  -12.17 kcal/mol |  -13.71 +/-    0.48 kcal/mol |       7 |  -14.29 kcal/mol
        111 |      2502506 |  -12.69 kcal/mol |  -13.85 +/-    0.42 kcal/mol |      13 |  -14.29 kcal/mol
------------+--------------+------------------+------------------------------+---------+-------------------

                                   Finished evaluation after reaching
                       2502506 evaluations. Best inter + intra   -14.29 kcal/mol.


Shutdown time 0.000717s

Job #4 took 1.660 sec after waiting 0.049 sec for setup

(Thread 0 is processing Job #4)
Run time of entire job set (4 files): 10.387 sec
Savings from multithreading: -0.000 sec
Idle time of execution thread: 4.677 sec

All jobs (4) ran without errors.
