AutoDock-GPU version: v1.6-7-ga46ab564d2ac5f1a1523f65239b43505a1c29364-dirty

Using 1 OpenMP threads

Running 9 docking calculations

Cuda device:                              NVIDIA A100-SXM4-40GB
Available memory on device:               39916 MB (total: 40339 MB)

CUDA Setup time 0.243207s
(Thread 0 is setting up Job #1)

Running Job #1:
    Device: NVIDIA A100-SXM4-40GB
    Grid map file: ./protein.maps.fld
    Ligand file: ./ligand_1_1.pdbqt
    Output file: docking_result_1.dlg (+ xml)
    Using heuristics: (capped) number of evaluations set to 3487417
    Overriding heuristics, setting number of evaluations to --nev = 2500000 instead.
    Local-search chosen method is: ADADELTA (ad)

Rest of Setup time 0.310544s

Executing docking runs, stopping automatically after either reaching 0.15 kcal/mol standard deviation of
the best molecules of the last 4 * 5 generations, 42000 generations, or 2500000 evaluations:

Generations |  Evaluations |     Threshold    |  Average energy of best 10%  | Samples | Best Inter + Intra
------------+--------------+------------------+------------------------------+---------+-------------------
          0 |          150 |   -1.72 kcal/mol |   -3.04 +/-    0.40 kcal/mol |       5 |   -3.55 kcal/mol
          5 |       144248 |   -1.84 kcal/mol |   -6.35 +/-    1.75 kcal/mol |    1175 |  -11.78 kcal/mol
         10 |       287668 |   -6.33 kcal/mol |  -10.67 +/-    0.57 kcal/mol |      60 |  -12.14 kcal/mol
         15 |       433507 |  -10.53 kcal/mol |  -12.29 +/-    0.46 kcal/mol |      12 |  -13.45 kcal/mol
         20 |       580146 |  -11.71 kcal/mol |  -13.04 +/-    0.32 kcal/mol |       5 |  -13.51 kcal/mol
         25 |       725894 |  -12.06 kcal/mol |  -13.47 +/-    0.42 kcal/mol |       6 |  -14.00 kcal/mol
         30 |       870962 |  -12.41 kcal/mol |  -13.97 +/-    0.34 kcal/mol |       5 |  -14.39 kcal/mol
         35 |      1016272 |  -12.96 kcal/mol |  -13.97 +/-    0.27 kcal/mol |       4 |  -14.40 kcal/mol
         40 |      1161941 |  -12.95 kcal/mol |  -13.87 +/-    0.27 kcal/mol |       6 |  -14.40 kcal/mol
         45 |      1307023 |  -13.21 kcal/mol |  -14.19 +/-    0.24 kcal/mol |       5 |  -14.40 kcal/mol
         50 |      1450341 |  -13.46 kcal/mol |  -14.21 +/-    0.19 kcal/mol |       4 |  -14.41 kcal/mol
         55 |      1593520 |  -13.49 kcal/mol |  -14.26 +/-    0.15 kcal/mol |       6 |  -14.41 kcal/mol
         60 |      1733715 |  -13.89 kcal/mol |  -14.26 +/-    0.15 kcal/mol |       5 |  -14.48 kcal/mol
         65 |      1877704 |  -13.81 kcal/mol |  -14.04 +/-    0.20 kcal/mol |      10 |  -14.53 kcal/mol
         70 |      2020758 |  -13.75 kcal/mol |  -14.33 +/-    0.24 kcal/mol |       6 |  -14.66 kcal/mol
         75 |      2162098 |  -13.74 kcal/mol |  -14.29 +/-    0.24 kcal/mol |       6 |  -14.78 kcal/mol
         80 |      2303616 |  -13.69 kcal/mol |  -14.46 +/-    0.28 kcal/mol |       6 |  -14.88 kcal/mol
         85 |      2446376 |  -13.76 kcal/mol |  -14.61 +/-    0.27 kcal/mol |       8 |  -14.88 kcal/mol
         87 |      2503114 |  -14.10 kcal/mol |  -14.54 +/-    0.26 kcal/mol |      14 |  -14.88 kcal/mol
------------+--------------+------------------+------------------------------+---------+-------------------

                                   Finished evaluation after reaching
                       2503114 evaluations. Best inter + intra   -14.88 kcal/mol.


Shutdown time 0.000690s

Job #1 took 1.219 sec after waiting 4.598 sec for setup

(Thread 0 is processing Job #1)
(Thread 0 is setting up Job #2)

Running Job #2:
    Device: NVIDIA A100-SXM4-40GB
    Grid map file: ./protein.maps.fld
    Ligand file: ./ligand_2_2.pdbqt
    Output file: docking_result_2.dlg (+ xml)
    Using heuristics: (capped) number of evaluations set to 3487417
    Overriding heuristics, setting number of evaluations to --nev = 2500000 instead.
    Local-search chosen method is: ADADELTA (ad)

Rest of Setup time 0.307653s

Executing docking runs, stopping automatically after either reaching 0.15 kcal/mol standard deviation of
the best molecules of the last 4 * 5 generations, 42000 generations, or 2500000 evaluations:

Generations |  Evaluations |     Threshold    |  Average energy of best 10%  | Samples | Best Inter + Intra
------------+--------------+------------------+------------------------------+---------+-------------------
          0 |          150 |  291.43 kcal/mol |  161.59 +/-   39.62 kcal/mol |       4 |   93.97 kcal/mol
          5 |       133564 |  310.18 kcal/mol |    8.74 +/-   29.41 kcal/mol |    1247 |   -6.85 kcal/mol
         10 |       254644 |    9.09 kcal/mol |   -7.18 +/-    0.57 kcal/mol |       6 |   -8.39 kcal/mol
         15 |       379023 |   -5.76 kcal/mol |   -7.71 +/-    0.71 kcal/mol |      11 |   -9.10 kcal/mol
         20 |       500853 |   -6.75 kcal/mol |   -8.33 +/-    0.68 kcal/mol |       4 |   -9.40 kcal/mol
         25 |       620396 |   -5.79 kcal/mol |   -8.07 +/-    0.75 kcal/mol |       7 |   -9.40 kcal/mol
         30 |       739412 |   -6.46 kcal/mol |   -8.85 +/-    0.46 kcal/mol |       9 |   -9.40 kcal/mol
         35 |       857968 |   -8.08 kcal/mol |   -9.13 +/-    0.18 kcal/mol |       4 |   -9.40 kcal/mol
         40 |       972088 |   -8.46 kcal/mol |   -9.12 +/-    0.15 kcal/mol |       6 |   -9.40 kcal/mol
         45 |      1083945 |   -8.75 kcal/mol |   -9.33 +/-    0.15 kcal/mol |       4 |   -9.54 kcal/mol
         50 |      1194952 |   -8.76 kcal/mol |   -9.47 +/-    0.43 kcal/mol |       7 |  -10.13 kcal/mol
         55 |      1302897 |   -8.56 kcal/mol |  -10.30 +/-    0.08 kcal/mol |       5 |  -10.34 kcal/mol
         60 |      1408176 |  -10.05 kcal/mol |  -10.46 +/-    0.12 kcal/mol |       2 |  -10.58 kcal/mol
         65 |      1513305 |   -9.56 kcal/mol |  -10.28 +/-    0.21 kcal/mol |       4 |  -10.58 kcal/mol
         70 |      1614867 |   -9.51 kcal/mol |  -10.39 +/-    0.30 kcal/mol |       4 |  -10.58 kcal/mol
         75 |      1715419 |   -9.24 kcal/mol |  -10.05 +/-    0.51 kcal/mol |       4 |  -10.58 kcal/mol
         80 |      1815817 |   -8.15 kcal/mol |  -10.04 +/-    0.78 kcal/mol |      18 |  -11.52 kcal/mol
         85 |      1915419 |   -9.40 kcal/mol |  -11.10 +/-    0.22 kcal/mol |       7 |  -11.52 kcal/mol
         90 |      2012613 |  -10.63 kcal/mol |  -11.41 +/-    0.13 kcal/mol |       5 |  -11.52 kcal/mol
         95 |      2110577 |  -11.02 kcal/mol |  -11.39 +/-    0.14 kcal/mol |       2 |  -11.52 kcal/mol
        100 |      2207430 |  -10.37 kcal/mol |  -11.03 +/-    0.41 kcal/mol |       4 |  -11.52 kcal/mol
        105 |      2303267 |   -9.50 kcal/mol |  -10.99 +/-    0.48 kcal/mol |       4 |  -11.52 kcal/mol
        110 |      2398414 |   -9.20 kcal/mol |  -10.84 +/-    0.57 kcal/mol |       7 |  -11.52 kcal/mol
        115 |      2492468 |   -9.62 kcal/mol |  -11.15 +/-    0.26 kcal/mol |       4 |  -11.52 kcal/mol
        116 |      2510818 |  -10.18 kcal/mol |  -11.12 +/-    0.26 kcal/mol |       9 |  -11.52 kcal/mol
------------+--------------+------------------+------------------------------+---------+-------------------

                                   Finished evaluation after reaching
                       2510818 evaluations. Best inter + intra   -11.52 kcal/mol.


Shutdown time 0.000688s

Job #2 took 1.063 sec after waiting 0.037 sec for setup

(Thread 0 is processing Job #2)
(Thread 0 is setting up Job #3)

Running Job #3:
    Device: NVIDIA A100-SXM4-40GB
    Grid map file: ./protein.maps.fld
    Ligand file: ./ligand_3_3.pdbqt
    Output file: docking_result_3.dlg (+ xml)
    Using heuristics: (capped) number of evaluations set to 2068966
    Local-search chosen method is: ADADELTA (ad)

Rest of Setup time 0.307208s

Executing docking runs, stopping automatically after either reaching 0.15 kcal/mol standard deviation of
the best molecules of the last 4 * 5 generations, 42000 generations, or 2068966 evaluations:

Generations |  Evaluations |     Threshold    |  Average energy of best 10%  | Samples | Best Inter + Intra
------------+--------------+------------------+------------------------------+---------+-------------------
          0 |          150 |   -1.85 kcal/mol |   -2.66 +/-    0.22 kcal/mol |       4 |   -2.99 kcal/mol
          5 |       149183 |   -1.85 kcal/mol |   -5.11 +/-    1.43 kcal/mol |    1023 |   -9.66 kcal/mol
         10 |       292437 |   -5.09 kcal/mol |   -8.79 +/-    0.71 kcal/mol |      64 |  -10.58 kcal/mol
         15 |       435408 |   -8.62 kcal/mol |  -10.67 +/-    0.39 kcal/mol |      18 |  -11.25 kcal/mol
         20 |       575101 |  -10.35 kcal/mol |  -11.41 +/-    0.13 kcal/mol |       6 |  -11.64 kcal/mol
         25 |       713511 |  -11.10 kcal/mol |  -11.48 +/-    0.15 kcal/mol |       5 |  -11.66 kcal/mol
         30 |       851254 |  -11.04 kcal/mol |  -11.54 +/-    0.15 kcal/mol |       8 |  -11.75 kcal/mol
         35 |       986548 |  -11.26 kcal/mol |  -11.57 +/-    0.14 kcal/mol |       8 |  -11.75 kcal/mol
         40 |      1121082 |  -11.31 kcal/mol |  -11.64 +/-    0.11 kcal/mol |       9 |  -11.75 kcal/mol
         45 |      1252363 |  -11.45 kcal/mol |  -11.60 +/-    0.07 kcal/mol |      18 |  -11.75 kcal/mol
------------+--------------+------------------+------------------------------+---------+-------------------

                                   Finished evaluation after reaching
                                  -11.59 +/-    0.12 kcal/mol combined.
                             43 samples, best inter + intra   -11.75 kcal/mol.


Shutdown time 0.000739s

Job #3 took 0.651 sec after waiting 0.023 sec for setup

(Thread 0 is processing Job #3)
(Thread 0 is setting up Job #4)

Running Job #4:
    Device: NVIDIA A100-SXM4-40GB
    Grid map file: ./protein.maps.fld
    Ligand file: ./ligand_4_4.pdbqt
    Output file: docking_result_4.dlg (+ xml)
    Using heuristics: (capped) number of evaluations set to 2280181
    Local-search chosen method is: ADADELTA (ad)

Rest of Setup time 0.307157s

Executing docking runs, stopping automatically after either reaching 0.15 kcal/mol standard deviation of
the best molecules of the last 4 * 5 generations, 42000 generations, or 2280181 evaluations:

Generations |  Evaluations |     Threshold    |  Average energy of best 10%  | Samples | Best Inter + Intra
------------+--------------+------------------+------------------------------+---------+-------------------
          0 |          150 |   -1.33 kcal/mol |   -1.78 +/-    0.21 kcal/mol |       7 |   -2.24 kcal/mol
          5 |       137909 |   -1.33 kcal/mol |   -4.48 +/-    1.52 kcal/mol |    1033 |  -10.17 kcal/mol
         10 |       271347 |   -4.45 kcal/mol |   -8.33 +/-    0.75 kcal/mol |      65 |  -11.01 kcal/mol
         15 |       408378 |   -8.16 kcal/mol |  -10.86 +/-    0.50 kcal/mol |      12 |  -11.51 kcal/mol
         20 |       545410 |  -10.24 kcal/mol |  -11.45 +/-    0.14 kcal/mol |       6 |  -11.61 kcal/mol
         25 |       679691 |  -11.09 kcal/mol |  -11.47 +/-    0.14 kcal/mol |       7 |  -11.61 kcal/mol
         30 |       813290 |  -11.17 kcal/mol |  -11.51 +/-    0.11 kcal/mol |      16 |  -11.63 kcal/mol
         35 |       943384 |  -11.41 kcal/mol |  -11.60 +/-    0.02 kcal/mol |       7 |  -11.63 kcal/mol
         40 |      1075746 |  -11.28 kcal/mol |  -11.55 +/-    0.09 kcal/mol |      11 |  -11.63 kcal/mol
         45 |      1208111 |  -11.43 kcal/mol |  -11.59 +/-    0.03 kcal/mol |      16 |  -11.63 kcal/mol
------------+--------------+------------------+------------------------------+---------+-------------------

                                   Finished evaluation after reaching
                                  -11.56 +/-    0.08 kcal/mol combined.
                             50 samples, best inter + intra   -11.63 kcal/mol.


Shutdown time 0.000675s

Job #4 took 0.673 sec after waiting 0.026 sec for setup

(Thread 0 is processing Job #4)
(Thread 0 is setting up Job #5)

Running Job #5:
    Device: NVIDIA A100-SXM4-40GB
    Grid map file: ./protein.maps.fld
    Ligand file: ./ligand_5_5.pdbqt
    Output file: docking_result_5.dlg (+ xml)
    Using heuristics: (capped) number of evaluations set to 4951475
    Overriding heuristics, setting number of evaluations to --nev = 2500000 instead.
    Warning: The set number of evals is 29.66% of the uncapped heuristics estimate of 8429805 evals.
             This means this docking may not be able to converge. Increasing --heurmax may improve
             convergence but will also increase runtime.
             AutoStop will not stop before 27.75% (693732) of the set number of evaluations.
    Local-search chosen method is: ADADELTA (ad)

Rest of Setup time 0.305796s

Executing docking runs, stopping automatically after either reaching 0.15 kcal/mol standard deviation of
the best molecules of the last 4 * 5 generations, 42000 generations, or 2500000 evaluations:

Generations |  Evaluations |     Threshold    |  Average energy of best 10%  | Samples | Best Inter + Intra
------------+--------------+------------------+------------------------------+---------+-------------------
          0 |          150 |   -0.93 kcal/mol |   -1.64 +/-    0.23 kcal/mol |       6 |   -2.09 kcal/mol
          5 |       145219 |   -1.06 kcal/mol |   -4.82 +/-    1.83 kcal/mol |    1214 |  -11.07 kcal/mol
         10 |       283066 |   -4.79 kcal/mol |   -9.44 +/-    0.78 kcal/mol |      43 |  -11.63 kcal/mol
         15 |       421478 |   -9.17 kcal/mol |  -11.11 +/-    0.29 kcal/mol |       7 |  -11.65 kcal/mol
         20 |       558678 |  -10.48 kcal/mol |  -11.22 +/-    0.20 kcal/mol |      11 |  -11.65 kcal/mol
         25 |       696200 |  -10.96 kcal/mol |  -11.60 +/-    0.11 kcal/mol |       4 |  -11.77 kcal/mol
         30 |       833645 |  -11.20 kcal/mol |  -11.80 +/-    0.31 kcal/mol |       6 |  -12.32 kcal/mol
         35 |       965927 |  -11.03 kcal/mol |  -12.04 +/-    0.20 kcal/mol |       5 |  -12.32 kcal/mol
         40 |      1099522 |  -11.43 kcal/mol |  -12.06 +/-    0.21 kcal/mol |       4 |  -12.32 kcal/mol
         45 |      1233408 |  -11.28 kcal/mol |  -12.00 +/-    0.24 kcal/mol |       8 |  -12.32 kcal/mol
         50 |      1362908 |  -11.54 kcal/mol |  -12.17 +/-    0.18 kcal/mol |       9 |  -12.47 kcal/mol
         55 |      1494808 |  -11.88 kcal/mol |  -12.33 +/-    0.14 kcal/mol |       8 |  -12.47 kcal/mol
         60 |      1622990 |  -12.07 kcal/mol |  -12.36 +/-    0.11 kcal/mol |       4 |  -12.48 kcal/mol
         65 |      1751964 |  -11.94 kcal/mol |  -12.32 +/-    0.13 kcal/mol |       6 |  -12.53 kcal/mol
         70 |      1880111 |  -11.99 kcal/mol |  -12.26 +/-    0.13 kcal/mol |      20 |  -12.53 kcal/mol
         75 |      2009322 |  -12.16 kcal/mol |  -12.36 +/-    0.11 kcal/mol |      11 |  -12.53 kcal/mol
         80 |      2138616 |  -12.22 kcal/mol |  -12.38 +/-    0.10 kcal/mol |      15 |  -12.53 kcal/mol
------------+--------------+------------------+------------------------------+---------+-------------------

                                   Finished evaluation after reaching
                                  -12.32 +/-    0.13 kcal/mol combined.
                             52 samples, best inter + intra   -12.53 kcal/mol.


Shutdown time 0.000668s

Job #5 took 1.060 sec after waiting 0.030 sec for setup

(Thread 0 is processing Job #5)
(Thread 0 is setting up Job #6)

Running Job #6:
    Device: NVIDIA A100-SXM4-40GB
    Grid map file: ./protein.maps.fld
    Ligand file: ./ligand_6_6.pdbqt
    Output file: docking_result_6.dlg (+ xml)
    Using heuristics: (capped) number of evaluations set to 2280181
    Local-search chosen method is: ADADELTA (ad)

Rest of Setup time 0.306838s

Executing docking runs, stopping automatically after either reaching 0.15 kcal/mol standard deviation of
the best molecules of the last 4 * 5 generations, 42000 generations, or 2280181 evaluations:

Generations |  Evaluations |     Threshold    |  Average energy of best 10%  | Samples | Best Inter + Intra
------------+--------------+------------------+------------------------------+---------+-------------------
          0 |          150 |   -1.67 kcal/mol |   -2.44 +/-    0.25 kcal/mol |       5 |   -2.83 kcal/mol
          5 |       141437 |   -1.68 kcal/mol |   -5.08 +/-    1.52 kcal/mol |    1040 |  -11.08 kcal/mol
         10 |       282169 |   -5.06 kcal/mol |   -9.03 +/-    0.82 kcal/mol |      44 |  -11.62 kcal/mol
         15 |       421490 |   -8.75 kcal/mol |  -10.94 +/-    0.43 kcal/mol |      11 |  -12.00 kcal/mol
         20 |       559004 |  -10.35 kcal/mol |  -11.76 +/-    0.33 kcal/mol |       6 |  -12.20 kcal/mol
         25 |       700372 |  -10.92 kcal/mol |  -11.74 +/-    0.44 kcal/mol |       4 |  -12.37 kcal/mol
         30 |       839370 |  -10.08 kcal/mol |  -11.52 +/-    0.46 kcal/mol |      13 |  -12.38 kcal/mol
         35 |       977138 |  -10.99 kcal/mol |  -12.05 +/-    0.30 kcal/mol |       4 |  -12.38 kcal/mol
         40 |      1118132 |  -10.94 kcal/mol |  -11.87 +/-    0.33 kcal/mol |       4 |  -12.38 kcal/mol
         45 |      1255004 |  -10.63 kcal/mol |  -11.76 +/-    0.29 kcal/mol |      10 |  -12.38 kcal/mol
         50 |      1389929 |  -11.32 kcal/mol |  -12.21 +/-    0.14 kcal/mol |       4 |  -12.38 kcal/mol
         55 |      1526662 |  -11.70 kcal/mol |  -11.91 +/-    0.23 kcal/mol |       8 |  -12.38 kcal/mol
         60 |      1657864 |  -11.49 kcal/mol |  -12.01 +/-    0.14 kcal/mol |      11 |  -12.38 kcal/mol
         65 |      1790999 |  -11.82 kcal/mol |  -12.40 +/-    0.05 kcal/mol |       4 |  -12.47 kcal/mol
         70 |      1923405 |  -11.84 kcal/mol |  -12.42 +/-    0.07 kcal/mol |       8 |  -12.53 kcal/mol
         75 |      2055989 |  -12.14 kcal/mol |  -12.35 +/-    0.15 kcal/mol |       5 |  -12.53 kcal/mol
         80 |      2187818 |  -11.90 kcal/mol |  -12.36 +/-    0.11 kcal/mol |       7 |  -12.53 kcal/mol
         84 |      2292990 |  -12.13 kcal/mol |  -12.39 +/-    0.11 kcal/mol |      17 |  -12.53 kcal/mol
------------+--------------+------------------+------------------------------+---------+-------------------

                                   Finished evaluation after reaching
                       2292990 evaluations. Best inter + intra   -12.53 kcal/mol.


Shutdown time 0.000679s

Job #6 took 0.946 sec after waiting 0.033 sec for setup

(Thread 0 is processing Job #6)
(Thread 0 is setting up Job #7)

Running Job #7:
    Device: NVIDIA A100-SXM4-40GB
    Grid map file: ./protein.maps.fld
    Ligand file: ./ligand_7_7.pdbqt
    Output file: docking_result_7.dlg (+ xml)
    Using heuristics: (capped) number of evaluations set to 6512245
    Overriding heuristics, setting number of evaluations to --nev = 2500000 instead.
    Warning: The set number of evals is 17.56% of the uncapped heuristics estimate of 14240240 evals.
             This means this docking may not be able to converge. Increasing --heurmax may improve
             convergence but will also increase runtime.
             AutoStop will not stop before 53.80% (1345079) of the set number of evaluations.
    Local-search chosen method is: ADADELTA (ad)

Rest of Setup time 0.308341s

Executing docking runs, stopping automatically after either reaching 0.15 kcal/mol standard deviation of
the best molecules of the last 4 * 5 generations, 42000 generations, or 2500000 evaluations:

Generations |  Evaluations |     Threshold    |  Average energy of best 10%  | Samples | Best Inter + Intra
------------+--------------+------------------+------------------------------+---------+-------------------
          0 |          150 |  248.34 kcal/mol |  201.01 +/-   15.27 kcal/mol |       4 |  176.80 kcal/mol
          5 |       135485 |  258.27 kcal/mol |    6.67 +/-   20.02 kcal/mol |    1290 |   -7.07 kcal/mol
         10 |       256841 |    6.90 kcal/mol |   -7.43 +/-    0.64 kcal/mol |       4 |   -8.50 kcal/mol
         15 |       380868 |   -5.03 kcal/mol |   -7.12 +/-    0.61 kcal/mol |      13 |   -8.50 kcal/mol
         20 |       503924 |   -6.42 kcal/mol |   -8.15 +/-    0.41 kcal/mol |       6 |   -8.88 kcal/mol
         25 |       622869 |   -7.12 kcal/mol |   -8.34 +/-    0.42 kcal/mol |       4 |   -8.88 kcal/mol
         30 |       743666 |   -6.77 kcal/mol |   -8.23 +/-    0.40 kcal/mol |      11 |   -8.88 kcal/mol
         35 |       863979 |   -7.69 kcal/mol |   -8.69 +/-    0.20 kcal/mol |       6 |   -8.93 kcal/mol
         40 |       981018 |   -8.18 kcal/mol |   -8.90 +/-    0.03 kcal/mol |       4 |   -8.93 kcal/mol
         45 |      1100523 |   -8.34 kcal/mol |   -8.88 +/-    0.03 kcal/mol |       4 |   -8.93 kcal/mol
         50 |      1217714 |   -8.32 kcal/mol |   -8.98 +/-    0.16 kcal/mol |       4 |   -9.26 kcal/mol
         55 |      1334520 |   -8.38 kcal/mol |   -8.92 +/-    0.15 kcal/mol |       7 |   -9.26 kcal/mol
         60 |      1449337 |   -8.60 kcal/mol |   -8.94 +/-    0.17 kcal/mol |       5 |   -9.26 kcal/mol
         65 |      1565428 |   -8.43 kcal/mol |   -8.95 +/-    0.16 kcal/mol |       6 |   -9.26 kcal/mol
         70 |      1678428 |   -8.56 kcal/mol |   -8.99 +/-    0.24 kcal/mol |       9 |   -9.53 kcal/mol
         75 |      1790078 |   -8.59 kcal/mol |   -9.03 +/-    0.26 kcal/mol |       5 |   -9.53 kcal/mol
         80 |      1899726 |   -8.26 kcal/mol |   -9.12 +/-    0.30 kcal/mol |       6 |   -9.53 kcal/mol
         85 |      2008314 |   -8.37 kcal/mol |   -9.36 +/-    0.25 kcal/mol |       4 |   -9.53 kcal/mol
         90 |      2115013 |   -8.42 kcal/mol |   -9.20 +/-    0.31 kcal/mol |       4 |   -9.53 kcal/mol
         95 |      2224127 |   -8.04 kcal/mol |   -9.01 +/-    0.30 kcal/mol |       8 |   -9.53 kcal/mol
        100 |      2333980 |   -8.44 kcal/mol |   -9.44 +/-    0.11 kcal/mol |       4 |   -9.53 kcal/mol
        105 |      2439519 |   -9.02 kcal/mol |   -9.49 +/-    0.05 kcal/mol |       6 |   -9.53 kcal/mol
        108 |      2501843 |   -9.11 kcal/mol |   -9.52 +/-    0.08 kcal/mol |      10 |   -9.73 kcal/mol
------------+--------------+------------------+------------------------------+---------+-------------------

                                   Finished evaluation after reaching
                       2501843 evaluations. Best inter + intra    -9.73 kcal/mol.


Shutdown time 0.000705s

Job #7 took 1.125 sec after waiting 0.026 sec for setup

(Thread 0 is processing Job #7)
(Thread 0 is setting up Job #8)

Running Job #8:
    Device: NVIDIA A100-SXM4-40GB
    Grid map file: ./protein.maps.fld
    Ligand file: ./ligand_8_8.pdbqt
    Output file: docking_result_8.dlg (+ xml)
    Using heuristics: (capped) number of evaluations set to 3487417
    Overriding heuristics, setting number of evaluations to --nev = 2500000 instead.
    Local-search chosen method is: ADADELTA (ad)

Rest of Setup time 0.308801s

Executing docking runs, stopping automatically after either reaching 0.15 kcal/mol standard deviation of
the best molecules of the last 4 * 5 generations, 42000 generations, or 2500000 evaluations:

Generations |  Evaluations |     Threshold    |  Average energy of best 10%  | Samples | Best Inter + Intra
------------+--------------+------------------+------------------------------+---------+-------------------
          0 |          150 |  241.38 kcal/mol |  145.70 +/-   25.51 kcal/mol |       4 |  119.53 kcal/mol
          5 |       126077 |  241.38 kcal/mol |    4.80 +/-   11.65 kcal/mol |    1270 |   -7.93 kcal/mol
         10 |       234037 |    4.94 kcal/mol |   -7.83 +/-    0.30 kcal/mol |       4 |   -8.15 kcal/mol
         15 |       342589 |   -6.72 kcal/mol |   -7.73 +/-    0.28 kcal/mol |       6 |   -8.15 kcal/mol
         20 |       450692 |   -7.02 kcal/mol |   -8.04 +/-    0.30 kcal/mol |       9 |   -8.50 kcal/mol
         25 |       558100 |   -7.55 kcal/mol |   -8.30 +/-    0.14 kcal/mol |       7 |   -8.50 kcal/mol
         30 |       665584 |   -8.00 kcal/mol |   -8.68 +/-    0.31 kcal/mol |       9 |   -9.26 kcal/mol
         35 |       771285 |   -8.16 kcal/mol |   -8.94 +/-    0.18 kcal/mol |       5 |   -9.26 kcal/mol
         40 |       875526 |   -8.40 kcal/mol |   -8.93 +/-    0.18 kcal/mol |       8 |   -9.26 kcal/mol
         45 |       976620 |   -8.60 kcal/mol |   -9.13 +/-    0.13 kcal/mol |       8 |   -9.33 kcal/mol
         50 |      1076735 |   -8.89 kcal/mol |   -9.44 +/-    0.27 kcal/mol |       6 |   -9.98 kcal/mol
         55 |      1175943 |   -8.77 kcal/mol |   -9.68 +/-    0.20 kcal/mol |       7 |   -9.98 kcal/mol
         60 |      1272995 |   -9.27 kcal/mol |   -9.83 +/-    0.15 kcal/mol |       5 |   -9.98 kcal/mol
         65 |      1370448 |   -9.37 kcal/mol |   -9.89 +/-    0.18 kcal/mol |       4 |  -10.07 kcal/mol
         70 |      1464079 |   -9.21 kcal/mol |  -10.03 +/-    0.39 kcal/mol |       6 |  -10.64 kcal/mol
         75 |      1557251 |   -9.07 kcal/mol |  -10.07 +/-    0.38 kcal/mol |       4 |  -10.64 kcal/mol
         80 |      1646707 |   -8.66 kcal/mol |  -10.01 +/-    0.44 kcal/mol |       7 |  -10.64 kcal/mol
         85 |      1737360 |   -9.07 kcal/mol |  -10.13 +/-    0.22 kcal/mol |       7 |  -10.64 kcal/mol
         90 |      1827835 |   -9.66 kcal/mol |  -10.13 +/-    0.26 kcal/mol |       5 |  -10.64 kcal/mol
         95 |      1918039 |   -9.35 kcal/mol |  -10.25 +/-    0.23 kcal/mol |       4 |  -10.64 kcal/mol
        100 |      2007673 |   -9.40 kcal/mol |  -10.22 +/-    0.21 kcal/mol |       5 |  -10.64 kcal/mol
        105 |      2096978 |   -9.58 kcal/mol |  -10.25 +/-    0.23 kcal/mol |       4 |  -10.64 kcal/mol
        110 |      2186548 |   -9.40 kcal/mol |  -10.24 +/-    0.19 kcal/mol |       6 |  -10.64 kcal/mol
        115 |      2275264 |   -9.77 kcal/mol |  -10.30 +/-    0.21 kcal/mol |       4 |  -10.64 kcal/mol
        120 |      2363720 |   -9.52 kcal/mol |  -10.22 +/-    0.19 kcal/mol |       8 |  -10.64 kcal/mol
        125 |      2452401 |   -9.85 kcal/mol |  -10.30 +/-    0.21 kcal/mol |       4 |  -10.64 kcal/mol
        128 |      2504168 |   -9.53 kcal/mol |  -10.34 +/-    0.21 kcal/mol |      10 |  -10.64 kcal/mol
------------+--------------+------------------+------------------------------+---------+-------------------

                                   Finished evaluation after reaching
                       2504168 evaluations. Best inter + intra   -10.64 kcal/mol.


Shutdown time 0.000726s

Job #8 took 1.105 sec after waiting 0.030 sec for setup

(Thread 0 is processing Job #8)
(Thread 0 is setting up Job #9)

Running Job #9:
    Device: NVIDIA A100-SXM4-40GB
    Grid map file: ./protein.maps.fld
    Ligand file: ./ligand_9_9.pdbqt
    Output file: docking_result_9.dlg (+ xml)
    Using heuristics: (capped) number of evaluations set to 4951475
    Overriding heuristics, setting number of evaluations to --nev = 2500000 instead.
    Warning: The set number of evals is 29.66% of the uncapped heuristics estimate of 8429805 evals.
             This means this docking may not be able to converge. Increasing --heurmax may improve
             convergence but will also increase runtime.
             AutoStop will not stop before 27.75% (693732) of the set number of evaluations.
    Local-search chosen method is: ADADELTA (ad)

Rest of Setup time 0.321062s

Executing docking runs, stopping automatically after either reaching 0.15 kcal/mol standard deviation of
the best molecules of the last 4 * 5 generations, 42000 generations, or 2500000 evaluations:

Generations |  Evaluations |     Threshold    |  Average energy of best 10%  | Samples | Best Inter + Intra
------------+--------------+------------------+------------------------------+---------+-------------------
          0 |          150 |   -1.81 kcal/mol |   -2.65 +/-    0.27 kcal/mol |       5 |   -3.01 kcal/mol
          5 |       153394 |   -1.83 kcal/mol |   -6.40 +/-    1.81 kcal/mol |    1272 |  -11.78 kcal/mol
         10 |       300318 |   -6.38 kcal/mol |  -10.86 +/-    0.68 kcal/mol |      68 |  -12.54 kcal/mol
         15 |       448985 |  -10.71 kcal/mol |  -12.57 +/-    0.12 kcal/mol |       5 |  -12.78 kcal/mol
         20 |       594028 |  -12.23 kcal/mol |  -12.59 +/-    0.09 kcal/mol |       8 |  -12.80 kcal/mol
         25 |       736590 |  -12.42 kcal/mol |  -12.70 +/-    0.12 kcal/mol |       8 |  -12.81 kcal/mol
         30 |       880498 |  -12.47 kcal/mol |  -12.70 +/-    0.15 kcal/mol |      13 |  -13.04 kcal/mol
         35 |      1022518 |  -12.53 kcal/mol |  -12.76 +/-    0.16 kcal/mol |      16 |  -13.20 kcal/mol
         40 |      1164349 |  -12.61 kcal/mol |  -13.53 +/-    0.58 kcal/mol |       7 |  -14.52 kcal/mol
         45 |      1302741 |  -12.29 kcal/mol |  -14.35 +/-    0.36 kcal/mol |       6 |  -14.56 kcal/mol
         50 |      1438527 |  -13.44 kcal/mol |  -14.56 +/-    0.06 kcal/mol |       4 |  -14.60 kcal/mol
         55 |      1575613 |  -13.99 kcal/mol |  -14.59 +/-    0.01 kcal/mol |       2 |  -14.60 kcal/mol
         60 |      1707435 |  -13.46 kcal/mol |  -14.53 +/-    0.06 kcal/mol |       5 |  -14.60 kcal/mol
         65 |      1842031 |  -14.08 kcal/mol |  -14.52 +/-    0.05 kcal/mol |       4 |  -14.60 kcal/mol
------------+--------------+------------------+------------------------------+---------+-------------------

                                   Finished evaluation after reaching
                                  -14.54 +/-    0.06 kcal/mol combined.
                             15 samples, best inter + intra   -14.60 kcal/mol.


Shutdown time 0.000769s

Job #9 took 0.952 sec after waiting 0.024 sec for setup

(Thread 0 is processing Job #9)
Run time of entire job set (9 files): 13.660 sec
Savings from multithreading: -0.001 sec
Idle time of execution thread: 4.863 sec

All jobs (9) ran without errors.
