AutoDock-GPU version: v1.6-7-ga46ab564d2ac5f1a1523f65239b43505a1c29364-dirty

Using 1 OpenMP threads

Running 4 docking calculations

Cuda device:                              NVIDIA A100-SXM4-40GB
Available memory on device:               39916 MB (total: 40339 MB)

CUDA Setup time 0.230841s
(Thread 0 is setting up Job #1)

Running Job #1:
    Device: NVIDIA A100-SXM4-40GB
    Grid map file: ./protein.maps.fld
    Ligand file: ./ligand_1_1.pdbqt
    Output file: docking_result_1.dlg (+ xml)
    Using heuristics: (capped) number of evaluations set to 4195460
    Overriding heuristics, setting number of evaluations to --nev = 2500000 instead.
    Warning: The set number of evals is 38.75% of the uncapped heuristics estimate of 6450800 evals.
             This means this docking may not be able to converge. Increasing --heurmax may improve
             convergence but will also increase runtime.
             AutoStop will not stop before 17.33% (433129) of the set number of evaluations.
    Local-search chosen method is: ADADELTA (ad)

Rest of Setup time 0.311937s

Executing docking runs, stopping automatically after either reaching 0.15 kcal/mol standard deviation of
the best molecules of the last 4 * 5 generations, 42000 generations, or 2500000 evaluations:

Generations |  Evaluations |     Threshold    |  Average energy of best 10%  | Samples | Best Inter + Intra
------------+--------------+------------------+------------------------------+---------+-------------------
          0 |          150 |   -1.51 kcal/mol |   -2.44 +/-    0.30 kcal/mol |       5 |   -2.98 kcal/mol
          5 |       115920 |   -1.54 kcal/mol |   -5.97 +/-    1.84 kcal/mol |    1028 |  -11.56 kcal/mol
         10 |       231405 |   -5.94 kcal/mol |  -10.49 +/-    0.71 kcal/mol |      49 |  -11.78 kcal/mol
         15 |       350168 |  -10.27 kcal/mol |  -12.04 +/-    0.24 kcal/mol |      11 |  -12.68 kcal/mol
         20 |       473655 |  -11.72 kcal/mol |  -12.45 +/-    0.27 kcal/mol |       4 |  -12.91 kcal/mol
         25 |       595607 |  -11.45 kcal/mol |  -12.33 +/-    0.45 kcal/mol |       4 |  -13.05 kcal/mol
         30 |       720499 |  -10.64 kcal/mol |  -12.11 +/-    0.40 kcal/mol |      18 |  -13.05 kcal/mol
         35 |       843951 |  -11.78 kcal/mol |  -12.60 +/-    0.22 kcal/mol |       7 |  -13.05 kcal/mol
         40 |       966094 |  -12.12 kcal/mol |  -12.82 +/-    0.15 kcal/mol |       5 |  -13.05 kcal/mol
         45 |      1088570 |  -12.38 kcal/mol |  -13.07 +/-    0.22 kcal/mol |       6 |  -13.50 kcal/mol
         50 |      1211057 |  -12.52 kcal/mol |  -13.47 +/-    0.26 kcal/mol |       8 |  -13.88 kcal/mol
         55 |      1333183 |  -12.99 kcal/mol |  -13.77 +/-    0.39 kcal/mol |       6 |  -14.63 kcal/mol
         60 |      1453535 |  -12.80 kcal/mol |  -13.92 +/-    0.36 kcal/mol |       5 |  -14.63 kcal/mol
         65 |      1579077 |  -12.85 kcal/mol |  -14.16 +/-    0.46 kcal/mol |       5 |  -14.74 kcal/mol
         70 |      1703809 |  -12.78 kcal/mol |  -14.40 +/-    0.30 kcal/mol |       5 |  -14.76 kcal/mol
         75 |      1826364 |  -13.51 kcal/mol |  -14.44 +/-    0.56 kcal/mol |       4 |  -15.10 kcal/mol
         80 |      1950566 |  -12.34 kcal/mol |  -14.35 +/-    0.48 kcal/mol |      11 |  -15.17 kcal/mol
         85 |      2076565 |  -13.69 kcal/mol |  -15.19 +/-    0.12 kcal/mol |       4 |  -15.29 kcal/mol
         90 |      2201344 |  -14.75 kcal/mol |  -15.28 +/-    0.02 kcal/mol |       4 |  -15.29 kcal/mol
         95 |      2326207 |  -14.72 kcal/mol |  -15.27 +/-    0.02 kcal/mol |       2 |  -15.29 kcal/mol
        100 |      2451100 |  -14.15 kcal/mol |  -14.98 +/-    0.29 kcal/mol |       7 |  -15.29 kcal/mol
        102 |      2500588 |  -14.36 kcal/mol |  -15.05 +/-    0.29 kcal/mol |       9 |  -15.39 kcal/mol
------------+--------------+------------------+------------------------------+---------+-------------------

                                   Finished evaluation after reaching
                       2500588 evaluations. Best inter + intra   -15.39 kcal/mol.


Shutdown time 0.000693s

Job #1 took 1.575 sec after waiting 4.505 sec for setup

(Thread 0 is processing Job #1)
(Thread 0 is setting up Job #2)

Running Job #2:
    Device: NVIDIA A100-SXM4-40GB
    Grid map file: ./protein.maps.fld
    Ligand file: ./ligand_2_2.pdbqt
    Output file: docking_result_2.dlg (+ xml)
    Using heuristics: (capped) number of evaluations set to 4951475
    Overriding heuristics, setting number of evaluations to --nev = 2500000 instead.
    Warning: The set number of evals is 29.66% of the uncapped heuristics estimate of 8429805 evals.
             This means this docking may not be able to converge. Increasing --heurmax may improve
             convergence but will also increase runtime.
             AutoStop will not stop before 27.75% (693732) of the set number of evaluations.
    Local-search chosen method is: ADADELTA (ad)

Rest of Setup time 0.308460s

Executing docking runs, stopping automatically after either reaching 0.15 kcal/mol standard deviation of
the best molecules of the last 4 * 5 generations, 42000 generations, or 2500000 evaluations:

Generations |  Evaluations |     Threshold    |  Average energy of best 10%  | Samples | Best Inter + Intra
------------+--------------+------------------+------------------------------+---------+-------------------
          0 |          150 |   -2.04 kcal/mol |   -3.45 +/-    0.38 kcal/mol |       4 |   -4.09 kcal/mol
          5 |       113731 |   -2.04 kcal/mol |   -6.21 +/-    1.90 kcal/mol |     936 |  -12.03 kcal/mol
         10 |       227585 |   -6.18 kcal/mol |  -11.17 +/-    0.86 kcal/mol |      47 |  -13.78 kcal/mol
         15 |       342954 |  -10.90 kcal/mol |  -13.58 +/-    0.98 kcal/mol |       4 |  -15.26 kcal/mol
         20 |       458748 |   -9.91 kcal/mol |  -12.77 +/-    0.85 kcal/mol |      20 |  -15.85 kcal/mol
         25 |       575198 |  -12.13 kcal/mol |  -14.92 +/-    0.75 kcal/mol |       4 |  -16.22 kcal/mol
         30 |       694938 |  -12.10 kcal/mol |  -14.36 +/-    0.86 kcal/mol |       7 |  -16.22 kcal/mol
         35 |       814867 |  -12.52 kcal/mol |  -14.71 +/-    0.91 kcal/mol |       4 |  -16.22 kcal/mol
         40 |       934879 |  -11.29 kcal/mol |  -14.09 +/-    0.84 kcal/mol |      17 |  -16.22 kcal/mol
         45 |      1055851 |  -13.35 kcal/mol |  -15.41 +/-    0.76 kcal/mol |       4 |  -16.22 kcal/mol
         50 |      1175302 |  -12.55 kcal/mol |  -15.04 +/-    0.69 kcal/mol |      10 |  -16.22 kcal/mol
         55 |      1297116 |  -14.00 kcal/mol |  -15.43 +/-    0.57 kcal/mol |       6 |  -16.22 kcal/mol
         60 |      1416523 |  -14.02 kcal/mol |  -15.66 +/-    0.36 kcal/mol |       7 |  -16.22 kcal/mol
         65 |      1537386 |  -14.89 kcal/mol |  -15.44 +/-    0.49 kcal/mol |       4 |  -16.26 kcal/mol
         70 |      1660016 |  -13.61 kcal/mol |  -15.13 +/-    0.53 kcal/mol |      12 |  -16.26 kcal/mol
         75 |      1782076 |  -14.47 kcal/mol |  -15.47 +/-    0.46 kcal/mol |       4 |  -16.26 kcal/mol
         80 |      1904782 |  -13.74 kcal/mol |  -15.15 +/-    0.44 kcal/mol |       9 |  -16.26 kcal/mol
         85 |      2029104 |  -14.42 kcal/mol |  -15.51 +/-    0.43 kcal/mol |       4 |  -16.26 kcal/mol
         90 |      2151905 |  -13.88 kcal/mol |  -15.24 +/-    0.46 kcal/mol |       7 |  -16.26 kcal/mol
         95 |      2277985 |  -14.26 kcal/mol |  -15.86 +/-    0.42 kcal/mol |       6 |  -16.26 kcal/mol
        100 |      2402496 |  -14.82 kcal/mol |  -16.04 +/-    0.27 kcal/mol |       4 |  -16.30 kcal/mol
        104 |      2500135 |  -15.02 kcal/mol |  -16.02 +/-    0.24 kcal/mol |       8 |  -16.30 kcal/mol
------------+--------------+------------------+------------------------------+---------+-------------------

                                   Finished evaluation after reaching
                       2500135 evaluations. Best inter + intra   -16.30 kcal/mol.


Shutdown time 0.000668s

Job #2 took 1.595 sec after waiting 0.054 sec for setup

(Thread 0 is processing Job #2)
(Thread 0 is setting up Job #3)

Running Job #3:
    Device: NVIDIA A100-SXM4-40GB
    Grid map file: ./protein.maps.fld
    Ligand file: ./ligand_3_3.pdbqt
    Output file: docking_result_3.dlg (+ xml)
    Using heuristics: (capped) number of evaluations set to 2280181
    Local-search chosen method is: ADADELTA (ad)

Rest of Setup time 0.309618s

Executing docking runs, stopping automatically after either reaching 0.15 kcal/mol standard deviation of
the best molecules of the last 4 * 5 generations, 42000 generations, or 2280181 evaluations:

Generations |  Evaluations |     Threshold    |  Average energy of best 10%  | Samples | Best Inter + Intra
------------+--------------+------------------+------------------------------+---------+-------------------
          0 |          150 |   -1.18 kcal/mol |   -2.57 +/-    0.46 kcal/mol |       5 |   -3.41 kcal/mol
          5 |       115546 |   -1.18 kcal/mol |   -5.23 +/-    1.61 kcal/mol |     932 |  -10.38 kcal/mol
         10 |       230633 |   -5.20 kcal/mol |   -9.30 +/-    0.86 kcal/mol |      61 |  -12.21 kcal/mol
         15 |       348348 |   -9.09 kcal/mol |  -12.01 +/-    0.51 kcal/mol |       6 |  -12.43 kcal/mol
         20 |       468031 |  -10.73 kcal/mol |  -13.01 +/-    0.40 kcal/mol |       4 |  -13.55 kcal/mol
         25 |       588094 |  -11.50 kcal/mol |  -13.16 +/-    0.43 kcal/mol |       4 |  -13.63 kcal/mol
         30 |       710392 |  -11.56 kcal/mol |  -13.38 +/-    0.40 kcal/mol |      11 |  -13.71 kcal/mol
         35 |       829839 |  -12.84 kcal/mol |  -13.61 +/-    0.16 kcal/mol |       5 |  -13.90 kcal/mol
         40 |       949784 |  -13.13 kcal/mol |  -13.83 +/-    0.12 kcal/mol |       8 |  -13.99 kcal/mol
         45 |      1067509 |  -13.60 kcal/mol |  -13.80 +/-    0.17 kcal/mol |       6 |  -14.08 kcal/mol
         50 |      1186011 |  -13.36 kcal/mol |  -13.83 +/-    0.15 kcal/mol |       9 |  -14.15 kcal/mol
         55 |      1306475 |  -13.59 kcal/mol |  -13.97 +/-    0.14 kcal/mol |       8 |  -14.26 kcal/mol
         60 |      1423753 |  -13.71 kcal/mol |  -13.96 +/-    0.15 kcal/mol |       6 |  -14.28 kcal/mol
         65 |      1547682 |  -13.59 kcal/mol |  -13.93 +/-    0.16 kcal/mol |       6 |  -14.28 kcal/mol
         70 |      1668894 |  -13.52 kcal/mol |  -14.04 +/-    0.17 kcal/mol |       7 |  -14.28 kcal/mol
         75 |      1792189 |  -13.68 kcal/mol |  -13.96 +/-    0.16 kcal/mol |       5 |  -14.28 kcal/mol
         80 |      1914379 |  -13.47 kcal/mol |  -14.02 +/-    0.17 kcal/mol |       9 |  -14.28 kcal/mol
         85 |      2037546 |  -13.74 kcal/mol |  -13.99 +/-    0.15 kcal/mol |      11 |  -14.29 kcal/mol
         90 |      2159983 |  -13.79 kcal/mol |  -14.04 +/-    0.16 kcal/mol |      10 |  -14.29 kcal/mol
         95 |      2281440 |  -13.79 kcal/mol |  -14.05 +/-    0.17 kcal/mol |      23 |  -14.30 kcal/mol
------------+--------------+------------------+------------------------------+---------+-------------------

                                   Finished evaluation after reaching
                       2281440 evaluations. Best inter + intra   -14.30 kcal/mol.


Shutdown time 0.000677s

Job #3 took 1.246 sec after waiting 0.058 sec for setup

(Thread 0 is processing Job #3)
(Thread 0 is setting up Job #4)

Running Job #4:
    Device: NVIDIA A100-SXM4-40GB
    Grid map file: ./protein.maps.fld
    Ligand file: ./ligand_4_4.pdbqt
    Output file: docking_result_4.dlg (+ xml)
    Using heuristics: (capped) number of evaluations set to 4195460
    Overriding heuristics, setting number of evaluations to --nev = 2500000 instead.
    Warning: The set number of evals is 38.75% of the uncapped heuristics estimate of 6450800 evals.
             This means this docking may not be able to converge. Increasing --heurmax may improve
             convergence but will also increase runtime.
             AutoStop will not stop before 17.33% (433129) of the set number of evaluations.
    Local-search chosen method is: ADADELTA (ad)

Rest of Setup time 0.305390s

Executing docking runs, stopping automatically after either reaching 0.15 kcal/mol standard deviation of
the best molecules of the last 4 * 5 generations, 42000 generations, or 2500000 evaluations:

Generations |  Evaluations |     Threshold    |  Average energy of best 10%  | Samples | Best Inter + Intra
------------+--------------+------------------+------------------------------+---------+-------------------
          0 |          150 |    0.44 kcal/mol |   -1.95 +/-    0.68 kcal/mol |      25 |   -4.74 kcal/mol
          5 |       115144 |   -1.54 kcal/mol |   -6.07 +/-    1.82 kcal/mol |     895 |  -13.17 kcal/mol
         10 |       228172 |   -6.04 kcal/mol |  -11.01 +/-    1.18 kcal/mol |      43 |  -14.15 kcal/mol
         15 |       345048 |  -10.60 kcal/mol |  -13.89 +/-    0.48 kcal/mol |       6 |  -14.36 kcal/mol
         20 |       463073 |  -12.69 kcal/mol |  -14.11 +/-    0.44 kcal/mol |       4 |  -14.41 kcal/mol
         25 |       585432 |  -12.45 kcal/mol |  -14.10 +/-    0.47 kcal/mol |       7 |  -14.54 kcal/mol
         30 |       710337 |  -13.09 kcal/mol |  -14.48 +/-    0.05 kcal/mol |       5 |  -14.54 kcal/mol
         35 |       833306 |  -14.03 kcal/mol |  -14.49 +/-    0.05 kcal/mol |       4 |  -14.54 kcal/mol
         40 |       956988 |  -13.93 kcal/mol |  -14.86 +/-    0.51 kcal/mol |       7 |  -15.45 kcal/mol
         45 |      1079516 |  -13.76 kcal/mol |  -15.09 +/-    0.61 kcal/mol |       4 |  -15.81 kcal/mol
         50 |      1200356 |  -12.81 kcal/mol |  -15.05 +/-    0.80 kcal/mol |      11 |  -16.33 kcal/mol
         55 |      1323744 |  -13.95 kcal/mol |  -15.33 +/-    0.73 kcal/mol |       4 |  -16.41 kcal/mol
         60 |      1444789 |  -12.60 kcal/mol |  -15.06 +/-    0.65 kcal/mol |       7 |  -16.41 kcal/mol
         65 |      1565112 |  -13.66 kcal/mol |  -15.55 +/-    0.44 kcal/mol |       5 |  -16.41 kcal/mol
         70 |      1686106 |  -14.22 kcal/mol |  -15.88 +/-    0.38 kcal/mol |       5 |  -16.41 kcal/mol
         75 |      1807550 |  -14.76 kcal/mol |  -15.76 +/-    0.40 kcal/mol |       4 |  -16.41 kcal/mol
         80 |      1928871 |  -14.27 kcal/mol |  -15.70 +/-    0.42 kcal/mol |       5 |  -16.41 kcal/mol
         85 |      2049824 |  -14.45 kcal/mol |  -15.79 +/-    0.33 kcal/mol |       5 |  -16.41 kcal/mol
         90 |      2170079 |  -14.80 kcal/mol |  -16.11 +/-    0.34 kcal/mol |       8 |  -16.41 kcal/mol
         95 |      2292627 |  -15.46 kcal/mol |  -16.32 +/-    0.06 kcal/mol |       4 |  -16.41 kcal/mol
        100 |      2413425 |  -15.76 kcal/mol |  -16.14 +/-    0.17 kcal/mol |       9 |  -16.41 kcal/mol
        104 |      2508995 |  -15.85 kcal/mol |  -16.35 +/-    0.06 kcal/mol |      10 |  -16.41 kcal/mol
------------+--------------+------------------+------------------------------+---------+-------------------

                                   Finished evaluation after reaching
                       2508995 evaluations. Best inter + intra   -16.41 kcal/mol.


Shutdown time 0.000723s

Job #4 took 1.549 sec after waiting 0.042 sec for setup

(Thread 0 is processing Job #4)
Run time of entire job set (4 files): 10.681 sec
Savings from multithreading: -0.000 sec
Idle time of execution thread: 4.715 sec

All jobs (4) ran without errors.
