AutoDock-GPU version: v1.6-7-ga46ab564d2ac5f1a1523f65239b43505a1c29364-dirty

Running 1 docking calculation

Cuda device:                              NVIDIA A100-SXM4-40GB
Available memory on device:               39916 MB (total: 40339 MB)

CUDA Setup time 0.235348s
(Thread 0 is setting up Job #1)

Running Job #1
    Using heuristics: (capped) number of evaluations set to 2280181
    Local-search chosen method is: ADADELTA (ad)

Rest of Setup time 0.310357s

Executing docking runs, stopping automatically after either reaching 0.15 kcal/mol standard deviation of
the best molecules of the last 4 * 5 generations, 42000 generations, or 2280181 evaluations:

Generations |  Evaluations |     Threshold    |  Average energy of best 10%  | Samples | Best Inter + Intra
------------+--------------+------------------+------------------------------+---------+-------------------
          0 |          150 |   -1.44 kcal/mol |   -2.46 +/-    0.45 kcal/mol |       4 |   -3.24 kcal/mol
          5 |       131176 |   -0.77 kcal/mol |   -4.67 +/-    1.69 kcal/mol |    1066 |  -10.85 kcal/mol
         10 |       261845 |   -4.65 kcal/mol |   -9.01 +/-    0.84 kcal/mol |      45 |  -11.42 kcal/mol
         15 |       396450 |   -8.73 kcal/mol |  -11.17 +/-    0.55 kcal/mol |       9 |  -11.93 kcal/mol
         20 |       531449 |  -10.24 kcal/mol |  -11.76 +/-    0.23 kcal/mol |      12 |  -12.32 kcal/mol
         25 |       667997 |  -11.48 kcal/mol |  -12.13 +/-    0.26 kcal/mol |       4 |  -12.41 kcal/mol
         30 |       801352 |  -11.15 kcal/mol |  -11.92 +/-    0.25 kcal/mol |      17 |  -12.43 kcal/mol
         35 |       931890 |  -11.70 kcal/mol |  -12.28 +/-    0.20 kcal/mol |       7 |  -12.60 kcal/mol
         40 |      1063529 |  -11.86 kcal/mol |  -12.39 +/-    0.13 kcal/mol |      12 |  -12.62 kcal/mol
         45 |      1192305 |  -12.23 kcal/mol |  -12.47 +/-    0.15 kcal/mol |      11 |  -12.72 kcal/mol
         50 |      1322096 |  -12.27 kcal/mol |  -12.61 +/-    0.11 kcal/mol |      11 |  -12.76 kcal/mol
         55 |      1456344 |  -12.46 kcal/mol |  -12.62 +/-    0.10 kcal/mol |       9 |  -12.76 kcal/mol
         60 |      1587314 |  -12.46 kcal/mol |  -12.69 +/-    0.08 kcal/mol |       8 |  -12.76 kcal/mol
         65 |      1719863 |  -12.54 kcal/mol |  -12.70 +/-    0.05 kcal/mol |       8 |  -12.77 kcal/mol
         70 |      1852392 |  -12.42 kcal/mol |  -12.69 +/-    0.11 kcal/mol |      19 |  -12.80 kcal/mol
         75 |      1984834 |  -12.61 kcal/mol |  -12.74 +/-    0.05 kcal/mol |       7 |  -12.81 kcal/mol
         80 |      2117920 |  -12.42 kcal/mol |  -12.66 +/-    0.12 kcal/mol |      16 |  -12.81 kcal/mol
         85 |      2248445 |  -12.55 kcal/mol |  -12.74 +/-    0.08 kcal/mol |      12 |  -12.94 kcal/mol
         87 |      2300010 |  -12.65 kcal/mol |  -12.75 +/-    0.08 kcal/mol |      23 |  -12.95 kcal/mol
------------+--------------+------------------+------------------------------+---------+-------------------

                                   Finished evaluation after reaching
                       2300010 evaluations. Best inter + intra   -12.95 kcal/mol.


Shutdown time 0.000678s

Job #1 took 1.205 sec after waiting 4.573 sec for setup

(Thread 0 is processing Job #1)
Run time of entire job set (1 file): 5.814 sec
Processing time: 0.036 sec

All jobs (1) ran without errors.
