AutoDock-GPU version: v1.6-7-ga46ab564d2ac5f1a1523f65239b43505a1c29364-dirty

Running 1 docking calculation

Cuda device:                              NVIDIA A100-SXM4-40GB
Available memory on device:               39916 MB (total: 40339 MB)

CUDA Setup time 0.232350s
(Thread 0 is setting up Job #1)

Running Job #1
    Using heuristics: (capped) number of evaluations set to 2845257
    Overriding heuristics, setting number of evaluations to --nev = 2500000 instead.
    Local-search chosen method is: ADADELTA (ad)

Rest of Setup time 0.309362s

Executing docking runs, stopping automatically after either reaching 0.15 kcal/mol standard deviation of
the best molecules of the last 4 * 5 generations, 42000 generations, or 2500000 evaluations:

Generations |  Evaluations |     Threshold    |  Average energy of best 10%  | Samples | Best Inter + Intra
------------+--------------+------------------+------------------------------+---------+-------------------
          0 |          150 |   -1.65 kcal/mol |   -2.66 +/-    0.31 kcal/mol |       5 |   -3.22 kcal/mol
          5 |       120767 |   -1.73 kcal/mol |   -5.98 +/-    1.86 kcal/mol |    1018 |  -12.98 kcal/mol
         10 |       242189 |   -5.95 kcal/mol |  -10.99 +/-    1.09 kcal/mol |      28 |  -13.08 kcal/mol
         15 |       371377 |  -10.40 kcal/mol |  -13.35 +/-    0.81 kcal/mol |       8 |  -14.70 kcal/mol
         20 |       501192 |  -11.84 kcal/mol |  -14.19 +/-    0.71 kcal/mol |       4 |  -14.93 kcal/mol
         25 |       633973 |  -11.52 kcal/mol |  -13.67 +/-    0.64 kcal/mol |       8 |  -15.20 kcal/mol
         30 |       766353 |  -12.46 kcal/mol |  -14.54 +/-    0.65 kcal/mol |       4 |  -15.20 kcal/mol
         35 |       900251 |  -12.09 kcal/mol |  -13.83 +/-    0.58 kcal/mol |       7 |  -15.20 kcal/mol
         40 |      1032007 |  -12.59 kcal/mol |  -14.81 +/-    0.54 kcal/mol |       4 |  -15.20 kcal/mol
         45 |      1163113 |  -12.78 kcal/mol |  -14.93 +/-    0.65 kcal/mol |       4 |  -15.67 kcal/mol
         50 |      1293655 |  -12.48 kcal/mol |  -14.67 +/-    0.85 kcal/mol |       4 |  -15.76 kcal/mol
         55 |      1426391 |  -11.46 kcal/mol |  -14.19 +/-    0.93 kcal/mol |      24 |  -15.91 kcal/mol
         60 |      1557737 |  -13.61 kcal/mol |  -15.63 +/-    0.25 kcal/mol |       4 |  -15.91 kcal/mol
         65 |      1689767 |  -14.71 kcal/mol |  -15.76 +/-    0.26 kcal/mol |       5 |  -15.91 kcal/mol
         70 |      1821759 |  -14.98 kcal/mol |  -15.83 +/-    0.08 kcal/mol |       8 |  -15.92 kcal/mol
         75 |      1952340 |  -15.67 kcal/mol |  -15.86 +/-    0.07 kcal/mol |       4 |  -15.94 kcal/mol
         80 |      2082716 |  -15.30 kcal/mol |  -15.91 +/-    0.02 kcal/mol |       4 |  -15.94 kcal/mol
         85 |      2215324 |  -15.34 kcal/mol |  -15.80 +/-    0.13 kcal/mol |       7 |  -15.94 kcal/mol
         90 |      2349996 |  -15.52 kcal/mol |  -15.75 +/-    0.11 kcal/mol |       9 |  -15.94 kcal/mol
------------+--------------+------------------+------------------------------+---------+-------------------

                                   Finished evaluation after reaching
                                  -15.81 +/-    0.12 kcal/mol combined.
                             24 samples, best inter + intra   -15.94 kcal/mol.


Shutdown time 0.000595s

Job #1 took 1.360 sec after waiting 4.466 sec for setup

(Thread 0 is processing Job #1)
Run time of entire job set (1 file): 5.876 sec
Processing time: 0.050 sec

All jobs (1) ran without errors.
