AutoDock-GPU version: v1.6-7-ga46ab564d2ac5f1a1523f65239b43505a1c29364-dirty

Using 1 OpenMP threads

Running 3 docking calculations

Cuda device:                              NVIDIA A100-SXM4-40GB
Available memory on device:               39916 MB (total: 40339 MB)

CUDA Setup time 0.232090s
(Thread 0 is setting up Job #1)

Running Job #1:
    Device: NVIDIA A100-SXM4-40GB
    Grid map file: ./protein.maps.fld
    Ligand file: ./ligand_1_1.pdbqt
    Output file: docking_result_1.dlg (+ xml)
    Using heuristics: (capped) number of evaluations set to 2280181
    Local-search chosen method is: ADADELTA (ad)

Rest of Setup time 0.308279s

Executing docking runs, stopping automatically after either reaching 0.15 kcal/mol standard deviation of
the best molecules of the last 4 * 5 generations, 42000 generations, or 2280181 evaluations:

Generations |  Evaluations |     Threshold    |  Average energy of best 10%  | Samples | Best Inter + Intra
------------+--------------+------------------+------------------------------+---------+-------------------
          0 |          150 |   -1.48 kcal/mol |   -2.21 +/-    0.25 kcal/mol |       6 |   -2.61 kcal/mol
          5 |       116820 |   -1.58 kcal/mol |   -5.09 +/-    1.73 kcal/mol |     917 |  -12.23 kcal/mol
         10 |       233375 |   -5.06 kcal/mol |   -9.73 +/-    1.08 kcal/mol |      46 |  -12.65 kcal/mol
         15 |       353550 |   -9.38 kcal/mol |  -11.88 +/-    0.62 kcal/mol |       5 |  -12.88 kcal/mol
         20 |       475668 |  -10.02 kcal/mol |  -12.09 +/-    0.59 kcal/mol |      11 |  -13.19 kcal/mol
         25 |       596633 |  -11.28 kcal/mol |  -12.95 +/-    0.25 kcal/mol |       4 |  -13.21 kcal/mol
         30 |       722620 |  -12.03 kcal/mol |  -12.88 +/-    0.25 kcal/mol |       7 |  -13.21 kcal/mol
         35 |       844928 |  -12.34 kcal/mol |  -13.24 +/-    0.10 kcal/mol |       6 |  -13.38 kcal/mol
         40 |       969950 |  -12.99 kcal/mol |  -13.37 +/-    0.17 kcal/mol |       7 |  -13.69 kcal/mol
         45 |      1094704 |  -13.01 kcal/mol |  -13.52 +/-    0.16 kcal/mol |       4 |  -13.79 kcal/mol
         50 |      1217311 |  -12.92 kcal/mol |  -13.35 +/-    0.19 kcal/mol |      10 |  -13.79 kcal/mol
         55 |      1343737 |  -13.06 kcal/mol |  -13.54 +/-    0.12 kcal/mol |       7 |  -13.79 kcal/mol
         60 |      1468813 |  -13.27 kcal/mol |  -13.82 +/-    0.15 kcal/mol |       5 |  -14.10 kcal/mol
         65 |      1596817 |  -13.39 kcal/mol |  -13.90 +/-    0.32 kcal/mol |       4 |  -14.43 kcal/mol
         70 |      1723651 |  -12.71 kcal/mol |  -13.83 +/-    0.28 kcal/mol |       8 |  -14.49 kcal/mol
         75 |      1851195 |  -13.30 kcal/mol |  -14.08 +/-    0.26 kcal/mol |       4 |  -14.50 kcal/mol
         80 |      1978902 |  -13.11 kcal/mol |  -13.94 +/-    0.21 kcal/mol |      10 |  -14.50 kcal/mol
         85 |      2103873 |  -13.62 kcal/mol |  -13.87 +/-    0.23 kcal/mol |      11 |  -14.50 kcal/mol
         90 |      2228243 |  -13.57 kcal/mol |  -13.93 +/-    0.21 kcal/mol |      10 |  -14.50 kcal/mol
         93 |      2304325 |  -13.61 kcal/mol |  -14.33 +/-    0.21 kcal/mol |       5 |  -14.50 kcal/mol
------------+--------------+------------------+------------------------------+---------+-------------------

                                   Finished evaluation after reaching
                       2304325 evaluations. Best inter + intra   -14.50 kcal/mol.


Shutdown time 0.000654s

Job #1 took 1.394 sec after waiting 4.476 sec for setup

(Thread 0 is processing Job #1)
(Thread 0 is setting up Job #2)

Running Job #2:
    Device: NVIDIA A100-SXM4-40GB
    Grid map file: ./protein.maps.fld
    Ligand file: ./ligand_2_2.pdbqt
    Output file: docking_result_2.dlg (+ xml)
    Using heuristics: (capped) number of evaluations set to 2845257
    Overriding heuristics, setting number of evaluations to --nev = 2500000 instead.
    Local-search chosen method is: ADADELTA (ad)

Rest of Setup time 0.305710s

Executing docking runs, stopping automatically after either reaching 0.15 kcal/mol standard deviation of
the best molecules of the last 4 * 5 generations, 42000 generations, or 2500000 evaluations:

Generations |  Evaluations |     Threshold    |  Average energy of best 10%  | Samples | Best Inter + Intra
------------+--------------+------------------+------------------------------+---------+-------------------
          0 |          150 |   -1.51 kcal/mol |   -3.16 +/-    0.56 kcal/mol |       8 |   -4.40 kcal/mol
          5 |       115810 |   -2.11 kcal/mol |   -6.37 +/-    1.86 kcal/mol |     889 |  -13.14 kcal/mol
         10 |       235548 |   -6.33 kcal/mol |  -11.11 +/-    0.80 kcal/mol |      40 |  -13.25 kcal/mol
         15 |       356782 |  -10.81 kcal/mol |  -13.09 +/-    0.41 kcal/mol |       5 |  -13.62 kcal/mol
         20 |       481779 |  -11.86 kcal/mol |  -13.67 +/-    0.51 kcal/mol |       5 |  -14.21 kcal/mol
         25 |       609220 |  -12.14 kcal/mol |  -13.91 +/-    0.33 kcal/mol |       5 |  -14.29 kcal/mol
         30 |       741391 |  -12.92 kcal/mol |  -14.29 +/-    0.26 kcal/mol |       5 |  -14.56 kcal/mol
         35 |       872995 |  -13.50 kcal/mol |  -14.51 +/-    0.13 kcal/mol |       4 |  -14.61 kcal/mol
         40 |      1005677 |  -14.03 kcal/mol |  -14.63 +/-    0.29 kcal/mol |       4 |  -15.09 kcal/mol
         45 |      1139240 |  -13.54 kcal/mol |  -14.53 +/-    0.28 kcal/mol |       7 |  -15.09 kcal/mol
         50 |      1271497 |  -13.93 kcal/mol |  -14.55 +/-    0.34 kcal/mol |       4 |  -15.09 kcal/mol
         55 |      1405178 |  -13.26 kcal/mol |  -15.47 +/-    1.04 kcal/mol |      11 |  -17.04 kcal/mol
         60 |      1536333 |  -14.05 kcal/mol |  -15.55 +/-    0.93 kcal/mol |       4 |  -17.15 kcal/mol
         65 |      1671367 |  -12.05 kcal/mol |  -15.09 +/-    0.89 kcal/mol |      12 |  -17.15 kcal/mol
         70 |      1806021 |  -13.98 kcal/mol |  -16.14 +/-    1.00 kcal/mol |       4 |  -17.15 kcal/mol
         75 |      1941071 |  -12.37 kcal/mol |  -15.23 +/-    0.88 kcal/mol |      10 |  -17.15 kcal/mol
         80 |      2077071 |  -13.92 kcal/mol |  -17.00 +/-    0.23 kcal/mol |       6 |  -17.15 kcal/mol
         85 |      2212461 |  -16.43 kcal/mol |  -17.08 +/-    0.26 kcal/mol |       3 |  -17.34 kcal/mol
         90 |      2345580 |  -15.80 kcal/mol |  -17.37 +/-    0.02 kcal/mol |       3 |  -17.38 kcal/mol
         95 |      2480442 |  -16.62 kcal/mol |  -17.59 +/-    0.16 kcal/mol |       4 |  -17.70 kcal/mol
         96 |      2507069 |  -17.00 kcal/mol |  -17.63 +/-    0.14 kcal/mol |       6 |  -17.70 kcal/mol
------------+--------------+------------------+------------------------------+---------+-------------------

                                   Finished evaluation after reaching
                       2507069 evaluations. Best inter + intra   -17.70 kcal/mol.


Shutdown time 0.000682s

Job #2 took 1.629 sec after waiting 0.049 sec for setup

(Thread 0 is processing Job #2)
(Thread 0 is setting up Job #3)

Running Job #3:
    Device: NVIDIA A100-SXM4-40GB
    Grid map file: ./protein.maps.fld
    Ligand file: ./ligand_3_3.pdbqt
    Output file: docking_result_3.dlg (+ xml)
    Using heuristics: (capped) number of evaluations set to 2280181
    Local-search chosen method is: ADADELTA (ad)

Rest of Setup time 0.303396s

Executing docking runs, stopping automatically after either reaching 0.15 kcal/mol standard deviation of
the best molecules of the last 4 * 5 generations, 42000 generations, or 2280181 evaluations:

Generations |  Evaluations |     Threshold    |  Average energy of best 10%  | Samples | Best Inter + Intra
------------+--------------+------------------+------------------------------+---------+-------------------
          0 |          150 |   -1.88 kcal/mol |   -2.83 +/-    0.32 kcal/mol |       7 |   -3.45 kcal/mol
          5 |       112417 |   -2.15 kcal/mol |   -5.57 +/-    1.69 kcal/mol |     860 |  -12.43 kcal/mol
         10 |       224592 |   -5.54 kcal/mol |   -9.95 +/-    1.22 kcal/mol |      56 |  -13.53 kcal/mol
         15 |       339942 |   -9.63 kcal/mol |  -13.56 +/-    0.28 kcal/mol |       6 |  -13.80 kcal/mol
         20 |       457584 |  -12.87 kcal/mol |  -13.63 +/-    0.24 kcal/mol |       4 |  -13.85 kcal/mol
         25 |       575186 |  -12.74 kcal/mol |  -13.62 +/-    0.25 kcal/mol |       5 |  -13.86 kcal/mol
         30 |       699036 |  -12.88 kcal/mol |  -13.75 +/-    0.16 kcal/mol |       5 |  -13.86 kcal/mol
         35 |       820619 |  -13.27 kcal/mol |  -14.23 +/-    0.52 kcal/mol |       6 |  -15.26 kcal/mol
         40 |       941293 |  -12.93 kcal/mol |  -14.75 +/-    0.47 kcal/mol |       5 |  -15.49 kcal/mol
         45 |      1062336 |  -13.34 kcal/mol |  -15.02 +/-    0.52 kcal/mol |       4 |  -15.49 kcal/mol
         50 |      1183631 |  -13.06 kcal/mol |  -14.81 +/-    0.40 kcal/mol |       7 |  -15.49 kcal/mol
         55 |      1305981 |  -13.96 kcal/mol |  -15.26 +/-    0.29 kcal/mol |       7 |  -15.56 kcal/mol
         60 |      1426523 |  -14.64 kcal/mol |  -15.31 +/-    0.36 kcal/mol |       4 |  -15.78 kcal/mol
         65 |      1549409 |  -13.94 kcal/mol |  -15.31 +/-    0.36 kcal/mol |       4 |  -15.78 kcal/mol
         70 |      1674074 |  -13.94 kcal/mol |  -15.23 +/-    0.38 kcal/mol |       8 |  -15.79 kcal/mol
         75 |      1797204 |  -14.51 kcal/mol |  -15.34 +/-    0.33 kcal/mol |       4 |  -15.79 kcal/mol
         80 |      1921217 |  -14.10 kcal/mol |  -15.26 +/-    0.34 kcal/mol |       5 |  -15.79 kcal/mol
         85 |      2045684 |  -14.24 kcal/mol |  -15.35 +/-    0.36 kcal/mol |      10 |  -15.79 kcal/mol
         90 |      2168632 |  -14.81 kcal/mol |  -15.58 +/-    0.32 kcal/mol |       4 |  -15.79 kcal/mol
         95 |      2291632 |  -14.38 kcal/mol |  -15.56 +/-    0.34 kcal/mol |       7 |  -15.79 kcal/mol
------------+--------------+------------------+------------------------------+---------+-------------------

                                   Finished evaluation after reaching
                       2291632 evaluations. Best inter + intra   -15.79 kcal/mol.


Shutdown time 0.000689s

Job #3 took 1.368 sec after waiting 0.062 sec for setup

(Thread 0 is processing Job #3)
Run time of entire job set (3 files): 9.029 sec
Savings from multithreading: -0.001 sec
Idle time of execution thread: 4.637 sec

All jobs (3) ran without errors.
