AutoDock-GPU version: v1.6-7-ga46ab564d2ac5f1a1523f65239b43505a1c29364-dirty

Using 1 OpenMP threads

Running 3 docking calculations

Cuda device:                              NVIDIA A100-SXM4-40GB
Available memory on device:               39916 MB (total: 40339 MB)

CUDA Setup time 0.230925s
(Thread 0 is setting up Job #1)

Running Job #1:
    Device: NVIDIA A100-SXM4-40GB
    Grid map file: ./protein.maps.fld
    Ligand file: ./ligand_1_1.pdbqt
    Output file: docking_result_1.dlg (+ xml)
    Using heuristics: (capped) number of evaluations set to 2280181
    Local-search chosen method is: ADADELTA (ad)

Rest of Setup time 0.308539s

Executing docking runs, stopping automatically after either reaching 0.15 kcal/mol standard deviation of
the best molecules of the last 4 * 5 generations, 42000 generations, or 2280181 evaluations:

Generations |  Evaluations |     Threshold    |  Average energy of best 10%  | Samples | Best Inter + Intra
------------+--------------+------------------+------------------------------+---------+-------------------
          0 |          150 |   -2.34 kcal/mol |   -2.92 +/-    0.15 kcal/mol |       4 |   -3.11 kcal/mol
          5 |       136057 |   -2.34 kcal/mol |   -5.61 +/-    1.49 kcal/mol |     936 |  -12.87 kcal/mol
         10 |       265672 |   -5.59 kcal/mol |   -9.62 +/-    1.02 kcal/mol |      69 |  -12.87 kcal/mol
         15 |       394926 |   -9.40 kcal/mol |  -12.27 +/-    0.63 kcal/mol |       7 |  -13.25 kcal/mol
         20 |       525206 |  -10.92 kcal/mol |  -12.75 +/-    0.37 kcal/mol |       7 |  -13.31 kcal/mol
         25 |       652556 |  -11.95 kcal/mol |  -13.03 +/-    0.21 kcal/mol |       4 |  -13.31 kcal/mol
         30 |       779145 |  -12.24 kcal/mol |  -13.03 +/-    0.15 kcal/mol |      12 |  -13.31 kcal/mol
         35 |       905083 |  -12.85 kcal/mol |  -13.61 +/-    0.34 kcal/mol |       7 |  -14.11 kcal/mol
         40 |      1032199 |  -12.89 kcal/mol |  -13.99 +/-    0.17 kcal/mol |       5 |  -14.15 kcal/mol
         45 |      1157294 |  -13.47 kcal/mol |  -13.97 +/-    0.16 kcal/mol |       4 |  -14.15 kcal/mol
         50 |      1279669 |  -13.39 kcal/mol |  -14.04 +/-    0.18 kcal/mol |       7 |  -14.23 kcal/mol
         55 |      1405837 |  -13.65 kcal/mol |  -14.18 +/-    0.10 kcal/mol |       8 |  -14.31 kcal/mol
         60 |      1528077 |  -14.00 kcal/mol |  -14.24 +/-    0.10 kcal/mol |       3 |  -14.32 kcal/mol
         65 |      1652665 |  -13.75 kcal/mol |  -14.16 +/-    0.12 kcal/mol |       7 |  -14.35 kcal/mol
         70 |      1772873 |  -13.90 kcal/mol |  -14.16 +/-    0.15 kcal/mol |       9 |  -14.35 kcal/mol
         75 |      1891546 |  -13.92 kcal/mol |  -14.15 +/-    0.14 kcal/mol |      13 |  -14.37 kcal/mol
         80 |      2008355 |  -13.99 kcal/mol |  -14.22 +/-    0.10 kcal/mol |      20 |  -14.37 kcal/mol
         85 |      2126165 |  -14.14 kcal/mol |  -14.30 +/-    0.07 kcal/mol |      15 |  -14.37 kcal/mol
         90 |      2241472 |  -14.15 kcal/mol |  -14.31 +/-    0.04 kcal/mol |      19 |  -14.38 kcal/mol
------------+--------------+------------------+------------------------------+---------+-------------------

                                   Finished evaluation after reaching
                                  -14.25 +/-    0.11 kcal/mol combined.
                             67 samples, best inter + intra   -14.38 kcal/mol.


Shutdown time 0.000656s

Job #1 took 1.094 sec after waiting 4.454 sec for setup

(Thread 0 is processing Job #1)
(Thread 0 is setting up Job #2)

Running Job #2:
    Device: NVIDIA A100-SXM4-40GB
    Grid map file: ./protein.maps.fld
    Ligand file: ./ligand_2_2.pdbqt
    Output file: docking_result_2.dlg (+ xml)
    Using heuristics: (capped) number of evaluations set to 3487417
    Overriding heuristics, setting number of evaluations to --nev = 2500000 instead.
    Local-search chosen method is: ADADELTA (ad)

Rest of Setup time 0.305194s

Executing docking runs, stopping automatically after either reaching 0.15 kcal/mol standard deviation of
the best molecules of the last 4 * 5 generations, 42000 generations, or 2500000 evaluations:

Generations |  Evaluations |     Threshold    |  Average energy of best 10%  | Samples | Best Inter + Intra
------------+--------------+------------------+------------------------------+---------+-------------------
          0 |          150 |   -2.53 kcal/mol |   -3.22 +/-    0.18 kcal/mol |       4 |   -3.39 kcal/mol
          5 |       126231 |   -2.53 kcal/mol |   -7.56 +/-    2.18 kcal/mol |    1116 |  -15.79 kcal/mol
         10 |       256582 |   -7.53 kcal/mol |  -13.20 +/-    1.12 kcal/mol |      56 |  -16.06 kcal/mol
         15 |       393948 |  -12.90 kcal/mol |  -15.59 +/-    0.42 kcal/mol |       8 |  -16.28 kcal/mol
         20 |       533464 |  -14.79 kcal/mol |  -15.93 +/-    0.22 kcal/mol |       9 |  -16.38 kcal/mol
         25 |       674018 |  -15.56 kcal/mol |  -16.29 +/-    0.23 kcal/mol |       7 |  -16.67 kcal/mol
         30 |       814308 |  -15.80 kcal/mol |  -16.70 +/-    0.39 kcal/mol |       8 |  -17.48 kcal/mol
         35 |       953747 |  -15.97 kcal/mol |  -17.25 +/-    0.44 kcal/mol |       6 |  -18.13 kcal/mol
         40 |      1093957 |  -16.15 kcal/mol |  -17.66 +/-    0.56 kcal/mol |       5 |  -18.50 kcal/mol
         45 |      1233518 |  -15.98 kcal/mol |  -17.92 +/-    0.71 kcal/mol |       6 |  -18.94 kcal/mol
         50 |      1371598 |  -16.14 kcal/mol |  -18.39 +/-    0.57 kcal/mol |       8 |  -19.03 kcal/mol
         55 |      1511558 |  -17.31 kcal/mol |  -18.52 +/-    0.52 kcal/mol |       4 |  -19.04 kcal/mol
         60 |      1647104 |  -16.56 kcal/mol |  -18.72 +/-    0.32 kcal/mol |       5 |  -19.04 kcal/mol
         65 |      1785479 |  -17.76 kcal/mol |  -18.52 +/-    0.38 kcal/mol |       4 |  -19.05 kcal/mol
         70 |      1923085 |  -17.09 kcal/mol |  -18.80 +/-    0.32 kcal/mol |       5 |  -19.05 kcal/mol
         75 |      2061554 |  -17.83 kcal/mol |  -18.87 +/-    0.13 kcal/mol |       4 |  -19.06 kcal/mol
         80 |      2197938 |  -18.38 kcal/mol |  -18.94 +/-    0.08 kcal/mol |       3 |  -19.06 kcal/mol
         85 |      2336916 |  -18.53 kcal/mol |  -19.02 +/-    0.04 kcal/mol |       2 |  -19.06 kcal/mol
         90 |      2472569 |  -17.90 kcal/mol |  -18.63 +/-    0.33 kcal/mol |       7 |  -19.06 kcal/mol
         92 |      2527153 |  -17.92 kcal/mol |  -18.77 +/-    0.32 kcal/mol |      11 |  -19.06 kcal/mol
------------+--------------+------------------+------------------------------+---------+-------------------

                                   Finished evaluation after reaching
                       2527153 evaluations. Best inter + intra   -19.06 kcal/mol.


Shutdown time 0.000648s

Job #2 took 1.503 sec after waiting 0.030 sec for setup

(Thread 0 is processing Job #2)
(Thread 0 is setting up Job #3)

Running Job #3:
    Device: NVIDIA A100-SXM4-40GB
    Grid map file: ./protein.maps.fld
    Ligand file: ./ligand_3_3.pdbqt
    Output file: docking_result_3.dlg (+ xml)
    Using heuristics: (capped) number of evaluations set to 2280181
    Local-search chosen method is: ADADELTA (ad)

Rest of Setup time 0.307302s

Executing docking runs, stopping automatically after either reaching 0.15 kcal/mol standard deviation of
the best molecules of the last 4 * 5 generations, 42000 generations, or 2280181 evaluations:

Generations |  Evaluations |     Threshold    |  Average energy of best 10%  | Samples | Best Inter + Intra
------------+--------------+------------------+------------------------------+---------+-------------------
          0 |          150 |   -1.98 kcal/mol |   -3.08 +/-    0.37 kcal/mol |       5 |   -3.78 kcal/mol
          5 |       131232 |   -1.98 kcal/mol |   -5.45 +/-    1.44 kcal/mol |     923 |  -11.61 kcal/mol
         10 |       263010 |   -5.42 kcal/mol |   -9.05 +/-    0.68 kcal/mol |      72 |  -11.66 kcal/mol
         15 |       395472 |   -8.91 kcal/mol |  -10.89 +/-    0.50 kcal/mol |      17 |  -11.72 kcal/mol
         20 |       526629 |  -10.44 kcal/mol |  -11.73 +/-    0.13 kcal/mol |       7 |  -11.89 kcal/mol
         25 |       659270 |  -11.45 kcal/mol |  -11.79 +/-    0.16 kcal/mol |       6 |  -12.02 kcal/mol
         30 |       793914 |  -11.39 kcal/mol |  -11.77 +/-    0.19 kcal/mol |       9 |  -12.06 kcal/mol
         35 |       928043 |  -11.46 kcal/mol |  -11.99 +/-    0.33 kcal/mol |       5 |  -12.54 kcal/mol
         40 |      1060457 |  -11.01 kcal/mol |  -12.24 +/-    0.27 kcal/mol |       7 |  -12.55 kcal/mol
         45 |      1191903 |  -11.66 kcal/mol |  -12.32 +/-    0.26 kcal/mol |       4 |  -12.59 kcal/mol
         50 |      1323414 |  -11.35 kcal/mol |  -12.26 +/-    0.29 kcal/mol |       8 |  -12.59 kcal/mol
         55 |      1455330 |  -11.71 kcal/mol |  -12.50 +/-    0.16 kcal/mol |       4 |  -12.59 kcal/mol
         60 |      1585636 |  -11.90 kcal/mol |  -12.35 +/-    0.22 kcal/mol |      12 |  -12.74 kcal/mol
         65 |      1718838 |  -12.08 kcal/mol |  -12.60 +/-    0.19 kcal/mol |       4 |  -12.75 kcal/mol
         70 |      1851885 |  -11.87 kcal/mol |  -12.62 +/-    0.17 kcal/mol |      10 |  -12.84 kcal/mol
         75 |      1984087 |  -12.37 kcal/mol |  -12.74 +/-    0.08 kcal/mol |       6 |  -12.84 kcal/mol
         80 |      2116196 |  -12.54 kcal/mol |  -12.82 +/-    0.04 kcal/mol |       5 |  -12.86 kcal/mol
         85 |      2248828 |  -12.37 kcal/mol |  -12.73 +/-    0.13 kcal/mol |       7 |  -12.86 kcal/mol
         87 |      2300654 |  -12.44 kcal/mol |  -12.73 +/-    0.12 kcal/mol |      16 |  -12.86 kcal/mol
------------+--------------+------------------+------------------------------+---------+-------------------

                                   Finished evaluation after reaching
                       2300654 evaluations. Best inter + intra   -12.86 kcal/mol.


Shutdown time 0.000669s

Job #3 took 1.071 sec after waiting 0.056 sec for setup

(Thread 0 is processing Job #3)
Run time of entire job set (3 files): 8.239 sec
Savings from multithreading: -0.000 sec
Idle time of execution thread: 4.571 sec

All jobs (3) ran without errors.
