AutoDock-GPU version: v1.6-7-ga46ab564d2ac5f1a1523f65239b43505a1c29364-dirty

Using 1 OpenMP threads

Running 4 docking calculations

Cuda device:                              NVIDIA A100-SXM4-40GB
Available memory on device:               39916 MB (total: 40339 MB)

CUDA Setup time 0.230480s
(Thread 0 is setting up Job #1)

Running Job #1:
    Device: NVIDIA A100-SXM4-40GB
    Grid map file: ./protein.maps.fld
    Ligand file: ./ligand_1_1.pdbqt
    Output file: docking_result_1.dlg (+ xml)
    Using heuristics: (capped) number of evaluations set to 2068966
    Local-search chosen method is: ADADELTA (ad)

Rest of Setup time 0.308172s

Executing docking runs, stopping automatically after either reaching 0.15 kcal/mol standard deviation of
the best molecules of the last 4 * 5 generations, 42000 generations, or 2068966 evaluations:

Generations |  Evaluations |     Threshold    |  Average energy of best 10%  | Samples | Best Inter + Intra
------------+--------------+------------------+------------------------------+---------+-------------------
          0 |          150 |   -0.70 kcal/mol |   -2.63 +/-    0.51 kcal/mol |       4 |   -3.19 kcal/mol
          5 |       127872 |   -0.70 kcal/mol |   -4.25 +/-    1.51 kcal/mol |     825 |  -10.77 kcal/mol
         10 |       250757 |   -4.22 kcal/mol |   -8.42 +/-    0.97 kcal/mol |      54 |  -11.01 kcal/mol
         15 |       379887 |   -8.15 kcal/mol |  -10.58 +/-    0.29 kcal/mol |       5 |  -11.02 kcal/mol
         20 |       508693 |   -9.70 kcal/mol |  -10.54 +/-    0.21 kcal/mol |       8 |  -11.02 kcal/mol
         25 |       637245 |  -10.15 kcal/mol |  -10.95 +/-    0.13 kcal/mol |       4 |  -11.02 kcal/mol
         30 |       766152 |  -10.45 kcal/mol |  -11.04 +/-    0.27 kcal/mol |       7 |  -11.44 kcal/mol
         35 |       893059 |  -10.47 kcal/mol |  -11.14 +/-    0.16 kcal/mol |       5 |  -11.44 kcal/mol
         40 |      1022310 |  -10.66 kcal/mol |  -11.30 +/-    0.19 kcal/mol |       6 |  -11.44 kcal/mol
         45 |      1149114 |  -10.84 kcal/mol |  -11.09 +/-    0.16 kcal/mol |       8 |  -11.48 kcal/mol
         50 |      1275533 |  -10.79 kcal/mol |  -11.24 +/-    0.17 kcal/mol |       9 |  -11.48 kcal/mol
         55 |      1401627 |  -10.95 kcal/mol |  -11.17 +/-    0.19 kcal/mol |      12 |  -11.48 kcal/mol
         60 |      1525093 |  -10.93 kcal/mol |  -11.40 +/-    0.14 kcal/mol |       7 |  -11.53 kcal/mol
         65 |      1652771 |  -11.09 kcal/mol |  -11.50 +/-    0.10 kcal/mol |       5 |  -11.69 kcal/mol
         70 |      1777856 |  -11.19 kcal/mol |  -11.54 +/-    0.09 kcal/mol |       6 |  -11.69 kcal/mol
         75 |      1901613 |  -11.31 kcal/mol |  -11.51 +/-    0.09 kcal/mol |       5 |  -11.69 kcal/mol
         80 |      2024180 |  -11.23 kcal/mol |  -11.53 +/-    0.08 kcal/mol |       5 |  -11.69 kcal/mol
------------+--------------+------------------+------------------------------+---------+-------------------

                                   Finished evaluation after reaching
                                  -11.52 +/-    0.09 kcal/mol combined.
                             21 samples, best inter + intra   -11.69 kcal/mol.


Shutdown time 0.000684s

Job #1 took 0.969 sec after waiting 4.455 sec for setup

(Thread 0 is processing Job #1)
(Thread 0 is setting up Job #2)

Running Job #2:
    Device: NVIDIA A100-SXM4-40GB
    Grid map file: ./protein.maps.fld
    Ligand file: ./ligand_2_2.pdbqt
    Output file: docking_result_2.dlg (+ xml)
    Using heuristics: (capped) number of evaluations set to 2845257
    Overriding heuristics, setting number of evaluations to --nev = 2500000 instead.
    Local-search chosen method is: ADADELTA (ad)

Rest of Setup time 0.305288s

Executing docking runs, stopping automatically after either reaching 0.15 kcal/mol standard deviation of
the best molecules of the last 4 * 5 generations, 42000 generations, or 2500000 evaluations:

Generations |  Evaluations |     Threshold    |  Average energy of best 10%  | Samples | Best Inter + Intra
------------+--------------+------------------+------------------------------+---------+-------------------
          0 |          150 |   -1.39 kcal/mol |   -2.25 +/-    0.29 kcal/mol |       8 |   -2.90 kcal/mol
          5 |       116472 |   -1.71 kcal/mol |   -5.05 +/-    1.62 kcal/mol |     866 |  -11.54 kcal/mol
         10 |       230417 |   -5.02 kcal/mol |   -9.41 +/-    1.10 kcal/mol |      45 |  -12.24 kcal/mol
         15 |       346300 |   -9.04 kcal/mol |  -11.62 +/-    0.28 kcal/mol |       8 |  -12.25 kcal/mol
         20 |       462189 |  -11.09 kcal/mol |  -12.12 +/-    0.34 kcal/mol |       7 |  -12.63 kcal/mol
         25 |       574754 |  -11.40 kcal/mol |  -12.57 +/-    0.39 kcal/mol |       5 |  -13.02 kcal/mol
         30 |       691746 |  -11.39 kcal/mol |  -12.75 +/-    0.39 kcal/mol |       5 |  -13.19 kcal/mol
         35 |       809033 |  -11.59 kcal/mol |  -12.93 +/-    0.37 kcal/mol |       4 |  -13.19 kcal/mol
         40 |       929752 |  -11.53 kcal/mol |  -13.19 +/-    0.38 kcal/mol |       4 |  -13.72 kcal/mol
         45 |      1051237 |  -11.77 kcal/mol |  -13.16 +/-    0.43 kcal/mol |      10 |  -13.74 kcal/mol
         50 |      1170368 |  -12.51 kcal/mol |  -13.64 +/-    0.17 kcal/mol |       4 |  -13.75 kcal/mol
         55 |      1291652 |  -12.98 kcal/mol |  -13.69 +/-    0.15 kcal/mol |       7 |  -13.80 kcal/mol
         60 |      1409110 |  -13.36 kcal/mol |  -13.78 +/-    0.01 kcal/mol |       4 |  -13.80 kcal/mol
         65 |      1527950 |  -13.22 kcal/mol |  -13.49 +/-    0.24 kcal/mol |       5 |  -13.80 kcal/mol
         70 |      1647806 |  -12.78 kcal/mol |  -13.50 +/-    0.20 kcal/mol |      10 |  -13.83 kcal/mol
         75 |      1767570 |  -13.20 kcal/mol |  -13.79 +/-    0.04 kcal/mol |       6 |  -13.83 kcal/mol
         80 |      1888714 |  -13.42 kcal/mol |  -13.75 +/-    0.06 kcal/mol |       6 |  -13.83 kcal/mol
         85 |      2011474 |  -13.38 kcal/mol |  -13.79 +/-    0.07 kcal/mol |       8 |  -13.84 kcal/mol
         90 |      2131510 |  -13.51 kcal/mol |  -13.80 +/-    0.05 kcal/mol |       6 |  -13.84 kcal/mol
         95 |      2251453 |  -13.43 kcal/mol |  -13.81 +/-    0.04 kcal/mol |       5 |  -13.84 kcal/mol
        100 |      2374936 |  -13.36 kcal/mol |  -13.81 +/-    0.03 kcal/mol |       7 |  -13.84 kcal/mol
------------+--------------+------------------+------------------------------+---------+-------------------

                                   Finished evaluation after reaching
                                  -13.80 +/-    0.05 kcal/mol combined.
                             26 samples, best inter + intra   -13.84 kcal/mol.


Shutdown time 0.000639s

Job #2 took 1.181 sec after waiting 0.029 sec for setup

(Thread 0 is processing Job #2)
(Thread 0 is setting up Job #3)

Running Job #3:
    Device: NVIDIA A100-SXM4-40GB
    Grid map file: ./protein.maps.fld
    Ligand file: ./ligand_3_3.pdbqt
    Output file: docking_result_3.dlg (+ xml)
    Using heuristics: (capped) number of evaluations set to 7266276
    Overriding heuristics, setting number of evaluations to --nev = 2500000 instead.
    Warning: The set number of evals is 13.57% of the uncapped heuristics estimate of 18420020 evals.
             This means this docking may not be able to converge. Increasing --heurmax may improve
             convergence but will also increase runtime.
             AutoStop will not stop before 66.37% (1659273) of the set number of evaluations.
    Local-search chosen method is: ADADELTA (ad)

Rest of Setup time 0.305024s

Executing docking runs, stopping automatically after either reaching 0.15 kcal/mol standard deviation of
the best molecules of the last 4 * 5 generations, 42000 generations, or 2500000 evaluations:

Generations |  Evaluations |     Threshold    |  Average energy of best 10%  | Samples | Best Inter + Intra
------------+--------------+------------------+------------------------------+---------+-------------------
          0 |          150 |  292.95 kcal/mol |  204.33 +/-   29.54 kcal/mol |       5 |  165.71 kcal/mol
          5 |       118593 |  292.95 kcal/mol |    9.32 +/-   25.25 kcal/mol |    1151 |  -10.11 kcal/mol
         10 |       232429 |    9.65 kcal/mol |   -9.96 +/-    0.11 kcal/mol |       4 |  -10.11 kcal/mol
         15 |       347017 |   -9.55 kcal/mol |  -10.37 +/-    0.48 kcal/mol |       8 |  -11.26 kcal/mol
         20 |       462917 |   -9.47 kcal/mol |  -10.90 +/-    0.49 kcal/mol |       4 |  -11.74 kcal/mol
         25 |       577663 |   -9.07 kcal/mol |  -10.58 +/-    0.64 kcal/mol |       7 |  -12.08 kcal/mol
         30 |       690338 |   -9.20 kcal/mol |  -11.20 +/-    0.72 kcal/mol |       5 |  -12.08 kcal/mol
         35 |       798766 |   -9.05 kcal/mol |  -11.04 +/-    0.61 kcal/mol |       8 |  -12.08 kcal/mol
         40 |       906801 |   -9.89 kcal/mol |  -11.46 +/-    0.64 kcal/mol |       4 |  -12.08 kcal/mol
         45 |      1011494 |   -9.05 kcal/mol |  -11.21 +/-    0.55 kcal/mol |       7 |  -12.08 kcal/mol
         50 |      1114138 |  -10.04 kcal/mol |  -11.63 +/-    0.35 kcal/mol |       8 |  -12.08 kcal/mol
         55 |      1214110 |  -10.99 kcal/mol |  -11.81 +/-    0.28 kcal/mol |       4 |  -12.08 kcal/mol
         60 |      1311266 |  -10.78 kcal/mol |  -11.76 +/-    0.27 kcal/mol |       5 |  -12.08 kcal/mol
         65 |      1407123 |  -10.95 kcal/mol |  -11.86 +/-    0.20 kcal/mol |       4 |  -12.08 kcal/mol
         70 |      1498483 |  -11.09 kcal/mol |  -11.80 +/-    0.19 kcal/mol |      10 |  -12.10 kcal/mol
         75 |      1586942 |  -11.51 kcal/mol |  -11.95 +/-    0.08 kcal/mol |       5 |  -12.10 kcal/mol
         80 |      1676672 |  -11.70 kcal/mol |  -11.93 +/-    0.10 kcal/mol |       6 |  -12.10 kcal/mol
         85 |      1764433 |  -11.67 kcal/mol |  -11.94 +/-    0.15 kcal/mol |       6 |  -12.24 kcal/mol
         90 |      1851633 |  -11.57 kcal/mol |  -12.09 +/-    0.13 kcal/mol |       8 |  -12.24 kcal/mol
         95 |      1939577 |  -11.86 kcal/mol |  -13.00 +/-    0.97 kcal/mol |       4 |  -14.39 kcal/mol
        100 |      2027934 |   -9.36 kcal/mol |  -12.35 +/-    0.81 kcal/mol |      11 |  -14.41 kcal/mol
        105 |      2114411 |  -11.24 kcal/mol |  -13.07 +/-    0.93 kcal/mol |       4 |  -14.66 kcal/mol
        110 |      2200924 |   -9.59 kcal/mol |  -12.38 +/-    0.93 kcal/mol |      11 |  -14.66 kcal/mol
        115 |      2284787 |  -11.11 kcal/mol |  -12.94 +/-    1.07 kcal/mol |       4 |  -14.66 kcal/mol
        120 |      2366542 |   -8.93 kcal/mol |  -12.14 +/-    0.94 kcal/mol |      21 |  -15.11 kcal/mol
        125 |      2448888 |  -11.46 kcal/mol |  -13.76 +/-    0.78 kcal/mol |       4 |  -15.11 kcal/mol
        129 |      2513050 |  -10.82 kcal/mol |  -13.83 +/-    0.98 kcal/mol |      12 |  -15.11 kcal/mol
------------+--------------+------------------+------------------------------+---------+-------------------

                                   Finished evaluation after reaching
                       2513050 evaluations. Best inter + intra   -15.11 kcal/mol.


Shutdown time 0.000631s

Job #3 took 1.791 sec after waiting 0.036 sec for setup

(Thread 0 is processing Job #3)
(Thread 0 is setting up Job #4)

Running Job #4:
    Device: NVIDIA A100-SXM4-40GB
    Grid map file: ./protein.maps.fld
    Ligand file: ./ligand_4_4.pdbqt
    Output file: docking_result_4.dlg (+ xml)
    Using heuristics: (capped) number of evaluations set to 2845257
    Overriding heuristics, setting number of evaluations to --nev = 2500000 instead.
    Local-search chosen method is: ADADELTA (ad)

Rest of Setup time 0.304920s

Executing docking runs, stopping automatically after either reaching 0.15 kcal/mol standard deviation of
the best molecules of the last 4 * 5 generations, 42000 generations, or 2500000 evaluations:

Generations |  Evaluations |     Threshold    |  Average energy of best 10%  | Samples | Best Inter + Intra
------------+--------------+------------------+------------------------------+---------+-------------------
          0 |          150 |   -0.16 kcal/mol |   -1.92 +/-    0.48 kcal/mol |      22 |   -3.79 kcal/mol
          5 |       123899 |   -1.59 kcal/mol |   -5.98 +/-    1.77 kcal/mol |     959 |  -13.00 kcal/mol
         10 |       244870 |   -5.96 kcal/mol |  -10.69 +/-    0.93 kcal/mol |      38 |  -13.00 kcal/mol
         15 |       371927 |  -10.33 kcal/mol |  -13.49 +/-    1.08 kcal/mol |       4 |  -15.22 kcal/mol
         20 |       501672 |   -9.42 kcal/mol |  -12.90 +/-    1.27 kcal/mol |      17 |  -15.28 kcal/mol
         25 |       631596 |  -11.78 kcal/mol |  -14.81 +/-    0.73 kcal/mol |       4 |  -15.39 kcal/mol
         30 |       763159 |  -12.06 kcal/mol |  -14.77 +/-    0.61 kcal/mol |      12 |  -16.15 kcal/mol
         35 |       892441 |  -14.01 kcal/mol |  -15.41 +/-    0.53 kcal/mol |       4 |  -16.24 kcal/mol
         40 |      1021858 |  -13.41 kcal/mol |  -15.16 +/-    0.50 kcal/mol |      14 |  -16.24 kcal/mol
         45 |      1152014 |  -14.62 kcal/mol |  -16.10 +/-    0.12 kcal/mol |       4 |  -16.24 kcal/mol
         50 |      1284074 |  -15.65 kcal/mol |  -16.12 +/-    0.18 kcal/mol |       4 |  -16.31 kcal/mol
         55 |      1414737 |  -15.43 kcal/mol |  -16.15 +/-    0.18 kcal/mol |       4 |  -16.32 kcal/mol
         60 |      1543288 |  -15.48 kcal/mol |  -16.10 +/-    0.21 kcal/mol |       5 |  -16.39 kcal/mol
         65 |      1675956 |  -15.46 kcal/mol |  -16.10 +/-    0.40 kcal/mol |       3 |  -16.43 kcal/mol
         70 |      1807270 |  -14.12 kcal/mol |  -16.08 +/-    0.43 kcal/mol |      13 |  -16.55 kcal/mol
         75 |      1937274 |  -15.59 kcal/mol |  -16.43 +/-    0.11 kcal/mol |       6 |  -16.56 kcal/mol
         80 |      2068147 |  -16.16 kcal/mol |  -16.55 +/-    0.06 kcal/mol |       5 |  -16.59 kcal/mol
         85 |      2197427 |  -16.10 kcal/mol |  -16.46 +/-    0.16 kcal/mol |       3 |  -16.59 kcal/mol
         90 |      2328839 |  -15.65 kcal/mol |  -16.40 +/-    0.26 kcal/mol |       4 |  -16.59 kcal/mol
         95 |      2462122 |  -15.44 kcal/mol |  -16.42 +/-    0.28 kcal/mol |       7 |  -16.61 kcal/mol
         97 |      2514226 |  -15.81 kcal/mol |  -16.47 +/-    0.25 kcal/mol |      10 |  -16.61 kcal/mol
------------+--------------+------------------+------------------------------+---------+-------------------

                                   Finished evaluation after reaching
                       2514226 evaluations. Best inter + intra   -16.61 kcal/mol.


Shutdown time 0.000709s

Job #4 took 1.601 sec after waiting 0.057 sec for setup

(Thread 0 is processing Job #4)
Run time of entire job set (4 files): 10.174 sec
Savings from multithreading: -0.000 sec
Idle time of execution thread: 4.630 sec

All jobs (4) ran without errors.
